[ 2013-08-29T11:59:38+08:00 ] 127.0.0.1 /jianliapp/
INFO: [ app_begin ] --START--
INFO: Run ReadHtmlCache Behavior [ RunTime:0.001496s ]
INFO: [ app_begin ] --END-- [ RunTime:0.001597s ]
SQL: SHOW COLUMNS FROM `oa_apps` [ RunTime:0.002051s ]
SQL: SELECT * FROM `oa_apps` WHERE ( `id` = 1 ) LIMIT 1   [ RunTime:0.000235s ]
INFO: [ view_template ] --START--
INFO: Run LocationTemplate Behavior [ RunTime:0.002072s ]
INFO: [ view_template ] --END-- [ RunTime:0.002161s ]
INFO: [ view_parse ] --START--
NOTIC: [8] Undefined variable: UserLis C:\AppServ\www\jianliapp\Home\Runtime\Cache\93e655b369211f5566ad841cbef077ec.php 第 230 行.
INFO: Run ParseTemplate Behavior [ RunTime:0.048832s ]
INFO: [ view_parse ] --END-- [ RunTime:0.048915s ]
INFO: [ view_filter ] --START--
INFO: Run ContentReplace Behavior [ RunTime:0.001582s ]
INFO: Run TokenBuild Behavior [ RunTime:0.001475s ]
INFO: Run WriteHtmlCache Behavior [ RunTime:0.001438s ]
INFO: Run ShowRuntime Behavior [ RunTime:0.001670s ]
INFO: [ view_filter ] --END-- [ RunTime:0.006395s ]
INFO: [ view_end ] --START--
INFO: Run ShowPageTrace Behavior [ RunTime:0.002078s ]
INFO: [ view_end ] --END-- [ RunTime:0.002222s ]

[ 2013-08-29T11:59:54+08:00 ] 127.0.0.1 /jianliapp/?s=/User/userList/type/all
INFO: [ route_check ] --START--
INFO: Run CheckRoute Behavior [ RunTime:0.012427s ]
INFO: [ route_check ] --END-- [ RunTime:0.012529s ]
INFO: [ app_begin ] --START--
INFO: Run ReadHtmlCache Behavior [ RunTime:0.000787s ]
INFO: [ app_begin ] --END-- [ RunTime:0.000848s ]
SQL: SHOW COLUMNS FROM `oa_apps` [ RunTime:0.001353s ]
SQL: SELECT * FROM `oa_apps` WHERE ( `id` = 1 ) LIMIT 1   [ RunTime:0.000195s ]
SQL: SHOW COLUMNS FROM `oa_users` [ RunTime:0.002004s ]
SQL: SELECT * FROM `oa_users` WHERE ( `app_id` = 1 ) AND ( `status` = 0 )  [ RunTime:0.000351s ]
INFO: [ view_template ] --START--
INFO: Run LocationTemplate Behavior [ RunTime:0.001323s ]
INFO: [ view_template ] --END-- [ RunTime:0.001392s ]
INFO: [ view_parse ] --START--
INFO: Run ParseTemplate Behavior [ RunTime:0.045871s ]
INFO: [ view_parse ] --END-- [ RunTime:0.045966s ]
INFO: [ view_filter ] --START--
INFO: Run ContentReplace Behavior [ RunTime:0.000756s ]
INFO: Run TokenBuild Behavior [ RunTime:0.000637s ]
INFO: Run WriteHtmlCache Behavior [ RunTime:0.000543s ]
INFO: Run ShowRuntime Behavior [ RunTime:0.000703s ]
INFO: [ view_filter ] --END-- [ RunTime:0.002793s ]
INFO: [ view_end ] --START--
INFO: Run ShowPageTrace Behavior [ RunTime:0.001455s ]
INFO: [ view_end ] --END-- [ RunTime:0.001580s ]

[ 2013-08-29T11:59:58+08:00 ] 127.0.0.1 /jianliapp/?s=/User/add
INFO: [ route_check ] --START--
INFO: Run CheckRoute Behavior [ RunTime:0.001161s ]
INFO: [ route_check ] --END-- [ RunTime:0.001252s ]
INFO: [ app_begin ] --START--
INFO: Run ReadHtmlCache Behavior [ RunTime:0.000890s ]
INFO: [ app_begin ] --END-- [ RunTime:0.000965s ]
SQL: SHOW COLUMNS FROM `oa_apps` [ RunTime:0.001362s ]
SQL: SELECT * FROM `oa_apps` WHERE ( `id` = 1 ) LIMIT 1   [ RunTime:0.000214s ]
SQL: SHOW COLUMNS FROM `oa_users` [ RunTime:0.001635s ]
INFO: [ view_template ] --START--
INFO: Run LocationTemplate Behavior [ RunTime:0.001650s ]
INFO: [ view_template ] --END-- [ RunTime:0.001714s ]
INFO: [ view_parse ] --START--
NOTIC: [8] Undefined variable: data C:\AppServ\www\jianliapp\Home\Runtime\Cache\0d397d12e7f825966836ae5022f2ef17.php 第 253 行.
INFO: Run ParseTemplate Behavior [ RunTime:0.024340s ]
INFO: [ view_parse ] --END-- [ RunTime:0.024418s ]
INFO: [ view_filter ] --START--
INFO: Run ContentReplace Behavior [ RunTime:0.001282s ]
INFO: Run TokenBuild Behavior [ RunTime:0.000956s ]
INFO: Run WriteHtmlCache Behavior [ RunTime:0.000835s ]
INFO: Run ShowRuntime Behavior [ RunTime:0.001036s ]
INFO: [ view_filter ] --END-- [ RunTime:0.004282s ]
INFO: [ view_end ] --START--
INFO: Run ShowPageTrace Behavior [ RunTime:0.002415s ]
INFO: [ view_end ] --END-- [ RunTime:0.002505s ]

[ 2013-08-29T11:59:59+08:00 ] 127.0.0.1 /jianliapp/?s=/App/index
INFO: [ route_check ] --START--
INFO: Run CheckRoute Behavior [ RunTime:0.000900s ]
INFO: [ route_check ] --END-- [ RunTime:0.000995s ]
INFO: [ app_begin ] --START--
INFO: Run ReadHtmlCache Behavior [ RunTime:0.000625s ]
INFO: [ app_begin ] --END-- [ RunTime:0.000688s ]
SQL: SHOW COLUMNS FROM `oa_apps` [ RunTime:0.001651s ]
SQL: SELECT * FROM `oa_apps` WHERE ( `id` = 1 ) LIMIT 1   [ RunTime:0.000350s ]
SQL: SHOW COLUMNS FROM `oa_area` [ RunTime:0.002073s ]
ERR: Table 'jianliapp.oa_area' doesn't exist
 [ SQL语句 ] : SHOW COLUMNS FROM `oa_area`
SQL: SHOW COLUMNS FROM `oa_subcompanys` [ RunTime:0.002057s ]
SQL: SELECT * FROM `oa_subcompanys` WHERE ( `appid` = 1 ) AND ( `status` = 0 ) ORDER BY id ASC  [ RunTime:0.000209s ]
NOTIC: [2] Invalid argument supplied for foreach() C:\AppServ\www\jianliapp\Home\Lib\Action\AppAction.class.php 第 35 行.
INFO: [ view_template ] --START--
INFO: Run LocationTemplate Behavior [ RunTime:0.001751s ]
INFO: [ view_template ] --END-- [ RunTime:0.001825s ]
INFO: [ view_parse ] --START--
INFO: Run ParseTemplate Behavior [ RunTime:0.031071s ]
INFO: [ view_parse ] --END-- [ RunTime:0.031174s ]
INFO: [ view_filter ] --START--
INFO: Run ContentReplace Behavior [ RunTime:0.000911s ]
INFO: Run TokenBuild Behavior [ RunTime:0.000946s ]
INFO: Run WriteHtmlCache Behavior [ RunTime:0.000684s ]
INFO: Run ShowRuntime Behavior [ RunTime:0.001006s ]
INFO: [ view_filter ] --END-- [ RunTime:0.003710s ]
INFO: [ view_end ] --START--
INFO: Run ShowPageTrace Behavior [ RunTime:0.001157s ]
INFO: [ view_end ] --END-- [ RunTime:0.001233s ]

[ 2013-08-29T12:00:00+08:00 ] 127.0.0.1 /jianliapp/?s=/User/userList/type/designer
INFO: [ route_check ] --START--
INFO: Run CheckRoute Behavior [ RunTime:0.001088s ]
INFO: [ route_check ] --END-- [ RunTime:0.001173s ]
INFO: [ app_begin ] --START--
INFO: Run ReadHtmlCache Behavior [ RunTime:0.000762s ]
INFO: [ app_begin ] --END-- [ RunTime:0.000822s ]
SQL: SHOW COLUMNS FROM `oa_apps` [ RunTime:0.001349s ]
SQL: SELECT * FROM `oa_apps` WHERE ( `id` = 1 ) LIMIT 1   [ RunTime:0.000209s ]
SQL: SHOW COLUMNS FROM `oa_users` [ RunTime:0.001426s ]
SQL: SELECT * FROM `oa_users` WHERE ( `app_id` = 1 ) AND ( `status` = 0 ) AND ( `type` = 1 )  [ RunTime:0.000209s ]
INFO: [ view_template ] --START--
INFO: Run LocationTemplate Behavior [ RunTime:0.001505s ]
INFO: [ view_template ] --END-- [ RunTime:0.001577s ]
INFO: [ view_parse ] --START--
INFO: Run ParseTemplate Behavior [ RunTime:0.025170s ]
INFO: [ view_parse ] --END-- [ RunTime:0.025272s ]
INFO: [ view_filter ] --START--
INFO: Run ContentReplace Behavior [ RunTime:0.001075s ]
INFO: Run TokenBuild Behavior [ RunTime:0.000632s ]
INFO: Run WriteHtmlCache Behavior [ RunTime:0.000833s ]
INFO: Run ShowRuntime Behavior [ RunTime:0.000991s ]
INFO: [ view_filter ] --END-- [ RunTime:0.003699s ]
INFO: [ view_end ] --START--
INFO: Run ShowPageTrace Behavior [ RunTime:0.002295s ]
INFO: [ view_end ] --END-- [ RunTime:0.002403s ]

[ 2013-08-29T12:00:01+08:00 ] 127.0.0.1 /jianliapp/?s=/Case/show
INFO: [ route_check ] --START--
INFO: Run CheckRoute Behavior [ RunTime:0.001524s ]
INFO: [ route_check ] --END-- [ RunTime:0.001664s ]
INFO: [ app_begin ] --START--
INFO: Run ReadHtmlCache Behavior [ RunTime:0.001060s ]
INFO: [ app_begin ] --END-- [ RunTime:0.001162s ]
SQL: SHOW COLUMNS FROM `oa_apps` [ RunTime:0.001405s ]
SQL: SELECT * FROM `oa_apps` WHERE ( `id` = 1 ) LIMIT 1   [ RunTime:0.000211s ]
SQL: SHOW COLUMNS FROM `oa_case` [ RunTime:0.001806s ]
NOTIC: [8] Trying to get property of non-object C:\AppServ\www\jianliapp\Home\Lib\Action\CaseAction.class.php 第 43 行.
SQL: SELECT * FROM `oa_case` WHERE ( `app_id` = null ) AND ( `status` = 0 )  [ RunTime:0.000225s ]
NOTIC: [2] Invalid argument supplied for foreach() C:\AppServ\www\jianliapp\Home\Common\common.php 第 130 行.
INFO: [ view_template ] --START--
INFO: Run LocationTemplate Behavior [ RunTime:0.001662s ]
INFO: [ view_template ] --END-- [ RunTime:0.001723s ]
INFO: [ view_parse ] --START--
INFO: Run ParseTemplate Behavior [ RunTime:0.024436s ]
INFO: [ view_parse ] --END-- [ RunTime:0.024532s ]
INFO: [ view_filter ] --START--
INFO: Run ContentReplace Behavior [ RunTime:0.000888s ]
INFO: Run TokenBuild Behavior [ RunTime:0.000935s ]
INFO: Run WriteHtmlCache Behavior [ RunTime:0.000681s ]
INFO: Run ShowRuntime Behavior [ RunTime:0.000993s ]
INFO: [ view_filter ] --END-- [ RunTime:0.003655s ]
INFO: [ view_end ] --START--
INFO: Run ShowPageTrace Behavior [ RunTime:0.002314s ]
INFO: [ view_end ] --END-- [ RunTime:0.002425s ]

[ 2013-08-29T12:00:02+08:00 ] 127.0.0.1 /jianliapp/?s=/Active/index
INFO: [ route_check ] --START--
INFO: Run CheckRoute Behavior [ RunTime:0.001399s ]
INFO: [ route_check ] --END-- [ RunTime:0.001519s ]
INFO: [ app_begin ] --START--
INFO: Run ReadHtmlCache Behavior [ RunTime:0.000680s ]
INFO: [ app_begin ] --END-- [ RunTime:0.000762s ]
SQL: SHOW COLUMNS FROM `oa_apps` [ RunTime:0.001423s ]
SQL: SELECT * FROM `oa_apps` WHERE ( `id` = 1 ) LIMIT 1   [ RunTime:0.000195s ]
SQL: SHOW COLUMNS FROM `oa_active` [ RunTime:0.001880s ]
SQL: SELECT * FROM `oa_active` WHERE ( `app_id` = 1 ) AND ( `status` = 0 )  [ RunTime:0.000237s ]
INFO: [ view_template ] --START--
INFO: Run LocationTemplate Behavior [ RunTime:0.001684s ]
INFO: [ view_template ] --END-- [ RunTime:0.001746s ]
INFO: [ view_parse ] --START--
INFO: Run ParseTemplate Behavior [ RunTime:0.021375s ]
INFO: [ view_parse ] --END-- [ RunTime:0.021457s ]
INFO: [ view_filter ] --START--
INFO: Run ContentReplace Behavior [ RunTime:0.001078s ]
INFO: Run TokenBuild Behavior [ RunTime:0.000487s ]
INFO: Run WriteHtmlCache Behavior [ RunTime:0.000687s ]
INFO: Run ShowRuntime Behavior [ RunTime:0.000997s ]
INFO: [ view_filter ] --END-- [ RunTime:0.003416s ]
INFO: [ view_end ] --START--
INFO: Run ShowPageTrace Behavior [ RunTime:0.002329s ]
INFO: [ view_end ] --END-- [ RunTime:0.002461s ]

[ 2013-08-29T12:00:04+08:00 ] 127.0.0.1 /jianliapp/?s=/Project/index
INFO: [ route_check ] --START--
INFO: Run CheckRoute Behavior [ RunTime:0.000920s ]
INFO: [ route_check ] --END-- [ RunTime:0.001005s ]
INFO: [ app_begin ] --START--
INFO: Run ReadHtmlCache Behavior [ RunTime:0.000694s ]
INFO: [ app_begin ] --END-- [ RunTime:0.000768s ]
SQL: SHOW COLUMNS FROM `oa_apps` [ RunTime:0.001652s ]
SQL: SELECT * FROM `oa_apps` WHERE ( `id` = 1 ) LIMIT 1   [ RunTime:0.000190s ]
SQL: SHOW COLUMNS FROM `oa_project` [ RunTime:0.002388s ]
SQL: SELECT COUNT(*) AS tp_count FROM `oa_project` WHERE ( `status` = 0 ) LIMIT 1   [ RunTime:0.000209s ]
SQL: SELECT * FROM `oa_project` WHERE ( `status` = 0 ) LIMIT 0,10   [ RunTime:0.000162s ]
NOTIC: [2] Invalid argument supplied for foreach() C:\AppServ\www\jianliapp\Home\Lib\Model\BaseModel.class.php 第 48 行.
INFO: [ view_template ] --START--
INFO: Run LocationTemplate Behavior [ RunTime:0.001837s ]
INFO: [ view_template ] --END-- [ RunTime:0.001902s ]
INFO: [ view_parse ] --START--
INFO: Run ParseTemplate Behavior [ RunTime:0.021199s ]
INFO: [ view_parse ] --END-- [ RunTime:0.021302s ]
INFO: [ view_filter ] --START--
INFO: Run ContentReplace Behavior [ RunTime:0.000905s ]
INFO: Run TokenBuild Behavior [ RunTime:0.000961s ]
INFO: Run WriteHtmlCache Behavior [ RunTime:0.000710s ]
INFO: Run ShowRuntime Behavior [ RunTime:0.001030s ]
INFO: [ view_filter ] --END-- [ RunTime:0.003772s ]
INFO: [ view_end ] --START--
INFO: Run ShowPageTrace Behavior [ RunTime:0.002582s ]
INFO: [ view_end ] --END-- [ RunTime:0.002667s ]

[ 2013-08-29T12:00:05+08:00 ] 127.0.0.1 /jianliapp/?s=/User/userList/type/amaldar
INFO: [ route_check ] --START--
INFO: Run CheckRoute Behavior [ RunTime:0.000841s ]
INFO: [ route_check ] --END-- [ RunTime:0.000922s ]
INFO: [ app_begin ] --START--
INFO: Run ReadHtmlCache Behavior [ RunTime:0.000594s ]
INFO: [ app_begin ] --END-- [ RunTime:0.000653s ]
SQL: SHOW COLUMNS FROM `oa_apps` [ RunTime:0.001400s ]
SQL: SELECT * FROM `oa_apps` WHERE ( `id` = 1 ) LIMIT 1   [ RunTime:0.000213s ]
SQL: SHOW COLUMNS FROM `oa_users` [ RunTime:0.001378s ]
SQL: SELECT * FROM `oa_users` WHERE ( `app_id` = 1 ) AND ( `status` = 0 ) AND ( `type` = 3 )  [ RunTime:0.000226s ]
INFO: [ view_template ] --START--
INFO: Run LocationTemplate Behavior [ RunTime:0.001771s ]
INFO: [ view_template ] --END-- [ RunTime:0.001846s ]
INFO: [ view_parse ] --START--
INFO: Run ParseTemplate Behavior [ RunTime:0.020399s ]
INFO: [ view_parse ] --END-- [ RunTime:0.020498s ]
INFO: [ view_filter ] --START--
INFO: Run ContentReplace Behavior [ RunTime:0.001140s ]
INFO: Run TokenBuild Behavior [ RunTime:0.000488s ]
INFO: Run WriteHtmlCache Behavior [ RunTime:0.000687s ]
INFO: Run ShowRuntime Behavior [ RunTime:0.001022s ]
INFO: [ view_filter ] --END-- [ RunTime:0.003500s ]
INFO: [ view_end ] --START--
INFO: Run ShowPageTrace Behavior [ RunTime:0.001426s ]
INFO: [ view_end ] --END-- [ RunTime:0.001514s ]

[ 2013-08-29T12:00:10+08:00 ] 127.0.0.1 /jianliapp/?s=/User/userList/type/all
INFO: [ route_check ] --START--
INFO: Run CheckRoute Behavior [ RunTime:0.000885s ]
INFO: [ route_check ] --END-- [ RunTime:0.000975s ]
INFO: [ app_begin ] --START--
INFO: Run ReadHtmlCache Behavior [ RunTime:0.000616s ]
INFO: [ app_begin ] --END-- [ RunTime:0.000680s ]
SQL: SHOW COLUMNS FROM `oa_apps` [ RunTime:0.001437s ]
SQL: SELECT * FROM `oa_apps` WHERE ( `id` = 1 ) LIMIT 1   [ RunTime:0.000204s ]
SQL: SHOW COLUMNS FROM `oa_users` [ RunTime:0.001465s ]
SQL: SELECT * FROM `oa_users` WHERE ( `app_id` = 1 ) AND ( `status` = 0 )  [ RunTime:0.000258s ]
INFO: [ view_template ] --START--
INFO: Run LocationTemplate Behavior [ RunTime:0.001528s ]
INFO: [ view_template ] --END-- [ RunTime:0.001591s ]
INFO: [ view_parse ] --START--
INFO: Run ParseTemplate Behavior [ RunTime:0.020072s ]
INFO: [ view_parse ] --END-- [ RunTime:0.020162s ]
INFO: [ view_filter ] --START--
INFO: Run ContentReplace Behavior [ RunTime:0.000925s ]
INFO: Run TokenBuild Behavior [ RunTime:0.000938s ]
INFO: Run WriteHtmlCache Behavior [ RunTime:0.000681s ]
INFO: Run ShowRuntime Behavior [ RunTime:0.000994s ]
INFO: [ view_filter ] --END-- [ RunTime:0.003696s ]
INFO: [ view_end ] --START--
INFO: Run ShowPageTrace Behavior [ RunTime:0.003046s ]
INFO: [ view_end ] --END-- [ RunTime:0.003167s ]

[ 2013-08-29T12:00:16+08:00 ] ERR: (ThinkException) 无法加载模块:Personal
[ 2013-08-29T12:03:56+08:00 ] 127.0.0.1 /jianliapp/
INFO: [ app_begin ] --START--
INFO: Run ReadHtmlCache Behavior [ RunTime:0.001901s ]
INFO: [ app_begin ] --END-- [ RunTime:0.002104s ]
SQL: SHOW COLUMNS FROM `oa_apps` [ RunTime:0.002645s ]
SQL: SELECT * FROM `oa_apps` WHERE ( `id` = 1 ) LIMIT 1   [ RunTime:0.000322s ]
INFO: [ view_template ] --START--
INFO: Run LocationTemplate Behavior [ RunTime:0.003164s ]
INFO: [ view_template ] --END-- [ RunTime:0.003363s ]
INFO: [ view_parse ] --START--
NOTIC: [8] Undefined variable: UserLis C:\AppServ\www\jianliapp\Home\Runtime\Cache\93e655b369211f5566ad841cbef077ec.php 第 230 行.
INFO: Run ParseTemplate Behavior [ RunTime:0.038941s ]
INFO: [ view_parse ] --END-- [ RunTime:0.039043s ]
INFO: [ view_filter ] --START--
INFO: Run ContentReplace Behavior [ RunTime:0.001050s ]
INFO: Run TokenBuild Behavior [ RunTime:0.000652s ]
INFO: Run WriteHtmlCache Behavior [ RunTime:0.000936s ]
INFO: Run ShowRuntime Behavior [ RunTime:0.001053s ]
INFO: [ view_filter ] --END-- [ RunTime:0.003855s ]
INFO: [ view_end ] --START--
INFO: Run ShowPageTrace Behavior [ RunTime:0.002465s ]
INFO: [ view_end ] --END-- [ RunTime:0.002574s ]

[ 2013-08-29T12:04:04+08:00 ] 127.0.0.1 /jianliapp/?s=/User/userList/type/all
INFO: [ route_check ] --START--
INFO: Run CheckRoute Behavior [ RunTime:0.001323s ]
INFO: [ route_check ] --END-- [ RunTime:0.001406s ]
INFO: [ app_begin ] --START--
INFO: Run ReadHtmlCache Behavior [ RunTime:0.000765s ]
INFO: [ app_begin ] --END-- [ RunTime:0.000826s ]
SQL: SHOW COLUMNS FROM `oa_apps` [ RunTime:0.001309s ]
SQL: SELECT * FROM `oa_apps` WHERE ( `id` = 1 ) LIMIT 1   [ RunTime:0.000779s ]
SQL: SHOW COLUMNS FROM `oa_users` [ RunTime:0.001559s ]
SQL: SELECT * FROM `oa_users` WHERE ( `app_id` = 1 ) AND ( `status` = 0 )  [ RunTime:0.000381s ]
INFO: [ view_template ] --START--
INFO: Run LocationTemplate Behavior [ RunTime:0.001542s ]
INFO: [ view_template ] --END-- [ RunTime:0.001615s ]
INFO: [ view_parse ] --START--
INFO: Run ParseTemplate Behavior [ RunTime:0.021507s ]
INFO: [ view_parse ] --END-- [ RunTime:0.021599s ]
INFO: [ view_filter ] --START--
INFO: Run ContentReplace Behavior [ RunTime:0.001043s ]
INFO: Run TokenBuild Behavior [ RunTime:0.000633s ]
INFO: Run WriteHtmlCache Behavior [ RunTime:0.000831s ]
INFO: Run ShowRuntime Behavior [ RunTime:0.000994s ]
INFO: [ view_filter ] --END-- [ RunTime:0.003659s ]
INFO: [ view_end ] --START--
INFO: Run ShowPageTrace Behavior [ RunTime:0.001334s ]
INFO: [ view_end ] --END-- [ RunTime:0.001459s ]

[ 2013-08-29T12:04:11+08:00 ] 127.0.0.1 /jianliapp/
INFO: [ app_begin ] --START--
INFO: Run ReadHtmlCache Behavior [ RunTime:0.000760s ]
INFO: [ app_begin ] --END-- [ RunTime:0.000836s ]
SQL: SHOW COLUMNS FROM `oa_apps` [ RunTime:0.001428s ]
SQL: SELECT * FROM `oa_apps` WHERE ( `id` = 1 ) LIMIT 1   [ RunTime:0.000168s ]
INFO: [ view_template ] --START--
INFO: Run LocationTemplate Behavior [ RunTime:0.001396s ]
INFO: [ view_template ] --END-- [ RunTime:0.001460s ]
INFO: [ view_parse ] --START--
NOTIC: [8] Undefined variable: UserLis C:\AppServ\www\jianliapp\Home\Runtime\Cache\93e655b369211f5566ad841cbef077ec.php 第 230 行.
INFO: Run ParseTemplate Behavior [ RunTime:0.021897s ]
INFO: [ view_parse ] --END-- [ RunTime:0.021967s ]
INFO: [ view_filter ] --START--
INFO: Run ContentReplace Behavior [ RunTime:0.001020s ]
INFO: Run TokenBuild Behavior [ RunTime:0.000623s ]
INFO: Run WriteHtmlCache Behavior [ RunTime:0.000823s ]
INFO: Run ShowRuntime Behavior [ RunTime:0.000995s ]
INFO: [ view_filter ] --END-- [ RunTime:0.003627s ]
INFO: [ view_end ] --START--
INFO: Run ShowPageTrace Behavior [ RunTime:0.002400s ]
INFO: [ view_end ] --END-- [ RunTime:0.002511s ]

[ 2013-08-29T12:06:26+08:00 ] 127.0.0.1 /jianliapp/?s=/User/userList/type/all
INFO: [ route_check ] --START--
INFO: Run CheckRoute Behavior [ RunTime:0.001296s ]
INFO: [ route_check ] --END-- [ RunTime:0.001378s ]
INFO: [ app_begin ] --START--
INFO: Run ReadHtmlCache Behavior [ RunTime:0.000751s ]
INFO: [ app_begin ] --END-- [ RunTime:0.000810s ]
SQL: SHOW COLUMNS FROM `oa_apps` [ RunTime:0.001392s ]
SQL: SELECT * FROM `oa_apps` WHERE ( `id` = 1 ) LIMIT 1   [ RunTime:0.000198s ]
SQL: SHOW COLUMNS FROM `oa_users` [ RunTime:0.001374s ]
SQL: SELECT * FROM `oa_users` WHERE ( `app_id` = 1 ) AND ( `status` = 0 )  [ RunTime:0.000278s ]
INFO: [ view_template ] --START--
INFO: Run LocationTemplate Behavior [ RunTime:0.001578s ]
INFO: [ view_template ] --END-- [ RunTime:0.001652s ]
INFO: [ view_parse ] --START--
INFO: Run ParseTemplate Behavior [ RunTime:0.021053s ]
INFO: [ view_parse ] --END-- [ RunTime:0.021141s ]
INFO: [ view_filter ] --START--
INFO: Run ContentReplace Behavior [ RunTime:0.001037s ]
INFO: Run TokenBuild Behavior [ RunTime:0.000641s ]
INFO: Run WriteHtmlCache Behavior [ RunTime:0.000854s ]
INFO: Run ShowRuntime Behavior [ RunTime:0.001000s ]
INFO: [ view_filter ] --END-- [ RunTime:0.003695s ]
INFO: [ view_end ] --START--
INFO: Run ShowPageTrace Behavior [ RunTime:0.001490s ]
INFO: [ view_end ] --END-- [ RunTime:0.001576s ]

[ 2013-08-29T13:55:29+08:00 ] 127.0.0.1 /jianliapp/?s=/User/userList/type/all
INFO: [ route_check ] --START--
INFO: Run CheckRoute Behavior [ RunTime:0.001358s ]
INFO: [ route_check ] --END-- [ RunTime:0.001440s ]
INFO: [ app_begin ] --START--
INFO: Run ReadHtmlCache Behavior [ RunTime:0.000777s ]
INFO: [ app_begin ] --END-- [ RunTime:0.000836s ]
SQL: SHOW COLUMNS FROM `oa_apps` [ RunTime:0.001842s ]
SQL: SELECT * FROM `oa_apps` WHERE ( `id` = 1 ) LIMIT 1   [ RunTime:0.000200s ]
SQL: SHOW COLUMNS FROM `oa_users` [ RunTime:0.002083s ]
SQL: SELECT * FROM `oa_users` WHERE ( `app_id` = 1 ) AND ( `status` = 0 )  [ RunTime:0.000264s ]
INFO: [ view_template ] --START--
INFO: Run LocationTemplate Behavior [ RunTime:0.001641s ]
INFO: [ view_template ] --END-- [ RunTime:0.001706s ]
INFO: [ view_parse ] --START--
INFO: Run ParseTemplate Behavior [ RunTime:0.021249s ]
INFO: [ view_parse ] --END-- [ RunTime:0.021338s ]
INFO: [ view_filter ] --START--
INFO: Run ContentReplace Behavior [ RunTime:0.001074s ]
INFO: Run TokenBuild Behavior [ RunTime:0.000662s ]
INFO: Run WriteHtmlCache Behavior [ RunTime:0.000847s ]
INFO: Run ShowRuntime Behavior [ RunTime:0.001012s ]
INFO: [ view_filter ] --END-- [ RunTime:0.003754s ]
INFO: [ view_end ] --START--
INFO: Run ShowPageTrace Behavior [ RunTime:0.001343s ]
INFO: [ view_end ] --END-- [ RunTime:0.001427s ]

[ 2013-08-29T13:55:31+08:00 ] 127.0.0.1 /jianliapp/?s=/User/add
INFO: [ route_check ] --START--
INFO: Run CheckRoute Behavior [ RunTime:0.001018s ]
INFO: [ route_check ] --END-- [ RunTime:0.001100s ]
INFO: [ app_begin ] --START--
INFO: Run ReadHtmlCache Behavior [ RunTime:0.000776s ]
INFO: [ app_begin ] --END-- [ RunTime:0.000836s ]
SQL: SHOW COLUMNS FROM `oa_apps` [ RunTime:0.001438s ]
SQL: SELECT * FROM `oa_apps` WHERE ( `id` = 1 ) LIMIT 1   [ RunTime:0.000151s ]
SQL: SHOW COLUMNS FROM `oa_users` [ RunTime:0.001427s ]
INFO: [ view_template ] --START--
INFO: Run LocationTemplate Behavior [ RunTime:0.001116s ]
INFO: [ view_template ] --END-- [ RunTime:0.001181s ]
INFO: [ view_parse ] --START--
NOTIC: [8] Undefined variable: data C:\AppServ\www\jianliapp\Home\Runtime\Cache\0d397d12e7f825966836ae5022f2ef17.php 第 253 行.
INFO: Run ParseTemplate Behavior [ RunTime:0.018642s ]
INFO: [ view_parse ] --END-- [ RunTime:0.018743s ]
INFO: [ view_filter ] --START--
INFO: Run ContentReplace Behavior [ RunTime:0.000723s ]
INFO: Run TokenBuild Behavior [ RunTime:0.000628s ]
INFO: Run WriteHtmlCache Behavior [ RunTime:0.000528s ]
INFO: Run ShowRuntime Behavior [ RunTime:0.000725s ]
INFO: [ view_filter ] --END-- [ RunTime:0.002766s ]
INFO: [ view_end ] --START--
INFO: Run ShowPageTrace Behavior [ RunTime:0.001603s ]
INFO: [ view_end ] --END-- [ RunTime:0.001723s ]

[ 2013-08-29T13:56:24+08:00 ] 127.0.0.1 /jianliapp/?s=/User/userList/type/all
INFO: [ route_check ] --START--
INFO: Run CheckRoute Behavior [ RunTime:0.001101s ]
INFO: [ route_check ] --END-- [ RunTime:0.001195s ]
INFO: [ app_begin ] --START--
INFO: Run ReadHtmlCache Behavior [ RunTime:0.000843s ]
INFO: [ app_begin ] --END-- [ RunTime:0.000915s ]
SQL: SHOW COLUMNS FROM `oa_apps` [ RunTime:0.001475s ]
SQL: SELECT * FROM `oa_apps` WHERE ( `id` = 1 ) LIMIT 1   [ RunTime:0.000159s ]
SQL: SHOW COLUMNS FROM `oa_users` [ RunTime:0.001375s ]
SQL: SELECT * FROM `oa_users` WHERE ( `app_id` = 1 ) AND ( `status` = 0 )  [ RunTime:0.000241s ]
INFO: [ view_template ] --START--
INFO: Run LocationTemplate Behavior [ RunTime:0.001592s ]
INFO: [ view_template ] --END-- [ RunTime:0.001669s ]
INFO: [ view_parse ] --START--
INFO: Run ParseTemplate Behavior [ RunTime:0.021103s ]
INFO: [ view_parse ] --END-- [ RunTime:0.021195s ]
INFO: [ view_filter ] --START--
INFO: Run ContentReplace Behavior [ RunTime:0.001055s ]
INFO: Run TokenBuild Behavior [ RunTime:0.000985s ]
INFO: Run WriteHtmlCache Behavior [ RunTime:0.000837s ]
INFO: Run ShowRuntime Behavior [ RunTime:0.001019s ]
INFO: [ view_filter ] --END-- [ RunTime:0.004060s ]
INFO: [ view_end ] --START--
INFO: Run ShowPageTrace Behavior [ RunTime:0.001565s ]
INFO: [ view_end ] --END-- [ RunTime:0.001685s ]

[ 2013-08-29T14:06:39+08:00 ] 127.0.0.1 /jianliapp/?s=/User/add
INFO: [ route_check ] --START--
INFO: Run CheckRoute Behavior [ RunTime:0.001131s ]
INFO: [ route_check ] --END-- [ RunTime:0.001222s ]
INFO: [ app_begin ] --START--
INFO: Run ReadHtmlCache Behavior [ RunTime:0.000842s ]
INFO: [ app_begin ] --END-- [ RunTime:0.000906s ]
SQL: SHOW COLUMNS FROM `oa_apps` [ RunTime:0.001380s ]
SQL: SELECT * FROM `oa_apps` WHERE ( `id` = 1 ) LIMIT 1   [ RunTime:0.000185s ]
SQL: SHOW COLUMNS FROM `oa_users` [ RunTime:0.001400s ]
INFO: [ view_template ] --START--
INFO: Run LocationTemplate Behavior [ RunTime:0.001643s ]
INFO: [ view_template ] --END-- [ RunTime:0.001708s ]
INFO: [ view_parse ] --START--
NOTIC: [8] Undefined variable: data C:\AppServ\www\jianliapp\Home\Runtime\Cache\0d397d12e7f825966836ae5022f2ef17.php 第 253 行.
INFO: Run ParseTemplate Behavior [ RunTime:0.020429s ]
INFO: [ view_parse ] --END-- [ RunTime:0.020508s ]
INFO: [ view_filter ] --START--
INFO: Run ContentReplace Behavior [ RunTime:0.001135s ]
INFO: Run TokenBuild Behavior [ RunTime:0.001012s ]
INFO: Run WriteHtmlCache Behavior [ RunTime:0.000869s ]
INFO: Run ShowRuntime Behavior [ RunTime:0.001043s ]
INFO: [ view_filter ] --END-- [ RunTime:0.004233s ]
INFO: [ view_end ] --START--
INFO: Run ShowPageTrace Behavior [ RunTime:0.002523s ]
INFO: [ view_end ] --END-- [ RunTime:0.002638s ]

[ 2013-08-29T14:06:40+08:00 ] 127.0.0.1 /jianliapp/?s=/User/userList/type/all
INFO: [ route_check ] --START--
INFO: Run CheckRoute Behavior [ RunTime:0.001028s ]
INFO: [ route_check ] --END-- [ RunTime:0.001112s ]
INFO: [ app_begin ] --START--
INFO: Run ReadHtmlCache Behavior [ RunTime:0.000774s ]
INFO: [ app_begin ] --END-- [ RunTime:0.000836s ]
SQL: SHOW COLUMNS FROM `oa_apps` [ RunTime:0.001486s ]
SQL: SELECT * FROM `oa_apps` WHERE ( `id` = 1 ) LIMIT 1   [ RunTime:0.000160s ]
SQL: SHOW COLUMNS FROM `oa_users` [ RunTime:0.001358s ]
SQL: SELECT * FROM `oa_users` WHERE ( `app_id` = 1 ) AND ( `status` = 0 )  [ RunTime:0.000232s ]
INFO: [ view_template ] --START--
INFO: Run LocationTemplate Behavior [ RunTime:0.001134s ]
INFO: [ view_template ] --END-- [ RunTime:0.001199s ]
INFO: [ view_parse ] --START--
INFO: Run ParseTemplate Behavior [ RunTime:0.019891s ]
INFO: [ view_parse ] --END-- [ RunTime:0.019983s ]
INFO: [ view_filter ] --START--
INFO: Run ContentReplace Behavior [ RunTime:0.000746s ]
INFO: Run TokenBuild Behavior [ RunTime:0.000637s ]
INFO: Run WriteHtmlCache Behavior [ RunTime:0.000550s ]
INFO: Run ShowRuntime Behavior [ RunTime:0.000759s ]
INFO: [ view_filter ] --END-- [ RunTime:0.002852s ]
INFO: [ view_end ] --START--
INFO: Run ShowPageTrace Behavior [ RunTime:0.000845s ]
INFO: [ view_end ] --END-- [ RunTime:0.000927s ]

[ 2013-08-29T14:07:00+08:00 ] 127.0.0.1 /jianliapp/?s=/User/userList/type/all
INFO: [ route_check ] --START--
INFO: Run CheckRoute Behavior [ RunTime:0.001400s ]
INFO: [ route_check ] --END-- [ RunTime:0.001483s ]
INFO: [ app_begin ] --START--
INFO: Run ReadHtmlCache Behavior [ RunTime:0.000859s ]
INFO: [ app_begin ] --END-- [ RunTime:0.000929s ]
SQL: SHOW COLUMNS FROM `oa_apps` [ RunTime:0.001391s ]
SQL: SELECT * FROM `oa_apps` WHERE ( `id` = 1 ) LIMIT 1   [ RunTime:0.000352s ]
SQL: SHOW COLUMNS FROM `oa_users` [ RunTime:0.001537s ]
SQL: SELECT * FROM `oa_users` WHERE ( `app_id` = 1 ) AND ( `status` = 0 )  [ RunTime:0.000361s ]
INFO: [ view_template ] --START--
INFO: Run LocationTemplate Behavior [ RunTime:0.001536s ]
INFO: [ view_template ] --END-- [ RunTime:0.001600s ]
INFO: [ view_parse ] --START--
INFO: Run ParseTemplate Behavior [ RunTime:0.020795s ]
INFO: [ view_parse ] --END-- [ RunTime:0.020886s ]
INFO: [ view_filter ] --START--
INFO: Run ContentReplace Behavior [ RunTime:0.001039s ]
INFO: Run TokenBuild Behavior [ RunTime:0.000658s ]
INFO: Run WriteHtmlCache Behavior [ RunTime:0.000821s ]
INFO: Run ShowRuntime Behavior [ RunTime:0.000987s ]
INFO: [ view_filter ] --END-- [ RunTime:0.003675s ]
INFO: [ view_end ] --START--
INFO: Run ShowPageTrace Behavior [ RunTime:0.003840s ]
INFO: [ view_end ] --END-- [ RunTime:0.003926s ]

[ 2013-08-29T14:07:24+08:00 ] 127.0.0.1 /jianliapp/?s=/App/index
INFO: [ route_check ] --START--
INFO: Run CheckRoute Behavior [ RunTime:0.000698s ]
INFO: [ route_check ] --END-- [ RunTime:0.000785s ]
INFO: [ app_begin ] --START--
INFO: Run ReadHtmlCache Behavior [ RunTime:0.000450s ]
INFO: [ app_begin ] --END-- [ RunTime:0.000520s ]
SQL: SHOW COLUMNS FROM `oa_apps` [ RunTime:0.001480s ]
SQL: SELECT * FROM `oa_apps` WHERE ( `id` = 1 ) LIMIT 1   [ RunTime:0.000278s ]
SQL: SHOW COLUMNS FROM `oa_area` [ RunTime:0.001656s ]
ERR: Table 'jianliapp.oa_area' doesn't exist
 [ SQL语句 ] : SHOW COLUMNS FROM `oa_area`
SQL: SHOW COLUMNS FROM `oa_subcompanys` [ RunTime:0.001953s ]
SQL: SELECT * FROM `oa_subcompanys` WHERE ( `appid` = 1 ) AND ( `status` = 0 ) ORDER BY id ASC  [ RunTime:0.000198s ]
NOTIC: [2] Invalid argument supplied for foreach() C:\AppServ\www\jianliapp\Home\Lib\Action\AppAction.class.php 第 35 行.
INFO: [ view_template ] --START--
INFO: Run LocationTemplate Behavior [ RunTime:0.000890s ]
INFO: [ view_template ] --END-- [ RunTime:0.000951s ]
INFO: [ view_parse ] --START--
INFO: Run ParseTemplate Behavior [ RunTime:0.020482s ]
INFO: [ view_parse ] --END-- [ RunTime:0.020577s ]
INFO: [ view_filter ] --START--
INFO: Run ContentReplace Behavior [ RunTime:0.000427s ]
INFO: Run TokenBuild Behavior [ RunTime:0.000316s ]
INFO: Run WriteHtmlCache Behavior [ RunTime:0.000211s ]
INFO: Run ShowRuntime Behavior [ RunTime:0.000398s ]
INFO: [ view_filter ] --END-- [ RunTime:0.001501s ]
INFO: [ view_end ] --START--
INFO: Run ShowPageTrace Behavior [ RunTime:0.000733s ]
INFO: [ view_end ] --END-- [ RunTime:0.000822s ]

[ 2013-08-29T14:08:50+08:00 ] 127.0.0.1 /jianliapp/?s=/App/index
INFO: [ route_check ] --START--
INFO: Run CheckRoute Behavior [ RunTime:0.001153s ]
INFO: [ route_check ] --END-- [ RunTime:0.001239s ]
INFO: [ app_begin ] --START--
INFO: Run ReadHtmlCache Behavior [ RunTime:0.000839s ]
INFO: [ app_begin ] --END-- [ RunTime:0.000914s ]
SQL: SHOW COLUMNS FROM `oa_apps` [ RunTime:0.001396s ]
SQL: SELECT * FROM `oa_apps` WHERE ( `id` = 1 ) LIMIT 1   [ RunTime:0.000193s ]
SQL: SHOW COLUMNS FROM `oa_area` [ RunTime:0.001473s ]
ERR: Table 'jianliapp.oa_area' doesn't exist
 [ SQL语句 ] : SHOW COLUMNS FROM `oa_area`
SQL: SHOW COLUMNS FROM `oa_subcompanys` [ RunTime:0.001684s ]
SQL: SELECT * FROM `oa_subcompanys` WHERE ( `appid` = 1 ) AND ( `status` = 0 ) ORDER BY id ASC  [ RunTime:0.000199s ]
NOTIC: [2] Invalid argument supplied for foreach() C:\AppServ\www\jianliapp\Home\Lib\Action\AppAction.class.php 第 35 行.
INFO: [ view_template ] --START--
INFO: Run LocationTemplate Behavior [ RunTime:0.000829s ]
INFO: [ view_template ] --END-- [ RunTime:0.000893s ]
INFO: [ view_parse ] --START--
INFO: Run ParseTemplate Behavior [ RunTime:0.022346s ]
INFO: [ view_parse ] --END-- [ RunTime:0.022442s ]
INFO: [ view_filter ] --START--
INFO: Run ContentReplace Behavior [ RunTime:0.000740s ]
INFO: Run TokenBuild Behavior [ RunTime:0.000649s ]
INFO: Run WriteHtmlCache Behavior [ RunTime:0.000531s ]
INFO: Run ShowRuntime Behavior [ RunTime:0.000697s ]
INFO: [ view_filter ] --END-- [ RunTime:0.002774s ]
INFO: [ view_end ] --START--
INFO: Run ShowPageTrace Behavior [ RunTime:0.003468s ]
INFO: [ view_end ] --END-- [ RunTime:0.003557s ]

[ 2013-08-29T14:08:53+08:00 ] 127.0.0.1 /jianliapp/
INFO: [ app_begin ] --START--
INFO: Run ReadHtmlCache Behavior [ RunTime:0.000443s ]
INFO: [ app_begin ] --END-- [ RunTime:0.000517s ]
SQL: SHOW COLUMNS FROM `oa_apps` [ RunTime:0.001431s ]
SQL: SELECT * FROM `oa_apps` WHERE ( `id` = 1 ) LIMIT 1   [ RunTime:0.000220s ]

[ 2013-08-29T14:08:53+08:00 ] 127.0.0.1 /jianliapp/index.php?s=/App/index
INFO: [ route_check ] --START--
INFO: Run CheckRoute Behavior [ RunTime:0.000670s ]
INFO: [ route_check ] --END-- [ RunTime:0.000743s ]
INFO: [ app_begin ] --START--
INFO: Run ReadHtmlCache Behavior [ RunTime:0.000442s ]
INFO: [ app_begin ] --END-- [ RunTime:0.000498s ]
SQL: SHOW COLUMNS FROM `oa_apps` [ RunTime:0.001356s ]
SQL: SELECT * FROM `oa_apps` WHERE ( `id` = 1 ) LIMIT 1   [ RunTime:0.000201s ]
SQL: SHOW COLUMNS FROM `oa_area` [ RunTime:0.001551s ]
ERR: Table 'jianliapp.oa_area' doesn't exist
 [ SQL语句 ] : SHOW COLUMNS FROM `oa_area`
SQL: SHOW COLUMNS FROM `oa_subcompanys` [ RunTime:0.001275s ]
SQL: SELECT * FROM `oa_subcompanys` WHERE ( `appid` = 1 ) AND ( `status` = 0 ) ORDER BY id ASC  [ RunTime:0.000165s ]
NOTIC: [2] Invalid argument supplied for foreach() C:\AppServ\www\jianliapp\Home\Lib\Action\AppAction.class.php 第 35 行.
INFO: [ view_template ] --START--
INFO: Run LocationTemplate Behavior [ RunTime:0.000414s ]
INFO: [ view_template ] --END-- [ RunTime:0.000471s ]
INFO: [ view_parse ] --START--
INFO: Run ParseTemplate Behavior [ RunTime:0.020068s ]
INFO: [ view_parse ] --END-- [ RunTime:0.020166s ]
INFO: [ view_filter ] --START--
INFO: Run ContentReplace Behavior [ RunTime:0.000446s ]
INFO: Run TokenBuild Behavior [ RunTime:0.000364s ]
INFO: Run WriteHtmlCache Behavior [ RunTime:0.000316s ]
INFO: Run ShowRuntime Behavior [ RunTime:0.000436s ]
INFO: [ view_filter ] --END-- [ RunTime:0.001732s ]
INFO: [ view_end ] --START--
INFO: Run ShowPageTrace Behavior [ RunTime:0.000500s ]
INFO: [ view_end ] --END-- [ RunTime:0.000559s ]

[ 2013-08-29T14:09:01+08:00 ] 127.0.0.1 /jianliapp/
INFO: [ app_begin ] --START--
INFO: Run ReadHtmlCache Behavior [ RunTime:0.000454s ]
INFO: [ app_begin ] --END-- [ RunTime:0.000529s ]
SQL: SHOW COLUMNS FROM `oa_apps` [ RunTime:0.001383s ]
SQL: SELECT * FROM `oa_apps` WHERE ( `id` = 1 ) LIMIT 1   [ RunTime:0.000266s ]

[ 2013-08-29T14:09:02+08:00 ] 127.0.0.1 /jianliapp/index.php?s=/App/index
INFO: [ route_check ] --START--
INFO: Run CheckRoute Behavior [ RunTime:0.000670s ]
INFO: [ route_check ] --END-- [ RunTime:0.000743s ]
INFO: [ app_begin ] --START--
INFO: Run ReadHtmlCache Behavior [ RunTime:0.000437s ]
INFO: [ app_begin ] --END-- [ RunTime:0.000496s ]
SQL: SHOW COLUMNS FROM `oa_apps` [ RunTime:0.001354s ]
SQL: SELECT * FROM `oa_apps` WHERE ( `id` = 1 ) LIMIT 1   [ RunTime:0.000279s ]
SQL: SHOW COLUMNS FROM `oa_area` [ RunTime:0.001569s ]
ERR: Table 'jianliapp.oa_area' doesn't exist
 [ SQL语句 ] : SHOW COLUMNS FROM `oa_area`
SQL: SHOW COLUMNS FROM `oa_subcompanys` [ RunTime:0.001246s ]
SQL: SELECT * FROM `oa_subcompanys` WHERE ( `appid` = 1 ) AND ( `status` = 0 ) ORDER BY id ASC  [ RunTime:0.000241s ]
NOTIC: [2] Invalid argument supplied for foreach() C:\AppServ\www\jianliapp\Home\Lib\Action\AppAction.class.php 第 35 行.
INFO: [ view_template ] --START--
INFO: Run LocationTemplate Behavior [ RunTime:0.000384s ]
INFO: [ view_template ] --END-- [ RunTime:0.000441s ]
INFO: [ view_parse ] --START--
INFO: Run ParseTemplate Behavior [ RunTime:0.020057s ]
INFO: [ view_parse ] --END-- [ RunTime:0.020149s ]
INFO: [ view_filter ] --START--
INFO: Run ContentReplace Behavior [ RunTime:0.000512s ]
INFO: Run TokenBuild Behavior [ RunTime:0.000336s ]
INFO: Run WriteHtmlCache Behavior [ RunTime:0.000213s ]
INFO: Run ShowRuntime Behavior [ RunTime:0.000439s ]
INFO: [ view_filter ] --END-- [ RunTime:0.001672s ]
INFO: [ view_end ] --START--
INFO: Run ShowPageTrace Behavior [ RunTime:0.001108s ]
INFO: [ view_end ] --END-- [ RunTime:0.001238s ]

[ 2013-08-29T14:09:03+08:00 ] 127.0.0.1 /jianliapp/
INFO: [ app_begin ] --START--
INFO: Run ReadHtmlCache Behavior [ RunTime:0.000625s ]
INFO: [ app_begin ] --END-- [ RunTime:0.000733s ]
SQL: SHOW COLUMNS FROM `oa_apps` [ RunTime:0.001743s ]
SQL: SELECT * FROM `oa_apps` WHERE ( `id` = 1 ) LIMIT 1   [ RunTime:0.000286s ]

[ 2013-08-29T14:09:03+08:00 ] 127.0.0.1 /jianliapp/index.php?s=/App/index
INFO: [ route_check ] --START--
INFO: Run CheckRoute Behavior [ RunTime:0.000659s ]
INFO: [ route_check ] --END-- [ RunTime:0.000731s ]
INFO: [ app_begin ] --START--
INFO: Run ReadHtmlCache Behavior [ RunTime:0.000440s ]
INFO: [ app_begin ] --END-- [ RunTime:0.000497s ]
SQL: SHOW COLUMNS FROM `oa_apps` [ RunTime:0.001425s ]
SQL: SELECT * FROM `oa_apps` WHERE ( `id` = 1 ) LIMIT 1   [ RunTime:0.000151s ]
SQL: SHOW COLUMNS FROM `oa_area` [ RunTime:0.001451s ]
ERR: Table 'jianliapp.oa_area' doesn't exist
 [ SQL语句 ] : SHOW COLUMNS FROM `oa_area`
SQL: SHOW COLUMNS FROM `oa_subcompanys` [ RunTime:0.001419s ]
SQL: SELECT * FROM `oa_subcompanys` WHERE ( `appid` = 1 ) AND ( `status` = 0 ) ORDER BY id ASC  [ RunTime:0.000179s ]
NOTIC: [2] Invalid argument supplied for foreach() C:\AppServ\www\jianliapp\Home\Lib\Action\AppAction.class.php 第 35 行.
INFO: [ view_template ] --START--
INFO: Run LocationTemplate Behavior [ RunTime:0.000396s ]
INFO: [ view_template ] --END-- [ RunTime:0.000453s ]
INFO: [ view_parse ] --START--
INFO: Run ParseTemplate Behavior [ RunTime:0.020081s ]
INFO: [ view_parse ] --END-- [ RunTime:0.020184s ]
INFO: [ view_filter ] --START--
INFO: Run ContentReplace Behavior [ RunTime:0.000449s ]
INFO: Run TokenBuild Behavior [ RunTime:0.000375s ]
INFO: Run WriteHtmlCache Behavior [ RunTime:0.000252s ]
INFO: Run ShowRuntime Behavior [ RunTime:0.000436s ]
INFO: [ view_filter ] --END-- [ RunTime:0.001709s ]
INFO: [ view_end ] --START--
INFO: Run ShowPageTrace Behavior [ RunTime:0.000666s ]
INFO: [ view_end ] --END-- [ RunTime:0.000749s ]

[ 2013-08-29T14:09:08+08:00 ] 127.0.0.1 /jianliapp/index.php?s=/User/userList/type/all
INFO: [ route_check ] --START--
INFO: Run CheckRoute Behavior [ RunTime:0.001313s ]
INFO: [ route_check ] --END-- [ RunTime:0.001396s ]
INFO: [ app_begin ] --START--
INFO: Run ReadHtmlCache Behavior [ RunTime:0.000763s ]
INFO: [ app_begin ] --END-- [ RunTime:0.000825s ]
SQL: SHOW COLUMNS FROM `oa_apps` [ RunTime:0.001349s ]
SQL: SELECT * FROM `oa_apps` WHERE ( `id` = 1 ) LIMIT 1   [ RunTime:0.000203s ]
SQL: SHOW COLUMNS FROM `oa_users` [ RunTime:0.001535s ]
SQL: SELECT * FROM `oa_users` WHERE ( `app_id` = 1 ) AND ( `status` = 0 )  [ RunTime:0.000239s ]
INFO: [ view_template ] --START--
INFO: Run LocationTemplate Behavior [ RunTime:0.001538s ]
INFO: [ view_template ] --END-- [ RunTime:0.001602s ]
INFO: [ view_parse ] --START--
INFO: Run ParseTemplate Behavior [ RunTime:0.021306s ]
INFO: [ view_parse ] --END-- [ RunTime:0.021397s ]
INFO: [ view_filter ] --START--
INFO: Run ContentReplace Behavior [ RunTime:0.001206s ]
INFO: Run TokenBuild Behavior [ RunTime:0.000644s ]
INFO: Run WriteHtmlCache Behavior [ RunTime:0.000931s ]
INFO: Run ShowRuntime Behavior [ RunTime:0.001089s ]
INFO: [ view_filter ] --END-- [ RunTime:0.004050s ]
INFO: [ view_end ] --START--
INFO: Run ShowPageTrace Behavior [ RunTime:0.002421s ]
INFO: [ view_end ] --END-- [ RunTime:0.002527s ]

[ 2013-08-29T14:16:29+08:00 ] 127.0.0.1 /jianliapp/index.php?s=/Public/login
INFO: [ route_check ] --START--
INFO: Run CheckRoute Behavior [ RunTime:0.001397s ]
INFO: [ route_check ] --END-- [ RunTime:0.001481s ]
INFO: [ app_begin ] --START--
INFO: Run ReadHtmlCache Behavior [ RunTime:0.000597s ]
INFO: [ app_begin ] --END-- [ RunTime:0.000657s ]
NOTIC: [8] Undefined index:  company C:\AppServ\www\jianliapp\Home\Lib\Action\PublicAction.class.php 第 17 行.
INFO: [ view_template ] --START--
INFO: Run LocationTemplate Behavior [ RunTime:0.001656s ]
INFO: [ view_template ] --END-- [ RunTime:0.001715s ]
INFO: [ view_parse ] --START--
INFO: Run ParseTemplate Behavior [ RunTime:0.021377s ]
INFO: [ view_parse ] --END-- [ RunTime:0.021461s ]
INFO: [ view_filter ] --START--
INFO: Run ContentReplace Behavior [ RunTime:0.001006s ]
INFO: Run TokenBuild Behavior [ RunTime:0.000668s ]
INFO: Run WriteHtmlCache Behavior [ RunTime:0.000860s ]
INFO: Run ShowRuntime Behavior [ RunTime:0.001094s ]
INFO: [ view_filter ] --END-- [ RunTime:0.003798s ]
INFO: [ view_end ] --START--
INFO: Run ShowPageTrace Behavior [ RunTime:0.001646s ]
INFO: [ view_end ] --END-- [ RunTime:0.001750s ]

[ 2013-08-29T14:17:48+08:00 ] 127.0.0.1 /jianliapp/index.php?s=/Public/login
INFO: [ route_check ] --START--
INFO: Run CheckRoute Behavior [ RunTime:0.002390s ]
INFO: [ route_check ] --END-- [ RunTime:0.002520s ]
INFO: [ app_begin ] --START--
INFO: Run ReadHtmlCache Behavior [ RunTime:0.001197s ]
INFO: [ app_begin ] --END-- [ RunTime:0.001322s ]
NOTIC: [8] Undefined index:  company C:\AppServ\www\jianliapp\Home\Lib\Action\PublicAction.class.php 第 17 行.
INFO: [ view_template ] --START--
INFO: Run LocationTemplate Behavior [ RunTime:0.001449s ]
INFO: [ view_template ] --END-- [ RunTime:0.001513s ]
INFO: [ view_parse ] --START--
INFO: Run ParseTemplate Behavior [ RunTime:0.011856s ]
INFO: [ view_parse ] --END-- [ RunTime:0.011940s ]
INFO: [ view_filter ] --START--
INFO: Run ContentReplace Behavior [ RunTime:0.001023s ]
INFO: Run TokenBuild Behavior [ RunTime:0.000698s ]
INFO: Run WriteHtmlCache Behavior [ RunTime:0.000917s ]
INFO: Run ShowRuntime Behavior [ RunTime:0.001018s ]
INFO: [ view_filter ] --END-- [ RunTime:0.003896s ]
INFO: [ view_end ] --START--
INFO: Run ShowPageTrace Behavior [ RunTime:0.001172s ]
INFO: [ view_end ] --END-- [ RunTime:0.001247s ]

[ 2013-08-29T14:17:49+08:00 ] 127.0.0.1 /jianliapp/index.php?s=/Public/login
INFO: [ route_check ] --START--
INFO: Run CheckRoute Behavior [ RunTime:0.001368s ]
INFO: [ route_check ] --END-- [ RunTime:0.001449s ]
INFO: [ app_begin ] --START--
INFO: Run ReadHtmlCache Behavior [ RunTime:0.000649s ]
INFO: [ app_begin ] --END-- [ RunTime:0.000722s ]
NOTIC: [8] Undefined index:  company C:\AppServ\www\jianliapp\Home\Lib\Action\PublicAction.class.php 第 17 行.
INFO: [ view_template ] --START--
INFO: Run LocationTemplate Behavior [ RunTime:0.001633s ]
INFO: [ view_template ] --END-- [ RunTime:0.001703s ]
INFO: [ view_parse ] --START--
INFO: Run ParseTemplate Behavior [ RunTime:0.011319s ]
INFO: [ view_parse ] --END-- [ RunTime:0.011403s ]
INFO: [ view_filter ] --START--
INFO: Run ContentReplace Behavior [ RunTime:0.000956s ]
INFO: Run TokenBuild Behavior [ RunTime:0.000469s ]
INFO: Run WriteHtmlCache Behavior [ RunTime:0.000683s ]
INFO: Run ShowRuntime Behavior [ RunTime:0.001055s ]
INFO: [ view_filter ] --END-- [ RunTime:0.003321s ]
INFO: [ view_end ] --START--
INFO: Run ShowPageTrace Behavior [ RunTime:0.001865s ]
INFO: [ view_end ] --END-- [ RunTime:0.001953s ]

[ 2013-08-29T14:18:30+08:00 ] 127.0.0.1 /jianliapp/index.php?s=/Public/checkLogin/company/
INFO: [ route_check ] --START--
INFO: Run CheckRoute Behavior [ RunTime:0.000714s ]
INFO: [ route_check ] --END-- [ RunTime:0.000811s ]
INFO: [ app_begin ] --START--
INFO: Run ReadHtmlCache Behavior [ RunTime:0.000492s ]
INFO: [ app_begin ] --END-- [ RunTime:0.000553s ]
SQL: SHOW COLUMNS FROM `oa_apps` [ RunTime:0.001359s ]
SQL: SHOW COLUMNS FROM `oa_users` [ RunTime:0.002555s ]
NOTIC: [8] Undefined index:  company C:\AppServ\www\jianliapp\Home\Lib\Action\PublicAction.class.php 第 41 行.
SQL: SELECT * FROM `oa_users` WHERE ( `account` = 'admin1' ) AND ( `app_id` = 1 ) LIMIT 1   [ RunTime:0.000277s ]
SQL: SELECT * FROM `oa_apps` WHERE ( `id` = 1 ) LIMIT 1   [ RunTime:0.000270s ]
INFO: [ view_template ] --START--
INFO: Run LocationTemplate Behavior [ RunTime:0.000901s ]
INFO: [ view_template ] --END-- [ RunTime:0.000969s ]
INFO: [ view_parse ] --START--
INFO: Run ParseTemplate Behavior [ RunTime:0.007883s ]
INFO: [ view_parse ] --END-- [ RunTime:0.007982s ]
INFO: [ view_filter ] --START--
INFO: Run ContentReplace Behavior [ RunTime:0.000398s ]
INFO: Run TokenBuild Behavior [ RunTime:0.000370s ]
INFO: Run WriteHtmlCache Behavior [ RunTime:0.000218s ]
INFO: Run ShowRuntime Behavior [ RunTime:0.000364s ]
INFO: [ view_filter ] --END-- [ RunTime:0.001543s ]
INFO: [ view_end ] --START--
INFO: Run ShowPageTrace Behavior [ RunTime:0.000653s ]
INFO: [ view_end ] --END-- [ RunTime:0.000709s ]

[ 2013-08-29T14:18:31+08:00 ] 127.0.0.1 /jianliapp/index.php?s=/App/index
INFO: [ route_check ] --START--
INFO: Run CheckRoute Behavior [ RunTime:0.001455s ]
INFO: [ route_check ] --END-- [ RunTime:0.001610s ]
INFO: [ app_begin ] --START--
INFO: Run ReadHtmlCache Behavior [ RunTime:0.001001s ]
INFO: [ app_begin ] --END-- [ RunTime:0.001201s ]
SQL: SHOW COLUMNS FROM `oa_area` [ RunTime:0.001688s ]
ERR: Table 'jianliapp.oa_area' doesn't exist
 [ SQL语句 ] : SHOW COLUMNS FROM `oa_area`
SQL: SHOW COLUMNS FROM `oa_subcompanys` [ RunTime:0.001457s ]
SQL: SELECT * FROM `oa_subcompanys` WHERE ( `appid` = 1 ) AND ( `status` = 0 ) ORDER BY id ASC  [ RunTime:0.000192s ]
NOTIC: [2] Invalid argument supplied for foreach() C:\AppServ\www\jianliapp\Home\Lib\Action\AppAction.class.php 第 35 行.
INFO: [ view_template ] --START--
INFO: Run LocationTemplate Behavior [ RunTime:0.000849s ]
INFO: [ view_template ] --END-- [ RunTime:0.000909s ]
INFO: [ view_parse ] --START--
INFO: Run ParseTemplate Behavior [ RunTime:0.021746s ]
INFO: [ view_parse ] --END-- [ RunTime:0.021831s ]
INFO: [ view_filter ] --START--
INFO: Run ContentReplace Behavior [ RunTime:0.000416s ]
INFO: Run TokenBuild Behavior [ RunTime:0.000327s ]
INFO: Run WriteHtmlCache Behavior [ RunTime:0.000209s ]
INFO: Run ShowRuntime Behavior [ RunTime:0.000384s ]
INFO: [ view_filter ] --END-- [ RunTime:0.001488s ]
INFO: [ view_end ] --START--
INFO: Run ShowPageTrace Behavior [ RunTime:0.001221s ]
INFO: [ view_end ] --END-- [ RunTime:0.001341s ]

