[ 2013-07-10T09:44:43+08:00 ] 127.0.0.1 /apps/index.php?s=/Public/login/company/1
INFO: [ route_check ] --START--
INFO: Run CheckRoute Behavior [ RunTime:0.001254s ]
INFO: [ route_check ] --END-- [ RunTime:0.001382s ]
INFO: [ app_begin ] --START--
INFO: Run ReadHtmlCache Behavior [ RunTime:0.001289s ]
INFO: [ app_begin ] --END-- [ RunTime:0.001379s ]
INFO: [ view_template ] --START--
INFO: Run LocationTemplate Behavior [ RunTime:0.007553s ]
INFO: [ view_template ] --END-- [ RunTime:0.007696s ]
INFO: [ view_parse ] --START--
INFO: Run ParseTemplate Behavior [ RunTime:0.050388s ]
INFO: [ view_parse ] --END-- [ RunTime:0.050496s ]
INFO: [ view_filter ] --START--
INFO: Run ContentReplace Behavior [ RunTime:0.004420s ]
INFO: Run TokenBuild Behavior [ RunTime:0.023946s ]
INFO: Run WriteHtmlCache Behavior [ RunTime:0.009448s ]
INFO: Run ShowRuntime Behavior [ RunTime:0.001490s ]
INFO: [ view_filter ] --END-- [ RunTime:0.039536s ]
INFO: [ view_end ] --START--
INFO: Run ShowPageTrace Behavior [ RunTime:0.005684s ]
INFO: [ view_end ] --END-- [ RunTime:0.005791s ]

[ 2013-07-10T09:44:49+08:00 ] 127.0.0.1 /apps/index.php?s=/Public/checkLogin/company/1
INFO: [ route_check ] --START--
INFO: Run CheckRoute Behavior [ RunTime:0.001250s ]
INFO: [ route_check ] --END-- [ RunTime:0.001356s ]
INFO: [ app_begin ] --START--
INFO: Run ReadHtmlCache Behavior [ RunTime:0.001117s ]
INFO: [ app_begin ] --END-- [ RunTime:0.001184s ]
SQL: SHOW COLUMNS FROM `oa_apps` [ RunTime:0.001427s ]
SQL: SHOW COLUMNS FROM `oa_users` [ RunTime:0.002325s ]
SQL: SELECT * FROM `oa_users` WHERE ( `account` = 'admin1' ) AND ( `app_id` = 1 ) LIMIT 1   [ RunTime:0.011114s ]
SQL: SELECT * FROM `oa_apps` WHERE ( `id` = 1 ) LIMIT 1   [ RunTime:0.000228s ]
INFO: [ view_template ] --START--
INFO: Run LocationTemplate Behavior [ RunTime:0.001778s ]
INFO: [ view_template ] --END-- [ RunTime:0.001855s ]
INFO: [ view_parse ] --START--
INFO: Run ParseTemplate Behavior [ RunTime:0.020550s ]
INFO: [ view_parse ] --END-- [ RunTime:0.020653s ]
INFO: [ view_filter ] --START--
INFO: Run ContentReplace Behavior [ RunTime:0.000979s ]
INFO: Run TokenBuild Behavior [ RunTime:0.000616s ]
INFO: Run WriteHtmlCache Behavior [ RunTime:0.000826s ]
INFO: Run ShowRuntime Behavior [ RunTime:0.000969s ]
INFO: [ view_filter ] --END-- [ RunTime:0.003544s ]
INFO: [ view_end ] --START--
INFO: Run ShowPageTrace Behavior [ RunTime:0.001148s ]
INFO: [ view_end ] --END-- [ RunTime:0.001206s ]

[ 2013-07-10T09:44:50+08:00 ] 127.0.0.1 /apps/index.php?s=/App/index
INFO: [ route_check ] --START--
INFO: Run CheckRoute Behavior [ RunTime:0.001098s ]
INFO: [ route_check ] --END-- [ RunTime:0.001228s ]
INFO: [ app_begin ] --START--
INFO: Run ReadHtmlCache Behavior [ RunTime:0.000936s ]
INFO: [ app_begin ] --END-- [ RunTime:0.001003s ]
SQL: SHOW COLUMNS FROM `oa_area` [ RunTime:0.003210s ]
ERR: Table 'apps.oa_area' doesn't exist
 [ SQL语句 ] : SHOW COLUMNS FROM `oa_area`
SQL: SHOW COLUMNS FROM `oa_subcompanys` [ RunTime:0.002708s ]
SQL: SELECT * FROM `oa_subcompanys` WHERE ( `appid` = 1 ) AND ( `status` = 0 ) ORDER BY id ASC  [ RunTime:0.000353s ]
NOTIC: [2] Invalid argument supplied for foreach() C:\AppServ\www\apps\Home\Lib\Action\AppAction.class.php 第 35 行.
INFO: [ view_template ] --START--
INFO: Run LocationTemplate Behavior [ RunTime:0.003823s ]
INFO: [ view_template ] --END-- [ RunTime:0.003951s ]
INFO: [ view_parse ] --START--
INFO: Run ParseTemplate Behavior [ RunTime:0.089026s ]
INFO: [ view_parse ] --END-- [ RunTime:0.089177s ]
INFO: [ view_filter ] --START--
INFO: Run ContentReplace Behavior [ RunTime:0.002202s ]
INFO: Run TokenBuild Behavior [ RunTime:0.001018s ]
INFO: Run WriteHtmlCache Behavior [ RunTime:0.001715s ]
INFO: Run ShowRuntime Behavior [ RunTime:0.002069s ]
INFO: [ view_filter ] --END-- [ RunTime:0.007367s ]
INFO: [ view_end ] --START--
INFO: Run ShowPageTrace Behavior [ RunTime:0.002966s ]
INFO: [ view_end ] --END-- [ RunTime:0.003159s ]

[ 2013-07-10T09:44:54+08:00 ] 127.0.0.1 /apps/index.php?s=/Project/index
INFO: [ route_check ] --START--
INFO: Run CheckRoute Behavior [ RunTime:0.001241s ]
INFO: [ route_check ] --END-- [ RunTime:0.001356s ]
INFO: [ app_begin ] --START--
INFO: Run ReadHtmlCache Behavior [ RunTime:0.001342s ]
INFO: [ app_begin ] --END-- [ RunTime:0.001418s ]
SQL: SHOW COLUMNS FROM `oa_project` [ RunTime:0.001454s ]
SQL: SELECT COUNT(*) AS tp_count FROM `oa_project` WHERE ( `status` = 0 ) LIMIT 1   [ RunTime:0.000166s ]
SQL: SELECT * FROM `oa_project` WHERE ( `status` = 0 ) LIMIT 0,10   [ RunTime:0.000126s ]
NOTIC: [2] Invalid argument supplied for foreach() C:\AppServ\www\apps\Home\Lib\Model\BaseModel.class.php 第 48 行.
INFO: [ view_template ] --START--
INFO: Run LocationTemplate Behavior [ RunTime:0.001431s ]
INFO: [ view_template ] --END-- [ RunTime:0.001492s ]
INFO: [ view_parse ] --START--
INFO: Run ParseTemplate Behavior [ RunTime:0.030849s ]
INFO: [ view_parse ] --END-- [ RunTime:0.030935s ]
INFO: [ view_filter ] --START--
INFO: Run ContentReplace Behavior [ RunTime:0.001016s ]
INFO: Run TokenBuild Behavior [ RunTime:0.000974s ]
INFO: Run WriteHtmlCache Behavior [ RunTime:0.000841s ]
INFO: Run ShowRuntime Behavior [ RunTime:0.001051s ]
INFO: [ view_filter ] --END-- [ RunTime:0.004052s ]
INFO: [ view_end ] --START--
INFO: Run ShowPageTrace Behavior [ RunTime:0.001517s ]
INFO: [ view_end ] --END-- [ RunTime:0.001612s ]

[ 2013-07-10T09:44:57+08:00 ] 127.0.0.1 /apps/index.php?s=/Project/index
INFO: [ route_check ] --START--
INFO: Run CheckRoute Behavior [ RunTime:0.000926s ]
INFO: [ route_check ] --END-- [ RunTime:0.001022s ]
INFO: [ app_begin ] --START--
INFO: Run ReadHtmlCache Behavior [ RunTime:0.001071s ]
INFO: [ app_begin ] --END-- [ RunTime:0.001133s ]
SQL: SHOW COLUMNS FROM `oa_project` [ RunTime:0.001372s ]
SQL: SELECT COUNT(*) AS tp_count FROM `oa_project` WHERE ( `status` = 0 ) LIMIT 1   [ RunTime:0.000675s ]
SQL: SELECT * FROM `oa_project` WHERE ( `status` = 0 ) LIMIT 0,10   [ RunTime:0.000175s ]
NOTIC: [2] Invalid argument supplied for foreach() C:\AppServ\www\apps\Home\Lib\Model\BaseModel.class.php 第 48 行.
INFO: [ view_template ] --START--
INFO: Run LocationTemplate Behavior [ RunTime:0.001681s ]
INFO: [ view_template ] --END-- [ RunTime:0.001807s ]
INFO: [ view_parse ] --START--
INFO: Run ParseTemplate Behavior [ RunTime:0.025273s ]
INFO: [ view_parse ] --END-- [ RunTime:0.025379s ]
INFO: [ view_filter ] --START--
INFO: Run ContentReplace Behavior [ RunTime:0.001026s ]
INFO: Run TokenBuild Behavior [ RunTime:0.000946s ]
INFO: Run WriteHtmlCache Behavior [ RunTime:0.000818s ]
INFO: Run ShowRuntime Behavior [ RunTime:0.000973s ]
INFO: [ view_filter ] --END-- [ RunTime:0.003929s ]
INFO: [ view_end ] --START--
INFO: Run ShowPageTrace Behavior [ RunTime:0.001291s ]
INFO: [ view_end ] --END-- [ RunTime:0.001365s ]

[ 2013-07-10T09:44:57+08:00 ] 127.0.0.1 /apps/index.php?s=/User/userList/type/amaldar
INFO: [ route_check ] --START--
INFO: Run CheckRoute Behavior [ RunTime:0.002830s ]
INFO: [ route_check ] --END-- [ RunTime:0.002944s ]
INFO: [ app_begin ] --START--
INFO: Run ReadHtmlCache Behavior [ RunTime:0.001084s ]
INFO: [ app_begin ] --END-- [ RunTime:0.001147s ]
SQL: SHOW COLUMNS FROM `oa_users` [ RunTime:0.001363s ]
SQL: SELECT * FROM `oa_users` WHERE ( `app_id` = 1 ) AND ( `status` = 0 ) AND ( `type` = 3 )  [ RunTime:0.000685s ]
INFO: [ view_template ] --START--
INFO: Run LocationTemplate Behavior [ RunTime:0.014123s ]
INFO: [ view_template ] --END-- [ RunTime:0.014209s ]
INFO: [ view_parse ] --START--
INFO: Run ParseTemplate Behavior [ RunTime:0.031060s ]
INFO: [ view_parse ] --END-- [ RunTime:0.031147s ]
INFO: [ view_filter ] --START--
INFO: Run ContentReplace Behavior [ RunTime:0.001003s ]
INFO: Run TokenBuild Behavior [ RunTime:0.000939s ]
INFO: Run WriteHtmlCache Behavior [ RunTime:0.000818s ]
INFO: Run ShowRuntime Behavior [ RunTime:0.000995s ]
INFO: [ view_filter ] --END-- [ RunTime:0.003912s ]
INFO: [ view_end ] --START--
INFO: Run ShowPageTrace Behavior [ RunTime:0.001309s ]
INFO: [ view_end ] --END-- [ RunTime:0.001388s ]

[ 2013-07-10T09:45:01+08:00 ] 127.0.0.1 /apps/index.php?s=/Case/show
INFO: [ route_check ] --START--
INFO: Run CheckRoute Behavior [ RunTime:0.001495s ]
INFO: [ route_check ] --END-- [ RunTime:0.001624s ]
INFO: [ app_begin ] --START--
INFO: Run ReadHtmlCache Behavior [ RunTime:0.001117s ]
INFO: [ app_begin ] --END-- [ RunTime:0.001181s ]
SQL: SHOW COLUMNS FROM `oa_case` [ RunTime:0.001679s ]
SQL: SELECT * FROM `oa_case` WHERE ( `app_id` = 1 ) AND ( `status` = 0 )  [ RunTime:0.000214s ]
INFO: [ view_template ] --START--
INFO: Run LocationTemplate Behavior [ RunTime:0.001380s ]
INFO: [ view_template ] --END-- [ RunTime:0.001448s ]
INFO: [ view_parse ] --START--
INFO: Run ParseTemplate Behavior [ RunTime:0.035219s ]
INFO: [ view_parse ] --END-- [ RunTime:0.035304s ]
INFO: [ view_filter ] --START--
INFO: Run ContentReplace Behavior [ RunTime:0.001001s ]
INFO: Run TokenBuild Behavior [ RunTime:0.000615s ]
INFO: Run WriteHtmlCache Behavior [ RunTime:0.000815s ]
INFO: Run ShowRuntime Behavior [ RunTime:0.000979s ]
INFO: [ view_filter ] --END-- [ RunTime:0.003563s ]
INFO: [ view_end ] --START--
INFO: Run ShowPageTrace Behavior [ RunTime:0.001603s ]
INFO: [ view_end ] --END-- [ RunTime:0.001697s ]

[ 2013-07-10T09:45:42+08:00 ] 127.0.0.1 /apps/index.php?s=/Public/login/company/1
INFO: [ route_check ] --START--
INFO: Run CheckRoute Behavior [ RunTime:0.002182s ]
INFO: [ route_check ] --END-- [ RunTime:0.002346s ]
INFO: [ app_begin ] --START--
INFO: Run ReadHtmlCache Behavior [ RunTime:0.001591s ]
INFO: [ app_begin ] --END-- [ RunTime:0.001721s ]
INFO: [ view_template ] --START--
INFO: Run LocationTemplate Behavior [ RunTime:0.000956s ]
INFO: [ view_template ] --END-- [ RunTime:0.001017s ]
INFO: [ view_parse ] --START--
INFO: Run ParseTemplate Behavior [ RunTime:0.014174s ]
INFO: [ view_parse ] --END-- [ RunTime:0.014251s ]
INFO: [ view_filter ] --START--
INFO: Run ContentReplace Behavior [ RunTime:0.000640s ]
INFO: Run TokenBuild Behavior [ RunTime:0.000616s ]
INFO: Run WriteHtmlCache Behavior [ RunTime:0.000524s ]
INFO: Run ShowRuntime Behavior [ RunTime:0.000868s ]
INFO: [ view_filter ] --END-- [ RunTime:0.002812s ]
INFO: [ view_end ] --START--
INFO: Run ShowPageTrace Behavior [ RunTime:0.000885s ]
INFO: [ view_end ] --END-- [ RunTime:0.000948s ]

[ 2013-07-10T09:45:48+08:00 ] 127.0.0.1 /apps/index.php?s=/Public/checkLogin/company/1
INFO: [ route_check ] --START--
INFO: Run CheckRoute Behavior [ RunTime:0.000919s ]
INFO: [ route_check ] --END-- [ RunTime:0.001038s ]
INFO: [ app_begin ] --START--
INFO: Run ReadHtmlCache Behavior [ RunTime:0.001120s ]
INFO: [ app_begin ] --END-- [ RunTime:0.001191s ]
SQL: SHOW COLUMNS FROM `oa_apps` [ RunTime:0.001469s ]
SQL: SHOW COLUMNS FROM `oa_users` [ RunTime:0.001521s ]
SQL: SELECT * FROM `oa_users` WHERE ( `account` = 'admin1' ) AND ( `app_id` = 1 ) LIMIT 1   [ RunTime:0.000224s ]
SQL: SELECT * FROM `oa_apps` WHERE ( `id` = 1 ) LIMIT 1   [ RunTime:0.000187s ]
INFO: [ view_template ] --START--
INFO: Run LocationTemplate Behavior [ RunTime:0.001059s ]
INFO: [ view_template ] --END-- [ RunTime:0.001121s ]
INFO: [ view_parse ] --START--
INFO: Run ParseTemplate Behavior [ RunTime:0.009831s ]
INFO: [ view_parse ] --END-- [ RunTime:0.009910s ]
INFO: [ view_filter ] --START--
INFO: Run ContentReplace Behavior [ RunTime:0.000955s ]
INFO: Run TokenBuild Behavior [ RunTime:0.000966s ]
INFO: Run WriteHtmlCache Behavior [ RunTime:0.000904s ]
INFO: Run ShowRuntime Behavior [ RunTime:0.001122s ]
INFO: [ view_filter ] --END-- [ RunTime:0.004145s ]
INFO: [ view_end ] --START--
INFO: Run ShowPageTrace Behavior [ RunTime:0.001139s ]
INFO: [ view_end ] --END-- [ RunTime:0.001199s ]

[ 2013-07-10T09:45:49+08:00 ] 127.0.0.1 /apps/index.php?s=/App/index
INFO: [ route_check ] --START--
INFO: Run CheckRoute Behavior [ RunTime:0.001104s ]
INFO: [ route_check ] --END-- [ RunTime:0.001216s ]
INFO: [ app_begin ] --START--
INFO: Run ReadHtmlCache Behavior [ RunTime:0.001095s ]
INFO: [ app_begin ] --END-- [ RunTime:0.001156s ]
SQL: SHOW COLUMNS FROM `oa_area` [ RunTime:0.001577s ]
ERR: Table 'apps.oa_area' doesn't exist
 [ SQL语句 ] : SHOW COLUMNS FROM `oa_area`
SQL: SHOW COLUMNS FROM `oa_subcompanys` [ RunTime:0.001335s ]
SQL: SELECT * FROM `oa_subcompanys` WHERE ( `appid` = 1 ) AND ( `status` = 0 ) ORDER BY id ASC  [ RunTime:0.000196s ]
NOTIC: [2] Invalid argument supplied for foreach() C:\AppServ\www\apps\Home\Lib\Action\AppAction.class.php 第 35 行.
INFO: [ view_template ] --START--
INFO: Run LocationTemplate Behavior [ RunTime:0.001146s ]
INFO: [ view_template ] --END-- [ RunTime:0.001205s ]
INFO: [ view_parse ] --START--
INFO: Run ParseTemplate Behavior [ RunTime:0.024348s ]
INFO: [ view_parse ] --END-- [ RunTime:0.024431s ]
INFO: [ view_filter ] --START--
INFO: Run ContentReplace Behavior [ RunTime:0.001181s ]
INFO: Run TokenBuild Behavior [ RunTime:0.000963s ]
INFO: Run WriteHtmlCache Behavior [ RunTime:0.000865s ]
INFO: Run ShowRuntime Behavior [ RunTime:0.001005s ]
INFO: [ view_filter ] --END-- [ RunTime:0.004174s ]
INFO: [ view_end ] --START--
INFO: Run ShowPageTrace Behavior [ RunTime:0.001381s ]
INFO: [ view_end ] --END-- [ RunTime:0.001468s ]

[ 2013-07-10T09:46:00+08:00 ] 127.0.0.1 /apps/index.php?s=/App/AjaxArea/&region=0&area=0
INFO: [ route_check ] --START--
INFO: Run CheckRoute Behavior [ RunTime:0.001065s ]
INFO: [ route_check ] --END-- [ RunTime:0.001149s ]
INFO: [ app_begin ] --START--
INFO: Run ReadHtmlCache Behavior [ RunTime:0.001077s ]
INFO: [ app_begin ] --END-- [ RunTime:0.001132s ]
SQL: SHOW COLUMNS FROM `oa_area` [ RunTime:0.001430s ]
ERR: Table 'apps.oa_area' doesn't exist
 [ SQL语句 ] : SHOW COLUMNS FROM `oa_area`
SQL: SELECT * FROM `oa_area` WHERE ( level = 2 )  [ RunTime:0.000189s ]
ERR: Table 'apps.oa_area' doesn't exist
 [ SQL语句 ] : SELECT * FROM `oa_area` WHERE ( level = 2 ) 
SQL: SELECT * FROM `oa_area` WHERE ( level = 3 )  [ RunTime:0.000153s ]
ERR: Table 'apps.oa_area' doesn't exist
 [ SQL语句 ] : SELECT * FROM `oa_area` WHERE ( level = 3 ) 
NOTIC: [2] Invalid argument supplied for foreach() C:\AppServ\www\apps\Home\Lib\Model\AreaModel.class.php 第 12 行.
NOTIC: [2] Invalid argument supplied for foreach() C:\AppServ\www\apps\Home\Lib\Model\AreaModel.class.php 第 23 行.

[ 2013-07-10T09:46:00+08:00 ] 127.0.0.1 /apps/index.php?s=/App/edit/&id=0
INFO: [ route_check ] --START--
INFO: Run CheckRoute Behavior [ RunTime:0.000887s ]
INFO: [ route_check ] --END-- [ RunTime:0.000981s ]
INFO: [ app_begin ] --START--
INFO: Run ReadHtmlCache Behavior [ RunTime:0.000900s ]
INFO: [ app_begin ] --END-- [ RunTime:0.000954s ]
SQL: SHOW COLUMNS FROM `oa_subcompanys` [ RunTime:0.001335s ]
SQL: SELECT * FROM `oa_subcompanys` WHERE ( `id` = 0 ) LIMIT 1   [ RunTime:0.000161s ]

[ 2013-07-10T09:46:09+08:00 ] 127.0.0.1 /apps/index.php?s=/App/index
INFO: [ route_check ] --START--
INFO: Run CheckRoute Behavior [ RunTime:0.001033s ]
INFO: [ route_check ] --END-- [ RunTime:0.001180s ]
INFO: [ app_begin ] --START--
INFO: Run ReadHtmlCache Behavior [ RunTime:0.001162s ]
INFO: [ app_begin ] --END-- [ RunTime:0.001246s ]
SQL: SHOW COLUMNS FROM `oa_area` [ RunTime:0.001972s ]
ERR: Table 'apps.oa_area' doesn't exist
 [ SQL语句 ] : SHOW COLUMNS FROM `oa_area`
SQL: SHOW COLUMNS FROM `oa_subcompanys` [ RunTime:0.001600s ]
SQL: SELECT * FROM `oa_subcompanys` WHERE ( `appid` = 1 ) AND ( `status` = 0 ) ORDER BY id ASC  [ RunTime:0.000239s ]
NOTIC: [2] Invalid argument supplied for foreach() C:\AppServ\www\apps\Home\Lib\Action\AppAction.class.php 第 35 行.
INFO: [ view_template ] --START--
INFO: Run LocationTemplate Behavior [ RunTime:0.001906s ]
INFO: [ view_template ] --END-- [ RunTime:0.001981s ]
INFO: [ view_parse ] --START--
INFO: Run ParseTemplate Behavior [ RunTime:0.028715s ]
INFO: [ view_parse ] --END-- [ RunTime:0.028800s ]
INFO: [ view_filter ] --START--
INFO: Run ContentReplace Behavior [ RunTime:0.000800s ]
INFO: Run TokenBuild Behavior [ RunTime:0.000951s ]
INFO: Run WriteHtmlCache Behavior [ RunTime:0.001020s ]
INFO: Run ShowRuntime Behavior [ RunTime:0.001208s ]
INFO: [ view_filter ] --END-- [ RunTime:0.004154s ]
INFO: [ view_end ] --START--
INFO: Run ShowPageTrace Behavior [ RunTime:0.002215s ]
INFO: [ view_end ] --END-- [ RunTime:0.002317s ]

[ 2013-07-10T09:46:10+08:00 ] 127.0.0.1 /apps/index.php?s=/App/AjaxArea/&region=0&area=0
INFO: [ route_check ] --START--
INFO: Run CheckRoute Behavior [ RunTime:0.001087s ]
INFO: [ route_check ] --END-- [ RunTime:0.001190s ]
INFO: [ app_begin ] --START--
INFO: Run ReadHtmlCache Behavior [ RunTime:0.001441s ]
INFO: [ app_begin ] --END-- [ RunTime:0.001513s ]
SQL: SHOW COLUMNS FROM `oa_area` [ RunTime:0.001535s ]
ERR: Table 'apps.oa_area' doesn't exist
 [ SQL语句 ] : SHOW COLUMNS FROM `oa_area`
SQL: SELECT * FROM `oa_area` WHERE ( level = 2 )  [ RunTime:0.000240s ]
ERR: Table 'apps.oa_area' doesn't exist
 [ SQL语句 ] : SELECT * FROM `oa_area` WHERE ( level = 2 ) 
SQL: SELECT * FROM `oa_area` WHERE ( level = 3 )  [ RunTime:0.000212s ]
ERR: Table 'apps.oa_area' doesn't exist
 [ SQL语句 ] : SELECT * FROM `oa_area` WHERE ( level = 3 ) 
NOTIC: [2] Invalid argument supplied for foreach() C:\AppServ\www\apps\Home\Lib\Model\AreaModel.class.php 第 12 行.
NOTIC: [2] Invalid argument supplied for foreach() C:\AppServ\www\apps\Home\Lib\Model\AreaModel.class.php 第 23 行.

[ 2013-07-10T09:46:10+08:00 ] 127.0.0.1 /apps/index.php?s=/App/edit/&id=0
INFO: [ route_check ] --START--
INFO: Run CheckRoute Behavior [ RunTime:0.000819s ]
INFO: [ route_check ] --END-- [ RunTime:0.000899s ]
INFO: [ app_begin ] --START--
INFO: Run ReadHtmlCache Behavior [ RunTime:0.001051s ]
INFO: [ app_begin ] --END-- [ RunTime:0.001105s ]
SQL: SHOW COLUMNS FROM `oa_subcompanys` [ RunTime:0.001488s ]
SQL: SELECT * FROM `oa_subcompanys` WHERE ( `id` = 0 ) LIMIT 1   [ RunTime:0.000148s ]

[ 2013-07-10T09:46:22+08:00 ] 127.0.0.1 /apps/index.php?s=/App/index
INFO: [ route_check ] --START--
INFO: Run CheckRoute Behavior [ RunTime:0.000849s ]
INFO: [ route_check ] --END-- [ RunTime:0.000936s ]
INFO: [ app_begin ] --START--
INFO: Run ReadHtmlCache Behavior [ RunTime:0.001061s ]
INFO: [ app_begin ] --END-- [ RunTime:0.001119s ]
SQL: SHOW COLUMNS FROM `oa_area` [ RunTime:0.001490s ]
ERR: Table 'apps.oa_area' doesn't exist
 [ SQL语句 ] : SHOW COLUMNS FROM `oa_area`
SQL: SHOW COLUMNS FROM `oa_subcompanys` [ RunTime:0.001242s ]
SQL: SELECT * FROM `oa_subcompanys` WHERE ( `appid` = 1 ) AND ( `status` = 0 ) ORDER BY id ASC  [ RunTime:0.000141s ]
NOTIC: [2] Invalid argument supplied for foreach() C:\AppServ\www\apps\Home\Lib\Action\AppAction.class.php 第 35 行.
INFO: [ view_template ] --START--
INFO: Run LocationTemplate Behavior [ RunTime:0.001025s ]
INFO: [ view_template ] --END-- [ RunTime:0.001083s ]
INFO: [ view_parse ] --START--
INFO: Run ParseTemplate Behavior [ RunTime:0.023775s ]
INFO: [ view_parse ] --END-- [ RunTime:0.023855s ]
INFO: [ view_filter ] --START--
INFO: Run ContentReplace Behavior [ RunTime:0.001024s ]
INFO: Run TokenBuild Behavior [ RunTime:0.000914s ]
INFO: Run WriteHtmlCache Behavior [ RunTime:0.000824s ]
INFO: Run ShowRuntime Behavior [ RunTime:0.000974s ]
INFO: [ view_filter ] --END-- [ RunTime:0.003887s ]
INFO: [ view_end ] --START--
INFO: Run ShowPageTrace Behavior [ RunTime:0.002089s ]
INFO: [ view_end ] --END-- [ RunTime:0.002168s ]

[ 2013-07-10T09:46:22+08:00 ] 127.0.0.1 /apps/index.php?s=/Case/show
INFO: [ route_check ] --START--
INFO: Run CheckRoute Behavior [ RunTime:0.000968s ]
INFO: [ route_check ] --END-- [ RunTime:0.001063s ]
INFO: [ app_begin ] --START--
INFO: Run ReadHtmlCache Behavior [ RunTime:0.000915s ]
INFO: [ app_begin ] --END-- [ RunTime:0.000975s ]
SQL: SHOW COLUMNS FROM `oa_case` [ RunTime:0.001370s ]
SQL: SELECT * FROM `oa_case` WHERE ( `app_id` = 1 ) AND ( `status` = 0 )  [ RunTime:0.000192s ]
INFO: [ view_template ] --START--
INFO: Run LocationTemplate Behavior [ RunTime:0.001587s ]
INFO: [ view_template ] --END-- [ RunTime:0.001649s ]
INFO: [ view_parse ] --START--
INFO: Run ParseTemplate Behavior [ RunTime:0.020613s ]
INFO: [ view_parse ] --END-- [ RunTime:0.020694s ]
INFO: [ view_filter ] --START--
INFO: Run ContentReplace Behavior [ RunTime:0.000574s ]
INFO: Run TokenBuild Behavior [ RunTime:0.000940s ]
INFO: Run WriteHtmlCache Behavior [ RunTime:0.000830s ]
INFO: Run ShowRuntime Behavior [ RunTime:0.000980s ]
INFO: [ view_filter ] --END-- [ RunTime:0.003479s ]
INFO: [ view_end ] --START--
INFO: Run ShowPageTrace Behavior [ RunTime:0.002064s ]
INFO: [ view_end ] --END-- [ RunTime:0.002163s ]

[ 2013-07-10T09:46:25+08:00 ] 127.0.0.1 /apps/index.php?s=/Case/edit/cid/4
INFO: [ route_check ] --START--
INFO: Run CheckRoute Behavior [ RunTime:0.001344s ]
INFO: [ route_check ] --END-- [ RunTime:0.001498s ]
INFO: [ app_begin ] --START--
INFO: Run ReadHtmlCache Behavior [ RunTime:0.000906s ]
INFO: [ app_begin ] --END-- [ RunTime:0.001037s ]
SQL: SHOW COLUMNS FROM `oa_case` [ RunTime:0.001411s ]
SQL: SHOW COLUMNS FROM `oa_users` [ RunTime:0.001593s ]
SQL: SHOW COLUMNS FROM `oa_case_pics` [ RunTime:0.001318s ]
SQL: SELECT * FROM `oa_case` WHERE ( `id` = 4 ) AND ( `status` = 0 ) LIMIT 1   [ RunTime:0.000211s ]
SQL: SELECT * FROM `oa_case_pics` WHERE ( `cid` = 4 ) AND ( `status` = 0 )  [ RunTime:0.000151s ]
SQL: SELECT `id`,`nickname`,`avatar` FROM `oa_users` WHERE ( `app_id` = 1 ) AND ( `type` = 1 ) AND ( `status` = 0 )  [ RunTime:0.000139s ]
NOTIC: [8] Undefined index:  create_time C:\AppServ\www\apps\Home\Lib\Model\UserModel.class.php 第 69 行.
NOTIC: [8] Undefined variable: designersHtml C:\AppServ\www\apps\Home\Lib\Action\CaseAction.class.php 第 128 行.
NOTIC: [8] Undefined variable: styleHtml C:\AppServ\www\apps\Home\Lib\Action\CaseAction.class.php 第 134 行.
NOTIC: [8] Undefined variable: typeHtml C:\AppServ\www\apps\Home\Lib\Action\CaseAction.class.php 第 140 行.
INFO: [ view_template ] --START--
INFO: Run LocationTemplate Behavior [ RunTime:0.000895s ]
INFO: [ view_template ] --END-- [ RunTime:0.000965s ]
INFO: [ view_parse ] --START--
NOTIC: [8] Undefined variable: PREV_URL C:\AppServ\www\apps\Home\Runtime\Cache\1cffb2be0044ca77485bd2a15307b6ff.php 第 279 行.
INFO: Run ParseTemplate Behavior [ RunTime:0.037629s ]
INFO: [ view_parse ] --END-- [ RunTime:0.037705s ]
INFO: [ view_filter ] --START--
INFO: Run ContentReplace Behavior [ RunTime:0.000434s ]
INFO: Run TokenBuild Behavior [ RunTime:0.000325s ]
INFO: Run WriteHtmlCache Behavior [ RunTime:0.000218s ]
INFO: Run ShowRuntime Behavior [ RunTime:0.000382s ]
INFO: [ view_filter ] --END-- [ RunTime:0.001514s ]
INFO: [ view_end ] --START--
INFO: Run ShowPageTrace Behavior [ RunTime:0.001601s ]
INFO: [ view_end ] --END-- [ RunTime:0.001703s ]

[ 2013-07-10T09:47:21+08:00 ] 127.0.0.1 /apps/index.php?s=/Case/edit/cid/4
INFO: [ route_check ] --START--
INFO: Run CheckRoute Behavior [ RunTime:0.001724s ]
INFO: [ route_check ] --END-- [ RunTime:0.001891s ]
INFO: [ app_begin ] --START--
INFO: Run ReadHtmlCache Behavior [ RunTime:0.001602s ]
INFO: [ app_begin ] --END-- [ RunTime:0.001690s ]
SQL: SHOW COLUMNS FROM `oa_case` [ RunTime:0.001383s ]
SQL: SHOW COLUMNS FROM `oa_users` [ RunTime:0.001389s ]
SQL: SHOW COLUMNS FROM `oa_case_pics` [ RunTime:0.001242s ]
SQL: SELECT * FROM `oa_case` WHERE ( `id` = 4 ) AND ( `status` = 0 ) LIMIT 1   [ RunTime:0.000213s ]
SQL: SELECT * FROM `oa_case_pics` WHERE ( `cid` = 4 ) AND ( `status` = 0 )  [ RunTime:0.000181s ]
SQL: SELECT `id`,`nickname`,`avatar` FROM `oa_users` WHERE ( `app_id` = 1 ) AND ( `type` = 1 ) AND ( `status` = 0 )  [ RunTime:0.000179s ]
NOTIC: [8] Undefined index:  create_time C:\AppServ\www\apps\Home\Lib\Model\UserModel.class.php 第 69 行.
NOTIC: [8] Undefined variable: designersHtml C:\AppServ\www\apps\Home\Lib\Action\CaseAction.class.php 第 128 行.
NOTIC: [8] Undefined variable: styleHtml C:\AppServ\www\apps\Home\Lib\Action\CaseAction.class.php 第 134 行.
NOTIC: [8] Undefined variable: typeHtml C:\AppServ\www\apps\Home\Lib\Action\CaseAction.class.php 第 140 行.
INFO: [ view_template ] --START--
INFO: Run LocationTemplate Behavior [ RunTime:0.001500s ]
INFO: [ view_template ] --END-- [ RunTime:0.001567s ]
INFO: [ view_parse ] --START--
NOTIC: [8] Undefined variable: PREV_URL C:\AppServ\www\apps\Home\Runtime\Cache\1cffb2be0044ca77485bd2a15307b6ff.php 第 279 行.
INFO: Run ParseTemplate Behavior [ RunTime:0.025089s ]
INFO: [ view_parse ] --END-- [ RunTime:0.025161s ]
INFO: [ view_filter ] --START--
INFO: Run ContentReplace Behavior [ RunTime:0.000597s ]
INFO: Run TokenBuild Behavior [ RunTime:0.000921s ]
INFO: Run WriteHtmlCache Behavior [ RunTime:0.000812s ]
INFO: Run ShowRuntime Behavior [ RunTime:0.000980s ]
INFO: [ view_filter ] --END-- [ RunTime:0.003466s ]
INFO: [ view_end ] --START--
INFO: Run ShowPageTrace Behavior [ RunTime:0.002023s ]
INFO: [ view_end ] --END-- [ RunTime:0.002122s ]

[ 2013-07-10T09:47:24+08:00 ] 127.0.0.1 /apps/index.php?s=/CasePics/edit/
INFO: [ route_check ] --START--
INFO: Run CheckRoute Behavior [ RunTime:0.000995s ]
INFO: [ route_check ] --END-- [ RunTime:0.001092s ]
INFO: [ app_begin ] --START--
INFO: Run ReadHtmlCache Behavior [ RunTime:0.001175s ]
INFO: [ app_begin ] --END-- [ RunTime:0.001243s ]
SQL: SHOW COLUMNS FROM `oa_case_pics` [ RunTime:0.001581s ]
SQL: UPDATE `oa_case_pics` SET `status`=-2 WHERE ( `id` = 7 ) [ RunTime:0.000282s ]

[ 2013-07-10T09:47:27+08:00 ] 127.0.0.1 /apps/index.php?s=/Case/edit/cid/4
INFO: [ route_check ] --START--
INFO: Run CheckRoute Behavior [ RunTime:0.000956s ]
INFO: [ route_check ] --END-- [ RunTime:0.001052s ]
INFO: [ app_begin ] --START--
INFO: Run ReadHtmlCache Behavior [ RunTime:0.000963s ]
INFO: [ app_begin ] --END-- [ RunTime:0.001027s ]
SQL: SHOW COLUMNS FROM `oa_case` [ RunTime:0.001455s ]
SQL: SHOW COLUMNS FROM `oa_users` [ RunTime:0.001560s ]
SQL: SHOW COLUMNS FROM `oa_case_pics` [ RunTime:0.001264s ]
SQL: SELECT * FROM `oa_case` WHERE ( `id` = 4 ) AND ( `status` = 0 ) LIMIT 1   [ RunTime:0.000192s ]
SQL: SELECT * FROM `oa_case_pics` WHERE ( `cid` = 4 ) AND ( `status` = 0 )  [ RunTime:0.000158s ]
SQL: SELECT `id`,`nickname`,`avatar` FROM `oa_users` WHERE ( `app_id` = 1 ) AND ( `type` = 1 ) AND ( `status` = 0 )  [ RunTime:0.000167s ]
NOTIC: [8] Undefined index:  create_time C:\AppServ\www\apps\Home\Lib\Model\UserModel.class.php 第 69 行.
NOTIC: [8] Undefined variable: designersHtml C:\AppServ\www\apps\Home\Lib\Action\CaseAction.class.php 第 128 行.
NOTIC: [8] Undefined variable: styleHtml C:\AppServ\www\apps\Home\Lib\Action\CaseAction.class.php 第 134 行.
NOTIC: [8] Undefined variable: typeHtml C:\AppServ\www\apps\Home\Lib\Action\CaseAction.class.php 第 140 行.
INFO: [ view_template ] --START--
INFO: Run LocationTemplate Behavior [ RunTime:0.001549s ]
INFO: [ view_template ] --END-- [ RunTime:0.001619s ]
INFO: [ view_parse ] --START--
NOTIC: [8] Undefined variable: PREV_URL C:\AppServ\www\apps\Home\Runtime\Cache\1cffb2be0044ca77485bd2a15307b6ff.php 第 279 行.
INFO: Run ParseTemplate Behavior [ RunTime:0.025149s ]
INFO: [ view_parse ] --END-- [ RunTime:0.025222s ]
INFO: [ view_filter ] --START--
INFO: Run ContentReplace Behavior [ RunTime:0.000569s ]
INFO: Run TokenBuild Behavior [ RunTime:0.000929s ]
INFO: Run WriteHtmlCache Behavior [ RunTime:0.000813s ]
INFO: Run ShowRuntime Behavior [ RunTime:0.000988s ]
INFO: [ view_filter ] --END-- [ RunTime:0.003452s ]
INFO: [ view_end ] --START--
INFO: Run ShowPageTrace Behavior [ RunTime:0.001962s ]
INFO: [ view_end ] --END-- [ RunTime:0.002198s ]

[ 2013-07-10T10:09:01+08:00 ] ERR: (ThinkException) 无法加载模块:Apicompany
