[ 2013-07-16T15:58:49+08:00 ] 127.0.0.1 /apps/index.php?s=/Public/login/company/1
INFO: [ route_check ] --START--
INFO: Run CheckRoute Behavior [ RunTime:0.001602s ]
INFO: [ route_check ] --END-- [ RunTime:0.001696s ]
INFO: [ app_begin ] --START--
INFO: Run ReadHtmlCache Behavior [ RunTime:0.001497s ]
INFO: [ app_begin ] --END-- [ RunTime:0.001566s ]
INFO: [ view_template ] --START--
INFO: Run LocationTemplate Behavior [ RunTime:0.007011s ]
INFO: [ view_template ] --END-- [ RunTime:0.007108s ]
INFO: [ view_parse ] --START--
INFO: Run ParseTemplate Behavior [ RunTime:0.057831s ]
INFO: [ view_parse ] --END-- [ RunTime:0.057927s ]
INFO: [ view_filter ] --START--
INFO: Run ContentReplace Behavior [ RunTime:0.001250s ]
INFO: Run TokenBuild Behavior [ RunTime:0.009705s ]
INFO: Run WriteHtmlCache Behavior [ RunTime:0.009428s ]
INFO: Run ShowRuntime Behavior [ RunTime:0.004583s ]
INFO: [ view_filter ] --END-- [ RunTime:0.025151s ]
INFO: [ view_end ] --START--
INFO: Run ShowPageTrace Behavior [ RunTime:0.010759s ]
INFO: [ view_end ] --END-- [ RunTime:0.010895s ]

