[ 2013-09-02T10:33:49+08:00 ] 127.0.0.1 /jianliapp/index.php?s=/Public/login
INFO: [ route_check ] --START--
INFO: Run CheckRoute Behavior [ RunTime:0.001353s ]
INFO: [ route_check ] --END-- [ RunTime:0.001424s ]
INFO: [ app_begin ] --START--
INFO: Run ReadHtmlCache Behavior [ RunTime:0.000487s ]
INFO: [ app_begin ] --END-- [ RunTime:0.000544s ]
NOTIC: [8] Undefined index:  company C:\AppServ\www\jianliapp\Home\Lib\Action\PublicAction.class.php 第 17 行.
INFO: [ view_template ] --START--
INFO: Run LocationTemplate Behavior [ RunTime:0.010001s ]
INFO: [ view_template ] --END-- [ RunTime:0.010079s ]
INFO: [ view_parse ] --START--
INFO: Run ParseTemplate Behavior [ RunTime:0.044426s ]
INFO: [ view_parse ] --END-- [ RunTime:0.044534s ]
INFO: [ view_filter ] --START--
INFO: Run ContentReplace Behavior [ RunTime:0.000939s ]
INFO: Run TokenBuild Behavior [ RunTime:0.001110s ]
INFO: Run WriteHtmlCache Behavior [ RunTime:0.000804s ]
INFO: Run ShowRuntime Behavior [ RunTime:0.000995s ]
INFO: [ view_filter ] --END-- [ RunTime:0.004012s ]
INFO: [ view_end ] --START--
INFO: Run ShowPageTrace Behavior [ RunTime:0.001245s ]
INFO: [ view_end ] --END-- [ RunTime:0.001325s ]

[ 2013-09-02T10:33:59+08:00 ] 127.0.0.1 /jianliapp/index.php?s=/Public/checkLogin/company/
INFO: [ route_check ] --START--
INFO: Run CheckRoute Behavior [ RunTime:0.001609s ]
INFO: [ route_check ] --END-- [ RunTime:0.001747s ]
INFO: [ app_begin ] --START--
INFO: Run ReadHtmlCache Behavior [ RunTime:0.001310s ]
INFO: [ app_begin ] --END-- [ RunTime:0.001454s ]
SQL: SHOW COLUMNS FROM `oa_apps` [ RunTime:0.032398s ]
SQL: SHOW COLUMNS FROM `oa_users` [ RunTime:0.041091s ]
SQL: SELECT * FROM `oa_users` WHERE ( `account` = 'admin1' ) AND ( `app_id` = 1 ) LIMIT 1   [ RunTime:0.002506s ]
SQL: SELECT * FROM `oa_apps` WHERE ( `id` = 1 ) LIMIT 1   [ RunTime:0.000543s ]
INFO: [ view_template ] --START--
INFO: Run LocationTemplate Behavior [ RunTime:0.002284s ]
INFO: [ view_template ] --END-- [ RunTime:0.002413s ]
INFO: [ view_parse ] --START--
INFO: Run ParseTemplate Behavior [ RunTime:0.034504s ]
INFO: [ view_parse ] --END-- [ RunTime:0.034629s ]
INFO: [ view_filter ] --START--
INFO: Run ContentReplace Behavior [ RunTime:0.000806s ]
INFO: Run TokenBuild Behavior [ RunTime:0.000785s ]
INFO: Run WriteHtmlCache Behavior [ RunTime:0.000665s ]
INFO: Run ShowRuntime Behavior [ RunTime:0.000851s ]
INFO: [ view_filter ] --END-- [ RunTime:0.003300s ]
INFO: [ view_end ] --START--
INFO: Run ShowPageTrace Behavior [ RunTime:0.001055s ]
INFO: [ view_end ] --END-- [ RunTime:0.001121s ]

[ 2013-09-02T10:34:00+08:00 ] 127.0.0.1 /jianliapp/index.php?s=/App/index
INFO: [ route_check ] --START--
INFO: Run CheckRoute Behavior [ RunTime:0.001388s ]
INFO: [ route_check ] --END-- [ RunTime:0.001570s ]
INFO: [ app_begin ] --START--
INFO: Run ReadHtmlCache Behavior [ RunTime:0.000873s ]
INFO: [ app_begin ] --END-- [ RunTime:0.000990s ]
SQL: SHOW COLUMNS FROM `oa_area` [ RunTime:0.001518s ]
ERR: Table 'jianliapp.oa_area' doesn't exist
 [ SQL语句 ] : SHOW COLUMNS FROM `oa_area`
SQL: SHOW COLUMNS FROM `oa_subcompanys` [ RunTime:0.041888s ]
SQL: SELECT * FROM `oa_subcompanys` WHERE ( `appid` = 1 ) AND ( `status` = 0 ) ORDER BY id ASC  [ RunTime:0.000442s ]
NOTIC: [2] Invalid argument supplied for foreach() C:\AppServ\www\jianliapp\Home\Lib\Action\AppAction.class.php 第 35 行.
INFO: [ view_template ] --START--
INFO: Run LocationTemplate Behavior [ RunTime:0.002067s ]
INFO: [ view_template ] --END-- [ RunTime:0.002190s ]
INFO: [ view_parse ] --START--
INFO: Run ParseTemplate Behavior [ RunTime:0.043654s ]
INFO: [ view_parse ] --END-- [ RunTime:0.043762s ]
INFO: [ view_filter ] --START--
INFO: Run ContentReplace Behavior [ RunTime:0.000418s ]
INFO: Run TokenBuild Behavior [ RunTime:0.000320s ]
INFO: Run WriteHtmlCache Behavior [ RunTime:0.000211s ]
INFO: Run ShowRuntime Behavior [ RunTime:0.000382s ]
INFO: [ view_filter ] --END-- [ RunTime:0.001492s ]
INFO: [ view_end ] --START--
INFO: Run ShowPageTrace Behavior [ RunTime:0.000556s ]
INFO: [ view_end ] --END-- [ RunTime:0.000661s ]

[ 2013-09-02T10:34:53+08:00 ] 127.0.0.1 /jianliapp/index.php?s=/App/index
INFO: [ route_check ] --START--
INFO: Run CheckRoute Behavior [ RunTime:0.000698s ]
INFO: [ route_check ] --END-- [ RunTime:0.000785s ]
INFO: [ app_begin ] --START--
INFO: Run ReadHtmlCache Behavior [ RunTime:0.000457s ]
INFO: [ app_begin ] --END-- [ RunTime:0.000521s ]
SQL: SHOW COLUMNS FROM `oa_area` [ RunTime:0.001498s ]
ERR: Table 'jianliapp.oa_area' doesn't exist
 [ SQL语句 ] : SHOW COLUMNS FROM `oa_area`
SQL: SHOW COLUMNS FROM `oa_apps` [ RunTime:0.001401s ]
SQL: UPDATE `oa_apps` SET `name`='易监理',`info`='监理',`phone`='13111111111',`contact`='程威',`logo`='20130902/5223f94d68f56.jpg' WHERE ( `id` = 1 ) [ RunTime:0.000297s ]
INFO: [ view_template ] --START--
INFO: Run LocationTemplate Behavior [ RunTime:0.000379s ]
INFO: [ view_template ] --END-- [ RunTime:0.000437s ]
INFO: [ view_parse ] --START--
INFO: Run ParseTemplate Behavior [ RunTime:0.007269s ]
INFO: [ view_parse ] --END-- [ RunTime:0.007346s ]
INFO: [ view_filter ] --START--
INFO: Run ContentReplace Behavior [ RunTime:0.000292s ]
INFO: Run TokenBuild Behavior [ RunTime:0.000300s ]
INFO: Run WriteHtmlCache Behavior [ RunTime:0.000205s ]
INFO: Run ShowRuntime Behavior [ RunTime:0.000351s ]
INFO: [ view_filter ] --END-- [ RunTime:0.001292s ]
INFO: [ view_end ] --START--
INFO: Run ShowPageTrace Behavior [ RunTime:0.000464s ]
INFO: [ view_end ] --END-- [ RunTime:0.000515s ]

[ 2013-09-02T10:34:54+08:00 ] 127.0.0.1 /jianliapp/index.php?s=/App/index
INFO: [ route_check ] --START--
INFO: Run CheckRoute Behavior [ RunTime:0.000721s ]
INFO: [ route_check ] --END-- [ RunTime:0.000806s ]
INFO: [ app_begin ] --START--
INFO: Run ReadHtmlCache Behavior [ RunTime:0.000467s ]
INFO: [ app_begin ] --END-- [ RunTime:0.000527s ]
SQL: SHOW COLUMNS FROM `oa_area` [ RunTime:0.001965s ]
ERR: Table 'jianliapp.oa_area' doesn't exist
 [ SQL语句 ] : SHOW COLUMNS FROM `oa_area`
SQL: SHOW COLUMNS FROM `oa_subcompanys` [ RunTime:0.001367s ]
SQL: SELECT * FROM `oa_subcompanys` WHERE ( `appid` = 1 ) AND ( `status` = 0 ) ORDER BY id ASC  [ RunTime:0.000184s ]
NOTIC: [2] Invalid argument supplied for foreach() C:\AppServ\www\jianliapp\Home\Lib\Action\AppAction.class.php 第 35 行.
INFO: [ view_template ] --START--
INFO: Run LocationTemplate Behavior [ RunTime:0.000408s ]
INFO: [ view_template ] --END-- [ RunTime:0.000470s ]
INFO: [ view_parse ] --START--
INFO: Run ParseTemplate Behavior [ RunTime:0.020634s ]
INFO: [ view_parse ] --END-- [ RunTime:0.020721s ]
INFO: [ view_filter ] --START--
INFO: Run ContentReplace Behavior [ RunTime:0.000431s ]
INFO: Run TokenBuild Behavior [ RunTime:0.000311s ]
INFO: Run WriteHtmlCache Behavior [ RunTime:0.000204s ]
INFO: Run ShowRuntime Behavior [ RunTime:0.000373s ]
INFO: [ view_filter ] --END-- [ RunTime:0.001464s ]
INFO: [ view_end ] --START--
INFO: Run ShowPageTrace Behavior [ RunTime:0.000479s ]
INFO: [ view_end ] --END-- [ RunTime:0.000539s ]

[ 2013-09-02T10:37:06+08:00 ] 127.0.0.1 /jianliapp/index.php?s=/App/index
INFO: [ route_check ] --START--
INFO: Run CheckRoute Behavior [ RunTime:0.001254s ]
INFO: [ route_check ] --END-- [ RunTime:0.001358s ]
INFO: [ app_begin ] --START--
INFO: Run ReadHtmlCache Behavior [ RunTime:0.000963s ]
INFO: [ app_begin ] --END-- [ RunTime:0.001042s ]
SQL: SHOW COLUMNS FROM `oa_area` [ RunTime:0.001503s ]
ERR: Table 'jianliapp.oa_area' doesn't exist
 [ SQL语句 ] : SHOW COLUMNS FROM `oa_area`
SQL: SHOW COLUMNS FROM `oa_subcompanys` [ RunTime:0.001539s ]
SQL: SELECT * FROM `oa_subcompanys` WHERE ( `appid` = 1 ) AND ( `status` = 0 ) ORDER BY id ASC  [ RunTime:0.000171s ]
NOTIC: [2] Invalid argument supplied for foreach() C:\AppServ\www\jianliapp\Home\Lib\Action\AppAction.class.php 第 35 行.
INFO: [ view_template ] --START--
INFO: Run LocationTemplate Behavior [ RunTime:0.001054s ]
INFO: [ view_template ] --END-- [ RunTime:0.001112s ]
INFO: [ view_parse ] --START--
INFO: Run ParseTemplate Behavior [ RunTime:0.028124s ]
INFO: [ view_parse ] --END-- [ RunTime:0.028213s ]
INFO: [ view_filter ] --START--
INFO: Run ContentReplace Behavior [ RunTime:0.000756s ]
INFO: Run TokenBuild Behavior [ RunTime:0.000625s ]
INFO: Run WriteHtmlCache Behavior [ RunTime:0.000573s ]
INFO: Run ShowRuntime Behavior [ RunTime:0.000745s ]
INFO: [ view_filter ] --END-- [ RunTime:0.002860s ]
INFO: [ view_end ] --START--
INFO: Run ShowPageTrace Behavior [ RunTime:0.000960s ]
INFO: [ view_end ] --END-- [ RunTime:0.001028s ]

[ 2013-09-02T10:37:07+08:00 ] 127.0.0.1 /jianliapp/index.php?s=/App/index
INFO: [ route_check ] --START--
INFO: Run CheckRoute Behavior [ RunTime:0.001021s ]
INFO: [ route_check ] --END-- [ RunTime:0.001102s ]
INFO: [ app_begin ] --START--
INFO: Run ReadHtmlCache Behavior [ RunTime:0.000753s ]
INFO: [ app_begin ] --END-- [ RunTime:0.000810s ]
SQL: SHOW COLUMNS FROM `oa_area` [ RunTime:0.002226s ]
ERR: Table 'jianliapp.oa_area' doesn't exist
 [ SQL语句 ] : SHOW COLUMNS FROM `oa_area`
SQL: SHOW COLUMNS FROM `oa_subcompanys` [ RunTime:0.001384s ]
SQL: SELECT * FROM `oa_subcompanys` WHERE ( `appid` = 1 ) AND ( `status` = 0 ) ORDER BY id ASC  [ RunTime:0.000180s ]
NOTIC: [2] Invalid argument supplied for foreach() C:\AppServ\www\jianliapp\Home\Lib\Action\AppAction.class.php 第 35 行.
INFO: [ view_template ] --START--
INFO: Run LocationTemplate Behavior [ RunTime:0.001045s ]
INFO: [ view_template ] --END-- [ RunTime:0.001101s ]
INFO: [ view_parse ] --START--
INFO: Run ParseTemplate Behavior [ RunTime:0.027531s ]
INFO: [ view_parse ] --END-- [ RunTime:0.027614s ]
INFO: [ view_filter ] --START--
INFO: Run ContentReplace Behavior [ RunTime:0.000741s ]
INFO: Run TokenBuild Behavior [ RunTime:0.000632s ]
INFO: Run WriteHtmlCache Behavior [ RunTime:0.000518s ]
INFO: Run ShowRuntime Behavior [ RunTime:0.000692s ]
INFO: [ view_filter ] --END-- [ RunTime:0.002733s ]
INFO: [ view_end ] --START--
INFO: Run ShowPageTrace Behavior [ RunTime:0.000928s ]
INFO: [ view_end ] --END-- [ RunTime:0.001025s ]

[ 2013-09-02T10:37:09+08:00 ] 127.0.0.1 /jianliapp/index.php?s=/App/index
INFO: [ route_check ] --START--
INFO: Run CheckRoute Behavior [ RunTime:0.001000s ]
INFO: [ route_check ] --END-- [ RunTime:0.001080s ]
INFO: [ app_begin ] --START--
INFO: Run ReadHtmlCache Behavior [ RunTime:0.000750s ]
INFO: [ app_begin ] --END-- [ RunTime:0.000809s ]
SQL: SHOW COLUMNS FROM `oa_area` [ RunTime:0.001553s ]
ERR: Table 'jianliapp.oa_area' doesn't exist
 [ SQL语句 ] : SHOW COLUMNS FROM `oa_area`
SQL: SHOW COLUMNS FROM `oa_subcompanys` [ RunTime:0.001366s ]
SQL: SELECT * FROM `oa_subcompanys` WHERE ( `appid` = 1 ) AND ( `status` = 0 ) ORDER BY id ASC  [ RunTime:0.000213s ]
NOTIC: [2] Invalid argument supplied for foreach() C:\AppServ\www\jianliapp\Home\Lib\Action\AppAction.class.php 第 35 行.
INFO: [ view_template ] --START--
INFO: Run LocationTemplate Behavior [ RunTime:0.001048s ]
INFO: [ view_template ] --END-- [ RunTime:0.001104s ]
INFO: [ view_parse ] --START--
INFO: Run ParseTemplate Behavior [ RunTime:0.027083s ]
INFO: [ view_parse ] --END-- [ RunTime:0.027178s ]
INFO: [ view_filter ] --START--
INFO: Run ContentReplace Behavior [ RunTime:0.000815s ]
INFO: Run TokenBuild Behavior [ RunTime:0.000626s ]
INFO: Run WriteHtmlCache Behavior [ RunTime:0.000528s ]
INFO: Run ShowRuntime Behavior [ RunTime:0.000692s ]
INFO: [ view_filter ] --END-- [ RunTime:0.002817s ]
INFO: [ view_end ] --START--
INFO: Run ShowPageTrace Behavior [ RunTime:0.000846s ]
INFO: [ view_end ] --END-- [ RunTime:0.000908s ]

[ 2013-09-02T10:40:49+08:00 ] 127.0.0.1 /jianliapp/index.php?s=/App/index
INFO: [ route_check ] --START--
INFO: Run CheckRoute Behavior [ RunTime:0.001134s ]
INFO: [ route_check ] --END-- [ RunTime:0.001232s ]
INFO: [ app_begin ] --START--
INFO: Run ReadHtmlCache Behavior [ RunTime:0.000791s ]
INFO: [ app_begin ] --END-- [ RunTime:0.000855s ]
SQL: SHOW COLUMNS FROM `oa_area` [ RunTime:0.001776s ]
ERR: Table 'jianliapp.oa_area' doesn't exist
 [ SQL语句 ] : SHOW COLUMNS FROM `oa_area`
SQL: SHOW COLUMNS FROM `oa_subcompanys` [ RunTime:0.003082s ]
SQL: SELECT * FROM `oa_subcompanys` WHERE ( `appid` = 1 ) AND ( `status` = 0 ) ORDER BY id ASC  [ RunTime:0.000240s ]
NOTIC: [2] Invalid argument supplied for foreach() C:\AppServ\www\jianliapp\Home\Lib\Action\AppAction.class.php 第 35 行.
INFO: [ view_template ] --START--
INFO: Run LocationTemplate Behavior [ RunTime:0.001182s ]
INFO: [ view_template ] --END-- [ RunTime:0.001258s ]
INFO: [ view_parse ] --START--
INFO: Run ParseTemplate Behavior [ RunTime:0.033479s ]
INFO: [ view_parse ] --END-- [ RunTime:0.033568s ]
INFO: [ view_filter ] --START--
INFO: Run ContentReplace Behavior [ RunTime:0.000773s ]
INFO: Run TokenBuild Behavior [ RunTime:0.000650s ]
INFO: Run WriteHtmlCache Behavior [ RunTime:0.000538s ]
INFO: Run ShowRuntime Behavior [ RunTime:0.000715s ]
INFO: [ view_filter ] --END-- [ RunTime:0.002845s ]
INFO: [ view_end ] --START--
INFO: Run ShowPageTrace Behavior [ RunTime:0.001471s ]
INFO: [ view_end ] --END-- [ RunTime:0.001609s ]

[ 2013-09-02T10:41:01+08:00 ] 127.0.0.1 /jianliapp/index.php?s=/App/index
INFO: [ route_check ] --START--
INFO: Run CheckRoute Behavior [ RunTime:0.001549s ]
INFO: [ route_check ] --END-- [ RunTime:0.001670s ]
INFO: [ app_begin ] --START--
INFO: Run ReadHtmlCache Behavior [ RunTime:0.001205s ]
INFO: [ app_begin ] --END-- [ RunTime:0.001301s ]
SQL: SHOW COLUMNS FROM `oa_area` [ RunTime:0.001736s ]
ERR: Table 'jianliapp.oa_area' doesn't exist
 [ SQL语句 ] : SHOW COLUMNS FROM `oa_area`
SQL: SHOW COLUMNS FROM `oa_subcompanys` [ RunTime:0.003110s ]
SQL: SELECT * FROM `oa_subcompanys` WHERE ( `appid` = 1 ) AND ( `status` = 0 ) ORDER BY id ASC  [ RunTime:0.000475s ]
NOTIC: [2] Invalid argument supplied for foreach() C:\AppServ\www\jianliapp\Home\Lib\Action\AppAction.class.php 第 35 行.
INFO: [ view_template ] --START--
INFO: Run LocationTemplate Behavior [ RunTime:0.001111s ]
INFO: [ view_template ] --END-- [ RunTime:0.001174s ]
INFO: [ view_parse ] --START--
INFO: Run ParseTemplate Behavior [ RunTime:0.027724s ]
INFO: [ view_parse ] --END-- [ RunTime:0.027840s ]
INFO: [ view_filter ] --START--
INFO: Run ContentReplace Behavior [ RunTime:0.001266s ]
INFO: Run TokenBuild Behavior [ RunTime:0.001091s ]
INFO: Run WriteHtmlCache Behavior [ RunTime:0.000858s ]
INFO: Run ShowRuntime Behavior [ RunTime:0.001145s ]
INFO: [ view_filter ] --END-- [ RunTime:0.004633s ]
INFO: [ view_end ] --START--
INFO: Run ShowPageTrace Behavior [ RunTime:0.001403s ]
INFO: [ view_end ] --END-- [ RunTime:0.001523s ]

[ 2013-09-02T10:44:29+08:00 ] 127.0.0.1 /jianliapp/index.php?s=/User/userList/type/all
INFO: [ route_check ] --START--
INFO: Run CheckRoute Behavior [ RunTime:0.001250s ]
INFO: [ route_check ] --END-- [ RunTime:0.001363s ]
INFO: [ app_begin ] --START--
INFO: Run ReadHtmlCache Behavior [ RunTime:0.000791s ]
INFO: [ app_begin ] --END-- [ RunTime:0.000854s ]
SQL: SHOW COLUMNS FROM `oa_users` [ RunTime:0.004220s ]
SQL: SELECT * FROM `oa_users` WHERE ( `app_id` = 1 ) AND ( `status` = 0 )  [ RunTime:0.000687s ]
INFO: [ view_template ] --START--
INFO: Run LocationTemplate Behavior [ RunTime:0.001793s ]
INFO: [ view_template ] --END-- [ RunTime:0.001922s ]
INFO: [ view_parse ] --START--
INFO: Run ParseTemplate Behavior [ RunTime:0.038988s ]
INFO: [ view_parse ] --END-- [ RunTime:0.039091s ]
INFO: [ view_filter ] --START--
INFO: Run ContentReplace Behavior [ RunTime:0.000792s ]
INFO: Run TokenBuild Behavior [ RunTime:0.000665s ]
INFO: Run WriteHtmlCache Behavior [ RunTime:0.000877s ]
INFO: Run ShowRuntime Behavior [ RunTime:0.000826s ]
INFO: [ view_filter ] --END-- [ RunTime:0.003360s ]
INFO: [ view_end ] --START--
INFO: Run ShowPageTrace Behavior [ RunTime:0.001495s ]
INFO: [ view_end ] --END-- [ RunTime:0.001634s ]

[ 2013-09-02T10:44:36+08:00 ] 127.0.0.1 /jianliapp/index.php?s=/User/userList/type/all
INFO: [ route_check ] --START--
INFO: Run CheckRoute Behavior [ RunTime:0.000709s ]
INFO: [ route_check ] --END-- [ RunTime:0.000796s ]
INFO: [ app_begin ] --START--
INFO: Run ReadHtmlCache Behavior [ RunTime:0.000438s ]
INFO: [ app_begin ] --END-- [ RunTime:0.000497s ]
SQL: SHOW COLUMNS FROM `oa_users` [ RunTime:0.001526s ]
SQL: SELECT * FROM `oa_users` WHERE ( `app_id` = 1 ) AND ( `status` = 0 )  [ RunTime:0.000268s ]
INFO: [ view_template ] --START--
INFO: Run LocationTemplate Behavior [ RunTime:0.000744s ]
INFO: [ view_template ] --END-- [ RunTime:0.000900s ]
INFO: [ view_parse ] --START--
INFO: Run ParseTemplate Behavior [ RunTime:0.017257s ]
INFO: [ view_parse ] --END-- [ RunTime:0.017352s ]
INFO: [ view_filter ] --START--
INFO: Run ContentReplace Behavior [ RunTime:0.000412s ]
INFO: Run TokenBuild Behavior [ RunTime:0.000303s ]
INFO: Run WriteHtmlCache Behavior [ RunTime:0.000208s ]
INFO: Run ShowRuntime Behavior [ RunTime:0.000370s ]
INFO: [ view_filter ] --END-- [ RunTime:0.001441s ]
INFO: [ view_end ] --START--
INFO: Run ShowPageTrace Behavior [ RunTime:0.000686s ]
INFO: [ view_end ] --END-- [ RunTime:0.000776s ]

[ 2013-09-02T10:44:40+08:00 ] 127.0.0.1 /jianliapp/index.php?s=/User/add
INFO: [ route_check ] --START--
INFO: Run CheckRoute Behavior [ RunTime:0.002377s ]
INFO: [ route_check ] --END-- [ RunTime:0.002751s ]
INFO: [ app_begin ] --START--
INFO: Run ReadHtmlCache Behavior [ RunTime:0.001096s ]
INFO: [ app_begin ] --END-- [ RunTime:0.001250s ]
SQL: SHOW COLUMNS FROM `oa_users` [ RunTime:0.001583s ]
INFO: [ view_template ] --START--
INFO: Run LocationTemplate Behavior [ RunTime:0.001364s ]
INFO: [ view_template ] --END-- [ RunTime:0.001460s ]
INFO: [ view_parse ] --START--
NOTIC: [8] Undefined variable: data C:\AppServ\www\jianliapp\Home\Runtime\Cache\0d397d12e7f825966836ae5022f2ef17.php 第 253 行.
INFO: Run ParseTemplate Behavior [ RunTime:0.023687s ]
INFO: [ view_parse ] --END-- [ RunTime:0.023776s ]
INFO: [ view_filter ] --START--
INFO: Run ContentReplace Behavior [ RunTime:0.000787s ]
INFO: Run TokenBuild Behavior [ RunTime:0.000624s ]
INFO: Run WriteHtmlCache Behavior [ RunTime:0.000570s ]
INFO: Run ShowRuntime Behavior [ RunTime:0.000734s ]
INFO: [ view_filter ] --END-- [ RunTime:0.002877s ]
INFO: [ view_end ] --START--
INFO: Run ShowPageTrace Behavior [ RunTime:0.000888s ]
INFO: [ view_end ] --END-- [ RunTime:0.000960s ]

[ 2013-09-02T10:44:44+08:00 ] 127.0.0.1 /jianliapp/index.php?s=/App/index
INFO: [ route_check ] --START--
INFO: Run CheckRoute Behavior [ RunTime:0.001419s ]
INFO: [ route_check ] --END-- [ RunTime:0.001582s ]
INFO: [ app_begin ] --START--
INFO: Run ReadHtmlCache Behavior [ RunTime:0.001058s ]
INFO: [ app_begin ] --END-- [ RunTime:0.001257s ]
SQL: SHOW COLUMNS FROM `oa_area` [ RunTime:0.001504s ]
ERR: Table 'jianliapp.oa_area' doesn't exist
 [ SQL语句 ] : SHOW COLUMNS FROM `oa_area`
SQL: SHOW COLUMNS FROM `oa_subcompanys` [ RunTime:0.001257s ]
SQL: SELECT * FROM `oa_subcompanys` WHERE ( `appid` = 1 ) AND ( `status` = 0 ) ORDER BY id ASC  [ RunTime:0.000177s ]
NOTIC: [2] Invalid argument supplied for foreach() C:\AppServ\www\jianliapp\Home\Lib\Action\AppAction.class.php 第 35 行.
INFO: [ view_template ] --START--
INFO: Run LocationTemplate Behavior [ RunTime:0.000714s ]
INFO: [ view_template ] --END-- [ RunTime:0.000772s ]
INFO: [ view_parse ] --START--
INFO: Run ParseTemplate Behavior [ RunTime:0.021219s ]
INFO: [ view_parse ] --END-- [ RunTime:0.021301s ]
INFO: [ view_filter ] --START--
INFO: Run ContentReplace Behavior [ RunTime:0.000404s ]
INFO: Run TokenBuild Behavior [ RunTime:0.000304s ]
INFO: Run WriteHtmlCache Behavior [ RunTime:0.000215s ]
INFO: Run ShowRuntime Behavior [ RunTime:0.000377s ]
INFO: [ view_filter ] --END-- [ RunTime:0.001446s ]
INFO: [ view_end ] --START--
INFO: Run ShowPageTrace Behavior [ RunTime:0.000754s ]
INFO: [ view_end ] --END-- [ RunTime:0.000823s ]

[ 2013-09-02T10:44:47+08:00 ] 127.0.0.1 /jianliapp/index.php?s=/User/userList/type/designer
INFO: [ route_check ] --START--
INFO: Run CheckRoute Behavior [ RunTime:0.001893s ]
INFO: [ route_check ] --END-- [ RunTime:0.002251s ]
INFO: [ app_begin ] --START--
INFO: Run ReadHtmlCache Behavior [ RunTime:0.001050s ]
INFO: [ app_begin ] --END-- [ RunTime:0.001257s ]
SQL: SHOW COLUMNS FROM `oa_users` [ RunTime:0.002437s ]
SQL: SELECT * FROM `oa_users` WHERE ( `app_id` = 1 ) AND ( `status` = 0 ) AND ( `type` = 1 )  [ RunTime:0.000476s ]
INFO: [ view_template ] --START--
INFO: Run LocationTemplate Behavior [ RunTime:0.001197s ]
INFO: [ view_template ] --END-- [ RunTime:0.001310s ]
INFO: [ view_parse ] --START--
INFO: Run ParseTemplate Behavior [ RunTime:0.018419s ]
INFO: [ view_parse ] --END-- [ RunTime:0.018513s ]
INFO: [ view_filter ] --START--
INFO: Run ContentReplace Behavior [ RunTime:0.000389s ]
INFO: Run TokenBuild Behavior [ RunTime:0.000302s ]
INFO: Run WriteHtmlCache Behavior [ RunTime:0.000203s ]
INFO: Run ShowRuntime Behavior [ RunTime:0.000389s ]
INFO: [ view_filter ] --END-- [ RunTime:0.001432s ]
INFO: [ view_end ] --START--
INFO: Run ShowPageTrace Behavior [ RunTime:0.000610s ]
INFO: [ view_end ] --END-- [ RunTime:0.000685s ]

[ 2013-09-02T10:44:48+08:00 ] 127.0.0.1 /jianliapp/index.php?s=/App/index
INFO: [ route_check ] --START--
INFO: Run CheckRoute Behavior [ RunTime:0.001492s ]
INFO: [ route_check ] --END-- [ RunTime:0.001606s ]
INFO: [ app_begin ] --START--
INFO: Run ReadHtmlCache Behavior [ RunTime:0.000850s ]
INFO: [ app_begin ] --END-- [ RunTime:0.000911s ]
SQL: SHOW COLUMNS FROM `oa_area` [ RunTime:0.001647s ]
ERR: Table 'jianliapp.oa_area' doesn't exist
 [ SQL语句 ] : SHOW COLUMNS FROM `oa_area`
SQL: SHOW COLUMNS FROM `oa_subcompanys` [ RunTime:0.001501s ]
SQL: SELECT * FROM `oa_subcompanys` WHERE ( `appid` = 1 ) AND ( `status` = 0 ) ORDER BY id ASC  [ RunTime:0.000201s ]
NOTIC: [2] Invalid argument supplied for foreach() C:\AppServ\www\jianliapp\Home\Lib\Action\AppAction.class.php 第 35 行.
INFO: [ view_template ] --START--
INFO: Run LocationTemplate Behavior [ RunTime:0.001135s ]
INFO: [ view_template ] --END-- [ RunTime:0.001196s ]
INFO: [ view_parse ] --START--
INFO: Run ParseTemplate Behavior [ RunTime:0.027155s ]
INFO: [ view_parse ] --END-- [ RunTime:0.027234s ]
INFO: [ view_filter ] --START--
INFO: Run ContentReplace Behavior [ RunTime:0.000724s ]
INFO: Run TokenBuild Behavior [ RunTime:0.000619s ]
INFO: Run WriteHtmlCache Behavior [ RunTime:0.000525s ]
INFO: Run ShowRuntime Behavior [ RunTime:0.000680s ]
INFO: [ view_filter ] --END-- [ RunTime:0.002699s ]
INFO: [ view_end ] --START--
INFO: Run ShowPageTrace Behavior [ RunTime:0.001170s ]
INFO: [ view_end ] --END-- [ RunTime:0.001250s ]

[ 2013-09-02T10:44:51+08:00 ] 127.0.0.1 /jianliapp/index.php?s=/Case/show
INFO: [ route_check ] --START--
INFO: Run CheckRoute Behavior [ RunTime:0.001517s ]
INFO: [ route_check ] --END-- [ RunTime:0.001690s ]
INFO: [ app_begin ] --START--
INFO: Run ReadHtmlCache Behavior [ RunTime:0.000498s ]
INFO: [ app_begin ] --END-- [ RunTime:0.000567s ]
SQL: SHOW COLUMNS FROM `oa_case` [ RunTime:0.033496s ]
SQL: SELECT * FROM `oa_case` WHERE ( `app_id` = 1 ) AND ( `status` = 0 )  [ RunTime:0.000240s ]
INFO: [ view_template ] --START--
INFO: Run LocationTemplate Behavior [ RunTime:0.000810s ]
INFO: [ view_template ] --END-- [ RunTime:0.000894s ]
INFO: [ view_parse ] --START--
INFO: Run ParseTemplate Behavior [ RunTime:0.017651s ]
INFO: [ view_parse ] --END-- [ RunTime:0.017757s ]
INFO: [ view_filter ] --START--
INFO: Run ContentReplace Behavior [ RunTime:0.000373s ]
INFO: Run TokenBuild Behavior [ RunTime:0.000300s ]
INFO: Run WriteHtmlCache Behavior [ RunTime:0.000202s ]
INFO: Run ShowRuntime Behavior [ RunTime:0.000399s ]
INFO: [ view_filter ] --END-- [ RunTime:0.001424s ]
INFO: [ view_end ] --START--
INFO: Run ShowPageTrace Behavior [ RunTime:0.000517s ]
INFO: [ view_end ] --END-- [ RunTime:0.000589s ]

[ 2013-09-02T10:44:53+08:00 ] 127.0.0.1 /jianliapp/index.php?s=/Active/index
INFO: [ route_check ] --START--
INFO: Run CheckRoute Behavior [ RunTime:0.001468s ]
INFO: [ route_check ] --END-- [ RunTime:0.001641s ]
INFO: [ app_begin ] --START--
INFO: Run ReadHtmlCache Behavior [ RunTime:0.000990s ]
INFO: [ app_begin ] --END-- [ RunTime:0.001158s ]
SQL: SHOW COLUMNS FROM `oa_active` [ RunTime:0.017268s ]
SQL: SELECT * FROM `oa_active` WHERE ( `app_id` = 1 ) AND ( `status` = 0 )  [ RunTime:0.000240s ]
INFO: [ view_template ] --START--
INFO: Run LocationTemplate Behavior [ RunTime:0.001103s ]
INFO: [ view_template ] --END-- [ RunTime:0.001184s ]
INFO: [ view_parse ] --START--
INFO: Run ParseTemplate Behavior [ RunTime:0.019889s ]
INFO: [ view_parse ] --END-- [ RunTime:0.019997s ]
INFO: [ view_filter ] --START--
INFO: Run ContentReplace Behavior [ RunTime:0.000498s ]
INFO: Run TokenBuild Behavior [ RunTime:0.000451s ]
INFO: Run WriteHtmlCache Behavior [ RunTime:0.000251s ]
INFO: Run ShowRuntime Behavior [ RunTime:0.000434s ]
INFO: [ view_filter ] --END-- [ RunTime:0.001830s ]
INFO: [ view_end ] --START--
INFO: Run ShowPageTrace Behavior [ RunTime:0.000577s ]
INFO: [ view_end ] --END-- [ RunTime:0.000650s ]

[ 2013-09-02T10:44:57+08:00 ] 127.0.0.1 /jianliapp/index.php?s=/Project/index
INFO: [ route_check ] --START--
INFO: Run CheckRoute Behavior [ RunTime:0.001500s ]
INFO: [ route_check ] --END-- [ RunTime:0.001668s ]
INFO: [ app_begin ] --START--
INFO: Run ReadHtmlCache Behavior [ RunTime:0.000946s ]
INFO: [ app_begin ] --END-- [ RunTime:0.001079s ]
SQL: SHOW COLUMNS FROM `oa_project` [ RunTime:0.035776s ]
SQL: SELECT COUNT(*) AS tp_count FROM `oa_project` WHERE ( `status` = 0 ) LIMIT 1   [ RunTime:0.000413s ]
SQL: SELECT * FROM `oa_project` WHERE ( `status` = 0 ) LIMIT 0,10   [ RunTime:0.000226s ]
NOTIC: [2] Invalid argument supplied for foreach() C:\AppServ\www\jianliapp\Home\Lib\Model\BaseModel.class.php 第 48 行.
INFO: [ view_template ] --START--
INFO: Run LocationTemplate Behavior [ RunTime:0.001382s ]
INFO: [ view_template ] --END-- [ RunTime:0.001493s ]
INFO: [ view_parse ] --START--
INFO: Run ParseTemplate Behavior [ RunTime:0.033130s ]
INFO: [ view_parse ] --END-- [ RunTime:0.033264s ]
INFO: [ view_filter ] --START--
INFO: Run ContentReplace Behavior [ RunTime:0.000721s ]
INFO: Run TokenBuild Behavior [ RunTime:0.000587s ]
INFO: Run WriteHtmlCache Behavior [ RunTime:0.000386s ]
INFO: Run ShowRuntime Behavior [ RunTime:0.000717s ]
INFO: [ view_filter ] --END-- [ RunTime:0.002688s ]
INFO: [ view_end ] --START--
INFO: Run ShowPageTrace Behavior [ RunTime:0.001255s ]
INFO: [ view_end ] --END-- [ RunTime:0.001430s ]

[ 2013-09-02T10:44:58+08:00 ] 127.0.0.1 /jianliapp/index.php?s=/User/userList/type/amaldar
INFO: [ route_check ] --START--
INFO: Run CheckRoute Behavior [ RunTime:0.001636s ]
INFO: [ route_check ] --END-- [ RunTime:0.001816s ]
INFO: [ app_begin ] --START--
INFO: Run ReadHtmlCache Behavior [ RunTime:0.001148s ]
INFO: [ app_begin ] --END-- [ RunTime:0.001299s ]
SQL: SHOW COLUMNS FROM `oa_users` [ RunTime:0.001541s ]
SQL: SELECT * FROM `oa_users` WHERE ( `app_id` = 1 ) AND ( `status` = 0 ) AND ( `type` = 3 )  [ RunTime:0.000186s ]
INFO: [ view_template ] --START--
INFO: Run LocationTemplate Behavior [ RunTime:0.000478s ]
INFO: [ view_template ] --END-- [ RunTime:0.000539s ]
INFO: [ view_parse ] --START--
INFO: Run ParseTemplate Behavior [ RunTime:0.016984s ]
INFO: [ view_parse ] --END-- [ RunTime:0.017069s ]
INFO: [ view_filter ] --START--
INFO: Run ContentReplace Behavior [ RunTime:0.000385s ]
INFO: Run TokenBuild Behavior [ RunTime:0.000303s ]
INFO: Run WriteHtmlCache Behavior [ RunTime:0.000202s ]
INFO: Run ShowRuntime Behavior [ RunTime:0.000379s ]
INFO: [ view_filter ] --END-- [ RunTime:0.001415s ]
INFO: [ view_end ] --START--
INFO: Run ShowPageTrace Behavior [ RunTime:0.000573s ]
INFO: [ view_end ] --END-- [ RunTime:0.000642s ]

[ 2013-09-02T10:51:26+08:00 ] 127.0.0.1 /jianliapp/index.php?s=/User/userList/type/designer
INFO: [ route_check ] --START--
INFO: Run CheckRoute Behavior [ RunTime:0.001190s ]
INFO: [ route_check ] --END-- [ RunTime:0.001325s ]
INFO: [ app_begin ] --START--
INFO: Run ReadHtmlCache Behavior [ RunTime:0.000803s ]
INFO: [ app_begin ] --END-- [ RunTime:0.000873s ]
SQL: SHOW COLUMNS FROM `oa_users` [ RunTime:0.002121s ]
SQL: SELECT * FROM `oa_users` WHERE ( `app_id` = 1 ) AND ( `status` = 0 ) AND ( `type` = 1 )  [ RunTime:0.000378s ]
INFO: [ view_template ] --START--
INFO: Run LocationTemplate Behavior [ RunTime:0.001144s ]
INFO: [ view_template ] --END-- [ RunTime:0.001208s ]
INFO: [ view_parse ] --START--
INFO: Run ParseTemplate Behavior [ RunTime:0.018997s ]
INFO: [ view_parse ] --END-- [ RunTime:0.019079s ]
INFO: [ view_filter ] --START--
INFO: Run ContentReplace Behavior [ RunTime:0.000698s ]
INFO: Run TokenBuild Behavior [ RunTime:0.000618s ]
INFO: Run WriteHtmlCache Behavior [ RunTime:0.000520s ]
INFO: Run ShowRuntime Behavior [ RunTime:0.000680s ]
INFO: [ view_filter ] --END-- [ RunTime:0.002665s ]
INFO: [ view_end ] --START--
INFO: Run ShowPageTrace Behavior [ RunTime:0.000827s ]
INFO: [ view_end ] --END-- [ RunTime:0.000897s ]

[ 2013-09-02T10:51:34+08:00 ] 127.0.0.1 /jianliapp/index.php?s=/User/userList/type/all
INFO: [ route_check ] --START--
INFO: Run CheckRoute Behavior [ RunTime:0.001076s ]
INFO: [ route_check ] --END-- [ RunTime:0.001160s ]
INFO: [ app_begin ] --START--
INFO: Run ReadHtmlCache Behavior [ RunTime:0.000751s ]
INFO: [ app_begin ] --END-- [ RunTime:0.000809s ]
SQL: SHOW COLUMNS FROM `oa_users` [ RunTime:0.001417s ]
SQL: SELECT * FROM `oa_users` WHERE ( `app_id` = 1 ) AND ( `status` = 0 )  [ RunTime:0.000231s ]
INFO: [ view_template ] --START--
INFO: Run LocationTemplate Behavior [ RunTime:0.001085s ]
INFO: [ view_template ] --END-- [ RunTime:0.001146s ]
INFO: [ view_parse ] --START--
INFO: Run ParseTemplate Behavior [ RunTime:0.019682s ]
INFO: [ view_parse ] --END-- [ RunTime:0.019761s ]
INFO: [ view_filter ] --START--
INFO: Run ContentReplace Behavior [ RunTime:0.000798s ]
INFO: Run TokenBuild Behavior [ RunTime:0.000667s ]
INFO: Run WriteHtmlCache Behavior [ RunTime:0.000541s ]
INFO: Run ShowRuntime Behavior [ RunTime:0.000706s ]
INFO: [ view_filter ] --END-- [ RunTime:0.002872s ]
INFO: [ view_end ] --START--
INFO: Run ShowPageTrace Behavior [ RunTime:0.001100s ]
INFO: [ view_end ] --END-- [ RunTime:0.001179s ]

