[ 2013-09-03T15:21:13+08:00 ] 127.0.0.1 /jianliapp/index.php?s=/Public/login
INFO: [ route_check ] --START--
INFO: Run CheckRoute Behavior [ RunTime:0.001183s ]
INFO: [ route_check ] --END-- [ RunTime:0.001262s ]
INFO: [ app_begin ] --START--
INFO: Run ReadHtmlCache Behavior [ RunTime:0.000535s ]
INFO: [ app_begin ] --END-- [ RunTime:0.000592s ]
NOTIC: [8] Undefined index:  company C:\AppServ\www\jianliapp\Home\Lib\Action\PublicAction.class.php 第 17 行.
INFO: [ view_template ] --START--
INFO: Run LocationTemplate Behavior [ RunTime:0.013208s ]
INFO: [ view_template ] --END-- [ RunTime:0.013287s ]
INFO: [ view_parse ] --START--
INFO: Run ParseTemplate Behavior [ RunTime:0.057627s ]
INFO: [ view_parse ] --END-- [ RunTime:0.057756s ]
INFO: [ view_filter ] --START--
INFO: Run ContentReplace Behavior [ RunTime:0.008207s ]
INFO: Run TokenBuild Behavior [ RunTime:0.001904s ]
INFO: Run WriteHtmlCache Behavior [ RunTime:0.001665s ]
INFO: Run ShowRuntime Behavior [ RunTime:0.001891s ]
INFO: [ view_filter ] --END-- [ RunTime:0.013988s ]
INFO: [ view_end ] --START--
INFO: Run ShowPageTrace Behavior [ RunTime:0.001856s ]
INFO: [ view_end ] --END-- [ RunTime:0.001956s ]

[ 2013-09-03T15:21:20+08:00 ] 127.0.0.1 /jianliapp/index.php?s=/Public/checkLogin/company/
INFO: [ route_check ] --START--
INFO: Run CheckRoute Behavior [ RunTime:0.000677s ]
INFO: [ route_check ] --END-- [ RunTime:0.000758s ]
INFO: [ app_begin ] --START--
INFO: Run ReadHtmlCache Behavior [ RunTime:0.000435s ]
INFO: [ app_begin ] --END-- [ RunTime:0.000490s ]
SQL: SHOW COLUMNS FROM `oa_apps` [ RunTime:0.033164s ]
SQL: SHOW COLUMNS FROM `oa_users` [ RunTime:0.018170s ]
SQL: SELECT * FROM `oa_users` WHERE ( `account` = 'admin1' ) AND ( `app_id` = 1 ) LIMIT 1   [ RunTime:0.014381s ]
SQL: SELECT * FROM `oa_apps` WHERE ( `id` = 1 ) LIMIT 1   [ RunTime:0.000268s ]
INFO: [ view_template ] --START--
INFO: Run LocationTemplate Behavior [ RunTime:0.000874s ]
INFO: [ view_template ] --END-- [ RunTime:0.000935s ]
INFO: [ view_parse ] --START--
INFO: Run ParseTemplate Behavior [ RunTime:0.017602s ]
INFO: [ view_parse ] --END-- [ RunTime:0.017711s ]
INFO: [ view_filter ] --START--
INFO: Run ContentReplace Behavior [ RunTime:0.000337s ]
INFO: Run TokenBuild Behavior [ RunTime:0.000308s ]
INFO: Run WriteHtmlCache Behavior [ RunTime:0.000210s ]
INFO: Run ShowRuntime Behavior [ RunTime:0.000357s ]
INFO: [ view_filter ] --END-- [ RunTime:0.001380s ]
INFO: [ view_end ] --START--
INFO: Run ShowPageTrace Behavior [ RunTime:0.000467s ]
INFO: [ view_end ] --END-- [ RunTime:0.000520s ]

[ 2013-09-03T15:21:21+08:00 ] 127.0.0.1 /jianliapp/index.php?s=/App/index
INFO: [ route_check ] --START--
INFO: Run CheckRoute Behavior [ RunTime:0.000879s ]
INFO: [ route_check ] --END-- [ RunTime:0.000970s ]
INFO: [ app_begin ] --START--
INFO: Run ReadHtmlCache Behavior [ RunTime:0.000555s ]
INFO: [ app_begin ] --END-- [ RunTime:0.000622s ]
SQL: SHOW COLUMNS FROM `oa_area` [ RunTime:0.001794s ]
ERR: Table 'jianliapp.oa_area' doesn't exist
 [ SQL语句 ] : SHOW COLUMNS FROM `oa_area`
SQL: SHOW COLUMNS FROM `oa_subcompanys` [ RunTime:0.032300s ]
SQL: SELECT * FROM `oa_subcompanys` WHERE ( `appid` = 1 ) AND ( `status` = 0 ) ORDER BY id ASC  [ RunTime:0.000469s ]
NOTIC: [2] Invalid argument supplied for foreach() C:\AppServ\www\jianliapp\Home\Lib\Action\AppAction.class.php 第 35 行.
INFO: [ view_template ] --START--
INFO: Run LocationTemplate Behavior [ RunTime:0.001948s ]
INFO: [ view_template ] --END-- [ RunTime:0.002065s ]
INFO: [ view_parse ] --START--
INFO: Run ParseTemplate Behavior [ RunTime:0.074735s ]
INFO: [ view_parse ] --END-- [ RunTime:0.074890s ]
INFO: [ view_filter ] --START--
INFO: Run ContentReplace Behavior [ RunTime:0.000866s ]
INFO: Run TokenBuild Behavior [ RunTime:0.000709s ]
INFO: Run WriteHtmlCache Behavior [ RunTime:0.000482s ]
INFO: Run ShowRuntime Behavior [ RunTime:0.000781s ]
INFO: [ view_filter ] --END-- [ RunTime:0.003166s ]
INFO: [ view_end ] --START--
INFO: Run ShowPageTrace Behavior [ RunTime:0.001260s ]
INFO: [ view_end ] --END-- [ RunTime:0.001396s ]

[ 2013-09-03T15:21:29+08:00 ] 127.0.0.1 /jianliapp/index.php?s=/User/userList/type/all
INFO: [ route_check ] --START--
INFO: Run CheckRoute Behavior [ RunTime:0.001494s ]
INFO: [ route_check ] --END-- [ RunTime:0.001615s ]
INFO: [ app_begin ] --START--
INFO: Run ReadHtmlCache Behavior [ RunTime:0.001148s ]
INFO: [ app_begin ] --END-- [ RunTime:0.001234s ]
SQL: SHOW COLUMNS FROM `oa_users` [ RunTime:0.001494s ]
SQL: SELECT * FROM `oa_users` WHERE ( `app_id` = 1 ) AND ( `status` = 0 )  [ RunTime:0.000219s ]
INFO: [ view_template ] --START--
INFO: Run LocationTemplate Behavior [ RunTime:0.001311s ]
INFO: [ view_template ] --END-- [ RunTime:0.001394s ]
INFO: [ view_parse ] --START--
INFO: Run ParseTemplate Behavior [ RunTime:0.029825s ]
INFO: [ view_parse ] --END-- [ RunTime:0.029907s ]
INFO: [ view_filter ] --START--
INFO: Run ContentReplace Behavior [ RunTime:0.000746s ]
INFO: Run TokenBuild Behavior [ RunTime:0.000630s ]
INFO: Run WriteHtmlCache Behavior [ RunTime:0.000541s ]
INFO: Run ShowRuntime Behavior [ RunTime:0.000723s ]
INFO: [ view_filter ] --END-- [ RunTime:0.002797s ]
INFO: [ view_end ] --START--
INFO: Run ShowPageTrace Behavior [ RunTime:0.002073s ]
INFO: [ view_end ] --END-- [ RunTime:0.002168s ]

[ 2013-09-03T15:21:46+08:00 ] 127.0.0.1 /jianliapp/index.php?s=/User/edit/id/1
INFO: [ route_check ] --START--
INFO: Run CheckRoute Behavior [ RunTime:0.000683s ]
INFO: [ route_check ] --END-- [ RunTime:0.000769s ]
INFO: [ app_begin ] --START--
INFO: Run ReadHtmlCache Behavior [ RunTime:0.000449s ]
INFO: [ app_begin ] --END-- [ RunTime:0.000509s ]
SQL: SHOW COLUMNS FROM `oa_users` [ RunTime:0.001494s ]
SQL: SELECT * FROM `oa_users` WHERE ( `id` = 1 ) AND ( `app_id` = 1 ) LIMIT 1   [ RunTime:0.000186s ]
INFO: [ view_template ] --START--
INFO: Run LocationTemplate Behavior [ RunTime:0.000938s ]
INFO: [ view_template ] --END-- [ RunTime:0.001003s ]
INFO: [ view_parse ] --START--
INFO: Run ParseTemplate Behavior [ RunTime:0.023860s ]
INFO: [ view_parse ] --END-- [ RunTime:0.023947s ]
INFO: [ view_filter ] --START--
INFO: Run ContentReplace Behavior [ RunTime:0.000386s ]
INFO: Run TokenBuild Behavior [ RunTime:0.000312s ]
INFO: Run WriteHtmlCache Behavior [ RunTime:0.000208s ]
INFO: Run ShowRuntime Behavior [ RunTime:0.000397s ]
INFO: [ view_filter ] --END-- [ RunTime:0.001451s ]
INFO: [ view_end ] --START--
INFO: Run ShowPageTrace Behavior [ RunTime:0.000491s ]
INFO: [ view_end ] --END-- [ RunTime:0.000549s ]

[ 2013-09-03T15:21:55+08:00 ] 127.0.0.1 /jianliapp/index.php?s=/User/add
INFO: [ route_check ] --START--
INFO: Run CheckRoute Behavior [ RunTime:0.001547s ]
INFO: [ route_check ] --END-- [ RunTime:0.001716s ]
INFO: [ app_begin ] --START--
INFO: Run ReadHtmlCache Behavior [ RunTime:0.001082s ]
INFO: [ app_begin ] --END-- [ RunTime:0.001216s ]
SQL: SHOW COLUMNS FROM `oa_users` [ RunTime:0.001540s ]
INFO: [ view_template ] --START--
INFO: Run LocationTemplate Behavior [ RunTime:0.000876s ]
INFO: [ view_template ] --END-- [ RunTime:0.000941s ]
INFO: [ view_parse ] --START--
NOTIC: [8] Undefined variable: data C:\AppServ\www\jianliapp\Home\Runtime\Cache\0d397d12e7f825966836ae5022f2ef17.php 第 253 行.
INFO: Run ParseTemplate Behavior [ RunTime:0.028030s ]
INFO: [ view_parse ] --END-- [ RunTime:0.028100s ]
INFO: [ view_filter ] --START--
INFO: Run ContentReplace Behavior [ RunTime:0.000400s ]
INFO: Run TokenBuild Behavior [ RunTime:0.000316s ]
INFO: Run WriteHtmlCache Behavior [ RunTime:0.000207s ]
INFO: Run ShowRuntime Behavior [ RunTime:0.000375s ]
INFO: [ view_filter ] --END-- [ RunTime:0.001449s ]
INFO: [ view_end ] --START--
INFO: Run ShowPageTrace Behavior [ RunTime:0.000478s ]
INFO: [ view_end ] --END-- [ RunTime:0.000535s ]

[ 2013-09-03T15:21:58+08:00 ] 127.0.0.1 /jianliapp/index.php?s=/User/userList/type/all
INFO: [ route_check ] --START--
INFO: Run CheckRoute Behavior [ RunTime:0.003858s ]
INFO: [ route_check ] --END-- [ RunTime:0.004056s ]
INFO: [ app_begin ] --START--
INFO: Run ReadHtmlCache Behavior [ RunTime:0.001050s ]
INFO: [ app_begin ] --END-- [ RunTime:0.001169s ]
SQL: SHOW COLUMNS FROM `oa_users` [ RunTime:0.001523s ]
SQL: SELECT * FROM `oa_users` WHERE ( `app_id` = 1 ) AND ( `status` = 0 )  [ RunTime:0.000272s ]
INFO: [ view_template ] --START--
INFO: Run LocationTemplate Behavior [ RunTime:0.000422s ]
INFO: [ view_template ] --END-- [ RunTime:0.000488s ]
INFO: [ view_parse ] --START--
INFO: Run ParseTemplate Behavior [ RunTime:0.017289s ]
INFO: [ view_parse ] --END-- [ RunTime:0.017368s ]
INFO: [ view_filter ] --START--
INFO: Run ContentReplace Behavior [ RunTime:0.000466s ]
INFO: Run TokenBuild Behavior [ RunTime:0.000313s ]
INFO: Run WriteHtmlCache Behavior [ RunTime:0.000233s ]
INFO: Run ShowRuntime Behavior [ RunTime:0.000374s ]
INFO: [ view_filter ] --END-- [ RunTime:0.001559s ]
INFO: [ view_end ] --START--
INFO: Run ShowPageTrace Behavior [ RunTime:0.000666s ]
INFO: [ view_end ] --END-- [ RunTime:0.000769s ]

[ 2013-09-03T15:22:06+08:00 ] 127.0.0.1 /jianliapp/index.php?s=/App/index
INFO: [ route_check ] --START--
INFO: Run CheckRoute Behavior [ RunTime:0.001403s ]
INFO: [ route_check ] --END-- [ RunTime:0.001551s ]
INFO: [ app_begin ] --START--
INFO: Run ReadHtmlCache Behavior [ RunTime:0.000920s ]
INFO: [ app_begin ] --END-- [ RunTime:0.001040s ]
SQL: SHOW COLUMNS FROM `oa_area` [ RunTime:0.002441s ]
ERR: Table 'jianliapp.oa_area' doesn't exist
 [ SQL语句 ] : SHOW COLUMNS FROM `oa_area`
SQL: SHOW COLUMNS FROM `oa_subcompanys` [ RunTime:0.001635s ]
SQL: SELECT * FROM `oa_subcompanys` WHERE ( `appid` = 1 ) AND ( `status` = 0 ) ORDER BY id ASC  [ RunTime:0.000189s ]
NOTIC: [2] Invalid argument supplied for foreach() C:\AppServ\www\jianliapp\Home\Lib\Action\AppAction.class.php 第 35 行.
INFO: [ view_template ] --START--
INFO: Run LocationTemplate Behavior [ RunTime:0.000797s ]
INFO: [ view_template ] --END-- [ RunTime:0.000871s ]
INFO: [ view_parse ] --START--
INFO: Run ParseTemplate Behavior [ RunTime:0.021738s ]
INFO: [ view_parse ] --END-- [ RunTime:0.021820s ]
INFO: [ view_filter ] --START--
INFO: Run ContentReplace Behavior [ RunTime:0.000413s ]
INFO: Run TokenBuild Behavior [ RunTime:0.000315s ]
INFO: Run WriteHtmlCache Behavior [ RunTime:0.000209s ]
INFO: Run ShowRuntime Behavior [ RunTime:0.000372s ]
INFO: [ view_filter ] --END-- [ RunTime:0.001457s ]
INFO: [ view_end ] --START--
INFO: Run ShowPageTrace Behavior [ RunTime:0.000639s ]
INFO: [ view_end ] --END-- [ RunTime:0.000719s ]

[ 2013-09-03T15:22:08+08:00 ] 127.0.0.1 /jianliapp/index.php?s=/User/userList/type/designer
INFO: [ route_check ] --START--
INFO: Run CheckRoute Behavior [ RunTime:0.000976s ]
INFO: [ route_check ] --END-- [ RunTime:0.001191s ]
INFO: [ app_begin ] --START--
INFO: Run ReadHtmlCache Behavior [ RunTime:0.000478s ]
INFO: [ app_begin ] --END-- [ RunTime:0.000548s ]
SQL: SHOW COLUMNS FROM `oa_users` [ RunTime:0.001467s ]
SQL: SELECT * FROM `oa_users` WHERE ( `app_id` = 1 ) AND ( `status` = 0 ) AND ( `type` = 1 )  [ RunTime:0.000228s ]
INFO: [ view_template ] --START--
INFO: Run LocationTemplate Behavior [ RunTime:0.000414s ]
INFO: [ view_template ] --END-- [ RunTime:0.000471s ]
INFO: [ view_parse ] --START--
INFO: Run ParseTemplate Behavior [ RunTime:0.017637s ]
INFO: [ view_parse ] --END-- [ RunTime:0.017724s ]
INFO: [ view_filter ] --START--
INFO: Run ContentReplace Behavior [ RunTime:0.000381s ]
INFO: Run TokenBuild Behavior [ RunTime:0.000307s ]
INFO: Run WriteHtmlCache Behavior [ RunTime:0.000212s ]
INFO: Run ShowRuntime Behavior [ RunTime:0.000391s ]
INFO: [ view_filter ] --END-- [ RunTime:0.001439s ]
INFO: [ view_end ] --START--
INFO: Run ShowPageTrace Behavior [ RunTime:0.000694s ]
INFO: [ view_end ] --END-- [ RunTime:0.000778s ]

[ 2013-09-03T15:22:32+08:00 ] 127.0.0.1 /jianliapp/index.php?s=/Active/index
INFO: [ route_check ] --START--
INFO: Run CheckRoute Behavior [ RunTime:0.001770s ]
INFO: [ route_check ] --END-- [ RunTime:0.001974s ]
INFO: [ app_begin ] --START--
INFO: Run ReadHtmlCache Behavior [ RunTime:0.001022s ]
INFO: [ app_begin ] --END-- [ RunTime:0.001165s ]
SQL: SHOW COLUMNS FROM `oa_active` [ RunTime:0.020627s ]
SQL: SELECT * FROM `oa_active` WHERE ( `app_id` = 1 ) AND ( `status` = 0 )  [ RunTime:0.000242s ]
INFO: [ view_template ] --START--
INFO: Run LocationTemplate Behavior [ RunTime:0.001118s ]
INFO: [ view_template ] --END-- [ RunTime:0.001179s ]
INFO: [ view_parse ] --START--
INFO: Run ParseTemplate Behavior [ RunTime:0.028539s ]
INFO: [ view_parse ] --END-- [ RunTime:0.028638s ]
INFO: [ view_filter ] --START--
INFO: Run ContentReplace Behavior [ RunTime:0.000376s ]
INFO: Run TokenBuild Behavior [ RunTime:0.000315s ]
INFO: Run WriteHtmlCache Behavior [ RunTime:0.000227s ]
INFO: Run ShowRuntime Behavior [ RunTime:0.000377s ]
INFO: [ view_filter ] --END-- [ RunTime:0.001455s ]
INFO: [ view_end ] --START--
INFO: Run ShowPageTrace Behavior [ RunTime:0.000652s ]
INFO: [ view_end ] --END-- [ RunTime:0.000725s ]

[ 2013-09-03T15:22:35+08:00 ] 127.0.0.1 /jianliapp/index.php?s=/Case/show
INFO: [ route_check ] --START--
INFO: Run CheckRoute Behavior [ RunTime:0.001552s ]
INFO: [ route_check ] --END-- [ RunTime:0.001690s ]
INFO: [ app_begin ] --START--
INFO: Run ReadHtmlCache Behavior [ RunTime:0.000940s ]
INFO: [ app_begin ] --END-- [ RunTime:0.001036s ]
SQL: SHOW COLUMNS FROM `oa_case` [ RunTime:0.033341s ]
SQL: SELECT * FROM `oa_case` WHERE ( `app_id` = 1 ) AND ( `status` = 0 )  [ RunTime:0.000470s ]
INFO: [ view_template ] --START--
INFO: Run LocationTemplate Behavior [ RunTime:0.002915s ]
INFO: [ view_template ] --END-- [ RunTime:0.003048s ]
INFO: [ view_parse ] --START--
INFO: Run ParseTemplate Behavior [ RunTime:0.050677s ]
INFO: [ view_parse ] --END-- [ RunTime:0.050836s ]
INFO: [ view_filter ] --START--
INFO: Run ContentReplace Behavior [ RunTime:0.000982s ]
INFO: Run TokenBuild Behavior [ RunTime:0.000640s ]
INFO: Run WriteHtmlCache Behavior [ RunTime:0.000526s ]
INFO: Run ShowRuntime Behavior [ RunTime:0.000696s ]
INFO: [ view_filter ] --END-- [ RunTime:0.003023s ]
INFO: [ view_end ] --START--
INFO: Run ShowPageTrace Behavior [ RunTime:0.002139s ]
INFO: [ view_end ] --END-- [ RunTime:0.002236s ]

[ 2013-09-03T15:22:39+08:00 ] 127.0.0.1 /jianliapp/index.php?s=/Case/edit/cid/4
INFO: [ route_check ] --START--
INFO: Run CheckRoute Behavior [ RunTime:0.000756s ]
INFO: [ route_check ] --END-- [ RunTime:0.000865s ]
INFO: [ app_begin ] --START--
INFO: Run ReadHtmlCache Behavior [ RunTime:0.000540s ]
INFO: [ app_begin ] --END-- [ RunTime:0.000618s ]
SQL: SHOW COLUMNS FROM `oa_case` [ RunTime:0.001939s ]
SQL: SHOW COLUMNS FROM `oa_users` [ RunTime:0.002223s ]
SQL: SHOW COLUMNS FROM `oa_case_pics` [ RunTime:0.026709s ]
SQL: SELECT * FROM `oa_case` WHERE ( `id` = 4 ) AND ( `status` = 0 ) LIMIT 1   [ RunTime:0.000675s ]
SQL: SELECT * FROM `oa_case_pics` WHERE ( `cid` = 4 ) AND ( `status` = 0 )  [ RunTime:0.000344s ]
SQL: SELECT `id`,`nickname`,`avatar` FROM `oa_users` WHERE ( `app_id` = 1 ) AND ( `type` = 1 ) AND ( `status` = 0 )  [ RunTime:0.000251s ]
NOTIC: [8] Undefined index:  create_time C:\AppServ\www\jianliapp\Home\Lib\Model\UserModel.class.php 第 66 行.
NOTIC: [8] Undefined variable: designersHtml C:\AppServ\www\jianliapp\Home\Lib\Action\CaseAction.class.php 第 154 行.
NOTIC: [8] Undefined variable: styleHtml C:\AppServ\www\jianliapp\Home\Lib\Action\CaseAction.class.php 第 160 行.
NOTIC: [8] Undefined variable: roomTypeHtml C:\AppServ\www\jianliapp\Home\Lib\Action\CaseAction.class.php 第 164 行.
NOTIC: [8] Undefined index:  type C:\AppServ\www\jianliapp\Home\Lib\Action\CaseAction.class.php 第 166 行.
NOTIC: [8] Undefined index:  type C:\AppServ\www\jianliapp\Home\Lib\Action\CaseAction.class.php 第 166 行.
NOTIC: [8] Undefined index:  type C:\AppServ\www\jianliapp\Home\Lib\Action\CaseAction.class.php 第 166 行.
NOTIC: [8] Undefined index:  type C:\AppServ\www\jianliapp\Home\Lib\Action\CaseAction.class.php 第 166 行.
NOTIC: [8] Undefined index:  type C:\AppServ\www\jianliapp\Home\Lib\Action\CaseAction.class.php 第 166 行.
NOTIC: [8] Undefined index:  type C:\AppServ\www\jianliapp\Home\Lib\Action\CaseAction.class.php 第 166 行.
NOTIC: [8] Undefined index:  type C:\AppServ\www\jianliapp\Home\Lib\Action\CaseAction.class.php 第 166 行.
NOTIC: [8] Undefined index:  type C:\AppServ\www\jianliapp\Home\Lib\Action\CaseAction.class.php 第 166 行.
NOTIC: [8] Undefined index:  type C:\AppServ\www\jianliapp\Home\Lib\Action\CaseAction.class.php 第 166 行.
NOTIC: [8] Undefined index:  type C:\AppServ\www\jianliapp\Home\Lib\Action\CaseAction.class.php 第 166 行.
NOTIC: [8] Undefined index:  type C:\AppServ\www\jianliapp\Home\Lib\Action\CaseAction.class.php 第 166 行.
NOTIC: [8] Undefined index:  type C:\AppServ\www\jianliapp\Home\Lib\Action\CaseAction.class.php 第 166 行.
NOTIC: [8] Undefined index:  type C:\AppServ\www\jianliapp\Home\Lib\Action\CaseAction.class.php 第 166 行.
NOTIC: [8] Undefined index:  type C:\AppServ\www\jianliapp\Home\Lib\Action\CaseAction.class.php 第 166 行.
INFO: [ view_template ] --START--
INFO: Run LocationTemplate Behavior [ RunTime:0.001748s ]
INFO: [ view_template ] --END-- [ RunTime:0.001883s ]
INFO: [ view_parse ] --START--
NOTIC: [8] Undefined variable: PREV_URL C:\AppServ\www\jianliapp\Home\Runtime\Cache\1cffb2be0044ca77485bd2a15307b6ff.php 第 281 行.
INFO: Run ParseTemplate Behavior [ RunTime:0.025625s ]
INFO: [ view_parse ] --END-- [ RunTime:0.025707s ]
INFO: [ view_filter ] --START--
INFO: Run ContentReplace Behavior [ RunTime:0.000525s ]
INFO: Run TokenBuild Behavior [ RunTime:0.000467s ]
INFO: Run WriteHtmlCache Behavior [ RunTime:0.000254s ]
INFO: Run ShowRuntime Behavior [ RunTime:0.000434s ]
INFO: [ view_filter ] --END-- [ RunTime:0.001885s ]
INFO: [ view_end ] --START--
INFO: Run ShowPageTrace Behavior [ RunTime:0.000748s ]
INFO: [ view_end ] --END-- [ RunTime:0.000842s ]

[ 2013-09-03T15:23:43+08:00 ] 127.0.0.1 /jianliapp/index.php?s=/Project/index
INFO: [ route_check ] --START--
INFO: Run CheckRoute Behavior [ RunTime:0.001383s ]
INFO: [ route_check ] --END-- [ RunTime:0.001499s ]
INFO: [ app_begin ] --START--
INFO: Run ReadHtmlCache Behavior [ RunTime:0.001083s ]
INFO: [ app_begin ] --END-- [ RunTime:0.001184s ]
SQL: SHOW COLUMNS FROM `oa_project` [ RunTime:0.029009s ]
SQL: SELECT COUNT(*) AS tp_count FROM `oa_project` WHERE ( `status` = 0 ) LIMIT 1   [ RunTime:0.000202s ]
SQL: SELECT * FROM `oa_project` WHERE ( `status` = 0 ) LIMIT 0,10   [ RunTime:0.000130s ]
NOTIC: [2] Invalid argument supplied for foreach() C:\AppServ\www\jianliapp\Home\Lib\Model\BaseModel.class.php 第 48 行.
INFO: [ view_template ] --START--
INFO: Run LocationTemplate Behavior [ RunTime:0.001647s ]
INFO: [ view_template ] --END-- [ RunTime:0.001740s ]
INFO: [ view_parse ] --START--
INFO: Run ParseTemplate Behavior [ RunTime:0.025808s ]
INFO: [ view_parse ] --END-- [ RunTime:0.025896s ]
INFO: [ view_filter ] --START--
INFO: Run ContentReplace Behavior [ RunTime:0.001031s ]
INFO: Run TokenBuild Behavior [ RunTime:0.000653s ]
INFO: Run WriteHtmlCache Behavior [ RunTime:0.000558s ]
INFO: Run ShowRuntime Behavior [ RunTime:0.000694s ]
INFO: [ view_filter ] --END-- [ RunTime:0.003104s ]
INFO: [ view_end ] --START--
INFO: Run ShowPageTrace Behavior [ RunTime:0.001156s ]
INFO: [ view_end ] --END-- [ RunTime:0.001237s ]

[ 2013-09-03T15:23:45+08:00 ] 127.0.0.1 /jianliapp/index.php?s=/User/userList/type/amaldar
INFO: [ route_check ] --START--
INFO: Run CheckRoute Behavior [ RunTime:0.001582s ]
INFO: [ route_check ] --END-- [ RunTime:0.001750s ]
INFO: [ app_begin ] --START--
INFO: Run ReadHtmlCache Behavior [ RunTime:0.000798s ]
INFO: [ app_begin ] --END-- [ RunTime:0.000858s ]
SQL: SHOW COLUMNS FROM `oa_users` [ RunTime:0.001567s ]
SQL: SELECT * FROM `oa_users` WHERE ( `app_id` = 1 ) AND ( `status` = 0 ) AND ( `type` = 3 )  [ RunTime:0.000224s ]
INFO: [ view_template ] --START--
INFO: Run LocationTemplate Behavior [ RunTime:0.001072s ]
INFO: [ view_template ] --END-- [ RunTime:0.001131s ]
INFO: [ view_parse ] --START--
INFO: Run ParseTemplate Behavior [ RunTime:0.023871s ]
INFO: [ view_parse ] --END-- [ RunTime:0.023954s ]
INFO: [ view_filter ] --START--
INFO: Run ContentReplace Behavior [ RunTime:0.000710s ]
INFO: Run TokenBuild Behavior [ RunTime:0.000621s ]
INFO: Run WriteHtmlCache Behavior [ RunTime:0.000516s ]
INFO: Run ShowRuntime Behavior [ RunTime:0.000696s ]
INFO: [ view_filter ] --END-- [ RunTime:0.002697s ]
INFO: [ view_end ] --START--
INFO: Run ShowPageTrace Behavior [ RunTime:0.000967s ]
INFO: [ view_end ] --END-- [ RunTime:0.001041s ]

[ 2013-09-03T15:23:50+08:00 ] 127.0.0.1 /jianliapp/index.php?s=/Project/index
INFO: [ route_check ] --START--
INFO: Run CheckRoute Behavior [ RunTime:0.000995s ]
INFO: [ route_check ] --END-- [ RunTime:0.001134s ]
INFO: [ app_begin ] --START--
INFO: Run ReadHtmlCache Behavior [ RunTime:0.000548s ]
INFO: [ app_begin ] --END-- [ RunTime:0.000620s ]
SQL: SHOW COLUMNS FROM `oa_project` [ RunTime:0.001501s ]
SQL: SELECT COUNT(*) AS tp_count FROM `oa_project` WHERE ( `status` = 0 ) LIMIT 1   [ RunTime:0.000194s ]
SQL: SELECT * FROM `oa_project` WHERE ( `status` = 0 ) LIMIT 0,10   [ RunTime:0.000267s ]
NOTIC: [2] Invalid argument supplied for foreach() C:\AppServ\www\jianliapp\Home\Lib\Model\BaseModel.class.php 第 48 行.
INFO: [ view_template ] --START--
INFO: Run LocationTemplate Behavior [ RunTime:0.001114s ]
INFO: [ view_template ] --END-- [ RunTime:0.001200s ]
INFO: [ view_parse ] --START--
INFO: Run ParseTemplate Behavior [ RunTime:0.017300s ]
INFO: [ view_parse ] --END-- [ RunTime:0.017380s ]
INFO: [ view_filter ] --START--
INFO: Run ContentReplace Behavior [ RunTime:0.000365s ]
INFO: Run TokenBuild Behavior [ RunTime:0.000305s ]
INFO: Run WriteHtmlCache Behavior [ RunTime:0.000213s ]
INFO: Run ShowRuntime Behavior [ RunTime:0.000366s ]
INFO: [ view_filter ] --END-- [ RunTime:0.001398s ]
INFO: [ view_end ] --START--
INFO: Run ShowPageTrace Behavior [ RunTime:0.000685s ]
INFO: [ view_end ] --END-- [ RunTime:0.000749s ]

[ 2013-09-03T15:23:51+08:00 ] 127.0.0.1 /jianliapp/index.php?s=/User/userList/type/amaldar
INFO: [ route_check ] --START--
INFO: Run CheckRoute Behavior [ RunTime:0.001498s ]
INFO: [ route_check ] --END-- [ RunTime:0.001654s ]
INFO: [ app_begin ] --START--
INFO: Run ReadHtmlCache Behavior [ RunTime:0.000965s ]
INFO: [ app_begin ] --END-- [ RunTime:0.001135s ]
SQL: SHOW COLUMNS FROM `oa_users` [ RunTime:0.001692s ]
SQL: SELECT * FROM `oa_users` WHERE ( `app_id` = 1 ) AND ( `status` = 0 ) AND ( `type` = 3 )  [ RunTime:0.000236s ]
INFO: [ view_template ] --START--
INFO: Run LocationTemplate Behavior [ RunTime:0.000400s ]
INFO: [ view_template ] --END-- [ RunTime:0.000456s ]
INFO: [ view_parse ] --START--
INFO: Run ParseTemplate Behavior [ RunTime:0.017073s ]
INFO: [ view_parse ] --END-- [ RunTime:0.017154s ]
INFO: [ view_filter ] --START--
INFO: Run ContentReplace Behavior [ RunTime:0.000386s ]
INFO: Run TokenBuild Behavior [ RunTime:0.000310s ]
INFO: Run WriteHtmlCache Behavior [ RunTime:0.000206s ]
INFO: Run ShowRuntime Behavior [ RunTime:0.000389s ]
INFO: [ view_filter ] --END-- [ RunTime:0.001440s ]
INFO: [ view_end ] --START--
INFO: Run ShowPageTrace Behavior [ RunTime:0.000672s ]
INFO: [ view_end ] --END-- [ RunTime:0.000755s ]

[ 2013-09-03T15:23:53+08:00 ] 127.0.0.1 /jianliapp/index.php?s=/User/add
INFO: [ route_check ] --START--
INFO: Run CheckRoute Behavior [ RunTime:0.000760s ]
INFO: [ route_check ] --END-- [ RunTime:0.000852s ]
INFO: [ app_begin ] --START--
INFO: Run ReadHtmlCache Behavior [ RunTime:0.000619s ]
INFO: [ app_begin ] --END-- [ RunTime:0.000763s ]
SQL: SHOW COLUMNS FROM `oa_users` [ RunTime:0.002639s ]
INFO: [ view_template ] --START--
INFO: Run LocationTemplate Behavior [ RunTime:0.000416s ]
INFO: [ view_template ] --END-- [ RunTime:0.000482s ]
INFO: [ view_parse ] --START--
NOTIC: [8] Undefined variable: data C:\AppServ\www\jianliapp\Home\Runtime\Cache\0d397d12e7f825966836ae5022f2ef17.php 第 253 行.
INFO: Run ParseTemplate Behavior [ RunTime:0.020973s ]
INFO: [ view_parse ] --END-- [ RunTime:0.021045s ]
INFO: [ view_filter ] --START--
INFO: Run ContentReplace Behavior [ RunTime:0.000412s ]
INFO: Run TokenBuild Behavior [ RunTime:0.000329s ]
INFO: Run WriteHtmlCache Behavior [ RunTime:0.000219s ]
INFO: Run ShowRuntime Behavior [ RunTime:0.000471s ]
INFO: [ view_filter ] --END-- [ RunTime:0.001600s ]
INFO: [ view_end ] --START--
INFO: Run ShowPageTrace Behavior [ RunTime:0.000907s ]
INFO: [ view_end ] --END-- [ RunTime:0.000997s ]

[ 2013-09-03T15:23:56+08:00 ] 127.0.0.1 /jianliapp/index.php?s=/Project/index
INFO: [ route_check ] --START--
INFO: Run CheckRoute Behavior [ RunTime:0.004208s ]
INFO: [ route_check ] --END-- [ RunTime:0.004412s ]
INFO: [ app_begin ] --START--
INFO: Run ReadHtmlCache Behavior [ RunTime:0.001239s ]
INFO: [ app_begin ] --END-- [ RunTime:0.001372s ]
SQL: SHOW COLUMNS FROM `oa_project` [ RunTime:0.001999s ]
SQL: SELECT COUNT(*) AS tp_count FROM `oa_project` WHERE ( `status` = 0 ) LIMIT 1   [ RunTime:0.000305s ]
SQL: SELECT * FROM `oa_project` WHERE ( `status` = 0 ) LIMIT 0,10   [ RunTime:0.000160s ]
NOTIC: [2] Invalid argument supplied for foreach() C:\AppServ\www\jianliapp\Home\Lib\Model\BaseModel.class.php 第 48 行.
INFO: [ view_template ] --START--
INFO: Run LocationTemplate Behavior [ RunTime:0.000940s ]
INFO: [ view_template ] --END-- [ RunTime:0.001000s ]
INFO: [ view_parse ] --START--
INFO: Run ParseTemplate Behavior [ RunTime:0.017652s ]
INFO: [ view_parse ] --END-- [ RunTime:0.017734s ]
INFO: [ view_filter ] --START--
INFO: Run ContentReplace Behavior [ RunTime:0.000373s ]
INFO: Run TokenBuild Behavior [ RunTime:0.000307s ]
INFO: Run WriteHtmlCache Behavior [ RunTime:0.000205s ]
INFO: Run ShowRuntime Behavior [ RunTime:0.000388s ]
INFO: [ view_filter ] --END-- [ RunTime:0.001422s ]
INFO: [ view_end ] --START--
INFO: Run ShowPageTrace Behavior [ RunTime:0.000979s ]
INFO: [ view_end ] --END-- [ RunTime:0.001085s ]

[ 2013-09-03T15:24:00+08:00 ] 127.0.0.1 /jianliapp/index.php?s=/Project/index
INFO: [ route_check ] --START--
INFO: Run CheckRoute Behavior [ RunTime:0.001045s ]
INFO: [ route_check ] --END-- [ RunTime:0.001130s ]
INFO: [ app_begin ] --START--
INFO: Run ReadHtmlCache Behavior [ RunTime:0.000778s ]
INFO: [ app_begin ] --END-- [ RunTime:0.000838s ]
SQL: SHOW COLUMNS FROM `oa_project` [ RunTime:0.001487s ]
SQL: SELECT COUNT(*) AS tp_count FROM `oa_project` WHERE ( `status` = 0 ) LIMIT 1   [ RunTime:0.000175s ]
SQL: SELECT * FROM `oa_project` WHERE ( `status` = 0 ) LIMIT 0,10   [ RunTime:0.000126s ]
NOTIC: [2] Invalid argument supplied for foreach() C:\AppServ\www\jianliapp\Home\Lib\Model\BaseModel.class.php 第 48 行.
INFO: [ view_template ] --START--
INFO: Run LocationTemplate Behavior [ RunTime:0.001115s ]
INFO: [ view_template ] --END-- [ RunTime:0.001176s ]
INFO: [ view_parse ] --START--
INFO: Run ParseTemplate Behavior [ RunTime:0.023206s ]
INFO: [ view_parse ] --END-- [ RunTime:0.023289s ]
INFO: [ view_filter ] --START--
INFO: Run ContentReplace Behavior [ RunTime:0.000694s ]
INFO: Run TokenBuild Behavior [ RunTime:0.000620s ]
INFO: Run WriteHtmlCache Behavior [ RunTime:0.000517s ]
INFO: Run ShowRuntime Behavior [ RunTime:0.000678s ]
INFO: [ view_filter ] --END-- [ RunTime:0.002665s ]
INFO: [ view_end ] --START--
INFO: Run ShowPageTrace Behavior [ RunTime:0.000945s ]
INFO: [ view_end ] --END-- [ RunTime:0.001021s ]

[ 2013-09-03T15:24:13+08:00 ] 127.0.0.1 /jianliapp/index.php?s=/Project/index
INFO: [ route_check ] --START--
INFO: Run CheckRoute Behavior [ RunTime:0.001595s ]
INFO: [ route_check ] --END-- [ RunTime:0.001934s ]
INFO: [ app_begin ] --START--
INFO: Run ReadHtmlCache Behavior [ RunTime:0.000670s ]
INFO: [ app_begin ] --END-- [ RunTime:0.000794s ]
SQL: SHOW COLUMNS FROM `oa_project` [ RunTime:0.001433s ]
SQL: SELECT COUNT(*) AS tp_count FROM `oa_project` WHERE ( `status` = 0 ) LIMIT 1   [ RunTime:0.000203s ]
SQL: SELECT * FROM `oa_project` WHERE ( `status` = 0 ) LIMIT 0,10   [ RunTime:0.000130s ]
NOTIC: [2] Invalid argument supplied for foreach() C:\AppServ\www\jianliapp\Home\Lib\Model\BaseModel.class.php 第 48 行.
INFO: [ view_template ] --START--
INFO: Run LocationTemplate Behavior [ RunTime:0.000993s ]
INFO: [ view_template ] --END-- [ RunTime:0.001070s ]
INFO: [ view_parse ] --START--
INFO: Run ParseTemplate Behavior [ RunTime:0.017460s ]
INFO: [ view_parse ] --END-- [ RunTime:0.017546s ]
INFO: [ view_filter ] --START--
INFO: Run ContentReplace Behavior [ RunTime:0.000374s ]
INFO: Run TokenBuild Behavior [ RunTime:0.000313s ]
INFO: Run WriteHtmlCache Behavior [ RunTime:0.000205s ]
INFO: Run ShowRuntime Behavior [ RunTime:0.000365s ]
INFO: [ view_filter ] --END-- [ RunTime:0.001404s ]
INFO: [ view_end ] --START--
INFO: Run ShowPageTrace Behavior [ RunTime:0.000950s ]
INFO: [ view_end ] --END-- [ RunTime:0.001027s ]

[ 2013-09-03T15:24:15+08:00 ] 127.0.0.1 /jianliapp/index.php?s=/User/userList/type/amaldar
INFO: [ route_check ] --START--
INFO: Run CheckRoute Behavior [ RunTime:0.001114s ]
INFO: [ route_check ] --END-- [ RunTime:0.001259s ]
INFO: [ app_begin ] --START--
INFO: Run ReadHtmlCache Behavior [ RunTime:0.000700s ]
INFO: [ app_begin ] --END-- [ RunTime:0.000804s ]
SQL: SHOW COLUMNS FROM `oa_users` [ RunTime:0.001885s ]
SQL: SELECT * FROM `oa_users` WHERE ( `app_id` = 1 ) AND ( `status` = 0 ) AND ( `type` = 3 )  [ RunTime:0.000204s ]
INFO: [ view_template ] --START--
INFO: Run LocationTemplate Behavior [ RunTime:0.000932s ]
INFO: [ view_template ] --END-- [ RunTime:0.001005s ]
INFO: [ view_parse ] --START--
INFO: Run ParseTemplate Behavior [ RunTime:0.017772s ]
INFO: [ view_parse ] --END-- [ RunTime:0.017859s ]
INFO: [ view_filter ] --START--
INFO: Run ContentReplace Behavior [ RunTime:0.000394s ]
INFO: Run TokenBuild Behavior [ RunTime:0.000308s ]
INFO: Run WriteHtmlCache Behavior [ RunTime:0.000206s ]
INFO: Run ShowRuntime Behavior [ RunTime:0.000418s ]
INFO: [ view_filter ] --END-- [ RunTime:0.001483s ]
INFO: [ view_end ] --START--
INFO: Run ShowPageTrace Behavior [ RunTime:0.000722s ]
INFO: [ view_end ] --END-- [ RunTime:0.000789s ]

[ 2013-09-03T15:24:16+08:00 ] 127.0.0.1 /jianliapp/index.php?s=/Project/index
INFO: [ route_check ] --START--
INFO: Run CheckRoute Behavior [ RunTime:0.000920s ]
INFO: [ route_check ] --END-- [ RunTime:0.001022s ]
INFO: [ app_begin ] --START--
INFO: Run ReadHtmlCache Behavior [ RunTime:0.000543s ]
INFO: [ app_begin ] --END-- [ RunTime:0.000620s ]
SQL: SHOW COLUMNS FROM `oa_project` [ RunTime:0.001737s ]
SQL: SELECT COUNT(*) AS tp_count FROM `oa_project` WHERE ( `status` = 0 ) LIMIT 1   [ RunTime:0.000162s ]
SQL: SELECT * FROM `oa_project` WHERE ( `status` = 0 ) LIMIT 0,10   [ RunTime:0.000135s ]
NOTIC: [2] Invalid argument supplied for foreach() C:\AppServ\www\jianliapp\Home\Lib\Model\BaseModel.class.php 第 48 行.
INFO: [ view_template ] --START--
INFO: Run LocationTemplate Behavior [ RunTime:0.000414s ]
INFO: [ view_template ] --END-- [ RunTime:0.000474s ]
INFO: [ view_parse ] --START--
INFO: Run ParseTemplate Behavior [ RunTime:0.016984s ]
INFO: [ view_parse ] --END-- [ RunTime:0.017066s ]
INFO: [ view_filter ] --START--
INFO: Run ContentReplace Behavior [ RunTime:0.000367s ]
INFO: Run TokenBuild Behavior [ RunTime:0.000309s ]
INFO: Run WriteHtmlCache Behavior [ RunTime:0.000203s ]
INFO: Run ShowRuntime Behavior [ RunTime:0.000364s ]
INFO: [ view_filter ] --END-- [ RunTime:0.001399s ]
INFO: [ view_end ] --START--
INFO: Run ShowPageTrace Behavior [ RunTime:0.000656s ]
INFO: [ view_end ] --END-- [ RunTime:0.000743s ]

[ 2013-09-03T15:29:01+08:00 ] 127.0.0.1 /jianliapp/index.php?s=/User/userList/type/designer
INFO: [ route_check ] --START--
INFO: Run CheckRoute Behavior [ RunTime:0.001106s ]
INFO: [ route_check ] --END-- [ RunTime:0.001210s ]
INFO: [ app_begin ] --START--
INFO: Run ReadHtmlCache Behavior [ RunTime:0.000870s ]
INFO: [ app_begin ] --END-- [ RunTime:0.000967s ]
SQL: SHOW COLUMNS FROM `oa_users` [ RunTime:0.001990s ]
SQL: SELECT * FROM `oa_users` WHERE ( `app_id` = 1 ) AND ( `status` = 0 ) AND ( `type` = 1 )  [ RunTime:0.000226s ]
INFO: [ view_template ] --START--
INFO: Run LocationTemplate Behavior [ RunTime:0.001067s ]
INFO: [ view_template ] --END-- [ RunTime:0.001127s ]
INFO: [ view_parse ] --START--
INFO: Run ParseTemplate Behavior [ RunTime:0.019781s ]
INFO: [ view_parse ] --END-- [ RunTime:0.019862s ]
INFO: [ view_filter ] --START--
INFO: Run ContentReplace Behavior [ RunTime:0.000703s ]
INFO: Run TokenBuild Behavior [ RunTime:0.000664s ]
INFO: Run WriteHtmlCache Behavior [ RunTime:0.000521s ]
INFO: Run ShowRuntime Behavior [ RunTime:0.000685s ]
INFO: [ view_filter ] --END-- [ RunTime:0.002734s ]
INFO: [ view_end ] --START--
INFO: Run ShowPageTrace Behavior [ RunTime:0.000943s ]
INFO: [ view_end ] --END-- [ RunTime:0.001019s ]

[ 2013-09-03T15:29:30+08:00 ] 127.0.0.1 /jianliapp/index.php?s=/Case/show
INFO: [ route_check ] --START--
INFO: Run CheckRoute Behavior [ RunTime:0.001273s ]
INFO: [ route_check ] --END-- [ RunTime:0.001385s ]
INFO: [ app_begin ] --START--
INFO: Run ReadHtmlCache Behavior [ RunTime:0.000884s ]
INFO: [ app_begin ] --END-- [ RunTime:0.000973s ]
SQL: SHOW COLUMNS FROM `oa_case` [ RunTime:0.001867s ]
SQL: SELECT * FROM `oa_case` WHERE ( `app_id` = 1 ) AND ( `status` = 0 )  [ RunTime:0.000214s ]
INFO: [ view_template ] --START--
INFO: Run LocationTemplate Behavior [ RunTime:0.001260s ]
INFO: [ view_template ] --END-- [ RunTime:0.001338s ]
INFO: [ view_parse ] --START--
INFO: Run ParseTemplate Behavior [ RunTime:0.020325s ]
INFO: [ view_parse ] --END-- [ RunTime:0.020425s ]
INFO: [ view_filter ] --START--
INFO: Run ContentReplace Behavior [ RunTime:0.000701s ]
INFO: Run TokenBuild Behavior [ RunTime:0.000631s ]
INFO: Run WriteHtmlCache Behavior [ RunTime:0.000531s ]
INFO: Run ShowRuntime Behavior [ RunTime:0.000722s ]
INFO: [ view_filter ] --END-- [ RunTime:0.002737s ]
INFO: [ view_end ] --START--
INFO: Run ShowPageTrace Behavior [ RunTime:0.001141s ]
INFO: [ view_end ] --END-- [ RunTime:0.001225s ]

[ 2013-09-03T15:30:22+08:00 ] 127.0.0.1 /jianliapp/index.php?s=/Case/edit/cid/5
INFO: [ route_check ] --START--
INFO: Run CheckRoute Behavior [ RunTime:0.000722s ]
INFO: [ route_check ] --END-- [ RunTime:0.000811s ]
INFO: [ app_begin ] --START--
INFO: Run ReadHtmlCache Behavior [ RunTime:0.000478s ]
INFO: [ app_begin ] --END-- [ RunTime:0.000541s ]
SQL: SHOW COLUMNS FROM `oa_case` [ RunTime:0.001493s ]
SQL: SHOW COLUMNS FROM `oa_users` [ RunTime:0.004586s ]
SQL: SHOW COLUMNS FROM `oa_case_pics` [ RunTime:0.002628s ]
SQL: SELECT * FROM `oa_case` WHERE ( `id` = 5 ) AND ( `status` = 0 ) LIMIT 1   [ RunTime:0.000258s ]
SQL: SELECT * FROM `oa_case_pics` WHERE ( `cid` = 5 ) AND ( `status` = 0 )  [ RunTime:0.000238s ]
SQL: SELECT `id`,`nickname`,`avatar` FROM `oa_users` WHERE ( `app_id` = 1 ) AND ( `type` = 1 ) AND ( `status` = 0 )  [ RunTime:0.000275s ]
NOTIC: [8] Undefined index:  create_time C:\AppServ\www\jianliapp\Home\Lib\Model\UserModel.class.php 第 66 行.
NOTIC: [8] Undefined variable: designersHtml C:\AppServ\www\jianliapp\Home\Lib\Action\CaseAction.class.php 第 154 行.
NOTIC: [8] Undefined variable: styleHtml C:\AppServ\www\jianliapp\Home\Lib\Action\CaseAction.class.php 第 160 行.
NOTIC: [8] Undefined variable: roomTypeHtml C:\AppServ\www\jianliapp\Home\Lib\Action\CaseAction.class.php 第 164 行.
NOTIC: [8] Undefined index:  type C:\AppServ\www\jianliapp\Home\Lib\Action\CaseAction.class.php 第 166 行.
NOTIC: [8] Undefined index:  type C:\AppServ\www\jianliapp\Home\Lib\Action\CaseAction.class.php 第 166 行.
NOTIC: [8] Undefined index:  type C:\AppServ\www\jianliapp\Home\Lib\Action\CaseAction.class.php 第 166 行.
NOTIC: [8] Undefined index:  type C:\AppServ\www\jianliapp\Home\Lib\Action\CaseAction.class.php 第 166 行.
NOTIC: [8] Undefined index:  type C:\AppServ\www\jianliapp\Home\Lib\Action\CaseAction.class.php 第 166 行.
NOTIC: [8] Undefined index:  type C:\AppServ\www\jianliapp\Home\Lib\Action\CaseAction.class.php 第 166 行.
NOTIC: [8] Undefined index:  type C:\AppServ\www\jianliapp\Home\Lib\Action\CaseAction.class.php 第 166 行.
NOTIC: [8] Undefined index:  type C:\AppServ\www\jianliapp\Home\Lib\Action\CaseAction.class.php 第 166 行.
NOTIC: [8] Undefined index:  type C:\AppServ\www\jianliapp\Home\Lib\Action\CaseAction.class.php 第 166 行.
NOTIC: [8] Undefined index:  type C:\AppServ\www\jianliapp\Home\Lib\Action\CaseAction.class.php 第 166 行.
NOTIC: [8] Undefined index:  type C:\AppServ\www\jianliapp\Home\Lib\Action\CaseAction.class.php 第 166 行.
NOTIC: [8] Undefined index:  type C:\AppServ\www\jianliapp\Home\Lib\Action\CaseAction.class.php 第 166 行.
NOTIC: [8] Undefined index:  type C:\AppServ\www\jianliapp\Home\Lib\Action\CaseAction.class.php 第 166 行.
NOTIC: [8] Undefined index:  type C:\AppServ\www\jianliapp\Home\Lib\Action\CaseAction.class.php 第 166 行.
INFO: [ view_template ] --START--
INFO: Run LocationTemplate Behavior [ RunTime:0.000944s ]
INFO: [ view_template ] --END-- [ RunTime:0.001018s ]
INFO: [ view_parse ] --START--
NOTIC: [8] Undefined variable: PREV_URL C:\AppServ\www\jianliapp\Home\Runtime\Cache\1cffb2be0044ca77485bd2a15307b6ff.php 第 281 行.
INFO: Run ParseTemplate Behavior [ RunTime:0.023444s ]
INFO: [ view_parse ] --END-- [ RunTime:0.023538s ]
INFO: [ view_filter ] --START--
INFO: Run ContentReplace Behavior [ RunTime:0.000581s ]
INFO: Run TokenBuild Behavior [ RunTime:0.000355s ]
INFO: Run WriteHtmlCache Behavior [ RunTime:0.000234s ]
INFO: Run ShowRuntime Behavior [ RunTime:0.000413s ]
INFO: [ view_filter ] --END-- [ RunTime:0.001750s ]
INFO: [ view_end ] --START--
INFO: Run ShowPageTrace Behavior [ RunTime:0.000554s ]
INFO: [ view_end ] --END-- [ RunTime:0.000616s ]

[ 2013-09-03T15:31:15+08:00 ] 127.0.0.1 /jianliapp/index.php?s=/Case/show
INFO: [ route_check ] --START--
INFO: Run CheckRoute Behavior [ RunTime:0.001287s ]
INFO: [ route_check ] --END-- [ RunTime:0.001559s ]
INFO: [ app_begin ] --START--
INFO: Run ReadHtmlCache Behavior [ RunTime:0.001232s ]
INFO: [ app_begin ] --END-- [ RunTime:0.001317s ]
SQL: SHOW COLUMNS FROM `oa_case` [ RunTime:0.001445s ]
SQL: SELECT * FROM `oa_case` WHERE ( `app_id` = 1 ) AND ( `status` = 0 )  [ RunTime:0.000281s ]
INFO: [ view_template ] --START--
INFO: Run LocationTemplate Behavior [ RunTime:0.001073s ]
INFO: [ view_template ] --END-- [ RunTime:0.001146s ]
INFO: [ view_parse ] --START--
INFO: Run ParseTemplate Behavior [ RunTime:0.021335s ]
INFO: [ view_parse ] --END-- [ RunTime:0.021599s ]
INFO: [ view_filter ] --START--
INFO: Run ContentReplace Behavior [ RunTime:0.001407s ]
INFO: Run TokenBuild Behavior [ RunTime:0.000649s ]
INFO: Run WriteHtmlCache Behavior [ RunTime:0.000613s ]
INFO: Run ShowRuntime Behavior [ RunTime:0.000744s ]
INFO: [ view_filter ] --END-- [ RunTime:0.003620s ]
INFO: [ view_end ] --START--
INFO: Run ShowPageTrace Behavior [ RunTime:0.001115s ]
INFO: [ view_end ] --END-- [ RunTime:0.001217s ]

[ 2013-09-03T15:31:16+08:00 ] 127.0.0.1 /jianliapp/index.php?s=/User/userList/type/designer
INFO: [ route_check ] --START--
INFO: Run CheckRoute Behavior [ RunTime:0.001027s ]
INFO: [ route_check ] --END-- [ RunTime:0.001115s ]
INFO: [ app_begin ] --START--
INFO: Run ReadHtmlCache Behavior [ RunTime:0.000773s ]
INFO: [ app_begin ] --END-- [ RunTime:0.000840s ]
SQL: SHOW COLUMNS FROM `oa_users` [ RunTime:0.001476s ]
SQL: SELECT * FROM `oa_users` WHERE ( `app_id` = 1 ) AND ( `status` = 0 ) AND ( `type` = 1 )  [ RunTime:0.000812s ]
INFO: [ view_template ] --START--
INFO: Run LocationTemplate Behavior [ RunTime:0.001603s ]
INFO: [ view_template ] --END-- [ RunTime:0.001757s ]
INFO: [ view_parse ] --START--
INFO: Run ParseTemplate Behavior [ RunTime:0.023741s ]
INFO: [ view_parse ] --END-- [ RunTime:0.023874s ]
INFO: [ view_filter ] --START--
INFO: Run ContentReplace Behavior [ RunTime:0.000794s ]
INFO: Run TokenBuild Behavior [ RunTime:0.000647s ]
INFO: Run WriteHtmlCache Behavior [ RunTime:0.000537s ]
INFO: Run ShowRuntime Behavior [ RunTime:0.000697s ]
INFO: [ view_filter ] --END-- [ RunTime:0.002834s ]
INFO: [ view_end ] --START--
INFO: Run ShowPageTrace Behavior [ RunTime:0.001111s ]
INFO: [ view_end ] --END-- [ RunTime:0.001190s ]

[ 2013-09-03T15:31:39+08:00 ] 127.0.0.1 /jianliapp/index.php?s=/User/userList/type/all
INFO: [ route_check ] --START--
INFO: Run CheckRoute Behavior [ RunTime:0.001025s ]
INFO: [ route_check ] --END-- [ RunTime:0.001157s ]
INFO: [ app_begin ] --START--
INFO: Run ReadHtmlCache Behavior [ RunTime:0.000858s ]
INFO: [ app_begin ] --END-- [ RunTime:0.000964s ]
SQL: SHOW COLUMNS FROM `oa_users` [ RunTime:0.001449s ]
SQL: SELECT * FROM `oa_users` WHERE ( `app_id` = 1 ) AND ( `status` = 0 )  [ RunTime:0.000236s ]
INFO: [ view_template ] --START--
INFO: Run LocationTemplate Behavior [ RunTime:0.000742s ]
INFO: [ view_template ] --END-- [ RunTime:0.000803s ]
INFO: [ view_parse ] --START--
INFO: Run ParseTemplate Behavior [ RunTime:0.017161s ]
INFO: [ view_parse ] --END-- [ RunTime:0.017244s ]
INFO: [ view_filter ] --START--
INFO: Run ContentReplace Behavior [ RunTime:0.000420s ]
INFO: Run TokenBuild Behavior [ RunTime:0.000310s ]
INFO: Run WriteHtmlCache Behavior [ RunTime:0.000206s ]
INFO: Run ShowRuntime Behavior [ RunTime:0.000377s ]
INFO: [ view_filter ] --END-- [ RunTime:0.001466s ]
INFO: [ view_end ] --START--
INFO: Run ShowPageTrace Behavior [ RunTime:0.000612s ]
INFO: [ view_end ] --END-- [ RunTime:0.000688s ]

[ 2013-09-03T15:40:34+08:00 ] 127.0.0.1 /jianliapp/index.php?s=/User/userList/type/designer
INFO: [ route_check ] --START--
INFO: Run CheckRoute Behavior [ RunTime:0.001238s ]
INFO: [ route_check ] --END-- [ RunTime:0.001346s ]
INFO: [ app_begin ] --START--
INFO: Run ReadHtmlCache Behavior [ RunTime:0.000848s ]
INFO: [ app_begin ] --END-- [ RunTime:0.000911s ]
SQL: SHOW COLUMNS FROM `oa_users` [ RunTime:0.001484s ]
SQL: SELECT * FROM `oa_users` WHERE ( `app_id` = 1 ) AND ( `status` = 0 ) AND ( `type` = 1 )  [ RunTime:0.000229s ]
INFO: [ view_template ] --START--
INFO: Run LocationTemplate Behavior [ RunTime:0.001186s ]
INFO: [ view_template ] --END-- [ RunTime:0.001250s ]
INFO: [ view_parse ] --START--
INFO: Run ParseTemplate Behavior [ RunTime:0.019723s ]
INFO: [ view_parse ] --END-- [ RunTime:0.019805s ]
INFO: [ view_filter ] --START--
INFO: Run ContentReplace Behavior [ RunTime:0.000717s ]
INFO: Run TokenBuild Behavior [ RunTime:0.000649s ]
INFO: Run WriteHtmlCache Behavior [ RunTime:0.000555s ]
INFO: Run ShowRuntime Behavior [ RunTime:0.000773s ]
INFO: [ view_filter ] --END-- [ RunTime:0.002852s ]
INFO: [ view_end ] --START--
INFO: Run ShowPageTrace Behavior [ RunTime:0.000894s ]
INFO: [ view_end ] --END-- [ RunTime:0.000968s ]

[ 2013-09-03T15:40:37+08:00 ] 127.0.0.1 /jianliapp/index.php?s=/Case/show
INFO: [ route_check ] --START--
INFO: Run CheckRoute Behavior [ RunTime:0.001007s ]
INFO: [ route_check ] --END-- [ RunTime:0.001243s ]
INFO: [ app_begin ] --START--
INFO: Run ReadHtmlCache Behavior [ RunTime:0.000870s ]
INFO: [ app_begin ] --END-- [ RunTime:0.000950s ]
SQL: SHOW COLUMNS FROM `oa_case` [ RunTime:0.001865s ]
SQL: SELECT * FROM `oa_case` WHERE ( `app_id` = 1 ) AND ( `status` = 0 )  [ RunTime:0.000315s ]
INFO: [ view_template ] --START--
INFO: Run LocationTemplate Behavior [ RunTime:0.001070s ]
INFO: [ view_template ] --END-- [ RunTime:0.001147s ]
INFO: [ view_parse ] --START--
INFO: Run ParseTemplate Behavior [ RunTime:0.017549s ]
INFO: [ view_parse ] --END-- [ RunTime:0.017632s ]
INFO: [ view_filter ] --START--
INFO: Run ContentReplace Behavior [ RunTime:0.000373s ]
INFO: Run TokenBuild Behavior [ RunTime:0.000305s ]
INFO: Run WriteHtmlCache Behavior [ RunTime:0.000207s ]
INFO: Run ShowRuntime Behavior [ RunTime:0.000369s ]
INFO: [ view_filter ] --END-- [ RunTime:0.001404s ]
INFO: [ view_end ] --START--
INFO: Run ShowPageTrace Behavior [ RunTime:0.000486s ]
INFO: [ view_end ] --END-- [ RunTime:0.000547s ]

[ 2013-09-03T15:40:39+08:00 ] 127.0.0.1 /jianliapp/index.php?s=/Active/index
INFO: [ route_check ] --START--
INFO: Run CheckRoute Behavior [ RunTime:0.002262s ]
INFO: [ route_check ] --END-- [ RunTime:0.002519s ]
INFO: [ app_begin ] --START--
INFO: Run ReadHtmlCache Behavior [ RunTime:0.001778s ]
INFO: [ app_begin ] --END-- [ RunTime:0.001940s ]
SQL: SHOW COLUMNS FROM `oa_active` [ RunTime:0.002463s ]
SQL: SELECT * FROM `oa_active` WHERE ( `app_id` = 1 ) AND ( `status` = 0 )  [ RunTime:0.000420s ]
INFO: [ view_template ] --START--
INFO: Run LocationTemplate Behavior [ RunTime:0.001384s ]
INFO: [ view_template ] --END-- [ RunTime:0.001453s ]
INFO: [ view_parse ] --START--
INFO: Run ParseTemplate Behavior [ RunTime:0.019858s ]
INFO: [ view_parse ] --END-- [ RunTime:0.019938s ]
INFO: [ view_filter ] --START--
INFO: Run ContentReplace Behavior [ RunTime:0.000694s ]
INFO: Run TokenBuild Behavior [ RunTime:0.000614s ]
INFO: Run WriteHtmlCache Behavior [ RunTime:0.000514s ]
INFO: Run ShowRuntime Behavior [ RunTime:0.000705s ]
INFO: [ view_filter ] --END-- [ RunTime:0.002683s ]
INFO: [ view_end ] --START--
INFO: Run ShowPageTrace Behavior [ RunTime:0.001065s ]
INFO: [ view_end ] --END-- [ RunTime:0.001146s ]

[ 2013-09-03T15:40:40+08:00 ] 127.0.0.1 /jianliapp/index.php?s=/Case/show
INFO: [ route_check ] --START--
INFO: Run CheckRoute Behavior [ RunTime:0.000963s ]
INFO: [ route_check ] --END-- [ RunTime:0.001082s ]
INFO: [ app_begin ] --START--
INFO: Run ReadHtmlCache Behavior [ RunTime:0.000591s ]
INFO: [ app_begin ] --END-- [ RunTime:0.000676s ]
SQL: SHOW COLUMNS FROM `oa_case` [ RunTime:0.001363s ]
SQL: SELECT * FROM `oa_case` WHERE ( `app_id` = 1 ) AND ( `status` = 0 )  [ RunTime:0.000153s ]
INFO: [ view_template ] --START--
INFO: Run LocationTemplate Behavior [ RunTime:0.000389s ]
INFO: [ view_template ] --END-- [ RunTime:0.000448s ]
INFO: [ view_parse ] --START--
INFO: Run ParseTemplate Behavior [ RunTime:0.017140s ]
INFO: [ view_parse ] --END-- [ RunTime:0.017221s ]
INFO: [ view_filter ] --START--
INFO: Run ContentReplace Behavior [ RunTime:0.000380s ]
INFO: Run TokenBuild Behavior [ RunTime:0.000314s ]
INFO: Run WriteHtmlCache Behavior [ RunTime:0.000206s ]
INFO: Run ShowRuntime Behavior [ RunTime:0.000369s ]
INFO: [ view_filter ] --END-- [ RunTime:0.001418s ]
INFO: [ view_end ] --START--
INFO: Run ShowPageTrace Behavior [ RunTime:0.000498s ]
INFO: [ view_end ] --END-- [ RunTime:0.000563s ]

[ 2013-09-03T15:41:35+08:00 ] 127.0.0.1 /jianliapp/index.php?s=/Project/index
INFO: [ route_check ] --START--
INFO: Run CheckRoute Behavior [ RunTime:0.001265s ]
INFO: [ route_check ] --END-- [ RunTime:0.001417s ]
INFO: [ app_begin ] --START--
INFO: Run ReadHtmlCache Behavior [ RunTime:0.000845s ]
INFO: [ app_begin ] --END-- [ RunTime:0.001001s ]
SQL: SHOW COLUMNS FROM `oa_project` [ RunTime:0.002137s ]
SQL: SELECT COUNT(*) AS tp_count FROM `oa_project` WHERE ( `status` = 0 ) LIMIT 1   [ RunTime:0.000198s ]
SQL: SELECT * FROM `oa_project` WHERE ( `status` = 0 ) LIMIT 0,10   [ RunTime:0.000126s ]
NOTIC: [2] Invalid argument supplied for foreach() C:\AppServ\www\jianliapp\Home\Lib\Model\BaseModel.class.php 第 48 行.
INFO: [ view_template ] --START--
INFO: Run LocationTemplate Behavior [ RunTime:0.000924s ]
INFO: [ view_template ] --END-- [ RunTime:0.000983s ]
INFO: [ view_parse ] --START--
INFO: Run ParseTemplate Behavior [ RunTime:0.017099s ]
INFO: [ view_parse ] --END-- [ RunTime:0.017179s ]
INFO: [ view_filter ] --START--
INFO: Run ContentReplace Behavior [ RunTime:0.000370s ]
INFO: Run TokenBuild Behavior [ RunTime:0.000308s ]
INFO: Run WriteHtmlCache Behavior [ RunTime:0.000205s ]
INFO: Run ShowRuntime Behavior [ RunTime:0.000365s ]
INFO: [ view_filter ] --END-- [ RunTime:0.001396s ]
INFO: [ view_end ] --START--
INFO: Run ShowPageTrace Behavior [ RunTime:0.000724s ]
INFO: [ view_end ] --END-- [ RunTime:0.000813s ]

[ 2013-09-03T15:42:06+08:00 ] 127.0.0.1 /jianliapp/index.php?s=/Project/index
INFO: [ route_check ] --START--
INFO: Run CheckRoute Behavior [ RunTime:0.000684s ]
INFO: [ route_check ] --END-- [ RunTime:0.000762s ]
INFO: [ app_begin ] --START--
INFO: Run ReadHtmlCache Behavior [ RunTime:0.000466s ]
INFO: [ app_begin ] --END-- [ RunTime:0.000547s ]
SQL: SHOW COLUMNS FROM `oa_project` [ RunTime:0.001524s ]
SQL: SELECT COUNT(*) AS tp_count FROM `oa_project` WHERE ( `status` = 0 ) LIMIT 1   [ RunTime:0.000175s ]
SQL: SELECT * FROM `oa_project` WHERE ( `status` = 0 ) LIMIT 0,10   [ RunTime:0.000131s ]
NOTIC: [2] Invalid argument supplied for foreach() C:\AppServ\www\jianliapp\Home\Lib\Model\BaseModel.class.php 第 48 行.
INFO: [ view_template ] --START--
INFO: Run LocationTemplate Behavior [ RunTime:0.000753s ]
INFO: [ view_template ] --END-- [ RunTime:0.000819s ]
INFO: [ view_parse ] --START--
INFO: Run ParseTemplate Behavior [ RunTime:0.016876s ]
INFO: [ view_parse ] --END-- [ RunTime:0.016962s ]
INFO: [ view_filter ] --START--
INFO: Run ContentReplace Behavior [ RunTime:0.000431s ]
INFO: Run TokenBuild Behavior [ RunTime:0.000316s ]
INFO: Run WriteHtmlCache Behavior [ RunTime:0.000234s ]
INFO: Run ShowRuntime Behavior [ RunTime:0.000380s ]
INFO: [ view_filter ] --END-- [ RunTime:0.001536s ]
INFO: [ view_end ] --START--
INFO: Run ShowPageTrace Behavior [ RunTime:0.000492s ]
INFO: [ view_end ] --END-- [ RunTime:0.000554s ]

[ 2013-09-03T15:42:09+08:00 ] 127.0.0.1 /jianliapp/index.php?s=/Project/index
INFO: [ route_check ] --START--
INFO: Run CheckRoute Behavior [ RunTime:0.001706s ]
INFO: [ route_check ] --END-- [ RunTime:0.001873s ]
INFO: [ app_begin ] --START--
INFO: Run ReadHtmlCache Behavior [ RunTime:0.001032s ]
INFO: [ app_begin ] --END-- [ RunTime:0.001121s ]
SQL: SHOW COLUMNS FROM `oa_project` [ RunTime:0.001459s ]
SQL: SELECT COUNT(*) AS tp_count FROM `oa_project` WHERE ( `status` = 0 ) LIMIT 1   [ RunTime:0.000162s ]
SQL: SELECT * FROM `oa_project` WHERE ( `status` = 0 ) LIMIT 0,10   [ RunTime:0.000151s ]
NOTIC: [2] Invalid argument supplied for foreach() C:\AppServ\www\jianliapp\Home\Lib\Model\BaseModel.class.php 第 48 行.
INFO: [ view_template ] --START--
INFO: Run LocationTemplate Behavior [ RunTime:0.001085s ]
INFO: [ view_template ] --END-- [ RunTime:0.001146s ]
INFO: [ view_parse ] --START--
INFO: Run ParseTemplate Behavior [ RunTime:0.019178s ]
INFO: [ view_parse ] --END-- [ RunTime:0.019263s ]
INFO: [ view_filter ] --START--
INFO: Run ContentReplace Behavior [ RunTime:0.000710s ]
INFO: Run TokenBuild Behavior [ RunTime:0.000649s ]
INFO: Run WriteHtmlCache Behavior [ RunTime:0.000532s ]
INFO: Run ShowRuntime Behavior [ RunTime:0.000708s ]
INFO: [ view_filter ] --END-- [ RunTime:0.002753s ]
INFO: [ view_end ] --START--
INFO: Run ShowPageTrace Behavior [ RunTime:0.000921s ]
INFO: [ view_end ] --END-- [ RunTime:0.001041s ]

[ 2013-09-03T15:42:32+08:00 ] 127.0.0.1 /jianliapp/index.php?s=/Project/index
INFO: [ route_check ] --START--
INFO: Run CheckRoute Behavior [ RunTime:0.001202s ]
INFO: [ route_check ] --END-- [ RunTime:0.001299s ]
INFO: [ app_begin ] --START--
INFO: Run ReadHtmlCache Behavior [ RunTime:0.000920s ]
INFO: [ app_begin ] --END-- [ RunTime:0.000991s ]
SQL: SHOW COLUMNS FROM `oa_project` [ RunTime:0.001548s ]
SQL: SELECT COUNT(*) AS tp_count FROM `oa_project` WHERE ( `status` = 0 ) LIMIT 1   [ RunTime:0.000487s ]
SQL: SELECT * FROM `oa_project` WHERE ( `status` = 0 ) LIMIT 0,10   [ RunTime:0.000144s ]
NOTIC: [2] Invalid argument supplied for foreach() C:\AppServ\www\jianliapp\Home\Lib\Model\BaseModel.class.php 第 48 行.
INFO: [ view_template ] --START--
INFO: Run LocationTemplate Behavior [ RunTime:0.001238s ]
INFO: [ view_template ] --END-- [ RunTime:0.001295s ]
INFO: [ view_parse ] --START--
INFO: Run ParseTemplate Behavior [ RunTime:0.019577s ]
INFO: [ view_parse ] --END-- [ RunTime:0.019660s ]
INFO: [ view_filter ] --START--
INFO: Run ContentReplace Behavior [ RunTime:0.000699s ]
INFO: Run TokenBuild Behavior [ RunTime:0.000624s ]
INFO: Run WriteHtmlCache Behavior [ RunTime:0.000527s ]
INFO: Run ShowRuntime Behavior [ RunTime:0.000682s ]
INFO: [ view_filter ] --END-- [ RunTime:0.002686s ]
INFO: [ view_end ] --START--
INFO: Run ShowPageTrace Behavior [ RunTime:0.000821s ]
INFO: [ view_end ] --END-- [ RunTime:0.000889s ]

[ 2013-09-03T15:42:34+08:00 ] 127.0.0.1 /jianliapp/index.php?s=/Project/index
INFO: [ route_check ] --START--
INFO: Run CheckRoute Behavior [ RunTime:0.001053s ]
INFO: [ route_check ] --END-- [ RunTime:0.001136s ]
INFO: [ app_begin ] --START--
INFO: Run ReadHtmlCache Behavior [ RunTime:0.000782s ]
INFO: [ app_begin ] --END-- [ RunTime:0.000841s ]
SQL: SHOW COLUMNS FROM `oa_project` [ RunTime:0.001387s ]
SQL: SELECT COUNT(*) AS tp_count FROM `oa_project` WHERE ( `status` = 0 ) LIMIT 1   [ RunTime:0.000168s ]
SQL: SELECT * FROM `oa_project` WHERE ( `status` = 0 ) LIMIT 0,10   [ RunTime:0.000127s ]
NOTIC: [2] Invalid argument supplied for foreach() C:\AppServ\www\jianliapp\Home\Lib\Model\BaseModel.class.php 第 48 行.
INFO: [ view_template ] --START--
INFO: Run LocationTemplate Behavior [ RunTime:0.001148s ]
INFO: [ view_template ] --END-- [ RunTime:0.001211s ]
INFO: [ view_parse ] --START--
INFO: Run ParseTemplate Behavior [ RunTime:0.023584s ]
INFO: [ view_parse ] --END-- [ RunTime:0.023667s ]
INFO: [ view_filter ] --START--
INFO: Run ContentReplace Behavior [ RunTime:0.000712s ]
INFO: Run TokenBuild Behavior [ RunTime:0.000683s ]
INFO: Run WriteHtmlCache Behavior [ RunTime:0.000545s ]
INFO: Run ShowRuntime Behavior [ RunTime:0.000708s ]
INFO: [ view_filter ] --END-- [ RunTime:0.002811s ]
INFO: [ view_end ] --START--
INFO: Run ShowPageTrace Behavior [ RunTime:0.001109s ]
INFO: [ view_end ] --END-- [ RunTime:0.001191s ]

[ 2013-09-03T15:42:35+08:00 ] 127.0.0.1 /jianliapp/index.php?s=/User/userList/type/amaldar
INFO: [ route_check ] --START--
INFO: Run CheckRoute Behavior [ RunTime:0.001632s ]
INFO: [ route_check ] --END-- [ RunTime:0.001908s ]
INFO: [ app_begin ] --START--
INFO: Run ReadHtmlCache Behavior [ RunTime:0.000816s ]
INFO: [ app_begin ] --END-- [ RunTime:0.000936s ]
SQL: SHOW COLUMNS FROM `oa_users` [ RunTime:0.001491s ]
SQL: SELECT * FROM `oa_users` WHERE ( `app_id` = 1 ) AND ( `status` = 0 ) AND ( `type` = 3 )  [ RunTime:0.000227s ]
INFO: [ view_template ] --START--
INFO: Run LocationTemplate Behavior [ RunTime:0.000742s ]
INFO: [ view_template ] --END-- [ RunTime:0.000801s ]
INFO: [ view_parse ] --START--
INFO: Run ParseTemplate Behavior [ RunTime:0.017399s ]
INFO: [ view_parse ] --END-- [ RunTime:0.017484s ]
INFO: [ view_filter ] --START--
INFO: Run ContentReplace Behavior [ RunTime:0.000386s ]
INFO: Run TokenBuild Behavior [ RunTime:0.000305s ]
INFO: Run WriteHtmlCache Behavior [ RunTime:0.000204s ]
INFO: Run ShowRuntime Behavior [ RunTime:0.000371s ]
INFO: [ view_filter ] --END-- [ RunTime:0.001418s ]
INFO: [ view_end ] --START--
INFO: Run ShowPageTrace Behavior [ RunTime:0.000493s ]
INFO: [ view_end ] --END-- [ RunTime:0.000554s ]

[ 2013-09-03T15:42:37+08:00 ] 127.0.0.1 /jianliapp/index.php?s=/User/userList/type/designer
INFO: [ route_check ] --START--
INFO: Run CheckRoute Behavior [ RunTime:0.001432s ]
INFO: [ route_check ] --END-- [ RunTime:0.001600s ]
INFO: [ app_begin ] --START--
INFO: Run ReadHtmlCache Behavior [ RunTime:0.000938s ]
INFO: [ app_begin ] --END-- [ RunTime:0.001067s ]
SQL: SHOW COLUMNS FROM `oa_users` [ RunTime:0.001708s ]
SQL: SELECT * FROM `oa_users` WHERE ( `app_id` = 1 ) AND ( `status` = 0 ) AND ( `type` = 1 )  [ RunTime:0.000406s ]
INFO: [ view_template ] --START--
INFO: Run LocationTemplate Behavior [ RunTime:0.000466s ]
INFO: [ view_template ] --END-- [ RunTime:0.000529s ]
INFO: [ view_parse ] --START--
INFO: Run ParseTemplate Behavior [ RunTime:0.016855s ]
INFO: [ view_parse ] --END-- [ RunTime:0.016940s ]
INFO: [ view_filter ] --START--
INFO: Run ContentReplace Behavior [ RunTime:0.000396s ]
INFO: Run TokenBuild Behavior [ RunTime:0.000302s ]
INFO: Run WriteHtmlCache Behavior [ RunTime:0.000206s ]
INFO: Run ShowRuntime Behavior [ RunTime:0.000370s ]
INFO: [ view_filter ] --END-- [ RunTime:0.001421s ]
INFO: [ view_end ] --START--
INFO: Run ShowPageTrace Behavior [ RunTime:0.000482s ]
INFO: [ view_end ] --END-- [ RunTime:0.000542s ]

[ 2013-09-03T15:43:51+08:00 ] 127.0.0.1 /jianliapp/index.php?s=/User/userList/type/designer
INFO: [ route_check ] --START--
INFO: Run CheckRoute Behavior [ RunTime:0.001142s ]
INFO: [ route_check ] --END-- [ RunTime:0.001229s ]
INFO: [ app_begin ] --START--
INFO: Run ReadHtmlCache Behavior [ RunTime:0.000830s ]
INFO: [ app_begin ] --END-- [ RunTime:0.000895s ]
SQL: SHOW COLUMNS FROM `oa_users` [ RunTime:0.002291s ]
SQL: SELECT * FROM `oa_users` WHERE ( `app_id` = 1 ) AND ( `status` = 0 ) AND ( `type` = 1 )  [ RunTime:0.000238s ]
INFO: [ view_template ] --START--
INFO: Run LocationTemplate Behavior [ RunTime:0.001550s ]
INFO: [ view_template ] --END-- [ RunTime:0.001642s ]
INFO: [ view_parse ] --START--
INFO: Run ParseTemplate Behavior [ RunTime:0.023720s ]
INFO: [ view_parse ] --END-- [ RunTime:0.023850s ]
INFO: [ view_filter ] --START--
INFO: Run ContentReplace Behavior [ RunTime:0.000719s ]
INFO: Run TokenBuild Behavior [ RunTime:0.000671s ]
INFO: Run WriteHtmlCache Behavior [ RunTime:0.000526s ]
INFO: Run ShowRuntime Behavior [ RunTime:0.000685s ]
INFO: [ view_filter ] --END-- [ RunTime:0.002751s ]
INFO: [ view_end ] --START--
INFO: Run ShowPageTrace Behavior [ RunTime:0.001017s ]
INFO: [ view_end ] --END-- [ RunTime:0.001093s ]

[ 2013-09-03T15:43:52+08:00 ] 127.0.0.1 /jianliapp/index.php?s=/User/userList/type/designer
INFO: [ route_check ] --START--
INFO: Run CheckRoute Behavior [ RunTime:0.000801s ]
INFO: [ route_check ] --END-- [ RunTime:0.000892s ]
INFO: [ app_begin ] --START--
INFO: Run ReadHtmlCache Behavior [ RunTime:0.000522s ]
INFO: [ app_begin ] --END-- [ RunTime:0.000591s ]
SQL: SHOW COLUMNS FROM `oa_users` [ RunTime:0.001392s ]
SQL: SELECT * FROM `oa_users` WHERE ( `app_id` = 1 ) AND ( `status` = 0 ) AND ( `type` = 1 )  [ RunTime:0.000203s ]
INFO: [ view_template ] --START--
INFO: Run LocationTemplate Behavior [ RunTime:0.000410s ]
INFO: [ view_template ] --END-- [ RunTime:0.000469s ]
INFO: [ view_parse ] --START--
INFO: Run ParseTemplate Behavior [ RunTime:0.016995s ]
INFO: [ view_parse ] --END-- [ RunTime:0.017091s ]
INFO: [ view_filter ] --START--
INFO: Run ContentReplace Behavior [ RunTime:0.000382s ]
INFO: Run TokenBuild Behavior [ RunTime:0.000308s ]
INFO: Run WriteHtmlCache Behavior [ RunTime:0.000204s ]
INFO: Run ShowRuntime Behavior [ RunTime:0.000368s ]
INFO: [ view_filter ] --END-- [ RunTime:0.001408s ]
INFO: [ view_end ] --START--
INFO: Run ShowPageTrace Behavior [ RunTime:0.000489s ]
INFO: [ view_end ] --END-- [ RunTime:0.000547s ]

[ 2013-09-03T15:43:54+08:00 ] 127.0.0.1 /jianliapp/index.php?s=/User/userList/type/designer
INFO: [ route_check ] --START--
INFO: Run CheckRoute Behavior [ RunTime:0.001516s ]
INFO: [ route_check ] --END-- [ RunTime:0.001627s ]
INFO: [ app_begin ] --START--
INFO: Run ReadHtmlCache Behavior [ RunTime:0.001010s ]
INFO: [ app_begin ] --END-- [ RunTime:0.001091s ]
SQL: SHOW COLUMNS FROM `oa_users` [ RunTime:0.001504s ]
SQL: SELECT * FROM `oa_users` WHERE ( `app_id` = 1 ) AND ( `status` = 0 ) AND ( `type` = 1 )  [ RunTime:0.000204s ]
INFO: [ view_template ] --START--
INFO: Run LocationTemplate Behavior [ RunTime:0.001074s ]
INFO: [ view_template ] --END-- [ RunTime:0.001134s ]
INFO: [ view_parse ] --START--
INFO: Run ParseTemplate Behavior [ RunTime:0.023896s ]
INFO: [ view_parse ] --END-- [ RunTime:0.023977s ]
INFO: [ view_filter ] --START--
INFO: Run ContentReplace Behavior [ RunTime:0.000719s ]
INFO: Run TokenBuild Behavior [ RunTime:0.000622s ]
INFO: Run WriteHtmlCache Behavior [ RunTime:0.000518s ]
INFO: Run ShowRuntime Behavior [ RunTime:0.000767s ]
INFO: [ view_filter ] --END-- [ RunTime:0.002779s ]
INFO: [ view_end ] --START--
INFO: Run ShowPageTrace Behavior [ RunTime:0.000858s ]
INFO: [ view_end ] --END-- [ RunTime:0.000926s ]

[ 2013-09-03T15:43:57+08:00 ] 127.0.0.1 /jianliapp/index.php?s=/User/userList/type/all
INFO: [ route_check ] --START--
INFO: Run CheckRoute Behavior [ RunTime:0.001277s ]
INFO: [ route_check ] --END-- [ RunTime:0.001435s ]
INFO: [ app_begin ] --START--
INFO: Run ReadHtmlCache Behavior [ RunTime:0.000773s ]
INFO: [ app_begin ] --END-- [ RunTime:0.000833s ]
SQL: SHOW COLUMNS FROM `oa_users` [ RunTime:0.001714s ]
SQL: SELECT * FROM `oa_users` WHERE ( `app_id` = 1 ) AND ( `status` = 0 )  [ RunTime:0.000269s ]
INFO: [ view_template ] --START--
INFO: Run LocationTemplate Behavior [ RunTime:0.001084s ]
INFO: [ view_template ] --END-- [ RunTime:0.001146s ]
INFO: [ view_parse ] --START--
INFO: Run ParseTemplate Behavior [ RunTime:0.019078s ]
INFO: [ view_parse ] --END-- [ RunTime:0.019158s ]
INFO: [ view_filter ] --START--
INFO: Run ContentReplace Behavior [ RunTime:0.000793s ]
INFO: Run TokenBuild Behavior [ RunTime:0.000634s ]
INFO: Run WriteHtmlCache Behavior [ RunTime:0.000526s ]
INFO: Run ShowRuntime Behavior [ RunTime:0.000687s ]
INFO: [ view_filter ] --END-- [ RunTime:0.002800s ]
INFO: [ view_end ] --START--
INFO: Run ShowPageTrace Behavior [ RunTime:0.001156s ]
INFO: [ view_end ] --END-- [ RunTime:0.001259s ]

[ 2013-09-03T15:44:40+08:00 ] 127.0.0.1 /jianliapp/index.php?s=/User/userList/type/all
INFO: [ route_check ] --START--
INFO: Run CheckRoute Behavior [ RunTime:0.000927s ]
INFO: [ route_check ] --END-- [ RunTime:0.001034s ]
INFO: [ app_begin ] --START--
INFO: Run ReadHtmlCache Behavior [ RunTime:0.000617s ]
INFO: [ app_begin ] --END-- [ RunTime:0.000693s ]
SQL: SHOW COLUMNS FROM `oa_users` [ RunTime:0.001804s ]
SQL: SELECT * FROM `oa_users` WHERE ( `app_id` = 1 ) AND ( `status` = 0 )  [ RunTime:0.000282s ]
INFO: [ view_template ] --START--
INFO: Run LocationTemplate Behavior [ RunTime:0.000502s ]
INFO: [ view_template ] --END-- [ RunTime:0.000580s ]
INFO: [ view_parse ] --START--
INFO: Run ParseTemplate Behavior [ RunTime:0.018618s ]
INFO: [ view_parse ] --END-- [ RunTime:0.018718s ]
INFO: [ view_filter ] --START--
INFO: Run ContentReplace Behavior [ RunTime:0.000441s ]
INFO: Run TokenBuild Behavior [ RunTime:0.000314s ]
INFO: Run WriteHtmlCache Behavior [ RunTime:0.000209s ]
INFO: Run ShowRuntime Behavior [ RunTime:0.000374s ]
INFO: [ view_filter ] --END-- [ RunTime:0.001489s ]
INFO: [ view_end ] --START--
INFO: Run ShowPageTrace Behavior [ RunTime:0.000530s ]
INFO: [ view_end ] --END-- [ RunTime:0.000595s ]

[ 2013-09-03T15:44:44+08:00 ] 127.0.0.1 /jianliapp/index.php?s=/User/userList/type/designer
INFO: [ route_check ] --START--
INFO: Run CheckRoute Behavior [ RunTime:0.001596s ]
INFO: [ route_check ] --END-- [ RunTime:0.001969s ]
INFO: [ app_begin ] --START--
INFO: Run ReadHtmlCache Behavior [ RunTime:0.000919s ]
INFO: [ app_begin ] --END-- [ RunTime:0.001018s ]
SQL: SHOW COLUMNS FROM `oa_users` [ RunTime:0.001783s ]
SQL: SELECT * FROM `oa_users` WHERE ( `app_id` = 1 ) AND ( `status` = 0 ) AND ( `type` = 1 )  [ RunTime:0.000304s ]
INFO: [ view_template ] --START--
INFO: Run LocationTemplate Behavior [ RunTime:0.001211s ]
INFO: [ view_template ] --END-- [ RunTime:0.001288s ]
INFO: [ view_parse ] --START--
INFO: Run ParseTemplate Behavior [ RunTime:0.024361s ]
INFO: [ view_parse ] --END-- [ RunTime:0.024446s ]
INFO: [ view_filter ] --START--
INFO: Run ContentReplace Behavior [ RunTime:0.000709s ]
INFO: Run TokenBuild Behavior [ RunTime:0.000625s ]
INFO: Run WriteHtmlCache Behavior [ RunTime:0.000519s ]
INFO: Run ShowRuntime Behavior [ RunTime:0.000741s ]
INFO: [ view_filter ] --END-- [ RunTime:0.002750s ]
INFO: [ view_end ] --START--
INFO: Run ShowPageTrace Behavior [ RunTime:0.001367s ]
INFO: [ view_end ] --END-- [ RunTime:0.001463s ]

[ 2013-09-03T15:44:48+08:00 ] 127.0.0.1 /jianliapp/index.php?s=/Case/show
INFO: [ route_check ] --START--
INFO: Run CheckRoute Behavior [ RunTime:0.000948s ]
INFO: [ route_check ] --END-- [ RunTime:0.001259s ]
INFO: [ app_begin ] --START--
INFO: Run ReadHtmlCache Behavior [ RunTime:0.000751s ]
INFO: [ app_begin ] --END-- [ RunTime:0.000898s ]
SQL: SHOW COLUMNS FROM `oa_case` [ RunTime:0.001420s ]
SQL: SELECT * FROM `oa_case` WHERE ( `app_id` = 1 ) AND ( `status` = 0 )  [ RunTime:0.000209s ]
INFO: [ view_template ] --START--
INFO: Run LocationTemplate Behavior [ RunTime:0.000775s ]
INFO: [ view_template ] --END-- [ RunTime:0.000835s ]
INFO: [ view_parse ] --START--
INFO: Run ParseTemplate Behavior [ RunTime:0.017586s ]
INFO: [ view_parse ] --END-- [ RunTime:0.017669s ]
INFO: [ view_filter ] --START--
INFO: Run ContentReplace Behavior [ RunTime:0.000377s ]
INFO: Run TokenBuild Behavior [ RunTime:0.000304s ]
INFO: Run WriteHtmlCache Behavior [ RunTime:0.000244s ]
INFO: Run ShowRuntime Behavior [ RunTime:0.000470s ]
INFO: [ view_filter ] --END-- [ RunTime:0.001564s ]
INFO: [ view_end ] --START--
INFO: Run ShowPageTrace Behavior [ RunTime:0.000508s ]
INFO: [ view_end ] --END-- [ RunTime:0.000573s ]

[ 2013-09-03T15:44:49+08:00 ] 127.0.0.1 /jianliapp/index.php?s=/Active/index
INFO: [ route_check ] --START--
INFO: Run CheckRoute Behavior [ RunTime:0.002205s ]
INFO: [ route_check ] --END-- [ RunTime:0.002349s ]
INFO: [ app_begin ] --START--
INFO: Run ReadHtmlCache Behavior [ RunTime:0.000793s ]
INFO: [ app_begin ] --END-- [ RunTime:0.000964s ]
SQL: SHOW COLUMNS FROM `oa_active` [ RunTime:0.001363s ]
SQL: SELECT * FROM `oa_active` WHERE ( `app_id` = 1 ) AND ( `status` = 0 )  [ RunTime:0.000197s ]
INFO: [ view_template ] --START--
INFO: Run LocationTemplate Behavior [ RunTime:0.000775s ]
INFO: [ view_template ] --END-- [ RunTime:0.000846s ]
INFO: [ view_parse ] --START--
INFO: Run ParseTemplate Behavior [ RunTime:0.018329s ]
INFO: [ view_parse ] --END-- [ RunTime:0.018408s ]
INFO: [ view_filter ] --START--
INFO: Run ContentReplace Behavior [ RunTime:0.000414s ]
INFO: Run TokenBuild Behavior [ RunTime:0.000341s ]
INFO: Run WriteHtmlCache Behavior [ RunTime:0.000213s ]
INFO: Run ShowRuntime Behavior [ RunTime:0.000372s ]
INFO: [ view_filter ] --END-- [ RunTime:0.001499s ]
INFO: [ view_end ] --START--
INFO: Run ShowPageTrace Behavior [ RunTime:0.000517s ]
INFO: [ view_end ] --END-- [ RunTime:0.000580s ]

[ 2013-09-03T15:44:51+08:00 ] 127.0.0.1 /jianliapp/index.php?s=/Case/show
INFO: [ route_check ] --START--
INFO: Run CheckRoute Behavior [ RunTime:0.001102s ]
INFO: [ route_check ] --END-- [ RunTime:0.001242s ]
INFO: [ app_begin ] --START--
INFO: Run ReadHtmlCache Behavior [ RunTime:0.000837s ]
INFO: [ app_begin ] --END-- [ RunTime:0.001009s ]
SQL: SHOW COLUMNS FROM `oa_case` [ RunTime:0.001597s ]
SQL: SELECT * FROM `oa_case` WHERE ( `app_id` = 1 ) AND ( `status` = 0 )  [ RunTime:0.000278s ]
INFO: [ view_template ] --START--
INFO: Run LocationTemplate Behavior [ RunTime:0.000810s ]
INFO: [ view_template ] --END-- [ RunTime:0.000877s ]
INFO: [ view_parse ] --START--
INFO: Run ParseTemplate Behavior [ RunTime:0.017149s ]
INFO: [ view_parse ] --END-- [ RunTime:0.017232s ]
INFO: [ view_filter ] --START--
INFO: Run ContentReplace Behavior [ RunTime:0.000380s ]
INFO: Run TokenBuild Behavior [ RunTime:0.000305s ]
INFO: Run WriteHtmlCache Behavior [ RunTime:0.000208s ]
INFO: Run ShowRuntime Behavior [ RunTime:0.000370s ]
INFO: [ view_filter ] --END-- [ RunTime:0.001410s ]
INFO: [ view_end ] --START--
INFO: Run ShowPageTrace Behavior [ RunTime:0.000658s ]
INFO: [ view_end ] --END-- [ RunTime:0.000731s ]

[ 2013-09-03T15:44:52+08:00 ] 127.0.0.1 /jianliapp/index.php?s=/User/userList/type/designer
INFO: [ route_check ] --START--
INFO: Run CheckRoute Behavior [ RunTime:0.001388s ]
INFO: [ route_check ] --END-- [ RunTime:0.001573s ]
INFO: [ app_begin ] --START--
INFO: Run ReadHtmlCache Behavior [ RunTime:0.000955s ]
INFO: [ app_begin ] --END-- [ RunTime:0.001063s ]
SQL: SHOW COLUMNS FROM `oa_users` [ RunTime:0.001907s ]
SQL: SELECT * FROM `oa_users` WHERE ( `app_id` = 1 ) AND ( `status` = 0 ) AND ( `type` = 1 )  [ RunTime:0.000277s ]
INFO: [ view_template ] --START--
INFO: Run LocationTemplate Behavior [ RunTime:0.000440s ]
INFO: [ view_template ] --END-- [ RunTime:0.000502s ]
INFO: [ view_parse ] --START--
INFO: Run ParseTemplate Behavior [ RunTime:0.018291s ]
INFO: [ view_parse ] --END-- [ RunTime:0.018374s ]
INFO: [ view_filter ] --START--
INFO: Run ContentReplace Behavior [ RunTime:0.000380s ]
INFO: Run TokenBuild Behavior [ RunTime:0.000304s ]
INFO: Run WriteHtmlCache Behavior [ RunTime:0.000219s ]
INFO: Run ShowRuntime Behavior [ RunTime:0.000389s ]
INFO: [ view_filter ] --END-- [ RunTime:0.001438s ]
INFO: [ view_end ] --START--
INFO: Run ShowPageTrace Behavior [ RunTime:0.000707s ]
INFO: [ view_end ] --END-- [ RunTime:0.000790s ]

[ 2013-09-03T15:44:54+08:00 ] 127.0.0.1 /jianliapp/index.php?s=/User/edit/id/3
INFO: [ route_check ] --START--
INFO: Run CheckRoute Behavior [ RunTime:0.000784s ]
INFO: [ route_check ] --END-- [ RunTime:0.000919s ]
INFO: [ app_begin ] --START--
INFO: Run ReadHtmlCache Behavior [ RunTime:0.000535s ]
INFO: [ app_begin ] --END-- [ RunTime:0.000624s ]
SQL: SHOW COLUMNS FROM `oa_users` [ RunTime:0.003061s ]
SQL: SELECT * FROM `oa_users` WHERE ( `id` = 3 ) AND ( `app_id` = 1 ) LIMIT 1   [ RunTime:0.000479s ]
INFO: [ view_template ] --START--
INFO: Run LocationTemplate Behavior [ RunTime:0.001047s ]
INFO: [ view_template ] --END-- [ RunTime:0.001290s ]
INFO: [ view_parse ] --START--
INFO: Run ParseTemplate Behavior [ RunTime:0.025549s ]
INFO: [ view_parse ] --END-- [ RunTime:0.025675s ]
INFO: [ view_filter ] --START--
INFO: Run ContentReplace Behavior [ RunTime:0.000505s ]
INFO: Run TokenBuild Behavior [ RunTime:0.000400s ]
INFO: Run WriteHtmlCache Behavior [ RunTime:0.000241s ]
INFO: Run ShowRuntime Behavior [ RunTime:0.000441s ]
INFO: [ view_filter ] --END-- [ RunTime:0.001804s ]
INFO: [ view_end ] --START--
INFO: Run ShowPageTrace Behavior [ RunTime:0.000815s ]
INFO: [ view_end ] --END-- [ RunTime:0.000922s ]

[ 2013-09-03T15:45:01+08:00 ] 127.0.0.1 /jianliapp/index.php?s=/User/userList/type/all
INFO: [ route_check ] --START--
INFO: Run CheckRoute Behavior [ RunTime:0.000862s ]
INFO: [ route_check ] --END-- [ RunTime:0.001098s ]
INFO: [ app_begin ] --START--
INFO: Run ReadHtmlCache Behavior [ RunTime:0.000511s ]
INFO: [ app_begin ] --END-- [ RunTime:0.000578s ]
SQL: SHOW COLUMNS FROM `oa_users` [ RunTime:0.001514s ]
SQL: SELECT * FROM `oa_users` WHERE ( `app_id` = 1 ) AND ( `status` = 0 )  [ RunTime:0.000244s ]
INFO: [ view_template ] --START--
INFO: Run LocationTemplate Behavior [ RunTime:0.000393s ]
INFO: [ view_template ] --END-- [ RunTime:0.000455s ]
INFO: [ view_parse ] --START--
INFO: Run ParseTemplate Behavior [ RunTime:0.016815s ]
INFO: [ view_parse ] --END-- [ RunTime:0.016897s ]
INFO: [ view_filter ] --START--
INFO: Run ContentReplace Behavior [ RunTime:0.000413s ]
INFO: Run TokenBuild Behavior [ RunTime:0.000309s ]
INFO: Run WriteHtmlCache Behavior [ RunTime:0.000206s ]
INFO: Run ShowRuntime Behavior [ RunTime:0.000379s ]
INFO: [ view_filter ] --END-- [ RunTime:0.001454s ]
INFO: [ view_end ] --START--
INFO: Run ShowPageTrace Behavior [ RunTime:0.000479s ]
INFO: [ view_end ] --END-- [ RunTime:0.000537s ]

[ 2013-09-03T15:45:02+08:00 ] 127.0.0.1 /jianliapp/index.php?s=/User/add
INFO: [ route_check ] --START--
INFO: Run CheckRoute Behavior [ RunTime:0.001078s ]
INFO: [ route_check ] --END-- [ RunTime:0.001183s ]
INFO: [ app_begin ] --START--
INFO: Run ReadHtmlCache Behavior [ RunTime:0.000834s ]
INFO: [ app_begin ] --END-- [ RunTime:0.000933s ]
SQL: SHOW COLUMNS FROM `oa_users` [ RunTime:0.001811s ]
INFO: [ view_template ] --START--
INFO: Run LocationTemplate Behavior [ RunTime:0.000878s ]
INFO: [ view_template ] --END-- [ RunTime:0.000971s ]
INFO: [ view_parse ] --START--
NOTIC: [8] Undefined variable: data C:\AppServ\www\jianliapp\Home\Runtime\Cache\0d397d12e7f825966836ae5022f2ef17.php 第 253 行.
INFO: Run ParseTemplate Behavior [ RunTime:0.016483s ]
INFO: [ view_parse ] --END-- [ RunTime:0.016569s ]
INFO: [ view_filter ] --START--
INFO: Run ContentReplace Behavior [ RunTime:0.000418s ]
INFO: Run TokenBuild Behavior [ RunTime:0.000307s ]
INFO: Run WriteHtmlCache Behavior [ RunTime:0.000205s ]
INFO: Run ShowRuntime Behavior [ RunTime:0.000420s ]
INFO: [ view_filter ] --END-- [ RunTime:0.001502s ]
INFO: [ view_end ] --START--
INFO: Run ShowPageTrace Behavior [ RunTime:0.000703s ]
INFO: [ view_end ] --END-- [ RunTime:0.000781s ]

[ 2013-09-03T15:45:07+08:00 ] 127.0.0.1 /jianliapp/index.php?s=/User/userList/type/designer
INFO: [ route_check ] --START--
INFO: Run CheckRoute Behavior [ RunTime:0.000775s ]
INFO: [ route_check ] --END-- [ RunTime:0.000872s ]
INFO: [ app_begin ] --START--
INFO: Run ReadHtmlCache Behavior [ RunTime:0.000484s ]
INFO: [ app_begin ] --END-- [ RunTime:0.000549s ]
SQL: SHOW COLUMNS FROM `oa_users` [ RunTime:0.001536s ]
SQL: SELECT * FROM `oa_users` WHERE ( `app_id` = 1 ) AND ( `status` = 0 ) AND ( `type` = 1 )  [ RunTime:0.000186s ]
INFO: [ view_template ] --START--
INFO: Run LocationTemplate Behavior [ RunTime:0.000402s ]
INFO: [ view_template ] --END-- [ RunTime:0.000460s ]
INFO: [ view_parse ] --START--
INFO: Run ParseTemplate Behavior [ RunTime:0.017313s ]
INFO: [ view_parse ] --END-- [ RunTime:0.017397s ]
INFO: [ view_filter ] --START--
INFO: Run ContentReplace Behavior [ RunTime:0.000381s ]
INFO: Run TokenBuild Behavior [ RunTime:0.000315s ]
INFO: Run WriteHtmlCache Behavior [ RunTime:0.000207s ]
INFO: Run ShowRuntime Behavior [ RunTime:0.000370s ]
INFO: [ view_filter ] --END-- [ RunTime:0.001422s ]
INFO: [ view_end ] --START--
INFO: Run ShowPageTrace Behavior [ RunTime:0.000538s ]
INFO: [ view_end ] --END-- [ RunTime:0.000609s ]

[ 2013-09-03T15:45:08+08:00 ] 127.0.0.1 /jianliapp/index.php?s=/User/add
INFO: [ route_check ] --START--
INFO: Run CheckRoute Behavior [ RunTime:0.000971s ]
INFO: [ route_check ] --END-- [ RunTime:0.001077s ]
INFO: [ app_begin ] --START--
INFO: Run ReadHtmlCache Behavior [ RunTime:0.000488s ]
INFO: [ app_begin ] --END-- [ RunTime:0.000557s ]
SQL: SHOW COLUMNS FROM `oa_users` [ RunTime:0.002741s ]
INFO: [ view_template ] --START--
INFO: Run LocationTemplate Behavior [ RunTime:0.000988s ]
INFO: [ view_template ] --END-- [ RunTime:0.001106s ]
INFO: [ view_parse ] --START--
NOTIC: [8] Undefined variable: data C:\AppServ\www\jianliapp\Home\Runtime\Cache\0d397d12e7f825966836ae5022f2ef17.php 第 253 行.
INFO: Run ParseTemplate Behavior [ RunTime:0.022477s ]
INFO: [ view_parse ] --END-- [ RunTime:0.022554s ]
INFO: [ view_filter ] --START--
INFO: Run ContentReplace Behavior [ RunTime:0.000675s ]
INFO: Run TokenBuild Behavior [ RunTime:0.000512s ]
INFO: Run WriteHtmlCache Behavior [ RunTime:0.000302s ]
INFO: Run ShowRuntime Behavior [ RunTime:0.000479s ]
INFO: [ view_filter ] --END-- [ RunTime:0.002235s ]
INFO: [ view_end ] --START--
INFO: Run ShowPageTrace Behavior [ RunTime:0.000775s ]
INFO: [ view_end ] --END-- [ RunTime:0.000887s ]

[ 2013-09-03T15:46:27+08:00 ] 127.0.0.1 /jianliapp/index.php?s=/User/userList/type/all
INFO: [ route_check ] --START--
INFO: Run CheckRoute Behavior [ RunTime:0.001392s ]
INFO: [ route_check ] --END-- [ RunTime:0.001696s ]
INFO: [ app_begin ] --START--
INFO: Run ReadHtmlCache Behavior [ RunTime:0.001056s ]
INFO: [ app_begin ] --END-- [ RunTime:0.001274s ]
SQL: SHOW COLUMNS FROM `oa_users` [ RunTime:0.001733s ]
SQL: SELECT * FROM `oa_users` WHERE ( `app_id` = 1 ) AND ( `status` = 0 )  [ RunTime:0.000272s ]
INFO: [ view_template ] --START--
INFO: Run LocationTemplate Behavior [ RunTime:0.001090s ]
INFO: [ view_template ] --END-- [ RunTime:0.001152s ]
INFO: [ view_parse ] --START--
INFO: Run ParseTemplate Behavior [ RunTime:0.024720s ]
INFO: [ view_parse ] --END-- [ RunTime:0.024806s ]
INFO: [ view_filter ] --START--
INFO: Run ContentReplace Behavior [ RunTime:0.000754s ]
INFO: Run TokenBuild Behavior [ RunTime:0.000667s ]
INFO: Run WriteHtmlCache Behavior [ RunTime:0.000834s ]
INFO: Run ShowRuntime Behavior [ RunTime:0.000963s ]
INFO: [ view_filter ] --END-- [ RunTime:0.003439s ]
INFO: [ view_end ] --START--
INFO: Run ShowPageTrace Behavior [ RunTime:0.001213s ]
INFO: [ view_end ] --END-- [ RunTime:0.001306s ]

