[ 2013-11-20T11:11:04+08:00 ] 0.0.0.0 /jianliapp/admin.php?s=/Manager/verify
INFO: [ route_check ] --START--
INFO: Run CheckRoute Behavior [ RunTime:0.000840s ]
INFO: [ route_check ] --END-- [ RunTime:0.000922s ]
INFO: [ app_begin ] --START--
INFO: Run ReadHtmlCache Behavior [ RunTime:0.000651s ]
INFO: [ app_begin ] --END-- [ RunTime:0.000696s ]
SQL: SHOW COLUMNS FROM `tb_manager` [ RunTime:0.001702s ]

[ 2013-11-20T11:11:15+08:00 ] 0.0.0.0 /jianliapp/admin.php?s=/Manager/login
INFO: [ route_check ] --START--
INFO: Run CheckRoute Behavior [ RunTime:0.001275s ]
INFO: [ route_check ] --END-- [ RunTime:0.001351s ]
INFO: [ app_begin ] --START--
INFO: Run ReadHtmlCache Behavior [ RunTime:0.001193s ]
INFO: [ app_begin ] --END-- [ RunTime:0.001246s ]
SQL: SHOW COLUMNS FROM `tb_manager` [ RunTime:0.006326s ]
SQL: SELECT * FROM `tb_manager` WHERE ( `account` = 'admin' ) AND ( `appid` = 1 ) AND ( `status` = 0 ) LIMIT 1   [ RunTime:0.015804s ]
INFO: [ view_template ] --START--
INFO: Run LocationTemplate Behavior [ RunTime:0.004559s ]
INFO: [ view_template ] --END-- [ RunTime:0.004714s ]
INFO: [ view_parse ] --START--
NOTIC: [8] Undefined variable: Title F:\www\jianliapp\Home\Admin\Runtime\Cache\25e16930de30c2eddf3898c44ac6a012.php 第 9 行.
INFO: Run ParseTemplate Behavior [ RunTime:0.072635s ]
INFO: [ view_parse ] --END-- [ RunTime:0.072787s ]
INFO: [ view_filter ] --START--
INFO: Run ContentReplace Behavior [ RunTime:0.003411s ]
INFO: Run TokenBuild Behavior [ RunTime:0.004122s ]
INFO: Run WriteHtmlCache Behavior [ RunTime:0.001559s ]
INFO: Run ShowRuntime Behavior [ RunTime:0.001956s ]
INFO: [ view_filter ] --END-- [ RunTime:0.011509s ]
INFO: [ view_end ] --START--
INFO: Run ShowPageTrace Behavior [ RunTime:0.002310s ]
INFO: [ view_end ] --END-- [ RunTime:0.002442s ]

[ 2013-11-20T11:11:16+08:00 ] 0.0.0.0 /jianliapp/admin.php?s=/Index/index
INFO: [ route_check ] --START--
INFO: Run CheckRoute Behavior [ RunTime:0.001176s ]
INFO: [ route_check ] --END-- [ RunTime:0.001256s ]
INFO: [ app_begin ] --START--
INFO: Run ReadHtmlCache Behavior [ RunTime:0.001420s ]
INFO: [ app_begin ] --END-- [ RunTime:0.001496s ]
INFO: [ view_template ] --START--
INFO: Run LocationTemplate Behavior [ RunTime:0.001275s ]
INFO: [ view_template ] --END-- [ RunTime:0.001346s ]
INFO: [ view_parse ] --START--
INFO: Run ParseTemplate Behavior [ RunTime:0.011125s ]
INFO: [ view_parse ] --END-- [ RunTime:0.011238s ]
INFO: [ view_filter ] --START--
INFO: Run ContentReplace Behavior [ RunTime:0.001345s ]
INFO: Run TokenBuild Behavior [ RunTime:0.000568s ]
INFO: Run WriteHtmlCache Behavior [ RunTime:0.000425s ]
INFO: Run ShowRuntime Behavior [ RunTime:0.000542s ]
INFO: [ view_filter ] --END-- [ RunTime:0.003018s ]
INFO: [ view_end ] --START--
INFO: Run ShowPageTrace Behavior [ RunTime:0.000688s ]
INFO: [ view_end ] --END-- [ RunTime:0.000727s ]

[ 2013-11-20T11:11:17+08:00 ] 0.0.0.0 /jianliapp/admin.php?s=/Company/company
INFO: [ route_check ] --START--
INFO: Run CheckRoute Behavior [ RunTime:0.001112s ]
INFO: [ route_check ] --END-- [ RunTime:0.001196s ]
INFO: [ app_begin ] --START--
INFO: Run ReadHtmlCache Behavior [ RunTime:0.000862s ]
INFO: [ app_begin ] --END-- [ RunTime:0.000910s ]
SQL: SHOW COLUMNS FROM `tb_company` [ RunTime:0.008412s ]
SQL: SELECT COUNT(*) AS tp_count FROM `tb_company` WHERE ( `status` = 0 ) AND ( `appid` = 1 ) LIMIT 1   [ RunTime:0.053662s ]
SQL: SELECT * FROM `tb_company` WHERE ( `status` = 0 ) AND ( `appid` = 1 ) ORDER BY createtime desc LIMIT 0,5   [ RunTime:0.001445s ]
INFO: [ view_template ] --START--
INFO: Run LocationTemplate Behavior [ RunTime:0.005179s ]
INFO: [ view_template ] --END-- [ RunTime:0.005342s ]
INFO: [ view_parse ] --START--
NOTIC: [8] Undefined variable: Title F:\www\jianliapp\Home\Admin\Runtime\Cache\3dbb8342dba5dceca89a4b04b0753a77.php 第 9 行.
INFO: Run ParseTemplate Behavior [ RunTime:0.058245s ]
INFO: [ view_parse ] --END-- [ RunTime:0.058360s ]
INFO: [ view_filter ] --START--
INFO: Run ContentReplace Behavior [ RunTime:0.001155s ]
INFO: Run TokenBuild Behavior [ RunTime:0.000892s ]
INFO: Run WriteHtmlCache Behavior [ RunTime:0.000668s ]
INFO: Run ShowRuntime Behavior [ RunTime:0.000891s ]
INFO: [ view_filter ] --END-- [ RunTime:0.003788s ]
INFO: [ view_end ] --START--
INFO: Run ShowPageTrace Behavior [ RunTime:0.001071s ]
INFO: [ view_end ] --END-- [ RunTime:0.001134s ]

[ 2013-11-20T11:11:17+08:00 ] 0.0.0.0 /jianliapp/admin.php?s=/Index/left
INFO: [ route_check ] --START--
INFO: Run CheckRoute Behavior [ RunTime:0.001039s ]
INFO: [ route_check ] --END-- [ RunTime:0.001107s ]
INFO: [ app_begin ] --START--
INFO: Run ReadHtmlCache Behavior [ RunTime:0.000870s ]
INFO: [ app_begin ] --END-- [ RunTime:0.000916s ]
INFO: [ view_template ] --START--
INFO: Run LocationTemplate Behavior [ RunTime:0.001771s ]
INFO: [ view_template ] --END-- [ RunTime:0.001861s ]
INFO: [ view_parse ] --START--
NOTIC: [8] Undefined variable: Title F:\www\jianliapp\Home\Admin\Runtime\Cache\37143eef06b0f455826c39b692c7c0cc.php 第 9 行.
INFO: Run ParseTemplate Behavior [ RunTime:0.010640s ]
INFO: [ view_parse ] --END-- [ RunTime:0.010704s ]
INFO: [ view_filter ] --START--
INFO: Run ContentReplace Behavior [ RunTime:0.000724s ]
INFO: Run TokenBuild Behavior [ RunTime:0.000564s ]
INFO: Run WriteHtmlCache Behavior [ RunTime:0.000427s ]
INFO: Run ShowRuntime Behavior [ RunTime:0.000806s ]
INFO: [ view_filter ] --END-- [ RunTime:0.002647s ]
INFO: [ view_end ] --START--
INFO: Run ShowPageTrace Behavior [ RunTime:0.000785s ]
INFO: [ view_end ] --END-- [ RunTime:0.000827s ]

[ 2013-11-20T11:11:17+08:00 ] 0.0.0.0 /jianliapp/admin.php?s=/Index/top
INFO: [ route_check ] --START--
INFO: Run CheckRoute Behavior [ RunTime:0.000961s ]
INFO: [ route_check ] --END-- [ RunTime:0.001033s ]
INFO: [ app_begin ] --START--
INFO: Run ReadHtmlCache Behavior [ RunTime:0.001089s ]
INFO: [ app_begin ] --END-- [ RunTime:0.001177s ]
INFO: [ view_template ] --START--
INFO: Run LocationTemplate Behavior [ RunTime:0.000918s ]
INFO: [ view_template ] --END-- [ RunTime:0.000997s ]
INFO: [ view_parse ] --START--
NOTIC: [8] Undefined variable: Title F:\www\jianliapp\Home\Admin\Runtime\Cache\3fa9528951f49840cd6db1fb79fa06a4.php 第 9 行.
INFO: Run ParseTemplate Behavior [ RunTime:0.010228s ]
INFO: [ view_parse ] --END-- [ RunTime:0.010278s ]
INFO: [ view_filter ] --START--
INFO: Run ContentReplace Behavior [ RunTime:0.000726s ]
INFO: Run TokenBuild Behavior [ RunTime:0.000664s ]
INFO: Run WriteHtmlCache Behavior [ RunTime:0.000510s ]
INFO: Run ShowRuntime Behavior [ RunTime:0.000626s ]
INFO: [ view_filter ] --END-- [ RunTime:0.002687s ]
INFO: [ view_end ] --START--
INFO: Run ShowPageTrace Behavior [ RunTime:0.000690s ]
INFO: [ view_end ] --END-- [ RunTime:0.000731s ]

[ 2013-11-20T13:17:05+08:00 ] 0.0.0.0 /jianliapp/admin.php?s=/Manager/verify
INFO: [ route_check ] --START--
INFO: Run CheckRoute Behavior [ RunTime:0.000904s ]
INFO: [ route_check ] --END-- [ RunTime:0.000987s ]
INFO: [ app_begin ] --START--
INFO: Run ReadHtmlCache Behavior [ RunTime:0.000644s ]
INFO: [ app_begin ] --END-- [ RunTime:0.000684s ]
SQL: SHOW COLUMNS FROM `tb_manager` [ RunTime:0.001711s ]

[ 2013-11-20T13:42:22+08:00 ] 0.0.0.0 /jianliapp/admin.php?s=/Index/index
INFO: [ route_check ] --START--
INFO: Run CheckRoute Behavior [ RunTime:0.001135s ]
INFO: [ route_check ] --END-- [ RunTime:0.001260s ]
INFO: [ app_begin ] --START--
INFO: Run ReadHtmlCache Behavior [ RunTime:0.000838s ]
INFO: [ app_begin ] --END-- [ RunTime:0.000893s ]
INFO: [ view_template ] --START--
INFO: Run LocationTemplate Behavior [ RunTime:0.000896s ]
INFO: [ view_template ] --END-- [ RunTime:0.000948s ]
INFO: [ view_parse ] --START--
INFO: Run ParseTemplate Behavior [ RunTime:0.007848s ]
INFO: [ view_parse ] --END-- [ RunTime:0.007918s ]
INFO: [ view_filter ] --START--
INFO: Run ContentReplace Behavior [ RunTime:0.000709s ]
INFO: Run TokenBuild Behavior [ RunTime:0.000481s ]
INFO: Run WriteHtmlCache Behavior [ RunTime:0.000377s ]
INFO: Run ShowRuntime Behavior [ RunTime:0.000519s ]
INFO: [ view_filter ] --END-- [ RunTime:0.002216s ]
INFO: [ view_end ] --START--
INFO: Run ShowPageTrace Behavior [ RunTime:0.000640s ]
INFO: [ view_end ] --END-- [ RunTime:0.000678s ]

[ 2013-11-20T13:42:22+08:00 ] 0.0.0.0 /jianliapp/admin.php?s=/Index/top
INFO: [ route_check ] --START--
INFO: Run CheckRoute Behavior [ RunTime:0.000804s ]
INFO: [ route_check ] --END-- [ RunTime:0.000869s ]
INFO: [ app_begin ] --START--
INFO: Run ReadHtmlCache Behavior [ RunTime:0.000626s ]
INFO: [ app_begin ] --END-- [ RunTime:0.000669s ]
INFO: [ view_template ] --START--
INFO: Run LocationTemplate Behavior [ RunTime:0.001158s ]
INFO: [ view_template ] --END-- [ RunTime:0.001218s ]
INFO: [ view_parse ] --START--
NOTIC: [8] Undefined variable: Title F:\www\jianliapp\Home\Admin\Runtime\Cache\3fa9528951f49840cd6db1fb79fa06a4.php 第 9 行.
INFO: Run ParseTemplate Behavior [ RunTime:0.010561s ]
INFO: [ view_parse ] --END-- [ RunTime:0.010611s ]
INFO: [ view_filter ] --START--
INFO: Run ContentReplace Behavior [ RunTime:0.000618s ]
INFO: Run TokenBuild Behavior [ RunTime:0.000480s ]
INFO: Run WriteHtmlCache Behavior [ RunTime:0.000387s ]
INFO: Run ShowRuntime Behavior [ RunTime:0.000521s ]
INFO: [ view_filter ] --END-- [ RunTime:0.002123s ]
INFO: [ view_end ] --START--
INFO: Run ShowPageTrace Behavior [ RunTime:0.000650s ]
INFO: [ view_end ] --END-- [ RunTime:0.000689s ]

[ 2013-11-20T13:42:24+08:00 ] 0.0.0.0 /jianliapp/admin.php?s=/Index/left
INFO: [ route_check ] --START--
INFO: Run CheckRoute Behavior [ RunTime:0.005263s ]
INFO: [ route_check ] --END-- [ RunTime:0.005339s ]
INFO: [ app_begin ] --START--
INFO: Run ReadHtmlCache Behavior [ RunTime:0.000809s ]
INFO: [ app_begin ] --END-- [ RunTime:0.000858s ]
INFO: [ view_template ] --START--
INFO: Run LocationTemplate Behavior [ RunTime:0.001535s ]
INFO: [ view_template ] --END-- [ RunTime:0.001623s ]
INFO: [ view_parse ] --START--
NOTIC: [8] Undefined variable: Title F:\www\jianliapp\Home\Admin\Runtime\Cache\37143eef06b0f455826c39b692c7c0cc.php 第 9 行.
INFO: Run ParseTemplate Behavior [ RunTime:0.028740s ]
INFO: [ view_parse ] --END-- [ RunTime:0.028816s ]
INFO: [ view_filter ] --START--
INFO: Run ContentReplace Behavior [ RunTime:0.005182s ]
INFO: Run TokenBuild Behavior [ RunTime:0.000668s ]
INFO: Run WriteHtmlCache Behavior [ RunTime:0.000444s ]
INFO: Run ShowRuntime Behavior [ RunTime:0.000565s ]
INFO: [ view_filter ] --END-- [ RunTime:0.007056s ]
INFO: [ view_end ] --START--
INFO: Run ShowPageTrace Behavior [ RunTime:0.001106s ]
INFO: [ view_end ] --END-- [ RunTime:0.001161s ]

[ 2013-11-20T13:42:53+08:00 ] 0.0.0.0 /jianliapp/admin.php?s=/Index/index
INFO: [ route_check ] --START--
INFO: Run CheckRoute Behavior [ RunTime:0.001333s ]
INFO: [ route_check ] --END-- [ RunTime:0.001431s ]
INFO: [ app_begin ] --START--
INFO: Run ReadHtmlCache Behavior [ RunTime:0.000993s ]
INFO: [ app_begin ] --END-- [ RunTime:0.001060s ]
INFO: [ view_template ] --START--
INFO: Run LocationTemplate Behavior [ RunTime:0.000749s ]
INFO: [ view_template ] --END-- [ RunTime:0.000800s ]
INFO: [ view_parse ] --START--
INFO: Run ParseTemplate Behavior [ RunTime:0.006553s ]
INFO: [ view_parse ] --END-- [ RunTime:0.006612s ]
INFO: [ view_filter ] --START--
INFO: Run ContentReplace Behavior [ RunTime:0.000493s ]
INFO: Run TokenBuild Behavior [ RunTime:0.000465s ]
INFO: Run WriteHtmlCache Behavior [ RunTime:0.000392s ]
INFO: Run ShowRuntime Behavior [ RunTime:0.000513s ]
INFO: [ view_filter ] --END-- [ RunTime:0.001975s ]
INFO: [ view_end ] --START--
INFO: Run ShowPageTrace Behavior [ RunTime:0.001209s ]
INFO: [ view_end ] --END-- [ RunTime:0.001374s ]

[ 2013-11-20T13:42:53+08:00 ] 0.0.0.0 /jianliapp/admin.php?s=/Index/top
INFO: [ route_check ] --START--
INFO: Run CheckRoute Behavior [ RunTime:0.000825s ]
INFO: [ route_check ] --END-- [ RunTime:0.000905s ]
INFO: [ app_begin ] --START--
INFO: Run ReadHtmlCache Behavior [ RunTime:0.000665s ]
INFO: [ app_begin ] --END-- [ RunTime:0.000707s ]
INFO: [ view_template ] --START--
INFO: Run LocationTemplate Behavior [ RunTime:0.000747s ]
INFO: [ view_template ] --END-- [ RunTime:0.000800s ]
INFO: [ view_parse ] --START--
NOTIC: [8] Undefined variable: Title F:\www\jianliapp\Home\Admin\Runtime\Cache\3fa9528951f49840cd6db1fb79fa06a4.php 第 9 行.
INFO: Run ParseTemplate Behavior [ RunTime:0.020105s ]
INFO: [ view_parse ] --END-- [ RunTime:0.020156s ]
INFO: [ view_filter ] --START--
INFO: Run ContentReplace Behavior [ RunTime:0.000573s ]
INFO: Run TokenBuild Behavior [ RunTime:0.000487s ]
INFO: Run WriteHtmlCache Behavior [ RunTime:0.000399s ]
INFO: Run ShowRuntime Behavior [ RunTime:0.000652s ]
INFO: [ view_filter ] --END-- [ RunTime:0.002228s ]
INFO: [ view_end ] --START--
INFO: Run ShowPageTrace Behavior [ RunTime:0.000776s ]
INFO: [ view_end ] --END-- [ RunTime:0.000848s ]

[ 2013-11-20T13:42:53+08:00 ] 0.0.0.0 /jianliapp/admin.php?s=/Index/left
INFO: [ route_check ] --START--
INFO: Run CheckRoute Behavior [ RunTime:0.000933s ]
INFO: [ route_check ] --END-- [ RunTime:0.001001s ]
INFO: [ app_begin ] --START--
INFO: Run ReadHtmlCache Behavior [ RunTime:0.000639s ]
INFO: [ app_begin ] --END-- [ RunTime:0.000680s ]
INFO: [ view_template ] --START--
INFO: Run LocationTemplate Behavior [ RunTime:0.000939s ]
INFO: [ view_template ] --END-- [ RunTime:0.001015s ]
INFO: [ view_parse ] --START--
NOTIC: [8] Undefined variable: Title F:\www\jianliapp\Home\Admin\Runtime\Cache\37143eef06b0f455826c39b692c7c0cc.php 第 9 行.
INFO: Run ParseTemplate Behavior [ RunTime:0.009377s ]
INFO: [ view_parse ] --END-- [ RunTime:0.009442s ]
INFO: [ view_filter ] --START--
INFO: Run ContentReplace Behavior [ RunTime:0.000858s ]
INFO: Run TokenBuild Behavior [ RunTime:0.000547s ]
INFO: Run WriteHtmlCache Behavior [ RunTime:0.000418s ]
INFO: Run ShowRuntime Behavior [ RunTime:0.000557s ]
INFO: [ view_filter ] --END-- [ RunTime:0.002504s ]
INFO: [ view_end ] --START--
INFO: Run ShowPageTrace Behavior [ RunTime:0.000687s ]
INFO: [ view_end ] --END-- [ RunTime:0.000726s ]

[ 2013-11-20T13:42:54+08:00 ] 0.0.0.0 /jianliapp/admin.php?s=/Company/company
INFO: [ route_check ] --START--
INFO: Run CheckRoute Behavior [ RunTime:0.000958s ]
INFO: [ route_check ] --END-- [ RunTime:0.001025s ]
INFO: [ app_begin ] --START--
INFO: Run ReadHtmlCache Behavior [ RunTime:0.000699s ]
INFO: [ app_begin ] --END-- [ RunTime:0.000750s ]
SQL: SHOW COLUMNS FROM `tb_company` [ RunTime:0.008005s ]
SQL: SELECT COUNT(*) AS tp_count FROM `tb_company` WHERE ( `status` = 0 ) AND ( `appid` = 1 ) LIMIT 1   [ RunTime:0.000792s ]
SQL: SELECT * FROM `tb_company` WHERE ( `status` = 0 ) AND ( `appid` = 1 ) ORDER BY createtime desc LIMIT 0,5   [ RunTime:0.000770s ]
INFO: [ view_template ] --START--
INFO: Run LocationTemplate Behavior [ RunTime:0.001672s ]
INFO: [ view_template ] --END-- [ RunTime:0.001743s ]
INFO: [ view_parse ] --START--
NOTIC: [8] Undefined variable: Title F:\www\jianliapp\Home\Admin\Runtime\Cache\3dbb8342dba5dceca89a4b04b0753a77.php 第 9 行.
INFO: Run ParseTemplate Behavior [ RunTime:0.015125s ]
INFO: [ view_parse ] --END-- [ RunTime:0.015199s ]
INFO: [ view_filter ] --START--
INFO: Run ContentReplace Behavior [ RunTime:0.000917s ]
INFO: Run TokenBuild Behavior [ RunTime:0.000807s ]
INFO: Run WriteHtmlCache Behavior [ RunTime:0.000789s ]
INFO: Run ShowRuntime Behavior [ RunTime:0.000915s ]
INFO: [ view_filter ] --END-- [ RunTime:0.003611s ]
INFO: [ view_end ] --START--
INFO: Run ShowPageTrace Behavior [ RunTime:0.001519s ]
INFO: [ view_end ] --END-- [ RunTime:0.001610s ]

[ 2013-11-20T16:52:50+08:00 ] 0.0.0.0 /jianliapp/admin.php?s=/Manager/verify
INFO: [ route_check ] --START--
INFO: Run CheckRoute Behavior [ RunTime:0.000831s ]
INFO: [ route_check ] --END-- [ RunTime:0.000896s ]
INFO: [ app_begin ] --START--
INFO: Run ReadHtmlCache Behavior [ RunTime:0.000630s ]
INFO: [ app_begin ] --END-- [ RunTime:0.000671s ]
SQL: SHOW COLUMNS FROM `tb_manager` [ RunTime:0.001861s ]

[ 2013-11-20T16:53:00+08:00 ] 0.0.0.0 /jianliapp/admin.php?s=/Manager/verify
INFO: [ route_check ] --START--
INFO: Run CheckRoute Behavior [ RunTime:0.000899s ]
INFO: [ route_check ] --END-- [ RunTime:0.000965s ]
INFO: [ app_begin ] --START--
INFO: Run ReadHtmlCache Behavior [ RunTime:0.000596s ]
INFO: [ app_begin ] --END-- [ RunTime:0.000638s ]
SQL: SHOW COLUMNS FROM `tb_manager` [ RunTime:0.002885s ]

[ 2013-11-20T16:53:37+08:00 ] 0.0.0.0 /jianliapp/admin.php?s=/Manager/verify
INFO: [ route_check ] --START--
INFO: Run CheckRoute Behavior [ RunTime:0.000823s ]
INFO: [ route_check ] --END-- [ RunTime:0.000888s ]
INFO: [ app_begin ] --START--
INFO: Run ReadHtmlCache Behavior [ RunTime:0.000624s ]
INFO: [ app_begin ] --END-- [ RunTime:0.000664s ]
SQL: SHOW COLUMNS FROM `tb_manager` [ RunTime:0.002067s ]

[ 2013-11-20T16:54:38+08:00 ] 0.0.0.0 /jianliapp/admin.php?s=/Manager/verify
INFO: [ route_check ] --START--
INFO: Run CheckRoute Behavior [ RunTime:0.001034s ]
INFO: [ route_check ] --END-- [ RunTime:0.001103s ]
INFO: [ app_begin ] --START--
INFO: Run ReadHtmlCache Behavior [ RunTime:0.000823s ]
INFO: [ app_begin ] --END-- [ RunTime:0.000904s ]
SQL: SHOW COLUMNS FROM `tb_manager` [ RunTime:0.010485s ]

[ 2013-11-20T16:55:04+08:00 ] 0.0.0.0 /jianliapp/admin.php?s=/Manager/verify
INFO: [ route_check ] --START--
INFO: Run CheckRoute Behavior [ RunTime:0.000950s ]
INFO: [ route_check ] --END-- [ RunTime:0.001014s ]
INFO: [ app_begin ] --START--
INFO: Run ReadHtmlCache Behavior [ RunTime:0.000626s ]
INFO: [ app_begin ] --END-- [ RunTime:0.000669s ]
SQL: SHOW COLUMNS FROM `tb_manager` [ RunTime:0.003149s ]

[ 2013-11-20T16:56:46+08:00 ] 0.0.0.0 /jianliapp/admin.php?s=/Manager/verify
INFO: [ route_check ] --START--
INFO: Run CheckRoute Behavior [ RunTime:0.001054s ]
INFO: [ route_check ] --END-- [ RunTime:0.001127s ]
INFO: [ app_begin ] --START--
INFO: Run ReadHtmlCache Behavior [ RunTime:0.000733s ]
INFO: [ app_begin ] --END-- [ RunTime:0.000776s ]
SQL: SHOW COLUMNS FROM `tb_manager` [ RunTime:0.006099s ]

[ 2013-11-20T16:59:24+08:00 ] 0.0.0.0 /jianliapp/admin.php?s=/Manager/verify
INFO: [ route_check ] --START--
INFO: Run CheckRoute Behavior [ RunTime:0.000906s ]
INFO: [ route_check ] --END-- [ RunTime:0.000978s ]
INFO: [ app_begin ] --START--
INFO: Run ReadHtmlCache Behavior [ RunTime:0.001321s ]
INFO: [ app_begin ] --END-- [ RunTime:0.001384s ]
SQL: SHOW COLUMNS FROM `tb_manager` [ RunTime:0.005344s ]

[ 2013-11-20T17:00:13+08:00 ] 0.0.0.0 /jianliapp/admin.php?s=/Manager/verify
INFO: [ route_check ] --START--
INFO: Run CheckRoute Behavior [ RunTime:0.000855s ]
INFO: [ route_check ] --END-- [ RunTime:0.000927s ]
INFO: [ app_begin ] --START--
INFO: Run ReadHtmlCache Behavior [ RunTime:0.000817s ]
INFO: [ app_begin ] --END-- [ RunTime:0.000882s ]
SQL: SHOW COLUMNS FROM `tb_manager` [ RunTime:0.007224s ]

[ 2013-11-20T17:00:46+08:00 ] 0.0.0.0 /jianliapp/admin.php?s=/Manager/verify
INFO: [ route_check ] --START--
INFO: Run CheckRoute Behavior [ RunTime:0.000845s ]
INFO: [ route_check ] --END-- [ RunTime:0.000914s ]
INFO: [ app_begin ] --START--
INFO: Run ReadHtmlCache Behavior [ RunTime:0.000636s ]
INFO: [ app_begin ] --END-- [ RunTime:0.000677s ]
SQL: SHOW COLUMNS FROM `tb_manager` [ RunTime:0.003533s ]

[ 2013-11-20T17:02:03+08:00 ] 0.0.0.0 /jianliapp/admin.php?s=/Manager/verify
INFO: [ route_check ] --START--
INFO: Run CheckRoute Behavior [ RunTime:0.000902s ]
INFO: [ route_check ] --END-- [ RunTime:0.000967s ]
INFO: [ app_begin ] --START--
INFO: Run ReadHtmlCache Behavior [ RunTime:0.000614s ]
INFO: [ app_begin ] --END-- [ RunTime:0.000655s ]
SQL: SHOW COLUMNS FROM `tb_manager` [ RunTime:0.005717s ]

[ 2013-11-20T17:02:55+08:00 ] 0.0.0.0 /jianliapp/admin.php?s=/Manager/verify
INFO: [ route_check ] --START--
INFO: Run CheckRoute Behavior [ RunTime:0.001009s ]
INFO: [ route_check ] --END-- [ RunTime:0.001096s ]
INFO: [ app_begin ] --START--
INFO: Run ReadHtmlCache Behavior [ RunTime:0.000925s ]
INFO: [ app_begin ] --END-- [ RunTime:0.000972s ]
SQL: SHOW COLUMNS FROM `tb_manager` [ RunTime:0.002936s ]

[ 2013-11-20T17:03:25+08:00 ] 0.0.0.0 /jianliapp/admin.php?s=/Manager/verify
INFO: [ route_check ] --START--
INFO: Run CheckRoute Behavior [ RunTime:0.001371s ]
INFO: [ route_check ] --END-- [ RunTime:0.001483s ]
INFO: [ app_begin ] --START--
INFO: Run ReadHtmlCache Behavior [ RunTime:0.000682s ]
INFO: [ app_begin ] --END-- [ RunTime:0.000728s ]
SQL: SHOW COLUMNS FROM `tb_manager` [ RunTime:0.002799s ]

[ 2013-11-20T17:06:41+08:00 ] 0.0.0.0 /jianliapp/admin.php?s=/Manager/verify
INFO: [ route_check ] --START--
INFO: Run CheckRoute Behavior [ RunTime:0.002104s ]
INFO: [ route_check ] --END-- [ RunTime:0.002220s ]
INFO: [ app_begin ] --START--
INFO: Run ReadHtmlCache Behavior [ RunTime:0.000863s ]
INFO: [ app_begin ] --END-- [ RunTime:0.000911s ]
SQL: SHOW COLUMNS FROM `tb_manager` [ RunTime:0.002689s ]

[ 2013-11-20T17:06:48+08:00 ] 0.0.0.0 /jianliapp/admin.php?s=/Manager/verify
INFO: [ route_check ] --START--
INFO: Run CheckRoute Behavior [ RunTime:0.000859s ]
INFO: [ route_check ] --END-- [ RunTime:0.000938s ]
INFO: [ app_begin ] --START--
INFO: Run ReadHtmlCache Behavior [ RunTime:0.000640s ]
INFO: [ app_begin ] --END-- [ RunTime:0.000684s ]
SQL: SHOW COLUMNS FROM `tb_manager` [ RunTime:0.006315s ]

[ 2013-11-20T17:07:46+08:00 ] 0.0.0.0 /jianliapp/admin.php?s=/Manager/verify
INFO: [ route_check ] --START--
INFO: Run CheckRoute Behavior [ RunTime:0.000961s ]
INFO: [ route_check ] --END-- [ RunTime:0.001287s ]
INFO: [ app_begin ] --START--
INFO: Run ReadHtmlCache Behavior [ RunTime:0.000964s ]
INFO: [ app_begin ] --END-- [ RunTime:0.001035s ]
SQL: SHOW COLUMNS FROM `tb_manager` [ RunTime:0.007025s ]

[ 2013-11-20T17:08:28+08:00 ] 0.0.0.0 /jianliapp/admin.php?s=/Manager/verify
INFO: [ route_check ] --START--
INFO: Run CheckRoute Behavior [ RunTime:0.000835s ]
INFO: [ route_check ] --END-- [ RunTime:0.000900s ]
INFO: [ app_begin ] --START--
INFO: Run ReadHtmlCache Behavior [ RunTime:0.000670s ]
INFO: [ app_begin ] --END-- [ RunTime:0.000714s ]
SQL: SHOW COLUMNS FROM `tb_manager` [ RunTime:0.001907s ]

[ 2013-11-20T17:08:30+08:00 ] ERR: (ThinkException) 非法操作:verify1384938509513
[ 2013-11-20T17:08:33+08:00 ] ERR: (ThinkException) 非法操作:verify1384938512196
[ 2013-11-20T17:08:34+08:00 ] ERR: (ThinkException) 非法操作:verify1384938512742
[ 2013-11-20T17:08:35+08:00 ] ERR: (ThinkException) 非法操作:verify1384938514552
[ 2013-11-20T17:08:36+08:00 ] ERR: (ThinkException) 非法操作:verify1384938514770
[ 2013-11-20T17:08:37+08:00 ] ERR: (ThinkException) 非法操作:verify1384938514957
[ 2013-11-20T17:08:38+08:00 ] ERR: (ThinkException) 非法操作:verify1384938515144
[ 2013-11-20T17:08:39+08:00 ] ERR: (ThinkException) 非法操作:verify1384938515316
[ 2013-11-20T17:08:40+08:00 ] ERR: (ThinkException) 非法操作:verify1384938515534
[ 2013-11-20T17:08:46+08:00 ] 0.0.0.0 /jianliapp/admin.php?s=/Manager/verify
INFO: [ route_check ] --START--
INFO: Run CheckRoute Behavior [ RunTime:0.000842s ]
INFO: [ route_check ] --END-- [ RunTime:0.000912s ]
INFO: [ app_begin ] --START--
INFO: Run ReadHtmlCache Behavior [ RunTime:0.000634s ]
INFO: [ app_begin ] --END-- [ RunTime:0.000677s ]
SQL: SHOW COLUMNS FROM `tb_manager` [ RunTime:0.005806s ]

[ 2013-11-20T17:09:34+08:00 ] 0.0.0.0 /jianliapp/admin.php?s=/Manager/verify
INFO: [ route_check ] --START--
INFO: Run CheckRoute Behavior [ RunTime:0.000853s ]
INFO: [ route_check ] --END-- [ RunTime:0.000929s ]
INFO: [ app_begin ] --START--
INFO: Run ReadHtmlCache Behavior [ RunTime:0.000624s ]
INFO: [ app_begin ] --END-- [ RunTime:0.000670s ]
SQL: SHOW COLUMNS FROM `tb_manager` [ RunTime:0.001869s ]

[ 2013-11-20T17:09:36+08:00 ] ERR: (ThinkException) 非法操作:verif1384938575271
[ 2013-11-20T17:10:42+08:00 ] ERR: (ThinkException) 非法操作:verif1384938641423
[ 2013-11-20T17:10:43+08:00 ] ERR: (ThinkException) 非法操作:verif1384938642141
[ 2013-11-20T17:10:44+08:00 ] ERR: (ThinkException) 非法操作:verif1384938642359
[ 2013-11-20T17:10:45+08:00 ] ERR: (ThinkException) 非法操作:verif1384938642531
[ 2013-11-20T17:10:46+08:00 ] ERR: (ThinkException) 非法操作:verif1384938642702
[ 2013-11-20T17:10:47+08:00 ] ERR: (ThinkException) 非法操作:verif1384938642905
[ 2013-11-20T17:10:49+08:00 ] 0.0.0.0 /jianliapp/admin.php?s=/Manager/verify
INFO: [ route_check ] --START--
INFO: Run CheckRoute Behavior [ RunTime:0.000853s ]
INFO: [ route_check ] --END-- [ RunTime:0.000932s ]
INFO: [ app_begin ] --START--
INFO: Run ReadHtmlCache Behavior [ RunTime:0.000563s ]
INFO: [ app_begin ] --END-- [ RunTime:0.000607s ]
SQL: SHOW COLUMNS FROM `tb_manager` [ RunTime:0.003030s ]

[ 2013-11-20T17:11:55+08:00 ] ERR: (ThinkException) 非法操作:verif1384938651204
[ 2013-11-20T17:11:57+08:00 ] 0.0.0.0 /jianliapp/admin.php?s=/Manager/verify
INFO: [ route_check ] --START--
INFO: Run CheckRoute Behavior [ RunTime:0.000661s ]
INFO: [ route_check ] --END-- [ RunTime:0.000723s ]
INFO: [ app_begin ] --START--
INFO: Run ReadHtmlCache Behavior [ RunTime:0.000470s ]
INFO: [ app_begin ] --END-- [ RunTime:0.000511s ]
SQL: SHOW COLUMNS FROM `tb_manager` [ RunTime:0.002859s ]

[ 2013-11-20T17:12:00+08:00 ] 0.0.0.0 /jianliapp/admin.php?s=/Manager/verify
INFO: [ route_check ] --START--
INFO: Run CheckRoute Behavior [ RunTime:0.001066s ]
INFO: [ route_check ] --END-- [ RunTime:0.001160s ]
INFO: [ app_begin ] --START--
INFO: Run ReadHtmlCache Behavior [ RunTime:0.002443s ]
INFO: [ app_begin ] --END-- [ RunTime:0.002533s ]
SQL: SHOW COLUMNS FROM `tb_manager` [ RunTime:0.002653s ]

[ 2013-11-20T17:12:01+08:00 ] 0.0.0.0 /jianliapp/admin.php?s=/Manager/verify
INFO: [ route_check ] --START--
INFO: Run CheckRoute Behavior [ RunTime:0.000960s ]
INFO: [ route_check ] --END-- [ RunTime:0.001045s ]
INFO: [ app_begin ] --START--
INFO: Run ReadHtmlCache Behavior [ RunTime:0.000605s ]
INFO: [ app_begin ] --END-- [ RunTime:0.000656s ]
SQL: SHOW COLUMNS FROM `tb_manager` [ RunTime:0.006768s ]

[ 2013-11-20T17:12:03+08:00 ] 0.0.0.0 /jianliapp/admin.php?s=/Manager/verify
INFO: [ route_check ] --START--
INFO: Run CheckRoute Behavior [ RunTime:0.001102s ]
INFO: [ route_check ] --END-- [ RunTime:0.001208s ]
INFO: [ app_begin ] --START--
INFO: Run ReadHtmlCache Behavior [ RunTime:0.000796s ]
INFO: [ app_begin ] --END-- [ RunTime:0.000862s ]
SQL: SHOW COLUMNS FROM `tb_manager` [ RunTime:0.006352s ]

[ 2013-11-20T17:12:05+08:00 ] 0.0.0.0 /jianliapp/admin.php?s=/Manager/verify
INFO: [ route_check ] --START--
INFO: Run CheckRoute Behavior [ RunTime:0.001068s ]
INFO: [ route_check ] --END-- [ RunTime:0.001162s ]
INFO: [ app_begin ] --START--
INFO: Run ReadHtmlCache Behavior [ RunTime:0.000753s ]
INFO: [ app_begin ] --END-- [ RunTime:0.000816s ]
SQL: SHOW COLUMNS FROM `tb_manager` [ RunTime:0.006055s ]

[ 2013-11-20T17:12:07+08:00 ] 0.0.0.0 /jianliapp/admin.php?s=/Manager/verify
INFO: [ route_check ] --START--
INFO: Run CheckRoute Behavior [ RunTime:0.000881s ]
INFO: [ route_check ] --END-- [ RunTime:0.000959s ]
INFO: [ app_begin ] --START--
INFO: Run ReadHtmlCache Behavior [ RunTime:0.000620s ]
INFO: [ app_begin ] --END-- [ RunTime:0.000672s ]
SQL: SHOW COLUMNS FROM `tb_manager` [ RunTime:0.006585s ]

[ 2013-11-20T17:12:08+08:00 ] 0.0.0.0 /jianliapp/admin.php?s=/Manager/verify
INFO: [ route_check ] --START--
INFO: Run CheckRoute Behavior [ RunTime:0.001076s ]
INFO: [ route_check ] --END-- [ RunTime:0.001174s ]
INFO: [ app_begin ] --START--
INFO: Run ReadHtmlCache Behavior [ RunTime:0.000741s ]
INFO: [ app_begin ] --END-- [ RunTime:0.000804s ]
SQL: SHOW COLUMNS FROM `tb_manager` [ RunTime:0.002704s ]

[ 2013-11-20T17:12:10+08:00 ] 0.0.0.0 /jianliapp/admin.php?s=/Manager/verify
INFO: [ route_check ] --START--
INFO: Run CheckRoute Behavior [ RunTime:0.001122s ]
INFO: [ route_check ] --END-- [ RunTime:0.001233s ]
INFO: [ app_begin ] --START--
INFO: Run ReadHtmlCache Behavior [ RunTime:0.000738s ]
INFO: [ app_begin ] --END-- [ RunTime:0.000801s ]
SQL: SHOW COLUMNS FROM `tb_manager` [ RunTime:0.005823s ]

[ 2013-11-20T17:12:12+08:00 ] 0.0.0.0 /jianliapp/admin.php?s=/Manager/verify
INFO: [ route_check ] --START--
INFO: Run CheckRoute Behavior [ RunTime:0.000842s ]
INFO: [ route_check ] --END-- [ RunTime:0.000916s ]
INFO: [ app_begin ] --START--
INFO: Run ReadHtmlCache Behavior [ RunTime:0.000584s ]
INFO: [ app_begin ] --END-- [ RunTime:0.000634s ]
SQL: SHOW COLUMNS FROM `tb_manager` [ RunTime:0.005826s ]

[ 2013-11-20T17:12:13+08:00 ] 0.0.0.0 /jianliapp/admin.php?s=/Manager/verify
INFO: [ route_check ] --START--
INFO: Run CheckRoute Behavior [ RunTime:0.001061s ]
INFO: [ route_check ] --END-- [ RunTime:0.001157s ]
INFO: [ app_begin ] --START--
INFO: Run ReadHtmlCache Behavior [ RunTime:0.000740s ]
INFO: [ app_begin ] --END-- [ RunTime:0.000814s ]
SQL: SHOW COLUMNS FROM `tb_manager` [ RunTime:0.006031s ]

[ 2013-11-20T17:12:15+08:00 ] 0.0.0.0 /jianliapp/admin.php?s=/Manager/verify
INFO: [ route_check ] --START--
INFO: Run CheckRoute Behavior [ RunTime:0.000907s ]
INFO: [ route_check ] --END-- [ RunTime:0.001011s ]
INFO: [ app_begin ] --START--
INFO: Run ReadHtmlCache Behavior [ RunTime:0.000583s ]
INFO: [ app_begin ] --END-- [ RunTime:0.000633s ]
SQL: SHOW COLUMNS FROM `tb_manager` [ RunTime:0.002794s ]

[ 2013-11-20T17:12:17+08:00 ] 0.0.0.0 /jianliapp/admin.php?s=/Manager/verify
INFO: [ route_check ] --START--
INFO: Run CheckRoute Behavior [ RunTime:0.001063s ]
INFO: [ route_check ] --END-- [ RunTime:0.001156s ]
INFO: [ app_begin ] --START--
INFO: Run ReadHtmlCache Behavior [ RunTime:0.000739s ]
INFO: [ app_begin ] --END-- [ RunTime:0.000805s ]
SQL: SHOW COLUMNS FROM `tb_manager` [ RunTime:0.002844s ]

[ 2013-11-20T17:12:42+08:00 ] 0.0.0.0 /jianliapp/admin.php?s=/Manager/verify
INFO: [ route_check ] --START--
INFO: Run CheckRoute Behavior [ RunTime:0.000965s ]
INFO: [ route_check ] --END-- [ RunTime:0.001048s ]
INFO: [ app_begin ] --START--
INFO: Run ReadHtmlCache Behavior [ RunTime:0.000775s ]
INFO: [ app_begin ] --END-- [ RunTime:0.000828s ]
SQL: SHOW COLUMNS FROM `tb_manager` [ RunTime:0.002727s ]

[ 2013-11-20T17:12:44+08:00 ] 0.0.0.0 /jianliapp/admin.php?s=/Manager/verify
INFO: [ route_check ] --START--
INFO: Run CheckRoute Behavior [ RunTime:0.001215s ]
INFO: [ route_check ] --END-- [ RunTime:0.001294s ]
INFO: [ app_begin ] --START--
INFO: Run ReadHtmlCache Behavior [ RunTime:0.000858s ]
INFO: [ app_begin ] --END-- [ RunTime:0.000913s ]
SQL: SHOW COLUMNS FROM `tb_manager` [ RunTime:0.002240s ]

[ 2013-11-20T17:12:56+08:00 ] 0.0.0.0 /jianliapp/admin.php?s=/Manager/login
INFO: [ route_check ] --START--
INFO: Run CheckRoute Behavior [ RunTime:0.000909s ]
INFO: [ route_check ] --END-- [ RunTime:0.001007s ]
INFO: [ app_begin ] --START--
INFO: Run ReadHtmlCache Behavior [ RunTime:0.000904s ]
INFO: [ app_begin ] --END-- [ RunTime:0.000969s ]
SQL: SHOW COLUMNS FROM `tb_manager` [ RunTime:0.005755s ]
SQL: SELECT * FROM `tb_manager` WHERE ( `account` = 'admin' ) AND ( `appid` = 1 ) AND ( `status` = 0 ) LIMIT 1   [ RunTime:0.001193s ]
INFO: [ view_template ] --START--
INFO: Run LocationTemplate Behavior [ RunTime:0.002166s ]
INFO: [ view_template ] --END-- [ RunTime:0.002351s ]
INFO: [ view_parse ] --START--
NOTIC: [8] Undefined variable: Title F:\www\jianliapp\Home\Admin\Runtime\Cache\25e16930de30c2eddf3898c44ac6a012.php 第 9 行.
INFO: Run ParseTemplate Behavior [ RunTime:0.014581s ]
INFO: [ view_parse ] --END-- [ RunTime:0.014684s ]
INFO: [ view_filter ] --START--
INFO: Run ContentReplace Behavior [ RunTime:0.000582s ]
INFO: Run TokenBuild Behavior [ RunTime:0.000530s ]
INFO: Run WriteHtmlCache Behavior [ RunTime:0.000513s ]
INFO: Run ShowRuntime Behavior [ RunTime:0.000634s ]
INFO: [ view_filter ] --END-- [ RunTime:0.002433s ]
INFO: [ view_end ] --START--
INFO: Run ShowPageTrace Behavior [ RunTime:0.000842s ]
INFO: [ view_end ] --END-- [ RunTime:0.000904s ]

[ 2013-11-20T17:12:57+08:00 ] 0.0.0.0 /jianliapp/admin.php?s=/Index/index
INFO: [ route_check ] --START--
INFO: Run CheckRoute Behavior [ RunTime:0.000663s ]
INFO: [ route_check ] --END-- [ RunTime:0.000732s ]
INFO: [ app_begin ] --START--
INFO: Run ReadHtmlCache Behavior [ RunTime:0.000462s ]
INFO: [ app_begin ] --END-- [ RunTime:0.000501s ]
INFO: [ view_template ] --START--
INFO: Run LocationTemplate Behavior [ RunTime:0.000533s ]
INFO: [ view_template ] --END-- [ RunTime:0.000580s ]
INFO: [ view_parse ] --START--
INFO: Run ParseTemplate Behavior [ RunTime:0.005816s ]
INFO: [ view_parse ] --END-- [ RunTime:0.005878s ]
INFO: [ view_filter ] --START--
INFO: Run ContentReplace Behavior [ RunTime:0.000352s ]
INFO: Run TokenBuild Behavior [ RunTime:0.000327s ]
INFO: Run WriteHtmlCache Behavior [ RunTime:0.000243s ]
INFO: Run ShowRuntime Behavior [ RunTime:0.000381s ]
INFO: [ view_filter ] --END-- [ RunTime:0.001409s ]
INFO: [ view_end ] --START--
INFO: Run ShowPageTrace Behavior [ RunTime:0.000503s ]
INFO: [ view_end ] --END-- [ RunTime:0.000542s ]

[ 2013-11-20T17:12:57+08:00 ] 0.0.0.0 /jianliapp/admin.php?s=/Index/top
INFO: [ route_check ] --START--
INFO: Run CheckRoute Behavior [ RunTime:0.000670s ]
INFO: [ route_check ] --END-- [ RunTime:0.000733s ]
INFO: [ app_begin ] --START--
INFO: Run ReadHtmlCache Behavior [ RunTime:0.000484s ]
INFO: [ app_begin ] --END-- [ RunTime:0.000523s ]
INFO: [ view_template ] --START--
INFO: Run LocationTemplate Behavior [ RunTime:0.000535s ]
INFO: [ view_template ] --END-- [ RunTime:0.000581s ]
INFO: [ view_parse ] --START--
NOTIC: [8] Undefined variable: Title F:\www\jianliapp\Home\Admin\Runtime\Cache\3fa9528951f49840cd6db1fb79fa06a4.php 第 9 行.
INFO: Run ParseTemplate Behavior [ RunTime:0.008144s ]
INFO: [ view_parse ] --END-- [ RunTime:0.008199s ]
INFO: [ view_filter ] --START--
INFO: Run ContentReplace Behavior [ RunTime:0.000520s ]
INFO: Run TokenBuild Behavior [ RunTime:0.000366s ]
INFO: Run WriteHtmlCache Behavior [ RunTime:0.000259s ]
INFO: Run ShowRuntime Behavior [ RunTime:0.000401s ]
INFO: [ view_filter ] --END-- [ RunTime:0.001658s ]
INFO: [ view_end ] --START--
INFO: Run ShowPageTrace Behavior [ RunTime:0.000532s ]
INFO: [ view_end ] --END-- [ RunTime:0.000572s ]

[ 2013-11-20T17:12:58+08:00 ] 0.0.0.0 /jianliapp/admin.php?s=/Company/company
INFO: [ route_check ] --START--
INFO: Run CheckRoute Behavior [ RunTime:0.000912s ]
INFO: [ route_check ] --END-- [ RunTime:0.000981s ]
INFO: [ app_begin ] --START--
INFO: Run ReadHtmlCache Behavior [ RunTime:0.000669s ]
INFO: [ app_begin ] --END-- [ RunTime:0.000710s ]
SQL: SHOW COLUMNS FROM `tb_company` [ RunTime:0.002514s ]
SQL: SELECT COUNT(*) AS tp_count FROM `tb_company` WHERE ( `status` = 0 ) AND ( `appid` = 1 ) LIMIT 1   [ RunTime:0.000473s ]
SQL: SELECT * FROM `tb_company` WHERE ( `status` = 0 ) AND ( `appid` = 1 ) ORDER BY createtime desc LIMIT 0,5   [ RunTime:0.000577s ]
INFO: [ view_template ] --START--
INFO: Run LocationTemplate Behavior [ RunTime:0.001365s ]
INFO: [ view_template ] --END-- [ RunTime:0.001418s ]
INFO: [ view_parse ] --START--
NOTIC: [8] Undefined variable: Title F:\www\jianliapp\Home\Admin\Runtime\Cache\3dbb8342dba5dceca89a4b04b0753a77.php 第 9 行.
INFO: Run ParseTemplate Behavior [ RunTime:0.009283s ]
INFO: [ view_parse ] --END-- [ RunTime:0.009331s ]
INFO: [ view_filter ] --START--
INFO: Run ContentReplace Behavior [ RunTime:0.000608s ]
INFO: Run TokenBuild Behavior [ RunTime:0.000501s ]
INFO: Run WriteHtmlCache Behavior [ RunTime:0.000412s ]
INFO: Run ShowRuntime Behavior [ RunTime:0.000932s ]
INFO: [ view_filter ] --END-- [ RunTime:0.002577s ]
INFO: [ view_end ] --START--
INFO: Run ShowPageTrace Behavior [ RunTime:0.000728s ]
INFO: [ view_end ] --END-- [ RunTime:0.000768s ]

[ 2013-11-20T17:12:58+08:00 ] 0.0.0.0 /jianliapp/admin.php?s=/Index/left
INFO: [ route_check ] --START--
INFO: Run CheckRoute Behavior [ RunTime:0.124306s ]
INFO: [ route_check ] --END-- [ RunTime:0.124426s ]
INFO: [ app_begin ] --START--
INFO: Run ReadHtmlCache Behavior [ RunTime:0.000783s ]
INFO: [ app_begin ] --END-- [ RunTime:0.000867s ]
INFO: [ view_template ] --START--
INFO: Run LocationTemplate Behavior [ RunTime:0.001444s ]
INFO: [ view_template ] --END-- [ RunTime:0.001516s ]
INFO: [ view_parse ] --START--
NOTIC: [8] Undefined variable: Title F:\www\jianliapp\Home\Admin\Runtime\Cache\37143eef06b0f455826c39b692c7c0cc.php 第 9 行.
INFO: Run ParseTemplate Behavior [ RunTime:0.011700s ]
INFO: [ view_parse ] --END-- [ RunTime:0.011759s ]
INFO: [ view_filter ] --START--
INFO: Run ContentReplace Behavior [ RunTime:0.000590s ]
INFO: Run TokenBuild Behavior [ RunTime:0.000440s ]
INFO: Run WriteHtmlCache Behavior [ RunTime:0.000331s ]
INFO: Run ShowRuntime Behavior [ RunTime:0.000476s ]
INFO: [ view_filter ] --END-- [ RunTime:0.001956s ]
INFO: [ view_end ] --START--
INFO: Run ShowPageTrace Behavior [ RunTime:0.000580s ]
INFO: [ view_end ] --END-- [ RunTime:0.000619s ]

[ 2013-11-20T17:16:10+08:00 ] 0.0.0.0 /jianliapp/admin.php?s=/Manager/verify
INFO: [ route_check ] --START--
INFO: Run CheckRoute Behavior [ RunTime:0.000669s ]
INFO: [ route_check ] --END-- [ RunTime:0.000736s ]
INFO: [ app_begin ] --START--
INFO: Run ReadHtmlCache Behavior [ RunTime:0.000488s ]
INFO: [ app_begin ] --END-- [ RunTime:0.000545s ]
SQL: SHOW COLUMNS FROM `tb_manager` [ RunTime:0.002300s ]

[ 2013-11-20T17:16:12+08:00 ] 0.0.0.0 /jianliapp/admin.php?s=/Manager/verify
INFO: [ route_check ] --START--
INFO: Run CheckRoute Behavior [ RunTime:0.001056s ]
INFO: [ route_check ] --END-- [ RunTime:0.001151s ]
INFO: [ app_begin ] --START--
INFO: Run ReadHtmlCache Behavior [ RunTime:0.000753s ]
INFO: [ app_begin ] --END-- [ RunTime:0.000816s ]
SQL: SHOW COLUMNS FROM `tb_manager` [ RunTime:0.007916s ]

[ 2013-11-20T17:16:14+08:00 ] 0.0.0.0 /jianliapp/admin.php?s=/Manager/verify
INFO: [ route_check ] --START--
INFO: Run CheckRoute Behavior [ RunTime:0.001129s ]
INFO: [ route_check ] --END-- [ RunTime:0.001254s ]
INFO: [ app_begin ] --START--
INFO: Run ReadHtmlCache Behavior [ RunTime:0.000874s ]
INFO: [ app_begin ] --END-- [ RunTime:0.000935s ]
SQL: SHOW COLUMNS FROM `tb_manager` [ RunTime:0.006043s ]

[ 2013-11-20T17:16:16+08:00 ] 0.0.0.0 /jianliapp/admin.php?s=/Manager/verify
INFO: [ route_check ] --START--
INFO: Run CheckRoute Behavior [ RunTime:0.001070s ]
INFO: [ route_check ] --END-- [ RunTime:0.001164s ]
INFO: [ app_begin ] --START--
INFO: Run ReadHtmlCache Behavior [ RunTime:0.000748s ]
INFO: [ app_begin ] --END-- [ RunTime:0.000811s ]
SQL: SHOW COLUMNS FROM `tb_manager` [ RunTime:0.006879s ]

[ 2013-11-20T17:16:17+08:00 ] 0.0.0.0 /jianliapp/admin.php?s=/Manager/verify
INFO: [ route_check ] --START--
INFO: Run CheckRoute Behavior [ RunTime:0.001152s ]
INFO: [ route_check ] --END-- [ RunTime:0.001272s ]
INFO: [ app_begin ] --START--
INFO: Run ReadHtmlCache Behavior [ RunTime:0.000771s ]
INFO: [ app_begin ] --END-- [ RunTime:0.000836s ]
SQL: SHOW COLUMNS FROM `tb_manager` [ RunTime:0.005506s ]

[ 2013-11-20T17:16:19+08:00 ] 0.0.0.0 /jianliapp/admin.php?s=/Manager/verify
INFO: [ route_check ] --START--
INFO: Run CheckRoute Behavior [ RunTime:0.000932s ]
INFO: [ route_check ] --END-- [ RunTime:0.001035s ]
INFO: [ app_begin ] --START--
INFO: Run ReadHtmlCache Behavior [ RunTime:0.000653s ]
INFO: [ app_begin ] --END-- [ RunTime:0.000707s ]
SQL: SHOW COLUMNS FROM `tb_manager` [ RunTime:0.005686s ]

[ 2013-11-20T17:16:20+08:00 ] 0.0.0.0 /jianliapp/admin.php?s=/Manager/verify
INFO: [ route_check ] --START--
INFO: Run CheckRoute Behavior [ RunTime:0.001068s ]
INFO: [ route_check ] --END-- [ RunTime:0.001164s ]
INFO: [ app_begin ] --START--
INFO: Run ReadHtmlCache Behavior [ RunTime:0.001417s ]
INFO: [ app_begin ] --END-- [ RunTime:0.001528s ]
SQL: SHOW COLUMNS FROM `tb_manager` [ RunTime:0.005577s ]

[ 2013-11-20T17:16:21+08:00 ] 0.0.0.0 /jianliapp/admin.php?s=/Manager/verify
INFO: [ route_check ] --START--
INFO: Run CheckRoute Behavior [ RunTime:0.002031s ]
INFO: [ route_check ] --END-- [ RunTime:0.002143s ]
INFO: [ app_begin ] --START--
INFO: Run ReadHtmlCache Behavior [ RunTime:0.000766s ]
INFO: [ app_begin ] --END-- [ RunTime:0.000833s ]
SQL: SHOW COLUMNS FROM `tb_manager` [ RunTime:0.005598s ]

[ 2013-11-20T17:16:23+08:00 ] 0.0.0.0 /jianliapp/admin.php?s=/Manager/verify
INFO: [ route_check ] --START--
INFO: Run CheckRoute Behavior [ RunTime:0.001078s ]
INFO: [ route_check ] --END-- [ RunTime:0.001172s ]
INFO: [ app_begin ] --START--
INFO: Run ReadHtmlCache Behavior [ RunTime:0.000744s ]
INFO: [ app_begin ] --END-- [ RunTime:0.000808s ]
SQL: SHOW COLUMNS FROM `tb_manager` [ RunTime:0.005790s ]

[ 2013-11-20T17:16:25+08:00 ] 0.0.0.0 /jianliapp/admin.php?s=/Manager/verify
INFO: [ route_check ] --START--
INFO: Run CheckRoute Behavior [ RunTime:0.000930s ]
INFO: [ route_check ] --END-- [ RunTime:0.001038s ]
INFO: [ app_begin ] --START--
INFO: Run ReadHtmlCache Behavior [ RunTime:0.000640s ]
INFO: [ app_begin ] --END-- [ RunTime:0.000697s ]
SQL: SHOW COLUMNS FROM `tb_manager` [ RunTime:0.006498s ]

[ 2013-11-20T17:16:27+08:00 ] 0.0.0.0 /jianliapp/admin.php?s=/Manager/verify
INFO: [ route_check ] --START--
INFO: Run CheckRoute Behavior [ RunTime:0.001080s ]
INFO: [ route_check ] --END-- [ RunTime:0.001175s ]
INFO: [ app_begin ] --START--
INFO: Run ReadHtmlCache Behavior [ RunTime:0.001251s ]
INFO: [ app_begin ] --END-- [ RunTime:0.001359s ]
SQL: SHOW COLUMNS FROM `tb_manager` [ RunTime:0.005685s ]

[ 2013-11-20T17:16:28+08:00 ] 0.0.0.0 /jianliapp/admin.php?s=/Manager/verify
INFO: [ route_check ] --START--
INFO: Run CheckRoute Behavior [ RunTime:0.001119s ]
INFO: [ route_check ] --END-- [ RunTime:0.001232s ]
INFO: [ app_begin ] --START--
INFO: Run ReadHtmlCache Behavior [ RunTime:0.000748s ]
INFO: [ app_begin ] --END-- [ RunTime:0.000811s ]
SQL: SHOW COLUMNS FROM `tb_manager` [ RunTime:0.005937s ]

[ 2013-11-20T17:17:30+08:00 ] 0.0.0.0 /jianliapp/admin.php?s=/Manager/verify
INFO: [ route_check ] --START--
INFO: Run CheckRoute Behavior [ RunTime:0.001065s ]
INFO: [ route_check ] --END-- [ RunTime:0.001158s ]
INFO: [ app_begin ] --START--
INFO: Run ReadHtmlCache Behavior [ RunTime:0.000824s ]
INFO: [ app_begin ] --END-- [ RunTime:0.000888s ]
SQL: SHOW COLUMNS FROM `tb_manager` [ RunTime:0.005691s ]

[ 2013-11-20T17:17:32+08:00 ] 0.0.0.0 /jianliapp/admin.php?s=/Manager/verify
INFO: [ route_check ] --START--
INFO: Run CheckRoute Behavior [ RunTime:0.001114s ]
INFO: [ route_check ] --END-- [ RunTime:0.001213s ]
INFO: [ app_begin ] --START--
INFO: Run ReadHtmlCache Behavior [ RunTime:0.000835s ]
INFO: [ app_begin ] --END-- [ RunTime:0.000903s ]
SQL: SHOW COLUMNS FROM `tb_manager` [ RunTime:0.002719s ]

[ 2013-11-20T17:17:34+08:00 ] 0.0.0.0 /jianliapp/admin.php?s=/Manager/verify
INFO: [ route_check ] --START--
INFO: Run CheckRoute Behavior [ RunTime:0.001642s ]
INFO: [ route_check ] --END-- [ RunTime:0.001871s ]
INFO: [ app_begin ] --START--
INFO: Run ReadHtmlCache Behavior [ RunTime:0.001101s ]
INFO: [ app_begin ] --END-- [ RunTime:0.001173s ]
SQL: SHOW COLUMNS FROM `tb_manager` [ RunTime:0.005864s ]

[ 2013-11-20T17:17:36+08:00 ] 0.0.0.0 /jianliapp/admin.php?s=/Manager/verify
INFO: [ route_check ] --START--
INFO: Run CheckRoute Behavior [ RunTime:0.001080s ]
INFO: [ route_check ] --END-- [ RunTime:0.001173s ]
INFO: [ app_begin ] --START--
INFO: Run ReadHtmlCache Behavior [ RunTime:0.000750s ]
INFO: [ app_begin ] --END-- [ RunTime:0.000813s ]
SQL: SHOW COLUMNS FROM `tb_manager` [ RunTime:0.006089s ]

[ 2013-11-20T17:18:09+08:00 ] 0.0.0.0 /jianliapp/admin.php?s=/Manager/verify
INFO: [ route_check ] --START--
INFO: Run CheckRoute Behavior [ RunTime:0.001093s ]
INFO: [ route_check ] --END-- [ RunTime:0.001191s ]
INFO: [ app_begin ] --START--
INFO: Run ReadHtmlCache Behavior [ RunTime:0.000744s ]
INFO: [ app_begin ] --END-- [ RunTime:0.000808s ]
SQL: SHOW COLUMNS FROM `tb_manager` [ RunTime:0.006212s ]

[ 2013-11-20T17:18:10+08:00 ] 0.0.0.0 /jianliapp/admin.php?s=/Manager/verify
INFO: [ route_check ] --START--
INFO: Run CheckRoute Behavior [ RunTime:0.001289s ]
INFO: [ route_check ] --END-- [ RunTime:0.001383s ]
INFO: [ app_begin ] --START--
INFO: Run ReadHtmlCache Behavior [ RunTime:0.000852s ]
INFO: [ app_begin ] --END-- [ RunTime:0.000917s ]
SQL: SHOW COLUMNS FROM `tb_manager` [ RunTime:0.005571s ]

[ 2013-11-20T17:18:12+08:00 ] 0.0.0.0 /jianliapp/admin.php?s=/Manager/verify
INFO: [ route_check ] --START--
INFO: Run CheckRoute Behavior [ RunTime:0.000896s ]
INFO: [ route_check ] --END-- [ RunTime:0.000989s ]
INFO: [ app_begin ] --START--
INFO: Run ReadHtmlCache Behavior [ RunTime:0.000590s ]
INFO: [ app_begin ] --END-- [ RunTime:0.000640s ]
SQL: SHOW COLUMNS FROM `tb_manager` [ RunTime:0.006025s ]

[ 2013-11-20T17:18:13+08:00 ] 0.0.0.0 /jianliapp/admin.php?s=/Manager/verify
INFO: [ route_check ] --START--
INFO: Run CheckRoute Behavior [ RunTime:0.001064s ]
INFO: [ route_check ] --END-- [ RunTime:0.001157s ]
INFO: [ app_begin ] --START--
INFO: Run ReadHtmlCache Behavior [ RunTime:0.000757s ]
INFO: [ app_begin ] --END-- [ RunTime:0.000822s ]
SQL: SHOW COLUMNS FROM `tb_manager` [ RunTime:0.005709s ]

[ 2013-11-20T17:18:16+08:00 ] 0.0.0.0 /jianliapp/admin.php?s=/Manager/verify
INFO: [ route_check ] --START--
INFO: Run CheckRoute Behavior [ RunTime:0.001062s ]
INFO: [ route_check ] --END-- [ RunTime:0.001153s ]
INFO: [ app_begin ] --START--
INFO: Run ReadHtmlCache Behavior [ RunTime:0.000756s ]
INFO: [ app_begin ] --END-- [ RunTime:0.000821s ]
SQL: SHOW COLUMNS FROM `tb_manager` [ RunTime:0.005765s ]

[ 2013-11-20T17:18:17+08:00 ] 0.0.0.0 /jianliapp/admin.php?s=/Manager/verify
INFO: [ route_check ] --START--
INFO: Run CheckRoute Behavior [ RunTime:0.001130s ]
INFO: [ route_check ] --END-- [ RunTime:0.001244s ]
INFO: [ app_begin ] --START--
INFO: Run ReadHtmlCache Behavior [ RunTime:0.000785s ]
INFO: [ app_begin ] --END-- [ RunTime:0.000849s ]
SQL: SHOW COLUMNS FROM `tb_manager` [ RunTime:0.005724s ]

[ 2013-11-20T17:18:19+08:00 ] 0.0.0.0 /jianliapp/admin.php?s=/Manager/verify
INFO: [ route_check ] --START--
INFO: Run CheckRoute Behavior [ RunTime:0.001072s ]
INFO: [ route_check ] --END-- [ RunTime:0.001166s ]
INFO: [ app_begin ] --START--
INFO: Run ReadHtmlCache Behavior [ RunTime:0.000743s ]
INFO: [ app_begin ] --END-- [ RunTime:0.000813s ]
SQL: SHOW COLUMNS FROM `tb_manager` [ RunTime:0.006457s ]

[ 2013-11-20T17:18:20+08:00 ] 0.0.0.0 /jianliapp/admin.php?s=/Manager/verify
INFO: [ route_check ] --START--
INFO: Run CheckRoute Behavior [ RunTime:0.000842s ]
INFO: [ route_check ] --END-- [ RunTime:0.000919s ]
INFO: [ app_begin ] --START--
INFO: Run ReadHtmlCache Behavior [ RunTime:0.000585s ]
INFO: [ app_begin ] --END-- [ RunTime:0.000635s ]
SQL: SHOW COLUMNS FROM `tb_manager` [ RunTime:0.010752s ]

[ 2013-11-20T17:18:21+08:00 ] 0.0.0.0 /jianliapp/admin.php?s=/Manager/verify
INFO: [ route_check ] --START--
INFO: Run CheckRoute Behavior [ RunTime:0.001171s ]
INFO: [ route_check ] --END-- [ RunTime:0.001296s ]
INFO: [ app_begin ] --START--
INFO: Run ReadHtmlCache Behavior [ RunTime:0.000804s ]
INFO: [ app_begin ] --END-- [ RunTime:0.000870s ]
SQL: SHOW COLUMNS FROM `tb_manager` [ RunTime:0.006070s ]

[ 2013-11-20T17:18:23+08:00 ] 0.0.0.0 /jianliapp/admin.php?s=/Manager/verify
INFO: [ route_check ] --START--
INFO: Run CheckRoute Behavior [ RunTime:0.000840s ]
INFO: [ route_check ] --END-- [ RunTime:0.000916s ]
INFO: [ app_begin ] --START--
INFO: Run ReadHtmlCache Behavior [ RunTime:0.000589s ]
INFO: [ app_begin ] --END-- [ RunTime:0.000640s ]
SQL: SHOW COLUMNS FROM `tb_manager` [ RunTime:0.005845s ]

[ 2013-11-20T17:18:24+08:00 ] 0.0.0.0 /jianliapp/admin.php?s=/Manager/verify
INFO: [ route_check ] --START--
INFO: Run CheckRoute Behavior [ RunTime:0.001066s ]
INFO: [ route_check ] --END-- [ RunTime:0.001161s ]
INFO: [ app_begin ] --START--
INFO: Run ReadHtmlCache Behavior [ RunTime:0.000762s ]
INFO: [ app_begin ] --END-- [ RunTime:0.000830s ]
SQL: SHOW COLUMNS FROM `tb_manager` [ RunTime:0.006166s ]

[ 2013-11-20T17:18:26+08:00 ] 0.0.0.0 /jianliapp/admin.php?s=/Manager/verify
INFO: [ route_check ] --START--
INFO: Run CheckRoute Behavior [ RunTime:0.001244s ]
INFO: [ route_check ] --END-- [ RunTime:0.001352s ]
INFO: [ app_begin ] --START--
INFO: Run ReadHtmlCache Behavior [ RunTime:0.000820s ]
INFO: [ app_begin ] --END-- [ RunTime:0.000886s ]
SQL: SHOW COLUMNS FROM `tb_manager` [ RunTime:0.005976s ]

[ 2013-11-20T17:18:28+08:00 ] 0.0.0.0 /jianliapp/admin.php?s=/Manager/verify
INFO: [ route_check ] --START--
INFO: Run CheckRoute Behavior [ RunTime:0.001077s ]
INFO: [ route_check ] --END-- [ RunTime:0.001170s ]
INFO: [ app_begin ] --START--
INFO: Run ReadHtmlCache Behavior [ RunTime:0.000746s ]
INFO: [ app_begin ] --END-- [ RunTime:0.000810s ]
SQL: SHOW COLUMNS FROM `tb_manager` [ RunTime:0.006041s ]

[ 2013-11-20T17:21:43+08:00 ] 0.0.0.0 /jianliapp/admin.php?s=/Manager/verify
INFO: [ route_check ] --START--
INFO: Run CheckRoute Behavior [ RunTime:0.001290s ]
INFO: [ route_check ] --END-- [ RunTime:0.001388s ]
INFO: [ app_begin ] --START--
INFO: Run ReadHtmlCache Behavior [ RunTime:0.000853s ]
INFO: [ app_begin ] --END-- [ RunTime:0.000921s ]
SQL: SHOW COLUMNS FROM `tb_manager` [ RunTime:0.005901s ]

[ 2013-11-20T17:21:44+08:00 ] 0.0.0.0 /jianliapp/admin.php?s=/Manager/verify
INFO: [ route_check ] --START--
INFO: Run CheckRoute Behavior [ RunTime:0.001085s ]
INFO: [ route_check ] --END-- [ RunTime:0.001180s ]
INFO: [ app_begin ] --START--
INFO: Run ReadHtmlCache Behavior [ RunTime:0.000743s ]
INFO: [ app_begin ] --END-- [ RunTime:0.000805s ]
SQL: SHOW COLUMNS FROM `tb_manager` [ RunTime:0.006205s ]

[ 2013-11-20T17:21:46+08:00 ] 0.0.0.0 /jianliapp/admin.php?s=/Manager/verify
INFO: [ route_check ] --START--
INFO: Run CheckRoute Behavior [ RunTime:0.001059s ]
INFO: [ route_check ] --END-- [ RunTime:0.001153s ]
INFO: [ app_begin ] --START--
INFO: Run ReadHtmlCache Behavior [ RunTime:0.000742s ]
INFO: [ app_begin ] --END-- [ RunTime:0.000805s ]
SQL: SHOW COLUMNS FROM `tb_manager` [ RunTime:0.006622s ]

[ 2013-11-20T17:21:48+08:00 ] 0.0.0.0 /jianliapp/admin.php?s=/Manager/verify
INFO: [ route_check ] --START--
INFO: Run CheckRoute Behavior [ RunTime:0.001069s ]
INFO: [ route_check ] --END-- [ RunTime:0.001162s ]
INFO: [ app_begin ] --START--
INFO: Run ReadHtmlCache Behavior [ RunTime:0.000835s ]
INFO: [ app_begin ] --END-- [ RunTime:0.000909s ]
SQL: SHOW COLUMNS FROM `tb_manager` [ RunTime:0.005975s ]

[ 2013-11-20T17:21:49+08:00 ] 0.0.0.0 /jianliapp/admin.php?s=/Manager/verify
INFO: [ route_check ] --START--
INFO: Run CheckRoute Behavior [ RunTime:0.001338s ]
INFO: [ route_check ] --END-- [ RunTime:0.001447s ]
INFO: [ app_begin ] --START--
INFO: Run ReadHtmlCache Behavior [ RunTime:0.000811s ]
INFO: [ app_begin ] --END-- [ RunTime:0.000876s ]
SQL: SHOW COLUMNS FROM `tb_manager` [ RunTime:0.005815s ]

[ 2013-11-20T17:27:09+08:00 ] 0.0.0.0 /jianliapp/admin.php?s=/Manager/verify
INFO: [ route_check ] --START--
INFO: Run CheckRoute Behavior [ RunTime:0.001016s ]
INFO: [ route_check ] --END-- [ RunTime:0.001094s ]
INFO: [ app_begin ] --START--
INFO: Run ReadHtmlCache Behavior [ RunTime:0.000676s ]
INFO: [ app_begin ] --END-- [ RunTime:0.000727s ]
SQL: SHOW COLUMNS FROM `tb_manager` [ RunTime:0.009154s ]

[ 2013-11-20T17:27:11+08:00 ] 0.0.0.0 /jianliapp/admin.php?s=/Manager/verify
INFO: [ route_check ] --START--
INFO: Run CheckRoute Behavior [ RunTime:0.000840s ]
INFO: [ route_check ] --END-- [ RunTime:0.000916s ]
INFO: [ app_begin ] --START--
INFO: Run ReadHtmlCache Behavior [ RunTime:0.000601s ]
INFO: [ app_begin ] --END-- [ RunTime:0.000651s ]
SQL: SHOW COLUMNS FROM `tb_manager` [ RunTime:0.002862s ]

[ 2013-11-20T17:27:13+08:00 ] 0.0.0.0 /jianliapp/admin.php?s=/Manager/verify
INFO: [ route_check ] --START--
INFO: Run CheckRoute Behavior [ RunTime:0.000836s ]
INFO: [ route_check ] --END-- [ RunTime:0.000913s ]
INFO: [ app_begin ] --START--
INFO: Run ReadHtmlCache Behavior [ RunTime:0.000589s ]
INFO: [ app_begin ] --END-- [ RunTime:0.000640s ]
SQL: SHOW COLUMNS FROM `tb_manager` [ RunTime:0.005818s ]

[ 2013-11-20T17:29:44+08:00 ] 0.0.0.0 /jianliapp/admin.php?s=/Manager/verify
INFO: [ route_check ] --START--
INFO: Run CheckRoute Behavior [ RunTime:0.000903s ]
INFO: [ route_check ] --END-- [ RunTime:0.000999s ]
INFO: [ app_begin ] --START--
INFO: Run ReadHtmlCache Behavior [ RunTime:0.000598s ]
INFO: [ app_begin ] --END-- [ RunTime:0.000644s ]
SQL: SHOW COLUMNS FROM `tb_manager` [ RunTime:0.005903s ]

[ 2013-11-20T17:30:02+08:00 ] 0.0.0.0 /jianliapp/admin.php?s=/Manager/verify
INFO: [ route_check ] --START--
INFO: Run CheckRoute Behavior [ RunTime:0.001251s ]
INFO: [ route_check ] --END-- [ RunTime:0.001357s ]
INFO: [ app_begin ] --START--
INFO: Run ReadHtmlCache Behavior [ RunTime:0.000750s ]
INFO: [ app_begin ] --END-- [ RunTime:0.000812s ]
SQL: SHOW COLUMNS FROM `tb_manager` [ RunTime:0.005604s ]

[ 2013-11-20T17:30:04+08:00 ] 0.0.0.0 /jianliapp/admin.php?s=/Manager/verify
INFO: [ route_check ] --START--
INFO: Run CheckRoute Behavior [ RunTime:0.001059s ]
INFO: [ route_check ] --END-- [ RunTime:0.001153s ]
INFO: [ app_begin ] --START--
INFO: Run ReadHtmlCache Behavior [ RunTime:0.000941s ]
INFO: [ app_begin ] --END-- [ RunTime:0.001029s ]
SQL: SHOW COLUMNS FROM `tb_manager` [ RunTime:0.006300s ]

[ 2013-11-20T17:30:06+08:00 ] 0.0.0.0 /jianliapp/admin.php?s=/Manager/verify
INFO: [ route_check ] --START--
INFO: Run CheckRoute Behavior [ RunTime:0.001072s ]
INFO: [ route_check ] --END-- [ RunTime:0.001164s ]
INFO: [ app_begin ] --START--
INFO: Run ReadHtmlCache Behavior [ RunTime:0.000750s ]
INFO: [ app_begin ] --END-- [ RunTime:0.000814s ]
SQL: SHOW COLUMNS FROM `tb_manager` [ RunTime:0.005753s ]

[ 2013-11-20T17:30:08+08:00 ] 0.0.0.0 /jianliapp/admin.php?s=/Manager/verify
INFO: [ route_check ] --START--
INFO: Run CheckRoute Behavior [ RunTime:0.001073s ]
INFO: [ route_check ] --END-- [ RunTime:0.001166s ]
INFO: [ app_begin ] --START--
INFO: Run ReadHtmlCache Behavior [ RunTime:0.000742s ]
INFO: [ app_begin ] --END-- [ RunTime:0.000805s ]
SQL: SHOW COLUMNS FROM `tb_manager` [ RunTime:0.005847s ]

[ 2013-11-20T17:30:09+08:00 ] 0.0.0.0 /jianliapp/admin.php?s=/Manager/verify
INFO: [ route_check ] --START--
INFO: Run CheckRoute Behavior [ RunTime:0.000854s ]
INFO: [ route_check ] --END-- [ RunTime:0.000932s ]
INFO: [ app_begin ] --START--
INFO: Run ReadHtmlCache Behavior [ RunTime:0.000704s ]
INFO: [ app_begin ] --END-- [ RunTime:0.000757s ]
SQL: SHOW COLUMNS FROM `tb_manager` [ RunTime:0.006322s ]

[ 2013-11-20T17:30:10+08:00 ] 0.0.0.0 /jianliapp/admin.php?s=/Manager/verify
INFO: [ route_check ] --START--
INFO: Run CheckRoute Behavior [ RunTime:0.001158s ]
INFO: [ route_check ] --END-- [ RunTime:0.001306s ]
INFO: [ app_begin ] --START--
INFO: Run ReadHtmlCache Behavior [ RunTime:0.000796s ]
INFO: [ app_begin ] --END-- [ RunTime:0.000863s ]
SQL: SHOW COLUMNS FROM `tb_manager` [ RunTime:0.002785s ]

[ 2013-11-20T17:30:11+08:00 ] 0.0.0.0 /jianliapp/admin.php?s=/Manager/verify
INFO: [ route_check ] --START--
INFO: Run CheckRoute Behavior [ RunTime:0.002157s ]
INFO: [ route_check ] --END-- [ RunTime:0.002274s ]
INFO: [ app_begin ] --START--
INFO: Run ReadHtmlCache Behavior [ RunTime:0.000952s ]
INFO: [ app_begin ] --END-- [ RunTime:0.001023s ]
SQL: SHOW COLUMNS FROM `tb_manager` [ RunTime:0.006037s ]

[ 2013-11-20T17:30:13+08:00 ] 0.0.0.0 /jianliapp/admin.php?s=/Manager/verify
INFO: [ route_check ] --START--
INFO: Run CheckRoute Behavior [ RunTime:0.001064s ]
INFO: [ route_check ] --END-- [ RunTime:0.001158s ]
INFO: [ app_begin ] --START--
INFO: Run ReadHtmlCache Behavior [ RunTime:0.000748s ]
INFO: [ app_begin ] --END-- [ RunTime:0.000813s ]
SQL: SHOW COLUMNS FROM `tb_manager` [ RunTime:0.006089s ]

[ 2013-11-20T17:30:14+08:00 ] 0.0.0.0 /jianliapp/admin.php?s=/Manager/verify
INFO: [ route_check ] --START--
INFO: Run CheckRoute Behavior [ RunTime:0.001056s ]
INFO: [ route_check ] --END-- [ RunTime:0.001149s ]
INFO: [ app_begin ] --START--
INFO: Run ReadHtmlCache Behavior [ RunTime:0.000759s ]
INFO: [ app_begin ] --END-- [ RunTime:0.000821s ]
SQL: SHOW COLUMNS FROM `tb_manager` [ RunTime:0.007615s ]

[ 2013-11-20T17:30:18+08:00 ] 0.0.0.0 /jianliapp/admin.php?s=/Manager/verify
INFO: [ route_check ] --START--
INFO: Run CheckRoute Behavior [ RunTime:0.001067s ]
INFO: [ route_check ] --END-- [ RunTime:0.001160s ]
INFO: [ app_begin ] --START--
INFO: Run ReadHtmlCache Behavior [ RunTime:0.000907s ]
INFO: [ app_begin ] --END-- [ RunTime:0.000994s ]
SQL: SHOW COLUMNS FROM `tb_manager` [ RunTime:0.006311s ]

[ 2013-11-20T17:30:19+08:00 ] 0.0.0.0 /jianliapp/admin.php?s=/Manager/verify
INFO: [ route_check ] --START--
INFO: Run CheckRoute Behavior [ RunTime:0.001151s ]
INFO: [ route_check ] --END-- [ RunTime:0.001268s ]
INFO: [ app_begin ] --START--
INFO: Run ReadHtmlCache Behavior [ RunTime:0.000776s ]
INFO: [ app_begin ] --END-- [ RunTime:0.000842s ]
SQL: SHOW COLUMNS FROM `tb_manager` [ RunTime:0.002855s ]

[ 2013-11-20T17:30:21+08:00 ] 0.0.0.0 /jianliapp/admin.php?s=/Manager/verify
INFO: [ route_check ] --START--
INFO: Run CheckRoute Behavior [ RunTime:0.001293s ]
INFO: [ route_check ] --END-- [ RunTime:0.001388s ]
INFO: [ app_begin ] --START--
INFO: Run ReadHtmlCache Behavior [ RunTime:0.000799s ]
INFO: [ app_begin ] --END-- [ RunTime:0.000864s ]
SQL: SHOW COLUMNS FROM `tb_manager` [ RunTime:0.005631s ]

