[ 2013-11-22T10:55:45+08:00 ] 0.0.0.0 /jianliapp/admin.php?s=/Manager/verify
INFO: [ route_check ] --START--
INFO: Run CheckRoute Behavior [ RunTime:0.000891s ]
INFO: [ route_check ] --END-- [ RunTime:0.000957s ]
INFO: [ app_begin ] --START--
INFO: Run ReadHtmlCache Behavior [ RunTime:0.000686s ]
INFO: [ app_begin ] --END-- [ RunTime:0.000728s ]
SQL: SHOW COLUMNS FROM `tb_manager` [ RunTime:0.002781s ]

[ 2013-11-22T10:56:31+08:00 ] 0.0.0.0 /jianliapp/admin.php?s=/Manager/login
INFO: [ route_check ] --START--
INFO: Run CheckRoute Behavior [ RunTime:0.001436s ]
INFO: [ route_check ] --END-- [ RunTime:0.001542s ]
INFO: [ app_begin ] --START--
INFO: Run ReadHtmlCache Behavior [ RunTime:0.001214s ]
INFO: [ app_begin ] --END-- [ RunTime:0.001272s ]
SQL: SHOW COLUMNS FROM `tb_manager` [ RunTime:0.002961s ]
SQL: SELECT * FROM `tb_manager` WHERE ( `account` = 'admin' ) AND ( `appid` = 1 ) AND ( `status` = 0 ) LIMIT 1   [ RunTime:0.000652s ]
INFO: [ view_template ] --START--
INFO: Run LocationTemplate Behavior [ RunTime:0.002667s ]
INFO: [ view_template ] --END-- [ RunTime:0.002758s ]
INFO: [ view_parse ] --START--
NOTIC: [8] Undefined variable: Title F:\www\jianliapp\Home\Admin\Runtime\Cache\25e16930de30c2eddf3898c44ac6a012.php 第 9 行.
INFO: Run ParseTemplate Behavior [ RunTime:0.038795s ]
INFO: [ view_parse ] --END-- [ RunTime:0.038870s ]
INFO: [ view_filter ] --START--
INFO: Run ContentReplace Behavior [ RunTime:0.001100s ]
INFO: Run TokenBuild Behavior [ RunTime:0.000936s ]
INFO: Run WriteHtmlCache Behavior [ RunTime:0.000758s ]
INFO: Run ShowRuntime Behavior [ RunTime:0.000981s ]
INFO: [ view_filter ] --END-- [ RunTime:0.003953s ]
INFO: [ view_end ] --START--
INFO: Run ShowPageTrace Behavior [ RunTime:0.001199s ]
INFO: [ view_end ] --END-- [ RunTime:0.001262s ]

[ 2013-11-22T10:56:32+08:00 ] 0.0.0.0 /jianliapp/admin.php?s=/Index/index
INFO: [ route_check ] --START--
INFO: Run CheckRoute Behavior [ RunTime:0.001435s ]
INFO: [ route_check ] --END-- [ RunTime:0.001532s ]
INFO: [ app_begin ] --START--
INFO: Run ReadHtmlCache Behavior [ RunTime:0.001115s ]
INFO: [ app_begin ] --END-- [ RunTime:0.001181s ]
INFO: [ view_template ] --START--
INFO: Run LocationTemplate Behavior [ RunTime:0.001014s ]
INFO: [ view_template ] --END-- [ RunTime:0.001071s ]
INFO: [ view_parse ] --START--
INFO: Run ParseTemplate Behavior [ RunTime:0.019867s ]
INFO: [ view_parse ] --END-- [ RunTime:0.019926s ]
INFO: [ view_filter ] --START--
INFO: Run ContentReplace Behavior [ RunTime:0.000590s ]
INFO: Run TokenBuild Behavior [ RunTime:0.000564s ]
INFO: Run WriteHtmlCache Behavior [ RunTime:0.000465s ]
INFO: Run ShowRuntime Behavior [ RunTime:0.000597s ]
INFO: [ view_filter ] --END-- [ RunTime:0.002325s ]
INFO: [ view_end ] --START--
INFO: Run ShowPageTrace Behavior [ RunTime:0.000715s ]
INFO: [ view_end ] --END-- [ RunTime:0.000752s ]

[ 2013-11-22T10:56:32+08:00 ] 0.0.0.0 /jianliapp/admin.php?s=/Index/left
INFO: [ route_check ] --START--
INFO: Run CheckRoute Behavior [ RunTime:0.001127s ]
INFO: [ route_check ] --END-- [ RunTime:0.001210s ]
INFO: [ app_begin ] --START--
INFO: Run ReadHtmlCache Behavior [ RunTime:0.000963s ]
INFO: [ app_begin ] --END-- [ RunTime:0.001009s ]
INFO: [ view_template ] --START--
INFO: Run LocationTemplate Behavior [ RunTime:0.001317s ]
INFO: [ view_template ] --END-- [ RunTime:0.001386s ]
INFO: [ view_parse ] --START--
NOTIC: [8] Undefined variable: Title F:\www\jianliapp\Home\Admin\Runtime\Cache\37143eef06b0f455826c39b692c7c0cc.php 第 9 行.
INFO: Run ParseTemplate Behavior [ RunTime:0.010600s ]
INFO: [ view_parse ] --END-- [ RunTime:0.010648s ]
INFO: [ view_filter ] --START--
INFO: Run ContentReplace Behavior [ RunTime:0.000792s ]
INFO: Run TokenBuild Behavior [ RunTime:0.000664s ]
INFO: Run WriteHtmlCache Behavior [ RunTime:0.000464s ]
INFO: Run ShowRuntime Behavior [ RunTime:0.000620s ]
INFO: [ view_filter ] --END-- [ RunTime:0.002663s ]
INFO: [ view_end ] --START--
INFO: Run ShowPageTrace Behavior [ RunTime:0.001678s ]
INFO: [ view_end ] --END-- [ RunTime:0.001747s ]

[ 2013-11-22T10:56:32+08:00 ] 0.0.0.0 /jianliapp/admin.php?s=/Index/top
INFO: [ route_check ] --START--
INFO: Run CheckRoute Behavior [ RunTime:0.000954s ]
INFO: [ route_check ] --END-- [ RunTime:0.001038s ]
INFO: [ app_begin ] --START--
INFO: Run ReadHtmlCache Behavior [ RunTime:0.000734s ]
INFO: [ app_begin ] --END-- [ RunTime:0.000782s ]
INFO: [ view_template ] --START--
INFO: Run LocationTemplate Behavior [ RunTime:0.001435s ]
INFO: [ view_template ] --END-- [ RunTime:0.001523s ]
INFO: [ view_parse ] --START--
NOTIC: [8] Undefined variable: Title F:\www\jianliapp\Home\Admin\Runtime\Cache\3fa9528951f49840cd6db1fb79fa06a4.php 第 9 行.
INFO: Run ParseTemplate Behavior [ RunTime:0.034210s ]
INFO: [ view_parse ] --END-- [ RunTime:0.034269s ]
INFO: [ view_filter ] --START--
INFO: Run ContentReplace Behavior [ RunTime:0.000736s ]
INFO: Run TokenBuild Behavior [ RunTime:0.000613s ]
INFO: Run WriteHtmlCache Behavior [ RunTime:0.000474s ]
INFO: Run ShowRuntime Behavior [ RunTime:0.000626s ]
INFO: [ view_filter ] --END-- [ RunTime:0.002570s ]
INFO: [ view_end ] --START--
INFO: Run ShowPageTrace Behavior [ RunTime:0.000747s ]
INFO: [ view_end ] --END-- [ RunTime:0.000788s ]

[ 2013-11-22T10:57:08+08:00 ] 0.0.0.0 /jianliapp/admin.php?s=/Index/index
INFO: [ route_check ] --START--
INFO: Run CheckRoute Behavior [ RunTime:0.001087s ]
INFO: [ route_check ] --END-- [ RunTime:0.001163s ]
INFO: [ app_begin ] --START--
INFO: Run ReadHtmlCache Behavior [ RunTime:0.000853s ]
INFO: [ app_begin ] --END-- [ RunTime:0.000909s ]
INFO: [ view_template ] --START--
INFO: Run LocationTemplate Behavior [ RunTime:0.001115s ]
INFO: [ view_template ] --END-- [ RunTime:0.001179s ]
INFO: [ view_parse ] --START--
INFO: Run ParseTemplate Behavior [ RunTime:0.008883s ]
INFO: [ view_parse ] --END-- [ RunTime:0.008945s ]
INFO: [ view_filter ] --START--
INFO: Run ContentReplace Behavior [ RunTime:0.000796s ]
INFO: Run TokenBuild Behavior [ RunTime:0.000601s ]
INFO: Run WriteHtmlCache Behavior [ RunTime:0.000436s ]
INFO: Run ShowRuntime Behavior [ RunTime:0.000572s ]
INFO: [ view_filter ] --END-- [ RunTime:0.002535s ]
INFO: [ view_end ] --START--
INFO: Run ShowPageTrace Behavior [ RunTime:0.000691s ]
INFO: [ view_end ] --END-- [ RunTime:0.000730s ]

[ 2013-11-22T10:57:08+08:00 ] 0.0.0.0 /jianliapp/admin.php?s=/Index/left
INFO: [ route_check ] --START--
INFO: Run CheckRoute Behavior [ RunTime:0.000890s ]
INFO: [ route_check ] --END-- [ RunTime:0.000957s ]
INFO: [ app_begin ] --START--
INFO: Run ReadHtmlCache Behavior [ RunTime:0.000700s ]
INFO: [ app_begin ] --END-- [ RunTime:0.000742s ]
INFO: [ view_template ] --START--
INFO: Run LocationTemplate Behavior [ RunTime:0.000992s ]
INFO: [ view_template ] --END-- [ RunTime:0.001054s ]
INFO: [ view_parse ] --START--
NOTIC: [8] Undefined variable: Title F:\www\jianliapp\Home\Admin\Runtime\Cache\37143eef06b0f455826c39b692c7c0cc.php 第 9 行.
INFO: Run ParseTemplate Behavior [ RunTime:0.009159s ]
INFO: [ view_parse ] --END-- [ RunTime:0.009209s ]
INFO: [ view_filter ] --START--
INFO: Run ContentReplace Behavior [ RunTime:0.000642s ]
INFO: Run TokenBuild Behavior [ RunTime:0.000604s ]
INFO: Run WriteHtmlCache Behavior [ RunTime:0.000474s ]
INFO: Run ShowRuntime Behavior [ RunTime:0.000612s ]
INFO: [ view_filter ] --END-- [ RunTime:0.002445s ]
INFO: [ view_end ] --START--
INFO: Run ShowPageTrace Behavior [ RunTime:0.000768s ]
INFO: [ view_end ] --END-- [ RunTime:0.000807s ]

[ 2013-11-22T10:57:09+08:00 ] 0.0.0.0 /jianliapp/admin.php?s=/Company/company
INFO: [ route_check ] --START--
INFO: Run CheckRoute Behavior [ RunTime:0.001036s ]
INFO: [ route_check ] --END-- [ RunTime:0.001131s ]
INFO: [ app_begin ] --START--
INFO: Run ReadHtmlCache Behavior [ RunTime:0.003716s ]
INFO: [ app_begin ] --END-- [ RunTime:0.003773s ]
SQL: SHOW COLUMNS FROM `tb_company` [ RunTime:0.003284s ]
SQL: SELECT COUNT(*) AS tp_count FROM `tb_company` WHERE ( `status` = 0 ) AND ( `appid` = 1 ) LIMIT 1   [ RunTime:0.005421s ]
SQL: SELECT * FROM `tb_company` WHERE ( `status` = 0 ) AND ( `appid` = 1 ) ORDER BY createtime desc LIMIT 0,5   [ RunTime:0.000979s ]
INFO: [ view_template ] --START--
INFO: Run LocationTemplate Behavior [ RunTime:0.001779s ]
INFO: [ view_template ] --END-- [ RunTime:0.001861s ]
INFO: [ view_parse ] --START--
NOTIC: [8] Undefined variable: Title F:\www\jianliapp\Home\Admin\Runtime\Cache\3dbb8342dba5dceca89a4b04b0753a77.php 第 9 行.
INFO: Run ParseTemplate Behavior [ RunTime:0.036889s ]
INFO: [ view_parse ] --END-- [ RunTime:0.036959s ]
INFO: [ view_filter ] --START--
INFO: Run ContentReplace Behavior [ RunTime:0.002851s ]
INFO: Run TokenBuild Behavior [ RunTime:0.001097s ]
INFO: Run WriteHtmlCache Behavior [ RunTime:0.001361s ]
INFO: Run ShowRuntime Behavior [ RunTime:0.001025s ]
INFO: [ view_filter ] --END-- [ RunTime:0.006596s ]
INFO: [ view_end ] --START--
INFO: Run ShowPageTrace Behavior [ RunTime:0.001206s ]
INFO: [ view_end ] --END-- [ RunTime:0.001269s ]

[ 2013-11-22T10:57:09+08:00 ] 0.0.0.0 /jianliapp/admin.php?s=/Index/top
INFO: [ route_check ] --START--
INFO: Run CheckRoute Behavior [ RunTime:0.001015s ]
INFO: [ route_check ] --END-- [ RunTime:0.001080s ]
INFO: [ app_begin ] --START--
INFO: Run ReadHtmlCache Behavior [ RunTime:0.000774s ]
INFO: [ app_begin ] --END-- [ RunTime:0.000826s ]
INFO: [ view_template ] --START--
INFO: Run LocationTemplate Behavior [ RunTime:0.001508s ]
INFO: [ view_template ] --END-- [ RunTime:0.001598s ]
INFO: [ view_parse ] --START--
NOTIC: [8] Undefined variable: Title F:\www\jianliapp\Home\Admin\Runtime\Cache\3fa9528951f49840cd6db1fb79fa06a4.php 第 9 行.
INFO: Run ParseTemplate Behavior [ RunTime:0.012653s ]
INFO: [ view_parse ] --END-- [ RunTime:0.012720s ]
INFO: [ view_filter ] --START--
INFO: Run ContentReplace Behavior [ RunTime:0.001380s ]
INFO: Run TokenBuild Behavior [ RunTime:0.002315s ]
INFO: Run WriteHtmlCache Behavior [ RunTime:0.000574s ]
INFO: Run ShowRuntime Behavior [ RunTime:0.000862s ]
INFO: [ view_filter ] --END-- [ RunTime:0.005305s ]
INFO: [ view_end ] --START--
INFO: Run ShowPageTrace Behavior [ RunTime:0.001037s ]
INFO: [ view_end ] --END-- [ RunTime:0.001137s ]

[ 2013-11-22T11:20:40+08:00 ] 0.0.0.0 /jianliapp/admin.php?s=/Score/clist
INFO: [ route_check ] --START--
INFO: Run CheckRoute Behavior [ RunTime:0.001124s ]
INFO: [ route_check ] --END-- [ RunTime:0.001204s ]
INFO: [ app_begin ] --START--
INFO: Run ReadHtmlCache Behavior [ RunTime:0.000862s ]
INFO: [ app_begin ] --END-- [ RunTime:0.000914s ]
SQL: SHOW COLUMNS FROM `tb_score` [ RunTime:0.030040s ]
NOTIC: [8] Use of undefined constant status - assumed 'status' F:\www\jianliapp\Home\Admin\Lib\Action\ScoreAction.class.php 第 24 行.
SQL: SELECT COUNT(*) AS tp_count FROM `tb_score` WHERE ( `status` = 0 ) AND ( `appid` = 1 ) LIMIT 1   [ RunTime:0.000900s ]
NOTIC: [8] Use of undefined constant status - assumed 'status' F:\www\jianliapp\Home\Admin\Lib\Action\ScoreAction.class.php 第 27 行.
SQL: SELECT * FROM `tb_score` WHERE ( `status` = 0 ) AND ( `appid` = 1 ) ORDER BY createtime LIMIT 0,5   [ RunTime:0.000766s ]
INFO: [ view_template ] --START--
INFO: Run LocationTemplate Behavior [ RunTime:0.021726s ]
INFO: [ view_template ] --END-- [ RunTime:0.021823s ]
INFO: [ view_parse ] --START--
NOTIC: [8] Undefined variable: Title F:\www\jianliapp\Home\Admin\Runtime\Cache\4582f7e6a7cae08ae4e3bb65f8a9cef2.php 第 9 行.
INFO: Run ParseTemplate Behavior [ RunTime:0.029094s ]
INFO: [ view_parse ] --END-- [ RunTime:0.029173s ]
INFO: [ view_filter ] --START--
INFO: Run ContentReplace Behavior [ RunTime:0.000993s ]
INFO: Run TokenBuild Behavior [ RunTime:0.000873s ]
INFO: Run WriteHtmlCache Behavior [ RunTime:0.001631s ]
INFO: Run ShowRuntime Behavior [ RunTime:0.000967s ]
INFO: [ view_filter ] --END-- [ RunTime:0.004659s ]
INFO: [ view_end ] --START--
INFO: Run ShowPageTrace Behavior [ RunTime:0.001191s ]
INFO: [ view_end ] --END-- [ RunTime:0.001264s ]

[ 2013-11-22T11:21:16+08:00 ] 0.0.0.0 /jianliapp/admin.php?s=/Score/fresh
INFO: [ route_check ] --START--
INFO: Run CheckRoute Behavior [ RunTime:0.001327s ]
INFO: [ route_check ] --END-- [ RunTime:0.001415s ]
INFO: [ app_begin ] --START--
INFO: Run ReadHtmlCache Behavior [ RunTime:0.000927s ]
INFO: [ app_begin ] --END-- [ RunTime:0.000983s ]
SQL: SHOW COLUMNS FROM `tb_score` [ RunTime:0.006582s ]
SQL: SELECT  type,target,usertype ,avg(score) avgs,count(*) amount FROM `tb_score` where isreal=1  group by type,target,usertype [ RunTime:0.001697s ]
SQL: SHOW COLUMNS FROM `tb_company` [ RunTime:0.008302s ]
SQL: UPDATE `tb_company` SET `score_owner`='7.00000',`score_owner_count`=1 WHERE ( `id` = 2 ) AND ( `appid` = 1 ) [ RunTime:0.021587s ]
SQL: UPDATE `tb_company` SET `score_expert`='1.00000',`score_expert_count`=2 WHERE ( `id` = 2 ) AND ( `appid` = 1 ) [ RunTime:0.000499s ]
SQL: UPDATE `tb_company` SET `score_expert`='1.00000',`score_expert_count`=2 WHERE ( `id` = 3 ) AND ( `appid` = 1 ) [ RunTime:0.000502s ]
SQL: SHOW COLUMNS FROM `tb_construction` [ RunTime:0.024952s ]
SQL: UPDATE `tb_construction` SET `score_owner`='6.00000',`score_owner_count`=2 WHERE ( `id` = 14 ) AND ( `appid` = 1 ) [ RunTime:0.003163s ]
SQL: UPDATE `tb_construction` SET `score_expert`='5.00000',`score_expert_count`=1 WHERE ( `id` = 14 ) AND ( `appid` = 1 ) [ RunTime:0.000476s ]
SQL: UPDATE `tb_construction` SET `score_owner`='5.00000',`score_owner_count`=1 WHERE ( `id` = 15 ) AND ( `appid` = 1 ) [ RunTime:0.000491s ]
SQL: SHOW COLUMNS FROM `tb_case` [ RunTime:0.017955s ]
SQL: UPDATE `tb_case` SET `score_owner`='7.00000',`score_owner_count`=1 WHERE ( `id` = 14 ) AND ( `appid` = 1 ) [ RunTime:0.000469s ]
SQL: UPDATE `tb_case` SET `score_owner`='7.50000',`score_owner_count`=2 WHERE ( `id` = 15 ) AND ( `appid` = 1 ) [ RunTime:0.000828s ]
SQL: UPDATE `tb_case` SET `score_expert`='7.00000',`score_expert_count`=1 WHERE ( `id` = 15 ) AND ( `appid` = 1 ) [ RunTime:0.000455s ]
SQL: UPDATE `tb_case` SET `score_owner`='5.00000',`score_owner_count`=2 WHERE ( `id` = 17 ) AND ( `appid` = 1 ) [ RunTime:0.000479s ]
SQL: UPDATE `tb_case` SET `score_owner`='8.00000',`score_owner_count`=1 WHERE ( `id` = 18 ) AND ( `appid` = 1 ) [ RunTime:0.000489s ]
SQL: UPDATE `tb_case` SET `score_expert`='8.00000',`score_expert_count`=1 WHERE ( `id` = 18 ) AND ( `appid` = 1 ) [ RunTime:0.000466s ]
SQL: SELECT  type,target,avg(score) avgs FROM `tb_score` where isreal=1 group by type,target [ RunTime:0.000840s ]
SQL: UPDATE `tb_company` SET `score_complex`='3.00000' WHERE ( `id` = 2 ) AND ( `appid` = 1 ) [ RunTime:0.000481s ]
SQL: UPDATE `tb_company` SET `score_complex`='1.00000' WHERE ( `id` = 3 ) AND ( `appid` = 1 ) [ RunTime:0.000483s ]
SQL: UPDATE `tb_construction` SET `score_complex`='5.66667' WHERE ( `id` = 14 ) AND ( `appid` = 1 ) [ RunTime:0.000482s ]
SQL: UPDATE `tb_construction` SET `score_complex`='5.00000' WHERE ( `id` = 15 ) AND ( `appid` = 1 ) [ RunTime:0.000466s ]
SQL: UPDATE `tb_case` SET `score_complex`='7.00000' WHERE ( `id` = 14 ) AND ( `appid` = 1 ) [ RunTime:0.000459s ]
SQL: UPDATE `tb_case` SET `score_complex`='7.33333' WHERE ( `id` = 15 ) AND ( `appid` = 1 ) [ RunTime:0.000480s ]
SQL: UPDATE `tb_case` SET `score_complex`='5.00000' WHERE ( `id` = 17 ) AND ( `appid` = 1 ) [ RunTime:0.000304s ]
SQL: UPDATE `tb_case` SET `score_complex`='8.00000' WHERE ( `id` = 18 ) AND ( `appid` = 1 ) [ RunTime:0.000485s ]
INFO: [ view_template ] --START--
INFO: Run LocationTemplate Behavior [ RunTime:0.001563s ]
INFO: [ view_template ] --END-- [ RunTime:0.001640s ]
INFO: [ view_parse ] --START--
NOTIC: [8] Undefined variable: Title F:\www\jianliapp\Home\Admin\Runtime\Cache\25e16930de30c2eddf3898c44ac6a012.php 第 9 行.
INFO: Run ParseTemplate Behavior [ RunTime:0.013626s ]
INFO: [ view_parse ] --END-- [ RunTime:0.013687s ]
INFO: [ view_filter ] --START--
INFO: Run ContentReplace Behavior [ RunTime:0.000563s ]
INFO: Run TokenBuild Behavior [ RunTime:0.000524s ]
INFO: Run WriteHtmlCache Behavior [ RunTime:0.000438s ]
INFO: Run ShowRuntime Behavior [ RunTime:0.000579s ]
INFO: [ view_filter ] --END-- [ RunTime:0.002212s ]
INFO: [ view_end ] --START--
INFO: Run ShowPageTrace Behavior [ RunTime:0.000688s ]
INFO: [ view_end ] --END-- [ RunTime:0.000727s ]

[ 2013-11-22T11:21:18+08:00 ] 0.0.0.0 /jianliapp/admin.php?s=/Score/clist
INFO: [ route_check ] --START--
INFO: Run CheckRoute Behavior [ RunTime:0.001384s ]
INFO: [ route_check ] --END-- [ RunTime:0.001479s ]
INFO: [ app_begin ] --START--
INFO: Run ReadHtmlCache Behavior [ RunTime:0.001075s ]
INFO: [ app_begin ] --END-- [ RunTime:0.001140s ]
SQL: SHOW COLUMNS FROM `tb_score` [ RunTime:0.003173s ]
NOTIC: [8] Use of undefined constant status - assumed 'status' F:\www\jianliapp\Home\Admin\Lib\Action\ScoreAction.class.php 第 24 行.
SQL: SELECT COUNT(*) AS tp_count FROM `tb_score` WHERE ( `status` = 0 ) AND ( `appid` = 1 ) LIMIT 1   [ RunTime:0.000601s ]
NOTIC: [8] Use of undefined constant status - assumed 'status' F:\www\jianliapp\Home\Admin\Lib\Action\ScoreAction.class.php 第 27 行.
SQL: SELECT * FROM `tb_score` WHERE ( `status` = 0 ) AND ( `appid` = 1 ) ORDER BY createtime LIMIT 0,5   [ RunTime:0.000689s ]
INFO: [ view_template ] --START--
INFO: Run LocationTemplate Behavior [ RunTime:0.001472s ]
INFO: [ view_template ] --END-- [ RunTime:0.001544s ]
INFO: [ view_parse ] --START--
NOTIC: [8] Undefined variable: Title F:\www\jianliapp\Home\Admin\Runtime\Cache\4582f7e6a7cae08ae4e3bb65f8a9cef2.php 第 9 行.
INFO: Run ParseTemplate Behavior [ RunTime:0.018121s ]
INFO: [ view_parse ] --END-- [ RunTime:0.018196s ]
INFO: [ view_filter ] --START--
INFO: Run ContentReplace Behavior [ RunTime:0.001004s ]
INFO: Run TokenBuild Behavior [ RunTime:0.000867s ]
INFO: Run WriteHtmlCache Behavior [ RunTime:0.000713s ]
INFO: Run ShowRuntime Behavior [ RunTime:0.000954s ]
INFO: [ view_filter ] --END-- [ RunTime:0.003712s ]
INFO: [ view_end ] --START--
INFO: Run ShowPageTrace Behavior [ RunTime:0.001309s ]
INFO: [ view_end ] --END-- [ RunTime:0.001385s ]

[ 2013-11-22T11:21:37+08:00 ] 0.0.0.0 /jianliapp/admin.php?s=/Score/clist
INFO: [ route_check ] --START--
INFO: Run CheckRoute Behavior [ RunTime:0.001413s ]
INFO: [ route_check ] --END-- [ RunTime:0.001540s ]
INFO: [ app_begin ] --START--
INFO: Run ReadHtmlCache Behavior [ RunTime:0.001057s ]
INFO: [ app_begin ] --END-- [ RunTime:0.001122s ]
SQL: SHOW COLUMNS FROM `tb_score` [ RunTime:0.003066s ]
NOTIC: [8] Use of undefined constant status - assumed 'status' F:\www\jianliapp\Home\Admin\Lib\Action\ScoreAction.class.php 第 24 行.
SQL: SELECT COUNT(*) AS tp_count FROM `tb_score` WHERE ( `status` = 0 ) AND ( `appid` = 1 ) LIMIT 1   [ RunTime:0.000559s ]
NOTIC: [8] Use of undefined constant status - assumed 'status' F:\www\jianliapp\Home\Admin\Lib\Action\ScoreAction.class.php 第 27 行.
SQL: SELECT * FROM `tb_score` WHERE ( `status` = 0 ) AND ( `appid` = 1 ) ORDER BY createtime LIMIT 0,5   [ RunTime:0.000790s ]
INFO: [ view_template ] --START--
INFO: Run LocationTemplate Behavior [ RunTime:0.001492s ]
INFO: [ view_template ] --END-- [ RunTime:0.001563s ]
INFO: [ view_parse ] --START--
NOTIC: [8] Undefined variable: Title F:\www\jianliapp\Home\Admin\Runtime\Cache\4582f7e6a7cae08ae4e3bb65f8a9cef2.php 第 9 行.
INFO: Run ParseTemplate Behavior [ RunTime:0.018506s ]
INFO: [ view_parse ] --END-- [ RunTime:0.018658s ]
INFO: [ view_filter ] --START--
INFO: Run ContentReplace Behavior [ RunTime:0.001179s ]
INFO: Run TokenBuild Behavior [ RunTime:0.000867s ]
INFO: Run WriteHtmlCache Behavior [ RunTime:0.000702s ]
INFO: Run ShowRuntime Behavior [ RunTime:0.000931s ]
INFO: [ view_filter ] --END-- [ RunTime:0.003863s ]
INFO: [ view_end ] --START--
INFO: Run ShowPageTrace Behavior [ RunTime:0.001469s ]
INFO: [ view_end ] --END-- [ RunTime:0.001574s ]

[ 2013-11-22T15:05:20+08:00 ] 0.0.0.0 /jianliapp/admin.php?s=/Index/index
INFO: [ route_check ] --START--
INFO: Run CheckRoute Behavior [ RunTime:0.001138s ]
INFO: [ route_check ] --END-- [ RunTime:0.001239s ]
INFO: [ app_begin ] --START--
INFO: Run ReadHtmlCache Behavior [ RunTime:0.000790s ]
INFO: [ app_begin ] --END-- [ RunTime:0.000842s ]
INFO: [ view_template ] --START--
INFO: Run LocationTemplate Behavior [ RunTime:0.001120s ]
INFO: [ view_template ] --END-- [ RunTime:0.001182s ]
INFO: [ view_parse ] --START--
INFO: Run ParseTemplate Behavior [ RunTime:0.034072s ]
INFO: [ view_parse ] --END-- [ RunTime:0.034141s ]
INFO: [ view_filter ] --START--
INFO: Run ContentReplace Behavior [ RunTime:0.000635s ]
INFO: Run TokenBuild Behavior [ RunTime:0.000614s ]
INFO: Run WriteHtmlCache Behavior [ RunTime:0.004997s ]
INFO: Run ShowRuntime Behavior [ RunTime:0.000812s ]
INFO: [ view_filter ] --END-- [ RunTime:0.007221s ]
INFO: [ view_end ] --START--
INFO: Run ShowPageTrace Behavior [ RunTime:0.000834s ]
INFO: [ view_end ] --END-- [ RunTime:0.000882s ]

[ 2013-11-22T15:05:22+08:00 ] 0.0.0.0 /jianliapp/admin.php?s=/Company/company
INFO: [ route_check ] --START--
INFO: Run CheckRoute Behavior [ RunTime:0.000939s ]
INFO: [ route_check ] --END-- [ RunTime:0.001005s ]
INFO: [ app_begin ] --START--
INFO: Run ReadHtmlCache Behavior [ RunTime:0.000707s ]
INFO: [ app_begin ] --END-- [ RunTime:0.000751s ]
SQL: SHOW COLUMNS FROM `tb_company` [ RunTime:0.008168s ]
SQL: SELECT COUNT(*) AS tp_count FROM `tb_company` WHERE ( `status` = 0 ) AND ( `appid` = 1 ) LIMIT 1   [ RunTime:0.000955s ]
SQL: SELECT * FROM `tb_company` WHERE ( `status` = 0 ) AND ( `appid` = 1 ) ORDER BY createtime desc LIMIT 0,5   [ RunTime:0.001358s ]
INFO: [ view_template ] --START--
INFO: Run LocationTemplate Behavior [ RunTime:0.003677s ]
INFO: [ view_template ] --END-- [ RunTime:0.003893s ]
INFO: [ view_parse ] --START--
NOTIC: [8] Undefined variable: Title F:\www\jianliapp\Home\Admin\Runtime\Cache\3dbb8342dba5dceca89a4b04b0753a77.php 第 9 行.
INFO: Run ParseTemplate Behavior [ RunTime:0.024408s ]
INFO: [ view_parse ] --END-- [ RunTime:0.024517s ]
INFO: [ view_filter ] --START--
INFO: Run ContentReplace Behavior [ RunTime:0.000950s ]
INFO: Run TokenBuild Behavior [ RunTime:0.000836s ]
INFO: Run WriteHtmlCache Behavior [ RunTime:0.000690s ]
INFO: Run ShowRuntime Behavior [ RunTime:0.000938s ]
INFO: [ view_filter ] --END-- [ RunTime:0.003593s ]
INFO: [ view_end ] --START--
INFO: Run ShowPageTrace Behavior [ RunTime:0.001507s ]
INFO: [ view_end ] --END-- [ RunTime:0.001579s ]

[ 2013-11-22T15:05:22+08:00 ] 0.0.0.0 /jianliapp/admin.php?s=/Index/top
INFO: [ route_check ] --START--
INFO: Run CheckRoute Behavior [ RunTime:0.000841s ]
INFO: [ route_check ] --END-- [ RunTime:0.000908s ]
INFO: [ app_begin ] --START--
INFO: Run ReadHtmlCache Behavior [ RunTime:0.001530s ]
INFO: [ app_begin ] --END-- [ RunTime:0.001585s ]
INFO: [ view_template ] --START--
INFO: Run LocationTemplate Behavior [ RunTime:0.001589s ]
INFO: [ view_template ] --END-- [ RunTime:0.001703s ]
INFO: [ view_parse ] --START--
NOTIC: [8] Undefined variable: Title F:\www\jianliapp\Home\Admin\Runtime\Cache\3fa9528951f49840cd6db1fb79fa06a4.php 第 9 行.
INFO: Run ParseTemplate Behavior [ RunTime:0.011862s ]
INFO: [ view_parse ] --END-- [ RunTime:0.011933s ]
INFO: [ view_filter ] --START--
INFO: Run ContentReplace Behavior [ RunTime:0.000604s ]
INFO: Run TokenBuild Behavior [ RunTime:0.000506s ]
INFO: Run WriteHtmlCache Behavior [ RunTime:0.000395s ]
INFO: Run ShowRuntime Behavior [ RunTime:0.000542s ]
INFO: [ view_filter ] --END-- [ RunTime:0.002168s ]
INFO: [ view_end ] --START--
INFO: Run ShowPageTrace Behavior [ RunTime:0.001669s ]
INFO: [ view_end ] --END-- [ RunTime:0.001753s ]

[ 2013-11-22T15:05:22+08:00 ] 0.0.0.0 /jianliapp/admin.php?s=/Index/left
INFO: [ route_check ] --START--
INFO: Run CheckRoute Behavior [ RunTime:0.000924s ]
INFO: [ route_check ] --END-- [ RunTime:0.000990s ]
INFO: [ app_begin ] --START--
INFO: Run ReadHtmlCache Behavior [ RunTime:0.000661s ]
INFO: [ app_begin ] --END-- [ RunTime:0.000703s ]
INFO: [ view_template ] --START--
INFO: Run LocationTemplate Behavior [ RunTime:0.005431s ]
INFO: [ view_template ] --END-- [ RunTime:0.005503s ]
INFO: [ view_parse ] --START--
NOTIC: [8] Undefined variable: Title F:\www\jianliapp\Home\Admin\Runtime\Cache\37143eef06b0f455826c39b692c7c0cc.php 第 9 行.
INFO: Run ParseTemplate Behavior [ RunTime:0.010570s ]
INFO: [ view_parse ] --END-- [ RunTime:0.010621s ]
INFO: [ view_filter ] --START--
INFO: Run ContentReplace Behavior [ RunTime:0.000579s ]
INFO: Run TokenBuild Behavior [ RunTime:0.000513s ]
INFO: Run WriteHtmlCache Behavior [ RunTime:0.000412s ]
INFO: Run ShowRuntime Behavior [ RunTime:0.000558s ]
INFO: [ view_filter ] --END-- [ RunTime:0.002175s ]
INFO: [ view_end ] --START--
INFO: Run ShowPageTrace Behavior [ RunTime:0.000683s ]
INFO: [ view_end ] --END-- [ RunTime:0.000724s ]

[ 2013-11-22T15:08:09+08:00 ] 0.0.0.0 /jianliapp/admin.php?s=/Index/index
INFO: [ route_check ] --START--
INFO: Run CheckRoute Behavior [ RunTime:0.001428s ]
INFO: [ route_check ] --END-- [ RunTime:0.001524s ]
INFO: [ app_begin ] --START--
INFO: Run ReadHtmlCache Behavior [ RunTime:0.000985s ]
INFO: [ app_begin ] --END-- [ RunTime:0.001050s ]
INFO: [ view_template ] --START--
INFO: Run LocationTemplate Behavior [ RunTime:0.001390s ]
INFO: [ view_template ] --END-- [ RunTime:0.001475s ]
INFO: [ view_parse ] --START--
INFO: Run ParseTemplate Behavior [ RunTime:0.007745s ]
INFO: [ view_parse ] --END-- [ RunTime:0.007815s ]
INFO: [ view_filter ] --START--
INFO: Run ContentReplace Behavior [ RunTime:0.000502s ]
INFO: Run TokenBuild Behavior [ RunTime:0.000471s ]
INFO: Run WriteHtmlCache Behavior [ RunTime:0.000375s ]
INFO: Run ShowRuntime Behavior [ RunTime:0.000516s ]
INFO: [ view_filter ] --END-- [ RunTime:0.001974s ]
INFO: [ view_end ] --START--
INFO: Run ShowPageTrace Behavior [ RunTime:0.000636s ]
INFO: [ view_end ] --END-- [ RunTime:0.000674s ]

[ 2013-11-22T15:08:09+08:00 ] 0.0.0.0 /jianliapp/admin.php?s=/Index/left
INFO: [ route_check ] --START--
INFO: Run CheckRoute Behavior [ RunTime:0.000932s ]
INFO: [ route_check ] --END-- [ RunTime:0.000998s ]
INFO: [ app_begin ] --START--
INFO: Run ReadHtmlCache Behavior [ RunTime:0.000693s ]
INFO: [ app_begin ] --END-- [ RunTime:0.000743s ]
INFO: [ view_template ] --START--
INFO: Run LocationTemplate Behavior [ RunTime:0.001044s ]
INFO: [ view_template ] --END-- [ RunTime:0.001101s ]
INFO: [ view_parse ] --START--
NOTIC: [8] Undefined variable: Title F:\www\jianliapp\Home\Admin\Runtime\Cache\37143eef06b0f455826c39b692c7c0cc.php 第 9 行.
INFO: Run ParseTemplate Behavior [ RunTime:0.008860s ]
INFO: [ view_parse ] --END-- [ RunTime:0.008909s ]
INFO: [ view_filter ] --START--
INFO: Run ContentReplace Behavior [ RunTime:0.000598s ]
INFO: Run TokenBuild Behavior [ RunTime:0.000542s ]
INFO: Run WriteHtmlCache Behavior [ RunTime:0.000412s ]
INFO: Run ShowRuntime Behavior [ RunTime:0.000569s ]
INFO: [ view_filter ] --END-- [ RunTime:0.002239s ]
INFO: [ view_end ] --START--
INFO: Run ShowPageTrace Behavior [ RunTime:0.000674s ]
INFO: [ view_end ] --END-- [ RunTime:0.000714s ]

[ 2013-11-22T15:08:10+08:00 ] 0.0.0.0 /jianliapp/admin.php?s=/Company/company
INFO: [ route_check ] --START--
INFO: Run CheckRoute Behavior [ RunTime:0.001063s ]
INFO: [ route_check ] --END-- [ RunTime:0.001133s ]
INFO: [ app_begin ] --START--
INFO: Run ReadHtmlCache Behavior [ RunTime:0.000747s ]
INFO: [ app_begin ] --END-- [ RunTime:0.000788s ]
SQL: SHOW COLUMNS FROM `tb_company` [ RunTime:0.007067s ]
SQL: SELECT COUNT(*) AS tp_count FROM `tb_company` WHERE ( `status` = 0 ) AND ( `appid` = 1 ) LIMIT 1   [ RunTime:0.000928s ]
SQL: SELECT * FROM `tb_company` WHERE ( `status` = 0 ) AND ( `appid` = 1 ) ORDER BY createtime desc LIMIT 0,5   [ RunTime:0.001279s ]
INFO: [ view_template ] --START--
INFO: Run LocationTemplate Behavior [ RunTime:0.001707s ]
INFO: [ view_template ] --END-- [ RunTime:0.001824s ]
INFO: [ view_parse ] --START--
NOTIC: [8] Undefined variable: Title F:\www\jianliapp\Home\Admin\Runtime\Cache\3dbb8342dba5dceca89a4b04b0753a77.php 第 9 行.
INFO: Run ParseTemplate Behavior [ RunTime:0.015180s ]
INFO: [ view_parse ] --END-- [ RunTime:0.015251s ]
INFO: [ view_filter ] --START--
INFO: Run ContentReplace Behavior [ RunTime:0.000913s ]
INFO: Run TokenBuild Behavior [ RunTime:0.000762s ]
INFO: Run WriteHtmlCache Behavior [ RunTime:0.000618s ]
INFO: Run ShowRuntime Behavior [ RunTime:0.001309s ]
INFO: [ view_filter ] --END-- [ RunTime:0.003899s ]
INFO: [ view_end ] --START--
INFO: Run ShowPageTrace Behavior [ RunTime:0.001132s ]
INFO: [ view_end ] --END-- [ RunTime:0.001197s ]

[ 2013-11-22T15:08:10+08:00 ] 0.0.0.0 /jianliapp/admin.php?s=/Index/top
INFO: [ route_check ] --START--
INFO: Run CheckRoute Behavior [ RunTime:0.000878s ]
INFO: [ route_check ] --END-- [ RunTime:0.000946s ]
INFO: [ app_begin ] --START--
INFO: Run ReadHtmlCache Behavior [ RunTime:0.000655s ]
INFO: [ app_begin ] --END-- [ RunTime:0.000697s ]
INFO: [ view_template ] --START--
INFO: Run LocationTemplate Behavior [ RunTime:0.001852s ]
INFO: [ view_template ] --END-- [ RunTime:0.001948s ]
INFO: [ view_parse ] --START--
NOTIC: [8] Undefined variable: Title F:\www\jianliapp\Home\Admin\Runtime\Cache\3fa9528951f49840cd6db1fb79fa06a4.php 第 9 行.
INFO: Run ParseTemplate Behavior [ RunTime:0.010702s ]
INFO: [ view_parse ] --END-- [ RunTime:0.010764s ]
INFO: [ view_filter ] --START--
INFO: Run ContentReplace Behavior [ RunTime:0.000592s ]
INFO: Run TokenBuild Behavior [ RunTime:0.000533s ]
INFO: Run WriteHtmlCache Behavior [ RunTime:0.000393s ]
INFO: Run ShowRuntime Behavior [ RunTime:0.000549s ]
INFO: [ view_filter ] --END-- [ RunTime:0.002186s ]
INFO: [ view_end ] --START--
INFO: Run ShowPageTrace Behavior [ RunTime:0.000698s ]
INFO: [ view_end ] --END-- [ RunTime:0.000740s ]

[ 2013-11-22T16:02:16+08:00 ] 0.0.0.0 /jianliapp/admin.php?s=/Score/fresh
INFO: [ route_check ] --START--
INFO: Run CheckRoute Behavior [ RunTime:0.001347s ]
INFO: [ route_check ] --END-- [ RunTime:0.001442s ]
INFO: [ app_begin ] --START--
INFO: Run ReadHtmlCache Behavior [ RunTime:0.001089s ]
INFO: [ app_begin ] --END-- [ RunTime:0.001163s ]
SQL: SHOW COLUMNS FROM `tb_score` [ RunTime:0.004002s ]
SQL: SELECT  type,target,usertype ,avg(score) avgs,count(*) amount FROM `tb_score` where isreal=1  group by type,target,usertype [ RunTime:0.001029s ]
SQL: SHOW COLUMNS FROM `tb_company` [ RunTime:0.005218s ]
SQL: UPDATE `tb_company` SET `score_owner`='7.00000',`score_owner_count`=1 WHERE ( `id` = 2 ) AND ( `appid` = 1 ) [ RunTime:0.000611s ]
SQL: UPDATE `tb_company` SET `score_expert`='1.00000',`score_expert_count`=2 WHERE ( `id` = 2 ) AND ( `appid` = 1 ) [ RunTime:0.000461s ]
SQL: UPDATE `tb_company` SET `score_expert`='1.00000',`score_expert_count`=2 WHERE ( `id` = 3 ) AND ( `appid` = 1 ) [ RunTime:0.000488s ]
SQL: SHOW COLUMNS FROM `tb_construction` [ RunTime:0.003839s ]
SQL: UPDATE `tb_construction` SET `score_owner`='6.00000',`score_owner_count`=2 WHERE ( `id` = 14 ) AND ( `appid` = 1 ) [ RunTime:0.000855s ]
SQL: UPDATE `tb_construction` SET `score_expert`='5.00000',`score_expert_count`=1 WHERE ( `id` = 14 ) AND ( `appid` = 1 ) [ RunTime:0.000460s ]
SQL: UPDATE `tb_construction` SET `score_owner`='5.00000',`score_owner_count`=1 WHERE ( `id` = 15 ) AND ( `appid` = 1 ) [ RunTime:0.000273s ]
SQL: SHOW COLUMNS FROM `tb_case` [ RunTime:0.002536s ]
SQL: UPDATE `tb_case` SET `score_owner`='7.00000',`score_owner_count`=1 WHERE ( `id` = 14 ) AND ( `appid` = 1 ) [ RunTime:0.000373s ]
SQL: UPDATE `tb_case` SET `score_owner`='7.50000',`score_owner_count`=2 WHERE ( `id` = 15 ) AND ( `appid` = 1 ) [ RunTime:0.000398s ]
SQL: UPDATE `tb_case` SET `score_expert`='7.00000',`score_expert_count`=1 WHERE ( `id` = 15 ) AND ( `appid` = 1 ) [ RunTime:0.000349s ]
SQL: UPDATE `tb_case` SET `score_owner`='5.00000',`score_owner_count`=2 WHERE ( `id` = 17 ) AND ( `appid` = 1 ) [ RunTime:0.000360s ]
SQL: UPDATE `tb_case` SET `score_owner`='8.00000',`score_owner_count`=1 WHERE ( `id` = 18 ) AND ( `appid` = 1 ) [ RunTime:0.000411s ]
SQL: UPDATE `tb_case` SET `score_expert`='8.00000',`score_expert_count`=1 WHERE ( `id` = 18 ) AND ( `appid` = 1 ) [ RunTime:0.000378s ]
SQL: SELECT  type,target,avg(score) avgs FROM `tb_score` where isreal=1 group by type,target [ RunTime:0.000736s ]
SQL: UPDATE `tb_company` SET `score_complex`='3.00000' WHERE ( `id` = 2 ) AND ( `appid` = 1 ) [ RunTime:0.000393s ]
SQL: UPDATE `tb_company` SET `score_complex`='1.00000' WHERE ( `id` = 3 ) AND ( `appid` = 1 ) [ RunTime:0.000384s ]
SQL: UPDATE `tb_construction` SET `score_complex`='5.66667' WHERE ( `id` = 14 ) AND ( `appid` = 1 ) [ RunTime:0.000371s ]
SQL: UPDATE `tb_construction` SET `score_complex`='5.00000' WHERE ( `id` = 15 ) AND ( `appid` = 1 ) [ RunTime:0.000377s ]
SQL: UPDATE `tb_case` SET `score_complex`='7.00000' WHERE ( `id` = 14 ) AND ( `appid` = 1 ) [ RunTime:0.000334s ]
SQL: UPDATE `tb_case` SET `score_complex`='7.33333' WHERE ( `id` = 15 ) AND ( `appid` = 1 ) [ RunTime:0.000380s ]
SQL: UPDATE `tb_case` SET `score_complex`='5.00000' WHERE ( `id` = 17 ) AND ( `appid` = 1 ) [ RunTime:0.000375s ]
SQL: UPDATE `tb_case` SET `score_complex`='8.00000' WHERE ( `id` = 18 ) AND ( `appid` = 1 ) [ RunTime:0.000380s ]
INFO: [ view_template ] --START--
INFO: Run LocationTemplate Behavior [ RunTime:0.001830s ]
INFO: [ view_template ] --END-- [ RunTime:0.001904s ]
INFO: [ view_parse ] --START--
NOTIC: [8] Undefined variable: Title F:\www\jianliapp\Home\Admin\Runtime\Cache\25e16930de30c2eddf3898c44ac6a012.php 第 9 行.
INFO: Run ParseTemplate Behavior [ RunTime:0.009221s ]
INFO: [ view_parse ] --END-- [ RunTime:0.009272s ]
INFO: [ view_filter ] --START--
INFO: Run ContentReplace Behavior [ RunTime:0.000519s ]
INFO: Run TokenBuild Behavior [ RunTime:0.000467s ]
INFO: Run WriteHtmlCache Behavior [ RunTime:0.000372s ]
INFO: Run ShowRuntime Behavior [ RunTime:0.000512s ]
INFO: [ view_filter ] --END-- [ RunTime:0.001978s ]
INFO: [ view_end ] --START--
INFO: Run ShowPageTrace Behavior [ RunTime:0.001680s ]
INFO: [ view_end ] --END-- [ RunTime:0.001739s ]

[ 2013-11-22T16:02:18+08:00 ] 0.0.0.0 /jianliapp/admin.php?s=/Score/clist
INFO: [ route_check ] --START--
INFO: Run CheckRoute Behavior [ RunTime:0.001038s ]
INFO: [ route_check ] --END-- [ RunTime:0.001116s ]
INFO: [ app_begin ] --START--
INFO: Run ReadHtmlCache Behavior [ RunTime:0.000875s ]
INFO: [ app_begin ] --END-- [ RunTime:0.000936s ]
SQL: SHOW COLUMNS FROM `tb_score` [ RunTime:0.007087s ]
NOTIC: [8] Use of undefined constant status - assumed 'status' F:\www\jianliapp\Home\Admin\Lib\Action\ScoreAction.class.php 第 24 行.
SQL: SELECT COUNT(*) AS tp_count FROM `tb_score` WHERE ( `status` = 0 ) AND ( `appid` = 1 ) LIMIT 1   [ RunTime:0.000967s ]
NOTIC: [8] Use of undefined constant status - assumed 'status' F:\www\jianliapp\Home\Admin\Lib\Action\ScoreAction.class.php 第 27 行.
SQL: SELECT * FROM `tb_score` WHERE ( `status` = 0 ) AND ( `appid` = 1 ) ORDER BY createtime LIMIT 0,5   [ RunTime:0.001459s ]
INFO: [ view_template ] --START--
INFO: Run LocationTemplate Behavior [ RunTime:0.004123s ]
INFO: [ view_template ] --END-- [ RunTime:0.004303s ]
INFO: [ view_parse ] --START--
NOTIC: [8] Undefined variable: Title F:\www\jianliapp\Home\Admin\Runtime\Cache\4582f7e6a7cae08ae4e3bb65f8a9cef2.php 第 9 行.
INFO: Run ParseTemplate Behavior [ RunTime:0.019020s ]
INFO: [ view_parse ] --END-- [ RunTime:0.019130s ]
INFO: [ view_filter ] --START--
INFO: Run ContentReplace Behavior [ RunTime:0.000941s ]
INFO: Run TokenBuild Behavior [ RunTime:0.000799s ]
INFO: Run WriteHtmlCache Behavior [ RunTime:0.000651s ]
INFO: Run ShowRuntime Behavior [ RunTime:0.000905s ]
INFO: [ view_filter ] --END-- [ RunTime:0.003475s ]
INFO: [ view_end ] --START--
INFO: Run ShowPageTrace Behavior [ RunTime:0.001858s ]
INFO: [ view_end ] --END-- [ RunTime:0.002146s ]

[ 2013-11-22T16:02:23+08:00 ] 0.0.0.0 /jianliapp/admin.php?s=/Score/fresh
INFO: [ route_check ] --START--
INFO: Run CheckRoute Behavior [ RunTime:0.001175s ]
INFO: [ route_check ] --END-- [ RunTime:0.001274s ]
INFO: [ app_begin ] --START--
INFO: Run ReadHtmlCache Behavior [ RunTime:0.000806s ]
INFO: [ app_begin ] --END-- [ RunTime:0.000859s ]
SQL: SHOW COLUMNS FROM `tb_score` [ RunTime:0.003211s ]
SQL: SELECT  type,target,usertype ,avg(score) avgs,count(*) amount FROM `tb_score` where isreal=1  group by type,target,usertype [ RunTime:0.000868s ]
SQL: SHOW COLUMNS FROM `tb_company` [ RunTime:0.003357s ]
SQL: UPDATE `tb_company` SET `score_owner`='7.00000',`score_owner_count`=1 WHERE ( `id` = 2 ) AND ( `appid` = 1 ) [ RunTime:0.000508s ]
SQL: UPDATE `tb_company` SET `score_expert`='1.00000',`score_expert_count`=2 WHERE ( `id` = 2 ) AND ( `appid` = 1 ) [ RunTime:0.000681s ]
SQL: UPDATE `tb_company` SET `score_expert`='1.00000',`score_expert_count`=2 WHERE ( `id` = 3 ) AND ( `appid` = 1 ) [ RunTime:0.000461s ]
SQL: SHOW COLUMNS FROM `tb_construction` [ RunTime:0.003105s ]
SQL: UPDATE `tb_construction` SET `score_owner`='6.00000',`score_owner_count`=2 WHERE ( `id` = 14 ) AND ( `appid` = 1 ) [ RunTime:0.000503s ]
SQL: UPDATE `tb_construction` SET `score_expert`='5.00000',`score_expert_count`=1 WHERE ( `id` = 14 ) AND ( `appid` = 1 ) [ RunTime:0.000477s ]
SQL: UPDATE `tb_construction` SET `score_owner`='5.00000',`score_owner_count`=1 WHERE ( `id` = 15 ) AND ( `appid` = 1 ) [ RunTime:0.000506s ]
SQL: SHOW COLUMNS FROM `tb_case` [ RunTime:0.003307s ]
SQL: UPDATE `tb_case` SET `score_owner`='7.00000',`score_owner_count`=1 WHERE ( `id` = 14 ) AND ( `appid` = 1 ) [ RunTime:0.000438s ]
SQL: UPDATE `tb_case` SET `score_owner`='7.50000',`score_owner_count`=2 WHERE ( `id` = 15 ) AND ( `appid` = 1 ) [ RunTime:0.000494s ]
SQL: UPDATE `tb_case` SET `score_expert`='7.00000',`score_expert_count`=1 WHERE ( `id` = 15 ) AND ( `appid` = 1 ) [ RunTime:0.000441s ]
SQL: UPDATE `tb_case` SET `score_owner`='5.00000',`score_owner_count`=2 WHERE ( `id` = 17 ) AND ( `appid` = 1 ) [ RunTime:0.000211s ]
SQL: UPDATE `tb_case` SET `score_owner`='8.00000',`score_owner_count`=1 WHERE ( `id` = 18 ) AND ( `appid` = 1 ) [ RunTime:0.000248s ]
SQL: UPDATE `tb_case` SET `score_expert`='8.00000',`score_expert_count`=1 WHERE ( `id` = 18 ) AND ( `appid` = 1 ) [ RunTime:0.000441s ]
SQL: SELECT  type,target,avg(score) avgs FROM `tb_score` where isreal=1 group by type,target [ RunTime:0.000821s ]
SQL: UPDATE `tb_company` SET `score_complex`='3.00000' WHERE ( `id` = 2 ) AND ( `appid` = 1 ) [ RunTime:0.000523s ]
SQL: UPDATE `tb_company` SET `score_complex`='1.00000' WHERE ( `id` = 3 ) AND ( `appid` = 1 ) [ RunTime:0.000485s ]
SQL: UPDATE `tb_construction` SET `score_complex`='5.66667' WHERE ( `id` = 14 ) AND ( `appid` = 1 ) [ RunTime:0.000476s ]
SQL: UPDATE `tb_construction` SET `score_complex`='5.00000' WHERE ( `id` = 15 ) AND ( `appid` = 1 ) [ RunTime:0.000543s ]
SQL: UPDATE `tb_case` SET `score_complex`='7.00000' WHERE ( `id` = 14 ) AND ( `appid` = 1 ) [ RunTime:0.000457s ]
SQL: UPDATE `tb_case` SET `score_complex`='7.33333' WHERE ( `id` = 15 ) AND ( `appid` = 1 ) [ RunTime:0.000488s ]
SQL: UPDATE `tb_case` SET `score_complex`='5.00000' WHERE ( `id` = 17 ) AND ( `appid` = 1 ) [ RunTime:0.000478s ]
SQL: UPDATE `tb_case` SET `score_complex`='8.00000' WHERE ( `id` = 18 ) AND ( `appid` = 1 ) [ RunTime:0.000488s ]
INFO: [ view_template ] --START--
INFO: Run LocationTemplate Behavior [ RunTime:0.001119s ]
INFO: [ view_template ] --END-- [ RunTime:0.001178s ]
INFO: [ view_parse ] --START--
NOTIC: [8] Undefined variable: Title F:\www\jianliapp\Home\Admin\Runtime\Cache\25e16930de30c2eddf3898c44ac6a012.php 第 9 行.
INFO: Run ParseTemplate Behavior [ RunTime:0.008625s ]
INFO: [ view_parse ] --END-- [ RunTime:0.008673s ]
INFO: [ view_filter ] --START--
INFO: Run ContentReplace Behavior [ RunTime:0.000513s ]
INFO: Run TokenBuild Behavior [ RunTime:0.000514s ]
INFO: Run WriteHtmlCache Behavior [ RunTime:0.000755s ]
INFO: Run ShowRuntime Behavior [ RunTime:0.000602s ]
INFO: [ view_filter ] --END-- [ RunTime:0.002518s ]
INFO: [ view_end ] --START--
INFO: Run ShowPageTrace Behavior [ RunTime:0.000679s ]
INFO: [ view_end ] --END-- [ RunTime:0.000728s ]

[ 2013-11-22T16:02:25+08:00 ] 0.0.0.0 /jianliapp/admin.php?s=/Score/clist
INFO: [ route_check ] --START--
INFO: Run CheckRoute Behavior [ RunTime:0.001168s ]
INFO: [ route_check ] --END-- [ RunTime:0.001253s ]
INFO: [ app_begin ] --START--
INFO: Run ReadHtmlCache Behavior [ RunTime:0.000780s ]
INFO: [ app_begin ] --END-- [ RunTime:0.000832s ]
SQL: SHOW COLUMNS FROM `tb_score` [ RunTime:0.006297s ]
NOTIC: [8] Use of undefined constant status - assumed 'status' F:\www\jianliapp\Home\Admin\Lib\Action\ScoreAction.class.php 第 24 行.
SQL: SELECT COUNT(*) AS tp_count FROM `tb_score` WHERE ( `status` = 0 ) AND ( `appid` = 1 ) LIMIT 1   [ RunTime:0.000945s ]
NOTIC: [8] Use of undefined constant status - assumed 'status' F:\www\jianliapp\Home\Admin\Lib\Action\ScoreAction.class.php 第 27 行.
SQL: SELECT * FROM `tb_score` WHERE ( `status` = 0 ) AND ( `appid` = 1 ) ORDER BY createtime LIMIT 0,5   [ RunTime:0.001422s ]
INFO: [ view_template ] --START--
INFO: Run LocationTemplate Behavior [ RunTime:0.002824s ]
INFO: [ view_template ] --END-- [ RunTime:0.002983s ]
INFO: [ view_parse ] --START--
NOTIC: [8] Undefined variable: Title F:\www\jianliapp\Home\Admin\Runtime\Cache\4582f7e6a7cae08ae4e3bb65f8a9cef2.php 第 9 行.
INFO: Run ParseTemplate Behavior [ RunTime:0.019621s ]
INFO: [ view_parse ] --END-- [ RunTime:0.019719s ]
INFO: [ view_filter ] --START--
INFO: Run ContentReplace Behavior [ RunTime:0.000771s ]
INFO: Run TokenBuild Behavior [ RunTime:0.000614s ]
INFO: Run WriteHtmlCache Behavior [ RunTime:0.000522s ]
INFO: Run ShowRuntime Behavior [ RunTime:0.001053s ]
INFO: [ view_filter ] --END-- [ RunTime:0.003104s ]
INFO: [ view_end ] --START--
INFO: Run ShowPageTrace Behavior [ RunTime:0.001440s ]
INFO: [ view_end ] --END-- [ RunTime:0.001530s ]

[ 2013-11-22T16:40:50+08:00 ] 0.0.0.0 /jianliapp/admin.php?s=/Index/index
INFO: [ route_check ] --START--
INFO: Run CheckRoute Behavior [ RunTime:0.001268s ]
INFO: [ route_check ] --END-- [ RunTime:0.001361s ]
INFO: [ app_begin ] --START--
INFO: Run ReadHtmlCache Behavior [ RunTime:0.000617s ]
INFO: [ app_begin ] --END-- [ RunTime:0.000662s ]
INFO: [ view_template ] --START--
INFO: Run LocationTemplate Behavior [ RunTime:0.000835s ]
INFO: [ view_template ] --END-- [ RunTime:0.000886s ]
INFO: [ view_parse ] --START--
INFO: Run ParseTemplate Behavior [ RunTime:0.006993s ]
INFO: [ view_parse ] --END-- [ RunTime:0.007050s ]
INFO: [ view_filter ] --START--
INFO: Run ContentReplace Behavior [ RunTime:0.000494s ]
INFO: Run TokenBuild Behavior [ RunTime:0.000473s ]
INFO: Run WriteHtmlCache Behavior [ RunTime:0.000376s ]
INFO: Run ShowRuntime Behavior [ RunTime:0.000519s ]
INFO: [ view_filter ] --END-- [ RunTime:0.001968s ]
INFO: [ view_end ] --START--
INFO: Run ShowPageTrace Behavior [ RunTime:0.000703s ]
INFO: [ view_end ] --END-- [ RunTime:0.000741s ]

[ 2013-11-22T16:40:52+08:00 ] 0.0.0.0 /jianliapp/admin.php?s=/Company/company
INFO: [ route_check ] --START--
INFO: Run CheckRoute Behavior [ RunTime:0.000830s ]
INFO: [ route_check ] --END-- [ RunTime:0.000894s ]
INFO: [ app_begin ] --START--
INFO: Run ReadHtmlCache Behavior [ RunTime:0.000579s ]
INFO: [ app_begin ] --END-- [ RunTime:0.000620s ]
SQL: SHOW COLUMNS FROM `tb_company` [ RunTime:0.003854s ]
SQL: SELECT COUNT(*) AS tp_count FROM `tb_company` WHERE ( `status` = 0 ) AND ( `appid` = 1 ) LIMIT 1   [ RunTime:0.000643s ]
SQL: SELECT * FROM `tb_company` WHERE ( `status` = 0 ) AND ( `appid` = 1 ) ORDER BY createtime desc LIMIT 0,5   [ RunTime:0.000807s ]
INFO: [ view_template ] --START--
INFO: Run LocationTemplate Behavior [ RunTime:0.001359s ]
INFO: [ view_template ] --END-- [ RunTime:0.001442s ]
INFO: [ view_parse ] --START--
NOTIC: [8] Undefined variable: Title F:\www\jianliapp\Home\Admin\Runtime\Cache\3dbb8342dba5dceca89a4b04b0753a77.php 第 9 行.
INFO: Run ParseTemplate Behavior [ RunTime:0.014079s ]
INFO: [ view_parse ] --END-- [ RunTime:0.014153s ]
INFO: [ view_filter ] --START--
INFO: Run ContentReplace Behavior [ RunTime:0.000949s ]
INFO: Run TokenBuild Behavior [ RunTime:0.001165s ]
INFO: Run WriteHtmlCache Behavior [ RunTime:0.000725s ]
INFO: Run ShowRuntime Behavior [ RunTime:0.001342s ]
INFO: [ view_filter ] --END-- [ RunTime:0.004425s ]
INFO: [ view_end ] --START--
INFO: Run ShowPageTrace Behavior [ RunTime:0.000970s ]
INFO: [ view_end ] --END-- [ RunTime:0.001034s ]

[ 2013-11-22T16:40:52+08:00 ] 0.0.0.0 /jianliapp/admin.php?s=/Index/top
INFO: [ route_check ] --START--
INFO: Run CheckRoute Behavior [ RunTime:0.000845s ]
INFO: [ route_check ] --END-- [ RunTime:0.000918s ]
INFO: [ app_begin ] --START--
INFO: Run ReadHtmlCache Behavior [ RunTime:0.001018s ]
INFO: [ app_begin ] --END-- [ RunTime:0.001717s ]
INFO: [ view_template ] --START--
INFO: Run LocationTemplate Behavior [ RunTime:0.001140s ]
INFO: [ view_template ] --END-- [ RunTime:0.001837s ]
INFO: [ view_parse ] --START--
NOTIC: [8] Undefined variable: Title F:\www\jianliapp\Home\Admin\Runtime\Cache\3fa9528951f49840cd6db1fb79fa06a4.php 第 9 行.
INFO: Run ParseTemplate Behavior [ RunTime:0.010638s ]
INFO: [ view_parse ] --END-- [ RunTime:0.010695s ]
INFO: [ view_filter ] --START--
INFO: Run ContentReplace Behavior [ RunTime:0.000597s ]
INFO: Run TokenBuild Behavior [ RunTime:0.000513s ]
INFO: Run WriteHtmlCache Behavior [ RunTime:0.000392s ]
INFO: Run ShowRuntime Behavior [ RunTime:0.000561s ]
INFO: [ view_filter ] --END-- [ RunTime:0.002185s ]
INFO: [ view_end ] --START--
INFO: Run ShowPageTrace Behavior [ RunTime:0.000691s ]
INFO: [ view_end ] --END-- [ RunTime:0.000734s ]

[ 2013-11-22T16:40:52+08:00 ] 0.0.0.0 /jianliapp/admin.php?s=/Index/left
INFO: [ route_check ] --START--
INFO: Run CheckRoute Behavior [ RunTime:0.001396s ]
INFO: [ route_check ] --END-- [ RunTime:0.001469s ]
INFO: [ app_begin ] --START--
INFO: Run ReadHtmlCache Behavior [ RunTime:0.000609s ]
INFO: [ app_begin ] --END-- [ RunTime:0.000649s ]
INFO: [ view_template ] --START--
INFO: Run LocationTemplate Behavior [ RunTime:0.009704s ]
INFO: [ view_template ] --END-- [ RunTime:0.011057s ]
INFO: [ view_parse ] --START--
NOTIC: [8] Undefined variable: Title F:\www\jianliapp\Home\Admin\Runtime\Cache\37143eef06b0f455826c39b692c7c0cc.php 第 9 行.
INFO: Run ParseTemplate Behavior [ RunTime:0.012343s ]
INFO: [ view_parse ] --END-- [ RunTime:0.012396s ]
INFO: [ view_filter ] --START--
INFO: Run ContentReplace Behavior [ RunTime:0.000561s ]
INFO: Run TokenBuild Behavior [ RunTime:0.000475s ]
INFO: Run WriteHtmlCache Behavior [ RunTime:0.000379s ]
INFO: Run ShowRuntime Behavior [ RunTime:0.000518s ]
INFO: [ view_filter ] --END-- [ RunTime:0.002041s ]
INFO: [ view_end ] --START--
INFO: Run ShowPageTrace Behavior [ RunTime:0.000628s ]
INFO: [ view_end ] --END-- [ RunTime:0.000665s ]

[ 2013-11-22T16:46:06+08:00 ] 0.0.0.0 /jianliapp/admin.php?s=/Score/fresh
INFO: [ route_check ] --START--
INFO: Run CheckRoute Behavior [ RunTime:0.001172s ]
INFO: [ route_check ] --END-- [ RunTime:0.001250s ]
INFO: [ app_begin ] --START--
INFO: Run ReadHtmlCache Behavior [ RunTime:0.000869s ]
INFO: [ app_begin ] --END-- [ RunTime:0.000925s ]
SQL: SHOW COLUMNS FROM `tb_score` [ RunTime:0.002175s ]
SQL: SELECT  type,target,usertype ,avg(score) avgs,count(*) amount FROM `tb_score` where isreal=1  group by type,target,usertype [ RunTime:0.000569s ]
SQL: SHOW COLUMNS FROM `tb_company` [ RunTime:0.002415s ]
SQL: UPDATE `tb_company` SET `score_owner`='7.00000',`score_owner_count`=1 WHERE ( `id` = 2 ) AND ( `appid` = 1 ) [ RunTime:0.000298s ]
SQL: UPDATE `tb_company` SET `score_expert`='1.00000',`score_expert_count`=2 WHERE ( `id` = 2 ) AND ( `appid` = 1 ) [ RunTime:0.000131s ]
SQL: UPDATE `tb_company` SET `score_expert`='1.00000',`score_expert_count`=2 WHERE ( `id` = 3 ) AND ( `appid` = 1 ) [ RunTime:0.000132s ]
SQL: SHOW COLUMNS FROM `tb_construction` [ RunTime:0.002377s ]
SQL: UPDATE `tb_construction` SET `score_owner`='6.00000',`score_owner_count`=2 WHERE ( `id` = 14 ) AND ( `appid` = 1 ) [ RunTime:0.000285s ]
SQL: UPDATE `tb_construction` SET `score_expert`='5.00000',`score_expert_count`=1 WHERE ( `id` = 14 ) AND ( `appid` = 1 ) [ RunTime:0.000143s ]
SQL: UPDATE `tb_construction` SET `score_owner`='5.00000',`score_owner_count`=1 WHERE ( `id` = 15 ) AND ( `appid` = 1 ) [ RunTime:0.000121s ]
SQL: SHOW COLUMNS FROM `tb_case` [ RunTime:0.002514s ]
SQL: UPDATE `tb_case` SET `score_owner`='7.00000',`score_owner_count`=1 WHERE ( `id` = 14 ) AND ( `appid` = 1 ) [ RunTime:0.000830s ]
SQL: UPDATE `tb_case` SET `score_owner`='7.50000',`score_owner_count`=2 WHERE ( `id` = 15 ) AND ( `appid` = 1 ) [ RunTime:0.000208s ]
SQL: UPDATE `tb_case` SET `score_expert`='7.00000',`score_expert_count`=1 WHERE ( `id` = 15 ) AND ( `appid` = 1 ) [ RunTime:0.000130s ]
SQL: UPDATE `tb_case` SET `score_owner`='5.00000',`score_owner_count`=2 WHERE ( `id` = 17 ) AND ( `appid` = 1 ) [ RunTime:0.000116s ]
SQL: UPDATE `tb_case` SET `score_owner`='8.00000',`score_owner_count`=1 WHERE ( `id` = 18 ) AND ( `appid` = 1 ) [ RunTime:0.000146s ]
SQL: UPDATE `tb_case` SET `score_expert`='8.00000',`score_expert_count`=1 WHERE ( `id` = 18 ) AND ( `appid` = 1 ) [ RunTime:0.000118s ]
SQL: SELECT  type,target,avg(score) avgs FROM `tb_score` where isreal=1 group by type,target [ RunTime:0.000436s ]
SQL: UPDATE `tb_company` SET `score_complex`='3.00000' WHERE ( `id` = 2 ) AND ( `appid` = 1 ) [ RunTime:0.000198s ]
SQL: UPDATE `tb_company` SET `score_complex`='1.00000' WHERE ( `id` = 3 ) AND ( `appid` = 1 ) [ RunTime:0.000125s ]
SQL: UPDATE `tb_construction` SET `score_complex`='5.66667' WHERE ( `id` = 14 ) AND ( `appid` = 1 ) [ RunTime:0.000126s ]
SQL: UPDATE `tb_construction` SET `score_complex`='5.00000' WHERE ( `id` = 15 ) AND ( `appid` = 1 ) [ RunTime:0.000114s ]
SQL: UPDATE `tb_case` SET `score_complex`='7.00000' WHERE ( `id` = 14 ) AND ( `appid` = 1 ) [ RunTime:0.000117s ]
SQL: UPDATE `tb_case` SET `score_complex`='7.33333' WHERE ( `id` = 15 ) AND ( `appid` = 1 ) [ RunTime:0.000121s ]
SQL: UPDATE `tb_case` SET `score_complex`='5.00000' WHERE ( `id` = 17 ) AND ( `appid` = 1 ) [ RunTime:0.000116s ]
SQL: UPDATE `tb_case` SET `score_complex`='8.00000' WHERE ( `id` = 18 ) AND ( `appid` = 1 ) [ RunTime:0.000122s ]
INFO: [ view_template ] --START--
INFO: Run LocationTemplate Behavior [ RunTime:0.001090s ]
INFO: [ view_template ] --END-- [ RunTime:0.001146s ]
INFO: [ view_parse ] --START--
NOTIC: [8] Undefined variable: Title F:\www\jianliapp\Home\Admin\Runtime\Cache\25e16930de30c2eddf3898c44ac6a012.php 第 9 行.
INFO: Run ParseTemplate Behavior [ RunTime:0.009409s ]
INFO: [ view_parse ] --END-- [ RunTime:0.009458s ]
INFO: [ view_filter ] --START--
INFO: Run ContentReplace Behavior [ RunTime:0.000519s ]
INFO: Run TokenBuild Behavior [ RunTime:0.000464s ]
INFO: Run WriteHtmlCache Behavior [ RunTime:0.000379s ]
INFO: Run ShowRuntime Behavior [ RunTime:0.000517s ]
INFO: [ view_filter ] --END-- [ RunTime:0.001987s ]
INFO: [ view_end ] --START--
INFO: Run ShowPageTrace Behavior [ RunTime:0.000636s ]
INFO: [ view_end ] --END-- [ RunTime:0.000675s ]

[ 2013-11-22T16:46:08+08:00 ] ERR: (ThinkException) 非法操作:freshscore
[ 2013-11-22T16:48:41+08:00 ] 0.0.0.0 /jianliapp/admin.php?s=/Score/fresh
INFO: [ route_check ] --START--
INFO: Run CheckRoute Behavior [ RunTime:0.001312s ]
INFO: [ route_check ] --END-- [ RunTime:0.001415s ]
INFO: [ app_begin ] --START--
INFO: Run ReadHtmlCache Behavior [ RunTime:0.001016s ]
INFO: [ app_begin ] --END-- [ RunTime:0.001087s ]
SQL: SHOW COLUMNS FROM `tb_score` [ RunTime:0.003027s ]
SQL: SELECT  type,target,usertype ,avg(score) avgs,count(*) amount FROM `tb_score` where isreal=1  group by type,target,usertype [ RunTime:0.000885s ]
SQL: SHOW COLUMNS FROM `tb_company` [ RunTime:0.003628s ]
SQL: UPDATE `tb_company` SET `score_owner`='7.00000',`score_owner_count`=1 WHERE ( `id` = 2 ) AND ( `appid` = 1 ) [ RunTime:0.000511s ]
SQL: UPDATE `tb_company` SET `score_expert`='1.00000',`score_expert_count`=2 WHERE ( `id` = 2 ) AND ( `appid` = 1 ) [ RunTime:0.000482s ]
SQL: UPDATE `tb_company` SET `score_expert`='1.00000',`score_expert_count`=2 WHERE ( `id` = 3 ) AND ( `appid` = 1 ) [ RunTime:0.000470s ]
SQL: SHOW COLUMNS FROM `tb_construction` [ RunTime:0.003238s ]
SQL: UPDATE `tb_construction` SET `score_owner`='6.00000',`score_owner_count`=2 WHERE ( `id` = 14 ) AND ( `appid` = 1 ) [ RunTime:0.000504s ]
SQL: UPDATE `tb_construction` SET `score_expert`='5.00000',`score_expert_count`=1 WHERE ( `id` = 14 ) AND ( `appid` = 1 ) [ RunTime:0.000481s ]
SQL: UPDATE `tb_construction` SET `score_owner`='5.00000',`score_owner_count`=1 WHERE ( `id` = 15 ) AND ( `appid` = 1 ) [ RunTime:0.000486s ]
SQL: SHOW COLUMNS FROM `tb_case` [ RunTime:0.004038s ]
SQL: UPDATE `tb_case` SET `score_owner`='7.00000',`score_owner_count`=1 WHERE ( `id` = 14 ) AND ( `appid` = 1 ) [ RunTime:0.000444s ]
SQL: UPDATE `tb_case` SET `score_owner`='7.50000',`score_owner_count`=2 WHERE ( `id` = 15 ) AND ( `appid` = 1 ) [ RunTime:0.000500s ]
SQL: UPDATE `tb_case` SET `score_expert`='7.00000',`score_expert_count`=1 WHERE ( `id` = 15 ) AND ( `appid` = 1 ) [ RunTime:0.000476s ]
SQL: UPDATE `tb_case` SET `score_owner`='5.00000',`score_owner_count`=2 WHERE ( `id` = 17 ) AND ( `appid` = 1 ) [ RunTime:0.000560s ]
SQL: UPDATE `tb_case` SET `score_owner`='8.00000',`score_owner_count`=1 WHERE ( `id` = 18 ) AND ( `appid` = 1 ) [ RunTime:0.000284s ]
SQL: UPDATE `tb_case` SET `score_expert`='8.00000',`score_expert_count`=1 WHERE ( `id` = 18 ) AND ( `appid` = 1 ) [ RunTime:0.000241s ]
SQL: SELECT  type,target,avg(score) avgs FROM `tb_score` where isreal=1 group by type,target [ RunTime:0.000693s ]
SQL: UPDATE `tb_company` SET `score_complex`='3.00000' WHERE ( `id` = 2 ) AND ( `appid` = 1 ) [ RunTime:0.000354s ]
SQL: UPDATE `tb_company` SET `score_complex`='1.00000' WHERE ( `id` = 3 ) AND ( `appid` = 1 ) [ RunTime:0.000372s ]
SQL: UPDATE `tb_construction` SET `score_complex`='5.66667' WHERE ( `id` = 14 ) AND ( `appid` = 1 ) [ RunTime:0.000379s ]
SQL: UPDATE `tb_construction` SET `score_complex`='5.00000' WHERE ( `id` = 15 ) AND ( `appid` = 1 ) [ RunTime:0.000233s ]
SQL: UPDATE `tb_case` SET `score_complex`='7.00000' WHERE ( `id` = 14 ) AND ( `appid` = 1 ) [ RunTime:0.000329s ]
SQL: UPDATE `tb_case` SET `score_complex`='7.33333' WHERE ( `id` = 15 ) AND ( `appid` = 1 ) [ RunTime:0.000385s ]
SQL: UPDATE `tb_case` SET `score_complex`='5.00000' WHERE ( `id` = 17 ) AND ( `appid` = 1 ) [ RunTime:0.000396s ]
SQL: UPDATE `tb_case` SET `score_complex`='8.00000' WHERE ( `id` = 18 ) AND ( `appid` = 1 ) [ RunTime:0.000385s ]
INFO: [ view_template ] --START--
INFO: Run LocationTemplate Behavior [ RunTime:0.000988s ]
INFO: [ view_template ] --END-- [ RunTime:0.001036s ]
INFO: [ view_parse ] --START--
NOTIC: [8] Undefined variable: Title F:\www\jianliapp\Home\Admin\Runtime\Cache\25e16930de30c2eddf3898c44ac6a012.php 第 9 行.
INFO: Run ParseTemplate Behavior [ RunTime:0.009895s ]
INFO: [ view_parse ] --END-- [ RunTime:0.009943s ]
INFO: [ view_filter ] --START--
INFO: Run ContentReplace Behavior [ RunTime:0.000516s ]
INFO: Run TokenBuild Behavior [ RunTime:0.000472s ]
INFO: Run WriteHtmlCache Behavior [ RunTime:0.000386s ]
INFO: Run ShowRuntime Behavior [ RunTime:0.000516s ]
INFO: [ view_filter ] --END-- [ RunTime:0.001999s ]
INFO: [ view_end ] --START--
INFO: Run ShowPageTrace Behavior [ RunTime:0.000634s ]
INFO: [ view_end ] --END-- [ RunTime:0.000674s ]

