[ 2013-11-25T09:04:16+08:00 ] 0.0.0.0 /jianliapp/admin.php?s=/Manager/verify
INFO: [ route_check ] --START--
INFO: Run CheckRoute Behavior [ RunTime:0.000779s ]
INFO: [ route_check ] --END-- [ RunTime:0.000842s ]
INFO: [ app_begin ] --START--
INFO: Run ReadHtmlCache Behavior [ RunTime:0.000641s ]
INFO: [ app_begin ] --END-- [ RunTime:0.000688s ]
SQL: SHOW COLUMNS FROM `tb_manager` [ RunTime:0.004498s ]

[ 2013-11-25T09:04:28+08:00 ] 0.0.0.0 /jianliapp/admin.php?s=/Manager/login
INFO: [ route_check ] --START--
INFO: Run CheckRoute Behavior [ RunTime:0.000944s ]
INFO: [ route_check ] --END-- [ RunTime:0.001022s ]
INFO: [ app_begin ] --START--
INFO: Run ReadHtmlCache Behavior [ RunTime:0.000763s ]
INFO: [ app_begin ] --END-- [ RunTime:0.000816s ]
SQL: SHOW COLUMNS FROM `tb_manager` [ RunTime:0.002056s ]
SQL: SELECT * FROM `tb_manager` WHERE ( `account` = 'admin' ) AND ( `appid` = 1 ) AND ( `status` = 0 ) LIMIT 1   [ RunTime:0.037750s ]
INFO: [ view_template ] --START--
INFO: Run LocationTemplate Behavior [ RunTime:0.030114s ]
INFO: [ view_template ] --END-- [ RunTime:0.030300s ]
INFO: [ view_parse ] --START--
NOTIC: [8] Undefined variable: Title F:\www\jianliapp\Home\Admin\Runtime\Cache\25e16930de30c2eddf3898c44ac6a012.php 第 9 行.
INFO: Run ParseTemplate Behavior [ RunTime:0.068396s ]
INFO: [ view_parse ] --END-- [ RunTime:0.068556s ]
INFO: [ view_filter ] --START--
INFO: Run ContentReplace Behavior [ RunTime:0.001575s ]
INFO: Run TokenBuild Behavior [ RunTime:0.001453s ]
INFO: Run WriteHtmlCache Behavior [ RunTime:0.001102s ]
INFO: Run ShowRuntime Behavior [ RunTime:0.001635s ]
INFO: [ view_filter ] --END-- [ RunTime:0.006151s ]
INFO: [ view_end ] --START--
INFO: Run ShowPageTrace Behavior [ RunTime:0.002533s ]
INFO: [ view_end ] --END-- [ RunTime:0.002702s ]

[ 2013-11-25T09:04:30+08:00 ] 0.0.0.0 /jianliapp/admin.php?s=/Index/index
INFO: [ route_check ] --START--
INFO: Run CheckRoute Behavior [ RunTime:0.001161s ]
INFO: [ route_check ] --END-- [ RunTime:0.001239s ]
INFO: [ app_begin ] --START--
INFO: Run ReadHtmlCache Behavior [ RunTime:0.000801s ]
INFO: [ app_begin ] --END-- [ RunTime:0.000853s ]
INFO: [ view_template ] --START--
INFO: Run LocationTemplate Behavior [ RunTime:0.011517s ]
INFO: [ view_template ] --END-- [ RunTime:0.011592s ]
INFO: [ view_parse ] --START--
INFO: Run ParseTemplate Behavior [ RunTime:0.010439s ]
INFO: [ view_parse ] --END-- [ RunTime:0.010498s ]
INFO: [ view_filter ] --START--
INFO: Run ContentReplace Behavior [ RunTime:0.000491s ]
INFO: Run TokenBuild Behavior [ RunTime:0.000484s ]
INFO: Run WriteHtmlCache Behavior [ RunTime:0.000379s ]
INFO: Run ShowRuntime Behavior [ RunTime:0.000806s ]
INFO: [ view_filter ] --END-- [ RunTime:0.002289s ]
INFO: [ view_end ] --START--
INFO: Run ShowPageTrace Behavior [ RunTime:0.000921s ]
INFO: [ view_end ] --END-- [ RunTime:0.001010s ]

[ 2013-11-25T09:04:30+08:00 ] 0.0.0.0 /jianliapp/admin.php?s=/Index/left
INFO: [ route_check ] --START--
INFO: Run CheckRoute Behavior [ RunTime:0.001047s ]
INFO: [ route_check ] --END-- [ RunTime:0.001116s ]
INFO: [ app_begin ] --START--
INFO: Run ReadHtmlCache Behavior [ RunTime:0.000647s ]
INFO: [ app_begin ] --END-- [ RunTime:0.000690s ]
INFO: [ view_template ] --START--
INFO: Run LocationTemplate Behavior [ RunTime:0.000871s ]
INFO: [ view_template ] --END-- [ RunTime:0.000932s ]
INFO: [ view_parse ] --START--
NOTIC: [8] Undefined variable: Title F:\www\jianliapp\Home\Admin\Runtime\Cache\37143eef06b0f455826c39b692c7c0cc.php 第 9 行.
INFO: Run ParseTemplate Behavior [ RunTime:0.034022s ]
INFO: [ view_parse ] --END-- [ RunTime:0.034070s ]
INFO: [ view_filter ] --START--
INFO: Run ContentReplace Behavior [ RunTime:0.000685s ]
INFO: Run TokenBuild Behavior [ RunTime:0.000609s ]
INFO: Run WriteHtmlCache Behavior [ RunTime:0.000417s ]
INFO: Run ShowRuntime Behavior [ RunTime:0.000595s ]
INFO: [ view_filter ] --END-- [ RunTime:0.002422s ]
INFO: [ view_end ] --START--
INFO: Run ShowPageTrace Behavior [ RunTime:0.000677s ]
INFO: [ view_end ] --END-- [ RunTime:0.000752s ]

[ 2013-11-25T09:04:31+08:00 ] 0.0.0.0 /jianliapp/admin.php?s=/Company/company
INFO: [ route_check ] --START--
INFO: Run CheckRoute Behavior [ RunTime:0.000957s ]
INFO: [ route_check ] --END-- [ RunTime:0.001038s ]
INFO: [ app_begin ] --START--
INFO: Run ReadHtmlCache Behavior [ RunTime:0.000640s ]
INFO: [ app_begin ] --END-- [ RunTime:0.000681s ]
SQL: SHOW COLUMNS FROM `tb_company` [ RunTime:0.068149s ]
SQL: SELECT COUNT(*) AS tp_count FROM `tb_company` WHERE ( `status` = 0 ) AND ( `appid` = 1 ) LIMIT 1   [ RunTime:0.023868s ]
SQL: SELECT * FROM `tb_company` WHERE ( `status` = 0 ) AND ( `appid` = 1 ) ORDER BY createtime desc LIMIT 0,5   [ RunTime:0.001346s ]
INFO: [ view_template ] --START--
INFO: Run LocationTemplate Behavior [ RunTime:0.035159s ]
INFO: [ view_template ] --END-- [ RunTime:0.035358s ]
INFO: [ view_parse ] --START--
NOTIC: [8] Undefined variable: Title F:\www\jianliapp\Home\Admin\Runtime\Cache\3dbb8342dba5dceca89a4b04b0753a77.php 第 9 行.
INFO: Run ParseTemplate Behavior [ RunTime:0.057876s ]
INFO: [ view_parse ] --END-- [ RunTime:0.057984s ]
INFO: [ view_filter ] --START--
INFO: Run ContentReplace Behavior [ RunTime:0.001183s ]
INFO: Run TokenBuild Behavior [ RunTime:0.000796s ]
INFO: Run WriteHtmlCache Behavior [ RunTime:0.000597s ]
INFO: Run ShowRuntime Behavior [ RunTime:0.000815s ]
INFO: [ view_filter ] --END-- [ RunTime:0.003578s ]
INFO: [ view_end ] --START--
INFO: Run ShowPageTrace Behavior [ RunTime:0.001105s ]
INFO: [ view_end ] --END-- [ RunTime:0.001171s ]

[ 2013-11-25T09:04:31+08:00 ] 0.0.0.0 /jianliapp/admin.php?s=/Index/top
INFO: [ route_check ] --START--
INFO: Run CheckRoute Behavior [ RunTime:0.000796s ]
INFO: [ route_check ] --END-- [ RunTime:0.000861s ]
INFO: [ app_begin ] --START--
INFO: Run ReadHtmlCache Behavior [ RunTime:0.000576s ]
INFO: [ app_begin ] --END-- [ RunTime:0.000617s ]
INFO: [ view_template ] --START--
INFO: Run LocationTemplate Behavior [ RunTime:0.000738s ]
INFO: [ view_template ] --END-- [ RunTime:0.000830s ]
INFO: [ view_parse ] --START--
NOTIC: [8] Undefined variable: Title F:\www\jianliapp\Home\Admin\Runtime\Cache\3fa9528951f49840cd6db1fb79fa06a4.php 第 9 行.
INFO: Run ParseTemplate Behavior [ RunTime:0.047425s ]
INFO: [ view_parse ] --END-- [ RunTime:0.047472s ]
INFO: [ view_filter ] --START--
INFO: Run ContentReplace Behavior [ RunTime:0.000447s ]
INFO: Run TokenBuild Behavior [ RunTime:0.000375s ]
INFO: Run WriteHtmlCache Behavior [ RunTime:0.000295s ]
INFO: Run ShowRuntime Behavior [ RunTime:0.000425s ]
INFO: [ view_filter ] --END-- [ RunTime:0.001644s ]
INFO: [ view_end ] --START--
INFO: Run ShowPageTrace Behavior [ RunTime:0.000657s ]
INFO: [ view_end ] --END-- [ RunTime:0.000699s ]

[ 2013-11-25T09:12:11+08:00 ] 0.0.0.0 /jianliapp/admin.php?s=/Company/addnew
INFO: [ route_check ] --START--
INFO: Run CheckRoute Behavior [ RunTime:0.001920s ]
INFO: [ route_check ] --END-- [ RunTime:0.002030s ]
INFO: [ app_begin ] --START--
INFO: Run ReadHtmlCache Behavior [ RunTime:0.001504s ]
INFO: [ app_begin ] --END-- [ RunTime:0.001571s ]
SQL: SHOW COLUMNS FROM `tb_company` [ RunTime:0.011339s ]
SQL: SHOW COLUMNS FROM `tb_manager` [ RunTime:0.008663s ]
SQL: SELECT * FROM `tb_manager` WHERE ( `account` = 'hhddss' ) AND ( `appid` = 1 ) LIMIT 1   [ RunTime:0.001236s ]
SQL: SELECT * FROM `tb_manager` WHERE ( `account` = 'hhddss' ) AND ( `appid` = 1 ) LIMIT 1   [ RunTime:0.000982s ]
SQL: INSERT INTO `tb_manager` (`account`,`password`,`type`,`appid`,`createtime`) VALUES ('hhddss','b2ef9c7b10eb0985365f913420ccb84a',2,1,1385341931) [ RunTime:0.000798s ]
SQL: SELECT * FROM `tb_manager` WHERE ( `id` = 3 ) AND ( `appid` = 1 ) LIMIT 1   [ RunTime:0.000969s ]
SQL: SELECT * FROM `tb_company` WHERE ( `name` = 'hds' ) AND ( `appid` = 1 ) LIMIT 1   [ RunTime:0.001379s ]
SQL: SELECT * FROM `tb_company` WHERE ( `name` = 'hds' ) AND ( `appid` = 1 ) LIMIT 1   [ RunTime:0.001115s ]
SQL: INSERT INTO `tb_company` (`name`,`mid`,`appid`,`createtime`) VALUES ('hds',3,1,1385341931) [ RunTime:0.000814s ]
SQL: SELECT * FROM `tb_company` WHERE ( `id` = 16 ) AND ( `appid` = 1 ) LIMIT 1   [ RunTime:0.001120s ]
INFO: [ view_template ] --START--
INFO: Run LocationTemplate Behavior [ RunTime:0.005316s ]
INFO: [ view_template ] --END-- [ RunTime:0.005509s ]
INFO: [ view_parse ] --START--
NOTIC: [8] Undefined variable: Title F:\www\jianliapp\Home\Admin\Runtime\Cache\25e16930de30c2eddf3898c44ac6a012.php 第 9 行.
INFO: Run ParseTemplate Behavior [ RunTime:0.022737s ]
INFO: [ view_parse ] --END-- [ RunTime:0.022861s ]
INFO: [ view_filter ] --START--
INFO: Run ContentReplace Behavior [ RunTime:0.001200s ]
INFO: Run TokenBuild Behavior [ RunTime:0.001020s ]
INFO: Run WriteHtmlCache Behavior [ RunTime:0.001057s ]
INFO: Run ShowRuntime Behavior [ RunTime:0.001089s ]
INFO: [ view_filter ] --END-- [ RunTime:0.004562s ]
INFO: [ view_end ] --START--
INFO: Run ShowPageTrace Behavior [ RunTime:0.001234s ]
INFO: [ view_end ] --END-- [ RunTime:0.001299s ]

[ 2013-11-25T09:15:40+08:00 ] 0.0.0.0 /jianliapp/admin.php?s=/Company/addnew
INFO: [ route_check ] --START--
INFO: Run CheckRoute Behavior [ RunTime:0.001191s ]
INFO: [ route_check ] --END-- [ RunTime:0.001269s ]
INFO: [ app_begin ] --START--
INFO: Run ReadHtmlCache Behavior [ RunTime:0.000944s ]
INFO: [ app_begin ] --END-- [ RunTime:0.000995s ]
SQL: SHOW COLUMNS FROM `tb_company` [ RunTime:0.002905s ]
SQL: SHOW COLUMNS FROM `tb_manager` [ RunTime:0.002591s ]
SQL: SELECT * FROM `tb_manager` WHERE ( `account` = 'add' ) AND ( `appid` = 1 ) LIMIT 1   [ RunTime:0.000566s ]
SQL: SELECT * FROM `tb_manager` WHERE ( `account` = 'add' ) AND ( `appid` = 1 ) LIMIT 1   [ RunTime:0.000586s ]
SQL: INSERT INTO `tb_manager` (`account`,`password`,`type`,`appid`,`createtime`) VALUES ('add','34ec78fcc91ffb1e54cd85e4a0924332',2,1,1385342140) [ RunTime:0.000379s ]
SQL: SELECT * FROM `tb_manager` WHERE ( `id` = 4 ) AND ( `appid` = 1 ) LIMIT 1   [ RunTime:0.000448s ]
SQL: SELECT * FROM `tb_company` WHERE ( `name` = 'add' ) AND ( `appid` = 1 ) LIMIT 1   [ RunTime:0.000547s ]
SQL: SELECT * FROM `tb_company` WHERE ( `name` = 'add' ) AND ( `appid` = 1 ) LIMIT 1   [ RunTime:0.000500s ]
SQL: INSERT INTO `tb_company` (`name`,`mid`,`appid`,`createtime`) VALUES ('add',4,1,1385342140) [ RunTime:0.000383s ]
SQL: SELECT * FROM `tb_company` WHERE ( `id` = 17 ) AND ( `appid` = 1 ) LIMIT 1   [ RunTime:0.000507s ]
INFO: [ view_template ] --START--
INFO: Run LocationTemplate Behavior [ RunTime:0.001218s ]
INFO: [ view_template ] --END-- [ RunTime:0.001265s ]
INFO: [ view_parse ] --START--
NOTIC: [8] Undefined variable: Title F:\www\jianliapp\Home\Admin\Runtime\Cache\25e16930de30c2eddf3898c44ac6a012.php 第 9 行.
INFO: Run ParseTemplate Behavior [ RunTime:0.009524s ]
INFO: [ view_parse ] --END-- [ RunTime:0.009576s ]
INFO: [ view_filter ] --START--
INFO: Run ContentReplace Behavior [ RunTime:0.000762s ]
INFO: Run TokenBuild Behavior [ RunTime:0.000611s ]
INFO: Run WriteHtmlCache Behavior [ RunTime:0.000522s ]
INFO: Run ShowRuntime Behavior [ RunTime:0.000751s ]
INFO: [ view_filter ] --END-- [ RunTime:0.002765s ]
INFO: [ view_end ] --START--
INFO: Run ShowPageTrace Behavior [ RunTime:0.000771s ]
INFO: [ view_end ] --END-- [ RunTime:0.000810s ]

[ 2013-11-25T09:18:28+08:00 ] 0.0.0.0 /jianliapp/admin.php?s=/Article/edit
INFO: [ route_check ] --START--
INFO: Run CheckRoute Behavior [ RunTime:0.001238s ]
INFO: [ route_check ] --END-- [ RunTime:0.001341s ]
INFO: [ app_begin ] --START--
INFO: Run ReadHtmlCache Behavior [ RunTime:0.001309s ]
INFO: [ app_begin ] --END-- [ RunTime:0.001402s ]
SQL: SHOW COLUMNS FROM `tb_article` [ RunTime:0.003761s ]
ERR: Table 'jianliapp.tb_article' doesn't exist
 [ SQL语句 ] : SHOW COLUMNS FROM `tb_article`
SQL: SELECT COUNT(*) AS tp_count FROM `tb_article` WHERE ( status = 0 ) LIMIT 1   [ RunTime:0.000727s ]
ERR: Table 'jianliapp.tb_article' doesn't exist
 [ SQL语句 ] : SELECT COUNT(*) AS tp_count FROM `tb_article` WHERE ( status = 0 ) LIMIT 1  
SQL: SELECT * FROM `tb_article` WHERE ( `status` = 0 ) AND ( `appid` = 1 ) ORDER BY createtime LIMIT 0,5   [ RunTime:0.000693s ]
ERR: Table 'jianliapp.tb_article' doesn't exist
 [ SQL语句 ] : SELECT * FROM `tb_article` WHERE ( `status` = 0 ) AND ( `appid` = 1 ) ORDER BY createtime LIMIT 0,5  
NOTIC: [2] Invalid argument supplied for foreach() F:\www\jianliapp\Home\Admin\Lib\Model\ArticleModel.class.php 第 22 行.
INFO: [ view_template ] --START--
INFO: Run LocationTemplate Behavior [ RunTime:0.001871s ]
INFO: [ view_template ] --END-- [ RunTime:0.001938s ]
INFO: [ view_parse ] --START--
NOTIC: [8] Undefined variable: Title F:\www\jianliapp\Home\Admin\Runtime\Cache\6943ab58b90dad5005859c360863f5df.php 第 9 行.
NOTIC: [8] Undefined variable: id F:\www\jianliapp\Home\Admin\Runtime\Cache\6943ab58b90dad5005859c360863f5df.php 第 110 行.
INFO: Run ParseTemplate Behavior [ RunTime:0.045316s ]
INFO: [ view_parse ] --END-- [ RunTime:0.045392s ]
INFO: [ view_filter ] --START--
INFO: Run ContentReplace Behavior [ RunTime:0.001020s ]
INFO: Run TokenBuild Behavior [ RunTime:0.000936s ]
INFO: Run WriteHtmlCache Behavior [ RunTime:0.000820s ]
INFO: Run ShowRuntime Behavior [ RunTime:0.001003s ]
INFO: [ view_filter ] --END-- [ RunTime:0.003947s ]
INFO: [ view_end ] --START--
INFO: Run ShowPageTrace Behavior [ RunTime:0.001191s ]
INFO: [ view_end ] --END-- [ RunTime:0.001251s ]

[ 2013-11-25T09:34:07+08:00 ] 0.0.0.0 /jianliapp/admin.php?s=/Article/edit
INFO: [ route_check ] --START--
INFO: Run CheckRoute Behavior [ RunTime:0.001360s ]
INFO: [ route_check ] --END-- [ RunTime:0.001446s ]
INFO: [ app_begin ] --START--
INFO: Run ReadHtmlCache Behavior [ RunTime:0.001027s ]
INFO: [ app_begin ] --END-- [ RunTime:0.001084s ]
SQL: SHOW COLUMNS FROM `tb_article` [ RunTime:0.007666s ]
ERR: Table 'jianliapp.tb_article' doesn't exist
 [ SQL语句 ] : SHOW COLUMNS FROM `tb_article`
SQL: SELECT COUNT(*) AS tp_count FROM `tb_article` WHERE ( status = 0 ) LIMIT 1   [ RunTime:0.001279s ]
ERR: Table 'jianliapp.tb_article' doesn't exist
 [ SQL语句 ] : SELECT COUNT(*) AS tp_count FROM `tb_article` WHERE ( status = 0 ) LIMIT 1  
SQL: SELECT * FROM `tb_article` WHERE ( `status` = 0 ) AND ( `appid` = 1 ) ORDER BY createtime LIMIT 0,5   [ RunTime:0.001172s ]
ERR: Table 'jianliapp.tb_article' doesn't exist
 [ SQL语句 ] : SELECT * FROM `tb_article` WHERE ( `status` = 0 ) AND ( `appid` = 1 ) ORDER BY createtime LIMIT 0,5  
NOTIC: [2] Invalid argument supplied for foreach() F:\www\jianliapp\Home\Admin\Lib\Model\ArticleModel.class.php 第 22 行.
INFO: [ view_template ] --START--
INFO: Run LocationTemplate Behavior [ RunTime:0.003844s ]
INFO: [ view_template ] --END-- [ RunTime:0.003984s ]
INFO: [ view_parse ] --START--
NOTIC: [8] Undefined variable: Title F:\www\jianliapp\Home\Admin\Runtime\Cache\6943ab58b90dad5005859c360863f5df.php 第 9 行.
NOTIC: [8] Undefined variable: id F:\www\jianliapp\Home\Admin\Runtime\Cache\6943ab58b90dad5005859c360863f5df.php 第 110 行.
INFO: Run ParseTemplate Behavior [ RunTime:0.020787s ]
INFO: [ view_parse ] --END-- [ RunTime:0.020933s ]
INFO: [ view_filter ] --START--
INFO: Run ContentReplace Behavior [ RunTime:0.001194s ]
INFO: Run TokenBuild Behavior [ RunTime:0.001372s ]
INFO: Run WriteHtmlCache Behavior [ RunTime:0.000891s ]
INFO: Run ShowRuntime Behavior [ RunTime:0.001074s ]
INFO: [ view_filter ] --END-- [ RunTime:0.004824s ]
INFO: [ view_end ] --START--
INFO: Run ShowPageTrace Behavior [ RunTime:0.001223s ]
INFO: [ view_end ] --END-- [ RunTime:0.001286s ]

[ 2013-11-25T09:38:02+08:00 ] 0.0.0.0 /jianliapp/admin.php?s=/Score/fresh
INFO: [ route_check ] --START--
INFO: Run CheckRoute Behavior [ RunTime:0.001413s ]
INFO: [ route_check ] --END-- [ RunTime:0.001508s ]
INFO: [ app_begin ] --START--
INFO: Run ReadHtmlCache Behavior [ RunTime:0.001104s ]
INFO: [ app_begin ] --END-- [ RunTime:0.001169s ]
SQL: SHOW COLUMNS FROM `tb_score` [ RunTime:0.008712s ]
SQL: SELECT  type,target,usertype ,avg(score) avgs,count(*) amount FROM `tb_score` where isreal=1  group by type,target,usertype [ RunTime:0.001563s ]
SQL: SHOW COLUMNS FROM `tb_company` [ RunTime:0.011745s ]
SQL: UPDATE `tb_company` SET `score_owner`='7.00000',`score_owner_count`=1 WHERE ( `id` = 2 ) AND ( `appid` = 1 ) [ RunTime:0.000865s ]
SQL: UPDATE `tb_company` SET `score_expert`='1.00000',`score_expert_count`=2 WHERE ( `id` = 2 ) AND ( `appid` = 1 ) [ RunTime:0.001165s ]
SQL: UPDATE `tb_company` SET `score_expert`='1.00000',`score_expert_count`=2 WHERE ( `id` = 3 ) AND ( `appid` = 1 ) [ RunTime:0.000641s ]
SQL: SHOW COLUMNS FROM `tb_construction` [ RunTime:0.004376s ]
SQL: UPDATE `tb_construction` SET `score_owner`='7.00000',`score_owner_count`=2 WHERE ( `id` = 14 ) AND ( `appid` = 1 ) [ RunTime:0.000592s ]
SQL: UPDATE `tb_construction` SET `score_expert`='7.00000',`score_expert_count`=1 WHERE ( `id` = 14 ) AND ( `appid` = 1 ) [ RunTime:0.000543s ]
SQL: UPDATE `tb_construction` SET `score_owner`='5.00000',`score_owner_count`=1 WHERE ( `id` = 15 ) AND ( `appid` = 1 ) [ RunTime:0.000504s ]
SQL: SHOW COLUMNS FROM `tb_case` [ RunTime:0.005234s ]
SQL: UPDATE `tb_case` SET `score_owner`='7.00000',`score_owner_count`=1 WHERE ( `id` = 14 ) AND ( `appid` = 1 ) [ RunTime:0.000473s ]
SQL: UPDATE `tb_case` SET `score_owner`='7.50000',`score_owner_count`=2 WHERE ( `id` = 15 ) AND ( `appid` = 1 ) [ RunTime:0.027715s ]
SQL: UPDATE `tb_case` SET `score_expert`='7.00000',`score_expert_count`=1 WHERE ( `id` = 15 ) AND ( `appid` = 1 ) [ RunTime:0.000482s ]
SQL: UPDATE `tb_case` SET `score_owner`='5.00000',`score_owner_count`=2 WHERE ( `id` = 17 ) AND ( `appid` = 1 ) [ RunTime:0.000520s ]
SQL: UPDATE `tb_case` SET `score_owner`='8.00000',`score_owner_count`=1 WHERE ( `id` = 18 ) AND ( `appid` = 1 ) [ RunTime:0.000492s ]
SQL: UPDATE `tb_case` SET `score_expert`='8.00000',`score_expert_count`=1 WHERE ( `id` = 18 ) AND ( `appid` = 1 ) [ RunTime:0.000479s ]
SQL: SELECT  type,target,avg(score) avgs FROM `tb_score` where isreal=1 group by type,target [ RunTime:0.000755s ]
SQL: UPDATE `tb_company` SET `score_complex`='3.00000' WHERE ( `id` = 2 ) AND ( `appid` = 1 ) [ RunTime:0.000439s ]
SQL: UPDATE `tb_company` SET `score_complex`='1.00000' WHERE ( `id` = 3 ) AND ( `appid` = 1 ) [ RunTime:0.000500s ]
SQL: UPDATE `tb_construction` SET `score_complex`='7.00000' WHERE ( `id` = 14 ) AND ( `appid` = 1 ) [ RunTime:0.000530s ]
SQL: UPDATE `tb_construction` SET `score_complex`='5.00000' WHERE ( `id` = 15 ) AND ( `appid` = 1 ) [ RunTime:0.000467s ]
SQL: UPDATE `tb_case` SET `score_complex`='7.00000' WHERE ( `id` = 14 ) AND ( `appid` = 1 ) [ RunTime:0.000477s ]
SQL: UPDATE `tb_case` SET `score_complex`='7.33333' WHERE ( `id` = 15 ) AND ( `appid` = 1 ) [ RunTime:0.000466s ]
SQL: UPDATE `tb_case` SET `score_complex`='5.00000' WHERE ( `id` = 17 ) AND ( `appid` = 1 ) [ RunTime:0.000625s ]
SQL: UPDATE `tb_case` SET `score_complex`='8.00000' WHERE ( `id` = 18 ) AND ( `appid` = 1 ) [ RunTime:0.000476s ]
INFO: [ view_template ] --START--
INFO: Run LocationTemplate Behavior [ RunTime:0.001667s ]
INFO: [ view_template ] --END-- [ RunTime:0.001740s ]
INFO: [ view_parse ] --START--
NOTIC: [8] Undefined variable: Title F:\www\jianliapp\Home\Admin\Runtime\Cache\25e16930de30c2eddf3898c44ac6a012.php 第 9 行.
INFO: Run ParseTemplate Behavior [ RunTime:0.014368s ]
INFO: [ view_parse ] --END-- [ RunTime:0.014442s ]
INFO: [ view_filter ] --START--
INFO: Run ContentReplace Behavior [ RunTime:0.000952s ]
INFO: Run TokenBuild Behavior [ RunTime:0.000881s ]
INFO: Run WriteHtmlCache Behavior [ RunTime:0.000756s ]
INFO: Run ShowRuntime Behavior [ RunTime:0.000977s ]
INFO: [ view_filter ] --END-- [ RunTime:0.003737s ]
INFO: [ view_end ] --START--
INFO: Run ShowPageTrace Behavior [ RunTime:0.001156s ]
INFO: [ view_end ] --END-- [ RunTime:0.001217s ]

[ 2013-11-25T09:42:31+08:00 ] 0.0.0.0 /jianliapp/admin.php?s=/Certification/cerList
INFO: [ route_check ] --START--
INFO: Run CheckRoute Behavior [ RunTime:0.001225s ]
INFO: [ route_check ] --END-- [ RunTime:0.001304s ]
INFO: [ app_begin ] --START--
INFO: Run ReadHtmlCache Behavior [ RunTime:0.001333s ]
INFO: [ app_begin ] --END-- [ RunTime:0.001592s ]
SQL: SHOW COLUMNS FROM `tb_certification` [ RunTime:0.010904s ]
SQL: SELECT COUNT(*) AS tp_count FROM `tb_certification` WHERE ( `status` = 0 ) AND ( `appid` = 1 ) LIMIT 1   [ RunTime:0.000792s ]
SQL: SELECT * FROM `tb_certification` WHERE ( `status` = 0 ) AND ( `appid` = 1 ) ORDER BY createtime desc LIMIT 0,5   [ RunTime:0.000932s ]
INFO: [ view_template ] --START--
INFO: Run LocationTemplate Behavior [ RunTime:0.004030s ]
INFO: [ view_template ] --END-- [ RunTime:0.004195s ]
INFO: [ view_parse ] --START--
NOTIC: [8] Undefined variable: Title F:\www\jianliapp\Home\Admin\Runtime\Cache\055ac6056e4f0bcd11d0997d227c9553.php 第 9 行.
INFO: Run ParseTemplate Behavior [ RunTime:0.046144s ]
INFO: [ view_parse ] --END-- [ RunTime:0.046242s ]
INFO: [ view_filter ] --START--
INFO: Run ContentReplace Behavior [ RunTime:0.000807s ]
INFO: Run TokenBuild Behavior [ RunTime:0.000696s ]
INFO: Run WriteHtmlCache Behavior [ RunTime:0.000938s ]
INFO: Run ShowRuntime Behavior [ RunTime:0.000812s ]
INFO: [ view_filter ] --END-- [ RunTime:0.003414s ]
INFO: [ view_end ] --START--
INFO: Run ShowPageTrace Behavior [ RunTime:0.000918s ]
INFO: [ view_end ] --END-- [ RunTime:0.000969s ]

[ 2013-11-25T10:02:18+08:00 ] 0.0.0.0 /jianliapp/admin.php?s=/User/userlist
INFO: [ route_check ] --START--
INFO: Run CheckRoute Behavior [ RunTime:0.001563s ]
INFO: [ route_check ] --END-- [ RunTime:0.001673s ]
INFO: [ app_begin ] --START--
INFO: Run ReadHtmlCache Behavior [ RunTime:0.001413s ]
INFO: [ app_begin ] --END-- [ RunTime:0.001499s ]
SQL: SHOW COLUMNS FROM `tb_user` [ RunTime:0.011043s ]
SQL: SELECT COUNT(*) AS tp_count FROM `tb_user` WHERE ( status = 0 ) LIMIT 1   [ RunTime:0.017291s ]
SQL: SELECT * FROM `tb_user` WHERE ( status = 0 ) ORDER BY createtime LIMIT 0,5   [ RunTime:0.000780s ]
INFO: [ view_template ] --START--
INFO: Run LocationTemplate Behavior [ RunTime:0.001887s ]
INFO: [ view_template ] --END-- [ RunTime:0.001961s ]
INFO: [ view_parse ] --START--
NOTIC: [8] Undefined variable: Title F:\www\jianliapp\Home\Admin\Runtime\Cache\0a220bfbaf9de7cfe24243968f008de6.php 第 9 行.
INFO: Run ParseTemplate Behavior [ RunTime:0.041791s ]
INFO: [ view_parse ] --END-- [ RunTime:0.041869s ]
INFO: [ view_filter ] --START--
INFO: Run ContentReplace Behavior [ RunTime:0.001063s ]
INFO: Run TokenBuild Behavior [ RunTime:0.000845s ]
INFO: Run WriteHtmlCache Behavior [ RunTime:0.000621s ]
INFO: Run ShowRuntime Behavior [ RunTime:0.000871s ]
INFO: [ view_filter ] --END-- [ RunTime:0.003573s ]
INFO: [ view_end ] --START--
INFO: Run ShowPageTrace Behavior [ RunTime:0.001530s ]
INFO: [ view_end ] --END-- [ RunTime:0.001629s ]

[ 2013-11-25T11:09:38+08:00 ] 0.0.0.0 /jianliapp/admin.php?s=/Manager/verify
INFO: [ route_check ] --START--
INFO: Run CheckRoute Behavior [ RunTime:0.000967s ]
INFO: [ route_check ] --END-- [ RunTime:0.001045s ]
INFO: [ app_begin ] --START--
INFO: Run ReadHtmlCache Behavior [ RunTime:0.000730s ]
INFO: [ app_begin ] --END-- [ RunTime:0.000774s ]
SQL: SHOW COLUMNS FROM `tb_manager` [ RunTime:0.004802s ]

[ 2013-11-25T11:09:42+08:00 ] 0.0.0.0 /jianliapp/admin.php?s=/Manager/verify
INFO: [ route_check ] --START--
INFO: Run CheckRoute Behavior [ RunTime:0.001132s ]
INFO: [ route_check ] --END-- [ RunTime:0.001219s ]
INFO: [ app_begin ] --START--
INFO: Run ReadHtmlCache Behavior [ RunTime:0.000875s ]
INFO: [ app_begin ] --END-- [ RunTime:0.000927s ]
SQL: SHOW COLUMNS FROM `tb_manager` [ RunTime:0.007821s ]

[ 2013-11-25T11:58:48+08:00 ] 0.0.0.0 /jianliapp/admin.php?s=/Manager/login
INFO: [ route_check ] --START--
INFO: Run CheckRoute Behavior [ RunTime:0.001176s ]
INFO: [ route_check ] --END-- [ RunTime:0.001260s ]
INFO: [ app_begin ] --START--
INFO: Run ReadHtmlCache Behavior [ RunTime:0.000727s ]
INFO: [ app_begin ] --END-- [ RunTime:0.000771s ]
SQL: SHOW COLUMNS FROM `tb_manager` [ RunTime:0.006096s ]
SQL: SELECT * FROM `tb_manager` WHERE ( `account` = 'admin' ) AND ( `appid` = 1 ) AND ( `status` = 0 ) LIMIT 1   [ RunTime:0.001216s ]
INFO: [ view_template ] --START--
INFO: Run LocationTemplate Behavior [ RunTime:0.002084s ]
INFO: [ view_template ] --END-- [ RunTime:0.002161s ]
INFO: [ view_parse ] --START--
NOTIC: [8] Undefined variable: Title F:\www\jianliapp\Home\Admin\Runtime\Cache\25e16930de30c2eddf3898c44ac6a012.php 第 9 行.
INFO: Run ParseTemplate Behavior [ RunTime:0.014839s ]
INFO: [ view_parse ] --END-- [ RunTime:0.014912s ]
INFO: [ view_filter ] --START--
INFO: Run ContentReplace Behavior [ RunTime:0.000968s ]
INFO: Run TokenBuild Behavior [ RunTime:0.000882s ]
INFO: Run WriteHtmlCache Behavior [ RunTime:0.000754s ]
INFO: Run ShowRuntime Behavior [ RunTime:0.000969s ]
INFO: [ view_filter ] --END-- [ RunTime:0.003743s ]
INFO: [ view_end ] --START--
INFO: Run ShowPageTrace Behavior [ RunTime:0.001146s ]
INFO: [ view_end ] --END-- [ RunTime:0.001205s ]

[ 2013-11-25T11:58:50+08:00 ] 0.0.0.0 /jianliapp/admin.php?s=/Index/index
INFO: [ route_check ] --START--
INFO: Run CheckRoute Behavior [ RunTime:0.001164s ]
INFO: [ route_check ] --END-- [ RunTime:0.001246s ]
INFO: [ app_begin ] --START--
INFO: Run ReadHtmlCache Behavior [ RunTime:0.000982s ]
INFO: [ app_begin ] --END-- [ RunTime:0.001046s ]
INFO: [ view_template ] --START--
INFO: Run LocationTemplate Behavior [ RunTime:0.001070s ]
INFO: [ view_template ] --END-- [ RunTime:0.001133s ]
INFO: [ view_parse ] --START--
INFO: Run ParseTemplate Behavior [ RunTime:0.009714s ]
INFO: [ view_parse ] --END-- [ RunTime:0.009782s ]
INFO: [ view_filter ] --START--
INFO: Run ContentReplace Behavior [ RunTime:0.000619s ]
INFO: Run TokenBuild Behavior [ RunTime:0.000588s ]
INFO: Run WriteHtmlCache Behavior [ RunTime:0.000483s ]
INFO: Run ShowRuntime Behavior [ RunTime:0.001054s ]
INFO: [ view_filter ] --END-- [ RunTime:0.002887s ]
INFO: [ view_end ] --START--
INFO: Run ShowPageTrace Behavior [ RunTime:0.000848s ]
INFO: [ view_end ] --END-- [ RunTime:0.000898s ]

[ 2013-11-25T11:58:50+08:00 ] 0.0.0.0 /jianliapp/admin.php?s=/Index/left
INFO: [ route_check ] --START--
INFO: Run CheckRoute Behavior [ RunTime:0.001245s ]
INFO: [ route_check ] --END-- [ RunTime:0.001347s ]
INFO: [ app_begin ] --START--
INFO: Run ReadHtmlCache Behavior [ RunTime:0.000815s ]
INFO: [ app_begin ] --END-- [ RunTime:0.000864s ]
INFO: [ view_template ] --START--
INFO: Run LocationTemplate Behavior [ RunTime:0.000837s ]
INFO: [ view_template ] --END-- [ RunTime:0.000890s ]
INFO: [ view_parse ] --START--
NOTIC: [8] Undefined variable: Title F:\www\jianliapp\Home\Admin\Runtime\Cache\37143eef06b0f455826c39b692c7c0cc.php 第 9 行.
INFO: Run ParseTemplate Behavior [ RunTime:0.009032s ]
INFO: [ view_parse ] --END-- [ RunTime:0.009082s ]
INFO: [ view_filter ] --START--
INFO: Run ContentReplace Behavior [ RunTime:0.001755s ]
INFO: Run TokenBuild Behavior [ RunTime:0.000622s ]
INFO: Run WriteHtmlCache Behavior [ RunTime:0.000505s ]
INFO: Run ShowRuntime Behavior [ RunTime:0.000621s ]
INFO: [ view_filter ] --END-- [ RunTime:0.003652s ]
INFO: [ view_end ] --START--
INFO: Run ShowPageTrace Behavior [ RunTime:0.000761s ]
INFO: [ view_end ] --END-- [ RunTime:0.000802s ]

[ 2013-11-25T11:58:50+08:00 ] 0.0.0.0 /jianliapp/admin.php?s=/Index/top
INFO: [ route_check ] --START--
INFO: Run CheckRoute Behavior [ RunTime:0.000869s ]
INFO: [ route_check ] --END-- [ RunTime:0.000959s ]
INFO: [ app_begin ] --START--
INFO: Run ReadHtmlCache Behavior [ RunTime:0.000660s ]
INFO: [ app_begin ] --END-- [ RunTime:0.000704s ]
INFO: [ view_template ] --START--
INFO: Run LocationTemplate Behavior [ RunTime:0.000697s ]
INFO: [ view_template ] --END-- [ RunTime:0.000749s ]
INFO: [ view_parse ] --START--
NOTIC: [8] Undefined variable: Title F:\www\jianliapp\Home\Admin\Runtime\Cache\3fa9528951f49840cd6db1fb79fa06a4.php 第 9 行.
INFO: Run ParseTemplate Behavior [ RunTime:0.009523s ]
INFO: [ view_parse ] --END-- [ RunTime:0.009572s ]
INFO: [ view_filter ] --START--
INFO: Run ContentReplace Behavior [ RunTime:0.000818s ]
INFO: Run TokenBuild Behavior [ RunTime:0.000536s ]
INFO: Run WriteHtmlCache Behavior [ RunTime:0.000430s ]
INFO: Run ShowRuntime Behavior [ RunTime:0.000536s ]
INFO: [ view_filter ] --END-- [ RunTime:0.002452s ]
INFO: [ view_end ] --START--
INFO: Run ShowPageTrace Behavior [ RunTime:0.000683s ]
INFO: [ view_end ] --END-- [ RunTime:0.000726s ]

[ 2013-11-25T11:58:51+08:00 ] 0.0.0.0 /jianliapp/admin.php?s=/Company/company
INFO: [ route_check ] --START--
INFO: Run CheckRoute Behavior [ RunTime:0.000807s ]
INFO: [ route_check ] --END-- [ RunTime:0.000879s ]
INFO: [ app_begin ] --START--
INFO: Run ReadHtmlCache Behavior [ RunTime:0.000579s ]
INFO: [ app_begin ] --END-- [ RunTime:0.000621s ]
SQL: SHOW COLUMNS FROM `tb_company` [ RunTime:0.010894s ]
SQL: SELECT COUNT(*) AS tp_count FROM `tb_company` WHERE ( `status` = 0 ) AND ( `appid` = 1 ) LIMIT 1   [ RunTime:0.000982s ]
SQL: SELECT * FROM `tb_company` WHERE ( `status` = 0 ) AND ( `appid` = 1 ) ORDER BY createtime desc LIMIT 0,5   [ RunTime:0.001236s ]
INFO: [ view_template ] --START--
INFO: Run LocationTemplate Behavior [ RunTime:0.003090s ]
INFO: [ view_template ] --END-- [ RunTime:0.003260s ]
INFO: [ view_parse ] --START--
NOTIC: [8] Undefined variable: Title F:\www\jianliapp\Home\Admin\Runtime\Cache\3dbb8342dba5dceca89a4b04b0753a77.php 第 9 行.
INFO: Run ParseTemplate Behavior [ RunTime:0.013045s ]
INFO: [ view_parse ] --END-- [ RunTime:0.013137s ]
INFO: [ view_filter ] --START--
INFO: Run ContentReplace Behavior [ RunTime:0.000607s ]
INFO: Run TokenBuild Behavior [ RunTime:0.000515s ]
INFO: Run WriteHtmlCache Behavior [ RunTime:0.000400s ]
INFO: Run ShowRuntime Behavior [ RunTime:0.000582s ]
INFO: [ view_filter ] --END-- [ RunTime:0.002236s ]
INFO: [ view_end ] --START--
INFO: Run ShowPageTrace Behavior [ RunTime:0.000787s ]
INFO: [ view_end ] --END-- [ RunTime:0.000837s ]

[ 2013-11-25T13:23:14+08:00 ] 0.0.0.0 /jianliapp/admin.php?s=/Manager/loginout
INFO: [ route_check ] --START--
INFO: Run CheckRoute Behavior [ RunTime:0.001027s ]
INFO: [ route_check ] --END-- [ RunTime:0.001107s ]
INFO: [ app_begin ] --START--
INFO: Run ReadHtmlCache Behavior [ RunTime:0.000683s ]
INFO: [ app_begin ] --END-- [ RunTime:0.000733s ]
SQL: SHOW COLUMNS FROM `tb_manager` [ RunTime:0.005371s ]
INFO: [ view_template ] --START--
INFO: Run LocationTemplate Behavior [ RunTime:0.001511s ]
INFO: [ view_template ] --END-- [ RunTime:0.001588s ]
INFO: [ view_parse ] --START--
NOTIC: [8] Undefined variable: Title F:\www\jianliapp\Home\Admin\Runtime\Cache\25e16930de30c2eddf3898c44ac6a012.php 第 9 行.
INFO: Run ParseTemplate Behavior [ RunTime:0.013846s ]
INFO: [ view_parse ] --END-- [ RunTime:0.013921s ]
INFO: [ view_filter ] --START--
INFO: Run ContentReplace Behavior [ RunTime:0.000699s ]
INFO: Run TokenBuild Behavior [ RunTime:0.000676s ]
INFO: Run WriteHtmlCache Behavior [ RunTime:0.000505s ]
INFO: Run ShowRuntime Behavior [ RunTime:0.000762s ]
INFO: [ view_filter ] --END-- [ RunTime:0.002816s ]
INFO: [ view_end ] --START--
INFO: Run ShowPageTrace Behavior [ RunTime:0.000942s ]
INFO: [ view_end ] --END-- [ RunTime:0.001003s ]

[ 2013-11-25T13:23:17+08:00 ] 0.0.0.0 /jianliapp/admin.php?s=/Manager/verify
INFO: [ route_check ] --START--
INFO: Run CheckRoute Behavior [ RunTime:0.000716s ]
INFO: [ route_check ] --END-- [ RunTime:0.000788s ]
INFO: [ app_begin ] --START--
INFO: Run ReadHtmlCache Behavior [ RunTime:0.000511s ]
INFO: [ app_begin ] --END-- [ RunTime:0.000552s ]
SQL: SHOW COLUMNS FROM `tb_manager` [ RunTime:0.004157s ]

[ 2013-11-25T13:23:41+08:00 ] 0.0.0.0 /jianliapp/admin.php?s=/Manager/verify
INFO: [ route_check ] --START--
INFO: Run CheckRoute Behavior [ RunTime:0.000978s ]
INFO: [ route_check ] --END-- [ RunTime:0.001058s ]
INFO: [ app_begin ] --START--
INFO: Run ReadHtmlCache Behavior [ RunTime:0.000614s ]
INFO: [ app_begin ] --END-- [ RunTime:0.000665s ]
SQL: SHOW COLUMNS FROM `tb_manager` [ RunTime:0.008467s ]

[ 2013-11-25T13:23:49+08:00 ] 0.0.0.0 /jianliapp/admin.php?s=/Manager/verify
INFO: [ route_check ] --START--
INFO: Run CheckRoute Behavior [ RunTime:0.000753s ]
INFO: [ route_check ] --END-- [ RunTime:0.000830s ]
INFO: [ app_begin ] --START--
INFO: Run ReadHtmlCache Behavior [ RunTime:0.000544s ]
INFO: [ app_begin ] --END-- [ RunTime:0.000588s ]
SQL: SHOW COLUMNS FROM `tb_manager` [ RunTime:0.007734s ]

[ 2013-11-25T13:25:02+08:00 ] 0.0.0.0 /jianliapp/admin.php?s=/Manager/verify
INFO: [ route_check ] --START--
INFO: Run CheckRoute Behavior [ RunTime:0.000919s ]
INFO: [ route_check ] --END-- [ RunTime:0.000999s ]
INFO: [ app_begin ] --START--
INFO: Run ReadHtmlCache Behavior [ RunTime:0.000740s ]
INFO: [ app_begin ] --END-- [ RunTime:0.000783s ]
SQL: SHOW COLUMNS FROM `tb_manager` [ RunTime:0.002647s ]

