[ 2013-11-15T09:49:11+08:00 ] 0.0.0.0 /jianliapp/admin.php?s=/Manager/verify
INFO: [ route_check ] --START--
INFO: Run CheckRoute Behavior [ RunTime:0.000740s ]
INFO: [ route_check ] --END-- [ RunTime:0.000839s ]
INFO: [ app_begin ] --START--
INFO: Run ReadHtmlCache Behavior [ RunTime:0.000518s ]
INFO: [ app_begin ] --END-- [ RunTime:0.000558s ]
SQL: SHOW COLUMNS FROM `tb_manager` [ RunTime:0.001853s ]

[ 2013-11-15T09:49:33+08:00 ] 0.0.0.0 /jianliapp/admin.php?s=/Manager/login
INFO: [ route_check ] --START--
INFO: Run CheckRoute Behavior [ RunTime:0.000715s ]
INFO: [ route_check ] --END-- [ RunTime:0.000779s ]
INFO: [ app_begin ] --START--
INFO: Run ReadHtmlCache Behavior [ RunTime:0.000514s ]
INFO: [ app_begin ] --END-- [ RunTime:0.000554s ]
SQL: SHOW COLUMNS FROM `tb_manager` [ RunTime:0.001973s ]
SQL: SELECT * FROM `tb_manager` WHERE ( `account` = 'admin' ) AND ( `appid` = 1 ) AND ( `status` = 0 ) LIMIT 1   [ RunTime:0.031820s ]
INFO: [ view_template ] --START--
INFO: Run LocationTemplate Behavior [ RunTime:0.000875s ]
INFO: [ view_template ] --END-- [ RunTime:0.000927s ]
INFO: [ view_parse ] --START--
NOTIC: [8] Undefined variable: Title F:\www\jianliapp\Home\Admin\Runtime\Cache\25e16930de30c2eddf3898c44ac6a012.php 第 9 行.
INFO: Run ParseTemplate Behavior [ RunTime:0.029116s ]
INFO: [ view_parse ] --END-- [ RunTime:0.029169s ]
INFO: [ view_filter ] --START--
INFO: Run ContentReplace Behavior [ RunTime:0.000479s ]
INFO: Run TokenBuild Behavior [ RunTime:0.000384s ]
INFO: Run WriteHtmlCache Behavior [ RunTime:0.000301s ]
INFO: Run ShowRuntime Behavior [ RunTime:0.000433s ]
INFO: [ view_filter ] --END-- [ RunTime:0.001704s ]
INFO: [ view_end ] --START--
INFO: Run ShowPageTrace Behavior [ RunTime:0.000546s ]
INFO: [ view_end ] --END-- [ RunTime:0.000584s ]

[ 2013-11-15T09:49:35+08:00 ] 0.0.0.0 /jianliapp/admin.php?s=/Index/index
INFO: [ route_check ] --START--
INFO: Run CheckRoute Behavior [ RunTime:0.000738s ]
INFO: [ route_check ] --END-- [ RunTime:0.000810s ]
INFO: [ app_begin ] --START--
INFO: Run ReadHtmlCache Behavior [ RunTime:0.000535s ]
INFO: [ app_begin ] --END-- [ RunTime:0.000576s ]
INFO: [ view_template ] --START--
INFO: Run LocationTemplate Behavior [ RunTime:0.000735s ]
INFO: [ view_template ] --END-- [ RunTime:0.000791s ]
INFO: [ view_parse ] --START--
INFO: Run ParseTemplate Behavior [ RunTime:0.018254s ]
INFO: [ view_parse ] --END-- [ RunTime:0.018323s ]
INFO: [ view_filter ] --START--
INFO: Run ContentReplace Behavior [ RunTime:0.000442s ]
INFO: Run TokenBuild Behavior [ RunTime:0.000401s ]
INFO: Run WriteHtmlCache Behavior [ RunTime:0.000296s ]
INFO: Run ShowRuntime Behavior [ RunTime:0.000432s ]
INFO: [ view_filter ] --END-- [ RunTime:0.001682s ]
INFO: [ view_end ] --START--
INFO: Run ShowPageTrace Behavior [ RunTime:0.000565s ]
INFO: [ view_end ] --END-- [ RunTime:0.000603s ]

[ 2013-11-15T09:49:35+08:00 ] 0.0.0.0 /jianliapp/admin.php?s=/Index/top
INFO: [ route_check ] --START--
INFO: Run CheckRoute Behavior [ RunTime:0.000733s ]
INFO: [ route_check ] --END-- [ RunTime:0.000804s ]
INFO: [ app_begin ] --START--
INFO: Run ReadHtmlCache Behavior [ RunTime:0.000653s ]
INFO: [ app_begin ] --END-- [ RunTime:0.000710s ]
INFO: [ view_template ] --START--
INFO: Run LocationTemplate Behavior [ RunTime:0.000706s ]
INFO: [ view_template ] --END-- [ RunTime:0.000767s ]
INFO: [ view_parse ] --START--
NOTIC: [8] Undefined variable: Title F:\www\jianliapp\Home\Admin\Runtime\Cache\3fa9528951f49840cd6db1fb79fa06a4.php 第 9 行.
INFO: Run ParseTemplate Behavior [ RunTime:0.026873s ]
INFO: [ view_parse ] --END-- [ RunTime:0.026921s ]
INFO: [ view_filter ] --START--
INFO: Run ContentReplace Behavior [ RunTime:0.000524s ]
INFO: Run TokenBuild Behavior [ RunTime:0.000417s ]
INFO: Run WriteHtmlCache Behavior [ RunTime:0.000303s ]
INFO: Run ShowRuntime Behavior [ RunTime:0.001079s ]
INFO: [ view_filter ] --END-- [ RunTime:0.002450s ]
INFO: [ view_end ] --START--
INFO: Run ShowPageTrace Behavior [ RunTime:0.000666s ]
INFO: [ view_end ] --END-- [ RunTime:0.000706s ]

[ 2013-11-15T09:49:36+08:00 ] 0.0.0.0 /jianliapp/admin.php?s=/Company/company
INFO: [ route_check ] --START--
INFO: Run CheckRoute Behavior [ RunTime:0.000891s ]
INFO: [ route_check ] --END-- [ RunTime:0.000964s ]
INFO: [ app_begin ] --START--
INFO: Run ReadHtmlCache Behavior [ RunTime:0.000662s ]
INFO: [ app_begin ] --END-- [ RunTime:0.000706s ]
SQL: SHOW COLUMNS FROM `tb_company` [ RunTime:0.028637s ]
SQL: SELECT COUNT(*) AS tp_count FROM `tb_company` WHERE ( `status` = 0 ) AND ( `appid` = 1 ) LIMIT 1   [ RunTime:0.023047s ]
SQL: SELECT * FROM `tb_company` WHERE ( `status` = 0 ) AND ( `appid` = 1 ) ORDER BY createtime desc LIMIT 0,5   [ RunTime:0.000658s ]
INFO: [ view_template ] --START--
INFO: Run LocationTemplate Behavior [ RunTime:0.001134s ]
INFO: [ view_template ] --END-- [ RunTime:0.001191s ]
INFO: [ view_parse ] --START--
NOTIC: [8] Undefined variable: Title F:\www\jianliapp\Home\Admin\Runtime\Cache\3dbb8342dba5dceca89a4b04b0753a77.php 第 9 行.
INFO: Run ParseTemplate Behavior [ RunTime:0.034853s ]
INFO: [ view_parse ] --END-- [ RunTime:0.034917s ]
INFO: [ view_filter ] --START--
INFO: Run ContentReplace Behavior [ RunTime:0.000586s ]
INFO: Run TokenBuild Behavior [ RunTime:0.000459s ]
INFO: Run WriteHtmlCache Behavior [ RunTime:0.000360s ]
INFO: Run ShowRuntime Behavior [ RunTime:0.000504s ]
INFO: [ view_filter ] --END-- [ RunTime:0.002020s ]
INFO: [ view_end ] --START--
INFO: Run ShowPageTrace Behavior [ RunTime:0.000617s ]
INFO: [ view_end ] --END-- [ RunTime:0.000655s ]

[ 2013-11-15T09:49:36+08:00 ] 0.0.0.0 /jianliapp/admin.php?s=/Index/left
INFO: [ route_check ] --START--
INFO: Run CheckRoute Behavior [ RunTime:0.000910s ]
INFO: [ route_check ] --END-- [ RunTime:0.000977s ]
INFO: [ app_begin ] --START--
INFO: Run ReadHtmlCache Behavior [ RunTime:0.000580s ]
INFO: [ app_begin ] --END-- [ RunTime:0.000621s ]
INFO: [ view_template ] --START--
INFO: Run LocationTemplate Behavior [ RunTime:0.000788s ]
INFO: [ view_template ] --END-- [ RunTime:0.000848s ]
INFO: [ view_parse ] --START--
NOTIC: [8] Undefined variable: Title F:\www\jianliapp\Home\Admin\Runtime\Cache\37143eef06b0f455826c39b692c7c0cc.php 第 9 行.
INFO: Run ParseTemplate Behavior [ RunTime:0.018289s ]
INFO: [ view_parse ] --END-- [ RunTime:0.018338s ]
INFO: [ view_filter ] --START--
INFO: Run ContentReplace Behavior [ RunTime:0.000941s ]
INFO: Run TokenBuild Behavior [ RunTime:0.000528s ]
INFO: Run WriteHtmlCache Behavior [ RunTime:0.000363s ]
INFO: Run ShowRuntime Behavior [ RunTime:0.001031s ]
INFO: [ view_filter ] --END-- [ RunTime:0.003071s ]
INFO: [ view_end ] --START--
INFO: Run ShowPageTrace Behavior [ RunTime:0.006316s ]
INFO: [ view_end ] --END-- [ RunTime:0.006569s ]

[ 2013-11-15T09:49:45+08:00 ] 0.0.0.0 /jianliapp/admin.php?s=/Company/company
INFO: [ route_check ] --START--
INFO: Run CheckRoute Behavior [ RunTime:0.000760s ]
INFO: [ route_check ] --END-- [ RunTime:0.000834s ]
INFO: [ app_begin ] --START--
INFO: Run ReadHtmlCache Behavior [ RunTime:0.000553s ]
INFO: [ app_begin ] --END-- [ RunTime:0.000595s ]
SQL: SHOW COLUMNS FROM `tb_company` [ RunTime:0.002288s ]
SQL: SELECT COUNT(*) AS tp_count FROM `tb_company` WHERE ( `status` = 0 ) AND ( `appid` = 1 ) LIMIT 1   [ RunTime:0.000647s ]
SQL: SELECT * FROM `tb_company` WHERE ( `status` = 0 ) AND ( `appid` = 1 ) ORDER BY createtime desc LIMIT 0,5   [ RunTime:0.000457s ]
INFO: [ view_template ] --START--
INFO: Run LocationTemplate Behavior [ RunTime:0.000856s ]
INFO: [ view_template ] --END-- [ RunTime:0.000910s ]
INFO: [ view_parse ] --START--
NOTIC: [8] Undefined variable: Title F:\www\jianliapp\Home\Admin\Runtime\Cache\3dbb8342dba5dceca89a4b04b0753a77.php 第 9 行.
INFO: Run ParseTemplate Behavior [ RunTime:0.008488s ]
INFO: [ view_parse ] --END-- [ RunTime:0.008541s ]
INFO: [ view_filter ] --START--
INFO: Run ContentReplace Behavior [ RunTime:0.000508s ]
INFO: Run TokenBuild Behavior [ RunTime:0.000411s ]
INFO: Run WriteHtmlCache Behavior [ RunTime:0.000303s ]
INFO: Run ShowRuntime Behavior [ RunTime:0.000444s ]
INFO: [ view_filter ] --END-- [ RunTime:0.001775s ]
INFO: [ view_end ] --START--
INFO: Run ShowPageTrace Behavior [ RunTime:0.000558s ]
INFO: [ view_end ] --END-- [ RunTime:0.000597s ]

[ 2013-11-15T09:49:53+08:00 ] 0.0.0.0 /jianliapp/admin.php?s=/Company/company
INFO: [ route_check ] --START--
INFO: Run CheckRoute Behavior [ RunTime:0.000750s ]
INFO: [ route_check ] --END-- [ RunTime:0.000814s ]
INFO: [ app_begin ] --START--
INFO: Run ReadHtmlCache Behavior [ RunTime:0.000533s ]
INFO: [ app_begin ] --END-- [ RunTime:0.000574s ]
SQL: SHOW COLUMNS FROM `tb_company` [ RunTime:0.002072s ]
SQL: SELECT COUNT(*) AS tp_count FROM `tb_company` WHERE ( `status` = 0 ) AND ( `appid` = 1 ) LIMIT 1   [ RunTime:0.000353s ]
SQL: SELECT * FROM `tb_company` WHERE ( `status` = 0 ) AND ( `appid` = 1 ) ORDER BY createtime desc LIMIT 0,5   [ RunTime:0.000422s ]
INFO: [ view_template ] --START--
INFO: Run LocationTemplate Behavior [ RunTime:0.000929s ]
INFO: [ view_template ] --END-- [ RunTime:0.000980s ]
INFO: [ view_parse ] --START--
NOTIC: [8] Undefined variable: Title F:\www\jianliapp\Home\Admin\Runtime\Cache\3dbb8342dba5dceca89a4b04b0753a77.php 第 9 行.
INFO: Run ParseTemplate Behavior [ RunTime:0.009173s ]
INFO: [ view_parse ] --END-- [ RunTime:0.009221s ]
INFO: [ view_filter ] --START--
INFO: Run ContentReplace Behavior [ RunTime:0.000469s ]
INFO: Run TokenBuild Behavior [ RunTime:0.000386s ]
INFO: Run WriteHtmlCache Behavior [ RunTime:0.000294s ]
INFO: Run ShowRuntime Behavior [ RunTime:0.000429s ]
INFO: [ view_filter ] --END-- [ RunTime:0.001684s ]
INFO: [ view_end ] --START--
INFO: Run ShowPageTrace Behavior [ RunTime:0.000584s ]
INFO: [ view_end ] --END-- [ RunTime:0.000621s ]

[ 2013-11-15T09:50:06+08:00 ] 0.0.0.0 /jianliapp/admin.php?s=/Article/edit
INFO: [ route_check ] --START--
INFO: Run CheckRoute Behavior [ RunTime:0.000734s ]
INFO: [ route_check ] --END-- [ RunTime:0.000809s ]
INFO: [ app_begin ] --START--
INFO: Run ReadHtmlCache Behavior [ RunTime:0.000894s ]
INFO: [ app_begin ] --END-- [ RunTime:0.000947s ]
SQL: SHOW COLUMNS FROM `tb_article` [ RunTime:0.002773s ]
SQL: SELECT COUNT(*) AS tp_count FROM `tb_article` WHERE ( status = 0 ) LIMIT 1   [ RunTime:0.055181s ]
SQL: SELECT * FROM `tb_article` WHERE ( `status` = 0 ) AND ( `appid` = 1 ) ORDER BY createtime LIMIT 0,5   [ RunTime:0.001510s ]
INFO: [ view_template ] --START--
INFO: Run LocationTemplate Behavior [ RunTime:0.002787s ]
INFO: [ view_template ] --END-- [ RunTime:0.002975s ]
INFO: [ view_parse ] --START--
NOTIC: [8] Undefined variable: Title F:\www\jianliapp\Home\Admin\Runtime\Cache\6943ab58b90dad5005859c360863f5df.php 第 9 行.
NOTIC: [8] Undefined variable: id F:\www\jianliapp\Home\Admin\Runtime\Cache\6943ab58b90dad5005859c360863f5df.php 第 110 行.
INFO: Run ParseTemplate Behavior [ RunTime:0.082620s ]
INFO: [ view_parse ] --END-- [ RunTime:0.082724s ]
INFO: [ view_filter ] --START--
INFO: Run ContentReplace Behavior [ RunTime:0.000772s ]
INFO: Run TokenBuild Behavior [ RunTime:0.000611s ]
INFO: Run WriteHtmlCache Behavior [ RunTime:0.000480s ]
INFO: Run ShowRuntime Behavior [ RunTime:0.000709s ]
INFO: [ view_filter ] --END-- [ RunTime:0.002740s ]
INFO: [ view_end ] --START--
INFO: Run ShowPageTrace Behavior [ RunTime:0.001009s ]
INFO: [ view_end ] --END-- [ RunTime:0.001133s ]

[ 2013-11-15T09:50:20+08:00 ] 0.0.0.0 /jianliapp/admin.php?s=/Score/clist
INFO: [ route_check ] --START--
INFO: Run CheckRoute Behavior [ RunTime:0.001204s ]
INFO: [ route_check ] --END-- [ RunTime:0.001307s ]
INFO: [ app_begin ] --START--
INFO: Run ReadHtmlCache Behavior [ RunTime:0.000880s ]
INFO: [ app_begin ] --END-- [ RunTime:0.000949s ]
SQL: SHOW COLUMNS FROM `tb_score` [ RunTime:0.037607s ]
NOTIC: [8] Use of undefined constant status - assumed 'status' F:\www\jianliapp\Home\Admin\Lib\Action\ScoreAction.class.php 第 24 行.
SQL: SELECT COUNT(*) AS tp_count FROM `tb_score` WHERE ( `status` = 0 ) AND ( `appid` = 1 ) LIMIT 1   [ RunTime:0.009895s ]
NOTIC: [8] Use of undefined constant status - assumed 'status' F:\www\jianliapp\Home\Admin\Lib\Action\ScoreAction.class.php 第 27 行.
SQL: SELECT * FROM `tb_score` WHERE ( `status` = 0 ) AND ( `appid` = 1 ) ORDER BY createtime LIMIT 0,5   [ RunTime:0.001204s ]
INFO: [ view_template ] --START--
INFO: Run LocationTemplate Behavior [ RunTime:0.002734s ]
INFO: [ view_template ] --END-- [ RunTime:0.002889s ]
INFO: [ view_parse ] --START--
NOTIC: [8] Undefined variable: Title F:\www\jianliapp\Home\Admin\Runtime\Cache\4582f7e6a7cae08ae4e3bb65f8a9cef2.php 第 9 行.
INFO: Run ParseTemplate Behavior [ RunTime:0.044900s ]
INFO: [ view_parse ] --END-- [ RunTime:0.045006s ]
INFO: [ view_filter ] --START--
INFO: Run ContentReplace Behavior [ RunTime:0.000971s ]
INFO: Run TokenBuild Behavior [ RunTime:0.000741s ]
INFO: Run WriteHtmlCache Behavior [ RunTime:0.000485s ]
INFO: Run ShowRuntime Behavior [ RunTime:0.000713s ]
INFO: [ view_filter ] --END-- [ RunTime:0.003099s ]
INFO: [ view_end ] --START--
INFO: Run ShowPageTrace Behavior [ RunTime:0.001523s ]
INFO: [ view_end ] --END-- [ RunTime:0.001602s ]

[ 2013-11-15T09:50:31+08:00 ] 0.0.0.0 /jianliapp/admin.php?s=/Score/clist
INFO: [ route_check ] --START--
INFO: Run CheckRoute Behavior [ RunTime:0.001221s ]
INFO: [ route_check ] --END-- [ RunTime:0.001319s ]
INFO: [ app_begin ] --START--
INFO: Run ReadHtmlCache Behavior [ RunTime:0.000878s ]
INFO: [ app_begin ] --END-- [ RunTime:0.000946s ]
SQL: SHOW COLUMNS FROM `tb_score` [ RunTime:0.006096s ]
NOTIC: [8] Use of undefined constant status - assumed 'status' F:\www\jianliapp\Home\Admin\Lib\Action\ScoreAction.class.php 第 24 行.
SQL: SELECT COUNT(*) AS tp_count FROM `tb_score` WHERE ( `status` = 0 ) AND ( `appid` = 1 ) LIMIT 1   [ RunTime:0.000859s ]
NOTIC: [8] Use of undefined constant status - assumed 'status' F:\www\jianliapp\Home\Admin\Lib\Action\ScoreAction.class.php 第 27 行.
SQL: SELECT * FROM `tb_score` WHERE ( `status` = 0 ) AND ( `appid` = 1 ) ORDER BY createtime LIMIT 0,5   [ RunTime:0.001188s ]
INFO: [ view_template ] --START--
INFO: Run LocationTemplate Behavior [ RunTime:0.002498s ]
INFO: [ view_template ] --END-- [ RunTime:0.002657s ]
INFO: [ view_parse ] --START--
NOTIC: [8] Undefined variable: Title F:\www\jianliapp\Home\Admin\Runtime\Cache\4582f7e6a7cae08ae4e3bb65f8a9cef2.php 第 9 行.
INFO: Run ParseTemplate Behavior [ RunTime:0.025927s ]
INFO: [ view_parse ] --END-- [ RunTime:0.026037s ]
INFO: [ view_filter ] --START--
INFO: Run ContentReplace Behavior [ RunTime:0.000784s ]
INFO: Run TokenBuild Behavior [ RunTime:0.000627s ]
INFO: Run WriteHtmlCache Behavior [ RunTime:0.000469s ]
INFO: Run ShowRuntime Behavior [ RunTime:0.000739s ]
INFO: [ view_filter ] --END-- [ RunTime:0.002788s ]
INFO: [ view_end ] --START--
INFO: Run ShowPageTrace Behavior [ RunTime:0.003232s ]
INFO: [ view_end ] --END-- [ RunTime:0.003324s ]

[ 2013-11-15T09:50:49+08:00 ] 0.0.0.0 /jianliapp/admin.php?s=/Article/edit
INFO: [ route_check ] --START--
INFO: Run CheckRoute Behavior [ RunTime:0.001143s ]
INFO: [ route_check ] --END-- [ RunTime:0.001237s ]
INFO: [ app_begin ] --START--
INFO: Run ReadHtmlCache Behavior [ RunTime:0.000816s ]
INFO: [ app_begin ] --END-- [ RunTime:0.000880s ]
SQL: SHOW COLUMNS FROM `tb_article` [ RunTime:0.005888s ]
SQL: SELECT COUNT(*) AS tp_count FROM `tb_article` WHERE ( status = 0 ) LIMIT 1   [ RunTime:0.000869s ]
SQL: SELECT * FROM `tb_article` WHERE ( `status` = 0 ) AND ( `appid` = 1 ) ORDER BY createtime LIMIT 0,5   [ RunTime:0.001554s ]
INFO: [ view_template ] --START--
INFO: Run LocationTemplate Behavior [ RunTime:0.002628s ]
INFO: [ view_template ] --END-- [ RunTime:0.002799s ]
INFO: [ view_parse ] --START--
NOTIC: [8] Undefined variable: Title F:\www\jianliapp\Home\Admin\Runtime\Cache\6943ab58b90dad5005859c360863f5df.php 第 9 行.
NOTIC: [8] Undefined variable: id F:\www\jianliapp\Home\Admin\Runtime\Cache\6943ab58b90dad5005859c360863f5df.php 第 110 行.
INFO: Run ParseTemplate Behavior [ RunTime:0.030305s ]
INFO: [ view_parse ] --END-- [ RunTime:0.030428s ]
INFO: [ view_filter ] --START--
INFO: Run ContentReplace Behavior [ RunTime:0.001072s ]
INFO: Run TokenBuild Behavior [ RunTime:0.001360s ]
INFO: Run WriteHtmlCache Behavior [ RunTime:0.000588s ]
INFO: Run ShowRuntime Behavior [ RunTime:0.000713s ]
INFO: [ view_filter ] --END-- [ RunTime:0.003968s ]
INFO: [ view_end ] --START--
INFO: Run ShowPageTrace Behavior [ RunTime:0.001576s ]
INFO: [ view_end ] --END-- [ RunTime:0.001684s ]

[ 2013-11-15T09:50:54+08:00 ] 0.0.0.0 /jianliapp/admin.php?s=/Article/edit/p/2
INFO: [ route_check ] --START--
INFO: Run CheckRoute Behavior [ RunTime:0.001134s ]
INFO: [ route_check ] --END-- [ RunTime:0.001235s ]
INFO: [ app_begin ] --START--
INFO: Run ReadHtmlCache Behavior [ RunTime:0.000827s ]
INFO: [ app_begin ] --END-- [ RunTime:0.000891s ]
SQL: SHOW COLUMNS FROM `tb_article` [ RunTime:0.006568s ]
SQL: SELECT COUNT(*) AS tp_count FROM `tb_article` WHERE ( status = 0 ) LIMIT 1   [ RunTime:0.001171s ]
SQL: SELECT * FROM `tb_article` WHERE ( `status` = 0 ) AND ( `appid` = 1 ) ORDER BY createtime LIMIT 5,5   [ RunTime:0.001626s ]
INFO: [ view_template ] --START--
INFO: Run LocationTemplate Behavior [ RunTime:0.002340s ]
INFO: [ view_template ] --END-- [ RunTime:0.002501s ]
INFO: [ view_parse ] --START--
NOTIC: [8] Undefined variable: Title F:\www\jianliapp\Home\Admin\Runtime\Cache\6943ab58b90dad5005859c360863f5df.php 第 9 行.
NOTIC: [8] Undefined variable: id F:\www\jianliapp\Home\Admin\Runtime\Cache\6943ab58b90dad5005859c360863f5df.php 第 110 行.
INFO: Run ParseTemplate Behavior [ RunTime:0.021910s ]
INFO: [ view_parse ] --END-- [ RunTime:0.022018s ]
INFO: [ view_filter ] --START--
INFO: Run ContentReplace Behavior [ RunTime:0.000755s ]
INFO: Run TokenBuild Behavior [ RunTime:0.000618s ]
INFO: Run WriteHtmlCache Behavior [ RunTime:0.000548s ]
INFO: Run ShowRuntime Behavior [ RunTime:0.000714s ]
INFO: [ view_filter ] --END-- [ RunTime:0.002809s ]
INFO: [ view_end ] --START--
INFO: Run ShowPageTrace Behavior [ RunTime:0.001645s ]
INFO: [ view_end ] --END-- [ RunTime:0.001744s ]

[ 2013-11-15T09:50:56+08:00 ] 0.0.0.0 /jianliapp/admin.php?s=/Article/edit/id/3
INFO: [ route_check ] --START--
INFO: Run CheckRoute Behavior [ RunTime:0.000954s ]
INFO: [ route_check ] --END-- [ RunTime:0.001034s ]
INFO: [ app_begin ] --START--
INFO: Run ReadHtmlCache Behavior [ RunTime:0.000653s ]
INFO: [ app_begin ] --END-- [ RunTime:0.000703s ]
SQL: SHOW COLUMNS FROM `tb_article` [ RunTime:0.006147s ]
SQL: SELECT * FROM `tb_article` WHERE ( `id` = 3 ) AND ( `appid` = 1 ) LIMIT 1   [ RunTime:0.001116s ]
INFO: [ view_template ] --START--
INFO: Run LocationTemplate Behavior [ RunTime:0.002359s ]
INFO: [ view_template ] --END-- [ RunTime:0.002509s ]
INFO: [ view_parse ] --START--
NOTIC: [8] Undefined variable: Title F:\www\jianliapp\Home\Admin\Runtime\Cache\6943ab58b90dad5005859c360863f5df.php 第 9 行.
NOTIC: [8] Undefined variable: data F:\www\jianliapp\Home\Admin\Runtime\Cache\6943ab58b90dad5005859c360863f5df.php 第 51 行.
INFO: Run ParseTemplate Behavior [ RunTime:0.035574s ]
INFO: [ view_parse ] --END-- [ RunTime:0.035809s ]
INFO: [ view_filter ] --START--
INFO: Run ContentReplace Behavior [ RunTime:0.001127s ]
INFO: Run TokenBuild Behavior [ RunTime:0.000487s ]
INFO: Run WriteHtmlCache Behavior [ RunTime:0.000368s ]
INFO: Run ShowRuntime Behavior [ RunTime:0.000549s ]
INFO: [ view_filter ] --END-- [ RunTime:0.002699s ]
INFO: [ view_end ] --START--
INFO: Run ShowPageTrace Behavior [ RunTime:0.000679s ]
INFO: [ view_end ] --END-- [ RunTime:0.000727s ]

[ 2013-11-15T09:51:13+08:00 ] 0.0.0.0 /jianliapp/admin.php?s=/Score/clist
INFO: [ route_check ] --START--
INFO: Run CheckRoute Behavior [ RunTime:0.001187s ]
INFO: [ route_check ] --END-- [ RunTime:0.001299s ]
INFO: [ app_begin ] --START--
INFO: Run ReadHtmlCache Behavior [ RunTime:0.000978s ]
INFO: [ app_begin ] --END-- [ RunTime:0.001065s ]
SQL: SHOW COLUMNS FROM `tb_score` [ RunTime:0.006474s ]
NOTIC: [8] Use of undefined constant status - assumed 'status' F:\www\jianliapp\Home\Admin\Lib\Action\ScoreAction.class.php 第 24 行.
SQL: SELECT COUNT(*) AS tp_count FROM `tb_score` WHERE ( `status` = 0 ) AND ( `appid` = 1 ) LIMIT 1   [ RunTime:0.000886s ]
NOTIC: [8] Use of undefined constant status - assumed 'status' F:\www\jianliapp\Home\Admin\Lib\Action\ScoreAction.class.php 第 27 行.
SQL: SELECT * FROM `tb_score` WHERE ( `status` = 0 ) AND ( `appid` = 1 ) ORDER BY createtime LIMIT 0,5   [ RunTime:0.001214s ]
INFO: [ view_template ] --START--
INFO: Run LocationTemplate Behavior [ RunTime:0.002494s ]
INFO: [ view_template ] --END-- [ RunTime:0.002646s ]
INFO: [ view_parse ] --START--
NOTIC: [8] Undefined variable: Title F:\www\jianliapp\Home\Admin\Runtime\Cache\4582f7e6a7cae08ae4e3bb65f8a9cef2.php 第 9 行.
INFO: Run ParseTemplate Behavior [ RunTime:0.026355s ]
INFO: [ view_parse ] --END-- [ RunTime:0.026461s ]
INFO: [ view_filter ] --START--
INFO: Run ContentReplace Behavior [ RunTime:0.000780s ]
INFO: Run TokenBuild Behavior [ RunTime:0.000624s ]
INFO: Run WriteHtmlCache Behavior [ RunTime:0.000468s ]
INFO: Run ShowRuntime Behavior [ RunTime:0.000734s ]
INFO: [ view_filter ] --END-- [ RunTime:0.002774s ]
INFO: [ view_end ] --START--
INFO: Run ShowPageTrace Behavior [ RunTime:0.002721s ]
INFO: [ view_end ] --END-- [ RunTime:0.002814s ]

[ 2013-11-15T09:51:21+08:00 ] 0.0.0.0 /jianliapp/admin.php?s=/Article/edit
INFO: [ route_check ] --START--
INFO: Run CheckRoute Behavior [ RunTime:0.001140s ]
INFO: [ route_check ] --END-- [ RunTime:0.001233s ]
INFO: [ app_begin ] --START--
INFO: Run ReadHtmlCache Behavior [ RunTime:0.000816s ]
INFO: [ app_begin ] --END-- [ RunTime:0.000880s ]
SQL: SHOW COLUMNS FROM `tb_article` [ RunTime:0.006642s ]
SQL: SELECT COUNT(*) AS tp_count FROM `tb_article` WHERE ( status = 0 ) LIMIT 1   [ RunTime:0.000925s ]
SQL: SELECT * FROM `tb_article` WHERE ( `status` = 0 ) AND ( `appid` = 1 ) ORDER BY createtime LIMIT 0,5   [ RunTime:0.001592s ]
INFO: [ view_template ] --START--
INFO: Run LocationTemplate Behavior [ RunTime:0.002727s ]
INFO: [ view_template ] --END-- [ RunTime:0.002917s ]
INFO: [ view_parse ] --START--
NOTIC: [8] Undefined variable: Title F:\www\jianliapp\Home\Admin\Runtime\Cache\6943ab58b90dad5005859c360863f5df.php 第 9 行.
NOTIC: [8] Undefined variable: id F:\www\jianliapp\Home\Admin\Runtime\Cache\6943ab58b90dad5005859c360863f5df.php 第 110 行.
INFO: Run ParseTemplate Behavior [ RunTime:0.031977s ]
INFO: [ view_parse ] --END-- [ RunTime:0.032082s ]
INFO: [ view_filter ] --START--
INFO: Run ContentReplace Behavior [ RunTime:0.000770s ]
INFO: Run TokenBuild Behavior [ RunTime:0.000669s ]
INFO: Run WriteHtmlCache Behavior [ RunTime:0.000474s ]
INFO: Run ShowRuntime Behavior [ RunTime:0.000699s ]
INFO: [ view_filter ] --END-- [ RunTime:0.002784s ]
INFO: [ view_end ] --START--
INFO: Run ShowPageTrace Behavior [ RunTime:0.001622s ]
INFO: [ view_end ] --END-- [ RunTime:0.001729s ]

[ 2013-11-15T09:51:34+08:00 ] 0.0.0.0 /jianliapp/admin.php?s=/Score/clist
INFO: [ route_check ] --START--
INFO: Run CheckRoute Behavior [ RunTime:0.001129s ]
INFO: [ route_check ] --END-- [ RunTime:0.001221s ]
INFO: [ app_begin ] --START--
INFO: Run ReadHtmlCache Behavior [ RunTime:0.000813s ]
INFO: [ app_begin ] --END-- [ RunTime:0.000875s ]
SQL: SHOW COLUMNS FROM `tb_score` [ RunTime:0.006066s ]
NOTIC: [8] Use of undefined constant status - assumed 'status' F:\www\jianliapp\Home\Admin\Lib\Action\ScoreAction.class.php 第 24 行.
SQL: SELECT COUNT(*) AS tp_count FROM `tb_score` WHERE ( `status` = 0 ) AND ( `appid` = 1 ) LIMIT 1   [ RunTime:0.000879s ]
NOTIC: [8] Use of undefined constant status - assumed 'status' F:\www\jianliapp\Home\Admin\Lib\Action\ScoreAction.class.php 第 27 行.
SQL: SELECT * FROM `tb_score` WHERE ( `status` = 0 ) AND ( `appid` = 1 ) ORDER BY createtime LIMIT 0,5   [ RunTime:0.001117s ]
INFO: [ view_template ] --START--
INFO: Run LocationTemplate Behavior [ RunTime:0.002712s ]
INFO: [ view_template ] --END-- [ RunTime:0.002875s ]
INFO: [ view_parse ] --START--
NOTIC: [8] Undefined variable: Title F:\www\jianliapp\Home\Admin\Runtime\Cache\4582f7e6a7cae08ae4e3bb65f8a9cef2.php 第 9 行.
INFO: Run ParseTemplate Behavior [ RunTime:0.021998s ]
INFO: [ view_parse ] --END-- [ RunTime:0.022104s ]
INFO: [ view_filter ] --START--
INFO: Run ContentReplace Behavior [ RunTime:0.000768s ]
INFO: Run TokenBuild Behavior [ RunTime:0.000629s ]
INFO: Run WriteHtmlCache Behavior [ RunTime:0.000473s ]
INFO: Run ShowRuntime Behavior [ RunTime:0.000983s ]
INFO: [ view_filter ] --END-- [ RunTime:0.003046s ]
INFO: [ view_end ] --START--
INFO: Run ShowPageTrace Behavior [ RunTime:0.001574s ]
INFO: [ view_end ] --END-- [ RunTime:0.001661s ]

[ 2013-11-15T09:51:42+08:00 ] 0.0.0.0 /jianliapp/admin.php?s=/User/userlist
INFO: [ route_check ] --START--
INFO: Run CheckRoute Behavior [ RunTime:0.001151s ]
INFO: [ route_check ] --END-- [ RunTime:0.001244s ]
INFO: [ app_begin ] --START--
INFO: Run ReadHtmlCache Behavior [ RunTime:0.000815s ]
INFO: [ app_begin ] --END-- [ RunTime:0.000876s ]
SQL: SHOW COLUMNS FROM `tb_user` [ RunTime:0.006271s ]
SQL: SELECT COUNT(*) AS tp_count FROM `tb_user` WHERE ( status = 0 ) LIMIT 1   [ RunTime:0.014900s ]
SQL: SELECT * FROM `tb_user` WHERE ( status = 0 ) ORDER BY createtime LIMIT 0,5   [ RunTime:0.001564s ]
INFO: [ view_template ] --START--
INFO: Run LocationTemplate Behavior [ RunTime:0.002615s ]
INFO: [ view_template ] --END-- [ RunTime:0.002767s ]
INFO: [ view_parse ] --START--
NOTIC: [8] Undefined variable: Title F:\www\jianliapp\Home\Admin\Runtime\Cache\0a220bfbaf9de7cfe24243968f008de6.php 第 9 行.
INFO: Run ParseTemplate Behavior [ RunTime:0.059497s ]
INFO: [ view_parse ] --END-- [ RunTime:0.059662s ]
INFO: [ view_filter ] --START--
INFO: Run ContentReplace Behavior [ RunTime:0.001751s ]
INFO: Run TokenBuild Behavior [ RunTime:0.001365s ]
INFO: Run WriteHtmlCache Behavior [ RunTime:0.001052s ]
INFO: Run ShowRuntime Behavior [ RunTime:0.001638s ]
INFO: [ view_filter ] --END-- [ RunTime:0.006214s ]
INFO: [ view_end ] --START--
INFO: Run ShowPageTrace Behavior [ RunTime:0.003347s ]
INFO: [ view_end ] --END-- [ RunTime:0.003540s ]

[ 2013-11-15T09:59:42+08:00 ] 0.0.0.0 /jianliapp/admin.php?s=/User/userlist/p/2
INFO: [ route_check ] --START--
INFO: Run CheckRoute Behavior [ RunTime:0.001547s ]
INFO: [ route_check ] --END-- [ RunTime:0.001637s ]
INFO: [ app_begin ] --START--
INFO: Run ReadHtmlCache Behavior [ RunTime:0.000766s ]
INFO: [ app_begin ] --END-- [ RunTime:0.000819s ]
SQL: SHOW COLUMNS FROM `tb_user` [ RunTime:0.007368s ]
SQL: SELECT COUNT(*) AS tp_count FROM `tb_user` WHERE ( status = 0 ) LIMIT 1   [ RunTime:0.001002s ]
SQL: SELECT * FROM `tb_user` WHERE ( status = 0 ) ORDER BY createtime LIMIT 5,5   [ RunTime:0.001510s ]
INFO: [ view_template ] --START--
INFO: Run LocationTemplate Behavior [ RunTime:0.002861s ]
INFO: [ view_template ] --END-- [ RunTime:0.003009s ]
INFO: [ view_parse ] --START--
NOTIC: [8] Undefined variable: Title F:\www\jianliapp\Home\Admin\Runtime\Cache\0a220bfbaf9de7cfe24243968f008de6.php 第 9 行.
INFO: Run ParseTemplate Behavior [ RunTime:0.019002s ]
INFO: [ view_parse ] --END-- [ RunTime:0.019108s ]
INFO: [ view_filter ] --START--
INFO: Run ContentReplace Behavior [ RunTime:0.000915s ]
INFO: Run TokenBuild Behavior [ RunTime:0.001078s ]
INFO: Run WriteHtmlCache Behavior [ RunTime:0.000592s ]
INFO: Run ShowRuntime Behavior [ RunTime:0.000822s ]
INFO: [ view_filter ] --END-- [ RunTime:0.003585s ]
INFO: [ view_end ] --START--
INFO: Run ShowPageTrace Behavior [ RunTime:0.001973s ]
INFO: [ view_end ] --END-- [ RunTime:0.002079s ]

[ 2013-11-15T09:59:45+08:00 ] 0.0.0.0 /jianliapp/admin.php?s=/User/userlist/p/3
INFO: [ route_check ] --START--
INFO: Run CheckRoute Behavior [ RunTime:0.001228s ]
INFO: [ route_check ] --END-- [ RunTime:0.001340s ]
INFO: [ app_begin ] --START--
INFO: Run ReadHtmlCache Behavior [ RunTime:0.000882s ]
INFO: [ app_begin ] --END-- [ RunTime:0.000948s ]
SQL: SHOW COLUMNS FROM `tb_user` [ RunTime:0.006265s ]
SQL: SELECT COUNT(*) AS tp_count FROM `tb_user` WHERE ( status = 0 ) LIMIT 1   [ RunTime:0.001121s ]
SQL: SELECT * FROM `tb_user` WHERE ( status = 0 ) ORDER BY createtime LIMIT 10,5   [ RunTime:0.001877s ]
INFO: [ view_template ] --START--
INFO: Run LocationTemplate Behavior [ RunTime:0.002220s ]
INFO: [ view_template ] --END-- [ RunTime:0.002376s ]
INFO: [ view_parse ] --START--
NOTIC: [8] Undefined variable: Title F:\www\jianliapp\Home\Admin\Runtime\Cache\0a220bfbaf9de7cfe24243968f008de6.php 第 9 行.
INFO: Run ParseTemplate Behavior [ RunTime:0.029944s ]
INFO: [ view_parse ] --END-- [ RunTime:0.030050s ]
INFO: [ view_filter ] --START--
INFO: Run ContentReplace Behavior [ RunTime:0.000771s ]
INFO: Run TokenBuild Behavior [ RunTime:0.000612s ]
INFO: Run WriteHtmlCache Behavior [ RunTime:0.000475s ]
INFO: Run ShowRuntime Behavior [ RunTime:0.000707s ]
INFO: [ view_filter ] --END-- [ RunTime:0.002744s ]
INFO: [ view_end ] --START--
INFO: Run ShowPageTrace Behavior [ RunTime:0.001644s ]
INFO: [ view_end ] --END-- [ RunTime:0.001744s ]

[ 2013-11-15T10:17:45+08:00 ] 0.0.0.0 /jianliapp/admin.php?s=/User/userlist
INFO: [ route_check ] --START--
INFO: Run CheckRoute Behavior [ RunTime:0.001369s ]
INFO: [ route_check ] --END-- [ RunTime:0.001466s ]
INFO: [ app_begin ] --START--
INFO: Run ReadHtmlCache Behavior [ RunTime:0.001332s ]
INFO: [ app_begin ] --END-- [ RunTime:0.001442s ]
SQL: SHOW COLUMNS FROM `tb_user` [ RunTime:0.009025s ]
SQL: SELECT COUNT(*) AS tp_count FROM `tb_user` WHERE ( status = 0 ) LIMIT 1   [ RunTime:0.000915s ]
SQL: SELECT * FROM `tb_user` WHERE ( status = 0 ) ORDER BY createtime LIMIT 0,5   [ RunTime:0.001402s ]
INFO: [ view_template ] --START--
INFO: Run LocationTemplate Behavior [ RunTime:0.002842s ]
INFO: [ view_template ] --END-- [ RunTime:0.002991s ]
INFO: [ view_parse ] --START--
NOTIC: [8] Undefined variable: Title F:\www\jianliapp\Home\Admin\Runtime\Cache\0a220bfbaf9de7cfe24243968f008de6.php 第 9 行.
INFO: Run ParseTemplate Behavior [ RunTime:0.020440s ]
INFO: [ view_parse ] --END-- [ RunTime:0.020545s ]
INFO: [ view_filter ] --START--
INFO: Run ContentReplace Behavior [ RunTime:0.000893s ]
INFO: Run TokenBuild Behavior [ RunTime:0.000733s ]
INFO: Run WriteHtmlCache Behavior [ RunTime:0.000585s ]
INFO: Run ShowRuntime Behavior [ RunTime:0.000827s ]
INFO: [ view_filter ] --END-- [ RunTime:0.003215s ]
INFO: [ view_end ] --START--
INFO: Run ShowPageTrace Behavior [ RunTime:0.002069s ]
INFO: [ view_end ] --END-- [ RunTime:0.002225s ]

[ 2013-11-15T10:17:49+08:00 ] 0.0.0.0 /jianliapp/admin.php?s=/Score/clist
INFO: [ route_check ] --START--
INFO: Run CheckRoute Behavior [ RunTime:0.000926s ]
INFO: [ route_check ] --END-- [ RunTime:0.001016s ]
INFO: [ app_begin ] --START--
INFO: Run ReadHtmlCache Behavior [ RunTime:0.000667s ]
INFO: [ app_begin ] --END-- [ RunTime:0.000718s ]
SQL: SHOW COLUMNS FROM `tb_score` [ RunTime:0.009743s ]
NOTIC: [8] Use of undefined constant status - assumed 'status' F:\www\jianliapp\Home\Admin\Lib\Action\ScoreAction.class.php 第 24 行.
SQL: SELECT COUNT(*) AS tp_count FROM `tb_score` WHERE ( `status` = 0 ) AND ( `appid` = 1 ) LIMIT 1   [ RunTime:0.000992s ]
NOTIC: [8] Use of undefined constant status - assumed 'status' F:\www\jianliapp\Home\Admin\Lib\Action\ScoreAction.class.php 第 27 行.
SQL: SELECT * FROM `tb_score` WHERE ( `status` = 0 ) AND ( `appid` = 1 ) ORDER BY createtime LIMIT 0,5   [ RunTime:0.001143s ]
INFO: [ view_template ] --START--
INFO: Run LocationTemplate Behavior [ RunTime:0.002361s ]
INFO: [ view_template ] --END-- [ RunTime:0.002558s ]
INFO: [ view_parse ] --START--
NOTIC: [8] Undefined variable: Title F:\www\jianliapp\Home\Admin\Runtime\Cache\4582f7e6a7cae08ae4e3bb65f8a9cef2.php 第 9 行.
INFO: Run ParseTemplate Behavior [ RunTime:0.018876s ]
INFO: [ view_parse ] --END-- [ RunTime:0.018983s ]
INFO: [ view_filter ] --START--
INFO: Run ContentReplace Behavior [ RunTime:0.000780s ]
INFO: Run TokenBuild Behavior [ RunTime:0.000621s ]
INFO: Run WriteHtmlCache Behavior [ RunTime:0.000476s ]
INFO: Run ShowRuntime Behavior [ RunTime:0.000714s ]
INFO: [ view_filter ] --END-- [ RunTime:0.002761s ]
INFO: [ view_end ] --START--
INFO: Run ShowPageTrace Behavior [ RunTime:0.001142s ]
INFO: [ view_end ] --END-- [ RunTime:0.001486s ]

[ 2013-11-15T10:18:27+08:00 ] 0.0.0.0 /jianliapp/admin.php?s=/Score/clist
INFO: [ route_check ] --START--
INFO: Run CheckRoute Behavior [ RunTime:0.001170s ]
INFO: [ route_check ] --END-- [ RunTime:0.001266s ]
INFO: [ app_begin ] --START--
INFO: Run ReadHtmlCache Behavior [ RunTime:0.000827s ]
INFO: [ app_begin ] --END-- [ RunTime:0.000890s ]
SQL: SHOW COLUMNS FROM `tb_score` [ RunTime:0.003892s ]
NOTIC: [8] Use of undefined constant status - assumed 'status' F:\www\jianliapp\Home\Admin\Lib\Action\ScoreAction.class.php 第 24 行.
SQL: SELECT COUNT(*) AS tp_count FROM `tb_score` WHERE ( `status` = 0 ) AND ( `appid` = 1 ) LIMIT 1   [ RunTime:0.000535s ]
NOTIC: [8] Use of undefined constant status - assumed 'status' F:\www\jianliapp\Home\Admin\Lib\Action\ScoreAction.class.php 第 27 行.
SQL: SELECT * FROM `tb_score` WHERE ( `status` = 0 ) AND ( `appid` = 1 ) ORDER BY createtime LIMIT 0,5   [ RunTime:0.000745s ]
INFO: [ view_template ] --START--
INFO: Run LocationTemplate Behavior [ RunTime:0.001347s ]
INFO: [ view_template ] --END-- [ RunTime:0.001434s ]
INFO: [ view_parse ] --START--
NOTIC: [8] Undefined variable: Title F:\www\jianliapp\Home\Admin\Runtime\Cache\4582f7e6a7cae08ae4e3bb65f8a9cef2.php 第 9 行.
INFO: Run ParseTemplate Behavior [ RunTime:0.017702s ]
INFO: [ view_parse ] --END-- [ RunTime:0.017763s ]
INFO: [ view_filter ] --START--
INFO: Run ContentReplace Behavior [ RunTime:0.000513s ]
INFO: Run TokenBuild Behavior [ RunTime:0.000396s ]
INFO: Run WriteHtmlCache Behavior [ RunTime:0.000311s ]
INFO: Run ShowRuntime Behavior [ RunTime:0.000445s ]
INFO: [ view_filter ] --END-- [ RunTime:0.001769s ]
INFO: [ view_end ] --START--
INFO: Run ShowPageTrace Behavior [ RunTime:0.000944s ]
INFO: [ view_end ] --END-- [ RunTime:0.001013s ]

[ 2013-11-15T10:20:43+08:00 ] 0.0.0.0 /jianliapp/admin.php?s=/Score/clist
INFO: [ route_check ] --START--
INFO: Run CheckRoute Behavior [ RunTime:0.001525s ]
INFO: [ route_check ] --END-- [ RunTime:0.001626s ]
INFO: [ app_begin ] --START--
INFO: Run ReadHtmlCache Behavior [ RunTime:0.000968s ]
INFO: [ app_begin ] --END-- [ RunTime:0.001032s ]
SQL: SHOW COLUMNS FROM `tb_score` [ RunTime:0.008633s ]
NOTIC: [8] Use of undefined constant status - assumed 'status' F:\www\jianliapp\Home\Admin\Lib\Action\ScoreAction.class.php 第 24 行.
SQL: SELECT COUNT(*) AS tp_count FROM `tb_score` WHERE ( `status` = 0 ) AND ( `appid` = 1 ) LIMIT 1   [ RunTime:0.000887s ]
NOTIC: [8] Use of undefined constant status - assumed 'status' F:\www\jianliapp\Home\Admin\Lib\Action\ScoreAction.class.php 第 27 行.
SQL: SELECT * FROM `tb_score` WHERE ( `status` = 0 ) AND ( `appid` = 1 ) ORDER BY createtime LIMIT 0,5   [ RunTime:0.001327s ]
INFO: [ view_template ] --START--
INFO: Run LocationTemplate Behavior [ RunTime:0.002955s ]
INFO: [ view_template ] --END-- [ RunTime:0.003110s ]
INFO: [ view_parse ] --START--
NOTIC: [8] Undefined variable: Title F:\www\jianliapp\Home\Admin\Runtime\Cache\4582f7e6a7cae08ae4e3bb65f8a9cef2.php 第 9 行.
INFO: Run ParseTemplate Behavior [ RunTime:0.024653s ]
INFO: [ view_parse ] --END-- [ RunTime:0.024768s ]
INFO: [ view_filter ] --START--
INFO: Run ContentReplace Behavior [ RunTime:0.000896s ]
INFO: Run TokenBuild Behavior [ RunTime:0.000739s ]
INFO: Run WriteHtmlCache Behavior [ RunTime:0.000596s ]
INFO: Run ShowRuntime Behavior [ RunTime:0.000818s ]
INFO: [ view_filter ] --END-- [ RunTime:0.003224s ]
INFO: [ view_end ] --START--
INFO: Run ShowPageTrace Behavior [ RunTime:0.001833s ]
INFO: [ view_end ] --END-- [ RunTime:0.001918s ]

[ 2013-11-15T10:23:57+08:00 ] 0.0.0.0 /jianliapp/admin.php?s=/Score/clist
INFO: [ route_check ] --START--
INFO: Run CheckRoute Behavior [ RunTime:0.000863s ]
INFO: [ route_check ] --END-- [ RunTime:0.000931s ]
INFO: [ app_begin ] --START--
INFO: Run ReadHtmlCache Behavior [ RunTime:0.000589s ]
INFO: [ app_begin ] --END-- [ RunTime:0.000631s ]
SQL: SHOW COLUMNS FROM `tb_score` [ RunTime:0.004068s ]
NOTIC: [8] Use of undefined constant status - assumed 'status' F:\www\jianliapp\Home\Admin\Lib\Action\ScoreAction.class.php 第 24 行.
SQL: SELECT COUNT(*) AS tp_count FROM `tb_score` WHERE ( `status` = 0 ) AND ( `appid` = 1 ) LIMIT 1   [ RunTime:0.000331s ]
NOTIC: [8] Use of undefined constant status - assumed 'status' F:\www\jianliapp\Home\Admin\Lib\Action\ScoreAction.class.php 第 27 行.
SQL: SELECT * FROM `tb_score` WHERE ( `status` = 0 ) AND ( `appid` = 1 ) ORDER BY createtime LIMIT 0,5   [ RunTime:0.000266s ]
INFO: [ view_template ] --START--
INFO: Run LocationTemplate Behavior [ RunTime:0.000922s ]
INFO: [ view_template ] --END-- [ RunTime:0.000970s ]
INFO: [ view_parse ] --START--
NOTIC: [8] Undefined variable: Title F:\www\jianliapp\Home\Admin\Runtime\Cache\4582f7e6a7cae08ae4e3bb65f8a9cef2.php 第 9 行.
INFO: Run ParseTemplate Behavior [ RunTime:0.011571s ]
INFO: [ view_parse ] --END-- [ RunTime:0.011620s ]
INFO: [ view_filter ] --START--
INFO: Run ContentReplace Behavior [ RunTime:0.000572s ]
INFO: Run TokenBuild Behavior [ RunTime:0.000610s ]
INFO: Run WriteHtmlCache Behavior [ RunTime:0.000507s ]
INFO: Run ShowRuntime Behavior [ RunTime:0.000527s ]
INFO: [ view_filter ] --END-- [ RunTime:0.002352s ]
INFO: [ view_end ] --START--
INFO: Run ShowPageTrace Behavior [ RunTime:0.000927s ]
INFO: [ view_end ] --END-- [ RunTime:0.001016s ]

[ 2013-11-15T10:25:21+08:00 ] 0.0.0.0 /jianliapp/admin.php?s=/Score/clist
INFO: [ route_check ] --START--
INFO: Run CheckRoute Behavior [ RunTime:0.001421s ]
INFO: [ route_check ] --END-- [ RunTime:0.001520s ]
INFO: [ app_begin ] --START--
INFO: Run ReadHtmlCache Behavior [ RunTime:0.000944s ]
INFO: [ app_begin ] --END-- [ RunTime:0.001009s ]
SQL: SHOW COLUMNS FROM `tb_score` [ RunTime:0.007915s ]
NOTIC: [8] Use of undefined constant status - assumed 'status' F:\www\jianliapp\Home\Admin\Lib\Action\ScoreAction.class.php 第 24 行.
SQL: SELECT COUNT(*) AS tp_count FROM `tb_score` WHERE ( `status` = 0 ) AND ( `appid` = 1 ) LIMIT 1   [ RunTime:0.000472s ]
NOTIC: [8] Use of undefined constant status - assumed 'status' F:\www\jianliapp\Home\Admin\Lib\Action\ScoreAction.class.php 第 27 行.
SQL: SELECT * FROM `tb_score` WHERE ( `status` = 0 ) AND ( `appid` = 1 ) ORDER BY createtime LIMIT 0,5   [ RunTime:0.000584s ]
INFO: [ view_template ] --START--
INFO: Run LocationTemplate Behavior [ RunTime:0.001458s ]
INFO: [ view_template ] --END-- [ RunTime:0.001532s ]
INFO: [ view_parse ] --START--
NOTIC: [8] Undefined variable: Title F:\www\jianliapp\Home\Admin\Runtime\Cache\4582f7e6a7cae08ae4e3bb65f8a9cef2.php 第 9 行.
INFO: Run ParseTemplate Behavior [ RunTime:0.012598s ]
INFO: [ view_parse ] --END-- [ RunTime:0.012659s ]
INFO: [ view_filter ] --START--
INFO: Run ContentReplace Behavior [ RunTime:0.000590s ]
INFO: Run TokenBuild Behavior [ RunTime:0.000479s ]
INFO: Run WriteHtmlCache Behavior [ RunTime:0.000374s ]
INFO: Run ShowRuntime Behavior [ RunTime:0.000513s ]
INFO: [ view_filter ] --END-- [ RunTime:0.002065s ]
INFO: [ view_end ] --START--
INFO: Run ShowPageTrace Behavior [ RunTime:0.000715s ]
INFO: [ view_end ] --END-- [ RunTime:0.000762s ]

[ 2013-11-15T10:26:13+08:00 ] 0.0.0.0 /jianliapp/admin.php?s=/Index/index
INFO: [ route_check ] --START--
INFO: Run CheckRoute Behavior [ RunTime:0.001097s ]
INFO: [ route_check ] --END-- [ RunTime:0.001184s ]
INFO: [ app_begin ] --START--
INFO: Run ReadHtmlCache Behavior [ RunTime:0.000758s ]
INFO: [ app_begin ] --END-- [ RunTime:0.000810s ]
INFO: [ view_template ] --START--
INFO: Run LocationTemplate Behavior [ RunTime:0.000946s ]
INFO: [ view_template ] --END-- [ RunTime:0.001013s ]
INFO: [ view_parse ] --START--
INFO: Run ParseTemplate Behavior [ RunTime:0.009647s ]
INFO: [ view_parse ] --END-- [ RunTime:0.009718s ]
INFO: [ view_filter ] --START--
INFO: Run ContentReplace Behavior [ RunTime:0.000609s ]
INFO: Run TokenBuild Behavior [ RunTime:0.000565s ]
INFO: Run WriteHtmlCache Behavior [ RunTime:0.000649s ]
INFO: Run ShowRuntime Behavior [ RunTime:0.000692s ]
INFO: [ view_filter ] --END-- [ RunTime:0.002660s ]
INFO: [ view_end ] --START--
INFO: Run ShowPageTrace Behavior [ RunTime:0.000788s ]
INFO: [ view_end ] --END-- [ RunTime:0.000836s ]

[ 2013-11-15T10:26:13+08:00 ] 0.0.0.0 /jianliapp/admin.php?s=/Index/top
INFO: [ route_check ] --START--
INFO: Run CheckRoute Behavior [ RunTime:0.000796s ]
INFO: [ route_check ] --END-- [ RunTime:0.000865s ]
INFO: [ app_begin ] --START--
INFO: Run ReadHtmlCache Behavior [ RunTime:0.000561s ]
INFO: [ app_begin ] --END-- [ RunTime:0.000605s ]
INFO: [ view_template ] --START--
INFO: Run LocationTemplate Behavior [ RunTime:0.003753s ]
INFO: [ view_template ] --END-- [ RunTime:0.003823s ]
INFO: [ view_parse ] --START--
NOTIC: [8] Undefined variable: Title F:\www\jianliapp\Home\Admin\Runtime\Cache\3fa9528951f49840cd6db1fb79fa06a4.php 第 9 行.
INFO: Run ParseTemplate Behavior [ RunTime:0.007692s ]
INFO: [ view_parse ] --END-- [ RunTime:0.007743s ]
INFO: [ view_filter ] --START--
INFO: Run ContentReplace Behavior [ RunTime:0.000480s ]
INFO: Run TokenBuild Behavior [ RunTime:0.000396s ]
INFO: Run WriteHtmlCache Behavior [ RunTime:0.000313s ]
INFO: Run ShowRuntime Behavior [ RunTime:0.000492s ]
INFO: [ view_filter ] --END-- [ RunTime:0.001809s ]
INFO: [ view_end ] --START--
INFO: Run ShowPageTrace Behavior [ RunTime:0.000670s ]
INFO: [ view_end ] --END-- [ RunTime:0.000712s ]

[ 2013-11-15T10:26:13+08:00 ] 0.0.0.0 /jianliapp/admin.php?s=/Index/left
INFO: [ route_check ] --START--
INFO: Run CheckRoute Behavior [ RunTime:0.002093s ]
INFO: [ route_check ] --END-- [ RunTime:0.002164s ]
INFO: [ app_begin ] --START--
INFO: Run ReadHtmlCache Behavior [ RunTime:0.001617s ]
INFO: [ app_begin ] --END-- [ RunTime:0.001684s ]
INFO: [ view_template ] --START--
INFO: Run LocationTemplate Behavior [ RunTime:0.000747s ]
INFO: [ view_template ] --END-- [ RunTime:0.000804s ]
INFO: [ view_parse ] --START--
NOTIC: [8] Undefined variable: Title F:\www\jianliapp\Home\Admin\Runtime\Cache\37143eef06b0f455826c39b692c7c0cc.php 第 9 行.
INFO: Run ParseTemplate Behavior [ RunTime:0.008313s ]
INFO: [ view_parse ] --END-- [ RunTime:0.008362s ]
INFO: [ view_filter ] --START--
INFO: Run ContentReplace Behavior [ RunTime:0.000579s ]
INFO: Run TokenBuild Behavior [ RunTime:0.000477s ]
INFO: Run WriteHtmlCache Behavior [ RunTime:0.000392s ]
INFO: Run ShowRuntime Behavior [ RunTime:0.000530s ]
INFO: [ view_filter ] --END-- [ RunTime:0.002097s ]
INFO: [ view_end ] --START--
INFO: Run ShowPageTrace Behavior [ RunTime:0.000640s ]
INFO: [ view_end ] --END-- [ RunTime:0.000681s ]

[ 2013-11-15T10:26:14+08:00 ] 0.0.0.0 /jianliapp/admin.php?s=/Company/company
INFO: [ route_check ] --START--
INFO: Run CheckRoute Behavior [ RunTime:0.001609s ]
INFO: [ route_check ] --END-- [ RunTime:0.001683s ]
INFO: [ app_begin ] --START--
INFO: Run ReadHtmlCache Behavior [ RunTime:0.000596s ]
INFO: [ app_begin ] --END-- [ RunTime:0.000638s ]
SQL: SHOW COLUMNS FROM `tb_company` [ RunTime:0.011492s ]
SQL: SELECT COUNT(*) AS tp_count FROM `tb_company` WHERE ( `status` = 0 ) AND ( `appid` = 1 ) LIMIT 1   [ RunTime:0.000914s ]
SQL: SELECT * FROM `tb_company` WHERE ( `status` = 0 ) AND ( `appid` = 1 ) ORDER BY createtime desc LIMIT 0,5   [ RunTime:0.001285s ]
INFO: [ view_template ] --START--
INFO: Run LocationTemplate Behavior [ RunTime:0.002614s ]
INFO: [ view_template ] --END-- [ RunTime:0.002776s ]
INFO: [ view_parse ] --START--
NOTIC: [8] Undefined variable: Title F:\www\jianliapp\Home\Admin\Runtime\Cache\3dbb8342dba5dceca89a4b04b0753a77.php 第 9 行.
INFO: Run ParseTemplate Behavior [ RunTime:0.016589s ]
INFO: [ view_parse ] --END-- [ RunTime:0.016710s ]
INFO: [ view_filter ] --START--
INFO: Run ContentReplace Behavior [ RunTime:0.000928s ]
INFO: Run TokenBuild Behavior [ RunTime:0.000644s ]
INFO: Run WriteHtmlCache Behavior [ RunTime:0.000482s ]
INFO: Run ShowRuntime Behavior [ RunTime:0.000871s ]
INFO: [ view_filter ] --END-- [ RunTime:0.003104s ]
INFO: [ view_end ] --START--
INFO: Run ShowPageTrace Behavior [ RunTime:0.000941s ]
INFO: [ view_end ] --END-- [ RunTime:0.001004s ]

[ 2013-11-15T10:26:17+08:00 ] 0.0.0.0 /jianliapp/admin.php?s=/Score/clist
INFO: [ route_check ] --START--
INFO: Run CheckRoute Behavior [ RunTime:0.001476s ]
INFO: [ route_check ] --END-- [ RunTime:0.001587s ]
INFO: [ app_begin ] --START--
INFO: Run ReadHtmlCache Behavior [ RunTime:0.000951s ]
INFO: [ app_begin ] --END-- [ RunTime:0.001017s ]
SQL: SHOW COLUMNS FROM `tb_score` [ RunTime:0.004174s ]
NOTIC: [8] Use of undefined constant status - assumed 'status' F:\www\jianliapp\Home\Admin\Lib\Action\ScoreAction.class.php 第 24 行.
SQL: SELECT COUNT(*) AS tp_count FROM `tb_score` WHERE ( `status` = 0 ) AND ( `appid` = 1 ) LIMIT 1   [ RunTime:0.000566s ]
NOTIC: [8] Use of undefined constant status - assumed 'status' F:\www\jianliapp\Home\Admin\Lib\Action\ScoreAction.class.php 第 27 行.
SQL: SELECT * FROM `tb_score` WHERE ( `status` = 0 ) AND ( `appid` = 1 ) ORDER BY createtime LIMIT 0,5   [ RunTime:0.000658s ]
INFO: [ view_template ] --START--
INFO: Run LocationTemplate Behavior [ RunTime:0.001478s ]
INFO: [ view_template ] --END-- [ RunTime:0.001559s ]
INFO: [ view_parse ] --START--
NOTIC: [8] Undefined variable: Title F:\www\jianliapp\Home\Admin\Runtime\Cache\4582f7e6a7cae08ae4e3bb65f8a9cef2.php 第 9 行.
INFO: Run ParseTemplate Behavior [ RunTime:0.018166s ]
INFO: [ view_parse ] --END-- [ RunTime:0.018249s ]
INFO: [ view_filter ] --START--
INFO: Run ContentReplace Behavior [ RunTime:0.001064s ]
INFO: Run TokenBuild Behavior [ RunTime:0.000772s ]
INFO: Run WriteHtmlCache Behavior [ RunTime:0.000600s ]
INFO: Run ShowRuntime Behavior [ RunTime:0.000833s ]
INFO: [ view_filter ] --END-- [ RunTime:0.003466s ]
INFO: [ view_end ] --START--
INFO: Run ShowPageTrace Behavior [ RunTime:0.001372s ]
INFO: [ view_end ] --END-- [ RunTime:0.001466s ]

[ 2013-11-15T10:27:02+08:00 ] 0.0.0.0 /jianliapp/admin.php?s=/Index/index
INFO: [ route_check ] --START--
INFO: Run CheckRoute Behavior [ RunTime:0.001000s ]
INFO: [ route_check ] --END-- [ RunTime:0.001106s ]
INFO: [ app_begin ] --START--
INFO: Run ReadHtmlCache Behavior [ RunTime:0.000750s ]
INFO: [ app_begin ] --END-- [ RunTime:0.000803s ]
INFO: [ view_template ] --START--
INFO: Run LocationTemplate Behavior [ RunTime:0.000736s ]
INFO: [ view_template ] --END-- [ RunTime:0.000797s ]
INFO: [ view_parse ] --START--
INFO: Run ParseTemplate Behavior [ RunTime:0.008158s ]
INFO: [ view_parse ] --END-- [ RunTime:0.008249s ]
INFO: [ view_filter ] --START--
INFO: Run ContentReplace Behavior [ RunTime:0.001220s ]
INFO: Run TokenBuild Behavior [ RunTime:0.000531s ]
INFO: Run WriteHtmlCache Behavior [ RunTime:0.000388s ]
INFO: Run ShowRuntime Behavior [ RunTime:0.000551s ]
INFO: [ view_filter ] --END-- [ RunTime:0.002892s ]
INFO: [ view_end ] --START--
INFO: Run ShowPageTrace Behavior [ RunTime:0.000651s ]
INFO: [ view_end ] --END-- [ RunTime:0.000694s ]

[ 2013-11-15T10:27:03+08:00 ] 0.0.0.0 /jianliapp/admin.php?s=/Company/company
INFO: [ route_check ] --START--
INFO: Run CheckRoute Behavior [ RunTime:0.000883s ]
INFO: [ route_check ] --END-- [ RunTime:0.000949s ]
INFO: [ app_begin ] --START--
INFO: Run ReadHtmlCache Behavior [ RunTime:0.000721s ]
INFO: [ app_begin ] --END-- [ RunTime:0.000763s ]
SQL: SHOW COLUMNS FROM `tb_company` [ RunTime:0.003167s ]
SQL: SELECT COUNT(*) AS tp_count FROM `tb_company` WHERE ( `status` = 0 ) AND ( `appid` = 1 ) LIMIT 1   [ RunTime:0.000399s ]
SQL: SELECT * FROM `tb_company` WHERE ( `status` = 0 ) AND ( `appid` = 1 ) ORDER BY createtime desc LIMIT 0,5   [ RunTime:0.000563s ]
INFO: [ view_template ] --START--
INFO: Run LocationTemplate Behavior [ RunTime:0.000915s ]
INFO: [ view_template ] --END-- [ RunTime:0.000962s ]
INFO: [ view_parse ] --START--
NOTIC: [8] Undefined variable: Title F:\www\jianliapp\Home\Admin\Runtime\Cache\3dbb8342dba5dceca89a4b04b0753a77.php 第 9 行.
INFO: Run ParseTemplate Behavior [ RunTime:0.009520s ]
INFO: [ view_parse ] --END-- [ RunTime:0.009569s ]
INFO: [ view_filter ] --START--
INFO: Run ContentReplace Behavior [ RunTime:0.000551s ]
INFO: Run TokenBuild Behavior [ RunTime:0.000465s ]
INFO: Run WriteHtmlCache Behavior [ RunTime:0.000480s ]
INFO: Run ShowRuntime Behavior [ RunTime:0.000543s ]
INFO: [ view_filter ] --END-- [ RunTime:0.002150s ]
INFO: [ view_end ] --START--
INFO: Run ShowPageTrace Behavior [ RunTime:0.000632s ]
INFO: [ view_end ] --END-- [ RunTime:0.000671s ]

[ 2013-11-15T10:27:03+08:00 ] 0.0.0.0 /jianliapp/admin.php?s=/Index/top
INFO: [ route_check ] --START--
INFO: Run CheckRoute Behavior [ RunTime:0.000762s ]
INFO: [ route_check ] --END-- [ RunTime:0.000827s ]
INFO: [ app_begin ] --START--
INFO: Run ReadHtmlCache Behavior [ RunTime:0.000553s ]
INFO: [ app_begin ] --END-- [ RunTime:0.000594s ]
INFO: [ view_template ] --START--
INFO: Run LocationTemplate Behavior [ RunTime:0.000546s ]
INFO: [ view_template ] --END-- [ RunTime:0.000603s ]
INFO: [ view_parse ] --START--
NOTIC: [8] Undefined variable: Title F:\www\jianliapp\Home\Admin\Runtime\Cache\3fa9528951f49840cd6db1fb79fa06a4.php 第 9 行.
INFO: Run ParseTemplate Behavior [ RunTime:0.008505s ]
INFO: [ view_parse ] --END-- [ RunTime:0.008554s ]
INFO: [ view_filter ] --START--
INFO: Run ContentReplace Behavior [ RunTime:0.000471s ]
INFO: Run TokenBuild Behavior [ RunTime:0.000402s ]
INFO: Run WriteHtmlCache Behavior [ RunTime:0.000294s ]
INFO: Run ShowRuntime Behavior [ RunTime:0.000427s ]
INFO: [ view_filter ] --END-- [ RunTime:0.001707s ]
INFO: [ view_end ] --START--
INFO: Run ShowPageTrace Behavior [ RunTime:0.000552s ]
INFO: [ view_end ] --END-- [ RunTime:0.000591s ]

[ 2013-11-15T10:27:03+08:00 ] 0.0.0.0 /jianliapp/admin.php?s=/Index/left
INFO: [ route_check ] --START--
INFO: Run CheckRoute Behavior [ RunTime:0.001173s ]
INFO: [ route_check ] --END-- [ RunTime:0.001310s ]
INFO: [ app_begin ] --START--
INFO: Run ReadHtmlCache Behavior [ RunTime:0.000596s ]
INFO: [ app_begin ] --END-- [ RunTime:0.000638s ]
INFO: [ view_template ] --START--
INFO: Run LocationTemplate Behavior [ RunTime:0.000603s ]
INFO: [ view_template ] --END-- [ RunTime:0.000664s ]
INFO: [ view_parse ] --START--
NOTIC: [8] Undefined variable: Title F:\www\jianliapp\Home\Admin\Runtime\Cache\37143eef06b0f455826c39b692c7c0cc.php 第 9 行.
INFO: Run ParseTemplate Behavior [ RunTime:0.008096s ]
INFO: [ view_parse ] --END-- [ RunTime:0.008144s ]
INFO: [ view_filter ] --START--
INFO: Run ContentReplace Behavior [ RunTime:0.000733s ]
INFO: Run TokenBuild Behavior [ RunTime:0.000413s ]
INFO: Run WriteHtmlCache Behavior [ RunTime:0.000298s ]
INFO: Run ShowRuntime Behavior [ RunTime:0.000698s ]
INFO: [ view_filter ] --END-- [ RunTime:0.002272s ]
INFO: [ view_end ] --START--
INFO: Run ShowPageTrace Behavior [ RunTime:0.000572s ]
INFO: [ view_end ] --END-- [ RunTime:0.000609s ]

[ 2013-11-15T10:27:07+08:00 ] 0.0.0.0 /jianliapp/admin.php?s=/Score/clist
INFO: [ route_check ] --START--
INFO: Run CheckRoute Behavior [ RunTime:0.000911s ]
INFO: [ route_check ] --END-- [ RunTime:0.000988s ]
INFO: [ app_begin ] --START--
INFO: Run ReadHtmlCache Behavior [ RunTime:0.000665s ]
INFO: [ app_begin ] --END-- [ RunTime:0.000715s ]
SQL: SHOW COLUMNS FROM `tb_score` [ RunTime:0.008612s ]
NOTIC: [8] Use of undefined constant status - assumed 'status' F:\www\jianliapp\Home\Admin\Lib\Action\ScoreAction.class.php 第 24 行.
SQL: SELECT COUNT(*) AS tp_count FROM `tb_score` WHERE ( `status` = 0 ) AND ( `appid` = 1 ) LIMIT 1   [ RunTime:0.000880s ]
NOTIC: [8] Use of undefined constant status - assumed 'status' F:\www\jianliapp\Home\Admin\Lib\Action\ScoreAction.class.php 第 27 行.
SQL: SELECT * FROM `tb_score` WHERE ( `status` = 0 ) AND ( `appid` = 1 ) ORDER BY createtime LIMIT 0,5   [ RunTime:0.001590s ]
INFO: [ view_template ] --START--
INFO: Run LocationTemplate Behavior [ RunTime:0.002328s ]
INFO: [ view_template ] --END-- [ RunTime:0.002498s ]
INFO: [ view_parse ] --START--
NOTIC: [8] Undefined variable: Title F:\www\jianliapp\Home\Admin\Runtime\Cache\4582f7e6a7cae08ae4e3bb65f8a9cef2.php 第 9 行.
INFO: Run ParseTemplate Behavior [ RunTime:0.028493s ]
INFO: [ view_parse ] --END-- [ RunTime:0.028640s ]
INFO: [ view_filter ] --START--
INFO: Run ContentReplace Behavior [ RunTime:0.000949s ]
INFO: Run TokenBuild Behavior [ RunTime:0.000625s ]
INFO: Run WriteHtmlCache Behavior [ RunTime:0.000477s ]
INFO: Run ShowRuntime Behavior [ RunTime:0.000712s ]
INFO: [ view_filter ] --END-- [ RunTime:0.002937s ]
INFO: [ view_end ] --START--
INFO: Run ShowPageTrace Behavior [ RunTime:0.002303s ]
INFO: [ view_end ] --END-- [ RunTime:0.002401s ]

[ 2013-11-15T10:31:23+08:00 ] 0.0.0.0 /jianliapp/admin.php?s=/Score/clist
INFO: [ route_check ] --START--
INFO: Run CheckRoute Behavior [ RunTime:0.001095s ]
INFO: [ route_check ] --END-- [ RunTime:0.001189s ]
INFO: [ app_begin ] --START--
INFO: Run ReadHtmlCache Behavior [ RunTime:0.000747s ]
INFO: [ app_begin ] --END-- [ RunTime:0.000798s ]
SQL: SHOW COLUMNS FROM `tb_score` [ RunTime:0.004921s ]
NOTIC: [8] Use of undefined constant status - assumed 'status' F:\www\jianliapp\Home\Admin\Lib\Action\ScoreAction.class.php 第 24 行.
SQL: SELECT COUNT(*) AS tp_count FROM `tb_score` WHERE ( `status` = 0 ) AND ( `appid` = 1 ) LIMIT 1   [ RunTime:0.000602s ]
NOTIC: [8] Use of undefined constant status - assumed 'status' F:\www\jianliapp\Home\Admin\Lib\Action\ScoreAction.class.php 第 27 行.
SQL: SELECT * FROM `tb_score` WHERE ( `status` = 0 ) AND ( `appid` = 1 ) ORDER BY createtime LIMIT 0,5   [ RunTime:0.000636s ]
INFO: [ view_template ] --START--
INFO: Run LocationTemplate Behavior [ RunTime:0.001419s ]
INFO: [ view_template ] --END-- [ RunTime:0.001489s ]
INFO: [ view_parse ] --START--
NOTIC: [8] Undefined variable: Title F:\www\jianliapp\Home\Admin\Runtime\Cache\4582f7e6a7cae08ae4e3bb65f8a9cef2.php 第 9 行.
INFO: Run ParseTemplate Behavior [ RunTime:0.018849s ]
INFO: [ view_parse ] --END-- [ RunTime:0.018925s ]
INFO: [ view_filter ] --START--
INFO: Run ContentReplace Behavior [ RunTime:0.000884s ]
INFO: Run TokenBuild Behavior [ RunTime:0.000736s ]
INFO: Run WriteHtmlCache Behavior [ RunTime:0.000595s ]
INFO: Run ShowRuntime Behavior [ RunTime:0.000814s ]
INFO: [ view_filter ] --END-- [ RunTime:0.003202s ]
INFO: [ view_end ] --START--
INFO: Run ShowPageTrace Behavior [ RunTime:0.001187s ]
INFO: [ view_end ] --END-- [ RunTime:0.001267s ]

[ 2013-11-15T10:31:51+08:00 ] 0.0.0.0 /jianliapp/admin.php?s=/Score/clist
INFO: [ route_check ] --START--
INFO: Run CheckRoute Behavior [ RunTime:0.000908s ]
INFO: [ route_check ] --END-- [ RunTime:0.000985s ]
INFO: [ app_begin ] --START--
INFO: Run ReadHtmlCache Behavior [ RunTime:0.000666s ]
INFO: [ app_begin ] --END-- [ RunTime:0.000716s ]
SQL: SHOW COLUMNS FROM `tb_score` [ RunTime:0.008906s ]
NOTIC: [8] Use of undefined constant status - assumed 'status' F:\www\jianliapp\Home\Admin\Lib\Action\ScoreAction.class.php 第 24 行.
SQL: SELECT COUNT(*) AS tp_count FROM `tb_score` WHERE ( `status` = 0 ) AND ( `appid` = 1 ) LIMIT 1   [ RunTime:0.001189s ]
NOTIC: [8] Use of undefined constant status - assumed 'status' F:\www\jianliapp\Home\Admin\Lib\Action\ScoreAction.class.php 第 27 行.
SQL: SELECT * FROM `tb_score` WHERE ( `status` = 0 ) AND ( `appid` = 1 ) ORDER BY createtime LIMIT 0,5   [ RunTime:0.001252s ]
INFO: [ view_template ] --START--
INFO: Run LocationTemplate Behavior [ RunTime:0.002606s ]
INFO: [ view_template ] --END-- [ RunTime:0.002759s ]
INFO: [ view_parse ] --START--
NOTIC: [8] Undefined variable: Title F:\www\jianliapp\Home\Admin\Runtime\Cache\4582f7e6a7cae08ae4e3bb65f8a9cef2.php 第 9 行.
INFO: Run ParseTemplate Behavior [ RunTime:0.026461s ]
INFO: [ view_parse ] --END-- [ RunTime:0.026568s ]
INFO: [ view_filter ] --START--
INFO: Run ContentReplace Behavior [ RunTime:0.000775s ]
INFO: Run TokenBuild Behavior [ RunTime:0.000641s ]
INFO: Run WriteHtmlCache Behavior [ RunTime:0.000626s ]
INFO: Run ShowRuntime Behavior [ RunTime:0.000893s ]
INFO: [ view_filter ] --END-- [ RunTime:0.003130s ]
INFO: [ view_end ] --START--
INFO: Run ShowPageTrace Behavior [ RunTime:0.001569s ]
INFO: [ view_end ] --END-- [ RunTime:0.001664s ]

[ 2013-11-15T10:32:24+08:00 ] 0.0.0.0 /jianliapp/admin.php?s=/Score/clist
INFO: [ route_check ] --START--
INFO: Run CheckRoute Behavior [ RunTime:0.001186s ]
INFO: [ route_check ] --END-- [ RunTime:0.001285s ]
INFO: [ app_begin ] --START--
INFO: Run ReadHtmlCache Behavior [ RunTime:0.000844s ]
INFO: [ app_begin ] --END-- [ RunTime:0.000909s ]
SQL: SHOW COLUMNS FROM `tb_score` [ RunTime:0.008081s ]
NOTIC: [8] Use of undefined constant status - assumed 'status' F:\www\jianliapp\Home\Admin\Lib\Action\ScoreAction.class.php 第 24 行.
SQL: SELECT COUNT(*) AS tp_count FROM `tb_score` WHERE ( `status` = 0 ) AND ( `appid` = 1 ) LIMIT 1   [ RunTime:0.000864s ]
NOTIC: [8] Use of undefined constant status - assumed 'status' F:\www\jianliapp\Home\Admin\Lib\Action\ScoreAction.class.php 第 27 行.
SQL: SELECT * FROM `tb_score` WHERE ( `status` = 0 ) AND ( `appid` = 1 ) ORDER BY createtime LIMIT 0,5   [ RunTime:0.000881s ]
INFO: [ view_template ] --START--
INFO: Run LocationTemplate Behavior [ RunTime:0.002502s ]
INFO: [ view_template ] --END-- [ RunTime:0.002692s ]
INFO: [ view_parse ] --START--
NOTIC: [8] Undefined variable: Title F:\www\jianliapp\Home\Admin\Runtime\Cache\4582f7e6a7cae08ae4e3bb65f8a9cef2.php 第 9 行.
INFO: Run ParseTemplate Behavior [ RunTime:0.024429s ]
INFO: [ view_parse ] --END-- [ RunTime:0.024535s ]
INFO: [ view_filter ] --START--
INFO: Run ContentReplace Behavior [ RunTime:0.000787s ]
INFO: Run TokenBuild Behavior [ RunTime:0.000801s ]
INFO: Run WriteHtmlCache Behavior [ RunTime:0.000647s ]
INFO: Run ShowRuntime Behavior [ RunTime:0.000720s ]
INFO: [ view_filter ] --END-- [ RunTime:0.003152s ]
INFO: [ view_end ] --START--
INFO: Run ShowPageTrace Behavior [ RunTime:0.001643s ]
INFO: [ view_end ] --END-- [ RunTime:0.001730s ]

[ 2013-11-15T10:34:57+08:00 ] 0.0.0.0 /jianliapp/admin.php?s=/Score/clist
INFO: [ route_check ] --START--
INFO: Run CheckRoute Behavior [ RunTime:0.001186s ]
INFO: [ route_check ] --END-- [ RunTime:0.001297s ]
INFO: [ app_begin ] --START--
INFO: Run ReadHtmlCache Behavior [ RunTime:0.000778s ]
INFO: [ app_begin ] --END-- [ RunTime:0.000832s ]
SQL: SHOW COLUMNS FROM `tb_score` [ RunTime:0.008428s ]
NOTIC: [8] Use of undefined constant status - assumed 'status' F:\www\jianliapp\Home\Admin\Lib\Action\ScoreAction.class.php 第 24 行.
SQL: SELECT COUNT(*) AS tp_count FROM `tb_score` WHERE ( `status` = 0 ) AND ( `appid` = 1 ) LIMIT 1   [ RunTime:0.000988s ]
NOTIC: [8] Use of undefined constant status - assumed 'status' F:\www\jianliapp\Home\Admin\Lib\Action\ScoreAction.class.php 第 27 行.
SQL: SELECT * FROM `tb_score` WHERE ( `status` = 0 ) AND ( `appid` = 1 ) ORDER BY createtime LIMIT 0,5   [ RunTime:0.001127s ]
INFO: [ view_template ] --START--
INFO: Run LocationTemplate Behavior [ RunTime:0.002912s ]
INFO: [ view_template ] --END-- [ RunTime:0.003059s ]
INFO: [ view_parse ] --START--
NOTIC: [8] Undefined variable: Title F:\www\jianliapp\Home\Admin\Runtime\Cache\4582f7e6a7cae08ae4e3bb65f8a9cef2.php 第 9 行.
INFO: Run ParseTemplate Behavior [ RunTime:0.026923s ]
INFO: [ view_parse ] --END-- [ RunTime:0.027028s ]
INFO: [ view_filter ] --START--
INFO: Run ContentReplace Behavior [ RunTime:0.000883s ]
INFO: Run TokenBuild Behavior [ RunTime:0.000728s ]
INFO: Run WriteHtmlCache Behavior [ RunTime:0.000581s ]
INFO: Run ShowRuntime Behavior [ RunTime:0.000810s ]
INFO: [ view_filter ] --END-- [ RunTime:0.003181s ]
INFO: [ view_end ] --START--
INFO: Run ShowPageTrace Behavior [ RunTime:0.003252s ]
INFO: [ view_end ] --END-- [ RunTime:0.003367s ]

[ 2013-11-15T10:35:40+08:00 ] 0.0.0.0 /jianliapp/admin.php?s=/Score/clist
INFO: [ route_check ] --START--
INFO: Run CheckRoute Behavior [ RunTime:0.000724s ]
INFO: [ route_check ] --END-- [ RunTime:0.000789s ]
INFO: [ app_begin ] --START--
INFO: Run ReadHtmlCache Behavior [ RunTime:0.000518s ]
INFO: [ app_begin ] --END-- [ RunTime:0.000558s ]
SQL: SHOW COLUMNS FROM `tb_score` [ RunTime:0.004350s ]
NOTIC: [8] Use of undefined constant status - assumed 'status' F:\www\jianliapp\Home\Admin\Lib\Action\ScoreAction.class.php 第 24 行.
SQL: SELECT COUNT(*) AS tp_count FROM `tb_score` WHERE ( `status` = 0 ) AND ( `appid` = 1 ) LIMIT 1   [ RunTime:0.000549s ]
NOTIC: [8] Use of undefined constant status - assumed 'status' F:\www\jianliapp\Home\Admin\Lib\Action\ScoreAction.class.php 第 27 行.
SQL: SELECT * FROM `tb_score` WHERE ( `status` = 0 ) AND ( `appid` = 1 ) ORDER BY createtime LIMIT 0,5   [ RunTime:0.000787s ]
INFO: [ view_template ] --START--
INFO: Run LocationTemplate Behavior [ RunTime:0.001173s ]
INFO: [ view_template ] --END-- [ RunTime:0.001245s ]
INFO: [ view_parse ] --START--
NOTIC: [8] Undefined variable: Title F:\www\jianliapp\Home\Admin\Runtime\Cache\4582f7e6a7cae08ae4e3bb65f8a9cef2.php 第 9 行.
INFO: Run ParseTemplate Behavior [ RunTime:0.017333s ]
INFO: [ view_parse ] --END-- [ RunTime:0.017409s ]
INFO: [ view_filter ] --START--
INFO: Run ContentReplace Behavior [ RunTime:0.000790s ]
INFO: Run TokenBuild Behavior [ RunTime:0.000631s ]
INFO: Run WriteHtmlCache Behavior [ RunTime:0.000483s ]
INFO: Run ShowRuntime Behavior [ RunTime:0.000718s ]
INFO: [ view_filter ] --END-- [ RunTime:0.002825s ]
INFO: [ view_end ] --START--
INFO: Run ShowPageTrace Behavior [ RunTime:0.001596s ]
INFO: [ view_end ] --END-- [ RunTime:0.001745s ]

[ 2013-11-15T10:36:33+08:00 ] 0.0.0.0 /jianliapp/admin.php?s=/Score/clist
INFO: [ route_check ] --START--
INFO: Run CheckRoute Behavior [ RunTime:0.000930s ]
INFO: [ route_check ] --END-- [ RunTime:0.001009s ]
INFO: [ app_begin ] --START--
INFO: Run ReadHtmlCache Behavior [ RunTime:0.000684s ]
INFO: [ app_begin ] --END-- [ RunTime:0.000734s ]
SQL: SHOW COLUMNS FROM `tb_score` [ RunTime:0.003599s ]
NOTIC: [8] Use of undefined constant status - assumed 'status' F:\www\jianliapp\Home\Admin\Lib\Action\ScoreAction.class.php 第 24 行.
SQL: SELECT COUNT(*) AS tp_count FROM `tb_score` WHERE ( `status` = 0 ) AND ( `appid` = 1 ) LIMIT 1   [ RunTime:0.000454s ]
NOTIC: [8] Use of undefined constant status - assumed 'status' F:\www\jianliapp\Home\Admin\Lib\Action\ScoreAction.class.php 第 27 行.
SQL: SELECT * FROM `tb_score` WHERE ( `status` = 0 ) AND ( `appid` = 1 ) ORDER BY createtime LIMIT 0,5   [ RunTime:0.000544s ]
INFO: [ view_template ] --START--
INFO: Run LocationTemplate Behavior [ RunTime:0.000938s ]
INFO: [ view_template ] --END-- [ RunTime:0.000994s ]
INFO: [ view_parse ] --START--
NOTIC: [8] Undefined variable: Title F:\www\jianliapp\Home\Admin\Runtime\Cache\4582f7e6a7cae08ae4e3bb65f8a9cef2.php 第 9 行.
INFO: Run ParseTemplate Behavior [ RunTime:0.013284s ]
INFO: [ view_parse ] --END-- [ RunTime:0.013343s ]
INFO: [ view_filter ] --START--
INFO: Run ContentReplace Behavior [ RunTime:0.000616s ]
INFO: Run TokenBuild Behavior [ RunTime:0.000485s ]
INFO: Run WriteHtmlCache Behavior [ RunTime:0.000383s ]
INFO: Run ShowRuntime Behavior [ RunTime:0.000558s ]
INFO: [ view_filter ] --END-- [ RunTime:0.002176s ]
INFO: [ view_end ] --START--
INFO: Run ShowPageTrace Behavior [ RunTime:0.000789s ]
INFO: [ view_end ] --END-- [ RunTime:0.000851s ]

[ 2013-11-15T10:37:19+08:00 ] 0.0.0.0 /jianliapp/admin.php?s=/Score/clist
INFO: [ route_check ] --START--
INFO: Run CheckRoute Behavior [ RunTime:0.001421s ]
INFO: [ route_check ] --END-- [ RunTime:0.001541s ]
INFO: [ app_begin ] --START--
INFO: Run ReadHtmlCache Behavior [ RunTime:0.000796s ]
INFO: [ app_begin ] --END-- [ RunTime:0.000853s ]
SQL: SHOW COLUMNS FROM `tb_score` [ RunTime:0.004168s ]
NOTIC: [8] Use of undefined constant status - assumed 'status' F:\www\jianliapp\Home\Admin\Lib\Action\ScoreAction.class.php 第 24 行.
SQL: SELECT COUNT(*) AS tp_count FROM `tb_score` WHERE ( `status` = 0 ) AND ( `appid` = 1 ) LIMIT 1   [ RunTime:0.000618s ]
NOTIC: [8] Use of undefined constant status - assumed 'status' F:\www\jianliapp\Home\Admin\Lib\Action\ScoreAction.class.php 第 27 行.
SQL: SELECT * FROM `tb_score` WHERE ( `status` = 0 ) AND ( `appid` = 1 ) ORDER BY createtime LIMIT 0,5   [ RunTime:0.001102s ]
INFO: [ view_template ] --START--
INFO: Run LocationTemplate Behavior [ RunTime:0.001199s ]
INFO: [ view_template ] --END-- [ RunTime:0.001272s ]
INFO: [ view_parse ] --START--
NOTIC: [8] Undefined variable: Title F:\www\jianliapp\Home\Admin\Runtime\Cache\4582f7e6a7cae08ae4e3bb65f8a9cef2.php 第 9 行.
INFO: Run ParseTemplate Behavior [ RunTime:0.017471s ]
INFO: [ view_parse ] --END-- [ RunTime:0.017529s ]
INFO: [ view_filter ] --START--
INFO: Run ContentReplace Behavior [ RunTime:0.000510s ]
INFO: Run TokenBuild Behavior [ RunTime:0.000390s ]
INFO: Run WriteHtmlCache Behavior [ RunTime:0.000306s ]
INFO: Run ShowRuntime Behavior [ RunTime:0.000448s ]
INFO: [ view_filter ] --END-- [ RunTime:0.001760s ]
INFO: [ view_end ] --START--
INFO: Run ShowPageTrace Behavior [ RunTime:0.000811s ]
INFO: [ view_end ] --END-- [ RunTime:0.000920s ]

[ 2013-11-15T10:37:32+08:00 ] 0.0.0.0 /jianliapp/admin.php?s=/Score/clist
INFO: [ route_check ] --START--
INFO: Run CheckRoute Behavior [ RunTime:0.001399s ]
INFO: [ route_check ] --END-- [ RunTime:0.001496s ]
INFO: [ app_begin ] --START--
INFO: Run ReadHtmlCache Behavior [ RunTime:0.000860s ]
INFO: [ app_begin ] --END-- [ RunTime:0.000926s ]
SQL: SHOW COLUMNS FROM `tb_score` [ RunTime:0.008634s ]
NOTIC: [8] Use of undefined constant status - assumed 'status' F:\www\jianliapp\Home\Admin\Lib\Action\ScoreAction.class.php 第 24 行.
SQL: SELECT COUNT(*) AS tp_count FROM `tb_score` WHERE ( `status` = 0 ) AND ( `appid` = 1 ) LIMIT 1   [ RunTime:0.000890s ]
NOTIC: [8] Use of undefined constant status - assumed 'status' F:\www\jianliapp\Home\Admin\Lib\Action\ScoreAction.class.php 第 27 行.
SQL: SELECT * FROM `tb_score` WHERE ( `status` = 0 ) AND ( `appid` = 1 ) ORDER BY createtime LIMIT 0,5   [ RunTime:0.000591s ]
INFO: [ view_template ] --START--
INFO: Run LocationTemplate Behavior [ RunTime:0.001174s ]
INFO: [ view_template ] --END-- [ RunTime:0.001245s ]
INFO: [ view_parse ] --START--
NOTIC: [8] Undefined variable: Title F:\www\jianliapp\Home\Admin\Runtime\Cache\4582f7e6a7cae08ae4e3bb65f8a9cef2.php 第 9 行.
INFO: Run ParseTemplate Behavior [ RunTime:0.017272s ]
INFO: [ view_parse ] --END-- [ RunTime:0.017346s ]
INFO: [ view_filter ] --START--
INFO: Run ContentReplace Behavior [ RunTime:0.000789s ]
INFO: Run TokenBuild Behavior [ RunTime:0.000630s ]
INFO: Run WriteHtmlCache Behavior [ RunTime:0.000495s ]
INFO: Run ShowRuntime Behavior [ RunTime:0.000716s ]
INFO: [ view_filter ] --END-- [ RunTime:0.002798s ]
INFO: [ view_end ] --START--
INFO: Run ShowPageTrace Behavior [ RunTime:0.000974s ]
INFO: [ view_end ] --END-- [ RunTime:0.001044s ]

[ 2013-11-15T10:37:43+08:00 ] 0.0.0.0 /jianliapp/admin.php?s=/Score/clist
INFO: [ route_check ] --START--
INFO: Run CheckRoute Behavior [ RunTime:0.000916s ]
INFO: [ route_check ] --END-- [ RunTime:0.000992s ]
INFO: [ app_begin ] --START--
INFO: Run ReadHtmlCache Behavior [ RunTime:0.000658s ]
INFO: [ app_begin ] --END-- [ RunTime:0.000706s ]
SQL: SHOW COLUMNS FROM `tb_score` [ RunTime:0.008432s ]
SQL: SELECT COUNT(*) AS tp_count FROM `tb_score` WHERE ( createtime>1381939200 AND createtime<1385740800 ) AND ( `status` = 0 ) AND ( `appid` = 1 ) LIMIT 1   [ RunTime:0.000895s ]
SQL: SELECT * FROM `tb_score` WHERE ( createtime>1381939200 AND createtime<1385740800 ) AND ( `status` = 0 ) AND ( `appid` = 1 ) ORDER BY createtime desc LIMIT 0,5   [ RunTime:0.001161s ]
INFO: [ view_template ] --START--
INFO: Run LocationTemplate Behavior [ RunTime:0.002347s ]
INFO: [ view_template ] --END-- [ RunTime:0.002659s ]
INFO: [ view_parse ] --START--
NOTIC: [8] Undefined variable: Title F:\www\jianliapp\Home\Admin\Runtime\Cache\4582f7e6a7cae08ae4e3bb65f8a9cef2.php 第 9 行.
NOTIC: [8] Undefined variable: data F:\www\jianliapp\Home\Admin\Runtime\Cache\4582f7e6a7cae08ae4e3bb65f8a9cef2.php 第 81 行.
INFO: Run ParseTemplate Behavior [ RunTime:0.025572s ]
INFO: [ view_parse ] --END-- [ RunTime:0.025730s ]
INFO: [ view_filter ] --START--
INFO: Run ContentReplace Behavior [ RunTime:0.000628s ]
INFO: Run TokenBuild Behavior [ RunTime:0.000496s ]
INFO: Run WriteHtmlCache Behavior [ RunTime:0.000379s ]
INFO: Run ShowRuntime Behavior [ RunTime:0.000568s ]
INFO: [ view_filter ] --END-- [ RunTime:0.002204s ]
INFO: [ view_end ] --START--
INFO: Run ShowPageTrace Behavior [ RunTime:0.001259s ]
INFO: [ view_end ] --END-- [ RunTime:0.001352s ]

[ 2013-11-15T10:38:28+08:00 ] 0.0.0.0 /jianliapp/admin.php?s=/Score/clist
INFO: [ route_check ] --START--
INFO: Run CheckRoute Behavior [ RunTime:0.001159s ]
INFO: [ route_check ] --END-- [ RunTime:0.001255s ]
INFO: [ app_begin ] --START--
INFO: Run ReadHtmlCache Behavior [ RunTime:0.000841s ]
INFO: [ app_begin ] --END-- [ RunTime:0.000904s ]
SQL: SHOW COLUMNS FROM `tb_score` [ RunTime:0.004127s ]
NOTIC: [8] Use of undefined constant status - assumed 'status' F:\www\jianliapp\Home\Admin\Lib\Action\ScoreAction.class.php 第 24 行.
SQL: SELECT COUNT(*) AS tp_count FROM `tb_score` WHERE ( `status` = 0 ) AND ( `appid` = 1 ) LIMIT 1   [ RunTime:0.000541s ]
NOTIC: [8] Use of undefined constant status - assumed 'status' F:\www\jianliapp\Home\Admin\Lib\Action\ScoreAction.class.php 第 27 行.
SQL: SELECT * FROM `tb_score` WHERE ( `status` = 0 ) AND ( `appid` = 1 ) ORDER BY createtime LIMIT 0,5   [ RunTime:0.000691s ]
INFO: [ view_template ] --START--
INFO: Run LocationTemplate Behavior [ RunTime:0.001163s ]
INFO: [ view_template ] --END-- [ RunTime:0.001234s ]
INFO: [ view_parse ] --START--
NOTIC: [8] Undefined variable: Title F:\www\jianliapp\Home\Admin\Runtime\Cache\4582f7e6a7cae08ae4e3bb65f8a9cef2.php 第 9 行.
INFO: Run ParseTemplate Behavior [ RunTime:0.017395s ]
INFO: [ view_parse ] --END-- [ RunTime:0.017472s ]
INFO: [ view_filter ] --START--
INFO: Run ContentReplace Behavior [ RunTime:0.000778s ]
INFO: Run TokenBuild Behavior [ RunTime:0.000889s ]
INFO: Run WriteHtmlCache Behavior [ RunTime:0.000756s ]
INFO: Run ShowRuntime Behavior [ RunTime:0.000769s ]
INFO: [ view_filter ] --END-- [ RunTime:0.003414s ]
INFO: [ view_end ] --START--
INFO: Run ShowPageTrace Behavior [ RunTime:0.001344s ]
INFO: [ view_end ] --END-- [ RunTime:0.001442s ]

[ 2013-11-15T10:38:40+08:00 ] 0.0.0.0 /jianliapp/admin.php?s=/Score/clist
INFO: [ route_check ] --START--
INFO: Run CheckRoute Behavior [ RunTime:0.001811s ]
INFO: [ route_check ] --END-- [ RunTime:0.001921s ]
INFO: [ app_begin ] --START--
INFO: Run ReadHtmlCache Behavior [ RunTime:0.000928s ]
INFO: [ app_begin ] --END-- [ RunTime:0.001001s ]
SQL: SHOW COLUMNS FROM `tb_score` [ RunTime:0.008111s ]
NOTIC: [8] Use of undefined constant status - assumed 'status' F:\www\jianliapp\Home\Admin\Lib\Action\ScoreAction.class.php 第 24 行.
SQL: SELECT COUNT(*) AS tp_count FROM `tb_score` WHERE ( `status` = 0 ) AND ( `appid` = 1 ) LIMIT 1   [ RunTime:0.000917s ]
NOTIC: [8] Use of undefined constant status - assumed 'status' F:\www\jianliapp\Home\Admin\Lib\Action\ScoreAction.class.php 第 27 行.
SQL: SELECT * FROM `tb_score` WHERE ( `status` = 0 ) AND ( `appid` = 1 ) ORDER BY createtime LIMIT 0,5   [ RunTime:0.001323s ]
INFO: [ view_template ] --START--
INFO: Run LocationTemplate Behavior [ RunTime:0.002384s ]
INFO: [ view_template ] --END-- [ RunTime:0.002533s ]
INFO: [ view_parse ] --START--
NOTIC: [8] Undefined variable: Title F:\www\jianliapp\Home\Admin\Runtime\Cache\4582f7e6a7cae08ae4e3bb65f8a9cef2.php 第 9 行.
INFO: Run ParseTemplate Behavior [ RunTime:0.028845s ]
INFO: [ view_parse ] --END-- [ RunTime:0.028950s ]
INFO: [ view_filter ] --START--
INFO: Run ContentReplace Behavior [ RunTime:0.000788s ]
INFO: Run TokenBuild Behavior [ RunTime:0.000637s ]
INFO: Run WriteHtmlCache Behavior [ RunTime:0.000483s ]
INFO: Run ShowRuntime Behavior [ RunTime:0.000862s ]
INFO: [ view_filter ] --END-- [ RunTime:0.002946s ]
INFO: [ view_end ] --START--
INFO: Run ShowPageTrace Behavior [ RunTime:0.001088s ]
INFO: [ view_end ] --END-- [ RunTime:0.001166s ]

[ 2013-11-15T10:39:00+08:00 ] 0.0.0.0 /jianliapp/admin.php?s=/Score/clist
INFO: [ route_check ] --START--
INFO: Run CheckRoute Behavior [ RunTime:0.000999s ]
INFO: [ route_check ] --END-- [ RunTime:0.001103s ]
INFO: [ app_begin ] --START--
INFO: Run ReadHtmlCache Behavior [ RunTime:0.000953s ]
INFO: [ app_begin ] --END-- [ RunTime:0.001047s ]
SQL: SHOW COLUMNS FROM `tb_score` [ RunTime:0.008919s ]
NOTIC: [8] Use of undefined constant status - assumed 'status' F:\www\jianliapp\Home\Admin\Lib\Action\ScoreAction.class.php 第 24 行.
SQL: SELECT COUNT(*) AS tp_count FROM `tb_score` WHERE ( `status` = 0 ) AND ( `appid` = 1 ) LIMIT 1   [ RunTime:0.001300s ]
NOTIC: [8] Use of undefined constant status - assumed 'status' F:\www\jianliapp\Home\Admin\Lib\Action\ScoreAction.class.php 第 27 行.
SQL: SELECT * FROM `tb_score` WHERE ( `status` = 0 ) AND ( `appid` = 1 ) ORDER BY createtime LIMIT 0,5   [ RunTime:0.001255s ]
INFO: [ view_template ] --START--
INFO: Run LocationTemplate Behavior [ RunTime:0.003239s ]
INFO: [ view_template ] --END-- [ RunTime:0.003422s ]
INFO: [ view_parse ] --START--
NOTIC: [8] Undefined variable: Title F:\www\jianliapp\Home\Admin\Runtime\Cache\4582f7e6a7cae08ae4e3bb65f8a9cef2.php 第 9 行.
INFO: Run ParseTemplate Behavior [ RunTime:0.021241s ]
INFO: [ view_parse ] --END-- [ RunTime:0.021350s ]
INFO: [ view_filter ] --START--
INFO: Run ContentReplace Behavior [ RunTime:0.001735s ]
INFO: Run TokenBuild Behavior [ RunTime:0.001327s ]
INFO: Run WriteHtmlCache Behavior [ RunTime:0.000756s ]
INFO: Run ShowRuntime Behavior [ RunTime:0.000869s ]
INFO: [ view_filter ] --END-- [ RunTime:0.004961s ]
INFO: [ view_end ] --START--
INFO: Run ShowPageTrace Behavior [ RunTime:0.001724s ]
INFO: [ view_end ] --END-- [ RunTime:0.001829s ]

[ 2013-11-15T10:39:11+08:00 ] 0.0.0.0 /jianliapp/admin.php?s=/Company/company
INFO: [ route_check ] --START--
INFO: Run CheckRoute Behavior [ RunTime:0.000937s ]
INFO: [ route_check ] --END-- [ RunTime:0.001014s ]
INFO: [ app_begin ] --START--
INFO: Run ReadHtmlCache Behavior [ RunTime:0.000684s ]
INFO: [ app_begin ] --END-- [ RunTime:0.000738s ]
SQL: SHOW COLUMNS FROM `tb_company` [ RunTime:0.005221s ]
SQL: SELECT COUNT(*) AS tp_count FROM `tb_company` WHERE ( `status` = 0 ) AND ( `appid` = 1 ) LIMIT 1   [ RunTime:0.000608s ]
SQL: SELECT * FROM `tb_company` WHERE ( `status` = 0 ) AND ( `appid` = 1 ) ORDER BY createtime desc LIMIT 0,5   [ RunTime:0.000792s ]
INFO: [ view_template ] --START--
INFO: Run LocationTemplate Behavior [ RunTime:0.001181s ]
INFO: [ view_template ] --END-- [ RunTime:0.001253s ]
INFO: [ view_parse ] --START--
NOTIC: [8] Undefined variable: Title F:\www\jianliapp\Home\Admin\Runtime\Cache\3dbb8342dba5dceca89a4b04b0753a77.php 第 9 行.
INFO: Run ParseTemplate Behavior [ RunTime:0.015089s ]
INFO: [ view_parse ] --END-- [ RunTime:0.015162s ]
INFO: [ view_filter ] --START--
INFO: Run ContentReplace Behavior [ RunTime:0.000811s ]
INFO: Run TokenBuild Behavior [ RunTime:0.000650s ]
INFO: Run WriteHtmlCache Behavior [ RunTime:0.000487s ]
INFO: Run ShowRuntime Behavior [ RunTime:0.000711s ]
INFO: [ view_filter ] --END-- [ RunTime:0.002833s ]
INFO: [ view_end ] --START--
INFO: Run ShowPageTrace Behavior [ RunTime:0.000889s ]
INFO: [ view_end ] --END-- [ RunTime:0.000950s ]

[ 2013-11-15T10:39:17+08:00 ] 0.0.0.0 /jianliapp/admin.php?s=/Company/company
INFO: [ route_check ] --START--
INFO: Run CheckRoute Behavior [ RunTime:0.001398s ]
INFO: [ route_check ] --END-- [ RunTime:0.001497s ]
INFO: [ app_begin ] --START--
INFO: Run ReadHtmlCache Behavior [ RunTime:0.000962s ]
INFO: [ app_begin ] --END-- [ RunTime:0.001030s ]
SQL: SHOW COLUMNS FROM `tb_company` [ RunTime:0.010253s ]
SQL: SELECT COUNT(*) AS tp_count FROM `tb_company` WHERE ( `status` = 0 ) AND ( `appid` = 1 ) LIMIT 1   [ RunTime:0.000963s ]
SQL: SELECT * FROM `tb_company` WHERE ( `status` = 0 ) AND ( `appid` = 1 ) ORDER BY createtime desc LIMIT 0,5   [ RunTime:0.001917s ]
INFO: [ view_template ] --START--
INFO: Run LocationTemplate Behavior [ RunTime:0.003048s ]
INFO: [ view_template ] --END-- [ RunTime:0.003176s ]
INFO: [ view_parse ] --START--
NOTIC: [8] Undefined variable: Title F:\www\jianliapp\Home\Admin\Runtime\Cache\3dbb8342dba5dceca89a4b04b0753a77.php 第 9 行.
INFO: Run ParseTemplate Behavior [ RunTime:0.015893s ]
INFO: [ view_parse ] --END-- [ RunTime:0.015970s ]
INFO: [ view_filter ] --START--
INFO: Run ContentReplace Behavior [ RunTime:0.001037s ]
INFO: Run TokenBuild Behavior [ RunTime:0.000754s ]
INFO: Run WriteHtmlCache Behavior [ RunTime:0.000597s ]
INFO: Run ShowRuntime Behavior [ RunTime:0.000826s ]
INFO: [ view_filter ] --END-- [ RunTime:0.003392s ]
INFO: [ view_end ] --START--
INFO: Run ShowPageTrace Behavior [ RunTime:0.001328s ]
INFO: [ view_end ] --END-- [ RunTime:0.001398s ]

[ 2013-11-15T10:39:28+08:00 ] 0.0.0.0 /jianliapp/admin.php?s=/Company/company
INFO: [ route_check ] --START--
INFO: Run CheckRoute Behavior [ RunTime:0.001146s ]
INFO: [ route_check ] --END-- [ RunTime:0.001241s ]
INFO: [ app_begin ] --START--
INFO: Run ReadHtmlCache Behavior [ RunTime:0.000838s ]
INFO: [ app_begin ] --END-- [ RunTime:0.000902s ]
SQL: SHOW COLUMNS FROM `tb_company` [ RunTime:0.004533s ]
SQL: SELECT COUNT(*) AS tp_count FROM `tb_company` WHERE ( `status` = 0 ) AND ( `appid` = 1 ) LIMIT 1   [ RunTime:0.000561s ]
SQL: SELECT * FROM `tb_company` WHERE ( `status` = 0 ) AND ( `appid` = 1 ) ORDER BY createtime desc LIMIT 0,5   [ RunTime:0.000757s ]
INFO: [ view_template ] --START--
INFO: Run LocationTemplate Behavior [ RunTime:0.001333s ]
INFO: [ view_template ] --END-- [ RunTime:0.001407s ]
INFO: [ view_parse ] --START--
NOTIC: [8] Undefined variable: Title F:\www\jianliapp\Home\Admin\Runtime\Cache\3dbb8342dba5dceca89a4b04b0753a77.php 第 9 行.
INFO: Run ParseTemplate Behavior [ RunTime:0.014230s ]
INFO: [ view_parse ] --END-- [ RunTime:0.014304s ]
INFO: [ view_filter ] --START--
INFO: Run ContentReplace Behavior [ RunTime:0.000770s ]
INFO: Run TokenBuild Behavior [ RunTime:0.000934s ]
INFO: Run WriteHtmlCache Behavior [ RunTime:0.001059s ]
INFO: Run ShowRuntime Behavior [ RunTime:0.000835s ]
INFO: [ view_filter ] --END-- [ RunTime:0.003821s ]
INFO: [ view_end ] --START--
INFO: Run ShowPageTrace Behavior [ RunTime:0.000903s ]
INFO: [ view_end ] --END-- [ RunTime:0.000966s ]

[ 2013-11-15T10:39:59+08:00 ] 0.0.0.0 /jianliapp/admin.php?s=/Company/company
INFO: [ route_check ] --START--
INFO: Run CheckRoute Behavior [ RunTime:0.001169s ]
INFO: [ route_check ] --END-- [ RunTime:0.001263s ]
INFO: [ app_begin ] --START--
INFO: Run ReadHtmlCache Behavior [ RunTime:0.000834s ]
INFO: [ app_begin ] --END-- [ RunTime:0.000900s ]
SQL: SHOW COLUMNS FROM `tb_company` [ RunTime:0.009927s ]
SQL: SELECT COUNT(*) AS tp_count FROM `tb_company` WHERE ( `status` = 0 ) AND ( `appid` = 1 ) LIMIT 1   [ RunTime:0.000919s ]
SQL: SELECT * FROM `tb_company` WHERE ( `status` = 0 ) AND ( `appid` = 1 ) ORDER BY createtime desc LIMIT 0,5   [ RunTime:0.001539s ]
INFO: [ view_template ] --START--
INFO: Run LocationTemplate Behavior [ RunTime:0.002696s ]
INFO: [ view_template ] --END-- [ RunTime:0.002852s ]
INFO: [ view_parse ] --START--
NOTIC: [8] Undefined variable: Title F:\www\jianliapp\Home\Admin\Runtime\Cache\3dbb8342dba5dceca89a4b04b0753a77.php 第 9 行.
INFO: Run ParseTemplate Behavior [ RunTime:0.017335s ]
INFO: [ view_parse ] --END-- [ RunTime:0.017442s ]
INFO: [ view_filter ] --START--
INFO: Run ContentReplace Behavior [ RunTime:0.000792s ]
INFO: Run TokenBuild Behavior [ RunTime:0.000895s ]
INFO: Run WriteHtmlCache Behavior [ RunTime:0.000485s ]
INFO: Run ShowRuntime Behavior [ RunTime:0.000724s ]
INFO: [ view_filter ] --END-- [ RunTime:0.003073s ]
INFO: [ view_end ] --START--
INFO: Run ShowPageTrace Behavior [ RunTime:0.000880s ]
INFO: [ view_end ] --END-- [ RunTime:0.000944s ]

[ 2013-11-15T10:40:30+08:00 ] 0.0.0.0 /jianliapp/admin.php?s=/Company/company
INFO: [ route_check ] --START--
INFO: Run CheckRoute Behavior [ RunTime:0.001841s ]
INFO: [ route_check ] --END-- [ RunTime:0.001958s ]
INFO: [ app_begin ] --START--
INFO: Run ReadHtmlCache Behavior [ RunTime:0.001290s ]
INFO: [ app_begin ] --END-- [ RunTime:0.001383s ]
SQL: SHOW COLUMNS FROM `tb_company` [ RunTime:0.009573s ]
SQL: SELECT COUNT(*) AS tp_count FROM `tb_company` WHERE ( `status` = 0 ) AND ( `appid` = 1 ) LIMIT 1   [ RunTime:0.000921s ]
SQL: SELECT * FROM `tb_company` WHERE ( `status` = 0 ) AND ( `appid` = 1 ) ORDER BY createtime desc LIMIT 0,5   [ RunTime:0.001683s ]
INFO: [ view_template ] --START--
INFO: Run LocationTemplate Behavior [ RunTime:0.002884s ]
INFO: [ view_template ] --END-- [ RunTime:0.003058s ]
INFO: [ view_parse ] --START--
NOTIC: [8] Undefined variable: Title F:\www\jianliapp\Home\Admin\Runtime\Cache\3dbb8342dba5dceca89a4b04b0753a77.php 第 9 行.
INFO: Run ParseTemplate Behavior [ RunTime:0.021610s ]
INFO: [ view_parse ] --END-- [ RunTime:0.021713s ]
INFO: [ view_filter ] --START--
INFO: Run ContentReplace Behavior [ RunTime:0.000788s ]
INFO: Run TokenBuild Behavior [ RunTime:0.000631s ]
INFO: Run WriteHtmlCache Behavior [ RunTime:0.000482s ]
INFO: Run ShowRuntime Behavior [ RunTime:0.000720s ]
INFO: [ view_filter ] --END-- [ RunTime:0.002789s ]
INFO: [ view_end ] --START--
INFO: Run ShowPageTrace Behavior [ RunTime:0.000875s ]
INFO: [ view_end ] --END-- [ RunTime:0.000936s ]

[ 2013-11-15T10:40:43+08:00 ] 0.0.0.0 /jianliapp/admin.php?s=/Article/edit
INFO: [ route_check ] --START--
INFO: Run CheckRoute Behavior [ RunTime:0.001155s ]
INFO: [ route_check ] --END-- [ RunTime:0.001250s ]
INFO: [ app_begin ] --START--
INFO: Run ReadHtmlCache Behavior [ RunTime:0.001016s ]
INFO: [ app_begin ] --END-- [ RunTime:0.001090s ]
SQL: SHOW COLUMNS FROM `tb_article` [ RunTime:0.008784s ]
SQL: SELECT COUNT(*) AS tp_count FROM `tb_article` WHERE ( status = 0 ) LIMIT 1   [ RunTime:0.001241s ]
SQL: SELECT * FROM `tb_article` WHERE ( `status` = 0 ) AND ( `appid` = 1 ) ORDER BY createtime LIMIT 0,5   [ RunTime:0.001483s ]
INFO: [ view_template ] --START--
INFO: Run LocationTemplate Behavior [ RunTime:0.003369s ]
INFO: [ view_template ] --END-- [ RunTime:0.003562s ]
INFO: [ view_parse ] --START--
NOTIC: [8] Undefined variable: Title F:\www\jianliapp\Home\Admin\Runtime\Cache\6943ab58b90dad5005859c360863f5df.php 第 9 行.
NOTIC: [8] Undefined variable: id F:\www\jianliapp\Home\Admin\Runtime\Cache\6943ab58b90dad5005859c360863f5df.php 第 110 行.
INFO: Run ParseTemplate Behavior [ RunTime:0.021565s ]
INFO: [ view_parse ] --END-- [ RunTime:0.021669s ]
INFO: [ view_filter ] --START--
INFO: Run ContentReplace Behavior [ RunTime:0.001305s ]
INFO: Run TokenBuild Behavior [ RunTime:0.000853s ]
INFO: Run WriteHtmlCache Behavior [ RunTime:0.000506s ]
INFO: Run ShowRuntime Behavior [ RunTime:0.000766s ]
INFO: [ view_filter ] --END-- [ RunTime:0.003625s ]
INFO: [ view_end ] --START--
INFO: Run ShowPageTrace Behavior [ RunTime:0.001372s ]
INFO: [ view_end ] --END-- [ RunTime:0.001544s ]

[ 2013-11-15T10:40:56+08:00 ] 0.0.0.0 /jianliapp/admin.php?s=/Score/clist
INFO: [ route_check ] --START--
INFO: Run CheckRoute Behavior [ RunTime:0.000925s ]
INFO: [ route_check ] --END-- [ RunTime:0.001011s ]
INFO: [ app_begin ] --START--
INFO: Run ReadHtmlCache Behavior [ RunTime:0.000680s ]
INFO: [ app_begin ] --END-- [ RunTime:0.000734s ]
SQL: SHOW COLUMNS FROM `tb_score` [ RunTime:0.003938s ]
NOTIC: [8] Use of undefined constant status - assumed 'status' F:\www\jianliapp\Home\Admin\Lib\Action\ScoreAction.class.php 第 24 行.
SQL: SELECT COUNT(*) AS tp_count FROM `tb_score` WHERE ( `status` = 0 ) AND ( `appid` = 1 ) LIMIT 1   [ RunTime:0.000573s ]
NOTIC: [8] Use of undefined constant status - assumed 'status' F:\www\jianliapp\Home\Admin\Lib\Action\ScoreAction.class.php 第 27 行.
SQL: SELECT * FROM `tb_score` WHERE ( `status` = 0 ) AND ( `appid` = 1 ) ORDER BY createtime LIMIT 0,5   [ RunTime:0.000623s ]
INFO: [ view_template ] --START--
INFO: Run LocationTemplate Behavior [ RunTime:0.001429s ]
INFO: [ view_template ] --END-- [ RunTime:0.001538s ]
INFO: [ view_parse ] --START--
NOTIC: [8] Undefined variable: Title F:\www\jianliapp\Home\Admin\Runtime\Cache\4582f7e6a7cae08ae4e3bb65f8a9cef2.php 第 9 行.
INFO: Run ParseTemplate Behavior [ RunTime:0.016742s ]
INFO: [ view_parse ] --END-- [ RunTime:0.016803s ]
INFO: [ view_filter ] --START--
INFO: Run ContentReplace Behavior [ RunTime:0.000494s ]
INFO: Run TokenBuild Behavior [ RunTime:0.000395s ]
INFO: Run WriteHtmlCache Behavior [ RunTime:0.000296s ]
INFO: Run ShowRuntime Behavior [ RunTime:0.000437s ]
INFO: [ view_filter ] --END-- [ RunTime:0.001726s ]
INFO: [ view_end ] --START--
INFO: Run ShowPageTrace Behavior [ RunTime:0.000630s ]
INFO: [ view_end ] --END-- [ RunTime:0.000677s ]

[ 2013-11-15T10:41:09+08:00 ] 0.0.0.0 /jianliapp/admin.php?s=/User/userlist
INFO: [ route_check ] --START--
INFO: Run CheckRoute Behavior [ RunTime:0.001026s ]
INFO: [ route_check ] --END-- [ RunTime:0.001130s ]
INFO: [ app_begin ] --START--
INFO: Run ReadHtmlCache Behavior [ RunTime:0.000708s ]
INFO: [ app_begin ] --END-- [ RunTime:0.000761s ]
SQL: SHOW COLUMNS FROM `tb_user` [ RunTime:0.011718s ]
SQL: SELECT COUNT(*) AS tp_count FROM `tb_user` WHERE ( status = 0 ) LIMIT 1   [ RunTime:0.001084s ]
SQL: SELECT * FROM `tb_user` WHERE ( status = 0 ) ORDER BY createtime LIMIT 0,5   [ RunTime:0.001404s ]
INFO: [ view_template ] --START--
INFO: Run LocationTemplate Behavior [ RunTime:0.002714s ]
INFO: [ view_template ] --END-- [ RunTime:0.002886s ]
INFO: [ view_parse ] --START--
NOTIC: [8] Undefined variable: Title F:\www\jianliapp\Home\Admin\Runtime\Cache\0a220bfbaf9de7cfe24243968f008de6.php 第 9 行.
INFO: Run ParseTemplate Behavior [ RunTime:0.030384s ]
INFO: [ view_parse ] --END-- [ RunTime:0.030495s ]
INFO: [ view_filter ] --START--
INFO: Run ContentReplace Behavior [ RunTime:0.000829s ]
INFO: Run TokenBuild Behavior [ RunTime:0.000670s ]
INFO: Run WriteHtmlCache Behavior [ RunTime:0.000687s ]
INFO: Run ShowRuntime Behavior [ RunTime:0.000760s ]
INFO: [ view_filter ] --END-- [ RunTime:0.003134s ]
INFO: [ view_end ] --START--
INFO: Run ShowPageTrace Behavior [ RunTime:0.001642s ]
INFO: [ view_end ] --END-- [ RunTime:0.001743s ]

[ 2013-11-15T10:41:50+08:00 ] 0.0.0.0 /jianliapp/admin.php?s=/Score/single
INFO: [ route_check ] --START--
INFO: Run CheckRoute Behavior [ RunTime:0.001150s ]
INFO: [ route_check ] --END-- [ RunTime:0.001246s ]
INFO: [ app_begin ] --START--
INFO: Run ReadHtmlCache Behavior [ RunTime:0.001196s ]
INFO: [ app_begin ] --END-- [ RunTime:0.001291s ]
SQL: SHOW COLUMNS FROM `tb_score` [ RunTime:0.009705s ]
SQL: SHOW COLUMNS FROM `tb_user` [ RunTime:0.009969s ]
SQL: SELECT `id` FROM `tb_user` WHERE ( `nickname` = 'hds' ) AND ( `appid` = 1 ) LIMIT 1   [ RunTime:0.001324s ]
SQL: SELECT * FROM `tb_score` WHERE ( `uid` = 14 ) AND ( `appid` = 1 )  [ RunTime:0.001079s ]
INFO: [ view_template ] --START--
INFO: Run LocationTemplate Behavior [ RunTime:0.001794s ]
INFO: [ view_template ] --END-- [ RunTime:0.001936s ]
INFO: [ view_parse ] --START--
NOTIC: [8] Undefined variable: Title F:\www\jianliapp\Home\Admin\Runtime\Cache\f803499dcf4af620d8059a17afd427c4.php 第 9 行.
NOTIC: [8] Undefined variable: page F:\www\jianliapp\Home\Admin\Runtime\Cache\f803499dcf4af620d8059a17afd427c4.php 第 94 行.
INFO: Run ParseTemplate Behavior [ RunTime:0.018069s ]
INFO: [ view_parse ] --END-- [ RunTime:0.018171s ]
INFO: [ view_filter ] --START--
INFO: Run ContentReplace Behavior [ RunTime:0.000764s ]
INFO: Run TokenBuild Behavior [ RunTime:0.000631s ]
INFO: Run WriteHtmlCache Behavior [ RunTime:0.000484s ]
INFO: Run ShowRuntime Behavior [ RunTime:0.000716s ]
INFO: [ view_filter ] --END-- [ RunTime:0.002764s ]
INFO: [ view_end ] --START--
INFO: Run ShowPageTrace Behavior [ RunTime:0.002953s ]
INFO: [ view_end ] --END-- [ RunTime:0.003070s ]

[ 2013-11-15T10:49:53+08:00 ] 0.0.0.0 /jianliapp/admin.php?s=/Score/clist
INFO: [ route_check ] --START--
INFO: Run CheckRoute Behavior [ RunTime:0.001109s ]
INFO: [ route_check ] --END-- [ RunTime:0.001189s ]
INFO: [ app_begin ] --START--
INFO: Run ReadHtmlCache Behavior [ RunTime:0.000749s ]
INFO: [ app_begin ] --END-- [ RunTime:0.000802s ]
SQL: SHOW COLUMNS FROM `tb_score` [ RunTime:0.004554s ]
NOTIC: [8] Use of undefined constant status - assumed 'status' F:\www\jianliapp\Home\Admin\Lib\Action\ScoreAction.class.php 第 24 行.
SQL: SELECT COUNT(*) AS tp_count FROM `tb_score` WHERE ( `status` = 0 ) AND ( `appid` = 1 ) LIMIT 1   [ RunTime:0.000554s ]
NOTIC: [8] Use of undefined constant status - assumed 'status' F:\www\jianliapp\Home\Admin\Lib\Action\ScoreAction.class.php 第 27 行.
SQL: SELECT * FROM `tb_score` WHERE ( `status` = 0 ) AND ( `appid` = 1 ) ORDER BY createtime LIMIT 0,5   [ RunTime:0.000655s ]
INFO: [ view_template ] --START--
INFO: Run LocationTemplate Behavior [ RunTime:0.001457s ]
INFO: [ view_template ] --END-- [ RunTime:0.001525s ]
INFO: [ view_parse ] --START--
NOTIC: [8] Undefined variable: Title F:\www\jianliapp\Home\Admin\Runtime\Cache\4582f7e6a7cae08ae4e3bb65f8a9cef2.php 第 9 行.
INFO: Run ParseTemplate Behavior [ RunTime:0.019835s ]
INFO: [ view_parse ] --END-- [ RunTime:0.019909s ]
INFO: [ view_filter ] --START--
INFO: Run ContentReplace Behavior [ RunTime:0.001354s ]
INFO: Run TokenBuild Behavior [ RunTime:0.000808s ]
INFO: Run WriteHtmlCache Behavior [ RunTime:0.000583s ]
INFO: Run ShowRuntime Behavior [ RunTime:0.000715s ]
INFO: [ view_filter ] --END-- [ RunTime:0.003634s ]
INFO: [ view_end ] --START--
INFO: Run ShowPageTrace Behavior [ RunTime:0.001945s ]
INFO: [ view_end ] --END-- [ RunTime:0.002106s ]

[ 2013-11-15T11:02:36+08:00 ] 0.0.0.0 /jianliapp/admin.php?s=/Score/clist
INFO: [ route_check ] --START--
INFO: Run CheckRoute Behavior [ RunTime:0.001097s ]
INFO: [ route_check ] --END-- [ RunTime:0.001177s ]
INFO: [ app_begin ] --START--
INFO: Run ReadHtmlCache Behavior [ RunTime:0.000979s ]
INFO: [ app_begin ] --END-- [ RunTime:0.001035s ]
SQL: SHOW COLUMNS FROM `tb_score` [ RunTime:0.004897s ]
NOTIC: [8] Use of undefined constant status - assumed 'status' F:\www\jianliapp\Home\Admin\Lib\Action\ScoreAction.class.php 第 24 行.
SQL: SELECT COUNT(*) AS tp_count FROM `tb_score` WHERE ( `status` = 0 ) AND ( `appid` = 1 ) LIMIT 1   [ RunTime:0.000573s ]
NOTIC: [8] Use of undefined constant status - assumed 'status' F:\www\jianliapp\Home\Admin\Lib\Action\ScoreAction.class.php 第 27 行.
SQL: SELECT * FROM `tb_score` WHERE ( `status` = 0 ) AND ( `appid` = 1 ) ORDER BY createtime LIMIT 0,5   [ RunTime:0.000858s ]
INFO: [ view_template ] --START--
INFO: Run LocationTemplate Behavior [ RunTime:0.001860s ]
INFO: [ view_template ] --END-- [ RunTime:0.001957s ]
INFO: [ view_parse ] --START--
NOTIC: [8] Undefined variable: Title F:\www\jianliapp\Home\Admin\Runtime\Cache\4582f7e6a7cae08ae4e3bb65f8a9cef2.php 第 9 行.
INFO: Run ParseTemplate Behavior [ RunTime:0.017348s ]
INFO: [ view_parse ] --END-- [ RunTime:0.017411s ]
INFO: [ view_filter ] --START--
INFO: Run ContentReplace Behavior [ RunTime:0.000578s ]
INFO: Run TokenBuild Behavior [ RunTime:0.000468s ]
INFO: Run WriteHtmlCache Behavior [ RunTime:0.000363s ]
INFO: Run ShowRuntime Behavior [ RunTime:0.000498s ]
INFO: [ view_filter ] --END-- [ RunTime:0.002017s ]
INFO: [ view_end ] --START--
INFO: Run ShowPageTrace Behavior [ RunTime:0.000708s ]
INFO: [ view_end ] --END-- [ RunTime:0.000759s ]

[ 2013-11-15T13:35:09+08:00 ] 0.0.0.0 /jianliapp/admin.php?s=/Company/company
INFO: [ route_check ] --START--
INFO: Run CheckRoute Behavior [ RunTime:0.000958s ]
INFO: [ route_check ] --END-- [ RunTime:0.001040s ]
INFO: [ app_begin ] --START--
INFO: Run ReadHtmlCache Behavior [ RunTime:0.000620s ]
INFO: [ app_begin ] --END-- [ RunTime:0.000665s ]
SQL: SHOW COLUMNS FROM `tb_company` [ RunTime:0.010927s ]
NOTIC: [8] Array to string conversion F:\www\jianliapp\Home\Admin\Lib\Action\CompanyAction.class.php 第 26 行.
NOTIC: [8] Array to string conversion F:\www\jianliapp\Home\Admin\Lib\Action\CompanyAction.class.php 第 26 行.
SQL: SELECT COUNT(*) AS tp_count FROM `tb_company` WHERE ( `status` = 0 ) AND ( `appid` = 1 ) LIMIT 1   [ RunTime:0.000987s ]
SQL: SELECT * FROM `tb_company` WHERE ( `status` = 0 ) AND ( `appid` = 1 ) ORDER BY createtime desc LIMIT 0,5   [ RunTime:0.001562s ]
INFO: [ view_template ] --START--
INFO: Run LocationTemplate Behavior [ RunTime:0.001511s ]
INFO: [ view_template ] --END-- [ RunTime:0.001589s ]
INFO: [ view_parse ] --START--
NOTIC: [8] Undefined variable: Title F:\www\jianliapp\Home\Admin\Runtime\Cache\3dbb8342dba5dceca89a4b04b0753a77.php 第 9 行.
INFO: Run ParseTemplate Behavior [ RunTime:0.014630s ]
INFO: [ view_parse ] --END-- [ RunTime:0.014702s ]
INFO: [ view_filter ] --START--
INFO: Run ContentReplace Behavior [ RunTime:0.000864s ]
INFO: Run TokenBuild Behavior [ RunTime:0.000731s ]
INFO: Run WriteHtmlCache Behavior [ RunTime:0.000596s ]
INFO: Run ShowRuntime Behavior [ RunTime:0.000807s ]
INFO: [ view_filter ] --END-- [ RunTime:0.003173s ]
INFO: [ view_end ] --START--
INFO: Run ShowPageTrace Behavior [ RunTime:0.001316s ]
INFO: [ view_end ] --END-- [ RunTime:0.001387s ]

[ 2013-11-15T13:38:00+08:00 ] 0.0.0.0 /jianliapp/admin.php?s=/Company/company
INFO: [ route_check ] --START--
INFO: Run CheckRoute Behavior [ RunTime:0.001094s ]
INFO: [ route_check ] --END-- [ RunTime:0.001173s ]
INFO: [ app_begin ] --START--
INFO: Run ReadHtmlCache Behavior [ RunTime:0.000750s ]
INFO: [ app_begin ] --END-- [ RunTime:0.000801s ]
SQL: SHOW COLUMNS FROM `tb_company` [ RunTime:0.009880s ]
NOTIC: [8] Array to string conversion F:\www\jianliapp\Home\Admin\Lib\Action\CompanyAction.class.php 第 26 行.
NOTIC: [8] Array to string conversion F:\www\jianliapp\Home\Admin\Lib\Action\CompanyAction.class.php 第 26 行.
SQL: SELECT COUNT(*) AS tp_count FROM `tb_company` WHERE ( `status` = 0 ) AND ( `appid` = 1 ) LIMIT 1   [ RunTime:0.000875s ]
SQL: SELECT * FROM `tb_company` WHERE ( `status` = 0 ) AND ( `appid` = 1 ) ORDER BY createtime desc LIMIT 0,5   [ RunTime:0.001484s ]
INFO: [ view_template ] --START--
INFO: Run LocationTemplate Behavior [ RunTime:0.003125s ]
INFO: [ view_template ] --END-- [ RunTime:0.003286s ]
INFO: [ view_parse ] --START--
NOTIC: [8] Undefined variable: Title F:\www\jianliapp\Home\Admin\Runtime\Cache\3dbb8342dba5dceca89a4b04b0753a77.php 第 9 行.
INFO: Run ParseTemplate Behavior [ RunTime:0.021974s ]
INFO: [ view_parse ] --END-- [ RunTime:0.022080s ]
INFO: [ view_filter ] --START--
INFO: Run ContentReplace Behavior [ RunTime:0.000915s ]
INFO: Run TokenBuild Behavior [ RunTime:0.000773s ]
INFO: Run WriteHtmlCache Behavior [ RunTime:0.000593s ]
INFO: Run ShowRuntime Behavior [ RunTime:0.000830s ]
INFO: [ view_filter ] --END-- [ RunTime:0.003297s ]
INFO: [ view_end ] --START--
INFO: Run ShowPageTrace Behavior [ RunTime:0.001404s ]
INFO: [ view_end ] --END-- [ RunTime:0.001522s ]

