[ 2013-10-30T15:25:42+08:00 ] ERR: (ThinkException) 无法加载模块:Manager
[ 2013-10-30T15:33:36+08:00 ] ERR: (ThinkException) Access denied for user 'root'@'localhost' (using password: YES)
[ 2013-10-30T16:01:23+08:00 ] 0.0.0.0 /jianliapp/admin.php?s=/Manager/rtlist
INFO: [ route_check ] --START--
INFO: Run CheckRoute Behavior [ RunTime:0.001229s ]
INFO: [ route_check ] --END-- [ RunTime:0.001307s ]
INFO: [ app_begin ] --START--
INFO: Run ReadHtmlCache Behavior [ RunTime:0.000887s ]
INFO: [ app_begin ] --END-- [ RunTime:0.000939s ]
NOTIC: [8] Use of undefined constant ignore - assumed 'ignore' F:\www\jianliapp\ThinkPHP\Common\common.php 第 270 行.
SQL: SHOW COLUMNS FROM `tb_manager` [ RunTime:0.007939s ]
SQL: SHOW COLUMNS FROM `tb_richtext` [ RunTime:0.009549s ]
SQL: SELECT * FROM `tb_richtext` WHERE ( `parentid` = 0 )  [ RunTime:0.000855s ]
INFO: [ view_template ] --START--
INFO: Run LocationTemplate Behavior [ RunTime:0.003520s ]
INFO: [ view_template ] --END-- [ RunTime:0.003666s ]
INFO: [ view_parse ] --START--
NOTIC: [8] Undefined variable: htmlData F:\www\jianliapp\Home\Admin\Runtime\Cache\7f59056b1a9e3120004653599bbbef1d.php 第 80 行.
INFO: Run ParseTemplate Behavior [ RunTime:0.020097s ]
INFO: [ view_parse ] --END-- [ RunTime:0.020213s ]
INFO: [ view_filter ] --START--
INFO: Run ContentReplace Behavior [ RunTime:0.000940s ]
INFO: Run TokenBuild Behavior [ RunTime:0.000927s ]
INFO: Run WriteHtmlCache Behavior [ RunTime:0.000814s ]
INFO: Run ShowRuntime Behavior [ RunTime:0.000984s ]
INFO: [ view_filter ] --END-- [ RunTime:0.003875s ]
INFO: [ view_end ] --START--
INFO: Run ShowPageTrace Behavior [ RunTime:0.001176s ]
INFO: [ view_end ] --END-- [ RunTime:0.001259s ]

[ 2013-10-30T16:27:49+08:00 ] 0.0.0.0 /jianliapp/admin.php?s=/Manager/rtlist
INFO: [ route_check ] --START--
INFO: Run CheckRoute Behavior [ RunTime:0.001197s ]
INFO: [ route_check ] --END-- [ RunTime:0.001275s ]
INFO: [ app_begin ] --START--
INFO: Run ReadHtmlCache Behavior [ RunTime:0.000934s ]
INFO: [ app_begin ] --END-- [ RunTime:0.000988s ]
NOTIC: [8] Use of undefined constant ignore - assumed 'ignore' F:\www\jianliapp\ThinkPHP\Common\common.php 第 270 行.
SQL: SHOW COLUMNS FROM `tb_manager` [ RunTime:0.004551s ]
SQL: SHOW COLUMNS FROM `tb_richtext` [ RunTime:0.003863s ]
SQL: SELECT * FROM `tb_richtext` WHERE ( `parentid` = 0 )  [ RunTime:0.000487s ]
INFO: [ view_template ] --START--
INFO: Run LocationTemplate Behavior [ RunTime:0.001840s ]
INFO: [ view_template ] --END-- [ RunTime:0.001914s ]
INFO: [ view_parse ] --START--
NOTIC: [8] Undefined variable: htmlData F:\www\jianliapp\Home\Admin\Runtime\Cache\7f59056b1a9e3120004653599bbbef1d.php 第 42 行.
INFO: Run ParseTemplate Behavior [ RunTime:0.013044s ]
INFO: [ view_parse ] --END-- [ RunTime:0.013119s ]
INFO: [ view_filter ] --START--
INFO: Run ContentReplace Behavior [ RunTime:0.001019s ]
INFO: Run TokenBuild Behavior [ RunTime:0.000912s ]
INFO: Run WriteHtmlCache Behavior [ RunTime:0.000769s ]
INFO: Run ShowRuntime Behavior [ RunTime:0.000972s ]
INFO: [ view_filter ] --END-- [ RunTime:0.003845s ]
INFO: [ view_end ] --START--
INFO: Run ShowPageTrace Behavior [ RunTime:0.001160s ]
INFO: [ view_end ] --END-- [ RunTime:0.001220s ]

[ 2013-10-30T16:29:35+08:00 ] 0.0.0.0 /jianliapp/admin.php?s=/Manager/rtlist
INFO: [ route_check ] --START--
INFO: Run CheckRoute Behavior [ RunTime:0.000934s ]
INFO: [ route_check ] --END-- [ RunTime:0.001000s ]
INFO: [ app_begin ] --START--
INFO: Run ReadHtmlCache Behavior [ RunTime:0.000733s ]
INFO: [ app_begin ] --END-- [ RunTime:0.000773s ]
NOTIC: [8] Use of undefined constant ignore - assumed 'ignore' F:\www\jianliapp\ThinkPHP\Common\common.php 第 270 行.
SQL: SHOW COLUMNS FROM `tb_manager` [ RunTime:0.007915s ]
SQL: SHOW COLUMNS FROM `tb_richtext` [ RunTime:0.009162s ]
SQL: SELECT * FROM `tb_richtext` WHERE ( `parentid` = 0 )  [ RunTime:0.001271s ]
INFO: [ view_template ] --START--
INFO: Run LocationTemplate Behavior [ RunTime:0.003823s ]
INFO: [ view_template ] --END-- [ RunTime:0.003977s ]
INFO: [ view_parse ] --START--
NOTIC: [8] Undefined variable: htmlData F:\www\jianliapp\Home\Admin\Runtime\Cache\7f59056b1a9e3120004653599bbbef1d.php 第 42 行.
INFO: Run ParseTemplate Behavior [ RunTime:0.021075s ]
INFO: [ view_parse ] --END-- [ RunTime:0.021177s ]
INFO: [ view_filter ] --START--
INFO: Run ContentReplace Behavior [ RunTime:0.000844s ]
INFO: Run TokenBuild Behavior [ RunTime:0.000796s ]
INFO: Run WriteHtmlCache Behavior [ RunTime:0.000662s ]
INFO: Run ShowRuntime Behavior [ RunTime:0.000892s ]
INFO: [ view_filter ] --END-- [ RunTime:0.003364s ]
INFO: [ view_end ] --START--
INFO: Run ShowPageTrace Behavior [ RunTime:0.001069s ]
INFO: [ view_end ] --END-- [ RunTime:0.001129s ]

[ 2013-10-30T16:30:48+08:00 ] 0.0.0.0 /jianliapp/admin.php?s=/Manager/rtlist
INFO: [ route_check ] --START--
INFO: Run CheckRoute Behavior [ RunTime:0.001178s ]
INFO: [ route_check ] --END-- [ RunTime:0.001258s ]
INFO: [ app_begin ] --START--
INFO: Run ReadHtmlCache Behavior [ RunTime:0.000918s ]
INFO: [ app_begin ] --END-- [ RunTime:0.000970s ]
NOTIC: [8] Use of undefined constant ignore - assumed 'ignore' F:\www\jianliapp\ThinkPHP\Common\common.php 第 270 行.
SQL: SHOW COLUMNS FROM `tb_manager` [ RunTime:0.008288s ]
SQL: SHOW COLUMNS FROM `tb_richtext` [ RunTime:0.007861s ]
SQL: SELECT * FROM `tb_richtext` WHERE ( `parentid` = 0 )  [ RunTime:0.000930s ]
INFO: [ view_template ] --START--
INFO: Run LocationTemplate Behavior [ RunTime:0.002429s ]
INFO: [ view_template ] --END-- [ RunTime:0.002526s ]
INFO: [ view_parse ] --START--
NOTIC: [8] Undefined variable: htmlData F:\www\jianliapp\Home\Admin\Runtime\Cache\7f59056b1a9e3120004653599bbbef1d.php 第 42 行.
INFO: Run ParseTemplate Behavior [ RunTime:0.012590s ]
INFO: [ view_parse ] --END-- [ RunTime:0.012661s ]
INFO: [ view_filter ] --START--
INFO: Run ContentReplace Behavior [ RunTime:0.000927s ]
INFO: Run TokenBuild Behavior [ RunTime:0.001223s ]
INFO: Run WriteHtmlCache Behavior [ RunTime:0.000778s ]
INFO: Run ShowRuntime Behavior [ RunTime:0.000967s ]
INFO: [ view_filter ] --END-- [ RunTime:0.004089s ]
INFO: [ view_end ] --START--
INFO: Run ShowPageTrace Behavior [ RunTime:0.001153s ]
INFO: [ view_end ] --END-- [ RunTime:0.001213s ]

[ 2013-10-30T16:31:59+08:00 ] 0.0.0.0 /jianliapp/admin.php?s=/Manager/rtlist
INFO: [ route_check ] --START--
INFO: Run CheckRoute Behavior [ RunTime:0.000887s ]
INFO: [ route_check ] --END-- [ RunTime:0.000952s ]
INFO: [ app_begin ] --START--
INFO: Run ReadHtmlCache Behavior [ RunTime:0.000602s ]
INFO: [ app_begin ] --END-- [ RunTime:0.000643s ]
NOTIC: [8] Use of undefined constant ignore - assumed 'ignore' F:\www\jianliapp\ThinkPHP\Common\common.php 第 270 行.
SQL: SHOW COLUMNS FROM `tb_manager` [ RunTime:0.007716s ]
SQL: SHOW COLUMNS FROM `tb_richtext` [ RunTime:0.007626s ]
SQL: SELECT * FROM `tb_richtext` WHERE ( `parentid` = 0 )  [ RunTime:0.000570s ]
INFO: [ view_template ] --START--
INFO: Run LocationTemplate Behavior [ RunTime:0.001616s ]
INFO: [ view_template ] --END-- [ RunTime:0.001684s ]
INFO: [ view_parse ] --START--
NOTIC: [8] Undefined variable: htmlData F:\www\jianliapp\Home\Admin\Runtime\Cache\7f59056b1a9e3120004653599bbbef1d.php 第 80 行.
INFO: Run ParseTemplate Behavior [ RunTime:0.012902s ]
INFO: [ view_parse ] --END-- [ RunTime:0.012977s ]
INFO: [ view_filter ] --START--
INFO: Run ContentReplace Behavior [ RunTime:0.000816s ]
INFO: Run TokenBuild Behavior [ RunTime:0.000756s ]
INFO: Run WriteHtmlCache Behavior [ RunTime:0.000632s ]
INFO: Run ShowRuntime Behavior [ RunTime:0.000862s ]
INFO: [ view_filter ] --END-- [ RunTime:0.003235s ]
INFO: [ view_end ] --START--
INFO: Run ShowPageTrace Behavior [ RunTime:0.001025s ]
INFO: [ view_end ] --END-- [ RunTime:0.001086s ]

[ 2013-10-30T16:37:30+08:00 ] 0.0.0.0 /jianliapp/admin.php?s=/Manager/rtlist
INFO: [ route_check ] --START--
INFO: Run CheckRoute Behavior [ RunTime:0.001298s ]
INFO: [ route_check ] --END-- [ RunTime:0.001396s ]
INFO: [ app_begin ] --START--
INFO: Run ReadHtmlCache Behavior [ RunTime:0.000864s ]
INFO: [ app_begin ] --END-- [ RunTime:0.000929s ]
NOTIC: [8] Use of undefined constant ignore - assumed 'ignore' F:\www\jianliapp\ThinkPHP\Common\common.php 第 270 行.
SQL: SHOW COLUMNS FROM `tb_manager` [ RunTime:0.008294s ]
SQL: SHOW COLUMNS FROM `tb_richtext` [ RunTime:0.008843s ]
SQL: SELECT * FROM `tb_richtext` WHERE ( `parentid` = 0 )  [ RunTime:0.000904s ]
INFO: [ view_template ] --START--
INFO: Run LocationTemplate Behavior [ RunTime:0.002588s ]
INFO: [ view_template ] --END-- [ RunTime:0.002735s ]
INFO: [ view_parse ] --START--
NOTIC: [8] Undefined variable: htmlData F:\www\jianliapp\Home\Admin\Runtime\Cache\7f59056b1a9e3120004653599bbbef1d.php 第 80 行.
INFO: Run ParseTemplate Behavior [ RunTime:0.013359s ]
INFO: [ view_parse ] --END-- [ RunTime:0.013477s ]
INFO: [ view_filter ] --START--
INFO: Run ContentReplace Behavior [ RunTime:0.000769s ]
INFO: Run TokenBuild Behavior [ RunTime:0.000648s ]
INFO: Run WriteHtmlCache Behavior [ RunTime:0.000506s ]
INFO: Run ShowRuntime Behavior [ RunTime:0.000726s ]
INFO: [ view_filter ] --END-- [ RunTime:0.002820s ]
INFO: [ view_end ] --START--
INFO: Run ShowPageTrace Behavior [ RunTime:0.001246s ]
INFO: [ view_end ] --END-- [ RunTime:0.001330s ]

[ 2013-10-30T16:37:57+08:00 ] 0.0.0.0 /jianliapp/admin.php?s=/Manager/rtlist
INFO: [ route_check ] --START--
INFO: Run CheckRoute Behavior [ RunTime:0.001153s ]
INFO: [ route_check ] --END-- [ RunTime:0.001232s ]
INFO: [ app_begin ] --START--
INFO: Run ReadHtmlCache Behavior [ RunTime:0.000780s ]
INFO: [ app_begin ] --END-- [ RunTime:0.000831s ]
NOTIC: [8] Use of undefined constant ignore - assumed 'ignore' F:\www\jianliapp\ThinkPHP\Common\common.php 第 270 行.
SQL: SHOW COLUMNS FROM `tb_manager` [ RunTime:0.007738s ]
SQL: SHOW COLUMNS FROM `tb_richtext` [ RunTime:0.007876s ]
SQL: SELECT * FROM `tb_richtext` WHERE ( `parentid` = 0 )  [ RunTime:0.000863s ]
INFO: [ view_template ] --START--
INFO: Run LocationTemplate Behavior [ RunTime:0.003362s ]
INFO: [ view_template ] --END-- [ RunTime:0.003513s ]
INFO: [ view_parse ] --START--
NOTIC: [8] Undefined variable: htmlData F:\www\jianliapp\Home\Admin\Runtime\Cache\7f59056b1a9e3120004653599bbbef1d.php 第 80 行.
INFO: Run ParseTemplate Behavior [ RunTime:0.022655s ]
INFO: [ view_parse ] --END-- [ RunTime:0.022760s ]
INFO: [ view_filter ] --START--
INFO: Run ContentReplace Behavior [ RunTime:0.000815s ]
INFO: Run TokenBuild Behavior [ RunTime:0.000770s ]
INFO: Run WriteHtmlCache Behavior [ RunTime:0.000623s ]
INFO: Run ShowRuntime Behavior [ RunTime:0.000855s ]
INFO: [ view_filter ] --END-- [ RunTime:0.003233s ]
INFO: [ view_end ] --START--
INFO: Run ShowPageTrace Behavior [ RunTime:0.001024s ]
INFO: [ view_end ] --END-- [ RunTime:0.001085s ]

[ 2013-10-30T16:41:48+08:00 ] 0.0.0.0 /jianliapp/admin.php?s=/Manager/rtlist
INFO: [ route_check ] --START--
INFO: Run CheckRoute Behavior [ RunTime:0.000928s ]
INFO: [ route_check ] --END-- [ RunTime:0.000992s ]
INFO: [ app_begin ] --START--
INFO: Run ReadHtmlCache Behavior [ RunTime:0.000703s ]
INFO: [ app_begin ] --END-- [ RunTime:0.000742s ]
NOTIC: [8] Use of undefined constant ignore - assumed 'ignore' F:\www\jianliapp\ThinkPHP\Common\common.php 第 270 行.
SQL: SHOW COLUMNS FROM `tb_manager` [ RunTime:0.004219s ]
SQL: SHOW COLUMNS FROM `tb_richtext` [ RunTime:0.003727s ]
SQL: SELECT * FROM `tb_richtext` WHERE ( `parentid` = 0 )  [ RunTime:0.000549s ]
INFO: [ view_template ] --START--
INFO: Run LocationTemplate Behavior [ RunTime:0.001768s ]
INFO: [ view_template ] --END-- [ RunTime:0.001836s ]
INFO: [ view_parse ] --START--
NOTIC: [8] Undefined variable: htmlData F:\www\jianliapp\Home\Admin\Runtime\Cache\7f59056b1a9e3120004653599bbbef1d.php 第 80 行.
INFO: Run ParseTemplate Behavior [ RunTime:0.013582s ]
INFO: [ view_parse ] --END-- [ RunTime:0.013641s ]
INFO: [ view_filter ] --START--
INFO: Run ContentReplace Behavior [ RunTime:0.000703s ]
INFO: Run TokenBuild Behavior [ RunTime:0.000595s ]
INFO: Run WriteHtmlCache Behavior [ RunTime:0.000513s ]
INFO: Run ShowRuntime Behavior [ RunTime:0.000621s ]
INFO: [ view_filter ] --END-- [ RunTime:0.002537s ]
INFO: [ view_end ] --START--
INFO: Run ShowPageTrace Behavior [ RunTime:0.001093s ]
INFO: [ view_end ] --END-- [ RunTime:0.001148s ]

[ 2013-10-30T16:43:15+08:00 ] 0.0.0.0 /jianliapp/admin.php?s=/Manager/rtlist
INFO: [ route_check ] --START--
INFO: Run CheckRoute Behavior [ RunTime:0.001151s ]
INFO: [ route_check ] --END-- [ RunTime:0.001230s ]
INFO: [ app_begin ] --START--
INFO: Run ReadHtmlCache Behavior [ RunTime:0.000774s ]
INFO: [ app_begin ] --END-- [ RunTime:0.000824s ]
NOTIC: [8] Use of undefined constant ignore - assumed 'ignore' F:\www\jianliapp\ThinkPHP\Common\common.php 第 270 行.
SQL: SHOW COLUMNS FROM `tb_manager` [ RunTime:0.008322s ]
SQL: SHOW COLUMNS FROM `tb_richtext` [ RunTime:0.007996s ]
SQL: SELECT * FROM `tb_richtext` WHERE ( `parentid` = 0 )  [ RunTime:0.000943s ]
INFO: [ view_template ] --START--
INFO: Run LocationTemplate Behavior [ RunTime:0.003327s ]
INFO: [ view_template ] --END-- [ RunTime:0.003472s ]
INFO: [ view_parse ] --START--
NOTIC: [8] Undefined variable: htmlData F:\www\jianliapp\Home\Admin\Runtime\Cache\7f59056b1a9e3120004653599bbbef1d.php 第 80 行.
INFO: Run ParseTemplate Behavior [ RunTime:0.021986s ]
INFO: [ view_parse ] --END-- [ RunTime:0.022091s ]
INFO: [ view_filter ] --START--
INFO: Run ContentReplace Behavior [ RunTime:0.000842s ]
INFO: Run TokenBuild Behavior [ RunTime:0.000816s ]
INFO: Run WriteHtmlCache Behavior [ RunTime:0.000633s ]
INFO: Run ShowRuntime Behavior [ RunTime:0.000854s ]
INFO: [ view_filter ] --END-- [ RunTime:0.003317s ]
INFO: [ view_end ] --START--
INFO: Run ShowPageTrace Behavior [ RunTime:0.001085s ]
INFO: [ view_end ] --END-- [ RunTime:0.001147s ]

[ 2013-10-30T16:44:21+08:00 ] 0.0.0.0 /jianliapp/admin.php?s=/Manager/rtlist
INFO: [ route_check ] --START--
INFO: Run CheckRoute Behavior [ RunTime:0.001532s ]
INFO: [ route_check ] --END-- [ RunTime:0.001628s ]
INFO: [ app_begin ] --START--
INFO: Run ReadHtmlCache Behavior [ RunTime:0.001189s ]
INFO: [ app_begin ] --END-- [ RunTime:0.001255s ]
NOTIC: [8] Use of undefined constant ignore - assumed 'ignore' F:\www\jianliapp\ThinkPHP\Common\common.php 第 270 行.
SQL: SHOW COLUMNS FROM `tb_manager` [ RunTime:0.007793s ]
SQL: SHOW COLUMNS FROM `tb_richtext` [ RunTime:0.008657s ]
SQL: SELECT * FROM `tb_richtext` WHERE ( `parentid` = 0 )  [ RunTime:0.000954s ]
INFO: [ view_template ] --START--
INFO: Run LocationTemplate Behavior [ RunTime:0.003774s ]
INFO: [ view_template ] --END-- [ RunTime:0.003936s ]
INFO: [ view_parse ] --START--
NOTIC: [8] Undefined variable: htmlData F:\www\jianliapp\Home\Admin\Runtime\Cache\7f59056b1a9e3120004653599bbbef1d.php 第 80 行.
INFO: Run ParseTemplate Behavior [ RunTime:0.015183s ]
INFO: [ view_parse ] --END-- [ RunTime:0.015331s ]
INFO: [ view_filter ] --START--
INFO: Run ContentReplace Behavior [ RunTime:0.000977s ]
INFO: Run TokenBuild Behavior [ RunTime:0.001477s ]
INFO: Run WriteHtmlCache Behavior [ RunTime:0.000904s ]
INFO: Run ShowRuntime Behavior [ RunTime:0.001035s ]
INFO: [ view_filter ] --END-- [ RunTime:0.004590s ]
INFO: [ view_end ] --START--
INFO: Run ShowPageTrace Behavior [ RunTime:0.001276s ]
INFO: [ view_end ] --END-- [ RunTime:0.001338s ]

[ 2013-10-30T16:46:48+08:00 ] 0.0.0.0 /jianliapp/admin.php?s=/Manager/rtlist
INFO: [ route_check ] --START--
INFO: Run CheckRoute Behavior [ RunTime:0.001561s ]
INFO: [ route_check ] --END-- [ RunTime:0.001675s ]
INFO: [ app_begin ] --START--
INFO: Run ReadHtmlCache Behavior [ RunTime:0.001088s ]
INFO: [ app_begin ] --END-- [ RunTime:0.001143s ]
NOTIC: [8] Use of undefined constant ignore - assumed 'ignore' F:\www\jianliapp\ThinkPHP\Common\common.php 第 270 行.
SQL: SHOW COLUMNS FROM `tb_manager` [ RunTime:0.002986s ]
SQL: SHOW COLUMNS FROM `tb_richtext` [ RunTime:0.002699s ]
SQL: SELECT * FROM `tb_richtext` WHERE ( `parentid` = 0 )  [ RunTime:0.000299s ]
INFO: [ view_template ] --START--
INFO: Run LocationTemplate Behavior [ RunTime:0.001281s ]
INFO: [ view_template ] --END-- [ RunTime:0.001342s ]
INFO: [ view_parse ] --START--
NOTIC: [8] Undefined variable: htmlData F:\www\jianliapp\Home\Admin\Runtime\Cache\7f59056b1a9e3120004653599bbbef1d.php 第 80 行.
INFO: Run ParseTemplate Behavior [ RunTime:0.008523s ]
INFO: [ view_parse ] --END-- [ RunTime:0.008574s ]
INFO: [ view_filter ] --START--
INFO: Run ContentReplace Behavior [ RunTime:0.000591s ]
INFO: Run TokenBuild Behavior [ RunTime:0.000550s ]
INFO: Run WriteHtmlCache Behavior [ RunTime:0.000464s ]
INFO: Run ShowRuntime Behavior [ RunTime:0.000602s ]
INFO: [ view_filter ] --END-- [ RunTime:0.002311s ]
INFO: [ view_end ] --START--
INFO: Run ShowPageTrace Behavior [ RunTime:0.000698s ]
INFO: [ view_end ] --END-- [ RunTime:0.000735s ]

[ 2013-10-30T16:53:05+08:00 ] 0.0.0.0 /jianliapp/admin.php?s=/Manager/rtlist
INFO: [ route_check ] --START--
INFO: Run CheckRoute Behavior [ RunTime:0.001188s ]
INFO: [ route_check ] --END-- [ RunTime:0.001267s ]
INFO: [ app_begin ] --START--
INFO: Run ReadHtmlCache Behavior [ RunTime:0.000864s ]
INFO: [ app_begin ] --END-- [ RunTime:0.000915s ]
NOTIC: [8] Use of undefined constant ignore - assumed 'ignore' F:\www\jianliapp\ThinkPHP\Common\common.php 第 270 行.
SQL: SHOW COLUMNS FROM `tb_manager` [ RunTime:0.008674s ]
SQL: SHOW COLUMNS FROM `tb_richtext` [ RunTime:0.008460s ]
SQL: SELECT * FROM `tb_richtext` WHERE ( `parentid` = 0 )  [ RunTime:0.001032s ]
INFO: [ view_template ] --START--
INFO: Run LocationTemplate Behavior [ RunTime:0.003806s ]
INFO: [ view_template ] --END-- [ RunTime:0.003993s ]
INFO: [ view_parse ] --START--
NOTIC: [8] Undefined variable: htmlData F:\www\jianliapp\Home\Admin\Runtime\Cache\7f59056b1a9e3120004653599bbbef1d.php 第 80 行.
INFO: Run ParseTemplate Behavior [ RunTime:0.020221s ]
INFO: [ view_parse ] --END-- [ RunTime:0.020328s ]
INFO: [ view_filter ] --START--
INFO: Run ContentReplace Behavior [ RunTime:0.000935s ]
INFO: Run TokenBuild Behavior [ RunTime:0.001259s ]
INFO: Run WriteHtmlCache Behavior [ RunTime:0.000872s ]
INFO: Run ShowRuntime Behavior [ RunTime:0.000991s ]
INFO: [ view_filter ] --END-- [ RunTime:0.004255s ]
INFO: [ view_end ] --START--
INFO: Run ShowPageTrace Behavior [ RunTime:0.001214s ]
INFO: [ view_end ] --END-- [ RunTime:0.001277s ]

[ 2013-10-30T17:17:01+08:00 ] 0.0.0.0 /jianliapp/admin.php?s=/Manager/rtlist
INFO: [ route_check ] --START--
INFO: Run CheckRoute Behavior [ RunTime:0.001660s ]
INFO: [ route_check ] --END-- [ RunTime:0.001760s ]
INFO: [ app_begin ] --START--
INFO: Run ReadHtmlCache Behavior [ RunTime:0.000954s ]
INFO: [ app_begin ] --END-- [ RunTime:0.001007s ]
NOTIC: [8] Use of undefined constant ignore - assumed 'ignore' F:\www\jianliapp\ThinkPHP\Common\common.php 第 270 行.
SQL: SHOW COLUMNS FROM `tb_manager` [ RunTime:0.009568s ]
SQL: SHOW COLUMNS FROM `tb_richtext` [ RunTime:0.009347s ]
SQL: SELECT * FROM `tb_richtext` WHERE ( `parentid` = 0 )  [ RunTime:0.001095s ]
INFO: [ view_template ] --START--
INFO: Run LocationTemplate Behavior [ RunTime:0.003296s ]
INFO: [ view_template ] --END-- [ RunTime:0.003462s ]
INFO: [ view_parse ] --START--
NOTIC: [8] Undefined variable: htmlData F:\www\jianliapp\Home\Admin\Runtime\Cache\7f59056b1a9e3120004653599bbbef1d.php 第 80 行.
INFO: Run ParseTemplate Behavior [ RunTime:0.014099s ]
INFO: [ view_parse ] --END-- [ RunTime:0.014188s ]
INFO: [ view_filter ] --START--
INFO: Run ContentReplace Behavior [ RunTime:0.000978s ]
INFO: Run TokenBuild Behavior [ RunTime:0.000936s ]
INFO: Run WriteHtmlCache Behavior [ RunTime:0.000752s ]
INFO: Run ShowRuntime Behavior [ RunTime:0.001007s ]
INFO: [ view_filter ] --END-- [ RunTime:0.003843s ]
INFO: [ view_end ] --START--
INFO: Run ShowPageTrace Behavior [ RunTime:0.001147s ]
INFO: [ view_end ] --END-- [ RunTime:0.001208s ]

[ 2013-10-30T17:18:04+08:00 ] 0.0.0.0 /jianliapp/admin.php?s=/Manager/rtlist
INFO: [ route_check ] --START--
INFO: Run CheckRoute Behavior [ RunTime:0.001508s ]
INFO: [ route_check ] --END-- [ RunTime:0.001606s ]
INFO: [ app_begin ] --START--
INFO: Run ReadHtmlCache Behavior [ RunTime:0.001105s ]
INFO: [ app_begin ] --END-- [ RunTime:0.001168s ]
NOTIC: [8] Use of undefined constant ignore - assumed 'ignore' F:\www\jianliapp\ThinkPHP\Common\common.php 第 270 行.
SQL: SHOW COLUMNS FROM `tb_manager` [ RunTime:0.008584s ]
SQL: SHOW COLUMNS FROM `tb_richtext` [ RunTime:0.008634s ]
SQL: SELECT * FROM `tb_richtext` WHERE ( `parentid` = 0 )  [ RunTime:0.002734s ]
INFO: [ view_template ] --START--
INFO: Run LocationTemplate Behavior [ RunTime:0.003544s ]
INFO: [ view_template ] --END-- [ RunTime:0.003697s ]
INFO: [ view_parse ] --START--
NOTIC: [8] Undefined variable: htmlData F:\www\jianliapp\Home\Admin\Runtime\Cache\7f59056b1a9e3120004653599bbbef1d.php 第 80 行.
INFO: Run ParseTemplate Behavior [ RunTime:0.019630s ]
INFO: [ view_parse ] --END-- [ RunTime:0.019734s ]
INFO: [ view_filter ] --START--
INFO: Run ContentReplace Behavior [ RunTime:0.000949s ]
INFO: Run TokenBuild Behavior [ RunTime:0.000882s ]
INFO: Run WriteHtmlCache Behavior [ RunTime:0.000743s ]
INFO: Run ShowRuntime Behavior [ RunTime:0.000986s ]
INFO: [ view_filter ] --END-- [ RunTime:0.003729s ]
INFO: [ view_end ] --START--
INFO: Run ShowPageTrace Behavior [ RunTime:0.001152s ]
INFO: [ view_end ] --END-- [ RunTime:0.001212s ]

[ 2013-10-30T17:19:02+08:00 ] 0.0.0.0 /jianliapp/admin.php?s=/Manager/rtlist
INFO: [ route_check ] --START--
INFO: Run CheckRoute Behavior [ RunTime:0.001520s ]
INFO: [ route_check ] --END-- [ RunTime:0.001614s ]
INFO: [ app_begin ] --START--
INFO: Run ReadHtmlCache Behavior [ RunTime:0.001104s ]
INFO: [ app_begin ] --END-- [ RunTime:0.001168s ]
NOTIC: [8] Use of undefined constant ignore - assumed 'ignore' F:\www\jianliapp\ThinkPHP\Common\common.php 第 270 行.
SQL: SHOW COLUMNS FROM `tb_manager` [ RunTime:0.008965s ]
SQL: SHOW COLUMNS FROM `tb_richtext` [ RunTime:0.008132s ]
SQL: SELECT * FROM `tb_richtext` WHERE ( `parentid` = 0 )  [ RunTime:0.001016s ]
INFO: [ view_template ] --START--
INFO: Run LocationTemplate Behavior [ RunTime:0.003744s ]
INFO: [ view_template ] --END-- [ RunTime:0.003971s ]
INFO: [ view_parse ] --START--
NOTIC: [8] Undefined variable: htmlData F:\www\jianliapp\Home\Admin\Runtime\Cache\7f59056b1a9e3120004653599bbbef1d.php 第 80 行.
INFO: Run ParseTemplate Behavior [ RunTime:0.018711s ]
INFO: [ view_parse ] --END-- [ RunTime:0.018825s ]
INFO: [ view_filter ] --START--
INFO: Run ContentReplace Behavior [ RunTime:0.000917s ]
INFO: Run TokenBuild Behavior [ RunTime:0.000891s ]
INFO: Run WriteHtmlCache Behavior [ RunTime:0.000750s ]
INFO: Run ShowRuntime Behavior [ RunTime:0.000981s ]
INFO: [ view_filter ] --END-- [ RunTime:0.003715s ]
INFO: [ view_end ] --START--
INFO: Run ShowPageTrace Behavior [ RunTime:0.001151s ]
INFO: [ view_end ] --END-- [ RunTime:0.001212s ]

[ 2013-10-30T17:20:16+08:00 ] ERR: (ThinkException) 非法操作:radd
[ 2013-10-30T17:20:47+08:00 ] ERR: (ThinkException) 非法操作:radd
[ 2013-10-30T17:21:08+08:00 ] 0.0.0.0 /jianliapp/admin.php?s=/Manager/rtadd
INFO: [ route_check ] --START--
INFO: Run CheckRoute Behavior [ RunTime:0.001323s ]
INFO: [ route_check ] --END-- [ RunTime:0.001415s ]
INFO: [ app_begin ] --START--
INFO: Run ReadHtmlCache Behavior [ RunTime:0.000932s ]
INFO: [ app_begin ] --END-- [ RunTime:0.000985s ]
NOTIC: [8] Use of undefined constant ignore - assumed 'ignore' F:\www\jianliapp\ThinkPHP\Common\common.php 第 270 行.
SQL: SHOW COLUMNS FROM `tb_manager` [ RunTime:0.004619s ]
INFO: [ view_template ] --START--
INFO: Run LocationTemplate Behavior [ RunTime:0.001610s ]
INFO: [ view_template ] --END-- [ RunTime:0.001683s ]
INFO: [ view_parse ] --START--
INFO: Run ParseTemplate Behavior [ RunTime:0.012216s ]
INFO: [ view_parse ] --END-- [ RunTime:0.012321s ]
INFO: [ view_filter ] --START--
INFO: Run ContentReplace Behavior [ RunTime:0.001058s ]
INFO: Run TokenBuild Behavior [ RunTime:0.000888s ]
INFO: Run WriteHtmlCache Behavior [ RunTime:0.000751s ]
INFO: Run ShowRuntime Behavior [ RunTime:0.000972s ]
INFO: [ view_filter ] --END-- [ RunTime:0.003846s ]
INFO: [ view_end ] --START--
INFO: Run ShowPageTrace Behavior [ RunTime:0.001141s ]
INFO: [ view_end ] --END-- [ RunTime:0.001200s ]

[ 2013-10-30T17:23:14+08:00 ] 0.0.0.0 /jianliapp/admin.php?s=/Manager/rtadd
INFO: [ route_check ] --START--
INFO: Run CheckRoute Behavior [ RunTime:0.001520s ]
INFO: [ route_check ] --END-- [ RunTime:0.001619s ]
INFO: [ app_begin ] --START--
INFO: Run ReadHtmlCache Behavior [ RunTime:0.001307s ]
INFO: [ app_begin ] --END-- [ RunTime:0.001392s ]
NOTIC: [8] Use of undefined constant ignore - assumed 'ignore' F:\www\jianliapp\ThinkPHP\Common\common.php 第 270 行.
SQL: SHOW COLUMNS FROM `tb_manager` [ RunTime:0.008219s ]
INFO: [ view_template ] --START--
INFO: Run LocationTemplate Behavior [ RunTime:0.003685s ]
INFO: [ view_template ] --END-- [ RunTime:0.003848s ]
INFO: [ view_parse ] --START--
INFO: Run ParseTemplate Behavior [ RunTime:0.024966s ]
INFO: [ view_parse ] --END-- [ RunTime:0.025164s ]
INFO: [ view_filter ] --START--
INFO: Run ContentReplace Behavior [ RunTime:0.002173s ]
INFO: Run TokenBuild Behavior [ RunTime:0.001963s ]
INFO: Run WriteHtmlCache Behavior [ RunTime:0.001651s ]
INFO: Run ShowRuntime Behavior [ RunTime:0.001789s ]
INFO: [ view_filter ] --END-- [ RunTime:0.007913s ]
INFO: [ view_end ] --START--
INFO: Run ShowPageTrace Behavior [ RunTime:0.001886s ]
INFO: [ view_end ] --END-- [ RunTime:0.001968s ]

[ 2013-10-30T17:27:50+08:00 ] 0.0.0.0 /jianliapp/admin.php?s=/Manager/rtlist
INFO: [ route_check ] --START--
INFO: Run CheckRoute Behavior [ RunTime:0.001332s ]
INFO: [ route_check ] --END-- [ RunTime:0.001422s ]
INFO: [ app_begin ] --START--
INFO: Run ReadHtmlCache Behavior [ RunTime:0.000943s ]
INFO: [ app_begin ] --END-- [ RunTime:0.000995s ]
NOTIC: [8] Use of undefined constant ignore - assumed 'ignore' F:\www\jianliapp\ThinkPHP\Common\common.php 第 270 行.
SQL: SHOW COLUMNS FROM `tb_manager` [ RunTime:0.008149s ]
SQL: SHOW COLUMNS FROM `tb_richtext` [ RunTime:0.008233s ]
SQL: SELECT * FROM `tb_richtext` WHERE ( `parentid` = 0 )  [ RunTime:0.002530s ]
INFO: [ view_template ] --START--
INFO: Run LocationTemplate Behavior [ RunTime:0.003668s ]
INFO: [ view_template ] --END-- [ RunTime:0.003830s ]
INFO: [ view_parse ] --START--
NOTIC: [8] Undefined variable: htmlData F:\www\jianliapp\Home\Admin\Runtime\Cache\7f59056b1a9e3120004653599bbbef1d.php 第 80 行.
INFO: Run ParseTemplate Behavior [ RunTime:0.014816s ]
INFO: [ view_parse ] --END-- [ RunTime:0.014918s ]
INFO: [ view_filter ] --START--
INFO: Run ContentReplace Behavior [ RunTime:0.000960s ]
INFO: Run TokenBuild Behavior [ RunTime:0.000876s ]
INFO: Run WriteHtmlCache Behavior [ RunTime:0.000746s ]
INFO: Run ShowRuntime Behavior [ RunTime:0.000974s ]
INFO: [ view_filter ] --END-- [ RunTime:0.003723s ]
INFO: [ view_end ] --START--
INFO: Run ShowPageTrace Behavior [ RunTime:0.001151s ]
INFO: [ view_end ] --END-- [ RunTime:0.001210s ]

[ 2013-10-30T17:32:44+08:00 ] 0.0.0.0 /jianliapp/admin.php?s=/Manager/rtlist
INFO: [ route_check ] --START--
INFO: Run CheckRoute Behavior [ RunTime:0.001216s ]
INFO: [ route_check ] --END-- [ RunTime:0.001302s ]
INFO: [ app_begin ] --START--
INFO: Run ReadHtmlCache Behavior [ RunTime:0.000880s ]
INFO: [ app_begin ] --END-- [ RunTime:0.000922s ]
NOTIC: [8] Use of undefined constant ignore - assumed 'ignore' F:\www\jianliapp\ThinkPHP\Common\common.php 第 270 行.
SQL: SHOW COLUMNS FROM `tb_manager` [ RunTime:0.008908s ]
SQL: SHOW COLUMNS FROM `tb_richtext` [ RunTime:0.007833s ]
SQL: SELECT * FROM `tb_richtext` WHERE ( `parentid` = 0 )  [ RunTime:0.000603s ]
INFO: [ view_template ] --START--
INFO: Run LocationTemplate Behavior [ RunTime:0.001762s ]
INFO: [ view_template ] --END-- [ RunTime:0.001835s ]
INFO: [ view_parse ] --START--
NOTIC: [8] Undefined variable: htmlData F:\www\jianliapp\Home\Admin\Runtime\Cache\7f59056b1a9e3120004653599bbbef1d.php 第 80 行.
INFO: Run ParseTemplate Behavior [ RunTime:0.013369s ]
INFO: [ view_parse ] --END-- [ RunTime:0.013443s ]
INFO: [ view_filter ] --START--
INFO: Run ContentReplace Behavior [ RunTime:0.000940s ]
INFO: Run TokenBuild Behavior [ RunTime:0.000892s ]
INFO: Run WriteHtmlCache Behavior [ RunTime:0.000761s ]
INFO: Run ShowRuntime Behavior [ RunTime:0.001069s ]
INFO: [ view_filter ] --END-- [ RunTime:0.003875s ]
INFO: [ view_end ] --START--
INFO: Run ShowPageTrace Behavior [ RunTime:0.001393s ]
INFO: [ view_end ] --END-- [ RunTime:0.001456s ]

[ 2013-10-30T17:35:10+08:00 ] 0.0.0.0 /jianliapp/admin.php?s=/Manager/rtlist
INFO: [ route_check ] --START--
INFO: Run CheckRoute Behavior [ RunTime:0.001716s ]
INFO: [ route_check ] --END-- [ RunTime:0.001832s ]
INFO: [ app_begin ] --START--
INFO: Run ReadHtmlCache Behavior [ RunTime:0.000881s ]
INFO: [ app_begin ] --END-- [ RunTime:0.000932s ]
NOTIC: [8] Use of undefined constant ignore - assumed 'ignore' F:\www\jianliapp\ThinkPHP\Common\common.php 第 270 行.
SQL: SHOW COLUMNS FROM `tb_manager` [ RunTime:0.004758s ]
SQL: SHOW COLUMNS FROM `tb_richtext` [ RunTime:0.004029s ]
SQL: SELECT * FROM `tb_richtext` WHERE ( `parentid` = 0 )  [ RunTime:0.000605s ]
INFO: [ view_template ] --START--
INFO: Run LocationTemplate Behavior [ RunTime:0.001714s ]
INFO: [ view_template ] --END-- [ RunTime:0.001783s ]
INFO: [ view_parse ] --START--
NOTIC: [8] Undefined variable: htmlData F:\www\jianliapp\Home\Admin\Runtime\Cache\7f59056b1a9e3120004653599bbbef1d.php 第 42 行.
INFO: Run ParseTemplate Behavior [ RunTime:0.013695s ]
INFO: [ view_parse ] --END-- [ RunTime:0.013769s ]
INFO: [ view_filter ] --START--
INFO: Run ContentReplace Behavior [ RunTime:0.000926s ]
INFO: Run TokenBuild Behavior [ RunTime:0.000867s ]
INFO: Run WriteHtmlCache Behavior [ RunTime:0.001122s ]
INFO: Run ShowRuntime Behavior [ RunTime:0.001053s ]
INFO: [ view_filter ] --END-- [ RunTime:0.004172s ]
INFO: [ view_end ] --START--
INFO: Run ShowPageTrace Behavior [ RunTime:0.001165s ]
INFO: [ view_end ] --END-- [ RunTime:0.001226s ]

