[ 2013-11-02T10:55:24+08:00 ] 0.0.0.0 /jianliapp/admin.php?s=/Manager/rtadd
INFO: [ route_check ] --START--
INFO: Run CheckRoute Behavior [ RunTime:0.000712s ]
INFO: [ route_check ] --END-- [ RunTime:0.000774s ]
INFO: [ app_begin ] --START--
INFO: Run ReadHtmlCache Behavior [ RunTime:0.000534s ]
INFO: [ app_begin ] --END-- [ RunTime:0.000574s ]
NOTIC: [8] Use of undefined constant ignore - assumed 'ignore' F:\www\jianliapp\ThinkPHP\Common\common.php 第 270 行.
SQL: SHOW COLUMNS FROM `tb_manager` [ RunTime:0.008161s ]
SQL: SHOW COLUMNS FROM `tb_richtext` [ RunTime:0.044360s ]
SQL: INSERT INTO `tb_richtext` (`menu`,`title`,`text`,`appid`,`createtime`) VALUES ('fda','fdsa','fdasfa',1,1383360924) [ RunTime:0.043211s ]
SQL: SELECT * FROM `tb_richtext` WHERE ( `id` = 34 ) AND ( `appid` = 1 ) LIMIT 1   [ RunTime:0.003282s ]
INFO: [ view_template ] --START--
INFO: Run LocationTemplate Behavior [ RunTime:0.001173s ]
INFO: [ view_template ] --END-- [ RunTime:0.001244s ]
INFO: [ view_parse ] --START--
INFO: Run ParseTemplate Behavior [ RunTime:0.035880s ]
INFO: [ view_parse ] --END-- [ RunTime:0.035970s ]
INFO: [ view_filter ] --START--
INFO: Run ContentReplace Behavior [ RunTime:0.000650s ]
INFO: Run TokenBuild Behavior [ RunTime:0.000607s ]
INFO: Run WriteHtmlCache Behavior [ RunTime:0.000472s ]
INFO: Run ShowRuntime Behavior [ RunTime:0.000980s ]
INFO: [ view_filter ] --END-- [ RunTime:0.002908s ]
INFO: [ view_end ] --START--
INFO: Run ShowPageTrace Behavior [ RunTime:0.000971s ]
INFO: [ view_end ] --END-- [ RunTime:0.001045s ]
INFO: [ view_template ] --START--
INFO: Run LocationTemplate Behavior [ RunTime:0.000534s ]
INFO: [ view_template ] --END-- [ RunTime:-0.040277s ]
INFO: [ view_parse ] --START--
NOTIC: [8] Undefined variable: Title F:\www\jianliapp\Home\Admin\Runtime\Cache\25e16930de30c2eddf3898c44ac6a012.php 第 9 行.
INFO: Run ParseTemplate Behavior [ RunTime:0.076382s ]
INFO: [ view_parse ] --END-- [ RunTime:-0.004894s ]
INFO: [ view_filter ] --START--
INFO: Run ContentReplace Behavior [ RunTime:0.000214s ]
INFO: Run TokenBuild Behavior [ RunTime:0.000124s ]
INFO: Run WriteHtmlCache Behavior [ RunTime:0.000026s ]
INFO: Run ShowRuntime Behavior [ RunTime:0.000203s ]
INFO: [ view_filter ] --END-- [ RunTime:-0.078552s ]
INFO: [ view_end ] --START--
INFO: Run ShowPageTrace Behavior [ RunTime:0.000102s ]
INFO: [ view_end ] --END-- [ RunTime:-0.078479s ]

[ 2013-11-02T10:57:36+08:00 ] ERR: (ThinkException) 非法操作:rtad
[ 2013-11-02T15:02:37+08:00 ] ERR: (ThinkException) 无法加载模块:Score
[ 2013-11-02T15:07:29+08:00 ] 0.0.0.0 /jianliapp/admin.php?s=/Score/clist
INFO: [ route_check ] --START--
INFO: Run CheckRoute Behavior [ RunTime:0.001249s ]
INFO: [ route_check ] --END-- [ RunTime:0.001328s ]
INFO: [ app_begin ] --START--
INFO: Run ReadHtmlCache Behavior [ RunTime:0.001218s ]
INFO: [ app_begin ] --END-- [ RunTime:0.001289s ]
SQL: SHOW COLUMNS FROM `tb_score` [ RunTime:0.010416s ]
SQL: SELECT * FROM `tb_score`  [ RunTime:0.001740s ]
INFO: [ view_template ] --START--
INFO: Run LocationTemplate Behavior [ RunTime:0.004321s ]
INFO: [ view_template ] --END-- [ RunTime:0.004506s ]
INFO: [ view_parse ] --START--
NOTIC: [8] Undefined variable: Title F:\www\jianliapp\Home\Admin\Runtime\Cache\4582f7e6a7cae08ae4e3bb65f8a9cef2.php 第 9 行.
NOTIC: [8] Undefined variable: page F:\www\jianliapp\Home\Admin\Runtime\Cache\4582f7e6a7cae08ae4e3bb65f8a9cef2.php 第 22 行.
INFO: Run ParseTemplate Behavior [ RunTime:0.024628s ]
INFO: [ view_parse ] --END-- [ RunTime:0.024723s ]
INFO: [ view_filter ] --START--
INFO: Run ContentReplace Behavior [ RunTime:0.000937s ]
INFO: Run TokenBuild Behavior [ RunTime:0.000845s ]
INFO: Run WriteHtmlCache Behavior [ RunTime:0.000710s ]
INFO: Run ShowRuntime Behavior [ RunTime:0.000897s ]
INFO: [ view_filter ] --END-- [ RunTime:0.003532s ]
INFO: [ view_end ] --START--
INFO: Run ShowPageTrace Behavior [ RunTime:0.001069s ]
INFO: [ view_end ] --END-- [ RunTime:0.001120s ]

[ 2013-11-02T15:08:09+08:00 ] 0.0.0.0 /jianliapp/admin.php?s=/Score/clist
INFO: [ route_check ] --START--
INFO: Run CheckRoute Behavior [ RunTime:0.000999s ]
INFO: [ route_check ] --END-- [ RunTime:0.001065s ]
INFO: [ app_begin ] --START--
INFO: Run ReadHtmlCache Behavior [ RunTime:0.000807s ]
INFO: [ app_begin ] --END-- [ RunTime:0.000849s ]
SQL: SHOW COLUMNS FROM `tb_score` [ RunTime:0.009160s ]
SQL: SELECT * FROM `tb_score`  [ RunTime:0.000921s ]
INFO: [ view_template ] --START--
INFO: Run LocationTemplate Behavior [ RunTime:0.003944s ]
INFO: [ view_template ] --END-- [ RunTime:0.004098s ]
INFO: [ view_parse ] --START--
NOTIC: [8] Undefined variable: Title F:\www\jianliapp\Home\Admin\Runtime\Cache\4582f7e6a7cae08ae4e3bb65f8a9cef2.php 第 9 行.
NOTIC: [8] Undefined variable: page F:\www\jianliapp\Home\Admin\Runtime\Cache\4582f7e6a7cae08ae4e3bb65f8a9cef2.php 第 22 行.
INFO: Run ParseTemplate Behavior [ RunTime:0.024201s ]
INFO: [ view_parse ] --END-- [ RunTime:0.024303s ]
INFO: [ view_filter ] --START--
INFO: Run ContentReplace Behavior [ RunTime:0.001222s ]
INFO: Run TokenBuild Behavior [ RunTime:0.000971s ]
INFO: Run WriteHtmlCache Behavior [ RunTime:0.000714s ]
INFO: Run ShowRuntime Behavior [ RunTime:0.000946s ]
INFO: [ view_filter ] --END-- [ RunTime:0.004089s ]
INFO: [ view_end ] --START--
INFO: Run ShowPageTrace Behavior [ RunTime:0.001516s ]
INFO: [ view_end ] --END-- [ RunTime:0.001599s ]

[ 2013-11-02T15:11:05+08:00 ] 0.0.0.0 /jianliapp/admin.php?s=/Score/clist
INFO: [ route_check ] --START--
INFO: Run CheckRoute Behavior [ RunTime:0.001695s ]
INFO: [ route_check ] --END-- [ RunTime:0.001792s ]
INFO: [ app_begin ] --START--
INFO: Run ReadHtmlCache Behavior [ RunTime:0.001220s ]
INFO: [ app_begin ] --END-- [ RunTime:0.001286s ]
SQL: SHOW COLUMNS FROM `tb_score` [ RunTime:0.004434s ]
NOTIC: [8] Use of undefined constant state - assumed 'state' F:\www\jianliapp\Home\Admin\Lib\Action\ScoreAction.class.php 第 19 行.
SQL: SELECT * FROM `tb_score`  [ RunTime:0.000667s ]
INFO: [ view_template ] --START--
INFO: Run LocationTemplate Behavior [ RunTime:0.002217s ]
INFO: [ view_template ] --END-- [ RunTime:0.002323s ]
INFO: [ view_parse ] --START--
NOTIC: [8] Undefined variable: Title F:\www\jianliapp\Home\Admin\Runtime\Cache\4582f7e6a7cae08ae4e3bb65f8a9cef2.php 第 9 行.
NOTIC: [8] Undefined variable: page F:\www\jianliapp\Home\Admin\Runtime\Cache\4582f7e6a7cae08ae4e3bb65f8a9cef2.php 第 22 行.
INFO: Run ParseTemplate Behavior [ RunTime:0.016230s ]
INFO: [ view_parse ] --END-- [ RunTime:0.016304s ]
INFO: [ view_filter ] --START--
INFO: Run ContentReplace Behavior [ RunTime:0.001073s ]
INFO: Run TokenBuild Behavior [ RunTime:0.001208s ]
INFO: Run WriteHtmlCache Behavior [ RunTime:0.001113s ]
INFO: Run ShowRuntime Behavior [ RunTime:0.001104s ]
INFO: [ view_filter ] --END-- [ RunTime:0.004709s ]
INFO: [ view_end ] --START--
INFO: Run ShowPageTrace Behavior [ RunTime:0.001261s ]
INFO: [ view_end ] --END-- [ RunTime:0.001321s ]

[ 2013-11-02T15:32:09+08:00 ] 0.0.0.0 /jianliapp/admin.php?s=/Score/clist
INFO: [ route_check ] --START--
INFO: Run CheckRoute Behavior [ RunTime:0.001767s ]
INFO: [ route_check ] --END-- [ RunTime:0.001869s ]
INFO: [ app_begin ] --START--
INFO: Run ReadHtmlCache Behavior [ RunTime:0.001257s ]
INFO: [ app_begin ] --END-- [ RunTime:0.001325s ]
SQL: SHOW COLUMNS FROM `tb_score` [ RunTime:0.008756s ]
NOTIC: [8] Use of undefined constant state - assumed 'state' F:\www\jianliapp\Home\Admin\Lib\Action\ScoreAction.class.php 第 19 行.
SQL: SELECT * FROM `tb_score`  [ RunTime:0.001008s ]
NOTIC: [8] Use of undefined constant state - assumed 'state' F:\www\jianliapp\Home\Admin\Lib\Action\ScoreAction.class.php 第 21 行.
SQL: SELECT COUNT(*) AS tp_count FROM `tb_score` LIMIT 1   [ RunTime:0.000744s ]
INFO: [ view_template ] --START--
INFO: Run LocationTemplate Behavior [ RunTime:0.004042s ]
INFO: [ view_template ] --END-- [ RunTime:0.004213s ]
INFO: [ view_parse ] --START--
NOTIC: [8] Undefined variable: Title F:\www\jianliapp\Home\Admin\Runtime\Cache\4582f7e6a7cae08ae4e3bb65f8a9cef2.php 第 9 行.
INFO: Run ParseTemplate Behavior [ RunTime:0.026498s ]
INFO: [ view_parse ] --END-- [ RunTime:0.026592s ]
INFO: [ view_filter ] --START--
INFO: Run ContentReplace Behavior [ RunTime:0.000828s ]
INFO: Run TokenBuild Behavior [ RunTime:0.000775s ]
INFO: Run WriteHtmlCache Behavior [ RunTime:0.000661s ]
INFO: Run ShowRuntime Behavior [ RunTime:0.000837s ]
INFO: [ view_filter ] --END-- [ RunTime:0.003239s ]
INFO: [ view_end ] --START--
INFO: Run ShowPageTrace Behavior [ RunTime:0.000976s ]
INFO: [ view_end ] --END-- [ RunTime:0.001024s ]

[ 2013-11-02T15:32:14+08:00 ] 0.0.0.0 /jianliapp/admin.php?s=/Score/clist/p/2
INFO: [ route_check ] --START--
INFO: Run CheckRoute Behavior [ RunTime:0.001542s ]
INFO: [ route_check ] --END-- [ RunTime:0.001638s ]
INFO: [ app_begin ] --START--
INFO: Run ReadHtmlCache Behavior [ RunTime:0.001833s ]
INFO: [ app_begin ] --END-- [ RunTime:0.001920s ]
SQL: SHOW COLUMNS FROM `tb_score` [ RunTime:0.008531s ]
NOTIC: [8] Use of undefined constant state - assumed 'state' F:\www\jianliapp\Home\Admin\Lib\Action\ScoreAction.class.php 第 19 行.
SQL: SELECT * FROM `tb_score`  [ RunTime:0.000982s ]
NOTIC: [8] Use of undefined constant state - assumed 'state' F:\www\jianliapp\Home\Admin\Lib\Action\ScoreAction.class.php 第 21 行.
SQL: SELECT COUNT(*) AS tp_count FROM `tb_score` LIMIT 1   [ RunTime:0.000434s ]
INFO: [ view_template ] --START--
INFO: Run LocationTemplate Behavior [ RunTime:0.001805s ]
INFO: [ view_template ] --END-- [ RunTime:0.001883s ]
INFO: [ view_parse ] --START--
NOTIC: [8] Undefined variable: Title F:\www\jianliapp\Home\Admin\Runtime\Cache\4582f7e6a7cae08ae4e3bb65f8a9cef2.php 第 9 行.
INFO: Run ParseTemplate Behavior [ RunTime:0.014495s ]
INFO: [ view_parse ] --END-- [ RunTime:0.014569s ]
INFO: [ view_filter ] --START--
INFO: Run ContentReplace Behavior [ RunTime:0.001036s ]
INFO: Run TokenBuild Behavior [ RunTime:0.001151s ]
INFO: Run WriteHtmlCache Behavior [ RunTime:0.000853s ]
INFO: Run ShowRuntime Behavior [ RunTime:0.001060s ]
INFO: [ view_filter ] --END-- [ RunTime:0.004279s ]
INFO: [ view_end ] --START--
INFO: Run ShowPageTrace Behavior [ RunTime:0.001250s ]
INFO: [ view_end ] --END-- [ RunTime:0.001312s ]

[ 2013-11-02T15:32:18+08:00 ] 0.0.0.0 /jianliapp/admin.php?s=/Score/clist/p/1
INFO: [ route_check ] --START--
INFO: Run CheckRoute Behavior [ RunTime:0.001293s ]
INFO: [ route_check ] --END-- [ RunTime:0.001380s ]
INFO: [ app_begin ] --START--
INFO: Run ReadHtmlCache Behavior [ RunTime:0.000976s ]
INFO: [ app_begin ] --END-- [ RunTime:0.001029s ]
SQL: SHOW COLUMNS FROM `tb_score` [ RunTime:0.008518s ]
NOTIC: [8] Use of undefined constant state - assumed 'state' F:\www\jianliapp\Home\Admin\Lib\Action\ScoreAction.class.php 第 19 行.
SQL: SELECT * FROM `tb_score`  [ RunTime:0.001086s ]
NOTIC: [8] Use of undefined constant state - assumed 'state' F:\www\jianliapp\Home\Admin\Lib\Action\ScoreAction.class.php 第 21 行.
SQL: SELECT COUNT(*) AS tp_count FROM `tb_score` LIMIT 1   [ RunTime:0.000703s ]
INFO: [ view_template ] --START--
INFO: Run LocationTemplate Behavior [ RunTime:0.003030s ]
INFO: [ view_template ] --END-- [ RunTime:0.003131s ]
INFO: [ view_parse ] --START--
NOTIC: [8] Undefined variable: Title F:\www\jianliapp\Home\Admin\Runtime\Cache\4582f7e6a7cae08ae4e3bb65f8a9cef2.php 第 9 行.
INFO: Run ParseTemplate Behavior [ RunTime:0.014125s ]
INFO: [ view_parse ] --END-- [ RunTime:0.014198s ]
INFO: [ view_filter ] --START--
INFO: Run ContentReplace Behavior [ RunTime:0.001031s ]
INFO: Run TokenBuild Behavior [ RunTime:0.000968s ]
INFO: Run WriteHtmlCache Behavior [ RunTime:0.000835s ]
INFO: Run ShowRuntime Behavior [ RunTime:0.001506s ]
INFO: [ view_filter ] --END-- [ RunTime:0.004535s ]
INFO: [ view_end ] --START--
INFO: Run ShowPageTrace Behavior [ RunTime:0.001272s ]
INFO: [ view_end ] --END-- [ RunTime:0.001334s ]

[ 2013-11-02T15:32:22+08:00 ] 0.0.0.0 /jianliapp/admin.php?s=/Score/clist/p/2
INFO: [ route_check ] --START--
INFO: Run CheckRoute Behavior [ RunTime:0.001261s ]
INFO: [ route_check ] --END-- [ RunTime:0.001349s ]
INFO: [ app_begin ] --START--
INFO: Run ReadHtmlCache Behavior [ RunTime:0.001215s ]
INFO: [ app_begin ] --END-- [ RunTime:0.001283s ]
SQL: SHOW COLUMNS FROM `tb_score` [ RunTime:0.008473s ]
NOTIC: [8] Use of undefined constant state - assumed 'state' F:\www\jianliapp\Home\Admin\Lib\Action\ScoreAction.class.php 第 19 行.
SQL: SELECT * FROM `tb_score`  [ RunTime:0.000948s ]
NOTIC: [8] Use of undefined constant state - assumed 'state' F:\www\jianliapp\Home\Admin\Lib\Action\ScoreAction.class.php 第 21 行.
SQL: SELECT COUNT(*) AS tp_count FROM `tb_score` LIMIT 1   [ RunTime:0.000665s ]
INFO: [ view_template ] --START--
INFO: Run LocationTemplate Behavior [ RunTime:0.003323s ]
INFO: [ view_template ] --END-- [ RunTime:0.003557s ]
INFO: [ view_parse ] --START--
NOTIC: [8] Undefined variable: Title F:\www\jianliapp\Home\Admin\Runtime\Cache\4582f7e6a7cae08ae4e3bb65f8a9cef2.php 第 9 行.
INFO: Run ParseTemplate Behavior [ RunTime:0.015976s ]
INFO: [ view_parse ] --END-- [ RunTime:0.016085s ]
INFO: [ view_filter ] --START--
INFO: Run ContentReplace Behavior [ RunTime:0.001100s ]
INFO: Run TokenBuild Behavior [ RunTime:0.001008s ]
INFO: Run WriteHtmlCache Behavior [ RunTime:0.000873s ]
INFO: Run ShowRuntime Behavior [ RunTime:0.001137s ]
INFO: [ view_filter ] --END-- [ RunTime:0.004300s ]
INFO: [ view_end ] --START--
INFO: Run ShowPageTrace Behavior [ RunTime:0.001295s ]
INFO: [ view_end ] --END-- [ RunTime:0.001359s ]

[ 2013-11-02T15:32:26+08:00 ] 0.0.0.0 /jianliapp/admin.php?s=/Score/clist/p/1
INFO: [ route_check ] --START--
INFO: Run CheckRoute Behavior [ RunTime:0.001181s ]
INFO: [ route_check ] --END-- [ RunTime:0.001258s ]
INFO: [ app_begin ] --START--
INFO: Run ReadHtmlCache Behavior [ RunTime:0.000942s ]
INFO: [ app_begin ] --END-- [ RunTime:0.000994s ]
SQL: SHOW COLUMNS FROM `tb_score` [ RunTime:0.008168s ]
NOTIC: [8] Use of undefined constant state - assumed 'state' F:\www\jianliapp\Home\Admin\Lib\Action\ScoreAction.class.php 第 19 行.
SQL: SELECT * FROM `tb_score`  [ RunTime:0.000936s ]
NOTIC: [8] Use of undefined constant state - assumed 'state' F:\www\jianliapp\Home\Admin\Lib\Action\ScoreAction.class.php 第 21 行.
SQL: SELECT COUNT(*) AS tp_count FROM `tb_score` LIMIT 1   [ RunTime:0.000695s ]
INFO: [ view_template ] --START--
INFO: Run LocationTemplate Behavior [ RunTime:0.001555s ]
INFO: [ view_template ] --END-- [ RunTime:0.001625s ]
INFO: [ view_parse ] --START--
NOTIC: [8] Undefined variable: Title F:\www\jianliapp\Home\Admin\Runtime\Cache\4582f7e6a7cae08ae4e3bb65f8a9cef2.php 第 9 行.
INFO: Run ParseTemplate Behavior [ RunTime:0.014577s ]
INFO: [ view_parse ] --END-- [ RunTime:0.014661s ]
INFO: [ view_filter ] --START--
INFO: Run ContentReplace Behavior [ RunTime:0.001067s ]
INFO: Run TokenBuild Behavior [ RunTime:0.000980s ]
INFO: Run WriteHtmlCache Behavior [ RunTime:0.000844s ]
INFO: Run ShowRuntime Behavior [ RunTime:0.001061s ]
INFO: [ view_filter ] --END-- [ RunTime:0.004124s ]
INFO: [ view_end ] --START--
INFO: Run ShowPageTrace Behavior [ RunTime:0.001237s ]
INFO: [ view_end ] --END-- [ RunTime:0.001298s ]

[ 2013-11-02T15:32:28+08:00 ] 0.0.0.0 /jianliapp/admin.php?s=/Score/clist/p/2
INFO: [ route_check ] --START--
INFO: Run CheckRoute Behavior [ RunTime:0.001503s ]
INFO: [ route_check ] --END-- [ RunTime:0.001596s ]
INFO: [ app_begin ] --START--
INFO: Run ReadHtmlCache Behavior [ RunTime:0.001183s ]
INFO: [ app_begin ] --END-- [ RunTime:0.001248s ]
SQL: SHOW COLUMNS FROM `tb_score` [ RunTime:0.008414s ]
NOTIC: [8] Use of undefined constant state - assumed 'state' F:\www\jianliapp\Home\Admin\Lib\Action\ScoreAction.class.php 第 19 行.
SQL: SELECT * FROM `tb_score`  [ RunTime:0.000976s ]
NOTIC: [8] Use of undefined constant state - assumed 'state' F:\www\jianliapp\Home\Admin\Lib\Action\ScoreAction.class.php 第 21 行.
SQL: SELECT COUNT(*) AS tp_count FROM `tb_score` LIMIT 1   [ RunTime:0.000413s ]
INFO: [ view_template ] --START--
INFO: Run LocationTemplate Behavior [ RunTime:0.001512s ]
INFO: [ view_template ] --END-- [ RunTime:0.001585s ]
INFO: [ view_parse ] --START--
NOTIC: [8] Undefined variable: Title F:\www\jianliapp\Home\Admin\Runtime\Cache\4582f7e6a7cae08ae4e3bb65f8a9cef2.php 第 9 行.
INFO: Run ParseTemplate Behavior [ RunTime:0.014887s ]
INFO: [ view_parse ] --END-- [ RunTime:0.014963s ]
INFO: [ view_filter ] --START--
INFO: Run ContentReplace Behavior [ RunTime:0.001034s ]
INFO: Run TokenBuild Behavior [ RunTime:0.000968s ]
INFO: Run WriteHtmlCache Behavior [ RunTime:0.000847s ]
INFO: Run ShowRuntime Behavior [ RunTime:0.002357s ]
INFO: [ view_filter ] --END-- [ RunTime:0.005399s ]
INFO: [ view_end ] --START--
INFO: Run ShowPageTrace Behavior [ RunTime:0.001301s ]
INFO: [ view_end ] --END-- [ RunTime:0.001388s ]

[ 2013-11-02T15:34:13+08:00 ] 0.0.0.0 /jianliapp/admin.php?s=/Score/clist/p/2
INFO: [ route_check ] --START--
INFO: Run CheckRoute Behavior [ RunTime:0.001249s ]
INFO: [ route_check ] --END-- [ RunTime:0.001328s ]
INFO: [ app_begin ] --START--
INFO: Run ReadHtmlCache Behavior [ RunTime:0.000939s ]
INFO: [ app_begin ] --END-- [ RunTime:0.000992s ]
SQL: SHOW COLUMNS FROM `tb_score` [ RunTime:0.004603s ]
NOTIC: [8] Use of undefined constant state - assumed 'state' F:\www\jianliapp\Home\Admin\Lib\Action\ScoreAction.class.php 第 19 行.
NOTIC: [8] Undefined variable: Page F:\www\jianliapp\Home\Admin\Lib\Action\ScoreAction.class.php 第 19 行.
NOTIC: [8] Trying to get property of non-object F:\www\jianliapp\Home\Admin\Lib\Action\ScoreAction.class.php 第 19 行.
NOTIC: [8] Undefined variable: Page F:\www\jianliapp\Home\Admin\Lib\Action\ScoreAction.class.php 第 19 行.
NOTIC: [8] Trying to get property of non-object F:\www\jianliapp\Home\Admin\Lib\Action\ScoreAction.class.php 第 19 行.
SQL: SELECT * FROM `tb_score` ORDER BY createtime LIMIT ,   [ RunTime:0.000384s ]
ERR: You have an error in your SQL syntax; check the manual that corresponds to your MySQL server version for the right syntax to use near '' at line 1
 [ SQL语句 ] : SELECT * FROM `tb_score` ORDER BY createtime LIMIT ,  
NOTIC: [8] Use of undefined constant state - assumed 'state' F:\www\jianliapp\Home\Admin\Lib\Action\ScoreAction.class.php 第 21 行.
SQL: SELECT COUNT(*) AS tp_count FROM `tb_score` LIMIT 1   [ RunTime:0.000431s ]
INFO: [ view_template ] --START--
INFO: Run LocationTemplate Behavior [ RunTime:0.001534s ]
INFO: [ view_template ] --END-- [ RunTime:0.001611s ]
INFO: [ view_parse ] --START--
NOTIC: [8] Undefined variable: Title F:\www\jianliapp\Home\Admin\Runtime\Cache\4582f7e6a7cae08ae4e3bb65f8a9cef2.php 第 9 行.
INFO: Run ParseTemplate Behavior [ RunTime:0.014397s ]
INFO: [ view_parse ] --END-- [ RunTime:0.014469s ]
INFO: [ view_filter ] --START--
INFO: Run ContentReplace Behavior [ RunTime:0.001048s ]
INFO: Run TokenBuild Behavior [ RunTime:0.000978s ]
INFO: Run WriteHtmlCache Behavior [ RunTime:0.000845s ]
INFO: Run ShowRuntime Behavior [ RunTime:0.001055s ]
INFO: [ view_filter ] --END-- [ RunTime:0.004100s ]
INFO: [ view_end ] --START--
INFO: Run ShowPageTrace Behavior [ RunTime:0.001256s ]
INFO: [ view_end ] --END-- [ RunTime:0.001318s ]

[ 2013-11-02T15:34:17+08:00 ] 0.0.0.0 /jianliapp/admin.php?s=/Score/clist/p/1
INFO: [ route_check ] --START--
INFO: Run CheckRoute Behavior [ RunTime:0.001506s ]
INFO: [ route_check ] --END-- [ RunTime:0.001602s ]
INFO: [ app_begin ] --START--
INFO: Run ReadHtmlCache Behavior [ RunTime:0.001353s ]
INFO: [ app_begin ] --END-- [ RunTime:0.001441s ]
SQL: SHOW COLUMNS FROM `tb_score` [ RunTime:0.008081s ]
NOTIC: [8] Use of undefined constant state - assumed 'state' F:\www\jianliapp\Home\Admin\Lib\Action\ScoreAction.class.php 第 19 行.
NOTIC: [8] Undefined variable: Page F:\www\jianliapp\Home\Admin\Lib\Action\ScoreAction.class.php 第 19 行.
NOTIC: [8] Trying to get property of non-object F:\www\jianliapp\Home\Admin\Lib\Action\ScoreAction.class.php 第 19 行.
NOTIC: [8] Undefined variable: Page F:\www\jianliapp\Home\Admin\Lib\Action\ScoreAction.class.php 第 19 行.
NOTIC: [8] Trying to get property of non-object F:\www\jianliapp\Home\Admin\Lib\Action\ScoreAction.class.php 第 19 行.
SQL: SELECT * FROM `tb_score` ORDER BY createtime LIMIT ,   [ RunTime:0.000585s ]
ERR: You have an error in your SQL syntax; check the manual that corresponds to your MySQL server version for the right syntax to use near '' at line 1
 [ SQL语句 ] : SELECT * FROM `tb_score` ORDER BY createtime LIMIT ,  
NOTIC: [8] Use of undefined constant state - assumed 'state' F:\www\jianliapp\Home\Admin\Lib\Action\ScoreAction.class.php 第 21 行.
SQL: SELECT COUNT(*) AS tp_count FROM `tb_score` LIMIT 1   [ RunTime:0.000836s ]
INFO: [ view_template ] --START--
INFO: Run LocationTemplate Behavior [ RunTime:0.003791s ]
INFO: [ view_template ] --END-- [ RunTime:0.003946s ]
INFO: [ view_parse ] --START--
NOTIC: [8] Undefined variable: Title F:\www\jianliapp\Home\Admin\Runtime\Cache\4582f7e6a7cae08ae4e3bb65f8a9cef2.php 第 9 行.
INFO: Run ParseTemplate Behavior [ RunTime:0.023548s ]
INFO: [ view_parse ] --END-- [ RunTime:0.023644s ]
INFO: [ view_filter ] --START--
INFO: Run ContentReplace Behavior [ RunTime:0.000823s ]
INFO: Run TokenBuild Behavior [ RunTime:0.000782s ]
INFO: Run WriteHtmlCache Behavior [ RunTime:0.000676s ]
INFO: Run ShowRuntime Behavior [ RunTime:0.000850s ]
INFO: [ view_filter ] --END-- [ RunTime:0.003270s ]
INFO: [ view_end ] --START--
INFO: Run ShowPageTrace Behavior [ RunTime:0.000991s ]
INFO: [ view_end ] --END-- [ RunTime:0.001039s ]

[ 2013-11-02T15:34:19+08:00 ] 0.0.0.0 /jianliapp/admin.php?s=/Score/clist/p/2
INFO: [ route_check ] --START--
INFO: Run CheckRoute Behavior [ RunTime:0.001314s ]
INFO: [ route_check ] --END-- [ RunTime:0.001399s ]
INFO: [ app_begin ] --START--
INFO: Run ReadHtmlCache Behavior [ RunTime:0.000965s ]
INFO: [ app_begin ] --END-- [ RunTime:0.001017s ]
SQL: SHOW COLUMNS FROM `tb_score` [ RunTime:0.003964s ]
NOTIC: [8] Use of undefined constant state - assumed 'state' F:\www\jianliapp\Home\Admin\Lib\Action\ScoreAction.class.php 第 19 行.
NOTIC: [8] Undefined variable: Page F:\www\jianliapp\Home\Admin\Lib\Action\ScoreAction.class.php 第 19 行.
NOTIC: [8] Trying to get property of non-object F:\www\jianliapp\Home\Admin\Lib\Action\ScoreAction.class.php 第 19 行.
NOTIC: [8] Undefined variable: Page F:\www\jianliapp\Home\Admin\Lib\Action\ScoreAction.class.php 第 19 行.
NOTIC: [8] Trying to get property of non-object F:\www\jianliapp\Home\Admin\Lib\Action\ScoreAction.class.php 第 19 行.
SQL: SELECT * FROM `tb_score` ORDER BY createtime LIMIT ,   [ RunTime:0.000356s ]
ERR: You have an error in your SQL syntax; check the manual that corresponds to your MySQL server version for the right syntax to use near '' at line 1
 [ SQL语句 ] : SELECT * FROM `tb_score` ORDER BY createtime LIMIT ,  
NOTIC: [8] Use of undefined constant state - assumed 'state' F:\www\jianliapp\Home\Admin\Lib\Action\ScoreAction.class.php 第 21 行.
SQL: SELECT COUNT(*) AS tp_count FROM `tb_score` LIMIT 1   [ RunTime:0.000432s ]
INFO: [ view_template ] --START--
INFO: Run LocationTemplate Behavior [ RunTime:0.001653s ]
INFO: [ view_template ] --END-- [ RunTime:0.001740s ]
INFO: [ view_parse ] --START--
NOTIC: [8] Undefined variable: Title F:\www\jianliapp\Home\Admin\Runtime\Cache\4582f7e6a7cae08ae4e3bb65f8a9cef2.php 第 9 行.
INFO: Run ParseTemplate Behavior [ RunTime:0.014534s ]
INFO: [ view_parse ] --END-- [ RunTime:0.014608s ]
INFO: [ view_filter ] --START--
INFO: Run ContentReplace Behavior [ RunTime:0.001275s ]
INFO: Run TokenBuild Behavior [ RunTime:0.001062s ]
INFO: Run WriteHtmlCache Behavior [ RunTime:0.000687s ]
INFO: Run ShowRuntime Behavior [ RunTime:0.000652s ]
INFO: [ view_filter ] --END-- [ RunTime:0.003843s ]
INFO: [ view_end ] --START--
INFO: Run ShowPageTrace Behavior [ RunTime:0.000767s ]
INFO: [ view_end ] --END-- [ RunTime:0.000805s ]

[ 2013-11-02T15:35:41+08:00 ] 0.0.0.0 /jianliapp/admin.php?s=/Score/clist/p/2
INFO: [ route_check ] --START--
INFO: Run CheckRoute Behavior [ RunTime:0.000929s ]
INFO: [ route_check ] --END-- [ RunTime:0.000994s ]
INFO: [ app_begin ] --START--
INFO: Run ReadHtmlCache Behavior [ RunTime:0.000747s ]
INFO: [ app_begin ] --END-- [ RunTime:0.000789s ]
SQL: SHOW COLUMNS FROM `tb_score` [ RunTime:0.008515s ]
NOTIC: [8] Use of undefined constant state - assumed 'state' F:\www\jianliapp\Home\Admin\Lib\Action\ScoreAction.class.php 第 20 行.
SQL: SELECT COUNT(*) AS tp_count FROM `tb_score` LIMIT 1   [ RunTime:0.001205s ]
NOTIC: [8] Use of undefined constant state - assumed 'state' F:\www\jianliapp\Home\Admin\Lib\Action\ScoreAction.class.php 第 23 行.
SQL: SELECT * FROM `tb_score` ORDER BY createtime LIMIT 2,2   [ RunTime:0.001061s ]
INFO: [ view_template ] --START--
INFO: Run LocationTemplate Behavior [ RunTime:0.003281s ]
INFO: [ view_template ] --END-- [ RunTime:0.003434s ]
INFO: [ view_parse ] --START--
NOTIC: [8] Undefined variable: Title F:\www\jianliapp\Home\Admin\Runtime\Cache\4582f7e6a7cae08ae4e3bb65f8a9cef2.php 第 9 行.
INFO: Run ParseTemplate Behavior [ RunTime:0.016813s ]
INFO: [ view_parse ] --END-- [ RunTime:0.016919s ]
INFO: [ view_filter ] --START--
INFO: Run ContentReplace Behavior [ RunTime:0.001038s ]
INFO: Run TokenBuild Behavior [ RunTime:0.001022s ]
INFO: Run WriteHtmlCache Behavior [ RunTime:0.000855s ]
INFO: Run ShowRuntime Behavior [ RunTime:0.001066s ]
INFO: [ view_filter ] --END-- [ RunTime:0.004155s ]
INFO: [ view_end ] --START--
INFO: Run ShowPageTrace Behavior [ RunTime:0.001358s ]
INFO: [ view_end ] --END-- [ RunTime:0.001422s ]

[ 2013-11-02T15:35:45+08:00 ] 0.0.0.0 /jianliapp/admin.php?s=/Score/clist/p/1
INFO: [ route_check ] --START--
INFO: Run CheckRoute Behavior [ RunTime:0.001162s ]
INFO: [ route_check ] --END-- [ RunTime:0.001242s ]
INFO: [ app_begin ] --START--
INFO: Run ReadHtmlCache Behavior [ RunTime:0.000779s ]
INFO: [ app_begin ] --END-- [ RunTime:0.000832s ]
SQL: SHOW COLUMNS FROM `tb_score` [ RunTime:0.004198s ]
NOTIC: [8] Use of undefined constant state - assumed 'state' F:\www\jianliapp\Home\Admin\Lib\Action\ScoreAction.class.php 第 20 行.
SQL: SELECT COUNT(*) AS tp_count FROM `tb_score` LIMIT 1   [ RunTime:0.000419s ]
NOTIC: [8] Use of undefined constant state - assumed 'state' F:\www\jianliapp\Home\Admin\Lib\Action\ScoreAction.class.php 第 23 行.
SQL: SELECT * FROM `tb_score` ORDER BY createtime LIMIT 0,2   [ RunTime:0.000620s ]
INFO: [ view_template ] --START--
INFO: Run LocationTemplate Behavior [ RunTime:0.001358s ]
INFO: [ view_template ] --END-- [ RunTime:0.001429s ]
INFO: [ view_parse ] --START--
NOTIC: [8] Undefined variable: Title F:\www\jianliapp\Home\Admin\Runtime\Cache\4582f7e6a7cae08ae4e3bb65f8a9cef2.php 第 9 行.
INFO: Run ParseTemplate Behavior [ RunTime:0.013786s ]
INFO: [ view_parse ] --END-- [ RunTime:0.013860s ]
INFO: [ view_filter ] --START--
INFO: Run ContentReplace Behavior [ RunTime:0.000778s ]
INFO: Run TokenBuild Behavior [ RunTime:0.000728s ]
INFO: Run WriteHtmlCache Behavior [ RunTime:0.000597s ]
INFO: Run ShowRuntime Behavior [ RunTime:0.000855s ]
INFO: [ view_filter ] --END-- [ RunTime:0.003131s ]
INFO: [ view_end ] --START--
INFO: Run ShowPageTrace Behavior [ RunTime:0.000635s ]
INFO: [ view_end ] --END-- [ RunTime:0.000681s ]

[ 2013-11-02T15:35:48+08:00 ] 0.0.0.0 /jianliapp/admin.php?s=/Score/clist/p/2
INFO: [ route_check ] --START--
INFO: Run CheckRoute Behavior [ RunTime:0.000950s ]
INFO: [ route_check ] --END-- [ RunTime:0.001032s ]
INFO: [ app_begin ] --START--
INFO: Run ReadHtmlCache Behavior [ RunTime:0.000673s ]
INFO: [ app_begin ] --END-- [ RunTime:0.000723s ]
SQL: SHOW COLUMNS FROM `tb_score` [ RunTime:0.008166s ]
NOTIC: [8] Use of undefined constant state - assumed 'state' F:\www\jianliapp\Home\Admin\Lib\Action\ScoreAction.class.php 第 20 行.
SQL: SELECT COUNT(*) AS tp_count FROM `tb_score` LIMIT 1   [ RunTime:0.000860s ]
NOTIC: [8] Use of undefined constant state - assumed 'state' F:\www\jianliapp\Home\Admin\Lib\Action\ScoreAction.class.php 第 23 行.
SQL: SELECT * FROM `tb_score` ORDER BY createtime LIMIT 2,2   [ RunTime:0.001042s ]
INFO: [ view_template ] --START--
INFO: Run LocationTemplate Behavior [ RunTime:0.001826s ]
INFO: [ view_template ] --END-- [ RunTime:0.001973s ]
INFO: [ view_parse ] --START--
NOTIC: [8] Undefined variable: Title F:\www\jianliapp\Home\Admin\Runtime\Cache\4582f7e6a7cae08ae4e3bb65f8a9cef2.php 第 9 行.
INFO: Run ParseTemplate Behavior [ RunTime:0.018735s ]
INFO: [ view_parse ] --END-- [ RunTime:0.018885s ]
INFO: [ view_filter ] --START--
INFO: Run ContentReplace Behavior [ RunTime:0.000873s ]
INFO: Run TokenBuild Behavior [ RunTime:0.000621s ]
INFO: Run WriteHtmlCache Behavior [ RunTime:0.000927s ]
INFO: Run ShowRuntime Behavior [ RunTime:0.000861s ]
INFO: [ view_filter ] --END-- [ RunTime:0.003488s ]
INFO: [ view_end ] --START--
INFO: Run ShowPageTrace Behavior [ RunTime:0.001091s ]
INFO: [ view_end ] --END-- [ RunTime:0.001157s ]

[ 2013-11-02T16:44:18+08:00 ] 0.0.0.0 /jianliapp/admin.php?s=/Score/clist
INFO: [ route_check ] --START--
INFO: Run CheckRoute Behavior [ RunTime:0.001259s ]
INFO: [ route_check ] --END-- [ RunTime:0.001339s ]
INFO: [ app_begin ] --START--
INFO: Run ReadHtmlCache Behavior [ RunTime:0.000975s ]
INFO: [ app_begin ] --END-- [ RunTime:0.001027s ]
SQL: SHOW COLUMNS FROM `tb_score` [ RunTime:0.003171s ]
NOTIC: [8] Use of undefined constant state - assumed 'state' F:\www\jianliapp\Home\Admin\Lib\Action\ScoreAction.class.php 第 20 行.
SQL: SELECT COUNT(*) AS tp_count FROM `tb_score` LIMIT 1   [ RunTime:0.000263s ]
NOTIC: [8] Use of undefined constant state - assumed 'state' F:\www\jianliapp\Home\Admin\Lib\Action\ScoreAction.class.php 第 23 行.
SQL: SELECT * FROM `tb_score` ORDER BY createtime  [ RunTime:0.000282s ]
SQL: SHOW COLUMNS FROM `tb_company` [ RunTime:0.002908s ]
NOTIC: [8] Use of undefined constant id - assumed 'id' F:\www\jianliapp\Home\Admin\Lib\Action\ScoreAction.class.php 第 29 行.
SQL: SELECT `name` FROM `tb_company` WHERE ( `id` = 2 ) AND ( `appid` = 1 ) LIMIT 1   [ RunTime:0.000328s ]
NOTIC: [8] Use of undefined constant id - assumed 'id' F:\www\jianliapp\Home\Admin\Lib\Action\ScoreAction.class.php 第 29 行.
SQL: SELECT `name` FROM `tb_company` WHERE ( `id` = 1 ) AND ( `appid` = 1 ) LIMIT 1   [ RunTime:0.000166s ]
SQL: SHOW COLUMNS FROM `tb_case` [ RunTime:0.002730s ]
NOTIC: [8] Use of undefined constant id - assumed 'id' F:\www\jianliapp\Home\Admin\Lib\Action\ScoreAction.class.php 第 39 行.
SQL: SELECT `name` FROM `tb_case` WHERE ( `id` = 1 ) LIMIT 1   [ RunTime:0.001961s ]
SQL: SHOW COLUMNS FROM `tb_construction` [ RunTime:0.002971s ]
NOTIC: [8] Use of undefined constant id - assumed 'id' F:\www\jianliapp\Home\Admin\Lib\Action\ScoreAction.class.php 第 34 行.
SQL: SELECT `name` FROM `tb_construction` WHERE ( `id` = 3 ) LIMIT 1   [ RunTime:0.001180s ]
INFO: [ view_template ] --START--
INFO: Run LocationTemplate Behavior [ RunTime:0.001226s ]
INFO: [ view_template ] --END-- [ RunTime:0.001273s ]
INFO: [ view_parse ] --START--
NOTIC: [8] Undefined variable: Title F:\www\jianliapp\Home\Admin\Runtime\Cache\4582f7e6a7cae08ae4e3bb65f8a9cef2.php 第 9 行.
NOTIC: [8] Array to string conversion F:\www\jianliapp\Home\Admin\Runtime\Cache\4582f7e6a7cae08ae4e3bb65f8a9cef2.php 第 19 行.
NOTIC: [8] Undefined index: <?php echo (Array F:\www\jianliapp\Home\Admin\Runtime\Cache\4582f7e6a7cae08ae4e3bb65f8a9cef2.php 第 19 行.
NOTIC: [8] Array to string conversion F:\www\jianliapp\Home\Admin\Runtime\Cache\4582f7e6a7cae08ae4e3bb65f8a9cef2.php 第 19 行.
NOTIC: [8] Undefined index: <?php echo (Array F:\www\jianliapp\Home\Admin\Runtime\Cache\4582f7e6a7cae08ae4e3bb65f8a9cef2.php 第 19 行.
NOTIC: [8] Array to string conversion F:\www\jianliapp\Home\Admin\Runtime\Cache\4582f7e6a7cae08ae4e3bb65f8a9cef2.php 第 19 行.
NOTIC: [8] Undefined index: <?php echo (Array F:\www\jianliapp\Home\Admin\Runtime\Cache\4582f7e6a7cae08ae4e3bb65f8a9cef2.php 第 19 行.
NOTIC: [8] Array to string conversion F:\www\jianliapp\Home\Admin\Runtime\Cache\4582f7e6a7cae08ae4e3bb65f8a9cef2.php 第 19 行.
NOTIC: [8] Undefined index: <?php echo (Array F:\www\jianliapp\Home\Admin\Runtime\Cache\4582f7e6a7cae08ae4e3bb65f8a9cef2.php 第 19 行.
INFO: Run ParseTemplate Behavior [ RunTime:0.009497s ]
INFO: [ view_parse ] --END-- [ RunTime:0.009544s ]
INFO: [ view_filter ] --START--
INFO: Run ContentReplace Behavior [ RunTime:0.000699s ]
INFO: Run TokenBuild Behavior [ RunTime:0.000642s ]
INFO: Run WriteHtmlCache Behavior [ RunTime:0.000556s ]
INFO: Run ShowRuntime Behavior [ RunTime:0.000687s ]
INFO: [ view_filter ] --END-- [ RunTime:0.002709s ]
INFO: [ view_end ] --START--
INFO: Run ShowPageTrace Behavior [ RunTime:0.000810s ]
INFO: [ view_end ] --END-- [ RunTime:0.000848s ]

[ 2013-11-02T16:44:49+08:00 ] 0.0.0.0 /jianliapp/admin.php?s=/Score/clist
INFO: [ route_check ] --START--
INFO: Run CheckRoute Behavior [ RunTime:0.001397s ]
INFO: [ route_check ] --END-- [ RunTime:0.001479s ]
INFO: [ app_begin ] --START--
INFO: Run ReadHtmlCache Behavior [ RunTime:0.000986s ]
INFO: [ app_begin ] --END-- [ RunTime:0.001038s ]
SQL: SHOW COLUMNS FROM `tb_score` [ RunTime:0.008160s ]
NOTIC: [8] Use of undefined constant state - assumed 'state' F:\www\jianliapp\Home\Admin\Lib\Action\ScoreAction.class.php 第 20 行.
SQL: SELECT COUNT(*) AS tp_count FROM `tb_score` LIMIT 1   [ RunTime:0.000735s ]
NOTIC: [8] Use of undefined constant state - assumed 'state' F:\www\jianliapp\Home\Admin\Lib\Action\ScoreAction.class.php 第 23 行.
SQL: SELECT * FROM `tb_score` ORDER BY createtime  [ RunTime:0.000837s ]
SQL: SHOW COLUMNS FROM `tb_company` [ RunTime:0.009175s ]
NOTIC: [8] Use of undefined constant id - assumed 'id' F:\www\jianliapp\Home\Admin\Lib\Action\ScoreAction.class.php 第 29 行.
SQL: SELECT `name` FROM `tb_company` WHERE ( `id` = 2 ) AND ( `appid` = 1 ) LIMIT 1   [ RunTime:0.000895s ]
NOTIC: [8] Use of undefined constant id - assumed 'id' F:\www\jianliapp\Home\Admin\Lib\Action\ScoreAction.class.php 第 29 行.
SQL: SELECT `name` FROM `tb_company` WHERE ( `id` = 1 ) AND ( `appid` = 1 ) LIMIT 1   [ RunTime:0.000871s ]
SQL: SHOW COLUMNS FROM `tb_case` [ RunTime:0.008949s ]
NOTIC: [8] Use of undefined constant id - assumed 'id' F:\www\jianliapp\Home\Admin\Lib\Action\ScoreAction.class.php 第 39 行.
SQL: SELECT `name` FROM `tb_case` WHERE ( `id` = 1 ) LIMIT 1   [ RunTime:0.000668s ]
SQL: SHOW COLUMNS FROM `tb_construction` [ RunTime:0.005545s ]
NOTIC: [8] Use of undefined constant id - assumed 'id' F:\www\jianliapp\Home\Admin\Lib\Action\ScoreAction.class.php 第 34 行.
SQL: SELECT `name` FROM `tb_construction` WHERE ( `id` = 3 ) LIMIT 1   [ RunTime:0.000513s ]
INFO: [ view_template ] --START--
INFO: Run LocationTemplate Behavior [ RunTime:0.002075s ]
INFO: [ view_template ] --END-- [ RunTime:0.002154s ]
INFO: [ view_parse ] --START--
NOTIC: [8] Undefined variable: Title F:\www\jianliapp\Home\Admin\Runtime\Cache\4582f7e6a7cae08ae4e3bb65f8a9cef2.php 第 9 行.
INFO: Run ParseTemplate Behavior [ RunTime:0.015046s ]
INFO: [ view_parse ] --END-- [ RunTime:0.015118s ]
INFO: [ view_filter ] --START--
INFO: Run ContentReplace Behavior [ RunTime:0.001097s ]
INFO: Run TokenBuild Behavior [ RunTime:0.001089s ]
INFO: Run WriteHtmlCache Behavior [ RunTime:0.000920s ]
INFO: Run ShowRuntime Behavior [ RunTime:0.001177s ]
INFO: [ view_filter ] --END-- [ RunTime:0.004480s ]
INFO: [ view_end ] --START--
INFO: Run ShowPageTrace Behavior [ RunTime:0.001272s ]
INFO: [ view_end ] --END-- [ RunTime:0.001336s ]

[ 2013-11-02T16:49:54+08:00 ] 0.0.0.0 /jianliapp/admin.php?s=/Score/clist
INFO: [ route_check ] --START--
INFO: Run CheckRoute Behavior [ RunTime:0.001578s ]
INFO: [ route_check ] --END-- [ RunTime:0.001676s ]
INFO: [ app_begin ] --START--
INFO: Run ReadHtmlCache Behavior [ RunTime:0.002128s ]
INFO: [ app_begin ] --END-- [ RunTime:0.002218s ]
SQL: SHOW COLUMNS FROM `tb_score` [ RunTime:0.009594s ]
NOTIC: [8] Use of undefined constant state - assumed 'state' F:\www\jianliapp\Home\Admin\Lib\Action\ScoreAction.class.php 第 20 行.
SQL: SELECT COUNT(*) AS tp_count FROM `tb_score` LIMIT 1   [ RunTime:0.000705s ]
NOTIC: [8] Use of undefined constant state - assumed 'state' F:\www\jianliapp\Home\Admin\Lib\Action\ScoreAction.class.php 第 23 行.
SQL: SELECT * FROM `tb_score` ORDER BY createtime  [ RunTime:0.001052s ]
SQL: SHOW COLUMNS FROM `tb_company` [ RunTime:0.009557s ]
NOTIC: [8] Use of undefined constant id - assumed 'id' F:\www\jianliapp\Home\Admin\Lib\Action\ScoreAction.class.php 第 29 行.
SQL: SELECT `name` FROM `tb_company` WHERE ( `id` = 2 ) AND ( `appid` = 1 ) LIMIT 1   [ RunTime:0.000887s ]
NOTIC: [8] Use of undefined constant id - assumed 'id' F:\www\jianliapp\Home\Admin\Lib\Action\ScoreAction.class.php 第 29 行.
SQL: SELECT `name` FROM `tb_company` WHERE ( `id` = 1 ) AND ( `appid` = 1 ) LIMIT 1   [ RunTime:0.000509s ]
SQL: SHOW COLUMNS FROM `tb_case` [ RunTime:0.004143s ]
NOTIC: [8] Use of undefined constant id - assumed 'id' F:\www\jianliapp\Home\Admin\Lib\Action\ScoreAction.class.php 第 39 行.
SQL: SELECT `name` FROM `tb_case` WHERE ( `id` = 1 ) LIMIT 1   [ RunTime:0.000442s ]
SQL: SHOW COLUMNS FROM `tb_construction` [ RunTime:0.004358s ]
NOTIC: [8] Use of undefined constant id - assumed 'id' F:\www\jianliapp\Home\Admin\Lib\Action\ScoreAction.class.php 第 34 行.
SQL: SELECT `name` FROM `tb_construction` WHERE ( `id` = 3 ) LIMIT 1   [ RunTime:0.000496s ]
INFO: [ view_template ] --START--
INFO: Run LocationTemplate Behavior [ RunTime:0.001813s ]
INFO: [ view_template ] --END-- [ RunTime:0.001936s ]
INFO: [ view_parse ] --START--
NOTIC: [8] Undefined variable: Title F:\www\jianliapp\Home\Admin\Runtime\Cache\4582f7e6a7cae08ae4e3bb65f8a9cef2.php 第 9 行.
INFO: Run ParseTemplate Behavior [ RunTime:0.015172s ]
INFO: [ view_parse ] --END-- [ RunTime:0.015236s ]
INFO: [ view_filter ] --START--
INFO: Run ContentReplace Behavior [ RunTime:0.000811s ]
INFO: Run TokenBuild Behavior [ RunTime:0.000627s ]
INFO: Run WriteHtmlCache Behavior [ RunTime:0.000543s ]
INFO: Run ShowRuntime Behavior [ RunTime:0.000682s ]
INFO: [ view_filter ] --END-- [ RunTime:0.002785s ]
INFO: [ view_end ] --START--
INFO: Run ShowPageTrace Behavior [ RunTime:0.000797s ]
INFO: [ view_end ] --END-- [ RunTime:0.000835s ]

[ 2013-11-02T16:58:19+08:00 ] 0.0.0.0 /jianliapp/admin.php?s=/Score/clist
INFO: [ route_check ] --START--
INFO: Run CheckRoute Behavior [ RunTime:0.001270s ]
INFO: [ route_check ] --END-- [ RunTime:0.001349s ]
INFO: [ app_begin ] --START--
INFO: Run ReadHtmlCache Behavior [ RunTime:0.001201s ]
INFO: [ app_begin ] --END-- [ RunTime:0.001281s ]
SQL: SHOW COLUMNS FROM `tb_score` [ RunTime:0.008307s ]
NOTIC: [8] Use of undefined constant state - assumed 'state' F:\www\jianliapp\Home\Admin\Lib\Action\ScoreAction.class.php 第 20 行.
SQL: SELECT COUNT(*) AS tp_count FROM `tb_score` LIMIT 1   [ RunTime:0.000708s ]
NOTIC: [8] Use of undefined constant state - assumed 'state' F:\www\jianliapp\Home\Admin\Lib\Action\ScoreAction.class.php 第 23 行.
SQL: SELECT * FROM `tb_score` ORDER BY createtime  [ RunTime:0.001064s ]
SQL: SHOW COLUMNS FROM `tb_company` [ RunTime:0.008997s ]
NOTIC: [8] Use of undefined constant id - assumed 'id' F:\www\jianliapp\Home\Admin\Lib\Action\ScoreAction.class.php 第 29 行.
SQL: SELECT `name` FROM `tb_company` WHERE ( `id` = 2 ) AND ( `appid` = 1 ) LIMIT 1   [ RunTime:0.000860s ]
NOTIC: [8] Use of undefined constant id - assumed 'id' F:\www\jianliapp\Home\Admin\Lib\Action\ScoreAction.class.php 第 29 行.
SQL: SELECT `name` FROM `tb_company` WHERE ( `id` = 1 ) AND ( `appid` = 1 ) LIMIT 1   [ RunTime:0.000844s ]
SQL: SHOW COLUMNS FROM `tb_case` [ RunTime:0.009523s ]
NOTIC: [8] Use of undefined constant id - assumed 'id' F:\www\jianliapp\Home\Admin\Lib\Action\ScoreAction.class.php 第 39 行.
SQL: SELECT `name` FROM `tb_case` WHERE ( `id` = 1 ) LIMIT 1   [ RunTime:0.000496s ]
SQL: SHOW COLUMNS FROM `tb_construction` [ RunTime:0.004024s ]
NOTIC: [8] Use of undefined constant id - assumed 'id' F:\www\jianliapp\Home\Admin\Lib\Action\ScoreAction.class.php 第 34 行.
SQL: SELECT `name` FROM `tb_construction` WHERE ( `id` = 3 ) LIMIT 1   [ RunTime:0.000502s ]
INFO: [ view_template ] --START--
INFO: Run LocationTemplate Behavior [ RunTime:0.001744s ]
INFO: [ view_template ] --END-- [ RunTime:0.001812s ]
INFO: [ view_parse ] --START--
NOTIC: [8] Undefined variable: Title F:\www\jianliapp\Home\Admin\Runtime\Cache\4582f7e6a7cae08ae4e3bb65f8a9cef2.php 第 9 行.
NOTIC: [8] Trying to get property of non-object F:\www\jianliapp\Home\Admin\Runtime\Cache\4582f7e6a7cae08ae4e3bb65f8a9cef2.php 第 22 行.
NOTIC: [8] Undefined index: </td>
   <td><?php echo ( F:\www\jianliapp\Home\Admin\Runtime\Cache\4582f7e6a7cae08ae4e3bb65f8a9cef2.php 第 22 行.
NOTIC: [8] Trying to get property of non-object F:\www\jianliapp\Home\Admin\Runtime\Cache\4582f7e6a7cae08ae4e3bb65f8a9cef2.php 第 22 行.
NOTIC: [8] Undefined index: </td>
   <td><?php echo ( F:\www\jianliapp\Home\Admin\Runtime\Cache\4582f7e6a7cae08ae4e3bb65f8a9cef2.php 第 22 行.
NOTIC: [8] Trying to get property of non-object F:\www\jianliapp\Home\Admin\Runtime\Cache\4582f7e6a7cae08ae4e3bb65f8a9cef2.php 第 22 行.
NOTIC: [8] Undefined index: </td>
   <td><?php echo ( F:\www\jianliapp\Home\Admin\Runtime\Cache\4582f7e6a7cae08ae4e3bb65f8a9cef2.php 第 22 行.
NOTIC: [8] Trying to get property of non-object F:\www\jianliapp\Home\Admin\Runtime\Cache\4582f7e6a7cae08ae4e3bb65f8a9cef2.php 第 22 行.
NOTIC: [8] Undefined index: </td>
   <td><?php echo ( F:\www\jianliapp\Home\Admin\Runtime\Cache\4582f7e6a7cae08ae4e3bb65f8a9cef2.php 第 22 行.
INFO: Run ParseTemplate Behavior [ RunTime:0.016404s ]
INFO: [ view_parse ] --END-- [ RunTime:0.016475s ]
INFO: [ view_filter ] --START--
INFO: Run ContentReplace Behavior [ RunTime:0.000987s ]
INFO: Run TokenBuild Behavior [ RunTime:0.000852s ]
INFO: Run WriteHtmlCache Behavior [ RunTime:0.000802s ]
INFO: Run ShowRuntime Behavior [ RunTime:0.001027s ]
INFO: [ view_filter ] --END-- [ RunTime:0.003859s ]
INFO: [ view_end ] --START--
INFO: Run ShowPageTrace Behavior [ RunTime:0.001244s ]
INFO: [ view_end ] --END-- [ RunTime:0.001311s ]

[ 2013-11-02T16:58:49+08:00 ] 0.0.0.0 /jianliapp/admin.php?s=/Score/clist
INFO: [ route_check ] --START--
INFO: Run CheckRoute Behavior [ RunTime:0.001191s ]
INFO: [ route_check ] --END-- [ RunTime:0.001268s ]
INFO: [ app_begin ] --START--
INFO: Run ReadHtmlCache Behavior [ RunTime:0.000953s ]
INFO: [ app_begin ] --END-- [ RunTime:0.001004s ]
SQL: SHOW COLUMNS FROM `tb_score` [ RunTime:0.008802s ]
NOTIC: [8] Use of undefined constant state - assumed 'state' F:\www\jianliapp\Home\Admin\Lib\Action\ScoreAction.class.php 第 20 行.
SQL: SELECT COUNT(*) AS tp_count FROM `tb_score` LIMIT 1   [ RunTime:0.000678s ]
NOTIC: [8] Use of undefined constant state - assumed 'state' F:\www\jianliapp\Home\Admin\Lib\Action\ScoreAction.class.php 第 23 行.
SQL: SELECT * FROM `tb_score` ORDER BY createtime  [ RunTime:0.001151s ]
SQL: SHOW COLUMNS FROM `tb_company` [ RunTime:0.009358s ]
NOTIC: [8] Use of undefined constant id - assumed 'id' F:\www\jianliapp\Home\Admin\Lib\Action\ScoreAction.class.php 第 29 行.
SQL: SELECT `name` FROM `tb_company` WHERE ( `id` = 2 ) AND ( `appid` = 1 ) LIMIT 1   [ RunTime:0.000506s ]
NOTIC: [8] Use of undefined constant id - assumed 'id' F:\www\jianliapp\Home\Admin\Lib\Action\ScoreAction.class.php 第 29 行.
SQL: SELECT `name` FROM `tb_company` WHERE ( `id` = 1 ) AND ( `appid` = 1 ) LIMIT 1   [ RunTime:0.000511s ]
SQL: SHOW COLUMNS FROM `tb_case` [ RunTime:0.004286s ]
NOTIC: [8] Use of undefined constant id - assumed 'id' F:\www\jianliapp\Home\Admin\Lib\Action\ScoreAction.class.php 第 39 行.
SQL: SELECT `name` FROM `tb_case` WHERE ( `id` = 1 ) LIMIT 1   [ RunTime:0.000447s ]
SQL: SHOW COLUMNS FROM `tb_construction` [ RunTime:0.004538s ]
NOTIC: [8] Use of undefined constant id - assumed 'id' F:\www\jianliapp\Home\Admin\Lib\Action\ScoreAction.class.php 第 34 行.
SQL: SELECT `name` FROM `tb_construction` WHERE ( `id` = 3 ) LIMIT 1   [ RunTime:0.000507s ]
INFO: [ view_template ] --START--
INFO: Run LocationTemplate Behavior [ RunTime:0.001857s ]
INFO: [ view_template ] --END-- [ RunTime:0.001929s ]
INFO: [ view_parse ] --START--
NOTIC: [8] Undefined variable: Title F:\www\jianliapp\Home\Admin\Runtime\Cache\4582f7e6a7cae08ae4e3bb65f8a9cef2.php 第 9 行.
NOTIC: [8] Array to string conversion F:\www\jianliapp\Home\Admin\Runtime\Cache\4582f7e6a7cae08ae4e3bb65f8a9cef2.php 第 22 行.
NOTIC: [8] Undefined index: </td>
   <td><?php echo (Array F:\www\jianliapp\Home\Admin\Runtime\Cache\4582f7e6a7cae08ae4e3bb65f8a9cef2.php 第 22 行.
NOTIC: [8] Array to string conversion F:\www\jianliapp\Home\Admin\Runtime\Cache\4582f7e6a7cae08ae4e3bb65f8a9cef2.php 第 22 行.
NOTIC: [8] Undefined index: </td>
   <td><?php echo (Array F:\www\jianliapp\Home\Admin\Runtime\Cache\4582f7e6a7cae08ae4e3bb65f8a9cef2.php 第 22 行.
NOTIC: [8] Array to string conversion F:\www\jianliapp\Home\Admin\Runtime\Cache\4582f7e6a7cae08ae4e3bb65f8a9cef2.php 第 22 行.
NOTIC: [8] Undefined index: </td>
   <td><?php echo (Array F:\www\jianliapp\Home\Admin\Runtime\Cache\4582f7e6a7cae08ae4e3bb65f8a9cef2.php 第 22 行.
NOTIC: [8] Array to string conversion F:\www\jianliapp\Home\Admin\Runtime\Cache\4582f7e6a7cae08ae4e3bb65f8a9cef2.php 第 22 行.
NOTIC: [8] Undefined index: </td>
   <td><?php echo (Array F:\www\jianliapp\Home\Admin\Runtime\Cache\4582f7e6a7cae08ae4e3bb65f8a9cef2.php 第 22 行.
INFO: Run ParseTemplate Behavior [ RunTime:0.014997s ]
INFO: [ view_parse ] --END-- [ RunTime:0.015053s ]
INFO: [ view_filter ] --START--
INFO: Run ContentReplace Behavior [ RunTime:0.000669s ]
INFO: Run TokenBuild Behavior [ RunTime:0.000610s ]
INFO: Run WriteHtmlCache Behavior [ RunTime:0.000534s ]
INFO: Run ShowRuntime Behavior [ RunTime:0.000654s ]
INFO: [ view_filter ] --END-- [ RunTime:0.002590s ]
INFO: [ view_end ] --START--
INFO: Run ShowPageTrace Behavior [ RunTime:0.000783s ]
INFO: [ view_end ] --END-- [ RunTime:0.000823s ]

[ 2013-11-02T16:58:53+08:00 ] 0.0.0.0 /jianliapp/admin.php?s=/Score/clist
INFO: [ route_check ] --START--
INFO: Run CheckRoute Behavior [ RunTime:0.001597s ]
INFO: [ route_check ] --END-- [ RunTime:0.001692s ]
INFO: [ app_begin ] --START--
INFO: Run ReadHtmlCache Behavior [ RunTime:0.001286s ]
INFO: [ app_begin ] --END-- [ RunTime:0.001351s ]
SQL: SHOW COLUMNS FROM `tb_score` [ RunTime:0.008294s ]
NOTIC: [8] Use of undefined constant state - assumed 'state' F:\www\jianliapp\Home\Admin\Lib\Action\ScoreAction.class.php 第 20 行.
SQL: SELECT COUNT(*) AS tp_count FROM `tb_score` LIMIT 1   [ RunTime:0.000845s ]
NOTIC: [8] Use of undefined constant state - assumed 'state' F:\www\jianliapp\Home\Admin\Lib\Action\ScoreAction.class.php 第 23 行.
SQL: SELECT * FROM `tb_score` ORDER BY createtime  [ RunTime:0.001137s ]
SQL: SHOW COLUMNS FROM `tb_company` [ RunTime:0.007904s ]
NOTIC: [8] Use of undefined constant id - assumed 'id' F:\www\jianliapp\Home\Admin\Lib\Action\ScoreAction.class.php 第 29 行.
SQL: SELECT `name` FROM `tb_company` WHERE ( `id` = 2 ) AND ( `appid` = 1 ) LIMIT 1   [ RunTime:0.000536s ]
NOTIC: [8] Use of undefined constant id - assumed 'id' F:\www\jianliapp\Home\Admin\Lib\Action\ScoreAction.class.php 第 29 行.
SQL: SELECT `name` FROM `tb_company` WHERE ( `id` = 1 ) AND ( `appid` = 1 ) LIMIT 1   [ RunTime:0.000506s ]
SQL: SHOW COLUMNS FROM `tb_case` [ RunTime:0.004900s ]
NOTIC: [8] Use of undefined constant id - assumed 'id' F:\www\jianliapp\Home\Admin\Lib\Action\ScoreAction.class.php 第 39 行.
SQL: SELECT `name` FROM `tb_case` WHERE ( `id` = 1 ) LIMIT 1   [ RunTime:0.000477s ]
SQL: SHOW COLUMNS FROM `tb_construction` [ RunTime:0.004031s ]
NOTIC: [8] Use of undefined constant id - assumed 'id' F:\www\jianliapp\Home\Admin\Lib\Action\ScoreAction.class.php 第 34 行.
SQL: SELECT `name` FROM `tb_construction` WHERE ( `id` = 3 ) LIMIT 1   [ RunTime:0.000501s ]
INFO: [ view_template ] --START--
INFO: Run LocationTemplate Behavior [ RunTime:0.001929s ]
INFO: [ view_template ] --END-- [ RunTime:0.002000s ]
INFO: [ view_parse ] --START--
NOTIC: [8] Undefined variable: Title F:\www\jianliapp\Home\Admin\Runtime\Cache\4582f7e6a7cae08ae4e3bb65f8a9cef2.php 第 9 行.
NOTIC: [8] Array to string conversion F:\www\jianliapp\Home\Admin\Runtime\Cache\4582f7e6a7cae08ae4e3bb65f8a9cef2.php 第 22 行.
NOTIC: [8] Undefined index: </td>
   <td><?php echo (Array F:\www\jianliapp\Home\Admin\Runtime\Cache\4582f7e6a7cae08ae4e3bb65f8a9cef2.php 第 22 行.
NOTIC: [8] Array to string conversion F:\www\jianliapp\Home\Admin\Runtime\Cache\4582f7e6a7cae08ae4e3bb65f8a9cef2.php 第 22 行.
NOTIC: [8] Undefined index: </td>
   <td><?php echo (Array F:\www\jianliapp\Home\Admin\Runtime\Cache\4582f7e6a7cae08ae4e3bb65f8a9cef2.php 第 22 行.
NOTIC: [8] Array to string conversion F:\www\jianliapp\Home\Admin\Runtime\Cache\4582f7e6a7cae08ae4e3bb65f8a9cef2.php 第 22 行.
NOTIC: [8] Undefined index: </td>
   <td><?php echo (Array F:\www\jianliapp\Home\Admin\Runtime\Cache\4582f7e6a7cae08ae4e3bb65f8a9cef2.php 第 22 行.
NOTIC: [8] Array to string conversion F:\www\jianliapp\Home\Admin\Runtime\Cache\4582f7e6a7cae08ae4e3bb65f8a9cef2.php 第 22 行.
NOTIC: [8] Undefined index: </td>
   <td><?php echo (Array F:\www\jianliapp\Home\Admin\Runtime\Cache\4582f7e6a7cae08ae4e3bb65f8a9cef2.php 第 22 行.
INFO: Run ParseTemplate Behavior [ RunTime:0.014699s ]
INFO: [ view_parse ] --END-- [ RunTime:0.014754s ]
INFO: [ view_filter ] --START--
INFO: Run ContentReplace Behavior [ RunTime:0.000693s ]
INFO: Run TokenBuild Behavior [ RunTime:0.000642s ]
INFO: Run WriteHtmlCache Behavior [ RunTime:0.000553s ]
INFO: Run ShowRuntime Behavior [ RunTime:0.000676s ]
INFO: [ view_filter ] --END-- [ RunTime:0.002686s ]
INFO: [ view_end ] --START--
INFO: Run ShowPageTrace Behavior [ RunTime:0.000806s ]
INFO: [ view_end ] --END-- [ RunTime:0.000845s ]

[ 2013-11-02T16:59:13+08:00 ] 0.0.0.0 /jianliapp/admin.php?s=/Score/clist
INFO: [ route_check ] --START--
INFO: Run CheckRoute Behavior [ RunTime:0.001448s ]
INFO: [ route_check ] --END-- [ RunTime:0.001548s ]
INFO: [ app_begin ] --START--
INFO: Run ReadHtmlCache Behavior [ RunTime:0.001122s ]
INFO: [ app_begin ] --END-- [ RunTime:0.001186s ]
SQL: SHOW COLUMNS FROM `tb_score` [ RunTime:0.008335s ]
NOTIC: [8] Use of undefined constant state - assumed 'state' F:\www\jianliapp\Home\Admin\Lib\Action\ScoreAction.class.php 第 20 行.
SQL: SELECT COUNT(*) AS tp_count FROM `tb_score` LIMIT 1   [ RunTime:0.000670s ]
NOTIC: [8] Use of undefined constant state - assumed 'state' F:\www\jianliapp\Home\Admin\Lib\Action\ScoreAction.class.php 第 23 行.
SQL: SELECT * FROM `tb_score` ORDER BY createtime  [ RunTime:0.001139s ]
SQL: SHOW COLUMNS FROM `tb_company` [ RunTime:0.008428s ]
NOTIC: [8] Use of undefined constant id - assumed 'id' F:\www\jianliapp\Home\Admin\Lib\Action\ScoreAction.class.php 第 29 行.
SQL: SELECT `name` FROM `tb_company` WHERE ( `id` = 2 ) AND ( `appid` = 1 ) LIMIT 1   [ RunTime:0.000544s ]
NOTIC: [8] Use of undefined constant id - assumed 'id' F:\www\jianliapp\Home\Admin\Lib\Action\ScoreAction.class.php 第 29 行.
SQL: SELECT `name` FROM `tb_company` WHERE ( `id` = 1 ) AND ( `appid` = 1 ) LIMIT 1   [ RunTime:0.000506s ]
SQL: SHOW COLUMNS FROM `tb_case` [ RunTime:0.004458s ]
NOTIC: [8] Use of undefined constant id - assumed 'id' F:\www\jianliapp\Home\Admin\Lib\Action\ScoreAction.class.php 第 39 行.
SQL: SELECT `name` FROM `tb_case` WHERE ( `id` = 1 ) LIMIT 1   [ RunTime:0.000492s ]
SQL: SHOW COLUMNS FROM `tb_construction` [ RunTime:0.004400s ]
NOTIC: [8] Use of undefined constant id - assumed 'id' F:\www\jianliapp\Home\Admin\Lib\Action\ScoreAction.class.php 第 34 行.
SQL: SELECT `name` FROM `tb_construction` WHERE ( `id` = 3 ) LIMIT 1   [ RunTime:0.000507s ]
INFO: [ view_template ] --START--
INFO: Run LocationTemplate Behavior [ RunTime:0.001579s ]
INFO: [ view_template ] --END-- [ RunTime:0.001647s ]
INFO: [ view_parse ] --START--
NOTIC: [8] Undefined variable: Title F:\www\jianliapp\Home\Admin\Runtime\Cache\4582f7e6a7cae08ae4e3bb65f8a9cef2.php 第 9 行.
NOTIC: [8] Array to string conversion F:\www\jianliapp\Home\Admin\Runtime\Cache\4582f7e6a7cae08ae4e3bb65f8a9cef2.php 第 22 行.
NOTIC: [8] Undefined index: </td>
   <td><?php echo (Array F:\www\jianliapp\Home\Admin\Runtime\Cache\4582f7e6a7cae08ae4e3bb65f8a9cef2.php 第 22 行.
NOTIC: [8] Array to string conversion F:\www\jianliapp\Home\Admin\Runtime\Cache\4582f7e6a7cae08ae4e3bb65f8a9cef2.php 第 22 行.
NOTIC: [8] Undefined index: </td>
   <td><?php echo (Array F:\www\jianliapp\Home\Admin\Runtime\Cache\4582f7e6a7cae08ae4e3bb65f8a9cef2.php 第 22 行.
NOTIC: [8] Array to string conversion F:\www\jianliapp\Home\Admin\Runtime\Cache\4582f7e6a7cae08ae4e3bb65f8a9cef2.php 第 22 行.
NOTIC: [8] Undefined index: </td>
   <td><?php echo (Array F:\www\jianliapp\Home\Admin\Runtime\Cache\4582f7e6a7cae08ae4e3bb65f8a9cef2.php 第 22 行.
NOTIC: [8] Array to string conversion F:\www\jianliapp\Home\Admin\Runtime\Cache\4582f7e6a7cae08ae4e3bb65f8a9cef2.php 第 22 行.
NOTIC: [8] Undefined index: </td>
   <td><?php echo (Array F:\www\jianliapp\Home\Admin\Runtime\Cache\4582f7e6a7cae08ae4e3bb65f8a9cef2.php 第 22 行.
INFO: Run ParseTemplate Behavior [ RunTime:0.015280s ]
INFO: [ view_parse ] --END-- [ RunTime:0.015335s ]
INFO: [ view_filter ] --START--
INFO: Run ContentReplace Behavior [ RunTime:0.000618s ]
INFO: Run TokenBuild Behavior [ RunTime:0.000475s ]
INFO: Run WriteHtmlCache Behavior [ RunTime:0.000473s ]
INFO: Run ShowRuntime Behavior [ RunTime:0.000612s ]
INFO: [ view_filter ] --END-- [ RunTime:0.002297s ]
INFO: [ view_end ] --START--
INFO: Run ShowPageTrace Behavior [ RunTime:0.000734s ]
INFO: [ view_end ] --END-- [ RunTime:0.000774s ]

[ 2013-11-02T17:00:28+08:00 ] 0.0.0.0 /jianliapp/admin.php?s=/Score/clist
INFO: [ route_check ] --START--
INFO: Run CheckRoute Behavior [ RunTime:0.001617s ]
INFO: [ route_check ] --END-- [ RunTime:0.001706s ]
INFO: [ app_begin ] --START--
INFO: Run ReadHtmlCache Behavior [ RunTime:0.000952s ]
INFO: [ app_begin ] --END-- [ RunTime:0.001014s ]
SQL: SHOW COLUMNS FROM `tb_score` [ RunTime:0.009968s ]
NOTIC: [8] Use of undefined constant state - assumed 'state' F:\www\jianliapp\Home\Admin\Lib\Action\ScoreAction.class.php 第 20 行.
SQL: SELECT COUNT(*) AS tp_count FROM `tb_score` LIMIT 1   [ RunTime:0.000687s ]
NOTIC: [8] Use of undefined constant state - assumed 'state' F:\www\jianliapp\Home\Admin\Lib\Action\ScoreAction.class.php 第 23 行.
SQL: SELECT * FROM `tb_score` ORDER BY createtime  [ RunTime:0.001061s ]
SQL: SHOW COLUMNS FROM `tb_company` [ RunTime:0.004978s ]
NOTIC: [8] Use of undefined constant id - assumed 'id' F:\www\jianliapp\Home\Admin\Lib\Action\ScoreAction.class.php 第 29 行.
SQL: SELECT `name` FROM `tb_company` WHERE ( `id` = 2 ) AND ( `appid` = 1 ) LIMIT 1   [ RunTime:0.000541s ]
NOTIC: [8] Use of undefined constant id - assumed 'id' F:\www\jianliapp\Home\Admin\Lib\Action\ScoreAction.class.php 第 29 行.
SQL: SELECT `name` FROM `tb_company` WHERE ( `id` = 1 ) AND ( `appid` = 1 ) LIMIT 1   [ RunTime:0.000512s ]
SQL: SHOW COLUMNS FROM `tb_case` [ RunTime:0.004159s ]
NOTIC: [8] Use of undefined constant id - assumed 'id' F:\www\jianliapp\Home\Admin\Lib\Action\ScoreAction.class.php 第 39 行.
SQL: SELECT `name` FROM `tb_case` WHERE ( `id` = 1 ) LIMIT 1   [ RunTime:0.000538s ]
SQL: SHOW COLUMNS FROM `tb_construction` [ RunTime:0.004152s ]
NOTIC: [8] Use of undefined constant id - assumed 'id' F:\www\jianliapp\Home\Admin\Lib\Action\ScoreAction.class.php 第 34 行.
SQL: SELECT `name` FROM `tb_construction` WHERE ( `id` = 3 ) LIMIT 1   [ RunTime:0.000620s ]
INFO: [ view_template ] --START--
INFO: Run LocationTemplate Behavior [ RunTime:0.001886s ]
INFO: [ view_template ] --END-- [ RunTime:0.001960s ]
INFO: [ view_parse ] --START--
NOTIC: [8] Undefined variable: Title F:\www\jianliapp\Home\Admin\Runtime\Cache\4582f7e6a7cae08ae4e3bb65f8a9cef2.php 第 9 行.
NOTIC: [8] Array to string conversion F:\www\jianliapp\Home\Admin\Runtime\Cache\4582f7e6a7cae08ae4e3bb65f8a9cef2.php 第 22 行.
NOTIC: [8] Undefined index: </td>
   <td><?php echo (Array F:\www\jianliapp\Home\Admin\Runtime\Cache\4582f7e6a7cae08ae4e3bb65f8a9cef2.php 第 22 行.
NOTIC: [8] Array to string conversion F:\www\jianliapp\Home\Admin\Runtime\Cache\4582f7e6a7cae08ae4e3bb65f8a9cef2.php 第 22 行.
NOTIC: [8] Undefined index: </td>
   <td><?php echo (Array F:\www\jianliapp\Home\Admin\Runtime\Cache\4582f7e6a7cae08ae4e3bb65f8a9cef2.php 第 22 行.
NOTIC: [8] Array to string conversion F:\www\jianliapp\Home\Admin\Runtime\Cache\4582f7e6a7cae08ae4e3bb65f8a9cef2.php 第 22 行.
NOTIC: [8] Undefined index: </td>
   <td><?php echo (Array F:\www\jianliapp\Home\Admin\Runtime\Cache\4582f7e6a7cae08ae4e3bb65f8a9cef2.php 第 22 行.
NOTIC: [8] Array to string conversion F:\www\jianliapp\Home\Admin\Runtime\Cache\4582f7e6a7cae08ae4e3bb65f8a9cef2.php 第 22 行.
NOTIC: [8] Undefined index: </td>
   <td><?php echo (Array F:\www\jianliapp\Home\Admin\Runtime\Cache\4582f7e6a7cae08ae4e3bb65f8a9cef2.php 第 22 行.
INFO: Run ParseTemplate Behavior [ RunTime:0.014468s ]
INFO: [ view_parse ] --END-- [ RunTime:0.014535s ]
INFO: [ view_filter ] --START--
INFO: Run ContentReplace Behavior [ RunTime:0.000697s ]
INFO: Run TokenBuild Behavior [ RunTime:0.000618s ]
INFO: Run WriteHtmlCache Behavior [ RunTime:0.000535s ]
INFO: Run ShowRuntime Behavior [ RunTime:0.000673s ]
INFO: [ view_filter ] --END-- [ RunTime:0.002662s ]
INFO: [ view_end ] --START--
INFO: Run ShowPageTrace Behavior [ RunTime:0.000799s ]
INFO: [ view_end ] --END-- [ RunTime:0.000844s ]

[ 2013-11-02T17:01:36+08:00 ] 0.0.0.0 /jianliapp/admin.php?s=/Score/clist
INFO: [ route_check ] --START--
INFO: Run CheckRoute Behavior [ RunTime:0.000999s ]
INFO: [ route_check ] --END-- [ RunTime:0.001066s ]
INFO: [ app_begin ] --START--
INFO: Run ReadHtmlCache Behavior [ RunTime:0.000743s ]
INFO: [ app_begin ] --END-- [ RunTime:0.000784s ]
SQL: SHOW COLUMNS FROM `tb_score` [ RunTime:0.009161s ]
NOTIC: [8] Use of undefined constant state - assumed 'state' F:\www\jianliapp\Home\Admin\Lib\Action\ScoreAction.class.php 第 20 行.
SQL: SELECT COUNT(*) AS tp_count FROM `tb_score` LIMIT 1   [ RunTime:0.000657s ]
NOTIC: [8] Use of undefined constant state - assumed 'state' F:\www\jianliapp\Home\Admin\Lib\Action\ScoreAction.class.php 第 23 行.
SQL: SELECT * FROM `tb_score` ORDER BY createtime  [ RunTime:0.001051s ]
SQL: SHOW COLUMNS FROM `tb_company` [ RunTime:0.008896s ]
NOTIC: [8] Use of undefined constant id - assumed 'id' F:\www\jianliapp\Home\Admin\Lib\Action\ScoreAction.class.php 第 29 行.
SQL: SELECT `name` FROM `tb_company` WHERE ( `id` = 2 ) AND ( `appid` = 1 ) LIMIT 1   [ RunTime:0.000891s ]
NOTIC: [8] Use of undefined constant id - assumed 'id' F:\www\jianliapp\Home\Admin\Lib\Action\ScoreAction.class.php 第 29 行.
SQL: SELECT `name` FROM `tb_company` WHERE ( `id` = 1 ) AND ( `appid` = 1 ) LIMIT 1   [ RunTime:0.001040s ]
SQL: SHOW COLUMNS FROM `tb_case` [ RunTime:0.004523s ]
NOTIC: [8] Use of undefined constant id - assumed 'id' F:\www\jianliapp\Home\Admin\Lib\Action\ScoreAction.class.php 第 39 行.
SQL: SELECT `name` FROM `tb_case` WHERE ( `id` = 1 ) LIMIT 1   [ RunTime:0.000514s ]
SQL: SHOW COLUMNS FROM `tb_construction` [ RunTime:0.004276s ]
NOTIC: [8] Use of undefined constant id - assumed 'id' F:\www\jianliapp\Home\Admin\Lib\Action\ScoreAction.class.php 第 34 行.
SQL: SELECT `name` FROM `tb_construction` WHERE ( `id` = 3 ) LIMIT 1   [ RunTime:0.000508s ]
INFO: [ view_template ] --START--
INFO: Run LocationTemplate Behavior [ RunTime:0.001828s ]
INFO: [ view_template ] --END-- [ RunTime:0.001906s ]
INFO: [ view_parse ] --START--
NOTIC: [8] Undefined variable: Title F:\www\jianliapp\Home\Admin\Runtime\Cache\4582f7e6a7cae08ae4e3bb65f8a9cef2.php 第 9 行.
NOTIC: [8] Array to string conversion F:\www\jianliapp\Home\Admin\Runtime\Cache\4582f7e6a7cae08ae4e3bb65f8a9cef2.php 第 22 行.
NOTIC: [8] Undefined index: </td>
   <td><?php echo (Array F:\www\jianliapp\Home\Admin\Runtime\Cache\4582f7e6a7cae08ae4e3bb65f8a9cef2.php 第 22 行.
NOTIC: [8] Array to string conversion F:\www\jianliapp\Home\Admin\Runtime\Cache\4582f7e6a7cae08ae4e3bb65f8a9cef2.php 第 22 行.
NOTIC: [8] Undefined index: </td>
   <td><?php echo (Array F:\www\jianliapp\Home\Admin\Runtime\Cache\4582f7e6a7cae08ae4e3bb65f8a9cef2.php 第 22 行.
NOTIC: [8] Array to string conversion F:\www\jianliapp\Home\Admin\Runtime\Cache\4582f7e6a7cae08ae4e3bb65f8a9cef2.php 第 22 行.
NOTIC: [8] Undefined index: </td>
   <td><?php echo (Array F:\www\jianliapp\Home\Admin\Runtime\Cache\4582f7e6a7cae08ae4e3bb65f8a9cef2.php 第 22 行.
NOTIC: [8] Array to string conversion F:\www\jianliapp\Home\Admin\Runtime\Cache\4582f7e6a7cae08ae4e3bb65f8a9cef2.php 第 22 行.
NOTIC: [8] Undefined index: </td>
   <td><?php echo (Array F:\www\jianliapp\Home\Admin\Runtime\Cache\4582f7e6a7cae08ae4e3bb65f8a9cef2.php 第 22 行.
INFO: Run ParseTemplate Behavior [ RunTime:0.016108s ]
INFO: [ view_parse ] --END-- [ RunTime:0.016168s ]
INFO: [ view_filter ] --START--
INFO: Run ContentReplace Behavior [ RunTime:0.000683s ]
INFO: Run TokenBuild Behavior [ RunTime:0.000629s ]
INFO: Run WriteHtmlCache Behavior [ RunTime:0.000537s ]
INFO: Run ShowRuntime Behavior [ RunTime:0.000671s ]
INFO: [ view_filter ] --END-- [ RunTime:0.002663s ]
INFO: [ view_end ] --START--
INFO: Run ShowPageTrace Behavior [ RunTime:0.000838s ]
INFO: [ view_end ] --END-- [ RunTime:0.000886s ]

[ 2013-11-02T17:01:55+08:00 ] 0.0.0.0 /jianliapp/admin.php?s=/Score/clist
INFO: [ route_check ] --START--
INFO: Run CheckRoute Behavior [ RunTime:0.001228s ]
INFO: [ route_check ] --END-- [ RunTime:0.001309s ]
INFO: [ app_begin ] --START--
INFO: Run ReadHtmlCache Behavior [ RunTime:0.000955s ]
INFO: [ app_begin ] --END-- [ RunTime:0.001007s ]
SQL: SHOW COLUMNS FROM `tb_score` [ RunTime:0.008451s ]
NOTIC: [8] Use of undefined constant state - assumed 'state' F:\www\jianliapp\Home\Admin\Lib\Action\ScoreAction.class.php 第 20 行.
SQL: SELECT COUNT(*) AS tp_count FROM `tb_score` LIMIT 1   [ RunTime:0.000701s ]
NOTIC: [8] Use of undefined constant state - assumed 'state' F:\www\jianliapp\Home\Admin\Lib\Action\ScoreAction.class.php 第 23 行.
SQL: SELECT * FROM `tb_score` ORDER BY createtime  [ RunTime:0.000806s ]
SQL: SHOW COLUMNS FROM `tb_company` [ RunTime:0.009711s ]
NOTIC: [8] Use of undefined constant id - assumed 'id' F:\www\jianliapp\Home\Admin\Lib\Action\ScoreAction.class.php 第 29 行.
SQL: SELECT `name` FROM `tb_company` WHERE ( `id` = 2 ) AND ( `appid` = 1 ) LIMIT 1   [ RunTime:0.001279s ]
NOTIC: [8] Use of undefined constant id - assumed 'id' F:\www\jianliapp\Home\Admin\Lib\Action\ScoreAction.class.php 第 29 行.
SQL: SELECT `name` FROM `tb_company` WHERE ( `id` = 1 ) AND ( `appid` = 1 ) LIMIT 1   [ RunTime:0.000865s ]
SQL: SHOW COLUMNS FROM `tb_case` [ RunTime:0.007227s ]
NOTIC: [8] Use of undefined constant id - assumed 'id' F:\www\jianliapp\Home\Admin\Lib\Action\ScoreAction.class.php 第 39 行.
SQL: SELECT `name` FROM `tb_case` WHERE ( `id` = 1 ) LIMIT 1   [ RunTime:0.000502s ]
SQL: SHOW COLUMNS FROM `tb_construction` [ RunTime:0.004497s ]
NOTIC: [8] Use of undefined constant id - assumed 'id' F:\www\jianliapp\Home\Admin\Lib\Action\ScoreAction.class.php 第 34 行.
SQL: SELECT `name` FROM `tb_construction` WHERE ( `id` = 3 ) LIMIT 1   [ RunTime:0.000513s ]
INFO: [ view_template ] --START--
INFO: Run LocationTemplate Behavior [ RunTime:0.001818s ]
INFO: [ view_template ] --END-- [ RunTime:0.001899s ]
INFO: [ view_parse ] --START--
NOTIC: [8] Undefined variable: Title F:\www\jianliapp\Home\Admin\Runtime\Cache\4582f7e6a7cae08ae4e3bb65f8a9cef2.php 第 9 行.
INFO: Run ParseTemplate Behavior [ RunTime:0.015702s ]
INFO: [ view_parse ] --END-- [ RunTime:0.015782s ]
INFO: [ view_filter ] --START--
INFO: Run ContentReplace Behavior [ RunTime:0.001078s ]
INFO: Run TokenBuild Behavior [ RunTime:0.001181s ]
INFO: Run WriteHtmlCache Behavior [ RunTime:0.001054s ]
INFO: Run ShowRuntime Behavior [ RunTime:0.000707s ]
INFO: [ view_filter ] --END-- [ RunTime:0.004240s ]
INFO: [ view_end ] --START--
INFO: Run ShowPageTrace Behavior [ RunTime:0.000757s ]
INFO: [ view_end ] --END-- [ RunTime:0.000802s ]

[ 2013-11-02T17:03:26+08:00 ] 0.0.0.0 /jianliapp/admin.php?s=/Score/clist
INFO: [ route_check ] --START--
INFO: Run CheckRoute Behavior [ RunTime:0.001259s ]
INFO: [ route_check ] --END-- [ RunTime:0.001337s ]
INFO: [ app_begin ] --START--
INFO: Run ReadHtmlCache Behavior [ RunTime:0.000951s ]
INFO: [ app_begin ] --END-- [ RunTime:0.001003s ]
SQL: SHOW COLUMNS FROM `tb_score` [ RunTime:0.009037s ]
NOTIC: [8] Use of undefined constant state - assumed 'state' F:\www\jianliapp\Home\Admin\Lib\Action\ScoreAction.class.php 第 20 行.
SQL: SELECT COUNT(*) AS tp_count FROM `tb_score` LIMIT 1   [ RunTime:0.000698s ]
NOTIC: [8] Use of undefined constant state - assumed 'state' F:\www\jianliapp\Home\Admin\Lib\Action\ScoreAction.class.php 第 23 行.
SQL: SELECT * FROM `tb_score` ORDER BY createtime  [ RunTime:0.001028s ]
SQL: SHOW COLUMNS FROM `tb_company` [ RunTime:0.009631s ]
NOTIC: [8] Use of undefined constant id - assumed 'id' F:\www\jianliapp\Home\Admin\Lib\Action\ScoreAction.class.php 第 29 行.
SQL: SELECT `name` FROM `tb_company` WHERE ( `id` = 2 ) AND ( `appid` = 1 ) LIMIT 1   [ RunTime:0.000872s ]
NOTIC: [8] Use of undefined constant id - assumed 'id' F:\www\jianliapp\Home\Admin\Lib\Action\ScoreAction.class.php 第 29 行.
SQL: SELECT `name` FROM `tb_company` WHERE ( `id` = 1 ) AND ( `appid` = 1 ) LIMIT 1   [ RunTime:0.000692s ]
SQL: SHOW COLUMNS FROM `tb_case` [ RunTime:0.004298s ]
NOTIC: [8] Use of undefined constant id - assumed 'id' F:\www\jianliapp\Home\Admin\Lib\Action\ScoreAction.class.php 第 39 行.
SQL: SELECT `name` FROM `tb_case` WHERE ( `id` = 1 ) LIMIT 1   [ RunTime:0.000495s ]
SQL: SHOW COLUMNS FROM `tb_construction` [ RunTime:0.004320s ]
NOTIC: [8] Use of undefined constant id - assumed 'id' F:\www\jianliapp\Home\Admin\Lib\Action\ScoreAction.class.php 第 34 行.
SQL: SELECT `name` FROM `tb_construction` WHERE ( `id` = 3 ) LIMIT 1   [ RunTime:0.000518s ]
INFO: [ view_template ] --START--
INFO: Run LocationTemplate Behavior [ RunTime:0.001837s ]
INFO: [ view_template ] --END-- [ RunTime:0.001916s ]
INFO: [ view_parse ] --START--
NOTIC: [8] Undefined variable: Title F:\www\jianliapp\Home\Admin\Runtime\Cache\4582f7e6a7cae08ae4e3bb65f8a9cef2.php 第 9 行.
INFO: Run ParseTemplate Behavior [ RunTime:0.015005s ]
INFO: [ view_parse ] --END-- [ RunTime:0.015086s ]
INFO: [ view_filter ] --START--
INFO: Run ContentReplace Behavior [ RunTime:0.000891s ]
INFO: Run TokenBuild Behavior [ RunTime:0.000551s ]
INFO: Run WriteHtmlCache Behavior [ RunTime:0.000454s ]
INFO: Run ShowRuntime Behavior [ RunTime:0.000593s ]
INFO: [ view_filter ] --END-- [ RunTime:0.002646s ]
INFO: [ view_end ] --START--
INFO: Run ShowPageTrace Behavior [ RunTime:0.000716s ]
INFO: [ view_end ] --END-- [ RunTime:0.000766s ]

[ 2013-11-02T17:13:47+08:00 ] 0.0.0.0 /jianliapp/admin.php?s=/Score/clist
INFO: [ route_check ] --START--
INFO: Run CheckRoute Behavior [ RunTime:0.001309s ]
INFO: [ route_check ] --END-- [ RunTime:0.001406s ]
INFO: [ app_begin ] --START--
INFO: Run ReadHtmlCache Behavior [ RunTime:0.000952s ]
INFO: [ app_begin ] --END-- [ RunTime:0.001004s ]
SQL: SHOW COLUMNS FROM `tb_score` [ RunTime:0.008835s ]
NOTIC: [8] Use of undefined constant state - assumed 'state' F:\www\jianliapp\Home\Admin\Lib\Action\ScoreAction.class.php 第 20 行.
SQL: SELECT COUNT(*) AS tp_count FROM `tb_score` LIMIT 1   [ RunTime:0.000624s ]
NOTIC: [8] Use of undefined constant state - assumed 'state' F:\www\jianliapp\Home\Admin\Lib\Action\ScoreAction.class.php 第 23 行.
SQL: SELECT * FROM `tb_score` ORDER BY createtime  [ RunTime:0.000871s ]
SQL: SHOW COLUMNS FROM `tb_company` [ RunTime:0.008784s ]
NOTIC: [8] Use of undefined constant id - assumed 'id' F:\www\jianliapp\Home\Admin\Lib\Action\ScoreAction.class.php 第 29 行.
SQL: SELECT `name` FROM `tb_company` WHERE ( `id` = 2 ) AND ( `appid` = 1 ) LIMIT 1   [ RunTime:0.000884s ]
NOTIC: [8] Use of undefined constant id - assumed 'id' F:\www\jianliapp\Home\Admin\Lib\Action\ScoreAction.class.php 第 29 行.
SQL: SELECT `name` FROM `tb_company` WHERE ( `id` = 1 ) AND ( `appid` = 1 ) LIMIT 1   [ RunTime:0.000533s ]
SQL: SHOW COLUMNS FROM `tb_case` [ RunTime:0.004129s ]
NOTIC: [8] Use of undefined constant id - assumed 'id' F:\www\jianliapp\Home\Admin\Lib\Action\ScoreAction.class.php 第 39 行.
SQL: SELECT `name` FROM `tb_case` WHERE ( `id` = 1 ) LIMIT 1   [ RunTime:0.000495s ]
SQL: SHOW COLUMNS FROM `tb_construction` [ RunTime:0.003992s ]
NOTIC: [8] Use of undefined constant id - assumed 'id' F:\www\jianliapp\Home\Admin\Lib\Action\ScoreAction.class.php 第 34 行.
SQL: SELECT `name` FROM `tb_construction` WHERE ( `id` = 3 ) LIMIT 1   [ RunTime:0.000619s ]
INFO: [ view_template ] --START--
INFO: Run LocationTemplate Behavior [ RunTime:0.001846s ]
INFO: [ view_template ] --END-- [ RunTime:0.001921s ]
INFO: [ view_parse ] --START--
NOTIC: [8] Undefined variable: Title F:\www\jianliapp\Home\Admin\Runtime\Cache\4582f7e6a7cae08ae4e3bb65f8a9cef2.php 第 9 行.
INFO: Run ParseTemplate Behavior [ RunTime:0.016540s ]
INFO: [ view_parse ] --END-- [ RunTime:0.016600s ]
INFO: [ view_filter ] --START--
INFO: Run ContentReplace Behavior [ RunTime:0.000666s ]
INFO: Run TokenBuild Behavior [ RunTime:0.000597s ]
INFO: Run WriteHtmlCache Behavior [ RunTime:0.000515s ]
INFO: Run ShowRuntime Behavior [ RunTime:0.000644s ]
INFO: [ view_filter ] --END-- [ RunTime:0.002536s ]
INFO: [ view_end ] --START--
INFO: Run ShowPageTrace Behavior [ RunTime:0.000753s ]
INFO: [ view_end ] --END-- [ RunTime:0.000791s ]

[ 2013-11-02T17:15:45+08:00 ] 0.0.0.0 /jianliapp/admin.php?s=/Score/clist
INFO: [ route_check ] --START--
INFO: Run CheckRoute Behavior [ RunTime:0.001558s ]
INFO: [ route_check ] --END-- [ RunTime:0.001654s ]
INFO: [ app_begin ] --START--
INFO: Run ReadHtmlCache Behavior [ RunTime:0.000908s ]
INFO: [ app_begin ] --END-- [ RunTime:0.000962s ]
SQL: SHOW COLUMNS FROM `tb_score` [ RunTime:0.008783s ]
NOTIC: [8] Use of undefined constant state - assumed 'state' F:\www\jianliapp\Home\Admin\Lib\Action\ScoreAction.class.php 第 20 行.
SQL: SELECT COUNT(*) AS tp_count FROM `tb_score` LIMIT 1   [ RunTime:0.000666s ]
NOTIC: [8] Use of undefined constant state - assumed 'state' F:\www\jianliapp\Home\Admin\Lib\Action\ScoreAction.class.php 第 23 行.
SQL: SELECT * FROM `tb_score` ORDER BY createtime  [ RunTime:0.001023s ]
SQL: SHOW COLUMNS FROM `tb_company` [ RunTime:0.004317s ]
NOTIC: [8] Use of undefined constant id - assumed 'id' F:\www\jianliapp\Home\Admin\Lib\Action\ScoreAction.class.php 第 29 行.
SQL: SELECT `name` FROM `tb_company` WHERE ( `id` = 2 ) AND ( `appid` = 1 ) LIMIT 1   [ RunTime:0.000538s ]
NOTIC: [8] Use of undefined constant id - assumed 'id' F:\www\jianliapp\Home\Admin\Lib\Action\ScoreAction.class.php 第 29 行.
SQL: SELECT `name` FROM `tb_company` WHERE ( `id` = 1 ) AND ( `appid` = 1 ) LIMIT 1   [ RunTime:0.000535s ]
SQL: SHOW COLUMNS FROM `tb_case` [ RunTime:0.004351s ]
NOTIC: [8] Use of undefined constant id - assumed 'id' F:\www\jianliapp\Home\Admin\Lib\Action\ScoreAction.class.php 第 39 行.
SQL: SELECT `name` FROM `tb_case` WHERE ( `id` = 1 ) LIMIT 1   [ RunTime:0.000427s ]
SQL: SHOW COLUMNS FROM `tb_construction` [ RunTime:0.004147s ]
NOTIC: [8] Use of undefined constant id - assumed 'id' F:\www\jianliapp\Home\Admin\Lib\Action\ScoreAction.class.php 第 34 行.
SQL: SELECT `name` FROM `tb_construction` WHERE ( `id` = 3 ) LIMIT 1   [ RunTime:0.000512s ]
INFO: [ view_template ] --START--
INFO: Run LocationTemplate Behavior [ RunTime:0.001669s ]
INFO: [ view_template ] --END-- [ RunTime:0.001740s ]
INFO: [ view_parse ] --START--
NOTIC: [8] Undefined variable: Title F:\www\jianliapp\Home\Admin\Runtime\Cache\4582f7e6a7cae08ae4e3bb65f8a9cef2.php 第 9 行.
INFO: Run ParseTemplate Behavior [ RunTime:0.013938s ]
INFO: [ view_parse ] --END-- [ RunTime:0.014106s ]
INFO: [ view_filter ] --START--
INFO: Run ContentReplace Behavior [ RunTime:0.000622s ]
INFO: Run TokenBuild Behavior [ RunTime:0.000532s ]
INFO: Run WriteHtmlCache Behavior [ RunTime:0.000436s ]
INFO: Run ShowRuntime Behavior [ RunTime:0.000574s ]
INFO: [ view_filter ] --END-- [ RunTime:0.002335s ]
INFO: [ view_end ] --START--
INFO: Run ShowPageTrace Behavior [ RunTime:0.000693s ]
INFO: [ view_end ] --END-- [ RunTime:0.000731s ]

[ 2013-11-02T17:16:36+08:00 ] 0.0.0.0 /jianliapp/admin.php?s=/Score/clist
INFO: [ route_check ] --START--
INFO: Run CheckRoute Behavior [ RunTime:0.001748s ]
INFO: [ route_check ] --END-- [ RunTime:0.001848s ]
INFO: [ app_begin ] --START--
INFO: Run ReadHtmlCache Behavior [ RunTime:0.001302s ]
INFO: [ app_begin ] --END-- [ RunTime:0.001374s ]
SQL: SHOW COLUMNS FROM `tb_score` [ RunTime:0.010978s ]
NOTIC: [8] Use of undefined constant state - assumed 'state' F:\www\jianliapp\Home\Admin\Lib\Action\ScoreAction.class.php 第 20 行.
SQL: SELECT COUNT(*) AS tp_count FROM `tb_score` LIMIT 1   [ RunTime:0.000688s ]
NOTIC: [8] Use of undefined constant state - assumed 'state' F:\www\jianliapp\Home\Admin\Lib\Action\ScoreAction.class.php 第 23 行.
SQL: SELECT * FROM `tb_score` ORDER BY createtime  [ RunTime:0.001305s ]
SQL: SHOW COLUMNS FROM `tb_company` [ RunTime:0.007157s ]
NOTIC: [8] Use of undefined constant id - assumed 'id' F:\www\jianliapp\Home\Admin\Lib\Action\ScoreAction.class.php 第 29 行.
SQL: SELECT `name` FROM `tb_company` WHERE ( `id` = 2 ) AND ( `appid` = 1 ) LIMIT 1   [ RunTime:0.000537s ]
NOTIC: [8] Use of undefined constant id - assumed 'id' F:\www\jianliapp\Home\Admin\Lib\Action\ScoreAction.class.php 第 29 行.
SQL: SELECT `name` FROM `tb_company` WHERE ( `id` = 1 ) AND ( `appid` = 1 ) LIMIT 1   [ RunTime:0.000507s ]
SQL: SHOW COLUMNS FROM `tb_case` [ RunTime:0.004545s ]
NOTIC: [8] Use of undefined constant id - assumed 'id' F:\www\jianliapp\Home\Admin\Lib\Action\ScoreAction.class.php 第 39 行.
SQL: SELECT `name` FROM `tb_case` WHERE ( `id` = 1 ) LIMIT 1   [ RunTime:0.000469s ]
SQL: SHOW COLUMNS FROM `tb_construction` [ RunTime:0.004145s ]
NOTIC: [8] Use of undefined constant id - assumed 'id' F:\www\jianliapp\Home\Admin\Lib\Action\ScoreAction.class.php 第 34 行.
SQL: SELECT `name` FROM `tb_construction` WHERE ( `id` = 3 ) LIMIT 1   [ RunTime:0.000507s ]
INFO: [ view_template ] --START--
INFO: Run LocationTemplate Behavior [ RunTime:0.001795s ]
INFO: [ view_template ] --END-- [ RunTime:0.001864s ]
INFO: [ view_parse ] --START--
NOTIC: [8] Undefined variable: Title F:\www\jianliapp\Home\Admin\Runtime\Cache\4582f7e6a7cae08ae4e3bb65f8a9cef2.php 第 9 行.
INFO: Run ParseTemplate Behavior [ RunTime:0.015570s ]
INFO: [ view_parse ] --END-- [ RunTime:0.015630s ]
INFO: [ view_filter ] --START--
INFO: Run ContentReplace Behavior [ RunTime:0.000686s ]
INFO: Run TokenBuild Behavior [ RunTime:0.000607s ]
INFO: Run WriteHtmlCache Behavior [ RunTime:0.000526s ]
INFO: Run ShowRuntime Behavior [ RunTime:0.000868s ]
INFO: [ view_filter ] --END-- [ RunTime:0.002816s ]
INFO: [ view_end ] --START--
INFO: Run ShowPageTrace Behavior [ RunTime:0.000911s ]
INFO: [ view_end ] --END-- [ RunTime:0.000949s ]

[ 2013-11-02T17:22:03+08:00 ] 0.0.0.0 /jianliapp/admin.php?s=/Score/clist
INFO: [ route_check ] --START--
INFO: Run CheckRoute Behavior [ RunTime:0.001283s ]
INFO: [ route_check ] --END-- [ RunTime:0.001369s ]
INFO: [ app_begin ] --START--
INFO: Run ReadHtmlCache Behavior [ RunTime:0.000847s ]
INFO: [ app_begin ] --END-- [ RunTime:0.000899s ]
SQL: SHOW COLUMNS FROM `tb_score` [ RunTime:0.008782s ]
NOTIC: [8] Use of undefined constant state - assumed 'state' F:\www\jianliapp\Home\Admin\Lib\Action\ScoreAction.class.php 第 20 行.
SQL: SELECT COUNT(*) AS tp_count FROM `tb_score` LIMIT 1   [ RunTime:0.000737s ]
NOTIC: [8] Use of undefined constant state - assumed 'state' F:\www\jianliapp\Home\Admin\Lib\Action\ScoreAction.class.php 第 23 行.
SQL: SELECT * FROM `tb_score` ORDER BY createtime  [ RunTime:0.001076s ]
SQL: SHOW COLUMNS FROM `tb_company` [ RunTime:0.011441s ]
NOTIC: [8] Use of undefined constant id - assumed 'id' F:\www\jianliapp\Home\Admin\Lib\Action\ScoreAction.class.php 第 29 行.
SQL: SELECT `name` FROM `tb_company` WHERE ( `id` = 2 ) AND ( `appid` = 1 ) LIMIT 1   [ RunTime:0.003698s ]
NOTIC: [8] Use of undefined constant id - assumed 'id' F:\www\jianliapp\Home\Admin\Lib\Action\ScoreAction.class.php 第 29 行.
SQL: SELECT `name` FROM `tb_company` WHERE ( `id` = 1 ) AND ( `appid` = 1 ) LIMIT 1   [ RunTime:0.000925s ]
SQL: SHOW COLUMNS FROM `tb_case` [ RunTime:0.003518s ]
NOTIC: [8] Use of undefined constant id - assumed 'id' F:\www\jianliapp\Home\Admin\Lib\Action\ScoreAction.class.php 第 39 行.
SQL: SELECT `name` FROM `tb_case` WHERE ( `id` = 1 ) LIMIT 1   [ RunTime:0.000497s ]
SQL: SHOW COLUMNS FROM `tb_construction` [ RunTime:0.003471s ]
NOTIC: [8] Use of undefined constant id - assumed 'id' F:\www\jianliapp\Home\Admin\Lib\Action\ScoreAction.class.php 第 34 行.
SQL: SELECT `name` FROM `tb_construction` WHERE ( `id` = 3 ) LIMIT 1   [ RunTime:0.000429s ]
INFO: [ view_template ] --START--
INFO: Run LocationTemplate Behavior [ RunTime:0.001329s ]
INFO: [ view_template ] --END-- [ RunTime:0.001385s ]
INFO: [ view_parse ] --START--
NOTIC: [8] Undefined variable: Title F:\www\jianliapp\Home\Admin\Runtime\Cache\4582f7e6a7cae08ae4e3bb65f8a9cef2.php 第 9 行.
INFO: Run ParseTemplate Behavior [ RunTime:0.012834s ]
INFO: [ view_parse ] --END-- [ RunTime:0.012893s ]
INFO: [ view_filter ] --START--
INFO: Run ContentReplace Behavior [ RunTime:0.000733s ]
INFO: Run TokenBuild Behavior [ RunTime:0.000669s ]
INFO: Run WriteHtmlCache Behavior [ RunTime:0.000568s ]
INFO: Run ShowRuntime Behavior [ RunTime:0.000730s ]
INFO: [ view_filter ] --END-- [ RunTime:0.002839s ]
INFO: [ view_end ] --START--
INFO: Run ShowPageTrace Behavior [ RunTime:0.000877s ]
INFO: [ view_end ] --END-- [ RunTime:0.000925s ]

[ 2013-11-02T17:26:42+08:00 ] 0.0.0.0 /jianliapp/admin.php?s=/Score/clist/p/2
INFO: [ route_check ] --START--
INFO: Run CheckRoute Behavior [ RunTime:0.001261s ]
INFO: [ route_check ] --END-- [ RunTime:0.001342s ]
INFO: [ app_begin ] --START--
INFO: Run ReadHtmlCache Behavior [ RunTime:0.001047s ]
INFO: [ app_begin ] --END-- [ RunTime:0.001116s ]
SQL: SHOW COLUMNS FROM `tb_score` [ RunTime:0.008760s ]
NOTIC: [8] Use of undefined constant state - assumed 'state' F:\www\jianliapp\Home\Admin\Lib\Action\ScoreAction.class.php 第 20 行.
SQL: SELECT COUNT(*) AS tp_count FROM `tb_score` LIMIT 1   [ RunTime:0.000701s ]
NOTIC: [8] Use of undefined constant state - assumed 'state' F:\www\jianliapp\Home\Admin\Lib\Action\ScoreAction.class.php 第 23 行.
SQL: SELECT * FROM `tb_score` ORDER BY createtime  [ RunTime:0.001025s ]
SQL: SHOW COLUMNS FROM `tb_company` [ RunTime:0.009352s ]
NOTIC: [8] Use of undefined constant id - assumed 'id' F:\www\jianliapp\Home\Admin\Lib\Action\ScoreAction.class.php 第 29 行.
SQL: SELECT `name` FROM `tb_company` WHERE ( `id` = 2 ) AND ( `appid` = 1 ) LIMIT 1   [ RunTime:0.000879s ]
NOTIC: [8] Use of undefined constant id - assumed 'id' F:\www\jianliapp\Home\Admin\Lib\Action\ScoreAction.class.php 第 29 行.
SQL: SELECT `name` FROM `tb_company` WHERE ( `id` = 1 ) AND ( `appid` = 1 ) LIMIT 1   [ RunTime:0.000539s ]
SQL: SHOW COLUMNS FROM `tb_case` [ RunTime:0.009344s ]
NOTIC: [8] Use of undefined constant id - assumed 'id' F:\www\jianliapp\Home\Admin\Lib\Action\ScoreAction.class.php 第 39 行.
SQL: SELECT `name` FROM `tb_case` WHERE ( `id` = 1 ) LIMIT 1   [ RunTime:0.000810s ]
SQL: SHOW COLUMNS FROM `tb_construction` [ RunTime:0.005835s ]
NOTIC: [8] Use of undefined constant id - assumed 'id' F:\www\jianliapp\Home\Admin\Lib\Action\ScoreAction.class.php 第 34 行.
SQL: SELECT `name` FROM `tb_construction` WHERE ( `id` = 3 ) LIMIT 1   [ RunTime:0.000458s ]
INFO: [ view_template ] --START--
INFO: Run LocationTemplate Behavior [ RunTime:0.001791s ]
INFO: [ view_template ] --END-- [ RunTime:0.001865s ]
INFO: [ view_parse ] --START--
NOTIC: [8] Undefined variable: Title F:\www\jianliapp\Home\Admin\Runtime\Cache\4582f7e6a7cae08ae4e3bb65f8a9cef2.php 第 9 行.
INFO: Run ParseTemplate Behavior [ RunTime:0.017196s ]
INFO: [ view_parse ] --END-- [ RunTime:0.017279s ]
INFO: [ view_filter ] --START--
INFO: Run ContentReplace Behavior [ RunTime:0.001136s ]
INFO: Run TokenBuild Behavior [ RunTime:0.001002s ]
INFO: Run WriteHtmlCache Behavior [ RunTime:0.000840s ]
INFO: Run ShowRuntime Behavior [ RunTime:0.001073s ]
INFO: [ view_filter ] --END-- [ RunTime:0.004231s ]
INFO: [ view_end ] --START--
INFO: Run ShowPageTrace Behavior [ RunTime:0.001231s ]
INFO: [ view_end ] --END-- [ RunTime:0.001293s ]

[ 2013-11-02T17:26:46+08:00 ] 0.0.0.0 /jianliapp/admin.php?s=/Score/clist/p/1
INFO: [ route_check ] --START--
INFO: Run CheckRoute Behavior [ RunTime:0.001187s ]
INFO: [ route_check ] --END-- [ RunTime:0.001265s ]
INFO: [ app_begin ] --START--
INFO: Run ReadHtmlCache Behavior [ RunTime:0.000935s ]
INFO: [ app_begin ] --END-- [ RunTime:0.000987s ]
SQL: SHOW COLUMNS FROM `tb_score` [ RunTime:0.008594s ]
NOTIC: [8] Use of undefined constant state - assumed 'state' F:\www\jianliapp\Home\Admin\Lib\Action\ScoreAction.class.php 第 20 行.
SQL: SELECT COUNT(*) AS tp_count FROM `tb_score` LIMIT 1   [ RunTime:0.000684s ]
NOTIC: [8] Use of undefined constant state - assumed 'state' F:\www\jianliapp\Home\Admin\Lib\Action\ScoreAction.class.php 第 23 行.
SQL: SELECT * FROM `tb_score` ORDER BY createtime  [ RunTime:0.001060s ]
SQL: SHOW COLUMNS FROM `tb_company` [ RunTime:0.005928s ]
NOTIC: [8] Use of undefined constant id - assumed 'id' F:\www\jianliapp\Home\Admin\Lib\Action\ScoreAction.class.php 第 29 行.
SQL: SELECT `name` FROM `tb_company` WHERE ( `id` = 2 ) AND ( `appid` = 1 ) LIMIT 1   [ RunTime:0.000519s ]
NOTIC: [8] Use of undefined constant id - assumed 'id' F:\www\jianliapp\Home\Admin\Lib\Action\ScoreAction.class.php 第 29 行.
SQL: SELECT `name` FROM `tb_company` WHERE ( `id` = 1 ) AND ( `appid` = 1 ) LIMIT 1   [ RunTime:0.000506s ]
SQL: SHOW COLUMNS FROM `tb_case` [ RunTime:0.004195s ]
NOTIC: [8] Use of undefined constant id - assumed 'id' F:\www\jianliapp\Home\Admin\Lib\Action\ScoreAction.class.php 第 39 行.
SQL: SELECT `name` FROM `tb_case` WHERE ( `id` = 1 ) LIMIT 1   [ RunTime:0.000493s ]
SQL: SHOW COLUMNS FROM `tb_construction` [ RunTime:0.004403s ]
NOTIC: [8] Use of undefined constant id - assumed 'id' F:\www\jianliapp\Home\Admin\Lib\Action\ScoreAction.class.php 第 34 行.
SQL: SELECT `name` FROM `tb_construction` WHERE ( `id` = 3 ) LIMIT 1   [ RunTime:0.000508s ]
INFO: [ view_template ] --START--
INFO: Run LocationTemplate Behavior [ RunTime:0.001837s ]
INFO: [ view_template ] --END-- [ RunTime:0.001924s ]
INFO: [ view_parse ] --START--
NOTIC: [8] Undefined variable: Title F:\www\jianliapp\Home\Admin\Runtime\Cache\4582f7e6a7cae08ae4e3bb65f8a9cef2.php 第 9 行.
INFO: Run ParseTemplate Behavior [ RunTime:0.014040s ]
INFO: [ view_parse ] --END-- [ RunTime:0.014101s ]
INFO: [ view_filter ] --START--
INFO: Run ContentReplace Behavior [ RunTime:0.000660s ]
INFO: Run TokenBuild Behavior [ RunTime:0.000728s ]
INFO: Run WriteHtmlCache Behavior [ RunTime:0.000557s ]
INFO: Run ShowRuntime Behavior [ RunTime:0.000669s ]
INFO: [ view_filter ] --END-- [ RunTime:0.002730s ]
INFO: [ view_end ] --START--
INFO: Run ShowPageTrace Behavior [ RunTime:0.000787s ]
INFO: [ view_end ] --END-- [ RunTime:0.000825s ]

