[ 2014-01-18T09:44:14+08:00 ] 0.0.0.0 /yisheji/admin_old.php?s=/Manager/verify
INFO: [ route_check ] --START--
INFO: Run CheckRoute Behavior [ RunTime:0.000988s ]
INFO: [ route_check ] --END-- [ RunTime:0.001070s ]
INFO: [ app_begin ] --START--
INFO: Run ReadHtmlCache Behavior [ RunTime:0.001001s ]
INFO: [ app_begin ] --END-- [ RunTime:0.001056s ]
SQL: SHOW COLUMNS FROM `tb_manager` [ RunTime:0.005797s ]

[ 2014-01-18T09:44:23+08:00 ] 0.0.0.0 /yisheji/admin_old.php?s=/Manager/login
INFO: [ route_check ] --START--
INFO: Run CheckRoute Behavior [ RunTime:0.001137s ]
INFO: [ route_check ] --END-- [ RunTime:0.001217s ]
INFO: [ app_begin ] --START--
INFO: Run ReadHtmlCache Behavior [ RunTime:0.000889s ]
INFO: [ app_begin ] --END-- [ RunTime:0.000940s ]
SQL: SHOW COLUMNS FROM `tb_manager` [ RunTime:0.006306s ]
SQL: SELECT * FROM `tb_manager` WHERE ( `account` = 'admin' ) AND ( `appid` = 1 ) AND ( `status` = 0 ) LIMIT 1   [ RunTime:0.000993s ]
INFO: [ view_template ] --START--
INFO: Run LocationTemplate Behavior [ RunTime:0.003882s ]
INFO: [ view_template ] --END-- [ RunTime:0.004040s ]
INFO: [ view_parse ] --START--
NOTIC: [8] Undefined variable: Title F:\www\yisheji\Home\Admin_old\Runtime\Cache\9b64899e8e5dc7235f2d9c981e962870.php 第 9 行.
INFO: Run ParseTemplate Behavior [ RunTime:0.029904s ]
INFO: [ view_parse ] --END-- [ RunTime:0.030021s ]
INFO: [ view_filter ] --START--
INFO: Run ContentReplace Behavior [ RunTime:0.001025s ]
INFO: Run TokenBuild Behavior [ RunTime:0.000865s ]
INFO: Run WriteHtmlCache Behavior [ RunTime:0.000617s ]
INFO: Run ShowRuntime Behavior [ RunTime:0.000934s ]
INFO: [ view_filter ] --END-- [ RunTime:0.003620s ]
INFO: [ view_end ] --START--
INFO: Run ShowPageTrace Behavior [ RunTime:0.001445s ]
INFO: [ view_end ] --END-- [ RunTime:0.001533s ]

[ 2014-01-18T09:44:25+08:00 ] 0.0.0.0 /yisheji/admin_old.php?s=/Index/index
INFO: [ route_check ] --START--
INFO: Run CheckRoute Behavior [ RunTime:0.001103s ]
INFO: [ route_check ] --END-- [ RunTime:0.001180s ]
INFO: [ app_begin ] --START--
INFO: Run ReadHtmlCache Behavior [ RunTime:0.000861s ]
INFO: [ app_begin ] --END-- [ RunTime:0.000913s ]
INFO: [ view_template ] --START--
INFO: Run LocationTemplate Behavior [ RunTime:0.001122s ]
INFO: [ view_template ] --END-- [ RunTime:0.001189s ]
INFO: [ view_parse ] --START--
INFO: Run ParseTemplate Behavior [ RunTime:0.009261s ]
INFO: [ view_parse ] --END-- [ RunTime:0.009335s ]
INFO: [ view_filter ] --START--
INFO: Run ContentReplace Behavior [ RunTime:0.000685s ]
INFO: Run TokenBuild Behavior [ RunTime:0.000681s ]
INFO: Run WriteHtmlCache Behavior [ RunTime:0.000641s ]
INFO: Run ShowRuntime Behavior [ RunTime:0.000790s ]
INFO: [ view_filter ] --END-- [ RunTime:0.002941s ]
INFO: [ view_end ] --START--
INFO: Run ShowPageTrace Behavior [ RunTime:0.000882s ]
INFO: [ view_end ] --END-- [ RunTime:0.000933s ]

[ 2014-01-18T09:44:26+08:00 ] 0.0.0.0 /yisheji/admin_old.php?s=/Company/company
INFO: [ route_check ] --START--
INFO: Run CheckRoute Behavior [ RunTime:0.000805s ]
INFO: [ route_check ] --END-- [ RunTime:0.000886s ]
INFO: [ app_begin ] --START--
INFO: Run ReadHtmlCache Behavior [ RunTime:0.000549s ]
INFO: [ app_begin ] --END-- [ RunTime:0.000591s ]
SQL: SHOW COLUMNS FROM `tb_company` [ RunTime:0.043407s ]
SQL: SELECT COUNT(*) AS tp_count FROM `tb_company` WHERE ( `status` = 0 ) AND ( `appid` = 1 ) LIMIT 1   [ RunTime:0.002551s ]
SQL: SELECT * FROM `tb_company` WHERE ( `status` = 0 ) AND ( `appid` = 1 ) ORDER BY createtime desc LIMIT 0,5   [ RunTime:0.001135s ]
INFO: [ view_template ] --START--
INFO: Run LocationTemplate Behavior [ RunTime:0.002381s ]
INFO: [ view_template ] --END-- [ RunTime:0.002530s ]
INFO: [ view_parse ] --START--
NOTIC: [8] Undefined variable: Title F:\www\yisheji\Home\Admin_old\Runtime\Cache\cf10a6db19b27d4a3128a5d13fa71a5d.php 第 9 行.
INFO: Run ParseTemplate Behavior [ RunTime:0.019278s ]
INFO: [ view_parse ] --END-- [ RunTime:0.019379s ]
INFO: [ view_filter ] --START--
INFO: Run ContentReplace Behavior [ RunTime:0.000720s ]
INFO: Run TokenBuild Behavior [ RunTime:0.000620s ]
INFO: Run WriteHtmlCache Behavior [ RunTime:0.000470s ]
INFO: Run ShowRuntime Behavior [ RunTime:0.000700s ]
INFO: [ view_filter ] --END-- [ RunTime:0.002676s ]
INFO: [ view_end ] --START--
INFO: Run ShowPageTrace Behavior [ RunTime:0.000873s ]
INFO: [ view_end ] --END-- [ RunTime:0.000934s ]

[ 2014-01-18T09:44:26+08:00 ] 0.0.0.0 /yisheji/admin_old.php?s=/Index/left
INFO: [ route_check ] --START--
INFO: Run CheckRoute Behavior [ RunTime:0.000876s ]
INFO: [ route_check ] --END-- [ RunTime:0.000943s ]
INFO: [ app_begin ] --START--
INFO: Run ReadHtmlCache Behavior [ RunTime:0.000700s ]
INFO: [ app_begin ] --END-- [ RunTime:0.000744s ]
INFO: [ view_template ] --START--
INFO: Run LocationTemplate Behavior [ RunTime:0.001608s ]
INFO: [ view_template ] --END-- [ RunTime:0.001697s ]
INFO: [ view_parse ] --START--
NOTIC: [8] Undefined variable: Title F:\www\yisheji\Home\Admin_old\Runtime\Cache\7069e2d700df799947be7a56109ad02c.php 第 9 行.
INFO: Run ParseTemplate Behavior [ RunTime:0.015962s ]
INFO: [ view_parse ] --END-- [ RunTime:0.016028s ]
INFO: [ view_filter ] --START--
INFO: Run ContentReplace Behavior [ RunTime:0.000956s ]
INFO: Run TokenBuild Behavior [ RunTime:0.001025s ]
INFO: Run WriteHtmlCache Behavior [ RunTime:0.000807s ]
INFO: Run ShowRuntime Behavior [ RunTime:0.000682s ]
INFO: [ view_filter ] --END-- [ RunTime:0.003643s ]
INFO: [ view_end ] --START--
INFO: Run ShowPageTrace Behavior [ RunTime:0.000765s ]
INFO: [ view_end ] --END-- [ RunTime:0.000809s ]

[ 2014-01-18T09:44:26+08:00 ] 0.0.0.0 /yisheji/admin_old.php?s=/Index/top
INFO: [ route_check ] --START--
INFO: Run CheckRoute Behavior [ RunTime:0.000875s ]
INFO: [ route_check ] --END-- [ RunTime:0.000942s ]
INFO: [ app_begin ] --START--
INFO: Run ReadHtmlCache Behavior [ RunTime:0.000693s ]
INFO: [ app_begin ] --END-- [ RunTime:0.000734s ]
INFO: [ view_template ] --START--
INFO: Run LocationTemplate Behavior [ RunTime:0.001263s ]
INFO: [ view_template ] --END-- [ RunTime:0.001327s ]
INFO: [ view_parse ] --START--
NOTIC: [8] Undefined variable: Title F:\www\yisheji\Home\Admin_old\Runtime\Cache\8d83b10326dc1364c9783b5090216acc.php 第 9 行.
INFO: Run ParseTemplate Behavior [ RunTime:0.008508s ]
INFO: [ view_parse ] --END-- [ RunTime:0.008558s ]
INFO: [ view_filter ] --START--
INFO: Run ContentReplace Behavior [ RunTime:0.000635s ]
INFO: Run TokenBuild Behavior [ RunTime:0.000544s ]
INFO: Run WriteHtmlCache Behavior [ RunTime:0.000341s ]
INFO: Run ShowRuntime Behavior [ RunTime:0.000605s ]
INFO: [ view_filter ] --END-- [ RunTime:0.002245s ]
INFO: [ view_end ] --START--
INFO: Run ShowPageTrace Behavior [ RunTime:0.000715s ]
INFO: [ view_end ] --END-- [ RunTime:0.000756s ]

[ 2014-01-18T09:44:32+08:00 ] 0.0.0.0 /yisheji/admin_old.php?s=/Company/company
INFO: [ route_check ] --START--
INFO: Run CheckRoute Behavior [ RunTime:0.001682s ]
INFO: [ route_check ] --END-- [ RunTime:0.001833s ]
INFO: [ app_begin ] --START--
INFO: Run ReadHtmlCache Behavior [ RunTime:0.000912s ]
INFO: [ app_begin ] --END-- [ RunTime:0.000962s ]
SQL: SHOW COLUMNS FROM `tb_company` [ RunTime:0.006413s ]
SQL: SELECT COUNT(*) AS tp_count FROM `tb_company` WHERE ( `status` = 0 ) AND ( `appid` = 1 ) LIMIT 1   [ RunTime:0.000858s ]
SQL: SELECT * FROM `tb_company` WHERE ( `status` = 0 ) AND ( `appid` = 1 ) ORDER BY createtime desc LIMIT 0,5   [ RunTime:0.001099s ]
INFO: [ view_template ] --START--
INFO: Run LocationTemplate Behavior [ RunTime:0.003330s ]
INFO: [ view_template ] --END-- [ RunTime:0.003478s ]
INFO: [ view_parse ] --START--
NOTIC: [8] Undefined variable: Title F:\www\yisheji\Home\Admin_old\Runtime\Cache\cf10a6db19b27d4a3128a5d13fa71a5d.php 第 9 行.
INFO: Run ParseTemplate Behavior [ RunTime:0.029801s ]
INFO: [ view_parse ] --END-- [ RunTime:0.029894s ]
INFO: [ view_filter ] --START--
INFO: Run ContentReplace Behavior [ RunTime:0.000811s ]
INFO: Run TokenBuild Behavior [ RunTime:0.000679s ]
INFO: Run WriteHtmlCache Behavior [ RunTime:0.000427s ]
INFO: Run ShowRuntime Behavior [ RunTime:0.000750s ]
INFO: [ view_filter ] --END-- [ RunTime:0.002802s ]
INFO: [ view_end ] --START--
INFO: Run ShowPageTrace Behavior [ RunTime:0.000876s ]
INFO: [ view_end ] --END-- [ RunTime:0.000925s ]

[ 2014-01-18T09:59:09+08:00 ] 0.0.0.0 /yisheji/admin_old.php?s=/Company/company
INFO: [ route_check ] --START--
INFO: Run CheckRoute Behavior [ RunTime:0.001186s ]
INFO: [ route_check ] --END-- [ RunTime:0.001284s ]
INFO: [ app_begin ] --START--
INFO: Run ReadHtmlCache Behavior [ RunTime:0.001227s ]
INFO: [ app_begin ] --END-- [ RunTime:0.001299s ]
SQL: SHOW COLUMNS FROM `tb_company` [ RunTime:0.006596s ]
SQL: SELECT COUNT(*) AS tp_count FROM `tb_company` WHERE ( `status` = 0 ) AND ( `appid` = 1 ) LIMIT 1   [ RunTime:0.001087s ]
SQL: SELECT * FROM `tb_company` WHERE ( `status` = 0 ) AND ( `appid` = 1 ) ORDER BY createtime desc LIMIT 0,5   [ RunTime:0.000877s ]
INFO: [ view_template ] --START--
INFO: Run LocationTemplate Behavior [ RunTime:0.003506s ]
INFO: [ view_template ] --END-- [ RunTime:0.003661s ]
INFO: [ view_parse ] --START--
NOTIC: [8] Undefined variable: Title F:\www\yisheji\Home\Admin_old\Runtime\Cache\cf10a6db19b27d4a3128a5d13fa71a5d.php 第 9 行.
INFO: Run ParseTemplate Behavior [ RunTime:0.015080s ]
INFO: [ view_parse ] --END-- [ RunTime:0.015206s ]
INFO: [ view_filter ] --START--
INFO: Run ContentReplace Behavior [ RunTime:0.001000s ]
INFO: Run TokenBuild Behavior [ RunTime:0.000854s ]
INFO: Run WriteHtmlCache Behavior [ RunTime:0.000768s ]
INFO: Run ShowRuntime Behavior [ RunTime:0.000948s ]
INFO: [ view_filter ] --END-- [ RunTime:0.003813s ]
INFO: [ view_end ] --START--
INFO: Run ShowPageTrace Behavior [ RunTime:0.001140s ]
INFO: [ view_end ] --END-- [ RunTime:0.001203s ]

[ 2014-01-18T11:02:31+08:00 ] 0.0.0.0 /yisheji/admin_old.php?s=/Company/company
INFO: [ route_check ] --START--
INFO: Run CheckRoute Behavior [ RunTime:0.001587s ]
INFO: [ route_check ] --END-- [ RunTime:0.001711s ]
INFO: [ app_begin ] --START--
INFO: Run ReadHtmlCache Behavior [ RunTime:0.001141s ]
INFO: [ app_begin ] --END-- [ RunTime:0.001198s ]
SQL: SHOW COLUMNS FROM `tb_company` [ RunTime:0.004240s ]
SQL: SELECT COUNT(*) AS tp_count FROM `tb_company` WHERE ( `status` = 0 ) AND ( `appid` = 1 ) LIMIT 1   [ RunTime:0.000549s ]
SQL: SELECT * FROM `tb_company` WHERE ( `status` = 0 ) AND ( `appid` = 1 ) ORDER BY createtime desc LIMIT 0,5   [ RunTime:0.000705s ]
INFO: [ view_template ] --START--
INFO: Run LocationTemplate Behavior [ RunTime:0.001639s ]
INFO: [ view_template ] --END-- [ RunTime:0.001709s ]
INFO: [ view_parse ] --START--
NOTIC: [8] Undefined variable: Title F:\www\yisheji\Home\Admin_old\Runtime\Cache\cf10a6db19b27d4a3128a5d13fa71a5d.php 第 9 行.
INFO: Run ParseTemplate Behavior [ RunTime:0.012333s ]
INFO: [ view_parse ] --END-- [ RunTime:0.012390s ]
INFO: [ view_filter ] --START--
INFO: Run ContentReplace Behavior [ RunTime:0.000606s ]
INFO: Run TokenBuild Behavior [ RunTime:0.000523s ]
INFO: Run WriteHtmlCache Behavior [ RunTime:0.000427s ]
INFO: Run ShowRuntime Behavior [ RunTime:0.000607s ]
INFO: [ view_filter ] --END-- [ RunTime:0.002268s ]
INFO: [ view_end ] --START--
INFO: Run ShowPageTrace Behavior [ RunTime:0.000689s ]
INFO: [ view_end ] --END-- [ RunTime:0.000725s ]

