[ 2014-01-17T16:57:53+08:00 ] 0.0.0.0 /yisheji/admin_old.php?s=/Index/index
INFO: [ route_check ] --START--
INFO: Run CheckRoute Behavior [ RunTime:0.000960s ]
INFO: [ route_check ] --END-- [ RunTime:0.001027s ]
INFO: [ app_begin ] --START--
INFO: Run ReadHtmlCache Behavior [ RunTime:0.000757s ]
INFO: [ app_begin ] --END-- [ RunTime:0.000797s ]
INFO: [ view_template ] --START--
INFO: Run LocationTemplate Behavior [ RunTime:0.001011s ]
INFO: [ view_template ] --END-- [ RunTime:0.001064s ]
INFO: [ view_parse ] --START--
INFO: Run ParseTemplate Behavior [ RunTime:0.010524s ]
INFO: [ view_parse ] --END-- [ RunTime:0.010587s ]
INFO: [ view_filter ] --START--
INFO: Run ContentReplace Behavior [ RunTime:0.000644s ]
INFO: Run TokenBuild Behavior [ RunTime:0.000635s ]
INFO: Run WriteHtmlCache Behavior [ RunTime:0.000509s ]
INFO: Run ShowRuntime Behavior [ RunTime:0.000647s ]
INFO: [ view_filter ] --END-- [ RunTime:0.002545s ]
INFO: [ view_end ] --START--
INFO: Run ShowPageTrace Behavior [ RunTime:0.000794s ]
INFO: [ view_end ] --END-- [ RunTime:0.000834s ]

[ 2014-01-17T16:57:53+08:00 ] 0.0.0.0 /yisheji/admin_old.php?s=/Index/top
INFO: [ route_check ] --START--
INFO: Run CheckRoute Behavior [ RunTime:0.002966s ]
INFO: [ route_check ] --END-- [ RunTime:0.003042s ]
INFO: [ app_begin ] --START--
INFO: Run ReadHtmlCache Behavior [ RunTime:0.000896s ]
INFO: [ app_begin ] --END-- [ RunTime:0.000979s ]
INFO: [ view_template ] --START--
INFO: Run LocationTemplate Behavior [ RunTime:0.001982s ]
INFO: [ view_template ] --END-- [ RunTime:0.002042s ]
INFO: [ view_parse ] --START--
NOTIC: [8] Undefined variable: Title F:\www\yisheji\Home\Admin_old\Runtime\Cache\8d83b10326dc1364c9783b5090216acc.php 第 9 行.
INFO: Run ParseTemplate Behavior [ RunTime:0.011454s ]
INFO: [ view_parse ] --END-- [ RunTime:0.011501s ]
INFO: [ view_filter ] --START--
INFO: Run ContentReplace Behavior [ RunTime:0.000744s ]
INFO: Run TokenBuild Behavior [ RunTime:0.000667s ]
INFO: Run WriteHtmlCache Behavior [ RunTime:0.000716s ]
INFO: Run ShowRuntime Behavior [ RunTime:0.000758s ]
INFO: [ view_filter ] --END-- [ RunTime:0.003029s ]
INFO: [ view_end ] --START--
INFO: Run ShowPageTrace Behavior [ RunTime:0.000842s ]
INFO: [ view_end ] --END-- [ RunTime:0.000887s ]

[ 2014-01-17T16:57:53+08:00 ] 0.0.0.0 /yisheji/admin_old.php?s=/Index/left
INFO: [ route_check ] --START--
INFO: Run CheckRoute Behavior [ RunTime:0.001068s ]
INFO: [ route_check ] --END-- [ RunTime:0.001134s ]
INFO: [ app_begin ] --START--
INFO: Run ReadHtmlCache Behavior [ RunTime:0.000811s ]
INFO: [ app_begin ] --END-- [ RunTime:0.000854s ]
INFO: [ view_template ] --START--
INFO: Run LocationTemplate Behavior [ RunTime:0.001048s ]
INFO: [ view_template ] --END-- [ RunTime:0.001116s ]
INFO: [ view_parse ] --START--
NOTIC: [8] Undefined variable: Title F:\www\yisheji\Home\Admin_old\Runtime\Cache\7069e2d700df799947be7a56109ad02c.php 第 9 行.
INFO: Run ParseTemplate Behavior [ RunTime:0.009456s ]
INFO: [ view_parse ] --END-- [ RunTime:0.009505s ]
INFO: [ view_filter ] --START--
INFO: Run ContentReplace Behavior [ RunTime:0.000726s ]
INFO: Run TokenBuild Behavior [ RunTime:0.000599s ]
INFO: Run WriteHtmlCache Behavior [ RunTime:0.000470s ]
INFO: Run ShowRuntime Behavior [ RunTime:0.000601s ]
INFO: [ view_filter ] --END-- [ RunTime:0.002514s ]
INFO: [ view_end ] --START--
INFO: Run ShowPageTrace Behavior [ RunTime:0.006756s ]
INFO: [ view_end ] --END-- [ RunTime:0.006813s ]

[ 2014-01-17T16:57:54+08:00 ] 0.0.0.0 /yisheji/admin_old.php?s=/Company/company
INFO: [ route_check ] --START--
INFO: Run CheckRoute Behavior [ RunTime:0.002101s ]
INFO: [ route_check ] --END-- [ RunTime:0.002173s ]
INFO: [ app_begin ] --START--
INFO: Run ReadHtmlCache Behavior [ RunTime:0.000887s ]
INFO: [ app_begin ] --END-- [ RunTime:0.000929s ]
SQL: SHOW COLUMNS FROM `tb_company` [ RunTime:0.011217s ]
SQL: SELECT COUNT(*) AS tp_count FROM `tb_company` WHERE ( `status` = 0 ) AND ( `appid` = 1 ) LIMIT 1   [ RunTime:0.000569s ]
SQL: SELECT * FROM `tb_company` WHERE ( `status` = 0 ) AND ( `appid` = 1 ) ORDER BY createtime desc LIMIT 0,5   [ RunTime:0.000637s ]
INFO: [ view_template ] --START--
INFO: Run LocationTemplate Behavior [ RunTime:0.001878s ]
INFO: [ view_template ] --END-- [ RunTime:0.001952s ]
INFO: [ view_parse ] --START--
NOTIC: [8] Undefined variable: Title F:\www\yisheji\Home\Admin_old\Runtime\Cache\cf10a6db19b27d4a3128a5d13fa71a5d.php 第 9 行.
INFO: Run ParseTemplate Behavior [ RunTime:0.018371s ]
INFO: [ view_parse ] --END-- [ RunTime:0.018445s ]
INFO: [ view_filter ] --START--
INFO: Run ContentReplace Behavior [ RunTime:0.001305s ]
INFO: Run TokenBuild Behavior [ RunTime:0.001098s ]
INFO: Run WriteHtmlCache Behavior [ RunTime:0.000925s ]
INFO: Run ShowRuntime Behavior [ RunTime:0.001168s ]
INFO: [ view_filter ] --END-- [ RunTime:0.004678s ]
INFO: [ view_end ] --START--
INFO: Run ShowPageTrace Behavior [ RunTime:0.001394s ]
INFO: [ view_end ] --END-- [ RunTime:0.001458s ]

