[ 2013-12-26T12:31:14+08:00 ] 127.0.0.1 /yisheji/company.php?s=/User/test
INFO: [ route_check ] --START--
INFO: Run CheckRoute Behavior [ RunTime:0.002235s ]
INFO: [ route_check ] --END-- [ RunTime:0.002408s ]
INFO: [ app_begin ] --START--
INFO: Run ReadHtmlCache Behavior [ RunTime:0.001320s ]
INFO: [ app_begin ] --END-- [ RunTime:0.001422s ]
NOTIC: [8] Undefined variable: data C:\AppServ\www\yisheji\Home\Company\Lib\Action\BaseAction.class.php 第 18 行.
SQL: SHOW COLUMNS FROM `tb_session` [ RunTime:0.001621s ]
NOTIC: [8] Undefined index:  company C:\AppServ\www\yisheji\Home\Company\Lib\Model\BaseModel.class.php 第 45 行.
NOTIC: [8] Undefined index:  user C:\AppServ\www\yisheji\Home\Company\Lib\Model\BaseModel.class.php 第 46 行.
NOTIC: [8] Undefined index:  SN_KEY C:\AppServ\www\yisheji\Home\Company\Lib\Model\SessionModel.class.php 第 14 行.
NOTIC: [8] Trying to get property of non-object C:\AppServ\www\yisheji\Home\Company\Lib\Action\BaseAction.class.php 第 49 行.
SQL: SHOW COLUMNS FROM `tb_user` [ RunTime:0.002318s ]
NOTIC: [8] Undefined index:  company C:\AppServ\www\yisheji\Home\Company\Lib\Model\BaseModel.class.php 第 45 行.
NOTIC: [8] Undefined index:  user C:\AppServ\www\yisheji\Home\Company\Lib\Model\BaseModel.class.php 第 46 行.
NOTIC: [8] Undefined index:  where C:\AppServ\www\yisheji\Home\Company\Lib\Model\BaseModel.class.php 第 175 行.
SQL: SELECT * FROM `tb_user` WHERE ( `type` NOT IN ('1','2','3')) AND (`qq` LIKE '%r\'rr%') AND (`money` BETWEEN '1' AND '2') AND (`account` = 'ffff') AND (`id` > '1' OR `uid` < '2' ) AND ( `status` = 0 ) AND ( `appid` = 1 )  [ RunTime:0.000261s ]
ERR: Unknown column 'uid' in 'where clause'
 [ SQL语句 ] : SELECT * FROM `tb_user` WHERE ( `type` NOT IN ('1','2','3')) AND (`qq` LIKE '%r\'rr%') AND (`money` BETWEEN '1' AND '2') AND (`account` = 'ffff') AND (`id` > '1' OR `uid` < '2' ) AND ( `status` = 0 ) AND ( `appid` = 1 ) 

[ 2013-12-26T12:31:25+08:00 ] 127.0.0.1 /yisheji/company.php?s=/User/test
INFO: [ route_check ] --START--
INFO: Run CheckRoute Behavior [ RunTime:0.001201s ]
INFO: [ route_check ] --END-- [ RunTime:0.001310s ]
INFO: [ app_begin ] --START--
INFO: Run ReadHtmlCache Behavior [ RunTime:0.001155s ]
INFO: [ app_begin ] --END-- [ RunTime:0.001220s ]
SQL: SHOW COLUMNS FROM `tb_session` [ RunTime:0.001430s ]
NOTIC: [8] Undefined index:  company C:\AppServ\www\yisheji\Home\Company\Lib\Model\BaseModel.class.php 第 45 行.
NOTIC: [8] Undefined index:  user C:\AppServ\www\yisheji\Home\Company\Lib\Model\BaseModel.class.php 第 46 行.
NOTIC: [8] Undefined index:  SN_KEY C:\AppServ\www\yisheji\Home\Company\Lib\Model\SessionModel.class.php 第 14 行.
NOTIC: [8] Trying to get property of non-object C:\AppServ\www\yisheji\Home\Company\Lib\Action\BaseAction.class.php 第 49 行.
SQL: SHOW COLUMNS FROM `tb_user` [ RunTime:0.001722s ]
NOTIC: [8] Undefined index:  company C:\AppServ\www\yisheji\Home\Company\Lib\Model\BaseModel.class.php 第 45 行.
NOTIC: [8] Undefined index:  user C:\AppServ\www\yisheji\Home\Company\Lib\Model\BaseModel.class.php 第 46 行.
NOTIC: [8] Undefined index:  where C:\AppServ\www\yisheji\Home\Company\Lib\Model\BaseModel.class.php 第 175 行.
SQL: SELECT * FROM `tb_user` WHERE ( `type` NOT IN ('1','2','3')) AND (`qq` LIKE '%r\'rr%') AND (`money` BETWEEN '1' AND '2') AND (`account` = 'ffff') AND (`id` > '1' OR `uid` < '2' )  [ RunTime:0.000206s ]
ERR: Unknown column 'uid' in 'where clause'
 [ SQL语句 ] : SELECT * FROM `tb_user` WHERE ( `type` NOT IN ('1','2','3')) AND (`qq` LIKE '%r\'rr%') AND (`money` BETWEEN '1' AND '2') AND (`account` = 'ffff') AND (`id` > '1' OR `uid` < '2' ) 

[ 2013-12-26T14:28:45+08:00 ] 127.0.0.1 /yisheji/company.php?s=/User/login
INFO: [ route_check ] --START--
INFO: Run CheckRoute Behavior [ RunTime:0.001177s ]
INFO: [ route_check ] --END-- [ RunTime:0.001278s ]
INFO: [ app_begin ] --START--
INFO: Run ReadHtmlCache Behavior [ RunTime:0.001244s ]
INFO: [ app_begin ] --END-- [ RunTime:0.001324s ]
SQL: SHOW COLUMNS FROM `tb_session` [ RunTime:0.001437s ]
NOTIC: [8] Undefined index:  company C:\AppServ\www\yisheji\Home\Company\Lib\Model\BaseModel.class.php 第 45 行.
NOTIC: [8] Undefined index:  user C:\AppServ\www\yisheji\Home\Company\Lib\Model\BaseModel.class.php 第 46 行.
NOTIC: [8] Undefined index:  SN_KEY C:\AppServ\www\yisheji\Home\Company\Lib\Model\SessionModel.class.php 第 14 行.
NOTIC: [8] Trying to get property of non-object C:\AppServ\www\yisheji\Home\Company\Lib\Action\BaseAction.class.php 第 49 行.
SQL: SHOW COLUMNS FROM `tb_user` [ RunTime:0.001656s ]
NOTIC: [8] Undefined index:  company C:\AppServ\www\yisheji\Home\Company\Lib\Model\BaseModel.class.php 第 45 行.
NOTIC: [8] Undefined index:  user C:\AppServ\www\yisheji\Home\Company\Lib\Model\BaseModel.class.php 第 46 行.
NOTIC: [2] Missing argument 1 for UserModel::login(), called in C:\AppServ\www\yisheji\Home\Company\Lib\Action\UserAction.class.php on line 66 and defined C:\AppServ\www\yisheji\Home\Company\Lib\Model\UserModel.class.php 第 53 行.
NOTIC: [2] Missing argument 2 for UserModel::login(), called in C:\AppServ\www\yisheji\Home\Company\Lib\Action\UserAction.class.php on line 66 and defined C:\AppServ\www\yisheji\Home\Company\Lib\Model\UserModel.class.php 第 53 行.
SQL: SELECT * FROM `tb_user` WHERE ( `status` = 0 ) AND ( `appid` = 1 ) AND ( `account` = 'admin' ) LIMIT 1   [ RunTime:0.000327s ]
SQL: SELECT * FROM `tb_session` WHERE ( `status` = 0 ) AND ( `appid` = 1 ) AND ( `uid` = 1 ) LIMIT 1   [ RunTime:0.000136s ]
SQL: INSERT INTO `tb_session` (`key`,`expire`,`ip`,`appid`,`uid`,`createtime`) VALUES ('55a0c8bef28b7977b25feb599423ce1f',1388046525,'127.0.0.1',1,1,1388039325) [ RunTime:0.039392s ]
INFO: [ view_template ] --START--
INFO: Run LocationTemplate Behavior [ RunTime:0.002626s ]
INFO: [ view_template ] --END-- [ RunTime:0.002746s ]
INFO: [ view_parse ] --START--
NOTIC: [8] Undefined variable: Title C:\AppServ\www\yisheji\Home\Company\Runtime\Cache\738a8a5b07f3e8dbfc27abcb3ec946e0.php 第 11 行.
INFO: Run ParseTemplate Behavior [ RunTime:0.025870s ]
INFO: [ view_parse ] --END-- [ RunTime:0.025983s ]
INFO: [ view_filter ] --START--
INFO: Run ContentReplace Behavior [ RunTime:0.000983s ]
INFO: Run TokenBuild Behavior [ RunTime:0.000980s ]
INFO: Run WriteHtmlCache Behavior [ RunTime:0.000785s ]
INFO: Run ShowRuntime Behavior [ RunTime:0.001003s ]
INFO: [ view_filter ] --END-- [ RunTime:0.003978s ]
INFO: [ view_end ] --START--
INFO: Run ShowPageTrace Behavior [ RunTime:0.001247s ]
INFO: [ view_end ] --END-- [ RunTime:0.001330s ]

[ 2013-12-26T14:28:46+08:00 ] 127.0.0.1 /yisheji/company.php?s=/Index/index
INFO: [ route_check ] --START--
INFO: Run CheckRoute Behavior [ RunTime:0.001350s ]
INFO: [ route_check ] --END-- [ RunTime:0.001509s ]
INFO: [ app_begin ] --START--
INFO: Run ReadHtmlCache Behavior [ RunTime:0.000882s ]
INFO: [ app_begin ] --END-- [ RunTime:0.000996s ]
SQL: SHOW COLUMNS FROM `tb_session` [ RunTime:0.001385s ]
NOTIC: [8] Undefined index:  company C:\AppServ\www\yisheji\Home\Company\Lib\Model\BaseModel.class.php 第 45 行.
NOTIC: [8] Undefined index:  user C:\AppServ\www\yisheji\Home\Company\Lib\Model\BaseModel.class.php 第 46 行.
SQL: SELECT * FROM `tb_session` WHERE ( `status` = 0 ) AND ( `appid` = 1 ) AND ( `key` = '55a0c8bef28b7977b25feb599423ce1f' ) LIMIT 1   [ RunTime:0.000210s ]
SQL: UPDATE `tb_session` SET `expire`=1388046526 WHERE ( `status` = 0 ) AND ( `appid` = 1 ) AND ( `id` = 1 ) [ RunTime:0.000160s ]
SQL: SHOW COLUMNS FROM `tb_user` [ RunTime:0.001717s ]
NOTIC: [8] Undefined index:  company C:\AppServ\www\yisheji\Home\Company\Lib\Model\BaseModel.class.php 第 45 行.
NOTIC: [8] Undefined index:  user C:\AppServ\www\yisheji\Home\Company\Lib\Model\BaseModel.class.php 第 46 行.
SQL: SELECT * FROM `tb_user` WHERE ( `status` = 0 ) AND ( `appid` = 1 ) AND ( `id` = 1 ) LIMIT 1   [ RunTime:0.000252s ]
SQL: SHOW COLUMNS FROM `tb_company` [ RunTime:0.001833s ]
NOTIC: [8] Undefined index:  company C:\AppServ\www\yisheji\Home\Company\Lib\Model\BaseModel.class.php 第 45 行.
SQL: SELECT * FROM `tb_company` WHERE ( `status` = 0 ) AND ( `appid` = 1 ) AND ( `uid` = 1 ) LIMIT 1   [ RunTime:0.000195s ]
SQL: SHOW COLUMNS FROM `tb_file` [ RunTime:0.001715s ]
SQL: SELECT * FROM `tb_file` WHERE ( `status` = 0 ) AND ( `appid` = 1 ) AND ( `id` = 54 ) LIMIT 1   [ RunTime:0.000243s ]
SQL: SHOW COLUMNS FROM `tb_reserve` [ RunTime:0.002036s ]
SQL: SELECT COUNT(*) AS tp_count FROM `tb_reserve` WHERE ( `status` = 0 ) AND ( `appid` = 1 ) AND ( `handle` = 0 ) AND ( `cid` = 1 ) LIMIT 1   [ RunTime:0.000225s ]
INFO: [ view_template ] --START--
INFO: Run LocationTemplate Behavior [ RunTime:0.000888s ]
INFO: [ view_template ] --END-- [ RunTime:0.000963s ]
INFO: [ view_parse ] --START--
NOTIC: [8] Undefined variable: Title C:\AppServ\www\yisheji\Home\Company\Runtime\Cache\8a351b46fd67a249b713201d2232c717.php 第 11 行.
INFO: Run ParseTemplate Behavior [ RunTime:0.010206s ]
INFO: [ view_parse ] --END-- [ RunTime:0.010278s ]
INFO: [ view_filter ] --START--
INFO: Run ContentReplace Behavior [ RunTime:0.000320s ]
INFO: Run TokenBuild Behavior [ RunTime:0.000295s ]
INFO: Run WriteHtmlCache Behavior [ RunTime:0.000250s ]
INFO: Run ShowRuntime Behavior [ RunTime:0.000364s ]
INFO: [ view_filter ] --END-- [ RunTime:0.001385s ]
INFO: [ view_end ] --START--
INFO: Run ShowPageTrace Behavior [ RunTime:0.000469s ]
INFO: [ view_end ] --END-- [ RunTime:0.000522s ]

[ 2013-12-26T14:29:01+08:00 ] 127.0.0.1 /yisheji/company.php?s=/House/index
INFO: [ route_check ] --START--
INFO: Run CheckRoute Behavior [ RunTime:0.000991s ]
INFO: [ route_check ] --END-- [ RunTime:0.001076s ]
INFO: [ app_begin ] --START--
INFO: Run ReadHtmlCache Behavior [ RunTime:0.001087s ]
INFO: [ app_begin ] --END-- [ RunTime:0.001154s ]
SQL: SHOW COLUMNS FROM `tb_session` [ RunTime:0.001399s ]
SQL: SELECT * FROM `tb_session` WHERE ( `status` = 0 ) AND ( `appid` = 1 ) AND ( `key` = '55a0c8bef28b7977b25feb599423ce1f' ) LIMIT 1   [ RunTime:0.000242s ]
SQL: UPDATE `tb_session` SET `expire`=1388046541 WHERE ( `status` = 0 ) AND ( `appid` = 1 ) AND ( `id` = 1 ) [ RunTime:0.000180s ]
SQL: SHOW COLUMNS FROM `tb_user` [ RunTime:0.001859s ]
SQL: SELECT * FROM `tb_user` WHERE ( `status` = 0 ) AND ( `appid` = 1 ) AND ( `id` = 1 ) LIMIT 1   [ RunTime:0.000285s ]
SQL: SHOW COLUMNS FROM `tb_company` [ RunTime:0.001404s ]
SQL: SELECT * FROM `tb_company` WHERE ( `status` = 0 ) AND ( `appid` = 1 ) AND ( `uid` = 1 ) LIMIT 1   [ RunTime:0.000228s ]
SQL: SHOW COLUMNS FROM `tb_house` [ RunTime:0.002016s ]
SQL: SELECT COUNT(*) AS tp_count FROM `tb_house` WHERE ( `status` = 0 ) AND ( `appid` = 1 ) AND ( `cid` = 1 ) LIMIT 1   [ RunTime:0.000265s ]
SQL: SELECT * FROM `tb_house` WHERE ( `status` = 0 ) AND ( `appid` = 1 ) AND ( `cid` = 1 ) ORDER BY createtime DESC LIMIT 0,10   [ RunTime:0.000297s ]
NOTIC: [8] Use of undefined constant __GROUP__ - assumed '__GROUP__' C:\AppServ\www\yisheji\Home\Company\Lib\Model\BaseModel.class.php 第 737 行.
NOTIC: [8] Use of undefined constant __GROUP__ - assumed '__GROUP__' C:\AppServ\www\yisheji\Home\Company\Lib\Model\BaseModel.class.php 第 737 行.
INFO: [ view_template ] --START--
INFO: Run LocationTemplate Behavior [ RunTime:0.001796s ]
INFO: [ view_template ] --END-- [ RunTime:0.001874s ]
INFO: [ view_parse ] --START--
NOTIC: [8] Undefined variable: Title C:\AppServ\www\yisheji\Home\Company\Runtime\Cache\e6f1f9c41b04408685686b1138e94aee.php 第 11 行.
INFO: Run ParseTemplate Behavior [ RunTime:0.017617s ]
INFO: [ view_parse ] --END-- [ RunTime:0.017690s ]
INFO: [ view_filter ] --START--
INFO: Run ContentReplace Behavior [ RunTime:0.001053s ]
INFO: Run TokenBuild Behavior [ RunTime:0.000951s ]
INFO: Run WriteHtmlCache Behavior [ RunTime:0.000841s ]
INFO: Run ShowRuntime Behavior [ RunTime:0.000986s ]
INFO: [ view_filter ] --END-- [ RunTime:0.003997s ]
INFO: [ view_end ] --START--
INFO: Run ShowPageTrace Behavior [ RunTime:0.001134s ]
INFO: [ view_end ] --END-- [ RunTime:0.001209s ]

[ 2013-12-26T14:29:06+08:00 ] 127.0.0.1 /yisheji/company.php?s=/House/edit/id/2
INFO: [ route_check ] --START--
INFO: Run CheckRoute Behavior [ RunTime:0.000950s ]
INFO: [ route_check ] --END-- [ RunTime:0.001049s ]
INFO: [ app_begin ] --START--
INFO: Run ReadHtmlCache Behavior [ RunTime:0.001130s ]
INFO: [ app_begin ] --END-- [ RunTime:0.001196s ]
SQL: SHOW COLUMNS FROM `tb_session` [ RunTime:0.001403s ]
SQL: SELECT * FROM `tb_session` WHERE ( `status` = 0 ) AND ( `appid` = 1 ) AND ( `key` = '55a0c8bef28b7977b25feb599423ce1f' ) LIMIT 1   [ RunTime:0.000212s ]
SQL: UPDATE `tb_session` SET `expire`=1388046546 WHERE ( `status` = 0 ) AND ( `appid` = 1 ) AND ( `id` = 1 ) [ RunTime:0.000157s ]
SQL: SHOW COLUMNS FROM `tb_user` [ RunTime:0.001551s ]
SQL: SELECT * FROM `tb_user` WHERE ( `status` = 0 ) AND ( `appid` = 1 ) AND ( `id` = 1 ) LIMIT 1   [ RunTime:0.000226s ]
SQL: SHOW COLUMNS FROM `tb_company` [ RunTime:0.001324s ]
SQL: SELECT * FROM `tb_company` WHERE ( `status` = 0 ) AND ( `appid` = 1 ) AND ( `uid` = 1 ) LIMIT 1   [ RunTime:0.000165s ]
SQL: SHOW COLUMNS FROM `tb_house` [ RunTime:0.001991s ]
SQL: SELECT * FROM `tb_house` WHERE ( `status` = 0 ) AND ( `appid` = 1 ) AND ( `id` = 2 ) LIMIT 1   [ RunTime:0.000256s ]
NOTIC: [8] Undefined offset:  2 C:\AppServ\www\yisheji\Home\Company\Lib\Model\BaseModel.class.php 第 443 行.
NOTIC: [8] Undefined offset:  2 C:\AppServ\www\yisheji\Home\Company\Lib\Model\BaseModel.class.php 第 467 行.
NOTIC: [8] Undefined offset:  2 C:\AppServ\www\yisheji\Home\Company\Lib\Model\BaseModel.class.php 第 443 行.
NOTIC: [8] Undefined offset:  2 C:\AppServ\www\yisheji\Home\Company\Lib\Model\BaseModel.class.php 第 467 行.
NOTIC: [8] Undefined offset:  2 C:\AppServ\www\yisheji\Home\Company\Lib\Model\BaseModel.class.php 第 443 行.
NOTIC: [8] Undefined offset:  2 C:\AppServ\www\yisheji\Home\Company\Lib\Model\BaseModel.class.php 第 467 行.
SQL: SHOW COLUMNS FROM `tb_district` [ RunTime:0.001754s ]
SQL: SELECT * FROM `tb_district` WHERE ( level = 1 ) ORDER BY ord DESC  [ RunTime:0.009659s ]
NOTIC: [8] Undefined variable: html C:\AppServ\www\yisheji\Home\Company\Lib\Model\DistrictModel.class.php 第 105 行.
NOTIC: [8] Undefined offset:  2 C:\AppServ\www\yisheji\Home\Company\Lib\Model\BaseModel.class.php 第 443 行.
NOTIC: [8] Undefined offset:  2 C:\AppServ\www\yisheji\Home\Company\Lib\Model\BaseModel.class.php 第 467 行.
SQL: SELECT * FROM `tb_district` WHERE ( id = 9 ) LIMIT 1   [ RunTime:0.000197s ]
SQL: SELECT * FROM `tb_district` WHERE ( upid = '45053' ) ORDER BY ord DESC  [ RunTime:0.020685s ]
NOTIC: [8] Undefined variable: html C:\AppServ\www\yisheji\Home\Company\Lib\Model\DistrictModel.class.php 第 105 行.
NOTIC: [8] Undefined variable: hide C:\AppServ\www\yisheji\Home\Company\Lib\Model\DistrictModel.class.php 第 49 行.
NOTIC: [8] Undefined offset:  2 C:\AppServ\www\yisheji\Home\Company\Lib\Model\BaseModel.class.php 第 443 行.
NOTIC: [8] Undefined offset:  2 C:\AppServ\www\yisheji\Home\Company\Lib\Model\BaseModel.class.php 第 467 行.
SQL: SELECT * FROM `tb_district` WHERE ( id = 157 ) LIMIT 1   [ RunTime:0.000206s ]
SQL: SELECT * FROM `tb_district` WHERE ( upid = '9' ) ORDER BY ord DESC  [ RunTime:0.005402s ]
NOTIC: [8] Undefined variable: html C:\AppServ\www\yisheji\Home\Company\Lib\Model\DistrictModel.class.php 第 105 行.
NOTIC: [8] Undefined variable: hide C:\AppServ\www\yisheji\Home\Company\Lib\Model\DistrictModel.class.php 第 66 行.
NOTIC: [8] Undefined offset:  2 C:\AppServ\www\yisheji\Home\Company\Lib\Model\BaseModel.class.php 第 443 行.
NOTIC: [8] Undefined offset:  2 C:\AppServ\www\yisheji\Home\Company\Lib\Model\BaseModel.class.php 第 467 行.
SQL: SELECT * FROM `tb_district` WHERE ( id = 1960 ) LIMIT 1   [ RunTime:0.000174s ]
SQL: SELECT * FROM `tb_district` WHERE ( upid = '157' ) ORDER BY ord DESC  [ RunTime:0.000544s ]
NOTIC: [8] Undefined variable: html C:\AppServ\www\yisheji\Home\Company\Lib\Model\DistrictModel.class.php 第 105 行.
NOTIC: [8] Undefined variable: hide C:\AppServ\www\yisheji\Home\Company\Lib\Model\DistrictModel.class.php 第 80 行.
NOTIC: [8] Undefined offset:  2 C:\AppServ\www\yisheji\Home\Company\Lib\Model\BaseModel.class.php 第 443 行.
NOTIC: [8] Undefined offset:  2 C:\AppServ\www\yisheji\Home\Company\Lib\Model\BaseModel.class.php 第 467 行.
SQL: SHOW COLUMNS FROM `tb_tag` [ RunTime:0.001801s ]
SQL: SELECT `content` FROM `tb_tag` WHERE ( `status` = 0 ) AND ( `appid` = 1 ) AND ( `type` = 3 ) ORDER BY usecount DESC LIMIT 10   [ RunTime:0.000211s ]
NOTIC: [8] Undefined offset:  2 C:\AppServ\www\yisheji\Home\Company\Lib\Model\BaseModel.class.php 第 443 行.
NOTIC: [8] Undefined offset:  2 C:\AppServ\www\yisheji\Home\Company\Lib\Model\BaseModel.class.php 第 467 行.
INFO: [ view_template ] --START--
INFO: Run LocationTemplate Behavior [ RunTime:0.001744s ]
INFO: [ view_template ] --END-- [ RunTime:0.001803s ]
INFO: [ view_parse ] --START--
NOTIC: [8] Undefined variable: Title C:\AppServ\www\yisheji\Home\Company\Runtime\Cache\0a8abc674937b91961d217162a9340ee.php 第 11 行.
INFO: Run ParseTemplate Behavior [ RunTime:0.012972s ]
INFO: [ view_parse ] --END-- [ RunTime:0.013043s ]
INFO: [ view_filter ] --START--
INFO: Run ContentReplace Behavior [ RunTime:0.000981s ]
INFO: Run TokenBuild Behavior [ RunTime:0.000911s ]
INFO: Run WriteHtmlCache Behavior [ RunTime:0.000897s ]
INFO: Run ShowRuntime Behavior [ RunTime:0.000997s ]
INFO: [ view_filter ] --END-- [ RunTime:0.003944s ]
INFO: [ view_end ] --START--
INFO: Run ShowPageTrace Behavior [ RunTime:0.001228s ]
INFO: [ view_end ] --END-- [ RunTime:0.001304s ]

[ 2013-12-26T14:29:14+08:00 ] 127.0.0.1 /yisheji/company.php?s=/Reserve/index
INFO: [ route_check ] --START--
INFO: Run CheckRoute Behavior [ RunTime:0.000910s ]
INFO: [ route_check ] --END-- [ RunTime:0.001002s ]
INFO: [ app_begin ] --START--
INFO: Run ReadHtmlCache Behavior [ RunTime:0.001152s ]
INFO: [ app_begin ] --END-- [ RunTime:0.001219s ]
SQL: SHOW COLUMNS FROM `tb_session` [ RunTime:0.001859s ]
SQL: SELECT * FROM `tb_session` WHERE ( `status` = 0 ) AND ( `appid` = 1 ) AND ( `key` = '55a0c8bef28b7977b25feb599423ce1f' ) LIMIT 1   [ RunTime:0.000244s ]
SQL: UPDATE `tb_session` SET `expire`=1388046554 WHERE ( `status` = 0 ) AND ( `appid` = 1 ) AND ( `id` = 1 ) [ RunTime:0.000162s ]
SQL: SHOW COLUMNS FROM `tb_user` [ RunTime:0.001541s ]
SQL: SELECT * FROM `tb_user` WHERE ( `status` = 0 ) AND ( `appid` = 1 ) AND ( `id` = 1 ) LIMIT 1   [ RunTime:0.000237s ]
SQL: SHOW COLUMNS FROM `tb_company` [ RunTime:0.001321s ]
SQL: SELECT * FROM `tb_company` WHERE ( `status` = 0 ) AND ( `appid` = 1 ) AND ( `uid` = 1 ) LIMIT 1   [ RunTime:0.000195s ]
SQL: SHOW COLUMNS FROM `tb_reserve` [ RunTime:0.002098s ]
SQL: SELECT COUNT(*) AS tp_count FROM `tb_reserve` WHERE ( `status` = 0 ) AND ( `appid` = 1 ) AND ( `cid` = 1 ) LIMIT 1   [ RunTime:0.000262s ]
SQL: SELECT * FROM `tb_reserve` WHERE ( `status` = 0 ) AND ( `appid` = 1 ) AND ( `cid` = 1 ) ORDER BY createtime DESC LIMIT 0,10   [ RunTime:0.000184s ]
NOTIC: [8] Undefined variable: checked C:\AppServ\www\yisheji\Home\Company\Lib\Model\BaseModel.class.php 第 613 行.
NOTIC: [8] Undefined variable: checked C:\AppServ\www\yisheji\Home\Company\Lib\Model\BaseModel.class.php 第 613 行.
NOTIC: [8] Use of undefined constant __GROUP__ - assumed '__GROUP__' C:\AppServ\www\yisheji\Home\Company\Lib\Model\BaseModel.class.php 第 737 行.
INFO: [ view_template ] --START--
INFO: Run LocationTemplate Behavior [ RunTime:0.001702s ]
INFO: [ view_template ] --END-- [ RunTime:0.001764s ]
INFO: [ view_parse ] --START--
NOTIC: [8] Undefined variable: Title C:\AppServ\www\yisheji\Home\Company\Runtime\Cache\6cb03c09e3328e9a1a6e3979057bc4d2.php 第 11 行.
INFO: Run ParseTemplate Behavior [ RunTime:0.012632s ]
INFO: [ view_parse ] --END-- [ RunTime:0.012700s ]
INFO: [ view_filter ] --START--
INFO: Run ContentReplace Behavior [ RunTime:0.000942s ]
INFO: Run TokenBuild Behavior [ RunTime:0.000900s ]
INFO: Run WriteHtmlCache Behavior [ RunTime:0.000859s ]
INFO: Run ShowRuntime Behavior [ RunTime:0.001004s ]
INFO: [ view_filter ] --END-- [ RunTime:0.003859s ]
INFO: [ view_end ] --START--
INFO: Run ShowPageTrace Behavior [ RunTime:0.001196s ]
INFO: [ view_end ] --END-- [ RunTime:0.001259s ]

[ 2013-12-26T14:29:16+08:00 ] 127.0.0.1 /yisheji/company.php?s=/Reserve/feedback/id/1
INFO: [ route_check ] --START--
INFO: Run CheckRoute Behavior [ RunTime:0.001813s ]
INFO: [ route_check ] --END-- [ RunTime:0.001986s ]
INFO: [ app_begin ] --START--
INFO: Run ReadHtmlCache Behavior [ RunTime:0.002179s ]
INFO: [ app_begin ] --END-- [ RunTime:0.002311s ]
SQL: SHOW COLUMNS FROM `tb_session` [ RunTime:0.001444s ]
SQL: SELECT * FROM `tb_session` WHERE ( `status` = 0 ) AND ( `appid` = 1 ) AND ( `key` = '55a0c8bef28b7977b25feb599423ce1f' ) LIMIT 1   [ RunTime:0.000173s ]
SQL: UPDATE `tb_session` SET `expire`=1388046556 WHERE ( `status` = 0 ) AND ( `appid` = 1 ) AND ( `id` = 1 ) [ RunTime:0.000161s ]
SQL: SHOW COLUMNS FROM `tb_user` [ RunTime:0.002060s ]
SQL: SELECT * FROM `tb_user` WHERE ( `status` = 0 ) AND ( `appid` = 1 ) AND ( `id` = 1 ) LIMIT 1   [ RunTime:0.000265s ]
SQL: SHOW COLUMNS FROM `tb_company` [ RunTime:0.001852s ]
SQL: SELECT * FROM `tb_company` WHERE ( `status` = 0 ) AND ( `appid` = 1 ) AND ( `uid` = 1 ) LIMIT 1   [ RunTime:0.000247s ]
SQL: SHOW COLUMNS FROM `tb_reserve` [ RunTime:0.001435s ]
SQL: SELECT * FROM `tb_reserve` WHERE ( `status` = 0 ) AND ( `appid` = 1 ) AND ( `id` = 1 ) LIMIT 1   [ RunTime:0.000228s ]
NOTIC: [8] Undefined offset:  2 C:\AppServ\www\yisheji\Home\Company\Lib\Model\BaseModel.class.php 第 443 行.
NOTIC: [8] Undefined offset:  2 C:\AppServ\www\yisheji\Home\Company\Lib\Model\BaseModel.class.php 第 467 行.
NOTIC: [8] Undefined offset:  2 C:\AppServ\www\yisheji\Home\Company\Lib\Model\BaseModel.class.php 第 443 行.
NOTIC: [8] Undefined offset:  2 C:\AppServ\www\yisheji\Home\Company\Lib\Model\BaseModel.class.php 第 467 行.
NOTIC: [8] Undefined offset:  2 C:\AppServ\www\yisheji\Home\Company\Lib\Model\BaseModel.class.php 第 443 行.
NOTIC: [8] Undefined offset:  2 C:\AppServ\www\yisheji\Home\Company\Lib\Model\BaseModel.class.php 第 467 行.
NOTIC: [8] Undefined offset:  2 C:\AppServ\www\yisheji\Home\Company\Lib\Model\BaseModel.class.php 第 443 行.
NOTIC: [8] Undefined offset:  2 C:\AppServ\www\yisheji\Home\Company\Lib\Model\BaseModel.class.php 第 467 行.
NOTIC: [8] Undefined offset:  2 C:\AppServ\www\yisheji\Home\Company\Lib\Model\BaseModel.class.php 第 443 行.
NOTIC: [8] Undefined offset:  2 C:\AppServ\www\yisheji\Home\Company\Lib\Model\BaseModel.class.php 第 467 行.
INFO: [ view_template ] --START--
INFO: Run LocationTemplate Behavior [ RunTime:0.001639s ]
INFO: [ view_template ] --END-- [ RunTime:0.001698s ]
INFO: [ view_parse ] --START--
NOTIC: [8] Undefined variable: Title C:\AppServ\www\yisheji\Home\Company\Runtime\Cache\76e993f0a73f16c3da9f0c67b299f2c4.php 第 11 行.
INFO: Run ParseTemplate Behavior [ RunTime:0.013615s ]
INFO: [ view_parse ] --END-- [ RunTime:0.013689s ]
INFO: [ view_filter ] --START--
INFO: Run ContentReplace Behavior [ RunTime:0.000963s ]
INFO: Run TokenBuild Behavior [ RunTime:0.000912s ]
INFO: Run WriteHtmlCache Behavior [ RunTime:0.000813s ]
INFO: Run ShowRuntime Behavior [ RunTime:0.000960s ]
INFO: [ view_filter ] --END-- [ RunTime:0.003806s ]
INFO: [ view_end ] --START--
INFO: Run ShowPageTrace Behavior [ RunTime:0.001101s ]
INFO: [ view_end ] --END-- [ RunTime:0.001160s ]

[ 2013-12-26T14:29:20+08:00 ] 127.0.0.1 /yisheji/company.php?s=/Reserve/feedback/id/1
INFO: [ route_check ] --START--
INFO: Run CheckRoute Behavior [ RunTime:0.000941s ]
INFO: [ route_check ] --END-- [ RunTime:0.001038s ]
INFO: [ app_begin ] --START--
INFO: Run ReadHtmlCache Behavior [ RunTime:0.001172s ]
INFO: [ app_begin ] --END-- [ RunTime:0.001244s ]
SQL: SHOW COLUMNS FROM `tb_session` [ RunTime:0.001465s ]
SQL: SELECT * FROM `tb_session` WHERE ( `status` = 0 ) AND ( `appid` = 1 ) AND ( `key` = '55a0c8bef28b7977b25feb599423ce1f' ) LIMIT 1   [ RunTime:0.000180s ]
SQL: UPDATE `tb_session` SET `expire`=1388046560 WHERE ( `status` = 0 ) AND ( `appid` = 1 ) AND ( `id` = 1 ) [ RunTime:0.000151s ]
SQL: SHOW COLUMNS FROM `tb_user` [ RunTime:0.002222s ]
SQL: SELECT * FROM `tb_user` WHERE ( `status` = 0 ) AND ( `appid` = 1 ) AND ( `id` = 1 ) LIMIT 1   [ RunTime:0.000331s ]
SQL: SHOW COLUMNS FROM `tb_company` [ RunTime:0.001522s ]
SQL: SELECT * FROM `tb_company` WHERE ( `status` = 0 ) AND ( `appid` = 1 ) AND ( `uid` = 1 ) LIMIT 1   [ RunTime:0.000229s ]
SQL: SHOW COLUMNS FROM `tb_reserve` [ RunTime:0.001608s ]
SQL: SELECT * FROM `tb_reserve` WHERE ( `status` = 0 ) AND ( `appid` = 1 ) AND ( `id` = 1 ) LIMIT 1   [ RunTime:0.000239s ]
NOTIC: [8] Undefined offset:  2 C:\AppServ\www\yisheji\Home\Company\Lib\Model\BaseModel.class.php 第 443 行.
NOTIC: [8] Undefined offset:  2 C:\AppServ\www\yisheji\Home\Company\Lib\Model\BaseModel.class.php 第 467 行.
NOTIC: [8] Undefined offset:  2 C:\AppServ\www\yisheji\Home\Company\Lib\Model\BaseModel.class.php 第 443 行.
NOTIC: [8] Undefined offset:  2 C:\AppServ\www\yisheji\Home\Company\Lib\Model\BaseModel.class.php 第 467 行.
NOTIC: [8] Undefined offset:  2 C:\AppServ\www\yisheji\Home\Company\Lib\Model\BaseModel.class.php 第 443 行.
NOTIC: [8] Undefined offset:  2 C:\AppServ\www\yisheji\Home\Company\Lib\Model\BaseModel.class.php 第 467 行.
NOTIC: [8] Undefined offset:  2 C:\AppServ\www\yisheji\Home\Company\Lib\Model\BaseModel.class.php 第 443 行.
NOTIC: [8] Undefined offset:  2 C:\AppServ\www\yisheji\Home\Company\Lib\Model\BaseModel.class.php 第 467 行.
NOTIC: [8] Undefined offset:  2 C:\AppServ\www\yisheji\Home\Company\Lib\Model\BaseModel.class.php 第 443 行.
NOTIC: [8] Undefined offset:  2 C:\AppServ\www\yisheji\Home\Company\Lib\Model\BaseModel.class.php 第 467 行.
INFO: [ view_template ] --START--
INFO: Run LocationTemplate Behavior [ RunTime:0.001848s ]
INFO: [ view_template ] --END-- [ RunTime:0.001915s ]
INFO: [ view_parse ] --START--
NOTIC: [8] Undefined variable: Title C:\AppServ\www\yisheji\Home\Company\Runtime\Cache\76e993f0a73f16c3da9f0c67b299f2c4.php 第 11 行.
INFO: Run ParseTemplate Behavior [ RunTime:0.013994s ]
INFO: [ view_parse ] --END-- [ RunTime:0.014076s ]
INFO: [ view_filter ] --START--
INFO: Run ContentReplace Behavior [ RunTime:0.001058s ]
INFO: Run TokenBuild Behavior [ RunTime:0.001007s ]
INFO: Run WriteHtmlCache Behavior [ RunTime:0.000833s ]
INFO: Run ShowRuntime Behavior [ RunTime:0.000987s ]
INFO: [ view_filter ] --END-- [ RunTime:0.004063s ]
INFO: [ view_end ] --START--
INFO: Run ShowPageTrace Behavior [ RunTime:0.001101s ]
INFO: [ view_end ] --END-- [ RunTime:0.001159s ]

[ 2013-12-26T14:29:22+08:00 ] 127.0.0.1 /yisheji/company.php?s=/Reserve/feedback/id/1
INFO: [ route_check ] --START--
INFO: Run CheckRoute Behavior [ RunTime:0.000985s ]
INFO: [ route_check ] --END-- [ RunTime:0.001083s ]
INFO: [ app_begin ] --START--
INFO: Run ReadHtmlCache Behavior [ RunTime:0.001299s ]
INFO: [ app_begin ] --END-- [ RunTime:0.001377s ]
SQL: SHOW COLUMNS FROM `tb_session` [ RunTime:0.001557s ]
SQL: SELECT * FROM `tb_session` WHERE ( `status` = 0 ) AND ( `appid` = 1 ) AND ( `key` = '55a0c8bef28b7977b25feb599423ce1f' ) LIMIT 1   [ RunTime:0.000210s ]
SQL: UPDATE `tb_session` SET `expire`=1388046562 WHERE ( `status` = 0 ) AND ( `appid` = 1 ) AND ( `id` = 1 ) [ RunTime:0.000156s ]
SQL: SHOW COLUMNS FROM `tb_user` [ RunTime:0.001543s ]
SQL: SELECT * FROM `tb_user` WHERE ( `status` = 0 ) AND ( `appid` = 1 ) AND ( `id` = 1 ) LIMIT 1   [ RunTime:0.000214s ]
SQL: SHOW COLUMNS FROM `tb_company` [ RunTime:0.001376s ]
SQL: SELECT * FROM `tb_company` WHERE ( `status` = 0 ) AND ( `appid` = 1 ) AND ( `uid` = 1 ) LIMIT 1   [ RunTime:0.000187s ]
SQL: SHOW COLUMNS FROM `tb_reserve` [ RunTime:0.001421s ]
SQL: SELECT * FROM `tb_reserve` WHERE ( `status` = 0 ) AND ( `appid` = 1 ) AND ( `id` = 1 ) LIMIT 1   [ RunTime:0.000342s ]
NOTIC: [8] Undefined offset:  2 C:\AppServ\www\yisheji\Home\Company\Lib\Model\BaseModel.class.php 第 326 行.
NOTIC: [8] Undefined offset:  2 C:\AppServ\www\yisheji\Home\Company\Lib\Model\BaseModel.class.php 第 326 行.
NOTIC: [8] Undefined offset:  2 C:\AppServ\www\yisheji\Home\Company\Lib\Model\BaseModel.class.php 第 326 行.
NOTIC: [8] Undefined offset:  2 C:\AppServ\www\yisheji\Home\Company\Lib\Model\BaseModel.class.php 第 326 行.
NOTIC: [8] Undefined offset:  2 C:\AppServ\www\yisheji\Home\Company\Lib\Model\BaseModel.class.php 第 326 行.
SQL: UPDATE `tb_reserve` SET `handle`=0,`feedback`='cccc' WHERE ( `status` = 0 ) AND ( `appid` = 1 ) AND ( `id` = 1 ) [ RunTime:0.000341s ]
INFO: [ view_template ] --START--
INFO: Run LocationTemplate Behavior [ RunTime:0.001879s ]
INFO: [ view_template ] --END-- [ RunTime:0.001954s ]
INFO: [ view_parse ] --START--
NOTIC: [8] Undefined variable: Title C:\AppServ\www\yisheji\Home\Company\Runtime\Cache\738a8a5b07f3e8dbfc27abcb3ec946e0.php 第 11 行.
INFO: Run ParseTemplate Behavior [ RunTime:0.011409s ]
INFO: [ view_parse ] --END-- [ RunTime:0.011476s ]
INFO: [ view_filter ] --START--
INFO: Run ContentReplace Behavior [ RunTime:0.000922s ]
INFO: Run TokenBuild Behavior [ RunTime:0.000910s ]
INFO: Run WriteHtmlCache Behavior [ RunTime:0.000831s ]
INFO: Run ShowRuntime Behavior [ RunTime:0.001167s ]
INFO: [ view_filter ] --END-- [ RunTime:0.004016s ]
INFO: [ view_end ] --START--
INFO: Run ShowPageTrace Behavior [ RunTime:0.001116s ]
INFO: [ view_end ] --END-- [ RunTime:0.001172s ]

[ 2013-12-26T14:29:23+08:00 ] 127.0.0.1 /yisheji/company.php?s=/Reserve/index
INFO: [ route_check ] --START--
INFO: Run CheckRoute Behavior [ RunTime:0.001752s ]
INFO: [ route_check ] --END-- [ RunTime:0.001915s ]
INFO: [ app_begin ] --START--
INFO: Run ReadHtmlCache Behavior [ RunTime:0.001415s ]
INFO: [ app_begin ] --END-- [ RunTime:0.001510s ]
SQL: SHOW COLUMNS FROM `tb_session` [ RunTime:0.001441s ]
SQL: SELECT * FROM `tb_session` WHERE ( `status` = 0 ) AND ( `appid` = 1 ) AND ( `key` = '55a0c8bef28b7977b25feb599423ce1f' ) LIMIT 1   [ RunTime:0.000200s ]
SQL: UPDATE `tb_session` SET `expire`=1388046563 WHERE ( `status` = 0 ) AND ( `appid` = 1 ) AND ( `id` = 1 ) [ RunTime:0.000130s ]
SQL: SHOW COLUMNS FROM `tb_user` [ RunTime:0.001483s ]
SQL: SELECT * FROM `tb_user` WHERE ( `status` = 0 ) AND ( `appid` = 1 ) AND ( `id` = 1 ) LIMIT 1   [ RunTime:0.000228s ]
SQL: SHOW COLUMNS FROM `tb_company` [ RunTime:0.001567s ]
SQL: SELECT * FROM `tb_company` WHERE ( `status` = 0 ) AND ( `appid` = 1 ) AND ( `uid` = 1 ) LIMIT 1   [ RunTime:0.000222s ]
SQL: SHOW COLUMNS FROM `tb_reserve` [ RunTime:0.001457s ]
SQL: SELECT COUNT(*) AS tp_count FROM `tb_reserve` WHERE ( `status` = 0 ) AND ( `appid` = 1 ) AND ( `cid` = 1 ) LIMIT 1   [ RunTime:0.000210s ]
SQL: SELECT * FROM `tb_reserve` WHERE ( `status` = 0 ) AND ( `appid` = 1 ) AND ( `cid` = 1 ) ORDER BY createtime DESC LIMIT 0,10   [ RunTime:0.000188s ]
NOTIC: [8] Undefined variable: checked C:\AppServ\www\yisheji\Home\Company\Lib\Model\BaseModel.class.php 第 613 行.
NOTIC: [8] Undefined variable: checked C:\AppServ\www\yisheji\Home\Company\Lib\Model\BaseModel.class.php 第 613 行.
NOTIC: [8] Use of undefined constant __GROUP__ - assumed '__GROUP__' C:\AppServ\www\yisheji\Home\Company\Lib\Model\BaseModel.class.php 第 737 行.
INFO: [ view_template ] --START--
INFO: Run LocationTemplate Behavior [ RunTime:0.001596s ]
INFO: [ view_template ] --END-- [ RunTime:0.001654s ]
INFO: [ view_parse ] --START--
NOTIC: [8] Undefined variable: Title C:\AppServ\www\yisheji\Home\Company\Runtime\Cache\6cb03c09e3328e9a1a6e3979057bc4d2.php 第 11 行.
INFO: Run ParseTemplate Behavior [ RunTime:0.012680s ]
INFO: [ view_parse ] --END-- [ RunTime:0.012751s ]
INFO: [ view_filter ] --START--
INFO: Run ContentReplace Behavior [ RunTime:0.000942s ]
INFO: Run TokenBuild Behavior [ RunTime:0.000907s ]
INFO: Run WriteHtmlCache Behavior [ RunTime:0.000813s ]
INFO: Run ShowRuntime Behavior [ RunTime:0.000964s ]
INFO: [ view_filter ] --END-- [ RunTime:0.003777s ]
INFO: [ view_end ] --START--
INFO: Run ShowPageTrace Behavior [ RunTime:0.001105s ]
INFO: [ view_end ] --END-- [ RunTime:0.001160s ]

[ 2013-12-26T14:29:24+08:00 ] 127.0.0.1 /yisheji/company.php?s=/Reserve/feedback/id/1
INFO: [ route_check ] --START--
INFO: Run CheckRoute Behavior [ RunTime:0.001781s ]
INFO: [ route_check ] --END-- [ RunTime:0.001948s ]
INFO: [ app_begin ] --START--
INFO: Run ReadHtmlCache Behavior [ RunTime:0.002187s ]
INFO: [ app_begin ] --END-- [ RunTime:0.002315s ]
SQL: SHOW COLUMNS FROM `tb_session` [ RunTime:0.001339s ]
SQL: SELECT * FROM `tb_session` WHERE ( `status` = 0 ) AND ( `appid` = 1 ) AND ( `key` = '55a0c8bef28b7977b25feb599423ce1f' ) LIMIT 1   [ RunTime:0.000197s ]
SQL: UPDATE `tb_session` SET `expire`=1388046564 WHERE ( `status` = 0 ) AND ( `appid` = 1 ) AND ( `id` = 1 ) [ RunTime:0.000143s ]
SQL: SHOW COLUMNS FROM `tb_user` [ RunTime:0.002059s ]
SQL: SELECT * FROM `tb_user` WHERE ( `status` = 0 ) AND ( `appid` = 1 ) AND ( `id` = 1 ) LIMIT 1   [ RunTime:0.000264s ]
SQL: SHOW COLUMNS FROM `tb_company` [ RunTime:0.001525s ]
SQL: SELECT * FROM `tb_company` WHERE ( `status` = 0 ) AND ( `appid` = 1 ) AND ( `uid` = 1 ) LIMIT 1   [ RunTime:0.000187s ]
SQL: SHOW COLUMNS FROM `tb_reserve` [ RunTime:0.001396s ]
SQL: SELECT * FROM `tb_reserve` WHERE ( `status` = 0 ) AND ( `appid` = 1 ) AND ( `id` = 1 ) LIMIT 1   [ RunTime:0.000214s ]
NOTIC: [8] Undefined offset:  2 C:\AppServ\www\yisheji\Home\Company\Lib\Model\BaseModel.class.php 第 443 行.
NOTIC: [8] Undefined offset:  2 C:\AppServ\www\yisheji\Home\Company\Lib\Model\BaseModel.class.php 第 467 行.
NOTIC: [8] Undefined offset:  2 C:\AppServ\www\yisheji\Home\Company\Lib\Model\BaseModel.class.php 第 443 行.
NOTIC: [8] Undefined offset:  2 C:\AppServ\www\yisheji\Home\Company\Lib\Model\BaseModel.class.php 第 467 行.
NOTIC: [8] Undefined offset:  2 C:\AppServ\www\yisheji\Home\Company\Lib\Model\BaseModel.class.php 第 443 行.
NOTIC: [8] Undefined offset:  2 C:\AppServ\www\yisheji\Home\Company\Lib\Model\BaseModel.class.php 第 467 行.
NOTIC: [8] Undefined offset:  2 C:\AppServ\www\yisheji\Home\Company\Lib\Model\BaseModel.class.php 第 443 行.
NOTIC: [8] Undefined offset:  2 C:\AppServ\www\yisheji\Home\Company\Lib\Model\BaseModel.class.php 第 467 行.
NOTIC: [8] Undefined offset:  2 C:\AppServ\www\yisheji\Home\Company\Lib\Model\BaseModel.class.php 第 443 行.
NOTIC: [8] Undefined offset:  2 C:\AppServ\www\yisheji\Home\Company\Lib\Model\BaseModel.class.php 第 467 行.
INFO: [ view_template ] --START--
INFO: Run LocationTemplate Behavior [ RunTime:0.001692s ]
INFO: [ view_template ] --END-- [ RunTime:0.001757s ]
INFO: [ view_parse ] --START--
NOTIC: [8] Undefined variable: Title C:\AppServ\www\yisheji\Home\Company\Runtime\Cache\76e993f0a73f16c3da9f0c67b299f2c4.php 第 11 行.
INFO: Run ParseTemplate Behavior [ RunTime:0.012731s ]
INFO: [ view_parse ] --END-- [ RunTime:0.012804s ]
INFO: [ view_filter ] --START--
INFO: Run ContentReplace Behavior [ RunTime:0.000953s ]
INFO: Run TokenBuild Behavior [ RunTime:0.000908s ]
INFO: Run WriteHtmlCache Behavior [ RunTime:0.000816s ]
INFO: Run ShowRuntime Behavior [ RunTime:0.000959s ]
INFO: [ view_filter ] --END-- [ RunTime:0.003791s ]
INFO: [ view_end ] --START--
INFO: Run ShowPageTrace Behavior [ RunTime:0.001071s ]
INFO: [ view_end ] --END-- [ RunTime:0.001127s ]

[ 2013-12-26T14:29:41+08:00 ] 127.0.0.1 /yisheji/company.php?s=/Reserve/feedback/id/1
INFO: [ route_check ] --START--
INFO: Run CheckRoute Behavior [ RunTime:0.000836s ]
INFO: [ route_check ] --END-- [ RunTime:0.000924s ]
INFO: [ app_begin ] --START--
INFO: Run ReadHtmlCache Behavior [ RunTime:0.001069s ]
INFO: [ app_begin ] --END-- [ RunTime:0.001129s ]
SQL: SHOW COLUMNS FROM `tb_session` [ RunTime:0.001352s ]
SQL: SELECT * FROM `tb_session` WHERE ( `status` = 0 ) AND ( `appid` = 1 ) AND ( `key` = '55a0c8bef28b7977b25feb599423ce1f' ) LIMIT 1   [ RunTime:0.000232s ]
SQL: UPDATE `tb_session` SET `expire`=1388046581 WHERE ( `status` = 0 ) AND ( `appid` = 1 ) AND ( `id` = 1 ) [ RunTime:0.000137s ]
SQL: SHOW COLUMNS FROM `tb_user` [ RunTime:0.001501s ]
SQL: SELECT * FROM `tb_user` WHERE ( `status` = 0 ) AND ( `appid` = 1 ) AND ( `id` = 1 ) LIMIT 1   [ RunTime:0.000284s ]
SQL: SHOW COLUMNS FROM `tb_company` [ RunTime:0.001462s ]
SQL: SELECT * FROM `tb_company` WHERE ( `status` = 0 ) AND ( `appid` = 1 ) AND ( `uid` = 1 ) LIMIT 1   [ RunTime:0.000207s ]
SQL: SHOW COLUMNS FROM `tb_reserve` [ RunTime:0.001379s ]
SQL: SELECT * FROM `tb_reserve` WHERE ( `status` = 0 ) AND ( `appid` = 1 ) AND ( `id` = 1 ) LIMIT 1   [ RunTime:0.000214s ]
NOTIC: [8] Undefined offset:  2 C:\AppServ\www\yisheji\Home\Company\Lib\Model\BaseModel.class.php 第 326 行.
NOTIC: [8] Undefined offset:  2 C:\AppServ\www\yisheji\Home\Company\Lib\Model\BaseModel.class.php 第 326 行.
NOTIC: [8] Undefined offset:  2 C:\AppServ\www\yisheji\Home\Company\Lib\Model\BaseModel.class.php 第 326 行.
NOTIC: [8] Undefined offset:  2 C:\AppServ\www\yisheji\Home\Company\Lib\Model\BaseModel.class.php 第 326 行.
NOTIC: [8] Undefined offset:  2 C:\AppServ\www\yisheji\Home\Company\Lib\Model\BaseModel.class.php 第 326 行.
SQL: UPDATE `tb_reserve` SET `handle`=0,`feedback`='cccc' WHERE ( `status` = 0 ) AND ( `appid` = 1 ) AND ( `id` = 1 ) [ RunTime:0.000179s ]
INFO: [ view_template ] --START--
INFO: Run LocationTemplate Behavior [ RunTime:0.001673s ]
INFO: [ view_template ] --END-- [ RunTime:0.001734s ]
INFO: [ view_parse ] --START--
NOTIC: [8] Undefined variable: Title C:\AppServ\www\yisheji\Home\Company\Runtime\Cache\738a8a5b07f3e8dbfc27abcb3ec946e0.php 第 11 行.
INFO: Run ParseTemplate Behavior [ RunTime:0.011769s ]
INFO: [ view_parse ] --END-- [ RunTime:0.011839s ]
INFO: [ view_filter ] --START--
INFO: Run ContentReplace Behavior [ RunTime:0.000952s ]
INFO: Run TokenBuild Behavior [ RunTime:0.000918s ]
INFO: Run WriteHtmlCache Behavior [ RunTime:0.000819s ]
INFO: Run ShowRuntime Behavior [ RunTime:0.000972s ]
INFO: [ view_filter ] --END-- [ RunTime:0.003816s ]
INFO: [ view_end ] --START--
INFO: Run ShowPageTrace Behavior [ RunTime:0.001089s ]
INFO: [ view_end ] --END-- [ RunTime:0.001145s ]

[ 2013-12-26T14:29:42+08:00 ] 127.0.0.1 /yisheji/company.php?s=/Reserve/index
INFO: [ route_check ] --START--
INFO: Run CheckRoute Behavior [ RunTime:0.000843s ]
INFO: [ route_check ] --END-- [ RunTime:0.000938s ]
INFO: [ app_begin ] --START--
INFO: Run ReadHtmlCache Behavior [ RunTime:0.001046s ]
INFO: [ app_begin ] --END-- [ RunTime:0.001105s ]
SQL: SHOW COLUMNS FROM `tb_session` [ RunTime:0.001377s ]
SQL: SELECT * FROM `tb_session` WHERE ( `status` = 0 ) AND ( `appid` = 1 ) AND ( `key` = '55a0c8bef28b7977b25feb599423ce1f' ) LIMIT 1   [ RunTime:0.000210s ]
SQL: UPDATE `tb_session` SET `expire`=1388046582 WHERE ( `status` = 0 ) AND ( `appid` = 1 ) AND ( `id` = 1 ) [ RunTime:0.000143s ]
SQL: SHOW COLUMNS FROM `tb_user` [ RunTime:0.001515s ]
SQL: SELECT * FROM `tb_user` WHERE ( `status` = 0 ) AND ( `appid` = 1 ) AND ( `id` = 1 ) LIMIT 1   [ RunTime:0.000216s ]
SQL: SHOW COLUMNS FROM `tb_company` [ RunTime:0.001289s ]
SQL: SELECT * FROM `tb_company` WHERE ( `status` = 0 ) AND ( `appid` = 1 ) AND ( `uid` = 1 ) LIMIT 1   [ RunTime:0.000155s ]
SQL: SHOW COLUMNS FROM `tb_reserve` [ RunTime:0.002656s ]
SQL: SELECT COUNT(*) AS tp_count FROM `tb_reserve` WHERE ( `status` = 0 ) AND ( `appid` = 1 ) AND ( `cid` = 1 ) LIMIT 1   [ RunTime:0.000253s ]
SQL: SELECT * FROM `tb_reserve` WHERE ( `status` = 0 ) AND ( `appid` = 1 ) AND ( `cid` = 1 ) ORDER BY createtime DESC LIMIT 0,10   [ RunTime:0.000175s ]
NOTIC: [8] Undefined variable: checked C:\AppServ\www\yisheji\Home\Company\Lib\Model\BaseModel.class.php 第 613 行.
NOTIC: [8] Undefined variable: checked C:\AppServ\www\yisheji\Home\Company\Lib\Model\BaseModel.class.php 第 613 行.
NOTIC: [8] Use of undefined constant __GROUP__ - assumed '__GROUP__' C:\AppServ\www\yisheji\Home\Company\Lib\Model\BaseModel.class.php 第 737 行.
INFO: [ view_template ] --START--
INFO: Run LocationTemplate Behavior [ RunTime:0.001603s ]
INFO: [ view_template ] --END-- [ RunTime:0.001662s ]
INFO: [ view_parse ] --START--
NOTIC: [8] Undefined variable: Title C:\AppServ\www\yisheji\Home\Company\Runtime\Cache\6cb03c09e3328e9a1a6e3979057bc4d2.php 第 11 行.
INFO: Run ParseTemplate Behavior [ RunTime:0.012736s ]
INFO: [ view_parse ] --END-- [ RunTime:0.012805s ]
INFO: [ view_filter ] --START--
INFO: Run ContentReplace Behavior [ RunTime:0.000957s ]
INFO: Run TokenBuild Behavior [ RunTime:0.000916s ]
INFO: Run WriteHtmlCache Behavior [ RunTime:0.000811s ]
INFO: Run ShowRuntime Behavior [ RunTime:0.000970s ]
INFO: [ view_filter ] --END-- [ RunTime:0.003804s ]
INFO: [ view_end ] --START--
INFO: Run ShowPageTrace Behavior [ RunTime:0.001104s ]
INFO: [ view_end ] --END-- [ RunTime:0.001162s ]

[ 2013-12-26T14:29:43+08:00 ] 127.0.0.1 /yisheji/company.php?s=/Reserve/feedback/id/1
INFO: [ route_check ] --START--
INFO: Run CheckRoute Behavior [ RunTime:0.000884s ]
INFO: [ route_check ] --END-- [ RunTime:0.000981s ]
INFO: [ app_begin ] --START--
INFO: Run ReadHtmlCache Behavior [ RunTime:0.001148s ]
INFO: [ app_begin ] --END-- [ RunTime:0.001216s ]
SQL: SHOW COLUMNS FROM `tb_session` [ RunTime:0.001384s ]
SQL: SELECT * FROM `tb_session` WHERE ( `status` = 0 ) AND ( `appid` = 1 ) AND ( `key` = '55a0c8bef28b7977b25feb599423ce1f' ) LIMIT 1   [ RunTime:0.000206s ]
SQL: UPDATE `tb_session` SET `expire`=1388046583 WHERE ( `status` = 0 ) AND ( `appid` = 1 ) AND ( `id` = 1 ) [ RunTime:0.000140s ]
SQL: SHOW COLUMNS FROM `tb_user` [ RunTime:0.001648s ]
SQL: SELECT * FROM `tb_user` WHERE ( `status` = 0 ) AND ( `appid` = 1 ) AND ( `id` = 1 ) LIMIT 1   [ RunTime:0.000228s ]
SQL: SHOW COLUMNS FROM `tb_company` [ RunTime:0.001305s ]
SQL: SELECT * FROM `tb_company` WHERE ( `status` = 0 ) AND ( `appid` = 1 ) AND ( `uid` = 1 ) LIMIT 1   [ RunTime:0.000158s ]
SQL: SHOW COLUMNS FROM `tb_reserve` [ RunTime:0.001701s ]
SQL: SELECT * FROM `tb_reserve` WHERE ( `status` = 0 ) AND ( `appid` = 1 ) AND ( `id` = 1 ) LIMIT 1   [ RunTime:0.000229s ]
NOTIC: [8] Undefined offset:  2 C:\AppServ\www\yisheji\Home\Company\Lib\Model\BaseModel.class.php 第 443 行.
NOTIC: [8] Undefined offset:  2 C:\AppServ\www\yisheji\Home\Company\Lib\Model\BaseModel.class.php 第 467 行.
NOTIC: [8] Undefined offset:  2 C:\AppServ\www\yisheji\Home\Company\Lib\Model\BaseModel.class.php 第 443 行.
NOTIC: [8] Undefined offset:  2 C:\AppServ\www\yisheji\Home\Company\Lib\Model\BaseModel.class.php 第 467 行.
NOTIC: [8] Undefined offset:  2 C:\AppServ\www\yisheji\Home\Company\Lib\Model\BaseModel.class.php 第 443 行.
NOTIC: [8] Undefined offset:  2 C:\AppServ\www\yisheji\Home\Company\Lib\Model\BaseModel.class.php 第 467 行.
NOTIC: [8] Undefined offset:  2 C:\AppServ\www\yisheji\Home\Company\Lib\Model\BaseModel.class.php 第 443 行.
NOTIC: [8] Undefined offset:  2 C:\AppServ\www\yisheji\Home\Company\Lib\Model\BaseModel.class.php 第 467 行.
NOTIC: [8] Undefined offset:  2 C:\AppServ\www\yisheji\Home\Company\Lib\Model\BaseModel.class.php 第 443 行.
NOTIC: [8] Undefined offset:  2 C:\AppServ\www\yisheji\Home\Company\Lib\Model\BaseModel.class.php 第 467 行.
INFO: [ view_template ] --START--
INFO: Run LocationTemplate Behavior [ RunTime:0.001681s ]
INFO: [ view_template ] --END-- [ RunTime:0.001745s ]
INFO: [ view_parse ] --START--
NOTIC: [8] Undefined variable: Title C:\AppServ\www\yisheji\Home\Company\Runtime\Cache\76e993f0a73f16c3da9f0c67b299f2c4.php 第 11 行.
INFO: Run ParseTemplate Behavior [ RunTime:0.012672s ]
INFO: [ view_parse ] --END-- [ RunTime:0.012744s ]
INFO: [ view_filter ] --START--
INFO: Run ContentReplace Behavior [ RunTime:0.000956s ]
INFO: Run TokenBuild Behavior [ RunTime:0.000910s ]
INFO: Run WriteHtmlCache Behavior [ RunTime:0.000816s ]
INFO: Run ShowRuntime Behavior [ RunTime:0.000961s ]
INFO: [ view_filter ] --END-- [ RunTime:0.003802s ]
INFO: [ view_end ] --START--
INFO: Run ShowPageTrace Behavior [ RunTime:0.001070s ]
INFO: [ view_end ] --END-- [ RunTime:0.001124s ]

[ 2013-12-26T14:30:27+08:00 ] 127.0.0.1 /yisheji/company.php?s=/Reserve/feedback/id/1
INFO: [ route_check ] --START--
INFO: Run CheckRoute Behavior [ RunTime:0.000871s ]
INFO: [ route_check ] --END-- [ RunTime:0.000961s ]
INFO: [ app_begin ] --START--
INFO: Run ReadHtmlCache Behavior [ RunTime:0.001060s ]
INFO: [ app_begin ] --END-- [ RunTime:0.001119s ]
SQL: SHOW COLUMNS FROM `tb_session` [ RunTime:0.001355s ]
SQL: SELECT * FROM `tb_session` WHERE ( `status` = 0 ) AND ( `appid` = 1 ) AND ( `key` = '55a0c8bef28b7977b25feb599423ce1f' ) LIMIT 1   [ RunTime:0.000229s ]
SQL: UPDATE `tb_session` SET `expire`=1388046627 WHERE ( `status` = 0 ) AND ( `appid` = 1 ) AND ( `id` = 1 ) [ RunTime:0.000140s ]
SQL: SHOW COLUMNS FROM `tb_user` [ RunTime:0.001717s ]
SQL: SELECT * FROM `tb_user` WHERE ( `status` = 0 ) AND ( `appid` = 1 ) AND ( `id` = 1 ) LIMIT 1   [ RunTime:0.000246s ]
SQL: SHOW COLUMNS FROM `tb_company` [ RunTime:0.001330s ]
SQL: SELECT * FROM `tb_company` WHERE ( `status` = 0 ) AND ( `appid` = 1 ) AND ( `uid` = 1 ) LIMIT 1   [ RunTime:0.000209s ]
SQL: SHOW COLUMNS FROM `tb_reserve` [ RunTime:0.001525s ]
SQL: SELECT * FROM `tb_reserve` WHERE ( `status` = 0 ) AND ( `appid` = 1 ) AND ( `id` = 1 ) LIMIT 1   [ RunTime:0.000225s ]
NOTIC: [8] Undefined offset:  2 C:\AppServ\www\yisheji\Home\Company\Lib\Model\BaseModel.class.php 第 326 行.
NOTIC: [8] Undefined offset:  2 C:\AppServ\www\yisheji\Home\Company\Lib\Model\BaseModel.class.php 第 326 行.
NOTIC: [8] Undefined offset:  2 C:\AppServ\www\yisheji\Home\Company\Lib\Model\BaseModel.class.php 第 326 行.
NOTIC: [8] Undefined offset:  2 C:\AppServ\www\yisheji\Home\Company\Lib\Model\BaseModel.class.php 第 326 行.
NOTIC: [8] Undefined offset:  2 C:\AppServ\www\yisheji\Home\Company\Lib\Model\BaseModel.class.php 第 326 行.
SQL: UPDATE `tb_reserve` SET `handle`=0,`feedback`='' WHERE ( `status` = 0 ) AND ( `appid` = 1 ) AND ( `id` = 1 ) [ RunTime:0.000198s ]
INFO: [ view_template ] --START--
INFO: Run LocationTemplate Behavior [ RunTime:0.001666s ]
INFO: [ view_template ] --END-- [ RunTime:0.001723s ]
INFO: [ view_parse ] --START--
NOTIC: [8] Undefined variable: Title C:\AppServ\www\yisheji\Home\Company\Runtime\Cache\738a8a5b07f3e8dbfc27abcb3ec946e0.php 第 11 行.
INFO: Run ParseTemplate Behavior [ RunTime:0.011532s ]
INFO: [ view_parse ] --END-- [ RunTime:0.011605s ]
INFO: [ view_filter ] --START--
INFO: Run ContentReplace Behavior [ RunTime:0.000925s ]
INFO: Run TokenBuild Behavior [ RunTime:0.000909s ]
INFO: Run WriteHtmlCache Behavior [ RunTime:0.000824s ]
INFO: Run ShowRuntime Behavior [ RunTime:0.000971s ]
INFO: [ view_filter ] --END-- [ RunTime:0.003788s ]
INFO: [ view_end ] --START--
INFO: Run ShowPageTrace Behavior [ RunTime:0.001077s ]
INFO: [ view_end ] --END-- [ RunTime:0.001134s ]

[ 2013-12-26T14:30:28+08:00 ] 127.0.0.1 /yisheji/company.php?s=/Reserve/index
INFO: [ route_check ] --START--
INFO: Run CheckRoute Behavior [ RunTime:0.001887s ]
INFO: [ route_check ] --END-- [ RunTime:0.002016s ]
INFO: [ app_begin ] --START--
INFO: Run ReadHtmlCache Behavior [ RunTime:0.001057s ]
INFO: [ app_begin ] --END-- [ RunTime:0.001117s ]
SQL: SHOW COLUMNS FROM `tb_session` [ RunTime:0.001386s ]
SQL: SELECT * FROM `tb_session` WHERE ( `status` = 0 ) AND ( `appid` = 1 ) AND ( `key` = '55a0c8bef28b7977b25feb599423ce1f' ) LIMIT 1   [ RunTime:0.000194s ]
SQL: UPDATE `tb_session` SET `expire`=1388046628 WHERE ( `status` = 0 ) AND ( `appid` = 1 ) AND ( `id` = 1 ) [ RunTime:0.000157s ]
SQL: SHOW COLUMNS FROM `tb_user` [ RunTime:0.001617s ]
SQL: SELECT * FROM `tb_user` WHERE ( `status` = 0 ) AND ( `appid` = 1 ) AND ( `id` = 1 ) LIMIT 1   [ RunTime:0.000245s ]
SQL: SHOW COLUMNS FROM `tb_company` [ RunTime:0.001376s ]
SQL: SELECT * FROM `tb_company` WHERE ( `status` = 0 ) AND ( `appid` = 1 ) AND ( `uid` = 1 ) LIMIT 1   [ RunTime:0.000442s ]
SQL: SHOW COLUMNS FROM `tb_reserve` [ RunTime:0.001549s ]
SQL: SELECT COUNT(*) AS tp_count FROM `tb_reserve` WHERE ( `status` = 0 ) AND ( `appid` = 1 ) AND ( `cid` = 1 ) LIMIT 1   [ RunTime:0.000221s ]
SQL: SELECT * FROM `tb_reserve` WHERE ( `status` = 0 ) AND ( `appid` = 1 ) AND ( `cid` = 1 ) ORDER BY createtime DESC LIMIT 0,10   [ RunTime:0.000191s ]
NOTIC: [8] Undefined variable: checked C:\AppServ\www\yisheji\Home\Company\Lib\Model\BaseModel.class.php 第 613 行.
NOTIC: [8] Undefined variable: checked C:\AppServ\www\yisheji\Home\Company\Lib\Model\BaseModel.class.php 第 613 行.
NOTIC: [8] Use of undefined constant __GROUP__ - assumed '__GROUP__' C:\AppServ\www\yisheji\Home\Company\Lib\Model\BaseModel.class.php 第 737 行.
INFO: [ view_template ] --START--
INFO: Run LocationTemplate Behavior [ RunTime:0.001660s ]
INFO: [ view_template ] --END-- [ RunTime:0.001722s ]
INFO: [ view_parse ] --START--
NOTIC: [8] Undefined variable: Title C:\AppServ\www\yisheji\Home\Company\Runtime\Cache\6cb03c09e3328e9a1a6e3979057bc4d2.php 第 11 行.
INFO: Run ParseTemplate Behavior [ RunTime:0.013006s ]
INFO: [ view_parse ] --END-- [ RunTime:0.013078s ]
INFO: [ view_filter ] --START--
INFO: Run ContentReplace Behavior [ RunTime:0.000957s ]
INFO: Run TokenBuild Behavior [ RunTime:0.000914s ]
INFO: Run WriteHtmlCache Behavior [ RunTime:0.000817s ]
INFO: Run ShowRuntime Behavior [ RunTime:0.000971s ]
INFO: [ view_filter ] --END-- [ RunTime:0.003813s ]
INFO: [ view_end ] --START--
INFO: Run ShowPageTrace Behavior [ RunTime:0.001080s ]
INFO: [ view_end ] --END-- [ RunTime:0.001136s ]

[ 2013-12-26T14:30:30+08:00 ] 127.0.0.1 /yisheji/company.php?s=/Reserve/feedback/id/1
INFO: [ route_check ] --START--
INFO: Run CheckRoute Behavior [ RunTime:0.001722s ]
INFO: [ route_check ] --END-- [ RunTime:0.001882s ]
INFO: [ app_begin ] --START--
INFO: Run ReadHtmlCache Behavior [ RunTime:0.002173s ]
INFO: [ app_begin ] --END-- [ RunTime:0.002367s ]
SQL: SHOW COLUMNS FROM `tb_session` [ RunTime:0.001409s ]
SQL: SELECT * FROM `tb_session` WHERE ( `status` = 0 ) AND ( `appid` = 1 ) AND ( `key` = '55a0c8bef28b7977b25feb599423ce1f' ) LIMIT 1   [ RunTime:0.000216s ]
SQL: UPDATE `tb_session` SET `expire`=1388046630 WHERE ( `status` = 0 ) AND ( `appid` = 1 ) AND ( `id` = 1 ) [ RunTime:0.000153s ]
SQL: SHOW COLUMNS FROM `tb_user` [ RunTime:0.001480s ]
SQL: SELECT * FROM `tb_user` WHERE ( `status` = 0 ) AND ( `appid` = 1 ) AND ( `id` = 1 ) LIMIT 1   [ RunTime:0.000234s ]
SQL: SHOW COLUMNS FROM `tb_company` [ RunTime:0.001397s ]
SQL: SELECT * FROM `tb_company` WHERE ( `status` = 0 ) AND ( `appid` = 1 ) AND ( `uid` = 1 ) LIMIT 1   [ RunTime:0.000199s ]
SQL: SHOW COLUMNS FROM `tb_reserve` [ RunTime:0.001475s ]
SQL: SELECT * FROM `tb_reserve` WHERE ( `status` = 0 ) AND ( `appid` = 1 ) AND ( `id` = 1 ) LIMIT 1   [ RunTime:0.000294s ]
NOTIC: [8] Undefined offset:  2 C:\AppServ\www\yisheji\Home\Company\Lib\Model\BaseModel.class.php 第 443 行.
NOTIC: [8] Undefined offset:  2 C:\AppServ\www\yisheji\Home\Company\Lib\Model\BaseModel.class.php 第 467 行.
NOTIC: [8] Undefined offset:  2 C:\AppServ\www\yisheji\Home\Company\Lib\Model\BaseModel.class.php 第 443 行.
NOTIC: [8] Undefined offset:  2 C:\AppServ\www\yisheji\Home\Company\Lib\Model\BaseModel.class.php 第 467 行.
NOTIC: [8] Undefined offset:  2 C:\AppServ\www\yisheji\Home\Company\Lib\Model\BaseModel.class.php 第 443 行.
NOTIC: [8] Undefined offset:  2 C:\AppServ\www\yisheji\Home\Company\Lib\Model\BaseModel.class.php 第 467 行.
NOTIC: [8] Undefined offset:  2 C:\AppServ\www\yisheji\Home\Company\Lib\Model\BaseModel.class.php 第 443 行.
NOTIC: [8] Undefined offset:  2 C:\AppServ\www\yisheji\Home\Company\Lib\Model\BaseModel.class.php 第 467 行.
NOTIC: [8] Undefined offset:  2 C:\AppServ\www\yisheji\Home\Company\Lib\Model\BaseModel.class.php 第 443 行.
NOTIC: [8] Undefined offset:  2 C:\AppServ\www\yisheji\Home\Company\Lib\Model\BaseModel.class.php 第 467 行.
INFO: [ view_template ] --START--
INFO: Run LocationTemplate Behavior [ RunTime:0.001651s ]
INFO: [ view_template ] --END-- [ RunTime:0.001710s ]
INFO: [ view_parse ] --START--
NOTIC: [8] Undefined variable: Title C:\AppServ\www\yisheji\Home\Company\Runtime\Cache\76e993f0a73f16c3da9f0c67b299f2c4.php 第 11 行.
INFO: Run ParseTemplate Behavior [ RunTime:0.012636s ]
INFO: [ view_parse ] --END-- [ RunTime:0.012704s ]
INFO: [ view_filter ] --START--
INFO: Run ContentReplace Behavior [ RunTime:0.000940s ]
INFO: Run TokenBuild Behavior [ RunTime:0.000908s ]
INFO: Run WriteHtmlCache Behavior [ RunTime:0.000835s ]
INFO: Run ShowRuntime Behavior [ RunTime:0.000965s ]
INFO: [ view_filter ] --END-- [ RunTime:0.003809s ]
INFO: [ view_end ] --START--
INFO: Run ShowPageTrace Behavior [ RunTime:0.001075s ]
INFO: [ view_end ] --END-- [ RunTime:0.001131s ]

[ 2013-12-26T14:30:49+08:00 ] 127.0.0.1 /yisheji/company.php?s=/Reserve/feedback/id/1
INFO: [ route_check ] --START--
INFO: Run CheckRoute Behavior [ RunTime:0.001260s ]
INFO: [ route_check ] --END-- [ RunTime:0.001368s ]
INFO: [ app_begin ] --START--
INFO: Run ReadHtmlCache Behavior [ RunTime:0.001502s ]
INFO: [ app_begin ] --END-- [ RunTime:0.001585s ]
SQL: SHOW COLUMNS FROM `tb_session` [ RunTime:0.001670s ]
SQL: SELECT * FROM `tb_session` WHERE ( `status` = 0 ) AND ( `appid` = 1 ) AND ( `key` = '55a0c8bef28b7977b25feb599423ce1f' ) LIMIT 1   [ RunTime:0.000227s ]
SQL: UPDATE `tb_session` SET `expire`=1388046649 WHERE ( `status` = 0 ) AND ( `appid` = 1 ) AND ( `id` = 1 ) [ RunTime:0.000190s ]
SQL: SHOW COLUMNS FROM `tb_user` [ RunTime:0.001823s ]
SQL: SELECT * FROM `tb_user` WHERE ( `status` = 0 ) AND ( `appid` = 1 ) AND ( `id` = 1 ) LIMIT 1   [ RunTime:0.000249s ]
SQL: SHOW COLUMNS FROM `tb_company` [ RunTime:0.001788s ]
SQL: SELECT * FROM `tb_company` WHERE ( `status` = 0 ) AND ( `appid` = 1 ) AND ( `uid` = 1 ) LIMIT 1   [ RunTime:0.000255s ]
SQL: SHOW COLUMNS FROM `tb_reserve` [ RunTime:0.001661s ]
SQL: SELECT * FROM `tb_reserve` WHERE ( `status` = 0 ) AND ( `appid` = 1 ) AND ( `id` = 1 ) LIMIT 1   [ RunTime:0.000239s ]
NOTIC: [8] Undefined offset:  2 C:\AppServ\www\yisheji\Home\Company\Lib\Model\BaseModel.class.php 第 443 行.
NOTIC: [8] Undefined offset:  2 C:\AppServ\www\yisheji\Home\Company\Lib\Model\BaseModel.class.php 第 467 行.
NOTIC: [8] Undefined offset:  2 C:\AppServ\www\yisheji\Home\Company\Lib\Model\BaseModel.class.php 第 443 行.
NOTIC: [8] Undefined offset:  2 C:\AppServ\www\yisheji\Home\Company\Lib\Model\BaseModel.class.php 第 467 行.
NOTIC: [8] Undefined offset:  2 C:\AppServ\www\yisheji\Home\Company\Lib\Model\BaseModel.class.php 第 443 行.
NOTIC: [8] Undefined offset:  2 C:\AppServ\www\yisheji\Home\Company\Lib\Model\BaseModel.class.php 第 467 行.
NOTIC: [8] Undefined offset:  2 C:\AppServ\www\yisheji\Home\Company\Lib\Model\BaseModel.class.php 第 443 行.
NOTIC: [8] Undefined offset:  2 C:\AppServ\www\yisheji\Home\Company\Lib\Model\BaseModel.class.php 第 467 行.
NOTIC: [8] Undefined offset:  2 C:\AppServ\www\yisheji\Home\Company\Lib\Model\BaseModel.class.php 第 443 行.
NOTIC: [8] Undefined offset:  2 C:\AppServ\www\yisheji\Home\Company\Lib\Model\BaseModel.class.php 第 467 行.
INFO: [ view_template ] --START--
INFO: Run LocationTemplate Behavior [ RunTime:0.001961s ]
INFO: [ view_template ] --END-- [ RunTime:0.002033s ]
INFO: [ view_parse ] --START--
NOTIC: [8] Undefined variable: Title C:\AppServ\www\yisheji\Home\Company\Runtime\Cache\76e993f0a73f16c3da9f0c67b299f2c4.php 第 11 行.
INFO: Run ParseTemplate Behavior [ RunTime:0.015837s ]
INFO: [ view_parse ] --END-- [ RunTime:0.015922s ]
INFO: [ view_filter ] --START--
INFO: Run ContentReplace Behavior [ RunTime:0.001161s ]
INFO: Run TokenBuild Behavior [ RunTime:0.001119s ]
INFO: Run WriteHtmlCache Behavior [ RunTime:0.000840s ]
INFO: Run ShowRuntime Behavior [ RunTime:0.001089s ]
INFO: [ view_filter ] --END-- [ RunTime:0.004413s ]
INFO: [ view_end ] --START--
INFO: Run ShowPageTrace Behavior [ RunTime:0.001101s ]
INFO: [ view_end ] --END-- [ RunTime:0.001157s ]

[ 2013-12-26T14:30:51+08:00 ] 127.0.0.1 /yisheji/company.php?s=/Reserve/feedback/id/1
INFO: [ route_check ] --START--
INFO: Run CheckRoute Behavior [ RunTime:0.001032s ]
INFO: [ route_check ] --END-- [ RunTime:0.001133s ]
INFO: [ app_begin ] --START--
INFO: Run ReadHtmlCache Behavior [ RunTime:0.001168s ]
INFO: [ app_begin ] --END-- [ RunTime:0.001234s ]
SQL: SHOW COLUMNS FROM `tb_session` [ RunTime:0.001493s ]
SQL: SELECT * FROM `tb_session` WHERE ( `status` = 0 ) AND ( `appid` = 1 ) AND ( `key` = '55a0c8bef28b7977b25feb599423ce1f' ) LIMIT 1   [ RunTime:0.000221s ]
SQL: UPDATE `tb_session` SET `expire`=1388046651 WHERE ( `status` = 0 ) AND ( `appid` = 1 ) AND ( `id` = 1 ) [ RunTime:0.000161s ]
SQL: SHOW COLUMNS FROM `tb_user` [ RunTime:0.001562s ]
SQL: SELECT * FROM `tb_user` WHERE ( `status` = 0 ) AND ( `appid` = 1 ) AND ( `id` = 1 ) LIMIT 1   [ RunTime:0.000222s ]
SQL: SHOW COLUMNS FROM `tb_company` [ RunTime:0.001342s ]
SQL: SELECT * FROM `tb_company` WHERE ( `status` = 0 ) AND ( `appid` = 1 ) AND ( `uid` = 1 ) LIMIT 1   [ RunTime:0.000197s ]
SQL: SHOW COLUMNS FROM `tb_reserve` [ RunTime:0.001545s ]
SQL: SELECT * FROM `tb_reserve` WHERE ( `status` = 0 ) AND ( `appid` = 1 ) AND ( `id` = 1 ) LIMIT 1   [ RunTime:0.000251s ]
NOTIC: [8] Undefined offset:  2 C:\AppServ\www\yisheji\Home\Company\Lib\Model\BaseModel.class.php 第 326 行.
NOTIC: [8] Undefined offset:  2 C:\AppServ\www\yisheji\Home\Company\Lib\Model\BaseModel.class.php 第 326 行.
NOTIC: [8] Undefined offset:  2 C:\AppServ\www\yisheji\Home\Company\Lib\Model\BaseModel.class.php 第 326 行.
NOTIC: [8] Undefined offset:  2 C:\AppServ\www\yisheji\Home\Company\Lib\Model\BaseModel.class.php 第 326 行.
NOTIC: [8] Undefined offset:  2 C:\AppServ\www\yisheji\Home\Company\Lib\Model\BaseModel.class.php 第 326 行.
SQL: UPDATE `tb_reserve` SET `handle`=0,`feedback`='dddd' WHERE ( `status` = 0 ) AND ( `appid` = 1 ) AND ( `id` = 1 ) [ RunTime:0.000260s ]
INFO: [ view_template ] --START--
INFO: Run LocationTemplate Behavior [ RunTime:0.001701s ]
INFO: [ view_template ] --END-- [ RunTime:0.001762s ]
INFO: [ view_parse ] --START--
NOTIC: [8] Undefined variable: Title C:\AppServ\www\yisheji\Home\Company\Runtime\Cache\738a8a5b07f3e8dbfc27abcb3ec946e0.php 第 11 行.
INFO: Run ParseTemplate Behavior [ RunTime:0.011704s ]
INFO: [ view_parse ] --END-- [ RunTime:0.011773s ]
INFO: [ view_filter ] --START--
INFO: Run ContentReplace Behavior [ RunTime:0.000940s ]
INFO: Run TokenBuild Behavior [ RunTime:0.000915s ]
INFO: Run WriteHtmlCache Behavior [ RunTime:0.000821s ]
INFO: Run ShowRuntime Behavior [ RunTime:0.000961s ]
INFO: [ view_filter ] --END-- [ RunTime:0.003791s ]
INFO: [ view_end ] --START--
INFO: Run ShowPageTrace Behavior [ RunTime:0.001090s ]
INFO: [ view_end ] --END-- [ RunTime:0.001143s ]

[ 2013-12-26T14:30:52+08:00 ] 127.0.0.1 /yisheji/company.php?s=/Reserve/index
INFO: [ route_check ] --START--
INFO: Run CheckRoute Behavior [ RunTime:0.002074s ]
INFO: [ route_check ] --END-- [ RunTime:0.002237s ]
INFO: [ app_begin ] --START--
INFO: Run ReadHtmlCache Behavior [ RunTime:0.002288s ]
INFO: [ app_begin ] --END-- [ RunTime:0.002415s ]
SQL: SHOW COLUMNS FROM `tb_session` [ RunTime:0.001393s ]
SQL: SELECT * FROM `tb_session` WHERE ( `status` = 0 ) AND ( `appid` = 1 ) AND ( `key` = '55a0c8bef28b7977b25feb599423ce1f' ) LIMIT 1   [ RunTime:0.000246s ]
SQL: UPDATE `tb_session` SET `expire`=1388046652 WHERE ( `status` = 0 ) AND ( `appid` = 1 ) AND ( `id` = 1 ) [ RunTime:0.000172s ]
SQL: SHOW COLUMNS FROM `tb_user` [ RunTime:0.001639s ]
SQL: SELECT * FROM `tb_user` WHERE ( `status` = 0 ) AND ( `appid` = 1 ) AND ( `id` = 1 ) LIMIT 1   [ RunTime:0.000222s ]
SQL: SHOW COLUMNS FROM `tb_company` [ RunTime:0.001371s ]
SQL: SELECT * FROM `tb_company` WHERE ( `status` = 0 ) AND ( `appid` = 1 ) AND ( `uid` = 1 ) LIMIT 1   [ RunTime:0.000205s ]
SQL: SHOW COLUMNS FROM `tb_reserve` [ RunTime:0.001374s ]
SQL: SELECT COUNT(*) AS tp_count FROM `tb_reserve` WHERE ( `status` = 0 ) AND ( `appid` = 1 ) AND ( `cid` = 1 ) LIMIT 1   [ RunTime:0.000214s ]
SQL: SELECT * FROM `tb_reserve` WHERE ( `status` = 0 ) AND ( `appid` = 1 ) AND ( `cid` = 1 ) ORDER BY createtime DESC LIMIT 0,10   [ RunTime:0.000173s ]
NOTIC: [8] Undefined variable: checked C:\AppServ\www\yisheji\Home\Company\Lib\Model\BaseModel.class.php 第 613 行.
NOTIC: [8] Undefined variable: checked C:\AppServ\www\yisheji\Home\Company\Lib\Model\BaseModel.class.php 第 613 行.
NOTIC: [8] Use of undefined constant __GROUP__ - assumed '__GROUP__' C:\AppServ\www\yisheji\Home\Company\Lib\Model\BaseModel.class.php 第 737 行.
INFO: [ view_template ] --START--
INFO: Run LocationTemplate Behavior [ RunTime:0.001651s ]
INFO: [ view_template ] --END-- [ RunTime:0.001716s ]
INFO: [ view_parse ] --START--
NOTIC: [8] Undefined variable: Title C:\AppServ\www\yisheji\Home\Company\Runtime\Cache\6cb03c09e3328e9a1a6e3979057bc4d2.php 第 11 行.
INFO: Run ParseTemplate Behavior [ RunTime:0.017055s ]
INFO: [ view_parse ] --END-- [ RunTime:0.017125s ]
INFO: [ view_filter ] --START--
INFO: Run ContentReplace Behavior [ RunTime:0.001021s ]
INFO: Run TokenBuild Behavior [ RunTime:0.000648s ]
INFO: Run WriteHtmlCache Behavior [ RunTime:0.000816s ]
INFO: Run ShowRuntime Behavior [ RunTime:0.000967s ]
INFO: [ view_filter ] --END-- [ RunTime:0.003618s ]
INFO: [ view_end ] --START--
INFO: Run ShowPageTrace Behavior [ RunTime:0.001079s ]
INFO: [ view_end ] --END-- [ RunTime:0.001136s ]

[ 2013-12-26T14:30:54+08:00 ] 127.0.0.1 /yisheji/company.php?s=/Reserve/feedback/id/1
INFO: [ route_check ] --START--
INFO: Run CheckRoute Behavior [ RunTime:0.001326s ]
INFO: [ route_check ] --END-- [ RunTime:0.001447s ]
INFO: [ app_begin ] --START--
INFO: Run ReadHtmlCache Behavior [ RunTime:0.001402s ]
INFO: [ app_begin ] --END-- [ RunTime:0.001481s ]
SQL: SHOW COLUMNS FROM `tb_session` [ RunTime:0.001328s ]
SQL: SELECT * FROM `tb_session` WHERE ( `status` = 0 ) AND ( `appid` = 1 ) AND ( `key` = '55a0c8bef28b7977b25feb599423ce1f' ) LIMIT 1   [ RunTime:0.000190s ]
SQL: UPDATE `tb_session` SET `expire`=1388046654 WHERE ( `status` = 0 ) AND ( `appid` = 1 ) AND ( `id` = 1 ) [ RunTime:0.000133s ]
SQL: SHOW COLUMNS FROM `tb_user` [ RunTime:0.001530s ]
SQL: SELECT * FROM `tb_user` WHERE ( `status` = 0 ) AND ( `appid` = 1 ) AND ( `id` = 1 ) LIMIT 1   [ RunTime:0.000290s ]
SQL: SHOW COLUMNS FROM `tb_company` [ RunTime:0.001474s ]
SQL: SELECT * FROM `tb_company` WHERE ( `status` = 0 ) AND ( `appid` = 1 ) AND ( `uid` = 1 ) LIMIT 1   [ RunTime:0.000235s ]
SQL: SHOW COLUMNS FROM `tb_reserve` [ RunTime:0.001481s ]
SQL: SELECT * FROM `tb_reserve` WHERE ( `status` = 0 ) AND ( `appid` = 1 ) AND ( `id` = 1 ) LIMIT 1   [ RunTime:0.000220s ]
NOTIC: [8] Undefined offset:  2 C:\AppServ\www\yisheji\Home\Company\Lib\Model\BaseModel.class.php 第 443 行.
NOTIC: [8] Undefined offset:  2 C:\AppServ\www\yisheji\Home\Company\Lib\Model\BaseModel.class.php 第 467 行.
NOTIC: [8] Undefined offset:  2 C:\AppServ\www\yisheji\Home\Company\Lib\Model\BaseModel.class.php 第 443 行.
NOTIC: [8] Undefined offset:  2 C:\AppServ\www\yisheji\Home\Company\Lib\Model\BaseModel.class.php 第 467 行.
NOTIC: [8] Undefined offset:  2 C:\AppServ\www\yisheji\Home\Company\Lib\Model\BaseModel.class.php 第 443 行.
NOTIC: [8] Undefined offset:  2 C:\AppServ\www\yisheji\Home\Company\Lib\Model\BaseModel.class.php 第 467 行.
NOTIC: [8] Undefined offset:  2 C:\AppServ\www\yisheji\Home\Company\Lib\Model\BaseModel.class.php 第 443 行.
NOTIC: [8] Undefined offset:  2 C:\AppServ\www\yisheji\Home\Company\Lib\Model\BaseModel.class.php 第 467 行.
NOTIC: [8] Undefined offset:  2 C:\AppServ\www\yisheji\Home\Company\Lib\Model\BaseModel.class.php 第 443 行.
NOTIC: [8] Undefined offset:  2 C:\AppServ\www\yisheji\Home\Company\Lib\Model\BaseModel.class.php 第 467 行.
INFO: [ view_template ] --START--
INFO: Run LocationTemplate Behavior [ RunTime:0.001728s ]
INFO: [ view_template ] --END-- [ RunTime:0.001794s ]
INFO: [ view_parse ] --START--
NOTIC: [8] Undefined variable: Title C:\AppServ\www\yisheji\Home\Company\Runtime\Cache\76e993f0a73f16c3da9f0c67b299f2c4.php 第 11 行.
INFO: Run ParseTemplate Behavior [ RunTime:0.017140s ]
INFO: [ view_parse ] --END-- [ RunTime:0.017218s ]
INFO: [ view_filter ] --START--
INFO: Run ContentReplace Behavior [ RunTime:0.000961s ]
INFO: Run TokenBuild Behavior [ RunTime:0.000913s ]
INFO: Run WriteHtmlCache Behavior [ RunTime:0.000812s ]
INFO: Run ShowRuntime Behavior [ RunTime:0.000964s ]
INFO: [ view_filter ] --END-- [ RunTime:0.003811s ]
INFO: [ view_end ] --START--
INFO: Run ShowPageTrace Behavior [ RunTime:0.001102s ]
INFO: [ view_end ] --END-- [ RunTime:0.001165s ]

[ 2013-12-26T14:31:01+08:00 ] 127.0.0.1 /yisheji/company.php?s=/Reserve/feedback/id/1
INFO: [ route_check ] --START--
INFO: Run CheckRoute Behavior [ RunTime:0.001095s ]
INFO: [ route_check ] --END-- [ RunTime:0.001204s ]
INFO: [ app_begin ] --START--
INFO: Run ReadHtmlCache Behavior [ RunTime:0.001439s ]
INFO: [ app_begin ] --END-- [ RunTime:0.001521s ]
SQL: SHOW COLUMNS FROM `tb_session` [ RunTime:0.001409s ]
SQL: SELECT * FROM `tb_session` WHERE ( `status` = 0 ) AND ( `appid` = 1 ) AND ( `key` = '55a0c8bef28b7977b25feb599423ce1f' ) LIMIT 1   [ RunTime:0.000200s ]
SQL: UPDATE `tb_session` SET `expire`=1388046661 WHERE ( `status` = 0 ) AND ( `appid` = 1 ) AND ( `id` = 1 ) [ RunTime:0.000137s ]
SQL: SHOW COLUMNS FROM `tb_user` [ RunTime:0.001514s ]
SQL: SELECT * FROM `tb_user` WHERE ( `status` = 0 ) AND ( `appid` = 1 ) AND ( `id` = 1 ) LIMIT 1   [ RunTime:0.000219s ]
SQL: SHOW COLUMNS FROM `tb_company` [ RunTime:0.001478s ]
SQL: SELECT * FROM `tb_company` WHERE ( `status` = 0 ) AND ( `appid` = 1 ) AND ( `uid` = 1 ) LIMIT 1   [ RunTime:0.000200s ]
SQL: SHOW COLUMNS FROM `tb_reserve` [ RunTime:0.001385s ]
SQL: SELECT * FROM `tb_reserve` WHERE ( `status` = 0 ) AND ( `appid` = 1 ) AND ( `id` = 1 ) LIMIT 1   [ RunTime:0.000221s ]
NOTIC: [8] Undefined offset:  2 C:\AppServ\www\yisheji\Home\Company\Lib\Model\BaseModel.class.php 第 326 行.
NOTIC: [8] Undefined offset:  2 C:\AppServ\www\yisheji\Home\Company\Lib\Model\BaseModel.class.php 第 326 行.
NOTIC: [8] Undefined offset:  2 C:\AppServ\www\yisheji\Home\Company\Lib\Model\BaseModel.class.php 第 326 行.
NOTIC: [8] Undefined offset:  2 C:\AppServ\www\yisheji\Home\Company\Lib\Model\BaseModel.class.php 第 326 行.
NOTIC: [8] Undefined offset:  2 C:\AppServ\www\yisheji\Home\Company\Lib\Model\BaseModel.class.php 第 326 行.
SQL: UPDATE `tb_reserve` SET `handle`=0,`feedback`='dddd' WHERE ( `status` = 0 ) AND ( `appid` = 1 ) AND ( `id` = 1 ) [ RunTime:0.000189s ]
INFO: [ view_template ] --START--
INFO: Run LocationTemplate Behavior [ RunTime:0.001700s ]
INFO: [ view_template ] --END-- [ RunTime:0.001762s ]
INFO: [ view_parse ] --START--
NOTIC: [8] Undefined variable: Title C:\AppServ\www\yisheji\Home\Company\Runtime\Cache\738a8a5b07f3e8dbfc27abcb3ec946e0.php 第 11 行.
INFO: Run ParseTemplate Behavior [ RunTime:0.011579s ]
INFO: [ view_parse ] --END-- [ RunTime:0.011649s ]
INFO: [ view_filter ] --START--
INFO: Run ContentReplace Behavior [ RunTime:0.000930s ]
INFO: Run TokenBuild Behavior [ RunTime:0.000465s ]
INFO: Run WriteHtmlCache Behavior [ RunTime:0.000890s ]
INFO: Run ShowRuntime Behavior [ RunTime:0.000985s ]
INFO: [ view_filter ] --END-- [ RunTime:0.003428s ]
INFO: [ view_end ] --START--
INFO: Run ShowPageTrace Behavior [ RunTime:0.001083s ]
INFO: [ view_end ] --END-- [ RunTime:0.001139s ]

[ 2013-12-26T14:31:02+08:00 ] 127.0.0.1 /yisheji/company.php?s=/Reserve/index
INFO: [ route_check ] --START--
INFO: Run CheckRoute Behavior [ RunTime:0.001387s ]
INFO: [ route_check ] --END-- [ RunTime:0.001500s ]
INFO: [ app_begin ] --START--
INFO: Run ReadHtmlCache Behavior [ RunTime:0.000996s ]
INFO: [ app_begin ] --END-- [ RunTime:0.001078s ]
SQL: SHOW COLUMNS FROM `tb_session` [ RunTime:0.001372s ]
SQL: SELECT * FROM `tb_session` WHERE ( `status` = 0 ) AND ( `appid` = 1 ) AND ( `key` = '55a0c8bef28b7977b25feb599423ce1f' ) LIMIT 1   [ RunTime:0.000215s ]
SQL: UPDATE `tb_session` SET `expire`=1388046662 WHERE ( `status` = 0 ) AND ( `appid` = 1 ) AND ( `id` = 1 ) [ RunTime:0.000144s ]
SQL: SHOW COLUMNS FROM `tb_user` [ RunTime:0.001740s ]
SQL: SELECT * FROM `tb_user` WHERE ( `status` = 0 ) AND ( `appid` = 1 ) AND ( `id` = 1 ) LIMIT 1   [ RunTime:0.000244s ]
SQL: SHOW COLUMNS FROM `tb_company` [ RunTime:0.001918s ]
SQL: SELECT * FROM `tb_company` WHERE ( `status` = 0 ) AND ( `appid` = 1 ) AND ( `uid` = 1 ) LIMIT 1   [ RunTime:0.000239s ]
SQL: SHOW COLUMNS FROM `tb_reserve` [ RunTime:0.001478s ]
SQL: SELECT COUNT(*) AS tp_count FROM `tb_reserve` WHERE ( `status` = 0 ) AND ( `appid` = 1 ) AND ( `cid` = 1 ) LIMIT 1   [ RunTime:0.000278s ]
SQL: SELECT * FROM `tb_reserve` WHERE ( `status` = 0 ) AND ( `appid` = 1 ) AND ( `cid` = 1 ) ORDER BY createtime DESC LIMIT 0,10   [ RunTime:0.000214s ]
NOTIC: [8] Undefined variable: checked C:\AppServ\www\yisheji\Home\Company\Lib\Model\BaseModel.class.php 第 613 行.
NOTIC: [8] Undefined variable: checked C:\AppServ\www\yisheji\Home\Company\Lib\Model\BaseModel.class.php 第 613 行.
NOTIC: [8] Use of undefined constant __GROUP__ - assumed '__GROUP__' C:\AppServ\www\yisheji\Home\Company\Lib\Model\BaseModel.class.php 第 737 行.
INFO: [ view_template ] --START--
INFO: Run LocationTemplate Behavior [ RunTime:0.001143s ]
INFO: [ view_template ] --END-- [ RunTime:0.001201s ]
INFO: [ view_parse ] --START--
NOTIC: [8] Undefined variable: Title C:\AppServ\www\yisheji\Home\Company\Runtime\Cache\6cb03c09e3328e9a1a6e3979057bc4d2.php 第 11 行.
INFO: Run ParseTemplate Behavior [ RunTime:0.015583s ]
INFO: [ view_parse ] --END-- [ RunTime:0.015653s ]
INFO: [ view_filter ] --START--
INFO: Run ContentReplace Behavior [ RunTime:0.000645s ]
INFO: Run TokenBuild Behavior [ RunTime:0.000610s ]
INFO: Run WriteHtmlCache Behavior [ RunTime:0.000584s ]
INFO: Run ShowRuntime Behavior [ RunTime:0.000698s ]
INFO: [ view_filter ] --END-- [ RunTime:0.002694s ]
INFO: [ view_end ] --START--
INFO: Run ShowPageTrace Behavior [ RunTime:0.000808s ]
INFO: [ view_end ] --END-- [ RunTime:0.000864s ]

[ 2013-12-26T14:31:04+08:00 ] 127.0.0.1 /yisheji/company.php?s=/Reserve/feedback/id/1
INFO: [ route_check ] --START--
INFO: Run CheckRoute Behavior [ RunTime:0.000882s ]
INFO: [ route_check ] --END-- [ RunTime:0.000994s ]
INFO: [ app_begin ] --START--
INFO: Run ReadHtmlCache Behavior [ RunTime:0.000600s ]
INFO: [ app_begin ] --END-- [ RunTime:0.000690s ]
SQL: SHOW COLUMNS FROM `tb_session` [ RunTime:0.001752s ]
SQL: SELECT * FROM `tb_session` WHERE ( `status` = 0 ) AND ( `appid` = 1 ) AND ( `key` = '55a0c8bef28b7977b25feb599423ce1f' ) LIMIT 1   [ RunTime:0.000249s ]
SQL: UPDATE `tb_session` SET `expire`=1388046664 WHERE ( `status` = 0 ) AND ( `appid` = 1 ) AND ( `id` = 1 ) [ RunTime:0.000183s ]
SQL: SHOW COLUMNS FROM `tb_user` [ RunTime:0.001961s ]
SQL: SELECT * FROM `tb_user` WHERE ( `status` = 0 ) AND ( `appid` = 1 ) AND ( `id` = 1 ) LIMIT 1   [ RunTime:0.000260s ]
SQL: SHOW COLUMNS FROM `tb_company` [ RunTime:0.001684s ]
SQL: SELECT * FROM `tb_company` WHERE ( `status` = 0 ) AND ( `appid` = 1 ) AND ( `uid` = 1 ) LIMIT 1   [ RunTime:0.001010s ]
SQL: SHOW COLUMNS FROM `tb_reserve` [ RunTime:0.001464s ]
SQL: SELECT * FROM `tb_reserve` WHERE ( `status` = 0 ) AND ( `appid` = 1 ) AND ( `id` = 1 ) LIMIT 1   [ RunTime:0.000195s ]
NOTIC: [8] Undefined offset:  2 C:\AppServ\www\yisheji\Home\Company\Lib\Model\BaseModel.class.php 第 443 行.
NOTIC: [8] Undefined offset:  2 C:\AppServ\www\yisheji\Home\Company\Lib\Model\BaseModel.class.php 第 467 行.
NOTIC: [8] Undefined offset:  2 C:\AppServ\www\yisheji\Home\Company\Lib\Model\BaseModel.class.php 第 443 行.
NOTIC: [8] Undefined offset:  2 C:\AppServ\www\yisheji\Home\Company\Lib\Model\BaseModel.class.php 第 467 行.
NOTIC: [8] Undefined offset:  2 C:\AppServ\www\yisheji\Home\Company\Lib\Model\BaseModel.class.php 第 443 行.
NOTIC: [8] Undefined offset:  2 C:\AppServ\www\yisheji\Home\Company\Lib\Model\BaseModel.class.php 第 467 行.
NOTIC: [8] Undefined offset:  2 C:\AppServ\www\yisheji\Home\Company\Lib\Model\BaseModel.class.php 第 443 行.
NOTIC: [8] Undefined offset:  2 C:\AppServ\www\yisheji\Home\Company\Lib\Model\BaseModel.class.php 第 467 行.
NOTIC: [8] Undefined offset:  2 C:\AppServ\www\yisheji\Home\Company\Lib\Model\BaseModel.class.php 第 443 行.
NOTIC: [8] Undefined offset:  2 C:\AppServ\www\yisheji\Home\Company\Lib\Model\BaseModel.class.php 第 467 行.
INFO: [ view_template ] --START--
INFO: Run LocationTemplate Behavior [ RunTime:0.000857s ]
INFO: [ view_template ] --END-- [ RunTime:0.000916s ]
INFO: [ view_parse ] --START--
NOTIC: [8] Undefined variable: Title C:\AppServ\www\yisheji\Home\Company\Runtime\Cache\76e993f0a73f16c3da9f0c67b299f2c4.php 第 11 行.
INFO: Run ParseTemplate Behavior [ RunTime:0.009175s ]
INFO: [ view_parse ] --END-- [ RunTime:0.009250s ]
INFO: [ view_filter ] --START--
INFO: Run ContentReplace Behavior [ RunTime:0.000354s ]
INFO: Run TokenBuild Behavior [ RunTime:0.000308s ]
INFO: Run WriteHtmlCache Behavior [ RunTime:0.000210s ]
INFO: Run ShowRuntime Behavior [ RunTime:0.000367s ]
INFO: [ view_filter ] --END-- [ RunTime:0.001389s ]
INFO: [ view_end ] --START--
INFO: Run ShowPageTrace Behavior [ RunTime:0.000468s ]
INFO: [ view_end ] --END-- [ RunTime:0.000519s ]

