[ 2014-01-06T10:44:58+08:00 ] 127.0.0.1 /yisheji/company.php?s=/User/login
INFO: [ route_check ] --START--
INFO: Run CheckRoute Behavior [ RunTime:0.001051s ]
INFO: [ route_check ] --END-- [ RunTime:0.001138s ]
INFO: [ app_begin ] --START--
INFO: Run ReadHtmlCache Behavior [ RunTime:0.000806s ]
INFO: [ app_begin ] --END-- [ RunTime:0.000868s ]
SQL: SHOW COLUMNS FROM `tb_session` [ RunTime:0.001378s ]
NOTIC: [8] Undefined index:  company C:\AppServ\www\yisheji\Home\Company\Lib\Model\BaseModel.class.php 第 45 行.
NOTIC: [8] Undefined index:  user C:\AppServ\www\yisheji\Home\Company\Lib\Model\BaseModel.class.php 第 46 行.
NOTIC: [8] Undefined index:  SN_KEY C:\AppServ\www\yisheji\Home\Company\Lib\Model\SessionModel.class.php 第 14 行.
NOTIC: [8] Trying to get property of non-object C:\AppServ\www\yisheji\Home\Company\Lib\Action\BaseAction.class.php 第 49 行.
SQL: SHOW COLUMNS FROM `tb_user` [ RunTime:0.001688s ]
NOTIC: [8] Undefined index:  company C:\AppServ\www\yisheji\Home\Company\Lib\Model\BaseModel.class.php 第 45 行.
NOTIC: [8] Undefined index:  user C:\AppServ\www\yisheji\Home\Company\Lib\Model\BaseModel.class.php 第 46 行.
NOTIC: [2] Missing argument 1 for UserModel::login(), called in C:\AppServ\www\yisheji\Home\Company\Lib\Action\UserAction.class.php on line 66 and defined C:\AppServ\www\yisheji\Home\Company\Lib\Model\UserModel.class.php 第 53 行.
NOTIC: [2] Missing argument 2 for UserModel::login(), called in C:\AppServ\www\yisheji\Home\Company\Lib\Action\UserAction.class.php on line 66 and defined C:\AppServ\www\yisheji\Home\Company\Lib\Model\UserModel.class.php 第 53 行.
SQL: SELECT * FROM `tb_user` WHERE ( `status` = 0 ) AND ( `appid` = 1 ) AND ( `account` = 'admin' ) LIMIT 1   [ RunTime:0.021985s ]
SQL: SELECT * FROM `tb_session` WHERE ( `status` = 0 ) AND ( `appid` = 1 ) AND ( `uid` = 1 ) LIMIT 1   [ RunTime:0.000185s ]
SQL: INSERT INTO `tb_session` (`key`,`expire`,`ip`,`appid`,`uid`,`createtime`) VALUES ('2ccfe40036b53ad25457ac7ae0d033ad',1388983498,'127.0.0.1',1,1,1388976298) [ RunTime:0.000146s ]
INFO: [ view_template ] --START--
INFO: Run LocationTemplate Behavior [ RunTime:0.001457s ]
INFO: [ view_template ] --END-- [ RunTime:0.001515s ]
INFO: [ view_parse ] --START--
NOTIC: [8] Undefined variable: Title C:\AppServ\www\yisheji\Home\Company\Runtime\Cache\738a8a5b07f3e8dbfc27abcb3ec946e0.php 第 11 行.
INFO: Run ParseTemplate Behavior [ RunTime:0.055859s ]
INFO: [ view_parse ] --END-- [ RunTime:0.055975s ]
INFO: [ view_filter ] --START--
INFO: Run ContentReplace Behavior [ RunTime:0.001475s ]
INFO: Run TokenBuild Behavior [ RunTime:0.001371s ]
INFO: Run WriteHtmlCache Behavior [ RunTime:0.001150s ]
INFO: Run ShowRuntime Behavior [ RunTime:0.001452s ]
INFO: [ view_filter ] --END-- [ RunTime:0.005771s ]
INFO: [ view_end ] --START--
INFO: Run ShowPageTrace Behavior [ RunTime:0.001389s ]
INFO: [ view_end ] --END-- [ RunTime:0.001475s ]

[ 2014-01-06T10:44:59+08:00 ] 127.0.0.1 /yisheji/company.php?s=/Index/index
INFO: [ route_check ] --START--
INFO: Run CheckRoute Behavior [ RunTime:0.001513s ]
INFO: [ route_check ] --END-- [ RunTime:0.001681s ]
INFO: [ app_begin ] --START--
INFO: Run ReadHtmlCache Behavior [ RunTime:0.000881s ]
INFO: [ app_begin ] --END-- [ RunTime:0.000996s ]
SQL: SHOW COLUMNS FROM `tb_session` [ RunTime:0.001624s ]
NOTIC: [8] Undefined index:  company C:\AppServ\www\yisheji\Home\Company\Lib\Model\BaseModel.class.php 第 45 行.
NOTIC: [8] Undefined index:  user C:\AppServ\www\yisheji\Home\Company\Lib\Model\BaseModel.class.php 第 46 行.
SQL: SELECT * FROM `tb_session` WHERE ( `status` = 0 ) AND ( `appid` = 1 ) AND ( `key` = '2ccfe40036b53ad25457ac7ae0d033ad' ) LIMIT 1   [ RunTime:0.000186s ]
SQL: UPDATE `tb_session` SET `expire`=1388983499 WHERE ( `status` = 0 ) AND ( `appid` = 1 ) AND ( `id` = 1 ) [ RunTime:0.000244s ]
SQL: SHOW COLUMNS FROM `tb_user` [ RunTime:0.001753s ]
NOTIC: [8] Undefined index:  company C:\AppServ\www\yisheji\Home\Company\Lib\Model\BaseModel.class.php 第 45 行.
NOTIC: [8] Undefined index:  user C:\AppServ\www\yisheji\Home\Company\Lib\Model\BaseModel.class.php 第 46 行.
SQL: SELECT * FROM `tb_user` WHERE ( `status` = 0 ) AND ( `appid` = 1 ) AND ( `id` = 1 ) LIMIT 1   [ RunTime:0.000230s ]
SQL: SHOW COLUMNS FROM `tb_company` [ RunTime:0.027026s ]
NOTIC: [8] Undefined index:  company C:\AppServ\www\yisheji\Home\Company\Lib\Model\BaseModel.class.php 第 45 行.
SQL: SELECT * FROM `tb_company` WHERE ( `status` = 0 ) AND ( `appid` = 1 ) AND ( `uid` = 1 ) LIMIT 1   [ RunTime:0.000232s ]
SQL: SHOW COLUMNS FROM `tb_file` [ RunTime:0.048291s ]
SQL: SELECT * FROM `tb_file` WHERE ( `status` = 0 ) AND ( `appid` = 1 ) AND ( `id` = 54 ) LIMIT 1   [ RunTime:0.007002s ]
SQL: SHOW COLUMNS FROM `tb_reserve` [ RunTime:0.040876s ]
SQL: SELECT COUNT(*) AS tp_count FROM `tb_reserve` WHERE ( `status` = 0 ) AND ( `appid` = 1 ) AND ( `handle` = 0 ) AND ( `cid` = 1 ) LIMIT 1   [ RunTime:0.000384s ]
INFO: [ view_template ] --START--
INFO: Run LocationTemplate Behavior [ RunTime:0.002002s ]
INFO: [ view_template ] --END-- [ RunTime:0.002188s ]
INFO: [ view_parse ] --START--
NOTIC: [8] Undefined variable: Title C:\AppServ\www\yisheji\Home\Company\Runtime\Cache\8a351b46fd67a249b713201d2232c717.php 第 11 行.
INFO: Run ParseTemplate Behavior [ RunTime:0.044547s ]
INFO: [ view_parse ] --END-- [ RunTime:0.044677s ]
INFO: [ view_filter ] --START--
INFO: Run ContentReplace Behavior [ RunTime:0.000692s ]
INFO: Run TokenBuild Behavior [ RunTime:0.000645s ]
INFO: Run WriteHtmlCache Behavior [ RunTime:0.000466s ]
INFO: Run ShowRuntime Behavior [ RunTime:0.000759s ]
INFO: [ view_filter ] --END-- [ RunTime:0.002864s ]
INFO: [ view_end ] --START--
INFO: Run ShowPageTrace Behavior [ RunTime:0.000995s ]
INFO: [ view_end ] --END-- [ RunTime:0.001103s ]

[ 2014-01-06T10:45:03+08:00 ] 127.0.0.1 /yisheji/company.php?s=/Reserve/index
INFO: [ route_check ] --START--
INFO: Run CheckRoute Behavior [ RunTime:0.001085s ]
INFO: [ route_check ] --END-- [ RunTime:0.001176s ]
INFO: [ app_begin ] --START--
INFO: Run ReadHtmlCache Behavior [ RunTime:0.000795s ]
INFO: [ app_begin ] --END-- [ RunTime:0.000853s ]
SQL: SHOW COLUMNS FROM `tb_session` [ RunTime:0.001607s ]
SQL: SELECT * FROM `tb_session` WHERE ( `status` = 0 ) AND ( `appid` = 1 ) AND ( `key` = '2ccfe40036b53ad25457ac7ae0d033ad' ) LIMIT 1   [ RunTime:0.000266s ]
SQL: UPDATE `tb_session` SET `expire`=1388983502 WHERE ( `status` = 0 ) AND ( `appid` = 1 ) AND ( `id` = 1 ) [ RunTime:0.000164s ]
SQL: SHOW COLUMNS FROM `tb_user` [ RunTime:0.001665s ]
SQL: SELECT * FROM `tb_user` WHERE ( `status` = 0 ) AND ( `appid` = 1 ) AND ( `id` = 1 ) LIMIT 1   [ RunTime:0.000247s ]
SQL: SHOW COLUMNS FROM `tb_company` [ RunTime:0.001486s ]
SQL: SELECT * FROM `tb_company` WHERE ( `status` = 0 ) AND ( `appid` = 1 ) AND ( `uid` = 1 ) LIMIT 1   [ RunTime:0.000288s ]
SQL: SHOW COLUMNS FROM `tb_reserve` [ RunTime:0.001685s ]
SQL: SELECT COUNT(*) AS tp_count FROM `tb_reserve` WHERE ( `status` = 0 ) AND ( `appid` = 1 ) AND ( `cid` = 1 ) LIMIT 1   [ RunTime:0.000278s ]
SQL: SELECT * FROM `tb_reserve` WHERE ( `status` = 0 ) AND ( `appid` = 1 ) AND ( `cid` = 1 ) ORDER BY createtime DESC LIMIT 0,10   [ RunTime:0.000304s ]
NOTIC: [8] Undefined variable: checked C:\AppServ\www\yisheji\Home\Company\Lib\Model\BaseModel.class.php 第 613 行.
NOTIC: [8] Undefined variable: checked C:\AppServ\www\yisheji\Home\Company\Lib\Model\BaseModel.class.php 第 613 行.
NOTIC: [8] Use of undefined constant __GROUP__ - assumed '__GROUP__' C:\AppServ\www\yisheji\Home\Company\Lib\Model\BaseModel.class.php 第 737 行.
INFO: [ view_template ] --START--
INFO: Run LocationTemplate Behavior [ RunTime:0.030110s ]
INFO: [ view_template ] --END-- [ RunTime:0.030259s ]
INFO: [ view_parse ] --START--
NOTIC: [8] Undefined variable: Title C:\AppServ\www\yisheji\Home\Company\Runtime\Cache\6cb03c09e3328e9a1a6e3979057bc4d2.php 第 11 行.
INFO: Run ParseTemplate Behavior [ RunTime:0.035467s ]
INFO: [ view_parse ] --END-- [ RunTime:0.035574s ]
INFO: [ view_filter ] --START--
INFO: Run ContentReplace Behavior [ RunTime:0.000876s ]
INFO: Run TokenBuild Behavior [ RunTime:0.000794s ]
INFO: Run WriteHtmlCache Behavior [ RunTime:0.000680s ]
INFO: Run ShowRuntime Behavior [ RunTime:0.000860s ]
INFO: [ view_filter ] --END-- [ RunTime:0.003394s ]
INFO: [ view_end ] --START--
INFO: Run ShowPageTrace Behavior [ RunTime:0.000998s ]
INFO: [ view_end ] --END-- [ RunTime:0.001065s ]

[ 2014-01-06T10:45:04+08:00 ] 127.0.0.1 /yisheji/company.php?s=/Pay/index
INFO: [ route_check ] --START--
INFO: Run CheckRoute Behavior [ RunTime:0.000730s ]
INFO: [ route_check ] --END-- [ RunTime:0.000817s ]
INFO: [ app_begin ] --START--
INFO: Run ReadHtmlCache Behavior [ RunTime:0.000478s ]
INFO: [ app_begin ] --END-- [ RunTime:0.000543s ]
SQL: SHOW COLUMNS FROM `tb_session` [ RunTime:0.001819s ]
SQL: SELECT * FROM `tb_session` WHERE ( `status` = 0 ) AND ( `appid` = 1 ) AND ( `key` = '2ccfe40036b53ad25457ac7ae0d033ad' ) LIMIT 1   [ RunTime:0.000194s ]
SQL: UPDATE `tb_session` SET `expire`=1388983504 WHERE ( `status` = 0 ) AND ( `appid` = 1 ) AND ( `id` = 1 ) [ RunTime:0.000187s ]
SQL: SHOW COLUMNS FROM `tb_user` [ RunTime:0.002873s ]
SQL: SELECT * FROM `tb_user` WHERE ( `status` = 0 ) AND ( `appid` = 1 ) AND ( `id` = 1 ) LIMIT 1   [ RunTime:0.000295s ]
SQL: SHOW COLUMNS FROM `tb_company` [ RunTime:0.001928s ]
SQL: SELECT * FROM `tb_company` WHERE ( `status` = 0 ) AND ( `appid` = 1 ) AND ( `uid` = 1 ) LIMIT 1   [ RunTime:0.000223s ]
SQL: SHOW COLUMNS FROM `tb_pay` [ RunTime:0.298330s ]
SQL: SELECT COUNT(*) AS tp_count FROM `tb_pay` WHERE ( `status` = 0 ) AND ( `appid` = 1 ) AND ( `cid` = 1 ) LIMIT 1   [ RunTime:0.015256s ]
SQL: SELECT * FROM `tb_pay` WHERE ( `status` = 0 ) AND ( `appid` = 1 ) AND ( `cid` = 1 ) ORDER BY createtime DESC LIMIT 0,10   [ RunTime:0.000544s ]
INFO: [ view_template ] --START--
INFO: Run LocationTemplate Behavior [ RunTime:0.008767s ]
INFO: [ view_template ] --END-- [ RunTime:0.008915s ]
INFO: [ view_parse ] --START--
NOTIC: [8] Undefined variable: Title C:\AppServ\www\yisheji\Home\Company\Runtime\Cache\835fd3f956cf587b1532f4342fa4a497.php 第 11 行.
INFO: Run ParseTemplate Behavior [ RunTime:0.029385s ]
INFO: [ view_parse ] --END-- [ RunTime:0.029521s ]
INFO: [ view_filter ] --START--
INFO: Run ContentReplace Behavior [ RunTime:0.000680s ]
INFO: Run TokenBuild Behavior [ RunTime:0.000638s ]
INFO: Run WriteHtmlCache Behavior [ RunTime:0.000414s ]
INFO: Run ShowRuntime Behavior [ RunTime:0.000729s ]
INFO: [ view_filter ] --END-- [ RunTime:0.002770s ]
INFO: [ view_end ] --START--
INFO: Run ShowPageTrace Behavior [ RunTime:0.000950s ]
INFO: [ view_end ] --END-- [ RunTime:0.001059s ]

[ 2014-01-06T10:45:05+08:00 ] 127.0.0.1 /yisheji/company.php?s=/Designer/index
INFO: [ route_check ] --START--
INFO: Run CheckRoute Behavior [ RunTime:0.001366s ]
INFO: [ route_check ] --END-- [ RunTime:0.001524s ]
INFO: [ app_begin ] --START--
INFO: Run ReadHtmlCache Behavior [ RunTime:0.000876s ]
INFO: [ app_begin ] --END-- [ RunTime:0.000991s ]
SQL: SHOW COLUMNS FROM `tb_session` [ RunTime:0.001560s ]
SQL: SELECT * FROM `tb_session` WHERE ( `status` = 0 ) AND ( `appid` = 1 ) AND ( `key` = '2ccfe40036b53ad25457ac7ae0d033ad' ) LIMIT 1   [ RunTime:0.000184s ]
SQL: UPDATE `tb_session` SET `expire`=1388983505 WHERE ( `status` = 0 ) AND ( `appid` = 1 ) AND ( `id` = 1 ) [ RunTime:0.000139s ]
SQL: SHOW COLUMNS FROM `tb_user` [ RunTime:0.001570s ]
SQL: SELECT * FROM `tb_user` WHERE ( `status` = 0 ) AND ( `appid` = 1 ) AND ( `id` = 1 ) LIMIT 1   [ RunTime:0.000210s ]
SQL: SHOW COLUMNS FROM `tb_company` [ RunTime:0.001806s ]
SQL: SELECT * FROM `tb_company` WHERE ( `status` = 0 ) AND ( `appid` = 1 ) AND ( `uid` = 1 ) LIMIT 1   [ RunTime:0.000231s ]
SQL: SHOW COLUMNS FROM `tb_user_designer` [ RunTime:0.019262s ]
SQL: SELECT * FROM `tb_user_designer` WHERE ( `status` = 0 ) AND ( `appid` = 1 ) AND ( `cid` = 1 )  [ RunTime:0.006774s ]
SQL: SELECT * FROM `tb_user` WHERE ( `status` = 0 ) AND ( `appid` = 1 ) AND ( `id` = 34 ) LIMIT 1   [ RunTime:0.000405s ]
SQL: SELECT * FROM `tb_user` WHERE ( `status` = 0 ) AND ( `appid` = 1 ) AND ( `id` = 36 ) LIMIT 1   [ RunTime:0.000444s ]
SQL: SELECT * FROM `tb_user` WHERE ( `status` = 0 ) AND ( `appid` = 1 ) AND ( `id` = 43 ) LIMIT 1   [ RunTime:0.000369s ]
SQL: SELECT * FROM `tb_user` WHERE ( `status` = 0 ) AND ( `appid` = 1 ) AND ( `id` = 45 ) LIMIT 1   [ RunTime:0.000298s ]
SQL: SELECT * FROM `tb_user` WHERE ( `status` = 0 ) AND ( `appid` = 1 ) AND ( `id` = 47 ) LIMIT 1   [ RunTime:0.000290s ]
INFO: [ view_template ] --START--
INFO: Run LocationTemplate Behavior [ RunTime:0.010920s ]
INFO: [ view_template ] --END-- [ RunTime:0.011087s ]
INFO: [ view_parse ] --START--
NOTIC: [8] Undefined variable: Title C:\AppServ\www\yisheji\Home\Company\Runtime\Cache\a245e4dfeffd1190e59e6eaac1ce2556.php 第 11 行.
INFO: Run ParseTemplate Behavior [ RunTime:0.028017s ]
INFO: [ view_parse ] --END-- [ RunTime:0.028130s ]
INFO: [ view_filter ] --START--
INFO: Run ContentReplace Behavior [ RunTime:0.000537s ]
INFO: Run TokenBuild Behavior [ RunTime:0.000728s ]
INFO: Run WriteHtmlCache Behavior [ RunTime:0.000323s ]
INFO: Run ShowRuntime Behavior [ RunTime:0.000534s ]
INFO: [ view_filter ] --END-- [ RunTime:0.002385s ]
INFO: [ view_end ] --START--
INFO: Run ShowPageTrace Behavior [ RunTime:0.000696s ]
INFO: [ view_end ] --END-- [ RunTime:0.000776s ]

[ 2014-01-06T10:45:06+08:00 ] 127.0.0.1 /yisheji/company.php?s=/Case/index
INFO: [ route_check ] --START--
INFO: Run CheckRoute Behavior [ RunTime:0.000733s ]
INFO: [ route_check ] --END-- [ RunTime:0.000825s ]
INFO: [ app_begin ] --START--
INFO: Run ReadHtmlCache Behavior [ RunTime:0.000471s ]
INFO: [ app_begin ] --END-- [ RunTime:0.000532s ]
SQL: SHOW COLUMNS FROM `tb_session` [ RunTime:0.001559s ]
SQL: SELECT * FROM `tb_session` WHERE ( `status` = 0 ) AND ( `appid` = 1 ) AND ( `key` = '2ccfe40036b53ad25457ac7ae0d033ad' ) LIMIT 1   [ RunTime:0.000174s ]
SQL: UPDATE `tb_session` SET `expire`=1388983506 WHERE ( `status` = 0 ) AND ( `appid` = 1 ) AND ( `id` = 1 ) [ RunTime:0.000173s ]
SQL: SHOW COLUMNS FROM `tb_user` [ RunTime:0.001648s ]
SQL: SELECT * FROM `tb_user` WHERE ( `status` = 0 ) AND ( `appid` = 1 ) AND ( `id` = 1 ) LIMIT 1   [ RunTime:0.000242s ]
SQL: SHOW COLUMNS FROM `tb_company` [ RunTime:0.001444s ]
SQL: SELECT * FROM `tb_company` WHERE ( `status` = 0 ) AND ( `appid` = 1 ) AND ( `uid` = 1 ) LIMIT 1   [ RunTime:0.000202s ]
SQL: SHOW COLUMNS FROM `tb_case` [ RunTime:0.040435s ]
SQL: SELECT COUNT(*) AS tp_count FROM `tb_case` WHERE ( `status` = 0 ) AND ( `appid` = 1 ) AND ( `cid` = 1 ) LIMIT 1   [ RunTime:0.000485s ]
SQL: SELECT * FROM `tb_case` WHERE ( `status` = 0 ) AND ( `appid` = 1 ) AND ( `cid` = 1 ) ORDER BY createtime DESC LIMIT 0,10   [ RunTime:0.001101s ]
INFO: [ view_template ] --START--
INFO: Run LocationTemplate Behavior [ RunTime:0.020443s ]
INFO: [ view_template ] --END-- [ RunTime:0.020596s ]
INFO: [ view_parse ] --START--
NOTIC: [8] Undefined variable: Title C:\AppServ\www\yisheji\Home\Company\Runtime\Cache\9ab06c80a9be511314d9828fee1515b4.php 第 11 行.
INFO: Run ParseTemplate Behavior [ RunTime:0.031881s ]
INFO: [ view_parse ] --END-- [ RunTime:0.032016s ]
INFO: [ view_filter ] --START--
INFO: Run ContentReplace Behavior [ RunTime:0.000750s ]
INFO: Run TokenBuild Behavior [ RunTime:0.000634s ]
INFO: Run WriteHtmlCache Behavior [ RunTime:0.000421s ]
INFO: Run ShowRuntime Behavior [ RunTime:0.000737s ]
INFO: [ view_filter ] --END-- [ RunTime:0.002856s ]
INFO: [ view_end ] --START--
INFO: Run ShowPageTrace Behavior [ RunTime:0.000951s ]
INFO: [ view_end ] --END-- [ RunTime:0.001058s ]

[ 2014-01-06T10:45:08+08:00 ] 127.0.0.1 /yisheji/company.php?s=/Designer/index
INFO: [ route_check ] --START--
INFO: Run CheckRoute Behavior [ RunTime:0.001024s ]
INFO: [ route_check ] --END-- [ RunTime:0.001149s ]
INFO: [ app_begin ] --START--
INFO: Run ReadHtmlCache Behavior [ RunTime:0.000445s ]
INFO: [ app_begin ] --END-- [ RunTime:0.000503s ]
SQL: SHOW COLUMNS FROM `tb_session` [ RunTime:0.001477s ]
SQL: SELECT * FROM `tb_session` WHERE ( `status` = 0 ) AND ( `appid` = 1 ) AND ( `key` = '2ccfe40036b53ad25457ac7ae0d033ad' ) LIMIT 1   [ RunTime:0.000195s ]
SQL: UPDATE `tb_session` SET `expire`=1388983508 WHERE ( `status` = 0 ) AND ( `appid` = 1 ) AND ( `id` = 1 ) [ RunTime:0.000167s ]
SQL: SHOW COLUMNS FROM `tb_user` [ RunTime:0.001683s ]
SQL: SELECT * FROM `tb_user` WHERE ( `status` = 0 ) AND ( `appid` = 1 ) AND ( `id` = 1 ) LIMIT 1   [ RunTime:0.000213s ]
SQL: SHOW COLUMNS FROM `tb_company` [ RunTime:0.001631s ]
SQL: SELECT * FROM `tb_company` WHERE ( `status` = 0 ) AND ( `appid` = 1 ) AND ( `uid` = 1 ) LIMIT 1   [ RunTime:0.000233s ]
SQL: SHOW COLUMNS FROM `tb_user_designer` [ RunTime:0.001573s ]
SQL: SELECT * FROM `tb_user_designer` WHERE ( `status` = 0 ) AND ( `appid` = 1 ) AND ( `cid` = 1 )  [ RunTime:0.000226s ]
SQL: SELECT * FROM `tb_user` WHERE ( `status` = 0 ) AND ( `appid` = 1 ) AND ( `id` = 34 ) LIMIT 1   [ RunTime:0.000182s ]
SQL: SELECT * FROM `tb_user` WHERE ( `status` = 0 ) AND ( `appid` = 1 ) AND ( `id` = 36 ) LIMIT 1   [ RunTime:0.000164s ]
SQL: SELECT * FROM `tb_user` WHERE ( `status` = 0 ) AND ( `appid` = 1 ) AND ( `id` = 43 ) LIMIT 1   [ RunTime:0.000183s ]
SQL: SELECT * FROM `tb_user` WHERE ( `status` = 0 ) AND ( `appid` = 1 ) AND ( `id` = 45 ) LIMIT 1   [ RunTime:0.000168s ]
SQL: SELECT * FROM `tb_user` WHERE ( `status` = 0 ) AND ( `appid` = 1 ) AND ( `id` = 47 ) LIMIT 1   [ RunTime:0.000163s ]
INFO: [ view_template ] --START--
INFO: Run LocationTemplate Behavior [ RunTime:0.001101s ]
INFO: [ view_template ] --END-- [ RunTime:0.001162s ]
INFO: [ view_parse ] --START--
NOTIC: [8] Undefined variable: Title C:\AppServ\www\yisheji\Home\Company\Runtime\Cache\a245e4dfeffd1190e59e6eaac1ce2556.php 第 11 行.
INFO: Run ParseTemplate Behavior [ RunTime:0.012164s ]
INFO: [ view_parse ] --END-- [ RunTime:0.012235s ]
INFO: [ view_filter ] --START--
INFO: Run ContentReplace Behavior [ RunTime:0.000355s ]
INFO: Run TokenBuild Behavior [ RunTime:0.000301s ]
INFO: Run WriteHtmlCache Behavior [ RunTime:0.000206s ]
INFO: Run ShowRuntime Behavior [ RunTime:0.000356s ]
INFO: [ view_filter ] --END-- [ RunTime:0.001360s ]
INFO: [ view_end ] --START--
INFO: Run ShowPageTrace Behavior [ RunTime:0.000461s ]
INFO: [ view_end ] --END-- [ RunTime:0.000514s ]

[ 2014-01-06T10:45:10+08:00 ] 127.0.0.1 /yisheji/company.php?s=/Reserve/index
INFO: [ route_check ] --START--
INFO: Run CheckRoute Behavior [ RunTime:0.001363s ]
INFO: [ route_check ] --END-- [ RunTime:0.001523s ]
INFO: [ app_begin ] --START--
INFO: Run ReadHtmlCache Behavior [ RunTime:0.000881s ]
INFO: [ app_begin ] --END-- [ RunTime:0.001007s ]
SQL: SHOW COLUMNS FROM `tb_session` [ RunTime:0.001563s ]
SQL: SELECT * FROM `tb_session` WHERE ( `status` = 0 ) AND ( `appid` = 1 ) AND ( `key` = '2ccfe40036b53ad25457ac7ae0d033ad' ) LIMIT 1   [ RunTime:0.000168s ]
SQL: UPDATE `tb_session` SET `expire`=1388983510 WHERE ( `status` = 0 ) AND ( `appid` = 1 ) AND ( `id` = 1 ) [ RunTime:0.000162s ]
SQL: SHOW COLUMNS FROM `tb_user` [ RunTime:0.001735s ]
SQL: SELECT * FROM `tb_user` WHERE ( `status` = 0 ) AND ( `appid` = 1 ) AND ( `id` = 1 ) LIMIT 1   [ RunTime:0.000217s ]
SQL: SHOW COLUMNS FROM `tb_company` [ RunTime:0.001452s ]
SQL: SELECT * FROM `tb_company` WHERE ( `status` = 0 ) AND ( `appid` = 1 ) AND ( `uid` = 1 ) LIMIT 1   [ RunTime:0.000208s ]
SQL: SHOW COLUMNS FROM `tb_reserve` [ RunTime:0.001580s ]
SQL: SELECT COUNT(*) AS tp_count FROM `tb_reserve` WHERE ( `status` = 0 ) AND ( `appid` = 1 ) AND ( `cid` = 1 ) LIMIT 1   [ RunTime:0.000211s ]
SQL: SELECT * FROM `tb_reserve` WHERE ( `status` = 0 ) AND ( `appid` = 1 ) AND ( `cid` = 1 ) ORDER BY createtime DESC LIMIT 0,10   [ RunTime:0.000203s ]
NOTIC: [8] Undefined variable: checked C:\AppServ\www\yisheji\Home\Company\Lib\Model\BaseModel.class.php 第 613 行.
NOTIC: [8] Undefined variable: checked C:\AppServ\www\yisheji\Home\Company\Lib\Model\BaseModel.class.php 第 613 行.
NOTIC: [8] Use of undefined constant __GROUP__ - assumed '__GROUP__' C:\AppServ\www\yisheji\Home\Company\Lib\Model\BaseModel.class.php 第 737 行.
INFO: [ view_template ] --START--
INFO: Run LocationTemplate Behavior [ RunTime:0.000424s ]
INFO: [ view_template ] --END-- [ RunTime:0.000489s ]
INFO: [ view_parse ] --START--
NOTIC: [8] Undefined variable: Title C:\AppServ\www\yisheji\Home\Company\Runtime\Cache\6cb03c09e3328e9a1a6e3979057bc4d2.php 第 11 行.
INFO: Run ParseTemplate Behavior [ RunTime:0.008962s ]
INFO: [ view_parse ] --END-- [ RunTime:0.009032s ]
INFO: [ view_filter ] --START--
INFO: Run ContentReplace Behavior [ RunTime:0.000343s ]
INFO: Run TokenBuild Behavior [ RunTime:0.000299s ]
INFO: Run WriteHtmlCache Behavior [ RunTime:0.000210s ]
INFO: Run ShowRuntime Behavior [ RunTime:0.000356s ]
INFO: [ view_filter ] --END-- [ RunTime:0.001357s ]
INFO: [ view_end ] --START--
INFO: Run ShowPageTrace Behavior [ RunTime:0.000465s ]
INFO: [ view_end ] --END-- [ RunTime:0.000519s ]

[ 2014-01-06T10:45:11+08:00 ] 127.0.0.1 /yisheji/company.php?s=/Company/edit
INFO: [ route_check ] --START--
INFO: Run CheckRoute Behavior [ RunTime:0.001352s ]
INFO: [ route_check ] --END-- [ RunTime:0.001509s ]
INFO: [ app_begin ] --START--
INFO: Run ReadHtmlCache Behavior [ RunTime:0.000890s ]
INFO: [ app_begin ] --END-- [ RunTime:0.001004s ]
SQL: SHOW COLUMNS FROM `tb_session` [ RunTime:0.001523s ]
SQL: SELECT * FROM `tb_session` WHERE ( `status` = 0 ) AND ( `appid` = 1 ) AND ( `key` = '2ccfe40036b53ad25457ac7ae0d033ad' ) LIMIT 1   [ RunTime:0.000169s ]
SQL: UPDATE `tb_session` SET `expire`=1388983511 WHERE ( `status` = 0 ) AND ( `appid` = 1 ) AND ( `id` = 1 ) [ RunTime:0.000138s ]
SQL: SHOW COLUMNS FROM `tb_user` [ RunTime:0.001573s ]
SQL: SELECT * FROM `tb_user` WHERE ( `status` = 0 ) AND ( `appid` = 1 ) AND ( `id` = 1 ) LIMIT 1   [ RunTime:0.000211s ]
SQL: SHOW COLUMNS FROM `tb_company` [ RunTime:0.001823s ]
SQL: SELECT * FROM `tb_company` WHERE ( `status` = 0 ) AND ( `appid` = 1 ) AND ( `uid` = 1 ) LIMIT 1   [ RunTime:0.000227s ]
SQL: SHOW COLUMNS FROM `tb_file` [ RunTime:0.001438s ]
SQL: SELECT * FROM `tb_file` WHERE ( `status` = 0 ) AND ( `appid` = 1 ) AND ( `id` = 54 ) LIMIT 1   [ RunTime:0.000188s ]
NOTIC: [8] Undefined offset:  2 C:\AppServ\www\yisheji\Home\Company\Lib\Model\BaseModel.class.php 第 443 行.
NOTIC: [8] Undefined offset:  2 C:\AppServ\www\yisheji\Home\Company\Lib\Model\BaseModel.class.php 第 467 行.
NOTIC: [8] Undefined offset:  2 C:\AppServ\www\yisheji\Home\Company\Lib\Model\BaseModel.class.php 第 443 行.
NOTIC: [8] Undefined offset:  2 C:\AppServ\www\yisheji\Home\Company\Lib\Model\BaseModel.class.php 第 467 行.
NOTIC: [8] Undefined offset:  2 C:\AppServ\www\yisheji\Home\Company\Lib\Model\BaseModel.class.php 第 443 行.
NOTIC: [8] Undefined offset:  2 C:\AppServ\www\yisheji\Home\Company\Lib\Model\BaseModel.class.php 第 467 行.
NOTIC: [8] Undefined offset:  2 C:\AppServ\www\yisheji\Home\Company\Lib\Model\BaseModel.class.php 第 443 行.
NOTIC: [8] Undefined offset:  2 C:\AppServ\www\yisheji\Home\Company\Lib\Model\BaseModel.class.php 第 467 行.
NOTIC: [8] Undefined offset:  2 C:\AppServ\www\yisheji\Home\Company\Lib\Model\BaseModel.class.php 第 443 行.
NOTIC: [8] Undefined offset:  2 C:\AppServ\www\yisheji\Home\Company\Lib\Model\BaseModel.class.php 第 467 行.
INFO: [ view_template ] --START--
INFO: Run LocationTemplate Behavior [ RunTime:0.009836s ]
INFO: [ view_template ] --END-- [ RunTime:0.009910s ]
INFO: [ view_parse ] --START--
NOTIC: [8] Undefined variable: Title C:\AppServ\www\yisheji\Home\Company\Runtime\Cache\d10db2564888e939ed0e05f79565c63e.php 第 11 行.
INFO: Run ParseTemplate Behavior [ RunTime:0.019453s ]
INFO: [ view_parse ] --END-- [ RunTime:0.019527s ]
INFO: [ view_filter ] --START--
INFO: Run ContentReplace Behavior [ RunTime:0.000390s ]
INFO: Run TokenBuild Behavior [ RunTime:0.000305s ]
INFO: Run WriteHtmlCache Behavior [ RunTime:0.000209s ]
INFO: Run ShowRuntime Behavior [ RunTime:0.000359s ]
INFO: [ view_filter ] --END-- [ RunTime:0.001411s ]
INFO: [ view_end ] --START--
INFO: Run ShowPageTrace Behavior [ RunTime:0.000469s ]
INFO: [ view_end ] --END-- [ RunTime:0.000522s ]

[ 2014-01-06T10:46:04+08:00 ] 127.0.0.1 /yisheji/company.php?s=/Company/edit
INFO: [ route_check ] --START--
INFO: Run CheckRoute Behavior [ RunTime:0.001093s ]
INFO: [ route_check ] --END-- [ RunTime:0.001224s ]
INFO: [ app_begin ] --START--
INFO: Run ReadHtmlCache Behavior [ RunTime:0.000682s ]
INFO: [ app_begin ] --END-- [ RunTime:0.000771s ]
SQL: SHOW COLUMNS FROM `tb_session` [ RunTime:0.001464s ]
SQL: SELECT * FROM `tb_session` WHERE ( `status` = 0 ) AND ( `appid` = 1 ) AND ( `key` = '2ccfe40036b53ad25457ac7ae0d033ad' ) LIMIT 1   [ RunTime:0.000154s ]
SQL: UPDATE `tb_session` SET `expire`=1388983564 WHERE ( `status` = 0 ) AND ( `appid` = 1 ) AND ( `id` = 1 ) [ RunTime:0.000141s ]
SQL: SHOW COLUMNS FROM `tb_user` [ RunTime:0.001589s ]
SQL: SELECT * FROM `tb_user` WHERE ( `status` = 0 ) AND ( `appid` = 1 ) AND ( `id` = 1 ) LIMIT 1   [ RunTime:0.000238s ]
SQL: SHOW COLUMNS FROM `tb_company` [ RunTime:0.001443s ]
SQL: SELECT * FROM `tb_company` WHERE ( `status` = 0 ) AND ( `appid` = 1 ) AND ( `uid` = 1 ) LIMIT 1   [ RunTime:0.000187s ]
SQL: SHOW COLUMNS FROM `tb_file` [ RunTime:0.001360s ]
SQL: SELECT * FROM `tb_file` WHERE ( `status` = 0 ) AND ( `appid` = 1 ) AND ( `id` = 54 ) LIMIT 1   [ RunTime:0.000178s ]
NOTIC: [8] Undefined offset:  2 C:\AppServ\www\yisheji\Home\Company\Lib\Model\BaseModel.class.php 第 443 行.
NOTIC: [8] Undefined offset:  2 C:\AppServ\www\yisheji\Home\Company\Lib\Model\BaseModel.class.php 第 467 行.
NOTIC: [8] Undefined offset:  2 C:\AppServ\www\yisheji\Home\Company\Lib\Model\BaseModel.class.php 第 443 行.
NOTIC: [8] Undefined offset:  2 C:\AppServ\www\yisheji\Home\Company\Lib\Model\BaseModel.class.php 第 467 行.
NOTIC: [8] Undefined offset:  2 C:\AppServ\www\yisheji\Home\Company\Lib\Model\BaseModel.class.php 第 443 行.
NOTIC: [8] Undefined offset:  2 C:\AppServ\www\yisheji\Home\Company\Lib\Model\BaseModel.class.php 第 467 行.
NOTIC: [8] Undefined offset:  2 C:\AppServ\www\yisheji\Home\Company\Lib\Model\BaseModel.class.php 第 443 行.
NOTIC: [8] Undefined offset:  2 C:\AppServ\www\yisheji\Home\Company\Lib\Model\BaseModel.class.php 第 467 行.
NOTIC: [8] Undefined offset:  2 C:\AppServ\www\yisheji\Home\Company\Lib\Model\BaseModel.class.php 第 443 行.
NOTIC: [8] Undefined offset:  2 C:\AppServ\www\yisheji\Home\Company\Lib\Model\BaseModel.class.php 第 467 行.
INFO: [ view_template ] --START--
INFO: Run LocationTemplate Behavior [ RunTime:0.001052s ]
INFO: [ view_template ] --END-- [ RunTime:0.001116s ]
INFO: [ view_parse ] --START--
NOTIC: [8] Undefined variable: Title C:\AppServ\www\yisheji\Home\Company\Runtime\Cache\d10db2564888e939ed0e05f79565c63e.php 第 11 行.
INFO: Run ParseTemplate Behavior [ RunTime:0.010044s ]
INFO: [ view_parse ] --END-- [ RunTime:0.010113s ]
INFO: [ view_filter ] --START--
INFO: Run ContentReplace Behavior [ RunTime:0.000324s ]
INFO: Run TokenBuild Behavior [ RunTime:0.000297s ]
INFO: Run WriteHtmlCache Behavior [ RunTime:0.000202s ]
INFO: Run ShowRuntime Behavior [ RunTime:0.000354s ]
INFO: [ view_filter ] --END-- [ RunTime:0.001324s ]
INFO: [ view_end ] --START--
INFO: Run ShowPageTrace Behavior [ RunTime:0.000466s ]
INFO: [ view_end ] --END-- [ RunTime:0.000517s ]

[ 2014-01-06T10:46:05+08:00 ] 127.0.0.1 /yisheji/company.php?s=/Company/edit
INFO: [ route_check ] --START--
INFO: Run CheckRoute Behavior [ RunTime:0.001500s ]
INFO: [ route_check ] --END-- [ RunTime:0.001657s ]
INFO: [ app_begin ] --START--
INFO: Run ReadHtmlCache Behavior [ RunTime:0.000879s ]
INFO: [ app_begin ] --END-- [ RunTime:0.000993s ]
SQL: SHOW COLUMNS FROM `tb_session` [ RunTime:0.001478s ]
SQL: SELECT * FROM `tb_session` WHERE ( `status` = 0 ) AND ( `appid` = 1 ) AND ( `key` = '2ccfe40036b53ad25457ac7ae0d033ad' ) LIMIT 1   [ RunTime:0.000190s ]
SQL: UPDATE `tb_session` SET `expire`=1388983565 WHERE ( `status` = 0 ) AND ( `appid` = 1 ) AND ( `id` = 1 ) [ RunTime:0.000138s ]
SQL: SHOW COLUMNS FROM `tb_user` [ RunTime:0.001564s ]
SQL: SELECT * FROM `tb_user` WHERE ( `status` = 0 ) AND ( `appid` = 1 ) AND ( `id` = 1 ) LIMIT 1   [ RunTime:0.000208s ]
SQL: SHOW COLUMNS FROM `tb_company` [ RunTime:0.001446s ]
SQL: SELECT * FROM `tb_company` WHERE ( `status` = 0 ) AND ( `appid` = 1 ) AND ( `uid` = 1 ) LIMIT 1   [ RunTime:0.000165s ]
SQL: SHOW COLUMNS FROM `tb_file` [ RunTime:0.001343s ]
SQL: SELECT * FROM `tb_file` WHERE ( `status` = 0 ) AND ( `appid` = 1 ) AND ( `id` = 54 ) LIMIT 1   [ RunTime:0.000182s ]
NOTIC: [8] Undefined offset:  2 C:\AppServ\www\yisheji\Home\Company\Lib\Model\BaseModel.class.php 第 443 行.
NOTIC: [8] Undefined offset:  2 C:\AppServ\www\yisheji\Home\Company\Lib\Model\BaseModel.class.php 第 467 行.
NOTIC: [8] Undefined offset:  2 C:\AppServ\www\yisheji\Home\Company\Lib\Model\BaseModel.class.php 第 443 行.
NOTIC: [8] Undefined offset:  2 C:\AppServ\www\yisheji\Home\Company\Lib\Model\BaseModel.class.php 第 467 行.
NOTIC: [8] Undefined offset:  2 C:\AppServ\www\yisheji\Home\Company\Lib\Model\BaseModel.class.php 第 443 行.
NOTIC: [8] Undefined offset:  2 C:\AppServ\www\yisheji\Home\Company\Lib\Model\BaseModel.class.php 第 467 行.
NOTIC: [8] Undefined offset:  2 C:\AppServ\www\yisheji\Home\Company\Lib\Model\BaseModel.class.php 第 443 行.
NOTIC: [8] Undefined offset:  2 C:\AppServ\www\yisheji\Home\Company\Lib\Model\BaseModel.class.php 第 467 行.
NOTIC: [8] Undefined offset:  2 C:\AppServ\www\yisheji\Home\Company\Lib\Model\BaseModel.class.php 第 443 行.
NOTIC: [8] Undefined offset:  2 C:\AppServ\www\yisheji\Home\Company\Lib\Model\BaseModel.class.php 第 467 行.
INFO: [ view_template ] --START--
INFO: Run LocationTemplate Behavior [ RunTime:0.001072s ]
INFO: [ view_template ] --END-- [ RunTime:0.001133s ]
INFO: [ view_parse ] --START--
NOTIC: [8] Undefined variable: Title C:\AppServ\www\yisheji\Home\Company\Runtime\Cache\d10db2564888e939ed0e05f79565c63e.php 第 11 行.
INFO: Run ParseTemplate Behavior [ RunTime:0.009634s ]
INFO: [ view_parse ] --END-- [ RunTime:0.009702s ]
INFO: [ view_filter ] --START--
INFO: Run ContentReplace Behavior [ RunTime:0.000329s ]
INFO: Run TokenBuild Behavior [ RunTime:0.000296s ]
INFO: Run WriteHtmlCache Behavior [ RunTime:0.000203s ]
INFO: Run ShowRuntime Behavior [ RunTime:0.000356s ]
INFO: [ view_filter ] --END-- [ RunTime:0.001328s ]
INFO: [ view_end ] --START--
INFO: Run ShowPageTrace Behavior [ RunTime:0.000456s ]
INFO: [ view_end ] --END-- [ RunTime:0.000508s ]

[ 2014-01-06T10:46:06+08:00 ] 127.0.0.1 /yisheji/company.php?s=/Company/edit
INFO: [ route_check ] --START--
INFO: Run CheckRoute Behavior [ RunTime:0.000676s ]
INFO: [ route_check ] --END-- [ RunTime:0.000763s ]
INFO: [ app_begin ] --START--
INFO: Run ReadHtmlCache Behavior [ RunTime:0.000427s ]
INFO: [ app_begin ] --END-- [ RunTime:0.000482s ]
SQL: SHOW COLUMNS FROM `tb_session` [ RunTime:0.001469s ]
SQL: SELECT * FROM `tb_session` WHERE ( `status` = 0 ) AND ( `appid` = 1 ) AND ( `key` = '2ccfe40036b53ad25457ac7ae0d033ad' ) LIMIT 1   [ RunTime:0.000184s ]
SQL: UPDATE `tb_session` SET `expire`=1388983566 WHERE ( `status` = 0 ) AND ( `appid` = 1 ) AND ( `id` = 1 ) [ RunTime:0.000163s ]
SQL: SHOW COLUMNS FROM `tb_user` [ RunTime:0.001651s ]
SQL: SELECT * FROM `tb_user` WHERE ( `status` = 0 ) AND ( `appid` = 1 ) AND ( `id` = 1 ) LIMIT 1   [ RunTime:0.000723s ]
SQL: SHOW COLUMNS FROM `tb_company` [ RunTime:0.001476s ]
SQL: SELECT * FROM `tb_company` WHERE ( `status` = 0 ) AND ( `appid` = 1 ) AND ( `uid` = 1 ) LIMIT 1   [ RunTime:0.000221s ]
SQL: SHOW COLUMNS FROM `tb_file` [ RunTime:0.001459s ]
SQL: SELECT * FROM `tb_file` WHERE ( `status` = 0 ) AND ( `appid` = 1 ) AND ( `id` = 54 ) LIMIT 1   [ RunTime:0.000184s ]
NOTIC: [8] Undefined offset:  2 C:\AppServ\www\yisheji\Home\Company\Lib\Model\BaseModel.class.php 第 443 行.
NOTIC: [8] Undefined offset:  2 C:\AppServ\www\yisheji\Home\Company\Lib\Model\BaseModel.class.php 第 467 行.
NOTIC: [8] Undefined offset:  2 C:\AppServ\www\yisheji\Home\Company\Lib\Model\BaseModel.class.php 第 443 行.
NOTIC: [8] Undefined offset:  2 C:\AppServ\www\yisheji\Home\Company\Lib\Model\BaseModel.class.php 第 467 行.
NOTIC: [8] Undefined offset:  2 C:\AppServ\www\yisheji\Home\Company\Lib\Model\BaseModel.class.php 第 443 行.
NOTIC: [8] Undefined offset:  2 C:\AppServ\www\yisheji\Home\Company\Lib\Model\BaseModel.class.php 第 467 行.
NOTIC: [8] Undefined offset:  2 C:\AppServ\www\yisheji\Home\Company\Lib\Model\BaseModel.class.php 第 443 行.
NOTIC: [8] Undefined offset:  2 C:\AppServ\www\yisheji\Home\Company\Lib\Model\BaseModel.class.php 第 467 行.
NOTIC: [8] Undefined offset:  2 C:\AppServ\www\yisheji\Home\Company\Lib\Model\BaseModel.class.php 第 443 行.
NOTIC: [8] Undefined offset:  2 C:\AppServ\www\yisheji\Home\Company\Lib\Model\BaseModel.class.php 第 467 行.
INFO: [ view_template ] --START--
INFO: Run LocationTemplate Behavior [ RunTime:0.001046s ]
INFO: [ view_template ] --END-- [ RunTime:0.001106s ]
INFO: [ view_parse ] --START--
NOTIC: [8] Undefined variable: Title C:\AppServ\www\yisheji\Home\Company\Runtime\Cache\d10db2564888e939ed0e05f79565c63e.php 第 11 行.
INFO: Run ParseTemplate Behavior [ RunTime:0.009530s ]
INFO: [ view_parse ] --END-- [ RunTime:0.009596s ]
INFO: [ view_filter ] --START--
INFO: Run ContentReplace Behavior [ RunTime:0.000322s ]
INFO: Run TokenBuild Behavior [ RunTime:0.000295s ]
INFO: Run WriteHtmlCache Behavior [ RunTime:0.000209s ]
INFO: Run ShowRuntime Behavior [ RunTime:0.000355s ]
INFO: [ view_filter ] --END-- [ RunTime:0.001326s ]
INFO: [ view_end ] --START--
INFO: Run ShowPageTrace Behavior [ RunTime:0.000462s ]
INFO: [ view_end ] --END-- [ RunTime:0.000513s ]

[ 2014-01-06T10:46:09+08:00 ] 127.0.0.1 /yisheji/company.php?s=/User/logout
INFO: [ route_check ] --START--
INFO: Run CheckRoute Behavior [ RunTime:0.001355s ]
INFO: [ route_check ] --END-- [ RunTime:0.001510s ]
INFO: [ app_begin ] --START--
INFO: Run ReadHtmlCache Behavior [ RunTime:0.000919s ]
INFO: [ app_begin ] --END-- [ RunTime:0.001037s ]
SQL: SHOW COLUMNS FROM `tb_session` [ RunTime:0.001457s ]
SQL: SELECT * FROM `tb_session` WHERE ( `status` = 0 ) AND ( `appid` = 1 ) AND ( `key` = '2ccfe40036b53ad25457ac7ae0d033ad' ) LIMIT 1   [ RunTime:0.000162s ]
SQL: UPDATE `tb_session` SET `expire`=1388983569 WHERE ( `status` = 0 ) AND ( `appid` = 1 ) AND ( `id` = 1 ) [ RunTime:0.000138s ]
SQL: SHOW COLUMNS FROM `tb_user` [ RunTime:0.001575s ]
SQL: SELECT * FROM `tb_user` WHERE ( `status` = 0 ) AND ( `appid` = 1 ) AND ( `id` = 1 ) LIMIT 1   [ RunTime:0.000209s ]
SQL: SHOW COLUMNS FROM `tb_company` [ RunTime:0.001390s ]
SQL: SELECT * FROM `tb_company` WHERE ( `status` = 0 ) AND ( `appid` = 1 ) AND ( `uid` = 1 ) LIMIT 1   [ RunTime:0.000182s ]
SQL: UPDATE `tb_session` SET `expire`=0 WHERE ( `status` = 0 ) AND ( `appid` = 1 ) AND ( `uid` = 1 ) [ RunTime:0.000130s ]
INFO: [ view_template ] --START--
INFO: Run LocationTemplate Behavior [ RunTime:0.001188s ]
INFO: [ view_template ] --END-- [ RunTime:0.001251s ]
INFO: [ view_parse ] --START--
NOTIC: [8] Undefined variable: Title C:\AppServ\www\yisheji\Home\Company\Runtime\Cache\738a8a5b07f3e8dbfc27abcb3ec946e0.php 第 11 行.
INFO: Run ParseTemplate Behavior [ RunTime:0.009290s ]
INFO: [ view_parse ] --END-- [ RunTime:0.009366s ]
INFO: [ view_filter ] --START--
INFO: Run ContentReplace Behavior [ RunTime:0.000304s ]
INFO: Run TokenBuild Behavior [ RunTime:0.000301s ]
INFO: Run WriteHtmlCache Behavior [ RunTime:0.000204s ]
INFO: Run ShowRuntime Behavior [ RunTime:0.000349s ]
INFO: [ view_filter ] --END-- [ RunTime:0.001305s ]
INFO: [ view_end ] --START--
INFO: Run ShowPageTrace Behavior [ RunTime:0.000463s ]
INFO: [ view_end ] --END-- [ RunTime:0.000515s ]

[ 2014-01-06T10:46:15+08:00 ] 127.0.0.1 /yisheji/index.php?s=/User/login
INFO: [ route_check ] --START--
INFO: Run CheckRoute Behavior [ RunTime:0.000853s ]
INFO: [ route_check ] --END-- [ RunTime:0.000954s ]
INFO: [ app_begin ] --START--
INFO: Run ReadHtmlCache Behavior [ RunTime:0.000506s ]
INFO: [ app_begin ] --END-- [ RunTime:0.000570s ]
SQL: SHOW COLUMNS FROM `tb_session` [ RunTime:0.001870s ]
SQL: SELECT * FROM `tb_session` WHERE ( `status` = 0 ) AND ( `appid` = 1 ) AND ( `key` = '2ccfe40036b53ad25457ac7ae0d033ad' ) LIMIT 1   [ RunTime:0.000431s ]
NOTIC: [8] Trying to get property of non-object C:\AppServ\www\yisheji\Home\Company\Lib\Action\BaseAction.class.php 第 49 行.
SQL: SHOW COLUMNS FROM `tb_user` [ RunTime:0.001889s ]
NOTIC: [2] Missing argument 1 for UserModel::login(), called in C:\AppServ\www\yisheji\Home\Company\Lib\Action\UserAction.class.php on line 66 and defined C:\AppServ\www\yisheji\Home\Company\Lib\Model\UserModel.class.php 第 53 行.
NOTIC: [2] Missing argument 2 for UserModel::login(), called in C:\AppServ\www\yisheji\Home\Company\Lib\Action\UserAction.class.php on line 66 and defined C:\AppServ\www\yisheji\Home\Company\Lib\Model\UserModel.class.php 第 53 行.
SQL: SELECT * FROM `tb_user` WHERE ( `status` = 0 ) AND ( `appid` = 1 ) AND ( `account` = 'admin' ) LIMIT 1   [ RunTime:0.000308s ]
SQL: SELECT * FROM `tb_session` WHERE ( `status` = 0 ) AND ( `appid` = 1 ) AND ( `uid` = 1 ) LIMIT 1   [ RunTime:0.000171s ]
SQL: UPDATE `tb_session` SET `key`='7c8675297f73e790e49490e028ead981',`expire`=1388983575,`ip`='127.0.0.1' WHERE ( `status` = 0 ) AND ( `appid` = 1 ) AND ( `uid` = 1 ) [ RunTime:0.000156s ]
INFO: [ view_template ] --START--
INFO: Run LocationTemplate Behavior [ RunTime:0.001300s ]
INFO: [ view_template ] --END-- [ RunTime:0.001377s ]
INFO: [ view_parse ] --START--
NOTIC: [8] Undefined variable: Title C:\AppServ\www\yisheji\Home\Company\Runtime\Cache\738a8a5b07f3e8dbfc27abcb3ec946e0.php 第 11 行.
INFO: Run ParseTemplate Behavior [ RunTime:0.008935s ]
INFO: [ view_parse ] --END-- [ RunTime:0.009010s ]
INFO: [ view_filter ] --START--
INFO: Run ContentReplace Behavior [ RunTime:0.000305s ]
INFO: Run TokenBuild Behavior [ RunTime:0.000296s ]
INFO: Run WriteHtmlCache Behavior [ RunTime:0.000216s ]
INFO: Run ShowRuntime Behavior [ RunTime:0.000378s ]
INFO: [ view_filter ] --END-- [ RunTime:0.001342s ]
INFO: [ view_end ] --START--
INFO: Run ShowPageTrace Behavior [ RunTime:0.000508s ]
INFO: [ view_end ] --END-- [ RunTime:0.000564s ]

[ 2014-01-06T10:46:17+08:00 ] 127.0.0.1 /yisheji/index.php?s=/Index/index
INFO: [ route_check ] --START--
INFO: Run CheckRoute Behavior [ RunTime:0.000806s ]
INFO: [ route_check ] --END-- [ RunTime:0.000913s ]
INFO: [ app_begin ] --START--
INFO: Run ReadHtmlCache Behavior [ RunTime:0.000519s ]
INFO: [ app_begin ] --END-- [ RunTime:0.000586s ]
SQL: SHOW COLUMNS FROM `tb_session` [ RunTime:0.001671s ]
SQL: SELECT * FROM `tb_session` WHERE ( `status` = 0 ) AND ( `appid` = 1 ) AND ( `key` = '7c8675297f73e790e49490e028ead981' ) LIMIT 1   [ RunTime:0.000182s ]
SQL: UPDATE `tb_session` SET `expire`=1388983576 WHERE ( `status` = 0 ) AND ( `appid` = 1 ) AND ( `id` = 1 ) [ RunTime:0.000175s ]
SQL: SHOW COLUMNS FROM `tb_user` [ RunTime:0.001894s ]
SQL: SELECT * FROM `tb_user` WHERE ( `status` = 0 ) AND ( `appid` = 1 ) AND ( `id` = 1 ) LIMIT 1   [ RunTime:0.000238s ]
SQL: SHOW COLUMNS FROM `tb_company` [ RunTime:0.001840s ]
SQL: SELECT * FROM `tb_company` WHERE ( `status` = 0 ) AND ( `appid` = 1 ) AND ( `uid` = 1 ) LIMIT 1   [ RunTime:0.000221s ]
SQL: SHOW COLUMNS FROM `tb_file` [ RunTime:0.001593s ]
SQL: SELECT * FROM `tb_file` WHERE ( `status` = 0 ) AND ( `appid` = 1 ) AND ( `id` = 54 ) LIMIT 1   [ RunTime:0.000268s ]
SQL: SHOW COLUMNS FROM `tb_reserve` [ RunTime:0.001703s ]
SQL: SELECT COUNT(*) AS tp_count FROM `tb_reserve` WHERE ( `status` = 0 ) AND ( `appid` = 1 ) AND ( `handle` = 0 ) AND ( `cid` = 1 ) LIMIT 1   [ RunTime:0.000204s ]
INFO: [ view_template ] --START--
INFO: Run LocationTemplate Behavior [ RunTime:0.001073s ]
INFO: [ view_template ] --END-- [ RunTime:0.001136s ]
INFO: [ view_parse ] --START--
NOTIC: [8] Undefined variable: Title C:\AppServ\www\yisheji\Home\Company\Runtime\Cache\8a351b46fd67a249b713201d2232c717.php 第 11 行.
INFO: Run ParseTemplate Behavior [ RunTime:0.010075s ]
INFO: [ view_parse ] --END-- [ RunTime:0.010144s ]
INFO: [ view_filter ] --START--
INFO: Run ContentReplace Behavior [ RunTime:0.000322s ]
INFO: Run TokenBuild Behavior [ RunTime:0.000304s ]
INFO: Run WriteHtmlCache Behavior [ RunTime:0.000203s ]
INFO: Run ShowRuntime Behavior [ RunTime:0.000355s ]
INFO: [ view_filter ] --END-- [ RunTime:0.001329s ]
INFO: [ view_end ] --START--
INFO: Run ShowPageTrace Behavior [ RunTime:0.000469s ]
INFO: [ view_end ] --END-- [ RunTime:0.000521s ]

[ 2014-01-06T11:21:46+08:00 ] 127.0.0.1 /yisheji/index.php?s=/Case/index
INFO: [ route_check ] --START--
INFO: Run CheckRoute Behavior [ RunTime:0.001413s ]
INFO: [ route_check ] --END-- [ RunTime:0.001507s ]
INFO: [ app_begin ] --START--
INFO: Run ReadHtmlCache Behavior [ RunTime:0.001134s ]
INFO: [ app_begin ] --END-- [ RunTime:0.001196s ]
NOTIC: [8] Undefined variable: data C:\AppServ\www\yisheji\Home\Company\Lib\Action\BaseAction.class.php 第 18 行.
SQL: SHOW COLUMNS FROM `tb_session` [ RunTime:0.001726s ]
NOTIC: [8] Undefined index:  company C:\AppServ\www\yisheji\Home\Company\Lib\Model\BaseModel.class.php 第 45 行.
NOTIC: [8] Undefined index:  user C:\AppServ\www\yisheji\Home\Company\Lib\Model\BaseModel.class.php 第 46 行.
SQL: SELECT * FROM `tb_session` WHERE ( `status` = 0 ) AND ( `appid` = 1 ) AND ( `key` = '7c8675297f73e790e49490e028ead981' ) LIMIT 1   [ RunTime:0.000227s ]
SQL: UPDATE `tb_session` SET `expire`=1388985706 WHERE ( `status` = 0 ) AND ( `appid` = 1 ) AND ( `id` = 1 ) [ RunTime:0.000169s ]
SQL: SHOW COLUMNS FROM `tb_user` [ RunTime:0.002183s ]
NOTIC: [8] Undefined index:  company C:\AppServ\www\yisheji\Home\Company\Lib\Model\BaseModel.class.php 第 45 行.
NOTIC: [8] Undefined index:  user C:\AppServ\www\yisheji\Home\Company\Lib\Model\BaseModel.class.php 第 46 行.
SQL: SELECT * FROM `tb_user` WHERE ( `status` = 0 ) AND ( `appid` = 1 ) AND ( `id` = 1 ) LIMIT 1   [ RunTime:0.000276s ]
SQL: SHOW COLUMNS FROM `tb_company` [ RunTime:0.002103s ]
NOTIC: [8] Undefined index:  company C:\AppServ\www\yisheji\Home\Company\Lib\Model\BaseModel.class.php 第 45 行.
SQL: SELECT * FROM `tb_company` WHERE ( `status` = 0 ) AND ( `appid` = 1 ) AND ( `uid` = 1 ) LIMIT 1   [ RunTime:0.000233s ]
SQL: SHOW COLUMNS FROM `tb_case` [ RunTime:0.002027s ]
SQL: SELECT COUNT(*) AS tp_count FROM `tb_case` WHERE ( `status` = 0 ) AND ( `appid` = 1 ) AND ( `cid` = 1 ) LIMIT 1   [ RunTime:0.000239s ]
SQL: SELECT * FROM `tb_case` WHERE ( `status` = 0 ) AND ( `appid` = 1 ) AND ( `cid` = 1 ) ORDER BY createtime DESC LIMIT 0,10   [ RunTime:0.000213s ]
INFO: [ view_template ] --START--
INFO: Run LocationTemplate Behavior [ RunTime:0.001886s ]
INFO: [ view_template ] --END-- [ RunTime:0.001948s ]
INFO: [ view_parse ] --START--
NOTIC: [8] Undefined variable: Title C:\AppServ\www\yisheji\Home\Company\Runtime\Cache\9ab06c80a9be511314d9828fee1515b4.php 第 11 行.
INFO: Run ParseTemplate Behavior [ RunTime:0.018459s ]
INFO: [ view_parse ] --END-- [ RunTime:0.018530s ]
INFO: [ view_filter ] --START--
INFO: Run ContentReplace Behavior [ RunTime:0.001048s ]
INFO: Run TokenBuild Behavior [ RunTime:0.000997s ]
INFO: Run WriteHtmlCache Behavior [ RunTime:0.000898s ]
INFO: Run ShowRuntime Behavior [ RunTime:0.001522s ]
INFO: [ view_filter ] --END-- [ RunTime:0.004645s ]
INFO: [ view_end ] --START--
INFO: Run ShowPageTrace Behavior [ RunTime:0.001396s ]
INFO: [ view_end ] --END-- [ RunTime:0.001463s ]

[ 2014-01-06T11:21:48+08:00 ] 127.0.0.1 /yisheji/index.php?s=/Case/add
INFO: [ route_check ] --START--
INFO: Run CheckRoute Behavior [ RunTime:0.001788s ]
INFO: [ route_check ] --END-- [ RunTime:0.001895s ]
INFO: [ app_begin ] --START--
INFO: Run ReadHtmlCache Behavior [ RunTime:0.001463s ]
INFO: [ app_begin ] --END-- [ RunTime:0.001544s ]
SQL: SHOW COLUMNS FROM `tb_session` [ RunTime:0.001465s ]
SQL: SELECT * FROM `tb_session` WHERE ( `status` = 0 ) AND ( `appid` = 1 ) AND ( `key` = '7c8675297f73e790e49490e028ead981' ) LIMIT 1   [ RunTime:0.000154s ]
SQL: UPDATE `tb_session` SET `expire`=1388985708 WHERE ( `status` = 0 ) AND ( `appid` = 1 ) AND ( `id` = 1 ) [ RunTime:0.000161s ]
SQL: SHOW COLUMNS FROM `tb_user` [ RunTime:0.001655s ]
SQL: SELECT * FROM `tb_user` WHERE ( `status` = 0 ) AND ( `appid` = 1 ) AND ( `id` = 1 ) LIMIT 1   [ RunTime:0.000223s ]
SQL: SHOW COLUMNS FROM `tb_company` [ RunTime:0.001519s ]
SQL: SELECT * FROM `tb_company` WHERE ( `status` = 0 ) AND ( `appid` = 1 ) AND ( `uid` = 1 ) LIMIT 1   [ RunTime:0.000211s ]
SQL: SHOW COLUMNS FROM `tb_case` [ RunTime:0.001572s ]
NOTIC: [8] Undefined offset:  2 C:\AppServ\www\yisheji\Home\Company\Lib\Model\BaseModel.class.php 第 443 行.
NOTIC: [8] Undefined offset:  2 C:\AppServ\www\yisheji\Home\Company\Lib\Model\BaseModel.class.php 第 467 行.
NOTIC: [8] Undefined offset:  2 C:\AppServ\www\yisheji\Home\Company\Lib\Model\BaseModel.class.php 第 443 行.
NOTIC: [8] Undefined offset:  2 C:\AppServ\www\yisheji\Home\Company\Lib\Model\BaseModel.class.php 第 467 行.
NOTIC: [8] Undefined offset:  2 C:\AppServ\www\yisheji\Home\Company\Lib\Model\BaseModel.class.php 第 443 行.
NOTIC: [8] Undefined offset:  2 C:\AppServ\www\yisheji\Home\Company\Lib\Model\BaseModel.class.php 第 467 行.
NOTIC: [8] Undefined offset:  2 C:\AppServ\www\yisheji\Home\Company\Lib\Model\BaseModel.class.php 第 443 行.
NOTIC: [8] Undefined offset:  2 C:\AppServ\www\yisheji\Home\Company\Lib\Model\BaseModel.class.php 第 467 行.
NOTIC: [8] Undefined offset:  2 C:\AppServ\www\yisheji\Home\Company\Lib\Model\BaseModel.class.php 第 443 行.
NOTIC: [8] Undefined offset:  2 C:\AppServ\www\yisheji\Home\Company\Lib\Model\BaseModel.class.php 第 467 行.
NOTIC: [8] Undefined offset:  2 C:\AppServ\www\yisheji\Home\Company\Lib\Model\BaseModel.class.php 第 443 行.
NOTIC: [8] Undefined offset:  2 C:\AppServ\www\yisheji\Home\Company\Lib\Model\BaseModel.class.php 第 467 行.
NOTIC: [8] Undefined offset:  2 C:\AppServ\www\yisheji\Home\Company\Lib\Model\BaseModel.class.php 第 443 行.
NOTIC: [8] Undefined offset:  2 C:\AppServ\www\yisheji\Home\Company\Lib\Model\BaseModel.class.php 第 467 行.
SQL: SHOW COLUMNS FROM `tb_tag` [ RunTime:0.002076s ]
SQL: SELECT `content` FROM `tb_tag` WHERE ( `status` = 0 ) AND ( `appid` = 1 ) AND ( `type` = 2 ) ORDER BY usecount DESC LIMIT 10   [ RunTime:0.000225s ]
NOTIC: [8] Undefined offset:  2 C:\AppServ\www\yisheji\Home\Company\Lib\Model\BaseModel.class.php 第 443 行.
NOTIC: [8] Undefined offset:  2 C:\AppServ\www\yisheji\Home\Company\Lib\Model\BaseModel.class.php 第 467 行.
INFO: [ view_template ] --START--
INFO: Run LocationTemplate Behavior [ RunTime:0.001948s ]
INFO: [ view_template ] --END-- [ RunTime:0.002017s ]
INFO: [ view_parse ] --START--
NOTIC: [8] Undefined variable: Title C:\AppServ\www\yisheji\Home\Company\Runtime\Cache\4535d78bcfdaae13e440ba19120ad04a.php 第 11 行.
INFO: Run ParseTemplate Behavior [ RunTime:0.020941s ]
INFO: [ view_parse ] --END-- [ RunTime:0.021014s ]
INFO: [ view_filter ] --START--
INFO: Run ContentReplace Behavior [ RunTime:0.001033s ]
INFO: Run TokenBuild Behavior [ RunTime:0.000965s ]
INFO: Run WriteHtmlCache Behavior [ RunTime:0.000873s ]
INFO: Run ShowRuntime Behavior [ RunTime:0.001115s ]
INFO: [ view_filter ] --END-- [ RunTime:0.004151s ]
INFO: [ view_end ] --START--
INFO: Run ShowPageTrace Behavior [ RunTime:0.001224s ]
INFO: [ view_end ] --END-- [ RunTime:0.001286s ]

[ 2014-01-06T11:22:04+08:00 ] 127.0.0.1 /yisheji/index.php?s=/Case/index
INFO: [ route_check ] --START--
INFO: Run CheckRoute Behavior [ RunTime:0.002902s ]
INFO: [ route_check ] --END-- [ RunTime:0.003070s ]
INFO: [ app_begin ] --START--
INFO: Run ReadHtmlCache Behavior [ RunTime:0.001130s ]
INFO: [ app_begin ] --END-- [ RunTime:0.001228s ]
SQL: SHOW COLUMNS FROM `tb_session` [ RunTime:0.001423s ]
SQL: SELECT * FROM `tb_session` WHERE ( `status` = 0 ) AND ( `appid` = 1 ) AND ( `key` = '7c8675297f73e790e49490e028ead981' ) LIMIT 1   [ RunTime:0.000219s ]
SQL: UPDATE `tb_session` SET `expire`=1388985724 WHERE ( `status` = 0 ) AND ( `appid` = 1 ) AND ( `id` = 1 ) [ RunTime:0.000173s ]
SQL: SHOW COLUMNS FROM `tb_user` [ RunTime:0.001627s ]
SQL: SELECT * FROM `tb_user` WHERE ( `status` = 0 ) AND ( `appid` = 1 ) AND ( `id` = 1 ) LIMIT 1   [ RunTime:0.000238s ]
SQL: SHOW COLUMNS FROM `tb_company` [ RunTime:0.001490s ]
SQL: SELECT * FROM `tb_company` WHERE ( `status` = 0 ) AND ( `appid` = 1 ) AND ( `uid` = 1 ) LIMIT 1   [ RunTime:0.000197s ]
SQL: SHOW COLUMNS FROM `tb_case` [ RunTime:0.001607s ]
SQL: SELECT COUNT(*) AS tp_count FROM `tb_case` WHERE ( `status` = 0 ) AND ( `appid` = 1 ) AND ( `cid` = 1 ) LIMIT 1   [ RunTime:0.000291s ]
SQL: SELECT * FROM `tb_case` WHERE ( `status` = 0 ) AND ( `appid` = 1 ) AND ( `cid` = 1 ) ORDER BY createtime DESC LIMIT 0,10   [ RunTime:0.000299s ]
INFO: [ view_template ] --START--
INFO: Run LocationTemplate Behavior [ RunTime:0.001794s ]
INFO: [ view_template ] --END-- [ RunTime:0.001856s ]
INFO: [ view_parse ] --START--
NOTIC: [8] Undefined variable: Title C:\AppServ\www\yisheji\Home\Company\Runtime\Cache\9ab06c80a9be511314d9828fee1515b4.php 第 11 行.
INFO: Run ParseTemplate Behavior [ RunTime:0.013372s ]
INFO: [ view_parse ] --END-- [ RunTime:0.013470s ]
INFO: [ view_filter ] --START--
INFO: Run ContentReplace Behavior [ RunTime:0.001161s ]
INFO: Run TokenBuild Behavior [ RunTime:0.000973s ]
INFO: Run WriteHtmlCache Behavior [ RunTime:0.000896s ]
INFO: Run ShowRuntime Behavior [ RunTime:0.001115s ]
INFO: [ view_filter ] --END-- [ RunTime:0.004334s ]
INFO: [ view_end ] --START--
INFO: Run ShowPageTrace Behavior [ RunTime:0.001159s ]
INFO: [ view_end ] --END-- [ RunTime:0.001214s ]

[ 2014-01-06T11:22:05+08:00 ] 127.0.0.1 /yisheji/index.php?s=/Case/picture/id/3
INFO: [ route_check ] --START--
INFO: Run CheckRoute Behavior [ RunTime:0.001345s ]
INFO: [ route_check ] --END-- [ RunTime:0.001433s ]
INFO: [ app_begin ] --START--
INFO: Run ReadHtmlCache Behavior [ RunTime:0.001102s ]
INFO: [ app_begin ] --END-- [ RunTime:0.001160s ]
SQL: SHOW COLUMNS FROM `tb_session` [ RunTime:0.001469s ]
SQL: SELECT * FROM `tb_session` WHERE ( `status` = 0 ) AND ( `appid` = 1 ) AND ( `key` = '7c8675297f73e790e49490e028ead981' ) LIMIT 1   [ RunTime:0.000162s ]
SQL: UPDATE `tb_session` SET `expire`=1388985725 WHERE ( `status` = 0 ) AND ( `appid` = 1 ) AND ( `id` = 1 ) [ RunTime:0.000177s ]
SQL: SHOW COLUMNS FROM `tb_user` [ RunTime:0.002285s ]
SQL: SELECT * FROM `tb_user` WHERE ( `status` = 0 ) AND ( `appid` = 1 ) AND ( `id` = 1 ) LIMIT 1   [ RunTime:0.000282s ]
SQL: SHOW COLUMNS FROM `tb_company` [ RunTime:0.002036s ]
SQL: SELECT * FROM `tb_company` WHERE ( `status` = 0 ) AND ( `appid` = 1 ) AND ( `uid` = 1 ) LIMIT 1   [ RunTime:0.000235s ]
SQL: SHOW COLUMNS FROM `tb_case` [ RunTime:0.001629s ]
SQL: SHOW COLUMNS FROM `tb_picture` [ RunTime:0.002083s ]
SQL: SELECT * FROM `tb_case` WHERE ( `status` = 0 ) AND ( `appid` = 1 ) AND ( `id` = 3 ) LIMIT 1   [ RunTime:0.000235s ]
SQL: SELECT * FROM `tb_picture` WHERE ( `status` = 0 ) AND ( `appid` = 1 ) AND ( `type` = 2 ) AND ( `target` = 3 ) ORDER BY createtime DESC  [ RunTime:0.000242s ]
SQL: SHOW COLUMNS FROM `tb_file` [ RunTime:0.001920s ]
SQL: SELECT * FROM `tb_file` WHERE ( `status` = 0 ) AND ( `appid` = 1 ) AND ( `id` = 53 ) LIMIT 1   [ RunTime:0.000200s ]
SQL: SELECT * FROM `tb_file` WHERE ( `status` = 0 ) AND ( `appid` = 1 ) AND ( `id` = 45 ) LIMIT 1   [ RunTime:0.000180s ]
SQL: SELECT * FROM `tb_file` WHERE ( `status` = 0 ) AND ( `appid` = 1 ) AND ( `id` = 43 ) LIMIT 1   [ RunTime:0.000165s ]
SQL: SELECT * FROM `tb_file` WHERE ( `status` = 0 ) AND ( `appid` = 1 ) AND ( `id` = 44 ) LIMIT 1   [ RunTime:0.000169s ]
NOTIC: [8] Use of undefined constant __GROUP__ - assumed '__GROUP__' C:\AppServ\www\yisheji\Home\Company\Lib\Model\BaseModel.class.php 第 737 行.
NOTIC: [8] Use of undefined constant __GROUP__ - assumed '__GROUP__' C:\AppServ\www\yisheji\Home\Company\Lib\Model\BaseModel.class.php 第 737 行.
NOTIC: [8] Use of undefined constant __GROUP__ - assumed '__GROUP__' C:\AppServ\www\yisheji\Home\Company\Lib\Model\BaseModel.class.php 第 737 行.
NOTIC: [8] Use of undefined constant __GROUP__ - assumed '__GROUP__' C:\AppServ\www\yisheji\Home\Company\Lib\Model\BaseModel.class.php 第 737 行.
NOTIC: [8] Use of undefined constant __GROUP__ - assumed '__GROUP__' C:\AppServ\www\yisheji\Home\Company\Lib\Model\BaseModel.class.php 第 737 行.
NOTIC: [8] Use of undefined constant __GROUP__ - assumed '__GROUP__' C:\AppServ\www\yisheji\Home\Company\Lib\Model\BaseModel.class.php 第 737 行.
NOTIC: [8] Use of undefined constant __GROUP__ - assumed '__GROUP__' C:\AppServ\www\yisheji\Home\Company\Lib\Model\BaseModel.class.php 第 737 行.
NOTIC: [8] Use of undefined constant __GROUP__ - assumed '__GROUP__' C:\AppServ\www\yisheji\Home\Company\Lib\Model\BaseModel.class.php 第 737 行.
INFO: [ view_template ] --START--
INFO: Run LocationTemplate Behavior [ RunTime:0.024980s ]
INFO: [ view_template ] --END-- [ RunTime:0.025065s ]
INFO: [ view_parse ] --START--
NOTIC: [8] Undefined variable: Title C:\AppServ\www\yisheji\Home\Company\Runtime\Cache\1677c36224dcf7f5a43605da91c451fb.php 第 11 行.
INFO: Run ParseTemplate Behavior [ RunTime:0.022230s ]
INFO: [ view_parse ] --END-- [ RunTime:0.022305s ]
INFO: [ view_filter ] --START--
INFO: Run ContentReplace Behavior [ RunTime:0.001060s ]
INFO: Run TokenBuild Behavior [ RunTime:0.000994s ]
INFO: Run WriteHtmlCache Behavior [ RunTime:0.000900s ]
INFO: Run ShowRuntime Behavior [ RunTime:0.001054s ]
INFO: [ view_filter ] --END-- [ RunTime:0.004163s ]
INFO: [ view_end ] --START--
INFO: Run ShowPageTrace Behavior [ RunTime:0.001176s ]
INFO: [ view_end ] --END-- [ RunTime:0.001232s ]

[ 2014-01-06T11:22:07+08:00 ] 127.0.0.1 /yisheji/index.php?s=/Picture/add/type/2/target/3
INFO: [ route_check ] --START--
INFO: Run CheckRoute Behavior [ RunTime:0.002082s ]
INFO: [ route_check ] --END-- [ RunTime:0.002243s ]
INFO: [ app_begin ] --START--
INFO: Run ReadHtmlCache Behavior [ RunTime:0.001586s ]
INFO: [ app_begin ] --END-- [ RunTime:0.001714s ]
SQL: SHOW COLUMNS FROM `tb_session` [ RunTime:0.001561s ]
SQL: SELECT * FROM `tb_session` WHERE ( `status` = 0 ) AND ( `appid` = 1 ) AND ( `key` = '7c8675297f73e790e49490e028ead981' ) LIMIT 1   [ RunTime:0.000171s ]
SQL: UPDATE `tb_session` SET `expire`=1388985727 WHERE ( `status` = 0 ) AND ( `appid` = 1 ) AND ( `id` = 1 ) [ RunTime:0.000169s ]
SQL: SHOW COLUMNS FROM `tb_user` [ RunTime:0.001802s ]
SQL: SELECT * FROM `tb_user` WHERE ( `status` = 0 ) AND ( `appid` = 1 ) AND ( `id` = 1 ) LIMIT 1   [ RunTime:0.000231s ]
SQL: SHOW COLUMNS FROM `tb_company` [ RunTime:0.001585s ]
SQL: SELECT * FROM `tb_company` WHERE ( `status` = 0 ) AND ( `appid` = 1 ) AND ( `uid` = 1 ) LIMIT 1   [ RunTime:0.000213s ]
SQL: SHOW COLUMNS FROM `tb_picture` [ RunTime:0.002292s ]
SQL: SHOW COLUMNS FROM `tb_case` [ RunTime:0.001908s ]
SQL: SELECT * FROM `tb_case` WHERE ( `status` = 0 ) AND ( `appid` = 1 ) AND ( `id` = 3 ) LIMIT 1   [ RunTime:0.000253s ]
NOTIC: [8] Undefined offset:  2 C:\AppServ\www\yisheji\Home\Company\Lib\Model\BaseModel.class.php 第 443 行.
NOTIC: [8] Undefined offset:  2 C:\AppServ\www\yisheji\Home\Company\Lib\Model\BaseModel.class.php 第 467 行.
NOTIC: [8] Undefined offset:  2 C:\AppServ\www\yisheji\Home\Company\Lib\Model\BaseModel.class.php 第 443 行.
NOTIC: [8] Undefined offset:  2 C:\AppServ\www\yisheji\Home\Company\Lib\Model\BaseModel.class.php 第 467 行.
INFO: [ view_template ] --START--
INFO: Run LocationTemplate Behavior [ RunTime:0.001427s ]
INFO: [ view_template ] --END-- [ RunTime:0.001492s ]
INFO: [ view_parse ] --START--
NOTIC: [8] Undefined variable: Title C:\AppServ\www\yisheji\Home\Company\Runtime\Cache\cafb090988403ad7b541a3de4c4dcaff.php 第 11 行.
INFO: Run ParseTemplate Behavior [ RunTime:0.025381s ]
INFO: [ view_parse ] --END-- [ RunTime:0.025459s ]
INFO: [ view_filter ] --START--
INFO: Run ContentReplace Behavior [ RunTime:0.000810s ]
INFO: Run TokenBuild Behavior [ RunTime:0.000732s ]
INFO: Run WriteHtmlCache Behavior [ RunTime:0.000719s ]
INFO: Run ShowRuntime Behavior [ RunTime:0.001186s ]
INFO: [ view_filter ] --END-- [ RunTime:0.003637s ]
INFO: [ view_end ] --START--
INFO: Run ShowPageTrace Behavior [ RunTime:0.000913s ]
INFO: [ view_end ] --END-- [ RunTime:0.000980s ]

[ 2014-01-06T11:22:09+08:00 ] 127.0.0.1 /yisheji/index.php?s=/Case/picture/id/3
INFO: [ route_check ] --START--
INFO: Run CheckRoute Behavior [ RunTime:0.000811s ]
INFO: [ route_check ] --END-- [ RunTime:0.000911s ]
INFO: [ app_begin ] --START--
INFO: Run ReadHtmlCache Behavior [ RunTime:0.000741s ]
INFO: [ app_begin ] --END-- [ RunTime:0.000809s ]
SQL: SHOW COLUMNS FROM `tb_session` [ RunTime:0.001771s ]
SQL: SELECT * FROM `tb_session` WHERE ( `status` = 0 ) AND ( `appid` = 1 ) AND ( `key` = '7c8675297f73e790e49490e028ead981' ) LIMIT 1   [ RunTime:0.000224s ]
SQL: UPDATE `tb_session` SET `expire`=1388985729 WHERE ( `status` = 0 ) AND ( `appid` = 1 ) AND ( `id` = 1 ) [ RunTime:0.000292s ]
SQL: SHOW COLUMNS FROM `tb_user` [ RunTime:0.001807s ]
SQL: SELECT * FROM `tb_user` WHERE ( `status` = 0 ) AND ( `appid` = 1 ) AND ( `id` = 1 ) LIMIT 1   [ RunTime:0.000238s ]
SQL: SHOW COLUMNS FROM `tb_company` [ RunTime:0.001513s ]
SQL: SELECT * FROM `tb_company` WHERE ( `status` = 0 ) AND ( `appid` = 1 ) AND ( `uid` = 1 ) LIMIT 1   [ RunTime:0.000206s ]
SQL: SHOW COLUMNS FROM `tb_case` [ RunTime:0.001698s ]
SQL: SHOW COLUMNS FROM `tb_picture` [ RunTime:0.001454s ]
SQL: SELECT * FROM `tb_case` WHERE ( `status` = 0 ) AND ( `appid` = 1 ) AND ( `id` = 3 ) LIMIT 1   [ RunTime:0.000209s ]
SQL: SELECT * FROM `tb_picture` WHERE ( `status` = 0 ) AND ( `appid` = 1 ) AND ( `type` = 2 ) AND ( `target` = 3 ) ORDER BY createtime DESC  [ RunTime:0.000207s ]
SQL: SHOW COLUMNS FROM `tb_file` [ RunTime:0.001392s ]
SQL: SELECT * FROM `tb_file` WHERE ( `status` = 0 ) AND ( `appid` = 1 ) AND ( `id` = 53 ) LIMIT 1   [ RunTime:0.000231s ]
SQL: SELECT * FROM `tb_file` WHERE ( `status` = 0 ) AND ( `appid` = 1 ) AND ( `id` = 45 ) LIMIT 1   [ RunTime:0.000207s ]
SQL: SELECT * FROM `tb_file` WHERE ( `status` = 0 ) AND ( `appid` = 1 ) AND ( `id` = 43 ) LIMIT 1   [ RunTime:0.000178s ]
SQL: SELECT * FROM `tb_file` WHERE ( `status` = 0 ) AND ( `appid` = 1 ) AND ( `id` = 44 ) LIMIT 1   [ RunTime:0.000163s ]
NOTIC: [8] Use of undefined constant __GROUP__ - assumed '__GROUP__' C:\AppServ\www\yisheji\Home\Company\Lib\Model\BaseModel.class.php 第 737 行.
NOTIC: [8] Use of undefined constant __GROUP__ - assumed '__GROUP__' C:\AppServ\www\yisheji\Home\Company\Lib\Model\BaseModel.class.php 第 737 行.
NOTIC: [8] Use of undefined constant __GROUP__ - assumed '__GROUP__' C:\AppServ\www\yisheji\Home\Company\Lib\Model\BaseModel.class.php 第 737 行.
NOTIC: [8] Use of undefined constant __GROUP__ - assumed '__GROUP__' C:\AppServ\www\yisheji\Home\Company\Lib\Model\BaseModel.class.php 第 737 行.
NOTIC: [8] Use of undefined constant __GROUP__ - assumed '__GROUP__' C:\AppServ\www\yisheji\Home\Company\Lib\Model\BaseModel.class.php 第 737 行.
NOTIC: [8] Use of undefined constant __GROUP__ - assumed '__GROUP__' C:\AppServ\www\yisheji\Home\Company\Lib\Model\BaseModel.class.php 第 737 行.
NOTIC: [8] Use of undefined constant __GROUP__ - assumed '__GROUP__' C:\AppServ\www\yisheji\Home\Company\Lib\Model\BaseModel.class.php 第 737 行.
NOTIC: [8] Use of undefined constant __GROUP__ - assumed '__GROUP__' C:\AppServ\www\yisheji\Home\Company\Lib\Model\BaseModel.class.php 第 737 行.
INFO: [ view_template ] --START--
INFO: Run LocationTemplate Behavior [ RunTime:0.001232s ]
INFO: [ view_template ] --END-- [ RunTime:0.001297s ]
INFO: [ view_parse ] --START--
NOTIC: [8] Undefined variable: Title C:\AppServ\www\yisheji\Home\Company\Runtime\Cache\1677c36224dcf7f5a43605da91c451fb.php 第 11 行.
INFO: Run ParseTemplate Behavior [ RunTime:0.009843s ]
INFO: [ view_parse ] --END-- [ RunTime:0.009910s ]
INFO: [ view_filter ] --START--
INFO: Run ContentReplace Behavior [ RunTime:0.000332s ]
INFO: Run TokenBuild Behavior [ RunTime:0.000295s ]
INFO: Run WriteHtmlCache Behavior [ RunTime:0.000203s ]
INFO: Run ShowRuntime Behavior [ RunTime:0.000888s ]
INFO: [ view_filter ] --END-- [ RunTime:0.001862s ]
INFO: [ view_end ] --START--
INFO: Run ShowPageTrace Behavior [ RunTime:0.000471s ]
INFO: [ view_end ] --END-- [ RunTime:0.000523s ]

[ 2014-01-06T11:22:23+08:00 ] 127.0.0.1 /yisheji/index.php?s=/Case/picture/id/3
INFO: [ route_check ] --START--
INFO: Run CheckRoute Behavior [ RunTime:0.000956s ]
INFO: [ route_check ] --END-- [ RunTime:0.001324s ]
INFO: [ app_begin ] --START--
INFO: Run ReadHtmlCache Behavior [ RunTime:0.000625s ]
INFO: [ app_begin ] --END-- [ RunTime:0.000683s ]
SQL: SHOW COLUMNS FROM `tb_session` [ RunTime:0.001506s ]
SQL: SELECT * FROM `tb_session` WHERE ( `status` = 0 ) AND ( `appid` = 1 ) AND ( `key` = '7c8675297f73e790e49490e028ead981' ) LIMIT 1   [ RunTime:0.000212s ]
SQL: UPDATE `tb_session` SET `expire`=1388985743 WHERE ( `status` = 0 ) AND ( `appid` = 1 ) AND ( `id` = 1 ) [ RunTime:0.000160s ]
SQL: SHOW COLUMNS FROM `tb_user` [ RunTime:0.001595s ]
SQL: SELECT * FROM `tb_user` WHERE ( `status` = 0 ) AND ( `appid` = 1 ) AND ( `id` = 1 ) LIMIT 1   [ RunTime:0.000221s ]
SQL: SHOW COLUMNS FROM `tb_company` [ RunTime:0.001657s ]
SQL: SELECT * FROM `tb_company` WHERE ( `status` = 0 ) AND ( `appid` = 1 ) AND ( `uid` = 1 ) LIMIT 1   [ RunTime:0.000226s ]
SQL: SHOW COLUMNS FROM `tb_case` [ RunTime:0.001543s ]
SQL: SHOW COLUMNS FROM `tb_picture` [ RunTime:0.001482s ]
SQL: SELECT * FROM `tb_case` WHERE ( `status` = 0 ) AND ( `appid` = 1 ) AND ( `id` = 3 ) LIMIT 1   [ RunTime:0.000218s ]
SQL: SELECT * FROM `tb_picture` WHERE ( `status` = 0 ) AND ( `appid` = 1 ) AND ( `type` = 2 ) AND ( `target` = 3 ) ORDER BY createtime DESC  [ RunTime:0.000189s ]
SQL: SHOW COLUMNS FROM `tb_file` [ RunTime:0.001328s ]
SQL: SELECT * FROM `tb_file` WHERE ( `status` = 0 ) AND ( `appid` = 1 ) AND ( `id` = 53 ) LIMIT 1   [ RunTime:0.000205s ]
SQL: SELECT * FROM `tb_file` WHERE ( `status` = 0 ) AND ( `appid` = 1 ) AND ( `id` = 45 ) LIMIT 1   [ RunTime:0.000149s ]
SQL: SELECT * FROM `tb_file` WHERE ( `status` = 0 ) AND ( `appid` = 1 ) AND ( `id` = 43 ) LIMIT 1   [ RunTime:0.000137s ]
SQL: SELECT * FROM `tb_file` WHERE ( `status` = 0 ) AND ( `appid` = 1 ) AND ( `id` = 44 ) LIMIT 1   [ RunTime:0.000151s ]
NOTIC: [8] Use of undefined constant __GROUP__ - assumed '__GROUP__' C:\AppServ\www\yisheji\Home\Company\Lib\Model\BaseModel.class.php 第 737 行.
NOTIC: [8] Use of undefined constant __GROUP__ - assumed '__GROUP__' C:\AppServ\www\yisheji\Home\Company\Lib\Model\BaseModel.class.php 第 737 行.
NOTIC: [8] Use of undefined constant __GROUP__ - assumed '__GROUP__' C:\AppServ\www\yisheji\Home\Company\Lib\Model\BaseModel.class.php 第 737 行.
NOTIC: [8] Use of undefined constant __GROUP__ - assumed '__GROUP__' C:\AppServ\www\yisheji\Home\Company\Lib\Model\BaseModel.class.php 第 737 行.
NOTIC: [8] Use of undefined constant __GROUP__ - assumed '__GROUP__' C:\AppServ\www\yisheji\Home\Company\Lib\Model\BaseModel.class.php 第 737 行.
NOTIC: [8] Use of undefined constant __GROUP__ - assumed '__GROUP__' C:\AppServ\www\yisheji\Home\Company\Lib\Model\BaseModel.class.php 第 737 行.
NOTIC: [8] Use of undefined constant __GROUP__ - assumed '__GROUP__' C:\AppServ\www\yisheji\Home\Company\Lib\Model\BaseModel.class.php 第 737 行.
NOTIC: [8] Use of undefined constant __GROUP__ - assumed '__GROUP__' C:\AppServ\www\yisheji\Home\Company\Lib\Model\BaseModel.class.php 第 737 行.
INFO: [ view_template ] --START--
INFO: Run LocationTemplate Behavior [ RunTime:0.001190s ]
INFO: [ view_template ] --END-- [ RunTime:0.001250s ]
INFO: [ view_parse ] --START--
NOTIC: [8] Undefined variable: Title C:\AppServ\www\yisheji\Home\Company\Runtime\Cache\1677c36224dcf7f5a43605da91c451fb.php 第 11 行.
INFO: Run ParseTemplate Behavior [ RunTime:0.009868s ]
INFO: [ view_parse ] --END-- [ RunTime:0.009935s ]
INFO: [ view_filter ] --START--
INFO: Run ContentReplace Behavior [ RunTime:0.000333s ]
INFO: Run TokenBuild Behavior [ RunTime:0.000295s ]
INFO: Run WriteHtmlCache Behavior [ RunTime:0.000208s ]
INFO: Run ShowRuntime Behavior [ RunTime:0.000886s ]
INFO: [ view_filter ] --END-- [ RunTime:0.001868s ]
INFO: [ view_end ] --START--
INFO: Run ShowPageTrace Behavior [ RunTime:0.000472s ]
INFO: [ view_end ] --END-- [ RunTime:0.000525s ]

[ 2014-01-06T11:22:25+08:00 ] 127.0.0.1 /yisheji/index.php?s=/Case/index
INFO: [ route_check ] --START--
INFO: Run CheckRoute Behavior [ RunTime:0.001462s ]
INFO: [ route_check ] --END-- [ RunTime:0.001621s ]
INFO: [ app_begin ] --START--
INFO: Run ReadHtmlCache Behavior [ RunTime:0.001312s ]
INFO: [ app_begin ] --END-- [ RunTime:0.001434s ]
SQL: SHOW COLUMNS FROM `tb_session` [ RunTime:0.001848s ]
SQL: SELECT * FROM `tb_session` WHERE ( `status` = 0 ) AND ( `appid` = 1 ) AND ( `key` = '7c8675297f73e790e49490e028ead981' ) LIMIT 1   [ RunTime:0.000237s ]
SQL: UPDATE `tb_session` SET `expire`=1388985745 WHERE ( `status` = 0 ) AND ( `appid` = 1 ) AND ( `id` = 1 ) [ RunTime:0.000156s ]
SQL: SHOW COLUMNS FROM `tb_user` [ RunTime:0.001670s ]
SQL: SELECT * FROM `tb_user` WHERE ( `status` = 0 ) AND ( `appid` = 1 ) AND ( `id` = 1 ) LIMIT 1   [ RunTime:0.000252s ]
SQL: SHOW COLUMNS FROM `tb_company` [ RunTime:0.001445s ]
SQL: SELECT * FROM `tb_company` WHERE ( `status` = 0 ) AND ( `appid` = 1 ) AND ( `uid` = 1 ) LIMIT 1   [ RunTime:0.000181s ]
SQL: SHOW COLUMNS FROM `tb_case` [ RunTime:0.001549s ]
SQL: SELECT COUNT(*) AS tp_count FROM `tb_case` WHERE ( `status` = 0 ) AND ( `appid` = 1 ) AND ( `cid` = 1 ) LIMIT 1   [ RunTime:0.000251s ]
SQL: SELECT * FROM `tb_case` WHERE ( `status` = 0 ) AND ( `appid` = 1 ) AND ( `cid` = 1 ) ORDER BY createtime DESC LIMIT 0,10   [ RunTime:0.000209s ]
INFO: [ view_template ] --START--
INFO: Run LocationTemplate Behavior [ RunTime:0.001038s ]
INFO: [ view_template ] --END-- [ RunTime:0.001098s ]
INFO: [ view_parse ] --START--
NOTIC: [8] Undefined variable: Title C:\AppServ\www\yisheji\Home\Company\Runtime\Cache\9ab06c80a9be511314d9828fee1515b4.php 第 11 行.
INFO: Run ParseTemplate Behavior [ RunTime:0.010177s ]
INFO: [ view_parse ] --END-- [ RunTime:0.010245s ]
INFO: [ view_filter ] --START--
INFO: Run ContentReplace Behavior [ RunTime:0.000333s ]
INFO: Run TokenBuild Behavior [ RunTime:0.000315s ]
INFO: Run WriteHtmlCache Behavior [ RunTime:0.000215s ]
INFO: Run ShowRuntime Behavior [ RunTime:0.000899s ]
INFO: [ view_filter ] --END-- [ RunTime:0.001913s ]
INFO: [ view_end ] --START--
INFO: Run ShowPageTrace Behavior [ RunTime:0.000463s ]
INFO: [ view_end ] --END-- [ RunTime:0.000518s ]

[ 2014-01-06T11:22:36+08:00 ] 127.0.0.1 /yisheji/index.php?s=/Case/index
INFO: [ route_check ] --START--
INFO: Run CheckRoute Behavior [ RunTime:0.000732s ]
INFO: [ route_check ] --END-- [ RunTime:0.000827s ]
INFO: [ app_begin ] --START--
INFO: Run ReadHtmlCache Behavior [ RunTime:0.000675s ]
INFO: [ app_begin ] --END-- [ RunTime:0.000736s ]
SQL: SHOW COLUMNS FROM `tb_session` [ RunTime:0.001567s ]
SQL: SELECT * FROM `tb_session` WHERE ( `status` = 0 ) AND ( `appid` = 1 ) AND ( `key` = '7c8675297f73e790e49490e028ead981' ) LIMIT 1   [ RunTime:0.000182s ]
SQL: UPDATE `tb_session` SET `expire`=1388985756 WHERE ( `status` = 0 ) AND ( `appid` = 1 ) AND ( `id` = 1 ) [ RunTime:0.000170s ]
SQL: SHOW COLUMNS FROM `tb_user` [ RunTime:0.001781s ]
SQL: SELECT * FROM `tb_user` WHERE ( `status` = 0 ) AND ( `appid` = 1 ) AND ( `id` = 1 ) LIMIT 1   [ RunTime:0.000241s ]
SQL: SHOW COLUMNS FROM `tb_company` [ RunTime:0.001514s ]
SQL: SELECT * FROM `tb_company` WHERE ( `status` = 0 ) AND ( `appid` = 1 ) AND ( `uid` = 1 ) LIMIT 1   [ RunTime:0.000209s ]
SQL: SHOW COLUMNS FROM `tb_case` [ RunTime:0.001728s ]
SQL: SELECT COUNT(*) AS tp_count FROM `tb_case` WHERE ( `status` = 0 ) AND ( `appid` = 1 ) AND ( `cid` = 1 ) LIMIT 1   [ RunTime:0.000276s ]
SQL: SELECT * FROM `tb_case` WHERE ( `status` = 0 ) AND ( `appid` = 1 ) AND ( `cid` = 1 ) ORDER BY createtime DESC LIMIT 0,10   [ RunTime:0.000214s ]
INFO: [ view_template ] --START--
INFO: Run LocationTemplate Behavior [ RunTime:0.001043s ]
INFO: [ view_template ] --END-- [ RunTime:0.001102s ]
INFO: [ view_parse ] --START--
NOTIC: [8] Undefined variable: Title C:\AppServ\www\yisheji\Home\Company\Runtime\Cache\9ab06c80a9be511314d9828fee1515b4.php 第 11 行.
INFO: Run ParseTemplate Behavior [ RunTime:0.009975s ]
INFO: [ view_parse ] --END-- [ RunTime:0.010042s ]
INFO: [ view_filter ] --START--
INFO: Run ContentReplace Behavior [ RunTime:0.000330s ]
INFO: Run TokenBuild Behavior [ RunTime:0.000299s ]
INFO: Run WriteHtmlCache Behavior [ RunTime:0.000202s ]
INFO: Run ShowRuntime Behavior [ RunTime:0.000878s ]
INFO: [ view_filter ] --END-- [ RunTime:0.001854s ]
INFO: [ view_end ] --START--
INFO: Run ShowPageTrace Behavior [ RunTime:0.000464s ]
INFO: [ view_end ] --END-- [ RunTime:0.000515s ]

[ 2014-01-06T11:22:39+08:00 ] 127.0.0.1 /yisheji/index.php?s=/Case/index
INFO: [ route_check ] --START--
INFO: Run CheckRoute Behavior [ RunTime:0.000680s ]
INFO: [ route_check ] --END-- [ RunTime:0.000767s ]
INFO: [ app_begin ] --START--
INFO: Run ReadHtmlCache Behavior [ RunTime:0.000618s ]
INFO: [ app_begin ] --END-- [ RunTime:0.000674s ]
SQL: SHOW COLUMNS FROM `tb_session` [ RunTime:0.001507s ]
SQL: SELECT * FROM `tb_session` WHERE ( `status` = 0 ) AND ( `appid` = 1 ) AND ( `key` = '7c8675297f73e790e49490e028ead981' ) LIMIT 1   [ RunTime:0.000187s ]
SQL: UPDATE `tb_session` SET `expire`=1388985759 WHERE ( `status` = 0 ) AND ( `appid` = 1 ) AND ( `id` = 1 ) [ RunTime:0.000115s ]
SQL: SHOW COLUMNS FROM `tb_user` [ RunTime:0.002091s ]
SQL: SELECT * FROM `tb_user` WHERE ( `status` = 0 ) AND ( `appid` = 1 ) AND ( `id` = 1 ) LIMIT 1   [ RunTime:0.000344s ]
SQL: SHOW COLUMNS FROM `tb_company` [ RunTime:0.001844s ]
SQL: SELECT * FROM `tb_company` WHERE ( `status` = 0 ) AND ( `appid` = 1 ) AND ( `uid` = 1 ) LIMIT 1   [ RunTime:0.000378s ]
SQL: SHOW COLUMNS FROM `tb_case` [ RunTime:0.002132s ]
SQL: SELECT COUNT(*) AS tp_count FROM `tb_case` WHERE ( `status` = 0 ) AND ( `appid` = 1 ) AND ( `cid` = 1 ) LIMIT 1   [ RunTime:0.000295s ]
SQL: SELECT * FROM `tb_case` WHERE ( `status` = 0 ) AND ( `appid` = 1 ) AND ( `cid` = 1 ) ORDER BY createtime DESC LIMIT 0,10   [ RunTime:0.000230s ]
INFO: [ view_template ] --START--
INFO: Run LocationTemplate Behavior [ RunTime:0.001134s ]
INFO: [ view_template ] --END-- [ RunTime:0.001198s ]
INFO: [ view_parse ] --START--
NOTIC: [8] Undefined variable: Title C:\AppServ\www\yisheji\Home\Company\Runtime\Cache\9ab06c80a9be511314d9828fee1515b4.php 第 11 行.
INFO: Run ParseTemplate Behavior [ RunTime:0.013768s ]
INFO: [ view_parse ] --END-- [ RunTime:0.013842s ]
INFO: [ view_filter ] --START--
INFO: Run ContentReplace Behavior [ RunTime:0.000352s ]
INFO: Run TokenBuild Behavior [ RunTime:0.000324s ]
INFO: Run WriteHtmlCache Behavior [ RunTime:0.000215s ]
INFO: Run ShowRuntime Behavior [ RunTime:0.000987s ]
INFO: [ view_filter ] --END-- [ RunTime:0.002037s ]
INFO: [ view_end ] --START--
INFO: Run ShowPageTrace Behavior [ RunTime:0.000472s ]
INFO: [ view_end ] --END-- [ RunTime:0.000536s ]

[ 2014-01-06T16:45:42+08:00 ] ERR: (ThinkException) 无法加载模块:Index
[ 2014-01-06T16:46:21+08:00 ] ERR: (ThinkException) 无法加载模块:Index
[ 2014-01-06T16:46:22+08:00 ] ERR: (ThinkException) 无法加载模块:Index
[ 2014-01-06T16:48:09+08:00 ] ERR: (ThinkException) 模板不存在[Home/Admin/Tpl/default/Manager/login.html]
[ 2014-01-06T16:52:53+08:00 ] 127.0.0.1 /yisheji/admin.php?s=/Manager/verify
INFO: [ route_check ] --START--
INFO: Run CheckRoute Behavior [ RunTime:0.001588s ]
INFO: [ route_check ] --END-- [ RunTime:0.001699s ]
INFO: [ app_begin ] --START--
INFO: Run ReadHtmlCache Behavior [ RunTime:0.001410s ]
INFO: [ app_begin ] --END-- [ RunTime:0.001500s ]
SQL: SHOW COLUMNS FROM `tb_manager` [ RunTime:0.001544s ]
NOTIC: [8] Undefined index:  admin_user C:\AppServ\www\yisheji\Home\Admin\Lib\Model\BaseModel.class.php 第 44 行.

[ 2014-01-06T16:53:40+08:00 ] 127.0.0.1 /yisheji/admin.php?s=/Manager/verify
INFO: [ route_check ] --START--
INFO: Run CheckRoute Behavior [ RunTime:0.001405s ]
INFO: [ route_check ] --END-- [ RunTime:0.001514s ]
INFO: [ app_begin ] --START--
INFO: Run ReadHtmlCache Behavior [ RunTime:0.001170s ]
INFO: [ app_begin ] --END-- [ RunTime:0.001244s ]
SQL: SHOW COLUMNS FROM `tb_manager` [ RunTime:0.002192s ]
NOTIC: [8] Undefined index:  admin_user C:\AppServ\www\yisheji\Home\Admin\Lib\Model\BaseModel.class.php 第 44 行.

[ 2014-01-06T16:53:45+08:00 ] 127.0.0.1 /yisheji/admin.php?s=/Manager/verify
INFO: [ route_check ] --START--
INFO: Run CheckRoute Behavior [ RunTime:0.001408s ]
INFO: [ route_check ] --END-- [ RunTime:0.001506s ]
INFO: [ app_begin ] --START--
INFO: Run ReadHtmlCache Behavior [ RunTime:0.001174s ]
INFO: [ app_begin ] --END-- [ RunTime:0.001251s ]
SQL: SHOW COLUMNS FROM `tb_manager` [ RunTime:0.001466s ]
NOTIC: [8] Undefined index:  admin_user C:\AppServ\www\yisheji\Home\Admin\Lib\Model\BaseModel.class.php 第 44 行.

[ 2014-01-06T16:53:48+08:00 ] 127.0.0.1 /yisheji/admin.php?s=/Manager/verify
INFO: [ route_check ] --START--
INFO: Run CheckRoute Behavior [ RunTime:0.001032s ]
INFO: [ route_check ] --END-- [ RunTime:0.001130s ]
INFO: [ app_begin ] --START--
INFO: Run ReadHtmlCache Behavior [ RunTime:0.000836s ]
INFO: [ app_begin ] --END-- [ RunTime:0.000916s ]
SQL: SHOW COLUMNS FROM `tb_manager` [ RunTime:0.002120s ]
NOTIC: [8] Undefined index:  admin_user C:\AppServ\www\yisheji\Home\Admin\Lib\Model\BaseModel.class.php 第 44 行.

[ 2014-01-06T16:54:12+08:00 ] 127.0.0.1 /yisheji/admin.php?s=/Manager/verify
INFO: [ route_check ] --START--
INFO: Run CheckRoute Behavior [ RunTime:0.001099s ]
INFO: [ route_check ] --END-- [ RunTime:0.001203s ]
INFO: [ app_begin ] --START--
INFO: Run ReadHtmlCache Behavior [ RunTime:0.001373s ]
INFO: [ app_begin ] --END-- [ RunTime:0.001445s ]
SQL: SHOW COLUMNS FROM `tb_manager` [ RunTime:0.001541s ]
NOTIC: [8] Undefined index:  admin_user C:\AppServ\www\yisheji\Home\Admin\Lib\Model\BaseModel.class.php 第 44 行.

[ 2014-01-06T16:54:13+08:00 ] 127.0.0.1 /yisheji/admin.php?s=/Manager/verify
INFO: [ route_check ] --START--
INFO: Run CheckRoute Behavior [ RunTime:0.001290s ]
INFO: [ route_check ] --END-- [ RunTime:0.001443s ]
INFO: [ app_begin ] --START--
INFO: Run ReadHtmlCache Behavior [ RunTime:0.001184s ]
INFO: [ app_begin ] --END-- [ RunTime:0.001294s ]
SQL: SHOW COLUMNS FROM `tb_manager` [ RunTime:0.001543s ]
NOTIC: [8] Undefined index:  admin_user C:\AppServ\www\yisheji\Home\Admin\Lib\Model\BaseModel.class.php 第 44 行.

[ 2014-01-06T16:54:14+08:00 ] 127.0.0.1 /yisheji/admin.php?s=/Manager/verify
INFO: [ route_check ] --START--
INFO: Run CheckRoute Behavior [ RunTime:0.001310s ]
INFO: [ route_check ] --END-- [ RunTime:0.001468s ]
INFO: [ app_begin ] --START--
INFO: Run ReadHtmlCache Behavior [ RunTime:0.001245s ]
INFO: [ app_begin ] --END-- [ RunTime:0.001355s ]
SQL: SHOW COLUMNS FROM `tb_manager` [ RunTime:0.001438s ]
NOTIC: [8] Undefined index:  admin_user C:\AppServ\www\yisheji\Home\Admin\Lib\Model\BaseModel.class.php 第 44 行.

[ 2014-01-06T16:54:14+08:00 ] 127.0.0.1 /yisheji/admin.php?s=/Manager/verify
INFO: [ route_check ] --START--
INFO: Run CheckRoute Behavior [ RunTime:0.001164s ]
INFO: [ route_check ] --END-- [ RunTime:0.001310s ]
INFO: [ app_begin ] --START--
INFO: Run ReadHtmlCache Behavior [ RunTime:0.001068s ]
INFO: [ app_begin ] --END-- [ RunTime:0.001166s ]
SQL: SHOW COLUMNS FROM `tb_manager` [ RunTime:0.001466s ]
NOTIC: [8] Undefined index:  admin_user C:\AppServ\www\yisheji\Home\Admin\Lib\Model\BaseModel.class.php 第 44 行.

[ 2014-01-06T16:54:15+08:00 ] 127.0.0.1 /yisheji/admin.php?s=/Manager/verify
INFO: [ route_check ] --START--
INFO: Run CheckRoute Behavior [ RunTime:0.001558s ]
INFO: [ route_check ] --END-- [ RunTime:0.001818s ]
INFO: [ app_begin ] --START--
INFO: Run ReadHtmlCache Behavior [ RunTime:0.001303s ]
INFO: [ app_begin ] --END-- [ RunTime:0.001420s ]
SQL: SHOW COLUMNS FROM `tb_manager` [ RunTime:0.001554s ]
NOTIC: [8] Undefined index:  admin_user C:\AppServ\www\yisheji\Home\Admin\Lib\Model\BaseModel.class.php 第 44 行.

[ 2014-01-06T16:54:41+08:00 ] 127.0.0.1 /yisheji/admin.php?s=/Manager/verify
INFO: [ route_check ] --START--
INFO: Run CheckRoute Behavior [ RunTime:0.000676s ]
INFO: [ route_check ] --END-- [ RunTime:0.000770s ]
INFO: [ app_begin ] --START--
INFO: Run ReadHtmlCache Behavior [ RunTime:0.000443s ]
INFO: [ app_begin ] --END-- [ RunTime:0.000500s ]
SQL: SHOW COLUMNS FROM `tb_manager` [ RunTime:0.002222s ]
NOTIC: [8] Undefined index:  admin_user C:\AppServ\www\yisheji\Home\Admin\Lib\Model\BaseModel.class.php 第 44 行.

[ 2014-01-06T16:55:08+08:00 ] 127.0.0.1 /yisheji/admin.php?s=/Manager/verify
INFO: [ route_check ] --START--
INFO: Run CheckRoute Behavior [ RunTime:0.001455s ]
INFO: [ route_check ] --END-- [ RunTime:0.001566s ]
INFO: [ app_begin ] --START--
INFO: Run ReadHtmlCache Behavior [ RunTime:0.001198s ]
INFO: [ app_begin ] --END-- [ RunTime:0.001284s ]
SQL: SHOW COLUMNS FROM `tb_manager` [ RunTime:0.002225s ]
NOTIC: [8] Undefined index:  admin_user C:\AppServ\www\yisheji\Home\Admin\Lib\Model\BaseModel.class.php 第 44 行.

[ 2014-01-06T16:55:20+08:00 ] 127.0.0.1 /yisheji/admin.php?s=/Manager/verify
INFO: [ route_check ] --START--
INFO: Run CheckRoute Behavior [ RunTime:0.001431s ]
INFO: [ route_check ] --END-- [ RunTime:0.001541s ]
INFO: [ app_begin ] --START--
INFO: Run ReadHtmlCache Behavior [ RunTime:0.000865s ]
INFO: [ app_begin ] --END-- [ RunTime:0.000940s ]
SQL: SHOW COLUMNS FROM `tb_manager` [ RunTime:0.001616s ]
NOTIC: [8] Undefined index:  admin_user C:\AppServ\www\yisheji\Home\Admin\Lib\Model\BaseModel.class.php 第 44 行.

[ 2014-01-06T16:55:29+08:00 ] 127.0.0.1 /yisheji/admin.php?s=/Manager/verify
INFO: [ route_check ] --START--
INFO: Run CheckRoute Behavior [ RunTime:0.001712s ]
INFO: [ route_check ] --END-- [ RunTime:0.001838s ]
INFO: [ app_begin ] --START--
INFO: Run ReadHtmlCache Behavior [ RunTime:0.001263s ]
INFO: [ app_begin ] --END-- [ RunTime:0.001345s ]
SQL: SHOW COLUMNS FROM `tb_manager` [ RunTime:0.001800s ]
NOTIC: [8] Undefined index:  admin_user C:\AppServ\www\yisheji\Home\Admin\Lib\Model\BaseModel.class.php 第 44 行.

[ 2014-01-06T16:56:20+08:00 ] 127.0.0.1 /yisheji/admin.php?s=/Manager/verify
INFO: [ route_check ] --START--
INFO: Run CheckRoute Behavior [ RunTime:0.001039s ]
INFO: [ route_check ] --END-- [ RunTime:0.001131s ]
INFO: [ app_begin ] --START--
INFO: Run ReadHtmlCache Behavior [ RunTime:0.000785s ]
INFO: [ app_begin ] --END-- [ RunTime:0.000848s ]
SQL: SHOW COLUMNS FROM `tb_manager` [ RunTime:0.002791s ]
NOTIC: [8] Undefined index:  admin_user C:\AppServ\www\yisheji\Home\Admin\Lib\Model\BaseModel.class.php 第 44 行.

[ 2014-01-06T16:56:30+08:00 ] 127.0.0.1 /yisheji/admin.php?s=/Manager/verify
INFO: [ route_check ] --START--
INFO: Run CheckRoute Behavior [ RunTime:0.001541s ]
INFO: [ route_check ] --END-- [ RunTime:0.001663s ]
INFO: [ app_begin ] --START--
INFO: Run ReadHtmlCache Behavior [ RunTime:0.001284s ]
INFO: [ app_begin ] --END-- [ RunTime:0.001400s ]
SQL: SHOW COLUMNS FROM `tb_manager` [ RunTime:0.002913s ]
NOTIC: [8] Undefined index:  admin_user C:\AppServ\www\yisheji\Home\Admin\Lib\Model\BaseModel.class.php 第 44 行.

[ 2014-01-06T16:56:37+08:00 ] 127.0.0.1 /yisheji/admin.php?s=/Manager/verify
INFO: [ route_check ] --START--
INFO: Run CheckRoute Behavior [ RunTime:0.001302s ]
INFO: [ route_check ] --END-- [ RunTime:0.001410s ]
INFO: [ app_begin ] --START--
INFO: Run ReadHtmlCache Behavior [ RunTime:0.001195s ]
INFO: [ app_begin ] --END-- [ RunTime:0.001372s ]
SQL: SHOW COLUMNS FROM `tb_manager` [ RunTime:0.001569s ]
NOTIC: [8] Undefined index:  admin_user C:\AppServ\www\yisheji\Home\Admin\Lib\Model\BaseModel.class.php 第 44 行.

[ 2014-01-06T16:56:44+08:00 ] 127.0.0.1 /yisheji/admin.php?s=/Manager/verify
INFO: [ route_check ] --START--
INFO: Run CheckRoute Behavior [ RunTime:0.000897s ]
INFO: [ route_check ] --END-- [ RunTime:0.001001s ]
INFO: [ app_begin ] --START--
INFO: Run ReadHtmlCache Behavior [ RunTime:0.001153s ]
INFO: [ app_begin ] --END-- [ RunTime:0.001216s ]
SQL: SHOW COLUMNS FROM `tb_manager` [ RunTime:0.004387s ]
NOTIC: [8] Undefined index:  admin_user C:\AppServ\www\yisheji\Home\Admin\Lib\Model\BaseModel.class.php 第 44 行.

[ 2014-01-06T16:57:14+08:00 ] 127.0.0.1 /yisheji/admin.php?s=/Manager/verify
INFO: [ route_check ] --START--
INFO: Run CheckRoute Behavior [ RunTime:0.001092s ]
INFO: [ route_check ] --END-- [ RunTime:0.001232s ]
INFO: [ app_begin ] --START--
INFO: Run ReadHtmlCache Behavior [ RunTime:0.000977s ]
INFO: [ app_begin ] --END-- [ RunTime:0.001063s ]
SQL: SHOW COLUMNS FROM `tb_manager` [ RunTime:0.002085s ]
NOTIC: [8] Undefined index:  admin_user C:\AppServ\www\yisheji\Home\Admin\Lib\Model\BaseModel.class.php 第 44 行.

[ 2014-01-06T16:58:34+08:00 ] 127.0.0.1 /yisheji/admin.php?s=/Manager/verify
INFO: [ route_check ] --START--
INFO: Run CheckRoute Behavior [ RunTime:0.001907s ]
INFO: [ route_check ] --END-- [ RunTime:0.002109s ]
INFO: [ app_begin ] --START--
INFO: Run ReadHtmlCache Behavior [ RunTime:0.001046s ]
INFO: [ app_begin ] --END-- [ RunTime:0.001185s ]
SQL: SHOW COLUMNS FROM `tb_manager` [ RunTime:0.004209s ]
NOTIC: [8] Undefined index:  admin_user C:\AppServ\www\yisheji\Home\Admin\Lib\Model\BaseModel.class.php 第 44 行.

[ 2014-01-06T16:58:40+08:00 ] 127.0.0.1 /yisheji/admin.php?s=/Manager/verify
INFO: [ route_check ] --START--
INFO: Run CheckRoute Behavior [ RunTime:0.001420s ]
INFO: [ route_check ] --END-- [ RunTime:0.001651s ]
INFO: [ app_begin ] --START--
INFO: Run ReadHtmlCache Behavior [ RunTime:0.000879s ]
INFO: [ app_begin ] --END-- [ RunTime:0.001043s ]
SQL: SHOW COLUMNS FROM `tb_manager` [ RunTime:0.001366s ]
NOTIC: [8] Undefined index:  admin_user C:\AppServ\www\yisheji\Home\Admin\Lib\Model\BaseModel.class.php 第 44 行.

[ 2014-01-06T16:58:56+08:00 ] 127.0.0.1 /yisheji/admin.php?s=/Manager/verify
INFO: [ route_check ] --START--
INFO: Run CheckRoute Behavior [ RunTime:0.000890s ]
INFO: [ route_check ] --END-- [ RunTime:0.000989s ]
INFO: [ app_begin ] --START--
INFO: Run ReadHtmlCache Behavior [ RunTime:0.001314s ]
INFO: [ app_begin ] --END-- [ RunTime:0.001390s ]
SQL: SHOW COLUMNS FROM `tb_manager` [ RunTime:0.001735s ]

[ 2014-01-06T16:58:57+08:00 ] 127.0.0.1 /yisheji/admin.php?s=/Manager/verify
INFO: [ route_check ] --START--
INFO: Run CheckRoute Behavior [ RunTime:0.001459s ]
INFO: [ route_check ] --END-- [ RunTime:0.001596s ]
INFO: [ app_begin ] --START--
INFO: Run ReadHtmlCache Behavior [ RunTime:0.002110s ]
INFO: [ app_begin ] --END-- [ RunTime:0.002228s ]
SQL: SHOW COLUMNS FROM `tb_manager` [ RunTime:0.001444s ]

[ 2014-01-06T16:58:59+08:00 ] 127.0.0.1 /yisheji/admin.php?s=/Manager/verify
INFO: [ route_check ] --START--
INFO: Run CheckRoute Behavior [ RunTime:0.001106s ]
INFO: [ route_check ] --END-- [ RunTime:0.001230s ]
INFO: [ app_begin ] --START--
INFO: Run ReadHtmlCache Behavior [ RunTime:0.001116s ]
INFO: [ app_begin ] --END-- [ RunTime:0.001175s ]
SQL: SHOW COLUMNS FROM `tb_manager` [ RunTime:0.001376s ]

[ 2014-01-06T16:59:01+08:00 ] 127.0.0.1 /yisheji/admin.php?s=/Manager/verify
INFO: [ route_check ] --START--
INFO: Run CheckRoute Behavior [ RunTime:0.001037s ]
INFO: [ route_check ] --END-- [ RunTime:0.001137s ]
INFO: [ app_begin ] --START--
INFO: Run ReadHtmlCache Behavior [ RunTime:0.001346s ]
INFO: [ app_begin ] --END-- [ RunTime:0.001417s ]
SQL: SHOW COLUMNS FROM `tb_manager` [ RunTime:0.001692s ]

[ 2014-01-06T16:59:03+08:00 ] 127.0.0.1 /yisheji/admin.php?s=/Manager/verify
INFO: [ route_check ] --START--
INFO: Run CheckRoute Behavior [ RunTime:0.001170s ]
INFO: [ route_check ] --END-- [ RunTime:0.001280s ]
INFO: [ app_begin ] --START--
INFO: Run ReadHtmlCache Behavior [ RunTime:0.001483s ]
INFO: [ app_begin ] --END-- [ RunTime:0.001559s ]
SQL: SHOW COLUMNS FROM `tb_manager` [ RunTime:0.001720s ]

[ 2014-01-06T16:59:15+08:00 ] 127.0.0.1 /yisheji/admin.php?s=/Manager/verify
INFO: [ route_check ] --START--
INFO: Run CheckRoute Behavior [ RunTime:0.000865s ]
INFO: [ route_check ] --END-- [ RunTime:0.000954s ]
INFO: [ app_begin ] --START--
INFO: Run ReadHtmlCache Behavior [ RunTime:0.001447s ]
INFO: [ app_begin ] --END-- [ RunTime:0.001536s ]
SQL: SHOW COLUMNS FROM `tb_manager` [ RunTime:0.001419s ]

[ 2014-01-06T16:59:37+08:00 ] 127.0.0.1 /yisheji/admin.php?s=/Manager/verify
INFO: [ route_check ] --START--
INFO: Run CheckRoute Behavior [ RunTime:0.000857s ]
INFO: [ route_check ] --END-- [ RunTime:0.000951s ]
INFO: [ app_begin ] --START--
INFO: Run ReadHtmlCache Behavior [ RunTime:0.001247s ]
INFO: [ app_begin ] --END-- [ RunTime:0.001314s ]
SQL: SHOW COLUMNS FROM `tb_manager` [ RunTime:0.001442s ]

[ 2014-01-06T17:02:01+08:00 ] 127.0.0.1 /yisheji/admin.php?s=/Manager/verify
INFO: [ route_check ] --START--
INFO: Run CheckRoute Behavior [ RunTime:0.001840s ]
INFO: [ route_check ] --END-- [ RunTime:0.001965s ]
INFO: [ app_begin ] --START--
INFO: Run ReadHtmlCache Behavior [ RunTime:0.001114s ]
INFO: [ app_begin ] --END-- [ RunTime:0.001174s ]
SQL: SHOW COLUMNS FROM `tb_manager` [ RunTime:0.001505s ]

[ 2014-01-06T17:02:11+08:00 ] 127.0.0.1 /yisheji/admin.php?s=/Manager/login
INFO: [ route_check ] --START--
INFO: Run CheckRoute Behavior [ RunTime:0.001734s ]
INFO: [ route_check ] --END-- [ RunTime:0.001838s ]
INFO: [ app_begin ] --START--
INFO: Run ReadHtmlCache Behavior [ RunTime:0.001353s ]
INFO: [ app_begin ] --END-- [ RunTime:0.001426s ]
SQL: SHOW COLUMNS FROM `tb_manager` [ RunTime:0.001706s ]
SQL: SELECT * FROM `tb_manager` WHERE ( `status` = 0 ) AND ( `appid` = 1 ) AND ( `account` = 'admin' ) LIMIT 1   [ RunTime:0.000225s ]
INFO: [ view_template ] --START--
INFO: Run LocationTemplate Behavior [ RunTime:0.002400s ]
INFO: [ view_template ] --END-- [ RunTime:0.002469s ]
INFO: [ view_parse ] --START--
NOTIC: [8] Undefined variable: Title C:\AppServ\www\yisheji\Home\Admin\Runtime\Cache\25e16930de30c2eddf3898c44ac6a012.php 第 11 行.
INFO: Run ParseTemplate Behavior [ RunTime:0.011780s ]
INFO: [ view_parse ] --END-- [ RunTime:0.011864s ]
INFO: [ view_filter ] --START--
INFO: Run ContentReplace Behavior [ RunTime:0.000658s ]
INFO: Run TokenBuild Behavior [ RunTime:0.000654s ]
INFO: Run WriteHtmlCache Behavior [ RunTime:0.000880s ]
INFO: Run ShowRuntime Behavior [ RunTime:0.001045s ]
INFO: [ view_filter ] --END-- [ RunTime:0.003391s ]
INFO: [ view_end ] --START--
INFO: Run ShowPageTrace Behavior [ RunTime:0.001382s ]
INFO: [ view_end ] --END-- [ RunTime:0.001506s ]

[ 2014-01-06T17:02:12+08:00 ] 127.0.0.1 /yisheji/admin.php?s=/Index/index
INFO: [ route_check ] --START--
INFO: Run CheckRoute Behavior [ RunTime:0.001528s ]
INFO: [ route_check ] --END-- [ RunTime:0.001636s ]
INFO: [ app_begin ] --START--
INFO: Run ReadHtmlCache Behavior [ RunTime:0.001322s ]
INFO: [ app_begin ] --END-- [ RunTime:0.001400s ]
INFO: [ view_template ] --START--
INFO: Run LocationTemplate Behavior [ RunTime:0.001956s ]
INFO: [ view_template ] --END-- [ RunTime:0.002030s ]
INFO: [ view_parse ] --START--
NOTIC: [8] Undefined variable: Title C:\AppServ\www\yisheji\Home\Admin\Runtime\Cache\cb7f02cbf2d2ad775e98357ae17eb05e.php 第 11 行.
NOTIC: [8] Undefined variable: isCompany C:\AppServ\www\yisheji\Home\Admin\Runtime\Cache\cb7f02cbf2d2ad775e98357ae17eb05e.php 第 55 行.
NOTIC: [8] Undefined variable: com C:\AppServ\www\yisheji\Home\Admin\Runtime\Cache\cb7f02cbf2d2ad775e98357ae17eb05e.php 第 79 行.
NOTIC: [8] Undefined variable: com C:\AppServ\www\yisheji\Home\Admin\Runtime\Cache\cb7f02cbf2d2ad775e98357ae17eb05e.php 第 80 行.
NOTIC: [8] Undefined variable: num C:\AppServ\www\yisheji\Home\Admin\Runtime\Cache\cb7f02cbf2d2ad775e98357ae17eb05e.php 第 87 行.
INFO: Run ParseTemplate Behavior [ RunTime:0.014689s ]
INFO: [ view_parse ] --END-- [ RunTime:0.014776s ]
INFO: [ view_filter ] --START--
INFO: Run ContentReplace Behavior [ RunTime:0.000514s ]
INFO: Run TokenBuild Behavior [ RunTime:0.000478s ]
INFO: Run WriteHtmlCache Behavior [ RunTime:0.000890s ]
INFO: Run ShowRuntime Behavior [ RunTime:0.001158s ]
INFO: [ view_filter ] --END-- [ RunTime:0.003192s ]
NOTIC: [2] Cannot modify header information - headers already sent by (output started at C:\AppServ\www\yisheji\Home\Admin\Lib\Action\IndexAction.class.php:13) C:\AppServ\www\yisheji\ThinkPHP\Lib\Core\View.class.php 第 89 行.
NOTIC: [2] Cannot modify header information - headers already sent by (output started at C:\AppServ\www\yisheji\Home\Admin\Lib\Action\IndexAction.class.php:13) C:\AppServ\www\yisheji\ThinkPHP\Lib\Core\View.class.php 第 90 行.
NOTIC: [2] Cannot modify header information - headers already sent by (output started at C:\AppServ\www\yisheji\Home\Admin\Lib\Action\IndexAction.class.php:13) C:\AppServ\www\yisheji\ThinkPHP\Lib\Core\View.class.php 第 91 行.
INFO: [ view_end ] --START--
INFO: Run ShowPageTrace Behavior [ RunTime:0.001160s ]
INFO: [ view_end ] --END-- [ RunTime:0.001212s ]

[ 2014-01-06T17:04:46+08:00 ] 127.0.0.1 /yisheji/admin.php?s=/Index/index
INFO: [ route_check ] --START--
INFO: Run CheckRoute Behavior [ RunTime:0.001548s ]
INFO: [ route_check ] --END-- [ RunTime:0.001647s ]
INFO: [ app_begin ] --START--
INFO: Run ReadHtmlCache Behavior [ RunTime:0.001164s ]
INFO: [ app_begin ] --END-- [ RunTime:0.001228s ]
INFO: [ view_template ] --START--
INFO: Run LocationTemplate Behavior [ RunTime:0.001724s ]
INFO: [ view_template ] --END-- [ RunTime:0.001786s ]
INFO: [ view_parse ] --START--
NOTIC: [8] Undefined variable: Title C:\AppServ\www\yisheji\Home\Admin\Runtime\Cache\cb7f02cbf2d2ad775e98357ae17eb05e.php 第 11 行.
NOTIC: [8] Undefined variable: isCompany C:\AppServ\www\yisheji\Home\Admin\Runtime\Cache\cb7f02cbf2d2ad775e98357ae17eb05e.php 第 52 行.
NOTIC: [8] Undefined variable: com C:\AppServ\www\yisheji\Home\Admin\Runtime\Cache\cb7f02cbf2d2ad775e98357ae17eb05e.php 第 76 行.
NOTIC: [8] Undefined variable: com C:\AppServ\www\yisheji\Home\Admin\Runtime\Cache\cb7f02cbf2d2ad775e98357ae17eb05e.php 第 77 行.
NOTIC: [8] Undefined variable: num C:\AppServ\www\yisheji\Home\Admin\Runtime\Cache\cb7f02cbf2d2ad775e98357ae17eb05e.php 第 84 行.
INFO: Run ParseTemplate Behavior [ RunTime:0.013422s ]
INFO: [ view_parse ] --END-- [ RunTime:0.013492s ]
INFO: [ view_filter ] --START--
INFO: Run ContentReplace Behavior [ RunTime:0.000723s ]
INFO: Run TokenBuild Behavior [ RunTime:0.000672s ]
INFO: Run WriteHtmlCache Behavior [ RunTime:0.000901s ]
INFO: Run ShowRuntime Behavior [ RunTime:0.001061s ]
INFO: [ view_filter ] --END-- [ RunTime:0.003518s ]
NOTIC: [2] Cannot modify header information - headers already sent by (output started at C:\AppServ\www\yisheji\Home\Admin\Lib\Action\IndexAction.class.php:13) C:\AppServ\www\yisheji\ThinkPHP\Lib\Core\View.class.php 第 89 行.
NOTIC: [2] Cannot modify header information - headers already sent by (output started at C:\AppServ\www\yisheji\Home\Admin\Lib\Action\IndexAction.class.php:13) C:\AppServ\www\yisheji\ThinkPHP\Lib\Core\View.class.php 第 90 行.
NOTIC: [2] Cannot modify header information - headers already sent by (output started at C:\AppServ\www\yisheji\Home\Admin\Lib\Action\IndexAction.class.php:13) C:\AppServ\www\yisheji\ThinkPHP\Lib\Core\View.class.php 第 91 行.
INFO: [ view_end ] --START--
INFO: Run ShowPageTrace Behavior [ RunTime:0.001180s ]
INFO: [ view_end ] --END-- [ RunTime:0.001232s ]

[ 2014-01-06T17:04:49+08:00 ] 127.0.0.1 /yisheji/admin.php?s=/Manager/logout
INFO: [ route_check ] --START--
INFO: Run CheckRoute Behavior [ RunTime:0.001121s ]
INFO: [ route_check ] --END-- [ RunTime:0.001226s ]
INFO: [ app_begin ] --START--
INFO: Run ReadHtmlCache Behavior [ RunTime:0.000807s ]
INFO: [ app_begin ] --END-- [ RunTime:0.000866s ]
SQL: SHOW COLUMNS FROM `tb_manager` [ RunTime:0.001635s ]
INFO: [ view_template ] --START--
INFO: Run LocationTemplate Behavior [ RunTime:0.001579s ]
INFO: [ view_template ] --END-- [ RunTime:0.001641s ]
INFO: [ view_parse ] --START--
NOTIC: [8] Undefined variable: Title C:\AppServ\www\yisheji\Home\Admin\Runtime\Cache\25e16930de30c2eddf3898c44ac6a012.php 第 11 行.
INFO: Run ParseTemplate Behavior [ RunTime:0.010776s ]
INFO: [ view_parse ] --END-- [ RunTime:0.010846s ]
INFO: [ view_filter ] --START--
INFO: Run ContentReplace Behavior [ RunTime:0.001041s ]
INFO: Run TokenBuild Behavior [ RunTime:0.000746s ]
INFO: Run WriteHtmlCache Behavior [ RunTime:0.000566s ]
INFO: Run ShowRuntime Behavior [ RunTime:0.001061s ]
INFO: [ view_filter ] --END-- [ RunTime:0.003588s ]
INFO: [ view_end ] --START--
INFO: Run ShowPageTrace Behavior [ RunTime:0.000827s ]
INFO: [ view_end ] --END-- [ RunTime:0.000882s ]

[ 2014-01-06T17:04:50+08:00 ] 127.0.0.1 /yisheji/admin.php?s=/Manager/verify
INFO: [ route_check ] --START--
INFO: Run CheckRoute Behavior [ RunTime:0.000731s ]
INFO: [ route_check ] --END-- [ RunTime:0.000823s ]
INFO: [ app_begin ] --START--
INFO: Run ReadHtmlCache Behavior [ RunTime:0.000620s ]
INFO: [ app_begin ] --END-- [ RunTime:0.000675s ]
SQL: SHOW COLUMNS FROM `tb_manager` [ RunTime:0.001495s ]
NOTIC: [8] Undefined index:  admin_user C:\AppServ\www\yisheji\Home\Admin\Lib\Model\BaseModel.class.php 第 44 行.

[ 2014-01-06T17:05:00+08:00 ] 127.0.0.1 /yisheji/admin.php?s=/Manager/verify
INFO: [ route_check ] --START--
INFO: Run CheckRoute Behavior [ RunTime:0.000762s ]
INFO: [ route_check ] --END-- [ RunTime:0.000857s ]
INFO: [ app_begin ] --START--
INFO: Run ReadHtmlCache Behavior [ RunTime:0.000768s ]
INFO: [ app_begin ] --END-- [ RunTime:0.000843s ]
SQL: SHOW COLUMNS FROM `tb_manager` [ RunTime:0.001459s ]
NOTIC: [8] Undefined index:  admin_user C:\AppServ\www\yisheji\Home\Admin\Lib\Model\BaseModel.class.php 第 44 行.

