[ 2014-01-17T16:56:20+08:00 ] 0.0.0.0 /yisheji/admin.php?s=/Manager/verify
INFO: [ route_check ] --START--
INFO: Run CheckRoute Behavior [ RunTime:0.001013s ]
INFO: [ route_check ] --END-- [ RunTime:0.001078s ]
INFO: [ app_begin ] --START--
INFO: Run ReadHtmlCache Behavior [ RunTime:0.000775s ]
INFO: [ app_begin ] --END-- [ RunTime:0.000817s ]
SQL: SHOW COLUMNS FROM `tb_manager` [ RunTime:0.008025s ]
NOTIC: [8] Undefined index: admin_user F:\www\yisheji\Home\Admin\Lib\Model\BaseModel.class.php 第 45 行.

[ 2014-01-17T16:56:28+08:00 ] 0.0.0.0 /yisheji/admin.php?s=/Manager/login
INFO: [ route_check ] --START--
INFO: Run CheckRoute Behavior [ RunTime:0.001320s ]
INFO: [ route_check ] --END-- [ RunTime:0.001401s ]
INFO: [ app_begin ] --START--
INFO: Run ReadHtmlCache Behavior [ RunTime:0.001027s ]
INFO: [ app_begin ] --END-- [ RunTime:0.001090s ]
SQL: SHOW COLUMNS FROM `tb_manager` [ RunTime:0.003719s ]
NOTIC: [8] Undefined index: admin_user F:\www\yisheji\Home\Admin\Lib\Model\BaseModel.class.php 第 45 行.
SQL: SELECT * FROM `tb_manager` WHERE ( `appid` = 1 ) AND ( `account` = 'admin' ) AND ( `status` = 0 ) LIMIT 1   [ RunTime:0.000487s ]
INFO: [ view_template ] --START--
INFO: Run LocationTemplate Behavior [ RunTime:0.001859s ]
INFO: [ view_template ] --END-- [ RunTime:0.001930s ]
INFO: [ view_parse ] --START--
NOTIC: [8] Undefined variable: Title F:\www\yisheji\Home\Admin\Runtime\Cache\25e16930de30c2eddf3898c44ac6a012.php 第 11 行.
INFO: Run ParseTemplate Behavior [ RunTime:0.015254s ]
INFO: [ view_parse ] --END-- [ RunTime:0.015344s ]
INFO: [ view_filter ] --START--
INFO: Run ContentReplace Behavior [ RunTime:0.001093s ]
INFO: Run TokenBuild Behavior [ RunTime:0.001055s ]
INFO: Run WriteHtmlCache Behavior [ RunTime:0.000677s ]
INFO: Run ShowRuntime Behavior [ RunTime:0.000701s ]
INFO: [ view_filter ] --END-- [ RunTime:0.003673s ]
INFO: [ view_end ] --START--
INFO: Run ShowPageTrace Behavior [ RunTime:0.000806s ]
INFO: [ view_end ] --END-- [ RunTime:0.000845s ]

[ 2014-01-17T16:56:29+08:00 ] 0.0.0.0 /yisheji/admin.php?s=/Index/index
INFO: [ route_check ] --START--
INFO: Run CheckRoute Behavior [ RunTime:0.001593s ]
INFO: [ route_check ] --END-- [ RunTime:0.001690s ]
INFO: [ app_begin ] --START--
INFO: Run ReadHtmlCache Behavior [ RunTime:0.001265s ]
INFO: [ app_begin ] --END-- [ RunTime:0.001334s ]
INFO: [ view_template ] --START--
INFO: Run LocationTemplate Behavior [ RunTime:0.001664s ]
INFO: [ view_template ] --END-- [ RunTime:0.001755s ]
INFO: [ view_parse ] --START--
NOTIC: [8] Undefined variable: Title F:\www\yisheji\Home\Admin\Runtime\Cache\cb7f02cbf2d2ad775e98357ae17eb05e.php 第 11 行.
NOTIC: [8] Undefined variable: com F:\www\yisheji\Home\Admin\Runtime\Cache\cb7f02cbf2d2ad775e98357ae17eb05e.php 第 79 行.
NOTIC: [8] Undefined variable: com F:\www\yisheji\Home\Admin\Runtime\Cache\cb7f02cbf2d2ad775e98357ae17eb05e.php 第 80 行.
NOTIC: [8] Undefined variable: num F:\www\yisheji\Home\Admin\Runtime\Cache\cb7f02cbf2d2ad775e98357ae17eb05e.php 第 87 行.
INFO: Run ParseTemplate Behavior [ RunTime:0.011465s ]
INFO: [ view_parse ] --END-- [ RunTime:0.011538s ]
INFO: [ view_filter ] --START--
INFO: Run ContentReplace Behavior [ RunTime:0.001382s ]
INFO: Run TokenBuild Behavior [ RunTime:0.000702s ]
INFO: Run WriteHtmlCache Behavior [ RunTime:0.000587s ]
INFO: Run ShowRuntime Behavior [ RunTime:0.000722s ]
INFO: [ view_filter ] --END-- [ RunTime:0.003559s ]
INFO: [ view_end ] --START--
INFO: Run ShowPageTrace Behavior [ RunTime:0.000829s ]
INFO: [ view_end ] --END-- [ RunTime:0.000868s ]

[ 2014-01-17T16:59:55+08:00 ] 0.0.0.0 /yisheji/admin.php?s=/Reserve/index
INFO: [ route_check ] --START--
INFO: Run CheckRoute Behavior [ RunTime:0.001670s ]
INFO: [ route_check ] --END-- [ RunTime:0.001770s ]
INFO: [ app_begin ] --START--
INFO: Run ReadHtmlCache Behavior [ RunTime:0.001310s ]
INFO: [ app_begin ] --END-- [ RunTime:0.001378s ]
SQL: SHOW COLUMNS FROM `tb_reserve` [ RunTime:0.034338s ]
SQL: SELECT COUNT(*) AS tp_count FROM `tb_reserve` WHERE ( `appid` = 1 ) LIMIT 1   [ RunTime:0.000817s ]
SQL: SELECT * FROM `tb_reserve` WHERE ( `appid` = 1 ) ORDER BY createtime DESC LIMIT 0,10   [ RunTime:0.000688s ]
INFO: [ view_template ] --START--
INFO: Run LocationTemplate Behavior [ RunTime:0.002018s ]
INFO: [ view_template ] --END-- [ RunTime:0.002094s ]
INFO: [ view_parse ] --START--
NOTIC: [8] Undefined variable: Title F:\www\yisheji\Home\Admin\Runtime\Cache\ae7b754e2948ddf96bc6e1aea9ae30ce.php 第 11 行.
INFO: Run ParseTemplate Behavior [ RunTime:0.016967s ]
INFO: [ view_parse ] --END-- [ RunTime:0.017045s ]
INFO: [ view_filter ] --START--
INFO: Run ContentReplace Behavior [ RunTime:0.001111s ]
INFO: Run TokenBuild Behavior [ RunTime:0.000862s ]
INFO: Run WriteHtmlCache Behavior [ RunTime:0.000709s ]
INFO: Run ShowRuntime Behavior [ RunTime:0.000928s ]
INFO: [ view_filter ] --END-- [ RunTime:0.003787s ]
INFO: [ view_end ] --START--
INFO: Run ShowPageTrace Behavior [ RunTime:0.001190s ]
INFO: [ view_end ] --END-- [ RunTime:0.001252s ]

[ 2014-01-17T17:00:10+08:00 ] ERR: (ThinkException) 无法加载模块:Company
