[ 2014-01-22T13:34:19+08:00 ] 0.0.0.0 /yisheji/admin.php?s=/Manager/verify
INFO: [ route_check ] --START--
INFO: Run CheckRoute Behavior [ RunTime:0.000936s ]
INFO: [ route_check ] --END-- [ RunTime:0.001002s ]
INFO: [ app_begin ] --START--
INFO: Run ReadHtmlCache Behavior [ RunTime:0.000715s ]
INFO: [ app_begin ] --END-- [ RunTime:0.000755s ]
SQL: SHOW COLUMNS FROM `tb_manager` [ RunTime:0.008332s ]
NOTIC: [8] Undefined index: admin_user F:\www\yisheji\Home\Admin\Lib\Model\BaseModel.class.php 第 45 行.

[ 2014-01-22T13:34:52+08:00 ] 0.0.0.0 /yisheji/admin.php?s=/Manager/verify
INFO: [ route_check ] --START--
INFO: Run CheckRoute Behavior [ RunTime:0.001123s ]
INFO: [ route_check ] --END-- [ RunTime:0.001231s ]
INFO: [ app_begin ] --START--
INFO: Run ReadHtmlCache Behavior [ RunTime:0.000876s ]
INFO: [ app_begin ] --END-- [ RunTime:0.000928s ]
SQL: SHOW COLUMNS FROM `tb_manager` [ RunTime:0.008951s ]
NOTIC: [8] Undefined index: admin_user F:\www\yisheji\Home\Admin\Lib\Model\BaseModel.class.php 第 45 行.

[ 2014-01-22T13:34:54+08:00 ] 0.0.0.0 /yisheji/admin.php?s=/Manager/verify
INFO: [ route_check ] --START--
INFO: Run CheckRoute Behavior [ RunTime:0.001122s ]
INFO: [ route_check ] --END-- [ RunTime:0.001198s ]
INFO: [ app_begin ] --START--
INFO: Run ReadHtmlCache Behavior [ RunTime:0.000881s ]
INFO: [ app_begin ] --END-- [ RunTime:0.000934s ]
SQL: SHOW COLUMNS FROM `tb_manager` [ RunTime:0.008129s ]
NOTIC: [8] Undefined index: admin_user F:\www\yisheji\Home\Admin\Lib\Model\BaseModel.class.php 第 45 行.

[ 2014-01-22T13:35:30+08:00 ] 0.0.0.0 /yisheji/admin.php?s=/Manager/login
INFO: [ route_check ] --START--
INFO: Run CheckRoute Behavior [ RunTime:0.001211s ]
INFO: [ route_check ] --END-- [ RunTime:0.001294s ]
INFO: [ app_begin ] --START--
INFO: Run ReadHtmlCache Behavior [ RunTime:0.000920s ]
INFO: [ app_begin ] --END-- [ RunTime:0.000978s ]
SQL: SHOW COLUMNS FROM `tb_manager` [ RunTime:0.003869s ]
NOTIC: [8] Undefined index: admin_user F:\www\yisheji\Home\Admin\Lib\Model\BaseModel.class.php 第 45 行.
SQL: SELECT * FROM `tb_manager` WHERE ( `appid` = 1 ) AND ( `account` = 'admin' ) AND ( `status` = 0 ) LIMIT 1   [ RunTime:0.018012s ]
INFO: [ view_template ] --START--
INFO: Run LocationTemplate Behavior [ RunTime:0.002046s ]
INFO: [ view_template ] --END-- [ RunTime:0.002126s ]
INFO: [ view_parse ] --START--
NOTIC: [8] Undefined variable: Title F:\www\yisheji\Home\Admin\Runtime\Cache\25e16930de30c2eddf3898c44ac6a012.php 第 11 行.
INFO: Run ParseTemplate Behavior [ RunTime:0.042451s ]
INFO: [ view_parse ] --END-- [ RunTime:0.042546s ]
INFO: [ view_filter ] --START--
INFO: Run ContentReplace Behavior [ RunTime:0.000912s ]
INFO: Run TokenBuild Behavior [ RunTime:0.000893s ]
INFO: Run WriteHtmlCache Behavior [ RunTime:0.000632s ]
INFO: Run ShowRuntime Behavior [ RunTime:0.000929s ]
INFO: [ view_filter ] --END-- [ RunTime:0.003538s ]
INFO: [ view_end ] --START--
INFO: Run ShowPageTrace Behavior [ RunTime:0.001147s ]
INFO: [ view_end ] --END-- [ RunTime:0.001208s ]

[ 2014-01-22T13:35:32+08:00 ] 0.0.0.0 /yisheji/admin.php?s=/Index/index
INFO: [ route_check ] --START--
INFO: Run CheckRoute Behavior [ RunTime:0.001123s ]
INFO: [ route_check ] --END-- [ RunTime:0.001201s ]
INFO: [ app_begin ] --START--
INFO: Run ReadHtmlCache Behavior [ RunTime:0.000886s ]
INFO: [ app_begin ] --END-- [ RunTime:0.000940s ]
INFO: [ view_template ] --START--
INFO: Run LocationTemplate Behavior [ RunTime:0.014086s ]
INFO: [ view_template ] --END-- [ RunTime:0.014179s ]
INFO: [ view_parse ] --START--
NOTIC: [8] Undefined variable: Title F:\www\yisheji\Home\Admin\Runtime\Cache\cb7f02cbf2d2ad775e98357ae17eb05e.php 第 11 行.
NOTIC: [8] Undefined variable: com F:\www\yisheji\Home\Admin\Runtime\Cache\cb7f02cbf2d2ad775e98357ae17eb05e.php 第 79 行.
NOTIC: [8] Undefined variable: com F:\www\yisheji\Home\Admin\Runtime\Cache\cb7f02cbf2d2ad775e98357ae17eb05e.php 第 80 行.
NOTIC: [8] Undefined variable: num F:\www\yisheji\Home\Admin\Runtime\Cache\cb7f02cbf2d2ad775e98357ae17eb05e.php 第 87 行.
INFO: Run ParseTemplate Behavior [ RunTime:0.012095s ]
INFO: [ view_parse ] --END-- [ RunTime:0.012163s ]
INFO: [ view_filter ] --START--
INFO: Run ContentReplace Behavior [ RunTime:0.000634s ]
INFO: Run TokenBuild Behavior [ RunTime:0.000537s ]
INFO: Run WriteHtmlCache Behavior [ RunTime:0.000369s ]
INFO: Run ShowRuntime Behavior [ RunTime:0.000571s ]
INFO: [ view_filter ] --END-- [ RunTime:0.002222s ]
INFO: [ view_end ] --START--
INFO: Run ShowPageTrace Behavior [ RunTime:0.000691s ]
INFO: [ view_end ] --END-- [ RunTime:0.000729s ]

[ 2014-01-22T13:35:35+08:00 ] 0.0.0.0 /yisheji/admin.php?s=/Company/index
INFO: [ route_check ] --START--
INFO: Run CheckRoute Behavior [ RunTime:0.000951s ]
INFO: [ route_check ] --END-- [ RunTime:0.001059s ]
INFO: [ app_begin ] --START--
INFO: Run ReadHtmlCache Behavior [ RunTime:0.001091s ]
INFO: [ app_begin ] --END-- [ RunTime:0.001155s ]
SQL: SHOW COLUMNS FROM `tb_company` [ RunTime:0.041650s ]
SQL: SELECT COUNT(*) AS tp_count FROM `tb_company` WHERE ( `appid` = 1 ) LIMIT 1   [ RunTime:0.029773s ]
SQL: SELECT * FROM `tb_company` WHERE ( `appid` = 1 ) ORDER BY createtime DESC LIMIT 0,10   [ RunTime:0.001073s ]
SQL: SHOW COLUMNS FROM `tb_file` [ RunTime:0.039651s ]
SQL: SELECT * FROM `tb_file` WHERE ( `appid` = 1 ) AND ( `id` = 57 ) LIMIT 1   [ RunTime:0.000901s ]
INFO: [ view_template ] --START--
INFO: Run LocationTemplate Behavior [ RunTime:0.020210s ]
INFO: [ view_template ] --END-- [ RunTime:0.020345s ]
INFO: [ view_parse ] --START--
NOTIC: [8] Undefined variable: Title F:\www\yisheji\Home\Admin\Runtime\Cache\1aef20e5ea148302519f294cb2845321.php 第 11 行.
INFO: Run ParseTemplate Behavior [ RunTime:0.022336s ]
INFO: [ view_parse ] --END-- [ RunTime:0.022433s ]
INFO: [ view_filter ] --START--
INFO: Run ContentReplace Behavior [ RunTime:0.001144s ]
INFO: Run TokenBuild Behavior [ RunTime:0.000862s ]
INFO: Run WriteHtmlCache Behavior [ RunTime:0.000574s ]
INFO: Run ShowRuntime Behavior [ RunTime:0.000937s ]
INFO: [ view_filter ] --END-- [ RunTime:0.003694s ]
INFO: [ view_end ] --START--
INFO: Run ShowPageTrace Behavior [ RunTime:0.001075s ]
INFO: [ view_end ] --END-- [ RunTime:0.001137s ]

[ 2014-01-22T13:35:40+08:00 ] 0.0.0.0 /yisheji/admin.php?s=/User/index
INFO: [ route_check ] --START--
INFO: Run CheckRoute Behavior [ RunTime:0.000863s ]
INFO: [ route_check ] --END-- [ RunTime:0.000926s ]
INFO: [ app_begin ] --START--
INFO: Run ReadHtmlCache Behavior [ RunTime:0.000673s ]
INFO: [ app_begin ] --END-- [ RunTime:0.000715s ]
SQL: SHOW COLUMNS FROM `tb_user` [ RunTime:0.028659s ]
SQL: SELECT COUNT(*) AS tp_count FROM `tb_user` WHERE ( `appid` = 1 ) LIMIT 1   [ RunTime:0.000811s ]
SQL: SELECT * FROM `tb_user` WHERE ( `appid` = 1 ) ORDER BY createtime DESC LIMIT 0,10   [ RunTime:0.001397s ]
INFO: [ view_template ] --START--
INFO: Run LocationTemplate Behavior [ RunTime:0.022733s ]
INFO: [ view_template ] --END-- [ RunTime:0.022800s ]
INFO: [ view_parse ] --START--
NOTIC: [8] Undefined variable: Title F:\www\yisheji\Home\Admin\Runtime\Cache\f8a160c5f2f8255a2fc1fdc13ff4e110.php 第 11 行.
INFO: Run ParseTemplate Behavior [ RunTime:0.010585s ]
INFO: [ view_parse ] --END-- [ RunTime:0.010636s ]
INFO: [ view_filter ] --START--
INFO: Run ContentReplace Behavior [ RunTime:0.000646s ]
INFO: Run TokenBuild Behavior [ RunTime:0.000531s ]
INFO: Run WriteHtmlCache Behavior [ RunTime:0.000357s ]
INFO: Run ShowRuntime Behavior [ RunTime:0.000569s ]
INFO: [ view_filter ] --END-- [ RunTime:0.002212s ]
INFO: [ view_end ] --START--
INFO: Run ShowPageTrace Behavior [ RunTime:0.000756s ]
INFO: [ view_end ] --END-- [ RunTime:0.000803s ]

[ 2014-01-22T13:41:51+08:00 ] 0.0.0.0 /yisheji/admin.php?s=/Company/index
INFO: [ route_check ] --START--
INFO: Run CheckRoute Behavior [ RunTime:0.001714s ]
INFO: [ route_check ] --END-- [ RunTime:0.001802s ]
INFO: [ app_begin ] --START--
INFO: Run ReadHtmlCache Behavior [ RunTime:0.000947s ]
INFO: [ app_begin ] --END-- [ RunTime:0.001008s ]
SQL: SHOW COLUMNS FROM `tb_company` [ RunTime:0.004839s ]
SQL: SELECT COUNT(*) AS tp_count FROM `tb_company` WHERE ( `appid` = 1 ) LIMIT 1   [ RunTime:0.000504s ]
SQL: SELECT * FROM `tb_company` WHERE ( `appid` = 1 ) ORDER BY createtime DESC LIMIT 0,10   [ RunTime:0.000456s ]
SQL: SHOW COLUMNS FROM `tb_file` [ RunTime:0.004741s ]
SQL: SELECT * FROM `tb_file` WHERE ( `appid` = 1 ) AND ( `id` = 57 ) LIMIT 1   [ RunTime:0.000610s ]
INFO: [ view_template ] --START--
INFO: Run LocationTemplate Behavior [ RunTime:0.001664s ]
INFO: [ view_template ] --END-- [ RunTime:0.001734s ]
INFO: [ view_parse ] --START--
NOTIC: [8] Undefined variable: Title F:\www\yisheji\Home\Admin\Runtime\Cache\1aef20e5ea148302519f294cb2845321.php 第 11 行.
INFO: Run ParseTemplate Behavior [ RunTime:0.015566s ]
INFO: [ view_parse ] --END-- [ RunTime:0.015629s ]
INFO: [ view_filter ] --START--
INFO: Run ContentReplace Behavior [ RunTime:0.000669s ]
INFO: Run TokenBuild Behavior [ RunTime:0.000479s ]
INFO: Run WriteHtmlCache Behavior [ RunTime:0.000438s ]
INFO: Run ShowRuntime Behavior [ RunTime:0.000569s ]
INFO: [ view_filter ] --END-- [ RunTime:0.002262s ]
INFO: [ view_end ] --START--
INFO: Run ShowPageTrace Behavior [ RunTime:0.000699s ]
INFO: [ view_end ] --END-- [ RunTime:0.000741s ]

[ 2014-01-22T13:42:03+08:00 ] 0.0.0.0 /yisheji/admin.php?s=/User/index
INFO: [ route_check ] --START--
INFO: Run CheckRoute Behavior [ RunTime:0.002134s ]
INFO: [ route_check ] --END-- [ RunTime:0.002242s ]
INFO: [ app_begin ] --START--
INFO: Run ReadHtmlCache Behavior [ RunTime:0.001297s ]
INFO: [ app_begin ] --END-- [ RunTime:0.001367s ]
SQL: SHOW COLUMNS FROM `tb_user` [ RunTime:0.003837s ]
SQL: SELECT COUNT(*) AS tp_count FROM `tb_user` WHERE ( `appid` = 1 ) LIMIT 1   [ RunTime:0.000473s ]
SQL: SELECT * FROM `tb_user` WHERE ( `appid` = 1 ) ORDER BY createtime DESC LIMIT 0,10   [ RunTime:0.001045s ]
INFO: [ view_template ] --START--
INFO: Run LocationTemplate Behavior [ RunTime:0.001451s ]
INFO: [ view_template ] --END-- [ RunTime:0.001517s ]
INFO: [ view_parse ] --START--
NOTIC: [8] Undefined variable: Title F:\www\yisheji\Home\Admin\Runtime\Cache\f8a160c5f2f8255a2fc1fdc13ff4e110.php 第 11 行.
INFO: Run ParseTemplate Behavior [ RunTime:0.013311s ]
INFO: [ view_parse ] --END-- [ RunTime:0.013371s ]
INFO: [ view_filter ] --START--
INFO: Run ContentReplace Behavior [ RunTime:0.000946s ]
INFO: Run TokenBuild Behavior [ RunTime:0.000737s ]
INFO: Run WriteHtmlCache Behavior [ RunTime:0.000569s ]
INFO: Run ShowRuntime Behavior [ RunTime:0.000692s ]
INFO: [ view_filter ] --END-- [ RunTime:0.003065s ]
INFO: [ view_end ] --START--
INFO: Run ShowPageTrace Behavior [ RunTime:0.000913s ]
INFO: [ view_end ] --END-- [ RunTime:0.000963s ]

[ 2014-01-22T13:42:05+08:00 ] 0.0.0.0 /yisheji/admin.php?s=/House/index
INFO: [ route_check ] --START--
INFO: Run CheckRoute Behavior [ RunTime:0.000943s ]
INFO: [ route_check ] --END-- [ RunTime:0.001010s ]
INFO: [ app_begin ] --START--
INFO: Run ReadHtmlCache Behavior [ RunTime:0.000785s ]
INFO: [ app_begin ] --END-- [ RunTime:0.000828s ]
SQL: SHOW COLUMNS FROM `tb_house` [ RunTime:0.005526s ]
SQL: SELECT COUNT(*) AS tp_count FROM `tb_house` WHERE ( `appid` = 1 ) LIMIT 1   [ RunTime:0.022824s ]
SQL: SELECT * FROM `tb_house` WHERE ( `appid` = 1 ) ORDER BY createtime DESC LIMIT 0,10   [ RunTime:0.000801s ]
INFO: [ view_template ] --START--
INFO: Run LocationTemplate Behavior [ RunTime:0.053340s ]
INFO: [ view_template ] --END-- [ RunTime:0.053439s ]
INFO: [ view_parse ] --START--
NOTIC: [8] Undefined variable: Title F:\www\yisheji\Home\Admin\Runtime\Cache\5800dcec59b69ebf063b2a914bf2dee5.php 第 11 行.
INFO: Run ParseTemplate Behavior [ RunTime:0.059067s ]
INFO: [ view_parse ] --END-- [ RunTime:0.059189s ]
INFO: [ view_filter ] --START--
INFO: Run ContentReplace Behavior [ RunTime:0.001353s ]
INFO: Run TokenBuild Behavior [ RunTime:0.001072s ]
INFO: Run WriteHtmlCache Behavior [ RunTime:0.000934s ]
INFO: Run ShowRuntime Behavior [ RunTime:0.001504s ]
INFO: [ view_filter ] --END-- [ RunTime:0.005068s ]
INFO: [ view_end ] --START--
INFO: Run ShowPageTrace Behavior [ RunTime:0.001355s ]
INFO: [ view_end ] --END-- [ RunTime:0.001420s ]

[ 2014-01-22T13:42:10+08:00 ] 0.0.0.0 /yisheji/admin.php?s=/Case/index
INFO: [ route_check ] --START--
INFO: Run CheckRoute Behavior [ RunTime:0.001499s ]
INFO: [ route_check ] --END-- [ RunTime:0.001591s ]
INFO: [ app_begin ] --START--
INFO: Run ReadHtmlCache Behavior [ RunTime:0.000912s ]
INFO: [ app_begin ] --END-- [ RunTime:0.000956s ]
SQL: SHOW COLUMNS FROM `tb_case` [ RunTime:0.011861s ]
SQL: SELECT COUNT(*) AS tp_count FROM `tb_case` WHERE ( `appid` = 1 ) LIMIT 1   [ RunTime:0.010478s ]
SQL: SELECT * FROM `tb_case` WHERE ( `appid` = 1 ) ORDER BY createtime DESC LIMIT 0,10   [ RunTime:0.001462s ]
INFO: [ view_template ] --START--
INFO: Run LocationTemplate Behavior [ RunTime:0.022992s ]
INFO: [ view_template ] --END-- [ RunTime:0.023174s ]
INFO: [ view_parse ] --START--
NOTIC: [8] Undefined variable: Title F:\www\yisheji\Home\Admin\Runtime\Cache\aa86707872d2e1162afb3a9cc45666a6.php 第 11 行.
INFO: Run ParseTemplate Behavior [ RunTime:0.017525s ]
INFO: [ view_parse ] --END-- [ RunTime:0.017603s ]
INFO: [ view_filter ] --START--
INFO: Run ContentReplace Behavior [ RunTime:0.001109s ]
INFO: Run TokenBuild Behavior [ RunTime:0.000921s ]
INFO: Run WriteHtmlCache Behavior [ RunTime:0.000786s ]
INFO: Run ShowRuntime Behavior [ RunTime:0.001021s ]
INFO: [ view_filter ] --END-- [ RunTime:0.004017s ]
INFO: [ view_end ] --START--
INFO: Run ShowPageTrace Behavior [ RunTime:0.001196s ]
INFO: [ view_end ] --END-- [ RunTime:0.001262s ]

[ 2014-01-22T13:49:28+08:00 ] 0.0.0.0 /yisheji/admin.php
INFO: [ app_begin ] --START--
INFO: Run ReadHtmlCache Behavior [ RunTime:0.000686s ]
INFO: [ app_begin ] --END-- [ RunTime:0.000748s ]
INFO: [ view_template ] --START--
INFO: Run LocationTemplate Behavior [ RunTime:0.000949s ]
INFO: [ view_template ] --END-- [ RunTime:0.001002s ]
INFO: [ view_parse ] --START--
NOTIC: [8] Undefined variable: Title F:\www\yisheji\Home\Admin\Runtime\Cache\cb7f02cbf2d2ad775e98357ae17eb05e.php 第 11 行.
NOTIC: [8] Undefined variable: com F:\www\yisheji\Home\Admin\Runtime\Cache\cb7f02cbf2d2ad775e98357ae17eb05e.php 第 79 行.
NOTIC: [8] Undefined variable: com F:\www\yisheji\Home\Admin\Runtime\Cache\cb7f02cbf2d2ad775e98357ae17eb05e.php 第 80 行.
NOTIC: [8] Undefined variable: num F:\www\yisheji\Home\Admin\Runtime\Cache\cb7f02cbf2d2ad775e98357ae17eb05e.php 第 87 行.
INFO: Run ParseTemplate Behavior [ RunTime:0.010219s ]
INFO: [ view_parse ] --END-- [ RunTime:0.010266s ]
INFO: [ view_filter ] --START--
INFO: Run ContentReplace Behavior [ RunTime:0.000660s ]
INFO: Run TokenBuild Behavior [ RunTime:0.000548s ]
INFO: Run WriteHtmlCache Behavior [ RunTime:0.000396s ]
INFO: Run ShowRuntime Behavior [ RunTime:0.000580s ]
INFO: [ view_filter ] --END-- [ RunTime:0.002301s ]
INFO: [ view_end ] --START--
INFO: Run ShowPageTrace Behavior [ RunTime:0.000708s ]
INFO: [ view_end ] --END-- [ RunTime:0.000748s ]

[ 2014-01-22T13:49:32+08:00 ] 0.0.0.0 /yisheji/admin.php?s=/User/index
INFO: [ route_check ] --START--
INFO: Run CheckRoute Behavior [ RunTime:0.001051s ]
INFO: [ route_check ] --END-- [ RunTime:0.001129s ]
INFO: [ app_begin ] --START--
INFO: Run ReadHtmlCache Behavior [ RunTime:0.000851s ]
INFO: [ app_begin ] --END-- [ RunTime:0.000903s ]
SQL: SHOW COLUMNS FROM `tb_user` [ RunTime:0.005395s ]
SQL: SELECT COUNT(*) AS tp_count FROM `tb_user` WHERE ( `appid` = 1 ) LIMIT 1   [ RunTime:0.000770s ]
SQL: SELECT * FROM `tb_user` WHERE ( `appid` = 1 ) ORDER BY createtime DESC LIMIT 0,10   [ RunTime:0.001320s ]
INFO: [ view_template ] --START--
INFO: Run LocationTemplate Behavior [ RunTime:0.001445s ]
INFO: [ view_template ] --END-- [ RunTime:0.001519s ]
INFO: [ view_parse ] --START--
NOTIC: [8] Undefined variable: Title F:\www\yisheji\Home\Admin\Runtime\Cache\f8a160c5f2f8255a2fc1fdc13ff4e110.php 第 11 行.
INFO: Run ParseTemplate Behavior [ RunTime:0.016270s ]
INFO: [ view_parse ] --END-- [ RunTime:0.016344s ]
INFO: [ view_filter ] --START--
INFO: Run ContentReplace Behavior [ RunTime:0.000994s ]
INFO: Run TokenBuild Behavior [ RunTime:0.000859s ]
INFO: Run WriteHtmlCache Behavior [ RunTime:0.000572s ]
INFO: Run ShowRuntime Behavior [ RunTime:0.000932s ]
INFO: [ view_filter ] --END-- [ RunTime:0.003533s ]
INFO: [ view_end ] --START--
INFO: Run ShowPageTrace Behavior [ RunTime:0.001177s ]
INFO: [ view_end ] --END-- [ RunTime:0.001254s ]

[ 2014-01-22T13:49:45+08:00 ] 0.0.0.0 /yisheji/admin.php?s=/Score/index
INFO: [ route_check ] --START--
INFO: Run CheckRoute Behavior [ RunTime:0.001385s ]
INFO: [ route_check ] --END-- [ RunTime:0.002098s ]
INFO: [ app_begin ] --START--
INFO: Run ReadHtmlCache Behavior [ RunTime:0.001475s ]
INFO: [ app_begin ] --END-- [ RunTime:0.001592s ]
SQL: SHOW COLUMNS FROM `tb_score` [ RunTime:0.005104s ]
SQL: SELECT COUNT(*) AS tp_count FROM `tb_score` WHERE ( `appid` = 1 ) LIMIT 1   [ RunTime:0.020621s ]
SQL: SELECT * FROM `tb_score` WHERE ( `appid` = 1 ) ORDER BY createtime DESC LIMIT 0,10   [ RunTime:0.000890s ]
INFO: [ view_template ] --START--
INFO: Run LocationTemplate Behavior [ RunTime:0.029224s ]
INFO: [ view_template ] --END-- [ RunTime:0.029338s ]
INFO: [ view_parse ] --START--
NOTIC: [8] Undefined variable: Title F:\www\yisheji\Home\Admin\Runtime\Cache\4bd5a669b632862e2baa91f96344aab2.php 第 11 行.
INFO: Run ParseTemplate Behavior [ RunTime:0.211646s ]
INFO: [ view_parse ] --END-- [ RunTime:0.211725s ]
INFO: [ view_filter ] --START--
INFO: Run ContentReplace Behavior [ RunTime:0.000880s ]
INFO: Run TokenBuild Behavior [ RunTime:0.000526s ]
INFO: Run WriteHtmlCache Behavior [ RunTime:0.000561s ]
INFO: Run ShowRuntime Behavior [ RunTime:0.000732s ]
INFO: [ view_filter ] --END-- [ RunTime:0.002840s ]
INFO: [ view_end ] --START--
INFO: Run ShowPageTrace Behavior [ RunTime:0.000899s ]
INFO: [ view_end ] --END-- [ RunTime:0.000948s ]

[ 2014-01-22T13:49:53+08:00 ] 0.0.0.0 /yisheji/admin.php?s=/Question/index
INFO: [ route_check ] --START--
INFO: Run CheckRoute Behavior [ RunTime:0.001092s ]
INFO: [ route_check ] --END-- [ RunTime:0.001182s ]
INFO: [ app_begin ] --START--
INFO: Run ReadHtmlCache Behavior [ RunTime:0.000878s ]
INFO: [ app_begin ] --END-- [ RunTime:0.000932s ]
SQL: SHOW COLUMNS FROM `tb_question` [ RunTime:0.004663s ]
SQL: SELECT COUNT(*) AS tp_count FROM `tb_question` WHERE ( `appid` = 1 ) LIMIT 1   [ RunTime:0.021515s ]
SQL: SELECT * FROM `tb_question` WHERE ( `appid` = 1 ) ORDER BY createtime DESC LIMIT 0,10   [ RunTime:0.000674s ]
NOTIC: [8] Use of undefined constant __GROUP__ - assumed '__GROUP__' F:\www\yisheji\Home\Admin\Lib\Model\BaseModel.class.php 第 775 行.
NOTIC: [8] Use of undefined constant __GROUP__ - assumed '__GROUP__' F:\www\yisheji\Home\Admin\Lib\Model\BaseModel.class.php 第 775 行.
NOTIC: [8] Use of undefined constant __GROUP__ - assumed '__GROUP__' F:\www\yisheji\Home\Admin\Lib\Model\BaseModel.class.php 第 775 行.
NOTIC: [8] Use of undefined constant __GROUP__ - assumed '__GROUP__' F:\www\yisheji\Home\Admin\Lib\Model\BaseModel.class.php 第 775 行.
NOTIC: [8] Use of undefined constant __GROUP__ - assumed '__GROUP__' F:\www\yisheji\Home\Admin\Lib\Model\BaseModel.class.php 第 775 行.
NOTIC: [8] Use of undefined constant __GROUP__ - assumed '__GROUP__' F:\www\yisheji\Home\Admin\Lib\Model\BaseModel.class.php 第 775 行.
NOTIC: [8] Use of undefined constant __GROUP__ - assumed '__GROUP__' F:\www\yisheji\Home\Admin\Lib\Model\BaseModel.class.php 第 775 行.
NOTIC: [8] Use of undefined constant __GROUP__ - assumed '__GROUP__' F:\www\yisheji\Home\Admin\Lib\Model\BaseModel.class.php 第 775 行.
NOTIC: [8] Use of undefined constant __GROUP__ - assumed '__GROUP__' F:\www\yisheji\Home\Admin\Lib\Model\BaseModel.class.php 第 775 行.
NOTIC: [8] Use of undefined constant __GROUP__ - assumed '__GROUP__' F:\www\yisheji\Home\Admin\Lib\Model\BaseModel.class.php 第 775 行.
NOTIC: [8] Use of undefined constant __GROUP__ - assumed '__GROUP__' F:\www\yisheji\Home\Admin\Lib\Model\BaseModel.class.php 第 775 行.
NOTIC: [8] Use of undefined constant __GROUP__ - assumed '__GROUP__' F:\www\yisheji\Home\Admin\Lib\Model\BaseModel.class.php 第 775 行.
NOTIC: [8] Use of undefined constant __GROUP__ - assumed '__GROUP__' F:\www\yisheji\Home\Admin\Lib\Model\BaseModel.class.php 第 775 行.
NOTIC: [8] Use of undefined constant __GROUP__ - assumed '__GROUP__' F:\www\yisheji\Home\Admin\Lib\Model\BaseModel.class.php 第 775 行.
NOTIC: [8] Use of undefined constant __GROUP__ - assumed '__GROUP__' F:\www\yisheji\Home\Admin\Lib\Model\BaseModel.class.php 第 775 行.
NOTIC: [8] Use of undefined constant __GROUP__ - assumed '__GROUP__' F:\www\yisheji\Home\Admin\Lib\Model\BaseModel.class.php 第 775 行.
NOTIC: [8] Use of undefined constant __GROUP__ - assumed '__GROUP__' F:\www\yisheji\Home\Admin\Lib\Model\BaseModel.class.php 第 775 行.
NOTIC: [8] Use of undefined constant __GROUP__ - assumed '__GROUP__' F:\www\yisheji\Home\Admin\Lib\Model\BaseModel.class.php 第 775 行.
NOTIC: [8] Use of undefined constant __GROUP__ - assumed '__GROUP__' F:\www\yisheji\Home\Admin\Lib\Model\BaseModel.class.php 第 775 行.
NOTIC: [8] Use of undefined constant __GROUP__ - assumed '__GROUP__' F:\www\yisheji\Home\Admin\Lib\Model\BaseModel.class.php 第 775 行.
INFO: [ view_template ] --START--
INFO: Run LocationTemplate Behavior [ RunTime:0.002360s ]
INFO: [ view_template ] --END-- [ RunTime:0.002455s ]
INFO: [ view_parse ] --START--
NOTIC: [8] Undefined variable: Title F:\www\yisheji\Home\Admin\Runtime\Cache\8b06b72d865e4e5225073c31792bb14a.php 第 11 行.
INFO: Run ParseTemplate Behavior [ RunTime:0.016289s ]
INFO: [ view_parse ] --END-- [ RunTime:0.016367s ]
INFO: [ view_filter ] --START--
INFO: Run ContentReplace Behavior [ RunTime:0.000653s ]
INFO: Run TokenBuild Behavior [ RunTime:0.000416s ]
INFO: Run WriteHtmlCache Behavior [ RunTime:0.000444s ]
INFO: Run ShowRuntime Behavior [ RunTime:0.000630s ]
INFO: [ view_filter ] --END-- [ RunTime:0.002250s ]
INFO: [ view_end ] --START--
INFO: Run ShowPageTrace Behavior [ RunTime:0.000895s ]
INFO: [ view_end ] --END-- [ RunTime:0.000948s ]

[ 2014-01-22T13:49:56+08:00 ] 0.0.0.0 /yisheji/admin.php?s=/Question/edit/id/12
INFO: [ route_check ] --START--
INFO: Run CheckRoute Behavior [ RunTime:0.001373s ]
INFO: [ route_check ] --END-- [ RunTime:0.001468s ]
INFO: [ app_begin ] --START--
INFO: Run ReadHtmlCache Behavior [ RunTime:0.001410s ]
INFO: [ app_begin ] --END-- [ RunTime:0.001503s ]
SQL: SHOW COLUMNS FROM `tb_question` [ RunTime:0.004356s ]
SQL: SELECT * FROM `tb_question` WHERE ( `appid` = 1 ) AND ( `id` = 12 ) LIMIT 1   [ RunTime:0.000575s ]
NOTIC: [8] Undefined offset: 2 F:\www\yisheji\Home\Admin\Lib\Model\BaseModel.class.php 第 442 行.
NOTIC: [8] Undefined offset: 2 F:\www\yisheji\Home\Admin\Lib\Model\BaseModel.class.php 第 466 行.
NOTIC: [8] Undefined offset: 2 F:\www\yisheji\Home\Admin\Lib\Model\BaseModel.class.php 第 442 行.
NOTIC: [8] Undefined offset: 2 F:\www\yisheji\Home\Admin\Lib\Model\BaseModel.class.php 第 466 行.
INFO: [ view_template ] --START--
INFO: Run LocationTemplate Behavior [ RunTime:0.001777s ]
INFO: [ view_template ] --END-- [ RunTime:0.001847s ]
INFO: [ view_parse ] --START--
NOTIC: [8] Undefined variable: Title F:\www\yisheji\Home\Admin\Runtime\Cache\68cf44ec758c40b1a3e5218cc0702d86.php 第 11 行.
INFO: Run ParseTemplate Behavior [ RunTime:0.016107s ]
INFO: [ view_parse ] --END-- [ RunTime:0.016194s ]
INFO: [ view_filter ] --START--
INFO: Run ContentReplace Behavior [ RunTime:0.000910s ]
INFO: Run TokenBuild Behavior [ RunTime:0.000648s ]
INFO: Run WriteHtmlCache Behavior [ RunTime:0.000715s ]
INFO: Run ShowRuntime Behavior [ RunTime:0.001318s ]
INFO: [ view_filter ] --END-- [ RunTime:0.003771s ]
INFO: [ view_end ] --START--
INFO: Run ShowPageTrace Behavior [ RunTime:0.001255s ]
INFO: [ view_end ] --END-- [ RunTime:0.001322s ]

[ 2014-01-22T13:58:05+08:00 ] 0.0.0.0 /yisheji/admin.php?s=/Company/index
INFO: [ route_check ] --START--
INFO: Run CheckRoute Behavior [ RunTime:0.001199s ]
INFO: [ route_check ] --END-- [ RunTime:0.001278s ]
INFO: [ app_begin ] --START--
INFO: Run ReadHtmlCache Behavior [ RunTime:0.000838s ]
INFO: [ app_begin ] --END-- [ RunTime:0.000889s ]
SQL: SHOW COLUMNS FROM `tb_company` [ RunTime:0.005002s ]
SQL: SELECT COUNT(*) AS tp_count FROM `tb_company` WHERE ( `appid` = 1 ) LIMIT 1   [ RunTime:0.000565s ]
SQL: SELECT * FROM `tb_company` WHERE ( `appid` = 1 ) ORDER BY createtime DESC LIMIT 0,10   [ RunTime:0.000653s ]
SQL: SHOW COLUMNS FROM `tb_file` [ RunTime:0.004653s ]
SQL: SELECT * FROM `tb_file` WHERE ( `appid` = 1 ) AND ( `id` = 57 ) LIMIT 1   [ RunTime:0.000635s ]
INFO: [ view_template ] --START--
INFO: Run LocationTemplate Behavior [ RunTime:0.001702s ]
INFO: [ view_template ] --END-- [ RunTime:0.001777s ]
INFO: [ view_parse ] --START--
NOTIC: [8] Undefined variable: Title F:\www\yisheji\Home\Admin\Runtime\Cache\1aef20e5ea148302519f294cb2845321.php 第 11 行.
INFO: Run ParseTemplate Behavior [ RunTime:0.016844s ]
INFO: [ view_parse ] --END-- [ RunTime:0.016919s ]
INFO: [ view_filter ] --START--
INFO: Run ContentReplace Behavior [ RunTime:0.000924s ]
INFO: Run TokenBuild Behavior [ RunTime:0.000495s ]
INFO: Run WriteHtmlCache Behavior [ RunTime:0.000441s ]
INFO: Run ShowRuntime Behavior [ RunTime:0.000579s ]
INFO: [ view_filter ] --END-- [ RunTime:0.002557s ]
INFO: [ view_end ] --START--
INFO: Run ShowPageTrace Behavior [ RunTime:0.000687s ]
INFO: [ view_end ] --END-- [ RunTime:0.000725s ]

[ 2014-01-22T13:58:35+08:00 ] 0.0.0.0 /yisheji/admin.php?s=/Company/index
INFO: [ route_check ] --START--
INFO: Run CheckRoute Behavior [ RunTime:0.001405s ]
INFO: [ route_check ] --END-- [ RunTime:0.001493s ]
INFO: [ app_begin ] --START--
INFO: Run ReadHtmlCache Behavior [ RunTime:0.000868s ]
INFO: [ app_begin ] --END-- [ RunTime:0.000922s ]
SQL: SHOW COLUMNS FROM `tb_company` [ RunTime:0.009164s ]
SQL: SELECT COUNT(*) AS tp_count FROM `tb_company` WHERE ( `appid` = 1 ) LIMIT 1   [ RunTime:0.000513s ]
SQL: SELECT * FROM `tb_company` WHERE ( `appid` = 1 ) ORDER BY createtime DESC LIMIT 0,10   [ RunTime:0.000667s ]
SQL: SHOW COLUMNS FROM `tb_file` [ RunTime:0.004458s ]
SQL: SELECT * FROM `tb_file` WHERE ( `appid` = 1 ) AND ( `id` = 57 ) LIMIT 1   [ RunTime:0.000467s ]
INFO: [ view_template ] --START--
INFO: Run LocationTemplate Behavior [ RunTime:0.001696s ]
INFO: [ view_template ] --END-- [ RunTime:0.001783s ]
INFO: [ view_parse ] --START--
NOTIC: [8] Undefined variable: Title F:\www\yisheji\Home\Admin\Runtime\Cache\1aef20e5ea148302519f294cb2845321.php 第 11 行.
INFO: Run ParseTemplate Behavior [ RunTime:0.015698s ]
INFO: [ view_parse ] --END-- [ RunTime:0.015759s ]
INFO: [ view_filter ] --START--
INFO: Run ContentReplace Behavior [ RunTime:0.000651s ]
INFO: Run TokenBuild Behavior [ RunTime:0.000412s ]
INFO: Run WriteHtmlCache Behavior [ RunTime:0.000451s ]
INFO: Run ShowRuntime Behavior [ RunTime:0.000572s ]
INFO: [ view_filter ] --END-- [ RunTime:0.002196s ]
INFO: [ view_end ] --START--
INFO: Run ShowPageTrace Behavior [ RunTime:0.000701s ]
INFO: [ view_end ] --END-- [ RunTime:0.000740s ]

[ 2014-01-22T13:58:56+08:00 ] 0.0.0.0 /yisheji/admin.php?s=/Company/index
INFO: [ route_check ] --START--
INFO: Run CheckRoute Behavior [ RunTime:0.001087s ]
INFO: [ route_check ] --END-- [ RunTime:0.001165s ]
INFO: [ app_begin ] --START--
INFO: Run ReadHtmlCache Behavior [ RunTime:0.000843s ]
INFO: [ app_begin ] --END-- [ RunTime:0.000893s ]
SQL: SHOW COLUMNS FROM `tb_company` [ RunTime:0.004536s ]
SQL: SELECT COUNT(*) AS tp_count FROM `tb_company` WHERE ( `appid` = 1 ) LIMIT 1   [ RunTime:0.000519s ]
SQL: SELECT * FROM `tb_company` WHERE ( `appid` = 1 ) ORDER BY createtime DESC LIMIT 0,10   [ RunTime:0.000620s ]
SQL: SHOW COLUMNS FROM `tb_file` [ RunTime:0.003995s ]
SQL: SELECT * FROM `tb_file` WHERE ( `appid` = 1 ) AND ( `id` = 57 ) LIMIT 1   [ RunTime:0.000564s ]
INFO: [ view_template ] --START--
INFO: Run LocationTemplate Behavior [ RunTime:0.001597s ]
INFO: [ view_template ] --END-- [ RunTime:0.001748s ]
INFO: [ view_parse ] --START--
NOTIC: [8] Undefined variable: Title F:\www\yisheji\Home\Admin\Runtime\Cache\1aef20e5ea148302519f294cb2845321.php 第 11 行.
INFO: Run ParseTemplate Behavior [ RunTime:0.015874s ]
INFO: [ view_parse ] --END-- [ RunTime:0.015935s ]
INFO: [ view_filter ] --START--
INFO: Run ContentReplace Behavior [ RunTime:0.000649s ]
INFO: Run TokenBuild Behavior [ RunTime:0.000409s ]
INFO: Run WriteHtmlCache Behavior [ RunTime:0.000474s ]
INFO: Run ShowRuntime Behavior [ RunTime:0.000583s ]
INFO: [ view_filter ] --END-- [ RunTime:0.002225s ]
INFO: [ view_end ] --START--
INFO: Run ShowPageTrace Behavior [ RunTime:0.001689s ]
INFO: [ view_end ] --END-- [ RunTime:0.001771s ]

[ 2014-01-22T13:59:12+08:00 ] ERR: (ThinkException) 模板不存在[Home/Admin/Tpl/default/Company/add.html]
[ 2014-01-22T13:59:37+08:00 ] 0.0.0.0 /yisheji/admin.php?s=/Company/index
INFO: [ route_check ] --START--
INFO: Run CheckRoute Behavior [ RunTime:0.001048s ]
INFO: [ route_check ] --END-- [ RunTime:0.001162s ]
INFO: [ app_begin ] --START--
INFO: Run ReadHtmlCache Behavior [ RunTime:0.001399s ]
INFO: [ app_begin ] --END-- [ RunTime:0.001463s ]
SQL: SHOW COLUMNS FROM `tb_company` [ RunTime:0.002857s ]
SQL: SELECT COUNT(*) AS tp_count FROM `tb_company` WHERE ( `appid` = 1 ) LIMIT 1   [ RunTime:0.000415s ]
SQL: SELECT * FROM `tb_company` WHERE ( `appid` = 1 ) ORDER BY createtime DESC LIMIT 0,10   [ RunTime:0.000471s ]
SQL: SHOW COLUMNS FROM `tb_file` [ RunTime:0.002687s ]
SQL: SELECT * FROM `tb_file` WHERE ( `appid` = 1 ) AND ( `id` = 57 ) LIMIT 1   [ RunTime:0.000463s ]
INFO: [ view_template ] --START--
INFO: Run LocationTemplate Behavior [ RunTime:0.001017s ]
INFO: [ view_template ] --END-- [ RunTime:0.001064s ]
INFO: [ view_parse ] --START--
NOTIC: [8] Undefined variable: Title F:\www\yisheji\Home\Admin\Runtime\Cache\1aef20e5ea148302519f294cb2845321.php 第 11 行.
INFO: Run ParseTemplate Behavior [ RunTime:0.009970s ]
INFO: [ view_parse ] --END-- [ RunTime:0.010019s ]
INFO: [ view_filter ] --START--
INFO: Run ContentReplace Behavior [ RunTime:0.000613s ]
INFO: Run TokenBuild Behavior [ RunTime:0.000405s ]
INFO: Run WriteHtmlCache Behavior [ RunTime:0.000457s ]
INFO: Run ShowRuntime Behavior [ RunTime:0.000571s ]
INFO: [ view_filter ] --END-- [ RunTime:0.002153s ]
INFO: [ view_end ] --START--
INFO: Run ShowPageTrace Behavior [ RunTime:0.000684s ]
INFO: [ view_end ] --END-- [ RunTime:0.000724s ]

[ 2014-01-22T13:59:39+08:00 ] 0.0.0.0 /yisheji/admin.php?s=/Company/add
INFO: [ route_check ] --START--
INFO: Run CheckRoute Behavior [ RunTime:0.001195s ]
INFO: [ route_check ] --END-- [ RunTime:0.001272s ]
INFO: [ app_begin ] --START--
INFO: Run ReadHtmlCache Behavior [ RunTime:0.000909s ]
INFO: [ app_begin ] --END-- [ RunTime:0.000962s ]
SQL: SHOW COLUMNS FROM `tb_company` [ RunTime:0.002829s ]
NOTIC: [8] Undefined offset: 2 F:\www\yisheji\Home\Admin\Lib\Model\BaseModel.class.php 第 442 行.
NOTIC: [8] Undefined offset: 2 F:\www\yisheji\Home\Admin\Lib\Model\BaseModel.class.php 第 466 行.
NOTIC: [8] Undefined offset: 2 F:\www\yisheji\Home\Admin\Lib\Model\BaseModel.class.php 第 442 行.
NOTIC: [8] Undefined offset: 2 F:\www\yisheji\Home\Admin\Lib\Model\BaseModel.class.php 第 466 行.
NOTIC: [8] Undefined offset: 2 F:\www\yisheji\Home\Admin\Lib\Model\BaseModel.class.php 第 442 行.
NOTIC: [8] Undefined offset: 2 F:\www\yisheji\Home\Admin\Lib\Model\BaseModel.class.php 第 466 行.
NOTIC: [8] Undefined offset: 2 F:\www\yisheji\Home\Admin\Lib\Model\BaseModel.class.php 第 442 行.
NOTIC: [8] Undefined offset: 2 F:\www\yisheji\Home\Admin\Lib\Model\BaseModel.class.php 第 466 行.
NOTIC: [8] Undefined offset: 2 F:\www\yisheji\Home\Admin\Lib\Model\BaseModel.class.php 第 442 行.
NOTIC: [8] Undefined offset: 2 F:\www\yisheji\Home\Admin\Lib\Model\BaseModel.class.php 第 466 行.
INFO: [ view_template ] --START--
INFO: Run LocationTemplate Behavior [ RunTime:0.001153s ]
INFO: [ view_template ] --END-- [ RunTime:0.001199s ]
INFO: [ view_parse ] --START--
NOTIC: [8] Undefined variable: Title F:\www\yisheji\Home\Admin\Runtime\Cache\7e05340020fa70132df1505e323f3255.php 第 11 行.
INFO: Run ParseTemplate Behavior [ RunTime:0.010460s ]
INFO: [ view_parse ] --END-- [ RunTime:0.010513s ]
INFO: [ view_filter ] --START--
INFO: Run ContentReplace Behavior [ RunTime:0.000612s ]
INFO: Run TokenBuild Behavior [ RunTime:0.000920s ]
INFO: Run WriteHtmlCache Behavior [ RunTime:0.000521s ]
INFO: Run ShowRuntime Behavior [ RunTime:0.000596s ]
INFO: [ view_filter ] --END-- [ RunTime:0.002783s ]
INFO: [ view_end ] --START--
INFO: Run ShowPageTrace Behavior [ RunTime:0.000702s ]
INFO: [ view_end ] --END-- [ RunTime:0.000741s ]

[ 2014-01-22T14:00:32+08:00 ] 0.0.0.0 /yisheji/admin.php?s=/Company/add
INFO: [ route_check ] --START--
INFO: Run CheckRoute Behavior [ RunTime:0.001230s ]
INFO: [ route_check ] --END-- [ RunTime:0.001318s ]
INFO: [ app_begin ] --START--
INFO: Run ReadHtmlCache Behavior [ RunTime:0.000842s ]
INFO: [ app_begin ] --END-- [ RunTime:0.000899s ]
SQL: SHOW COLUMNS FROM `tb_company` [ RunTime:0.004907s ]
NOTIC: [8] Undefined offset: 2 F:\www\yisheji\Home\Admin\Lib\Model\BaseModel.class.php 第 442 行.
NOTIC: [8] Undefined offset: 2 F:\www\yisheji\Home\Admin\Lib\Model\BaseModel.class.php 第 466 行.
NOTIC: [8] Undefined offset: 2 F:\www\yisheji\Home\Admin\Lib\Model\BaseModel.class.php 第 442 行.
NOTIC: [8] Undefined offset: 2 F:\www\yisheji\Home\Admin\Lib\Model\BaseModel.class.php 第 466 行.
NOTIC: [8] Undefined offset: 2 F:\www\yisheji\Home\Admin\Lib\Model\BaseModel.class.php 第 442 行.
NOTIC: [8] Undefined offset: 2 F:\www\yisheji\Home\Admin\Lib\Model\BaseModel.class.php 第 466 行.
NOTIC: [8] Undefined offset: 2 F:\www\yisheji\Home\Admin\Lib\Model\BaseModel.class.php 第 442 行.
NOTIC: [8] Undefined offset: 2 F:\www\yisheji\Home\Admin\Lib\Model\BaseModel.class.php 第 466 行.
NOTIC: [8] Undefined offset: 2 F:\www\yisheji\Home\Admin\Lib\Model\BaseModel.class.php 第 442 行.
NOTIC: [8] Undefined offset: 2 F:\www\yisheji\Home\Admin\Lib\Model\BaseModel.class.php 第 466 行.
INFO: [ view_template ] --START--
INFO: Run LocationTemplate Behavior [ RunTime:0.001592s ]
INFO: [ view_template ] --END-- [ RunTime:0.001664s ]
INFO: [ view_parse ] --START--
NOTIC: [8] Undefined variable: Title F:\www\yisheji\Home\Admin\Runtime\Cache\7e05340020fa70132df1505e323f3255.php 第 11 行.
INFO: Run ParseTemplate Behavior [ RunTime:0.015907s ]
INFO: [ view_parse ] --END-- [ RunTime:0.015984s ]
INFO: [ view_filter ] --START--
INFO: Run ContentReplace Behavior [ RunTime:0.000989s ]
INFO: Run TokenBuild Behavior [ RunTime:0.000888s ]
INFO: Run WriteHtmlCache Behavior [ RunTime:0.000633s ]
INFO: Run ShowRuntime Behavior [ RunTime:0.000935s ]
INFO: [ view_filter ] --END-- [ RunTime:0.003619s ]
INFO: [ view_end ] --START--
INFO: Run ShowPageTrace Behavior [ RunTime:0.001118s ]
INFO: [ view_end ] --END-- [ RunTime:0.001180s ]

[ 2014-01-22T14:00:59+08:00 ] 0.0.0.0 /yisheji/admin.php?s=/Company/add
INFO: [ route_check ] --START--
INFO: Run CheckRoute Behavior [ RunTime:0.004133s ]
INFO: [ route_check ] --END-- [ RunTime:0.004269s ]
INFO: [ app_begin ] --START--
INFO: Run ReadHtmlCache Behavior [ RunTime:0.000931s ]
INFO: [ app_begin ] --END-- [ RunTime:0.001003s ]
SQL: SHOW COLUMNS FROM `tb_company` [ RunTime:0.013423s ]
NOTIC: [8] Undefined offset: 2 F:\www\yisheji\Home\Admin\Lib\Model\BaseModel.class.php 第 442 行.
NOTIC: [8] Undefined offset: 2 F:\www\yisheji\Home\Admin\Lib\Model\BaseModel.class.php 第 466 行.
NOTIC: [8] Undefined offset: 2 F:\www\yisheji\Home\Admin\Lib\Model\BaseModel.class.php 第 442 行.
NOTIC: [8] Undefined offset: 2 F:\www\yisheji\Home\Admin\Lib\Model\BaseModel.class.php 第 466 行.
NOTIC: [8] Undefined offset: 2 F:\www\yisheji\Home\Admin\Lib\Model\BaseModel.class.php 第 442 行.
NOTIC: [8] Undefined offset: 2 F:\www\yisheji\Home\Admin\Lib\Model\BaseModel.class.php 第 466 行.
NOTIC: [8] Undefined offset: 2 F:\www\yisheji\Home\Admin\Lib\Model\BaseModel.class.php 第 442 行.
NOTIC: [8] Undefined offset: 2 F:\www\yisheji\Home\Admin\Lib\Model\BaseModel.class.php 第 466 行.
NOTIC: [8] Undefined offset: 2 F:\www\yisheji\Home\Admin\Lib\Model\BaseModel.class.php 第 442 行.
NOTIC: [8] Undefined offset: 2 F:\www\yisheji\Home\Admin\Lib\Model\BaseModel.class.php 第 466 行.
INFO: [ view_template ] --START--
INFO: Run LocationTemplate Behavior [ RunTime:0.002577s ]
INFO: [ view_template ] --END-- [ RunTime:0.002730s ]
INFO: [ view_parse ] --START--
NOTIC: [8] Undefined variable: Title F:\www\yisheji\Home\Admin\Runtime\Cache\7e05340020fa70132df1505e323f3255.php 第 11 行.
INFO: Run ParseTemplate Behavior [ RunTime:0.025234s ]
INFO: [ view_parse ] --END-- [ RunTime:0.025341s ]
INFO: [ view_filter ] --START--
INFO: Run ContentReplace Behavior [ RunTime:0.000946s ]
INFO: Run TokenBuild Behavior [ RunTime:0.000870s ]
INFO: Run WriteHtmlCache Behavior [ RunTime:0.000561s ]
INFO: Run ShowRuntime Behavior [ RunTime:0.001581s ]
INFO: [ view_filter ] --END-- [ RunTime:0.004142s ]
INFO: [ view_end ] --START--
INFO: Run ShowPageTrace Behavior [ RunTime:0.001542s ]
INFO: [ view_end ] --END-- [ RunTime:0.001615s ]

[ 2014-01-22T14:06:54+08:00 ] 0.0.0.0 /yisheji/admin.php?s=/Company/add
INFO: [ route_check ] --START--
INFO: Run CheckRoute Behavior [ RunTime:0.001233s ]
INFO: [ route_check ] --END-- [ RunTime:0.001318s ]
INFO: [ app_begin ] --START--
INFO: Run ReadHtmlCache Behavior [ RunTime:0.000891s ]
INFO: [ app_begin ] --END-- [ RunTime:0.000943s ]
SQL: SHOW COLUMNS FROM `tb_company` [ RunTime:0.008816s ]
NOTIC: [8] Undefined offset: 2 F:\www\yisheji\Home\Admin\Lib\Model\BaseModel.class.php 第 442 行.
NOTIC: [8] Undefined offset: 2 F:\www\yisheji\Home\Admin\Lib\Model\BaseModel.class.php 第 466 行.
NOTIC: [8] Undefined offset: 2 F:\www\yisheji\Home\Admin\Lib\Model\BaseModel.class.php 第 442 行.
NOTIC: [8] Undefined offset: 2 F:\www\yisheji\Home\Admin\Lib\Model\BaseModel.class.php 第 466 行.
NOTIC: [8] Undefined offset: 2 F:\www\yisheji\Home\Admin\Lib\Model\BaseModel.class.php 第 442 行.
NOTIC: [8] Undefined offset: 2 F:\www\yisheji\Home\Admin\Lib\Model\BaseModel.class.php 第 466 行.
NOTIC: [8] Undefined offset: 2 F:\www\yisheji\Home\Admin\Lib\Model\BaseModel.class.php 第 442 行.
NOTIC: [8] Undefined offset: 2 F:\www\yisheji\Home\Admin\Lib\Model\BaseModel.class.php 第 466 行.
NOTIC: [8] Undefined offset: 2 F:\www\yisheji\Home\Admin\Lib\Model\BaseModel.class.php 第 442 行.
NOTIC: [8] Undefined offset: 2 F:\www\yisheji\Home\Admin\Lib\Model\BaseModel.class.php 第 466 行.
INFO: [ view_template ] --START--
INFO: Run LocationTemplate Behavior [ RunTime:0.002198s ]
INFO: [ view_template ] --END-- [ RunTime:0.002301s ]
INFO: [ view_parse ] --START--
NOTIC: [8] Undefined variable: Title F:\www\yisheji\Home\Admin\Runtime\Cache\7e05340020fa70132df1505e323f3255.php 第 11 行.
INFO: Run ParseTemplate Behavior [ RunTime:0.016361s ]
INFO: [ view_parse ] --END-- [ RunTime:0.016444s ]
INFO: [ view_filter ] --START--
INFO: Run ContentReplace Behavior [ RunTime:0.000962s ]
INFO: Run TokenBuild Behavior [ RunTime:0.000845s ]
INFO: Run WriteHtmlCache Behavior [ RunTime:0.000726s ]
INFO: Run ShowRuntime Behavior [ RunTime:0.000971s ]
INFO: [ view_filter ] --END-- [ RunTime:0.003676s ]
INFO: [ view_end ] --START--
INFO: Run ShowPageTrace Behavior [ RunTime:0.001140s ]
INFO: [ view_end ] --END-- [ RunTime:0.001203s ]

[ 2014-01-22T14:20:48+08:00 ] 0.0.0.0 /yisheji/admin.php?s=/Company/add
INFO: [ route_check ] --START--
INFO: Run CheckRoute Behavior [ RunTime:0.001465s ]
INFO: [ route_check ] --END-- [ RunTime:0.001568s ]
INFO: [ app_begin ] --START--
INFO: Run ReadHtmlCache Behavior [ RunTime:0.001115s ]
INFO: [ app_begin ] --END-- [ RunTime:0.001186s ]
SQL: SHOW COLUMNS FROM `tb_company` [ RunTime:0.007527s ]
NOTIC: [8] Undefined offset: 2 F:\www\yisheji\Home\Admin\Lib\Model\BaseModel.class.php 第 442 行.
NOTIC: [8] Undefined offset: 2 F:\www\yisheji\Home\Admin\Lib\Model\BaseModel.class.php 第 466 行.
NOTIC: [8] Undefined offset: 2 F:\www\yisheji\Home\Admin\Lib\Model\BaseModel.class.php 第 442 行.
NOTIC: [8] Undefined offset: 2 F:\www\yisheji\Home\Admin\Lib\Model\BaseModel.class.php 第 466 行.
NOTIC: [8] Undefined offset: 2 F:\www\yisheji\Home\Admin\Lib\Model\BaseModel.class.php 第 442 行.
NOTIC: [8] Undefined offset: 2 F:\www\yisheji\Home\Admin\Lib\Model\BaseModel.class.php 第 466 行.
NOTIC: [8] Undefined offset: 2 F:\www\yisheji\Home\Admin\Lib\Model\BaseModel.class.php 第 442 行.
NOTIC: [8] Undefined offset: 2 F:\www\yisheji\Home\Admin\Lib\Model\BaseModel.class.php 第 466 行.
NOTIC: [8] Undefined offset: 2 F:\www\yisheji\Home\Admin\Lib\Model\BaseModel.class.php 第 442 行.
NOTIC: [8] Undefined offset: 2 F:\www\yisheji\Home\Admin\Lib\Model\BaseModel.class.php 第 466 行.
INFO: [ view_template ] --START--
INFO: Run LocationTemplate Behavior [ RunTime:0.001429s ]
INFO: [ view_template ] --END-- [ RunTime:0.001503s ]
INFO: [ view_parse ] --START--
NOTIC: [8] Undefined variable: Title F:\www\yisheji\Home\Admin\Runtime\Cache\7e05340020fa70132df1505e323f3255.php 第 11 行.
INFO: Run ParseTemplate Behavior [ RunTime:0.015701s ]
INFO: [ view_parse ] --END-- [ RunTime:0.015774s ]
INFO: [ view_filter ] --START--
INFO: Run ContentReplace Behavior [ RunTime:0.000993s ]
INFO: Run TokenBuild Behavior [ RunTime:0.000982s ]
INFO: Run WriteHtmlCache Behavior [ RunTime:0.000785s ]
INFO: Run ShowRuntime Behavior [ RunTime:0.000950s ]
INFO: [ view_filter ] --END-- [ RunTime:0.003889s ]
INFO: [ view_end ] --START--
INFO: Run ShowPageTrace Behavior [ RunTime:0.001354s ]
INFO: [ view_end ] --END-- [ RunTime:0.001448s ]

[ 2014-01-22T14:21:46+08:00 ] 0.0.0.0 /yisheji/admin.php?s=/Company/add
INFO: [ route_check ] --START--
INFO: Run CheckRoute Behavior [ RunTime:0.001923s ]
INFO: [ route_check ] --END-- [ RunTime:0.002086s ]
INFO: [ app_begin ] --START--
INFO: Run ReadHtmlCache Behavior [ RunTime:0.001252s ]
INFO: [ app_begin ] --END-- [ RunTime:0.001348s ]
SQL: SHOW COLUMNS FROM `tb_company` [ RunTime:0.007121s ]
NOTIC: [8] Undefined offset: 2 F:\www\yisheji\Home\Admin\Lib\Model\BaseModel.class.php 第 442 行.
NOTIC: [8] Undefined offset: 2 F:\www\yisheji\Home\Admin\Lib\Model\BaseModel.class.php 第 466 行.
NOTIC: [8] Undefined offset: 2 F:\www\yisheji\Home\Admin\Lib\Model\BaseModel.class.php 第 442 行.
NOTIC: [8] Undefined offset: 2 F:\www\yisheji\Home\Admin\Lib\Model\BaseModel.class.php 第 466 行.
NOTIC: [8] Undefined offset: 2 F:\www\yisheji\Home\Admin\Lib\Model\BaseModel.class.php 第 442 行.
NOTIC: [8] Undefined offset: 2 F:\www\yisheji\Home\Admin\Lib\Model\BaseModel.class.php 第 466 行.
NOTIC: [8] Undefined offset: 2 F:\www\yisheji\Home\Admin\Lib\Model\BaseModel.class.php 第 442 行.
NOTIC: [8] Undefined offset: 2 F:\www\yisheji\Home\Admin\Lib\Model\BaseModel.class.php 第 466 行.
NOTIC: [8] Undefined offset: 2 F:\www\yisheji\Home\Admin\Lib\Model\BaseModel.class.php 第 442 行.
NOTIC: [8] Undefined offset: 2 F:\www\yisheji\Home\Admin\Lib\Model\BaseModel.class.php 第 466 行.
INFO: [ view_template ] --START--
INFO: Run LocationTemplate Behavior [ RunTime:0.001455s ]
INFO: [ view_template ] --END-- [ RunTime:0.001529s ]
INFO: [ view_parse ] --START--
NOTIC: [8] Undefined variable: Title F:\www\yisheji\Home\Admin\Runtime\Cache\7e05340020fa70132df1505e323f3255.php 第 11 行.
INFO: Run ParseTemplate Behavior [ RunTime:0.016486s ]
INFO: [ view_parse ] --END-- [ RunTime:0.016561s ]
INFO: [ view_filter ] --START--
INFO: Run ContentReplace Behavior [ RunTime:0.000957s ]
INFO: Run TokenBuild Behavior [ RunTime:0.000845s ]
INFO: Run WriteHtmlCache Behavior [ RunTime:0.000720s ]
INFO: Run ShowRuntime Behavior [ RunTime:0.000922s ]
INFO: [ view_filter ] --END-- [ RunTime:0.003616s ]
INFO: [ view_end ] --START--
INFO: Run ShowPageTrace Behavior [ RunTime:0.001073s ]
INFO: [ view_end ] --END-- [ RunTime:0.001136s ]

[ 2014-01-22T14:27:03+08:00 ] 0.0.0.0 /yisheji/admin.php?s=/Company/add
INFO: [ route_check ] --START--
INFO: Run CheckRoute Behavior [ RunTime:0.000874s ]
INFO: [ route_check ] --END-- [ RunTime:0.000941s ]
INFO: [ app_begin ] --START--
INFO: Run ReadHtmlCache Behavior [ RunTime:0.000865s ]
INFO: [ app_begin ] --END-- [ RunTime:0.000911s ]
SQL: SHOW COLUMNS FROM `tb_company` [ RunTime:0.010033s ]
NOTIC: [8] Undefined offset: 2 F:\www\yisheji\Home\Admin\Lib\Model\BaseModel.class.php 第 442 行.
NOTIC: [8] Undefined offset: 2 F:\www\yisheji\Home\Admin\Lib\Model\BaseModel.class.php 第 466 行.
NOTIC: [8] Undefined offset: 2 F:\www\yisheji\Home\Admin\Lib\Model\BaseModel.class.php 第 442 行.
NOTIC: [8] Undefined offset: 2 F:\www\yisheji\Home\Admin\Lib\Model\BaseModel.class.php 第 466 行.
NOTIC: [8] Undefined offset: 2 F:\www\yisheji\Home\Admin\Lib\Model\BaseModel.class.php 第 442 行.
NOTIC: [8] Undefined offset: 2 F:\www\yisheji\Home\Admin\Lib\Model\BaseModel.class.php 第 466 行.
NOTIC: [8] Undefined offset: 2 F:\www\yisheji\Home\Admin\Lib\Model\BaseModel.class.php 第 442 行.
NOTIC: [8] Undefined offset: 2 F:\www\yisheji\Home\Admin\Lib\Model\BaseModel.class.php 第 466 行.
NOTIC: [8] Undefined offset: 2 F:\www\yisheji\Home\Admin\Lib\Model\BaseModel.class.php 第 442 行.
NOTIC: [8] Undefined offset: 2 F:\www\yisheji\Home\Admin\Lib\Model\BaseModel.class.php 第 466 行.
INFO: [ view_template ] --START--
INFO: Run LocationTemplate Behavior [ RunTime:0.003480s ]
INFO: [ view_template ] --END-- [ RunTime:0.003639s ]
INFO: [ view_parse ] --START--
NOTIC: [8] Undefined variable: Title F:\www\yisheji\Home\Admin\Runtime\Cache\7e05340020fa70132df1505e323f3255.php 第 11 行.
INFO: Run ParseTemplate Behavior [ RunTime:0.021142s ]
INFO: [ view_parse ] --END-- [ RunTime:0.021239s ]
INFO: [ view_filter ] --START--
INFO: Run ContentReplace Behavior [ RunTime:0.000748s ]
INFO: Run TokenBuild Behavior [ RunTime:0.000680s ]
INFO: Run WriteHtmlCache Behavior [ RunTime:0.000570s ]
INFO: Run ShowRuntime Behavior [ RunTime:0.000733s ]
INFO: [ view_filter ] --END-- [ RunTime:0.002869s ]
INFO: [ view_end ] --START--
INFO: Run ShowPageTrace Behavior [ RunTime:0.000903s ]
INFO: [ view_end ] --END-- [ RunTime:0.000953s ]

[ 2014-01-22T14:30:21+08:00 ] 0.0.0.0 /yisheji/admin.php?s=/Company/add
INFO: [ route_check ] --START--
INFO: Run CheckRoute Behavior [ RunTime:0.001387s ]
INFO: [ route_check ] --END-- [ RunTime:0.001484s ]
INFO: [ app_begin ] --START--
INFO: Run ReadHtmlCache Behavior [ RunTime:0.001072s ]
INFO: [ app_begin ] --END-- [ RunTime:0.001138s ]
SQL: SHOW COLUMNS FROM `tb_company` [ RunTime:0.002743s ]
SQL: SHOW COLUMNS FROM `tb_user` [ RunTime:0.003201s ]
SQL: INSERT INTO `tb_user` (`account`) VALUES ('ttt') [ RunTime:0.000482s ]
INFO: [ view_template ] --START--
INFO: Run LocationTemplate Behavior [ RunTime:0.001260s ]
INFO: [ view_template ] --END-- [ RunTime:0.001314s ]
INFO: [ view_parse ] --START--
NOTIC: [8] Undefined variable: Title F:\www\yisheji\Home\Admin\Runtime\Cache\25e16930de30c2eddf3898c44ac6a012.php 第 11 行.
INFO: Run ParseTemplate Behavior [ RunTime:0.009379s ]
INFO: [ view_parse ] --END-- [ RunTime:0.009429s ]
INFO: [ view_filter ] --START--
INFO: Run ContentReplace Behavior [ RunTime:0.000566s ]
INFO: Run TokenBuild Behavior [ RunTime:0.000478s ]
INFO: Run WriteHtmlCache Behavior [ RunTime:0.000435s ]
INFO: Run ShowRuntime Behavior [ RunTime:0.000571s ]
INFO: [ view_filter ] --END-- [ RunTime:0.002158s ]
INFO: [ view_end ] --START--
INFO: Run ShowPageTrace Behavior [ RunTime:0.000694s ]
INFO: [ view_end ] --END-- [ RunTime:0.000731s ]

[ 2014-01-22T14:30:23+08:00 ] 0.0.0.0 /yisheji/admin.php?s=/Company/add
INFO: [ route_check ] --START--
INFO: Run CheckRoute Behavior [ RunTime:0.001465s ]
INFO: [ route_check ] --END-- [ RunTime:0.001567s ]
INFO: [ app_begin ] --START--
INFO: Run ReadHtmlCache Behavior [ RunTime:0.001342s ]
INFO: [ app_begin ] --END-- [ RunTime:0.001429s ]
SQL: SHOW COLUMNS FROM `tb_company` [ RunTime:0.005014s ]
NOTIC: [8] Undefined offset: 2 F:\www\yisheji\Home\Admin\Lib\Model\BaseModel.class.php 第 442 行.
NOTIC: [8] Undefined offset: 2 F:\www\yisheji\Home\Admin\Lib\Model\BaseModel.class.php 第 466 行.
NOTIC: [8] Undefined offset: 2 F:\www\yisheji\Home\Admin\Lib\Model\BaseModel.class.php 第 442 行.
NOTIC: [8] Undefined offset: 2 F:\www\yisheji\Home\Admin\Lib\Model\BaseModel.class.php 第 466 行.
NOTIC: [8] Undefined offset: 2 F:\www\yisheji\Home\Admin\Lib\Model\BaseModel.class.php 第 442 行.
NOTIC: [8] Undefined offset: 2 F:\www\yisheji\Home\Admin\Lib\Model\BaseModel.class.php 第 466 行.
NOTIC: [8] Undefined offset: 2 F:\www\yisheji\Home\Admin\Lib\Model\BaseModel.class.php 第 442 行.
NOTIC: [8] Undefined offset: 2 F:\www\yisheji\Home\Admin\Lib\Model\BaseModel.class.php 第 466 行.
NOTIC: [8] Undefined offset: 2 F:\www\yisheji\Home\Admin\Lib\Model\BaseModel.class.php 第 442 行.
NOTIC: [8] Undefined offset: 2 F:\www\yisheji\Home\Admin\Lib\Model\BaseModel.class.php 第 466 行.
INFO: [ view_template ] --START--
INFO: Run LocationTemplate Behavior [ RunTime:0.001773s ]
INFO: [ view_template ] --END-- [ RunTime:0.001844s ]
INFO: [ view_parse ] --START--
NOTIC: [8] Undefined variable: Title F:\www\yisheji\Home\Admin\Runtime\Cache\7e05340020fa70132df1505e323f3255.php 第 11 行.
INFO: Run ParseTemplate Behavior [ RunTime:0.013203s ]
INFO: [ view_parse ] --END-- [ RunTime:0.013261s ]
INFO: [ view_filter ] --START--
INFO: Run ContentReplace Behavior [ RunTime:0.000661s ]
INFO: Run TokenBuild Behavior [ RunTime:0.000553s ]
INFO: Run WriteHtmlCache Behavior [ RunTime:0.000468s ]
INFO: Run ShowRuntime Behavior [ RunTime:0.000599s ]
INFO: [ view_filter ] --END-- [ RunTime:0.002392s ]
INFO: [ view_end ] --START--
INFO: Run ShowPageTrace Behavior [ RunTime:0.000731s ]
INFO: [ view_end ] --END-- [ RunTime:0.000770s ]

[ 2014-01-22T14:32:53+08:00 ] 0.0.0.0 /yisheji/admin.php?s=/Company/add
INFO: [ route_check ] --START--
INFO: Run CheckRoute Behavior [ RunTime:0.001368s ]
INFO: [ route_check ] --END-- [ RunTime:0.001491s ]
INFO: [ app_begin ] --START--
INFO: Run ReadHtmlCache Behavior [ RunTime:0.000934s ]
INFO: [ app_begin ] --END-- [ RunTime:0.000987s ]
SQL: SHOW COLUMNS FROM `tb_company` [ RunTime:0.012093s ]
NOTIC: [8] Undefined offset: 2 F:\www\yisheji\Home\Admin\Lib\Model\BaseModel.class.php 第 442 行.
NOTIC: [8] Undefined offset: 2 F:\www\yisheji\Home\Admin\Lib\Model\BaseModel.class.php 第 466 行.
NOTIC: [8] Undefined offset: 2 F:\www\yisheji\Home\Admin\Lib\Model\BaseModel.class.php 第 442 行.
NOTIC: [8] Undefined offset: 2 F:\www\yisheji\Home\Admin\Lib\Model\BaseModel.class.php 第 466 行.
NOTIC: [8] Undefined offset: 2 F:\www\yisheji\Home\Admin\Lib\Model\BaseModel.class.php 第 442 行.
NOTIC: [8] Undefined offset: 2 F:\www\yisheji\Home\Admin\Lib\Model\BaseModel.class.php 第 466 行.
NOTIC: [8] Undefined offset: 2 F:\www\yisheji\Home\Admin\Lib\Model\BaseModel.class.php 第 442 行.
NOTIC: [8] Undefined offset: 2 F:\www\yisheji\Home\Admin\Lib\Model\BaseModel.class.php 第 466 行.
NOTIC: [8] Undefined offset: 2 F:\www\yisheji\Home\Admin\Lib\Model\BaseModel.class.php 第 442 行.
NOTIC: [8] Undefined offset: 2 F:\www\yisheji\Home\Admin\Lib\Model\BaseModel.class.php 第 466 行.
INFO: [ view_template ] --START--
INFO: Run LocationTemplate Behavior [ RunTime:0.003510s ]
INFO: [ view_template ] --END-- [ RunTime:0.003620s ]
INFO: [ view_parse ] --START--
NOTIC: [8] Undefined variable: Title F:\www\yisheji\Home\Admin\Runtime\Cache\7e05340020fa70132df1505e323f3255.php 第 11 行.
INFO: Run ParseTemplate Behavior [ RunTime:0.016309s ]
INFO: [ view_parse ] --END-- [ RunTime:0.016383s ]
INFO: [ view_filter ] --START--
INFO: Run ContentReplace Behavior [ RunTime:0.000953s ]
INFO: Run TokenBuild Behavior [ RunTime:0.000845s ]
INFO: Run WriteHtmlCache Behavior [ RunTime:0.000722s ]
INFO: Run ShowRuntime Behavior [ RunTime:0.001073s ]
INFO: [ view_filter ] --END-- [ RunTime:0.003785s ]
INFO: [ view_end ] --START--
INFO: Run ShowPageTrace Behavior [ RunTime:0.001286s ]
INFO: [ view_end ] --END-- [ RunTime:0.001353s ]

[ 2014-01-22T14:33:14+08:00 ] 0.0.0.0 /yisheji/admin.php?s=/Company/add
INFO: [ route_check ] --START--
INFO: Run CheckRoute Behavior [ RunTime:0.001226s ]
INFO: [ route_check ] --END-- [ RunTime:0.001304s ]
INFO: [ app_begin ] --START--
INFO: Run ReadHtmlCache Behavior [ RunTime:0.000697s ]
INFO: [ app_begin ] --END-- [ RunTime:0.000739s ]
SQL: SHOW COLUMNS FROM `tb_company` [ RunTime:0.004244s ]
SQL: SHOW COLUMNS FROM `tb_user` [ RunTime:0.005406s ]
SQL: INSERT INTO `tb_user` (`account`) VALUES ('ljl') [ RunTime:0.000371s ]
SQL: INSERT INTO `tb_company` (`name`,`uid`,`type`) VALUES ('李家鲁',50,1) [ RunTime:0.000258s ]
INFO: [ view_template ] --START--
INFO: Run LocationTemplate Behavior [ RunTime:0.001787s ]
INFO: [ view_template ] --END-- [ RunTime:0.001861s ]
INFO: [ view_parse ] --START--
NOTIC: [8] Undefined variable: Title F:\www\yisheji\Home\Admin\Runtime\Cache\25e16930de30c2eddf3898c44ac6a012.php 第 11 行.
INFO: Run ParseTemplate Behavior [ RunTime:0.014769s ]
INFO: [ view_parse ] --END-- [ RunTime:0.014844s ]
INFO: [ view_filter ] --START--
INFO: Run ContentReplace Behavior [ RunTime:0.000925s ]
INFO: Run TokenBuild Behavior [ RunTime:0.000847s ]
INFO: Run WriteHtmlCache Behavior [ RunTime:0.000718s ]
INFO: Run ShowRuntime Behavior [ RunTime:0.000922s ]
INFO: [ view_filter ] --END-- [ RunTime:0.003589s ]
INFO: [ view_end ] --START--
INFO: Run ShowPageTrace Behavior [ RunTime:0.001134s ]
INFO: [ view_end ] --END-- [ RunTime:0.001196s ]

[ 2014-01-22T14:33:16+08:00 ] 0.0.0.0 /yisheji/admin.php?s=/Company/add
INFO: [ route_check ] --START--
INFO: Run CheckRoute Behavior [ RunTime:0.001399s ]
INFO: [ route_check ] --END-- [ RunTime:0.001496s ]
INFO: [ app_begin ] --START--
INFO: Run ReadHtmlCache Behavior [ RunTime:0.001121s ]
INFO: [ app_begin ] --END-- [ RunTime:0.001191s ]
SQL: SHOW COLUMNS FROM `tb_company` [ RunTime:0.003392s ]
NOTIC: [8] Undefined offset: 2 F:\www\yisheji\Home\Admin\Lib\Model\BaseModel.class.php 第 442 行.
NOTIC: [8] Undefined offset: 2 F:\www\yisheji\Home\Admin\Lib\Model\BaseModel.class.php 第 466 行.
NOTIC: [8] Undefined offset: 2 F:\www\yisheji\Home\Admin\Lib\Model\BaseModel.class.php 第 442 行.
NOTIC: [8] Undefined offset: 2 F:\www\yisheji\Home\Admin\Lib\Model\BaseModel.class.php 第 466 行.
NOTIC: [8] Undefined offset: 2 F:\www\yisheji\Home\Admin\Lib\Model\BaseModel.class.php 第 442 行.
NOTIC: [8] Undefined offset: 2 F:\www\yisheji\Home\Admin\Lib\Model\BaseModel.class.php 第 466 行.
NOTIC: [8] Undefined offset: 2 F:\www\yisheji\Home\Admin\Lib\Model\BaseModel.class.php 第 442 行.
NOTIC: [8] Undefined offset: 2 F:\www\yisheji\Home\Admin\Lib\Model\BaseModel.class.php 第 466 行.
NOTIC: [8] Undefined offset: 2 F:\www\yisheji\Home\Admin\Lib\Model\BaseModel.class.php 第 442 行.
NOTIC: [8] Undefined offset: 2 F:\www\yisheji\Home\Admin\Lib\Model\BaseModel.class.php 第 466 行.
INFO: [ view_template ] --START--
INFO: Run LocationTemplate Behavior [ RunTime:0.001196s ]
INFO: [ view_template ] --END-- [ RunTime:0.001251s ]
INFO: [ view_parse ] --START--
NOTIC: [8] Undefined variable: Title F:\www\yisheji\Home\Admin\Runtime\Cache\7e05340020fa70132df1505e323f3255.php 第 11 行.
INFO: Run ParseTemplate Behavior [ RunTime:0.012330s ]
INFO: [ view_parse ] --END-- [ RunTime:0.012390s ]
INFO: [ view_filter ] --START--
INFO: Run ContentReplace Behavior [ RunTime:0.000751s ]
INFO: Run TokenBuild Behavior [ RunTime:0.000674s ]
INFO: Run WriteHtmlCache Behavior [ RunTime:0.000539s ]
INFO: Run ShowRuntime Behavior [ RunTime:0.000739s ]
INFO: [ view_filter ] --END-- [ RunTime:0.002841s ]
INFO: [ view_end ] --START--
INFO: Run ShowPageTrace Behavior [ RunTime:0.000851s ]
INFO: [ view_end ] --END-- [ RunTime:0.000900s ]

