[ 2013-12-21T09:50:36+08:00 ] 127.0.0.1 /yisheji/company.php?s=/User/login
INFO: [ route_check ] --START--
INFO: Run CheckRoute Behavior [ RunTime:0.001181s ]
INFO: [ route_check ] --END-- [ RunTime:0.001279s ]
INFO: [ app_begin ] --START--
INFO: Run ReadHtmlCache Behavior [ RunTime:0.000940s ]
INFO: [ app_begin ] --END-- [ RunTime:0.001012s ]
SQL: SHOW COLUMNS FROM `tb_session` [ RunTime:0.001338s ]
NOTIC: [8] Undefined index:  company C:\AppServ\www\yisheji\Home\Company\Lib\Model\BaseModel.class.php 第 45 行.
NOTIC: [8] Undefined index:  user C:\AppServ\www\yisheji\Home\Company\Lib\Model\BaseModel.class.php 第 46 行.
NOTIC: [8] Undefined index:  SN_KEY C:\AppServ\www\yisheji\Home\Company\Lib\Model\SessionModel.class.php 第 14 行.
NOTIC: [8] Trying to get property of non-object C:\AppServ\www\yisheji\Home\Company\Lib\Action\BaseAction.class.php 第 49 行.
SQL: SHOW COLUMNS FROM `tb_user` [ RunTime:0.001591s ]
NOTIC: [8] Undefined index:  company C:\AppServ\www\yisheji\Home\Company\Lib\Model\BaseModel.class.php 第 45 行.
NOTIC: [8] Undefined index:  user C:\AppServ\www\yisheji\Home\Company\Lib\Model\BaseModel.class.php 第 46 行.
NOTIC: [2] Missing argument 1 for UserModel::login(), called in C:\AppServ\www\yisheji\Home\Company\Lib\Action\UserAction.class.php on line 51 and defined C:\AppServ\www\yisheji\Home\Company\Lib\Model\UserModel.class.php 第 53 行.
NOTIC: [2] Missing argument 2 for UserModel::login(), called in C:\AppServ\www\yisheji\Home\Company\Lib\Action\UserAction.class.php on line 51 and defined C:\AppServ\www\yisheji\Home\Company\Lib\Model\UserModel.class.php 第 53 行.
SQL: SELECT * FROM `tb_user` WHERE ( `status` = 0 ) AND ( `appid` = 1 ) AND ( `account` = 'admin' ) LIMIT 1   [ RunTime:0.000336s ]
SQL: SELECT * FROM `tb_session` WHERE ( `status` = 0 ) AND ( `appid` = 1 ) AND ( `uid` = 1 ) LIMIT 1   [ RunTime:0.000132s ]
SQL: INSERT INTO `tb_session` (`key`,`expire`,`ip`,`appid`,`uid`,`createtime`) VALUES ('5dde01699d66811dcfdb18578f06567f',1387597836,'127.0.0.1',1,1,1387590636) [ RunTime:0.037665s ]
INFO: [ view_template ] --START--
INFO: Run LocationTemplate Behavior [ RunTime:0.002908s ]
INFO: [ view_template ] --END-- [ RunTime:0.003037s ]
INFO: [ view_parse ] --START--
NOTIC: [8] Undefined variable: Title C:\AppServ\www\yisheji\Home\Company\Runtime\Cache\738a8a5b07f3e8dbfc27abcb3ec946e0.php 第 11 行.
INFO: Run ParseTemplate Behavior [ RunTime:0.027298s ]
INFO: [ view_parse ] --END-- [ RunTime:0.027392s ]
INFO: [ view_filter ] --START--
INFO: Run ContentReplace Behavior [ RunTime:0.000662s ]
INFO: Run TokenBuild Behavior [ RunTime:0.000649s ]
INFO: Run WriteHtmlCache Behavior [ RunTime:0.000543s ]
INFO: Run ShowRuntime Behavior [ RunTime:0.000716s ]
INFO: [ view_filter ] --END-- [ RunTime:0.002716s ]
INFO: [ view_end ] --START--
INFO: Run ShowPageTrace Behavior [ RunTime:0.000831s ]
INFO: [ view_end ] --END-- [ RunTime:0.000909s ]

[ 2013-12-21T09:50:37+08:00 ] 127.0.0.1 /yisheji/company.php?s=/Index/index
INFO: [ route_check ] --START--
INFO: Run CheckRoute Behavior [ RunTime:0.001417s ]
INFO: [ route_check ] --END-- [ RunTime:0.001588s ]
INFO: [ app_begin ] --START--
INFO: Run ReadHtmlCache Behavior [ RunTime:0.000961s ]
INFO: [ app_begin ] --END-- [ RunTime:0.001081s ]
SQL: SHOW COLUMNS FROM `tb_session` [ RunTime:0.002747s ]
NOTIC: [8] Undefined index:  company C:\AppServ\www\yisheji\Home\Company\Lib\Model\BaseModel.class.php 第 45 行.
NOTIC: [8] Undefined index:  user C:\AppServ\www\yisheji\Home\Company\Lib\Model\BaseModel.class.php 第 46 行.
SQL: SELECT * FROM `tb_session` WHERE ( `status` = 0 ) AND ( `appid` = 1 ) AND ( `key` = '5dde01699d66811dcfdb18578f06567f' ) LIMIT 1   [ RunTime:0.000232s ]
SQL: UPDATE `tb_session` SET `expire`=1387597837 WHERE ( `status` = 0 ) AND ( `appid` = 1 ) AND ( `id` = 1 ) [ RunTime:0.000169s ]
SQL: SHOW COLUMNS FROM `tb_user` [ RunTime:0.002011s ]
NOTIC: [8] Undefined index:  company C:\AppServ\www\yisheji\Home\Company\Lib\Model\BaseModel.class.php 第 45 行.
NOTIC: [8] Undefined index:  user C:\AppServ\www\yisheji\Home\Company\Lib\Model\BaseModel.class.php 第 46 行.
SQL: SELECT * FROM `tb_user` WHERE ( `status` = 0 ) AND ( `appid` = 1 ) AND ( `id` = 1 ) LIMIT 1   [ RunTime:0.000292s ]
SQL: SHOW COLUMNS FROM `tb_company` [ RunTime:0.002163s ]
NOTIC: [8] Undefined index:  company C:\AppServ\www\yisheji\Home\Company\Lib\Model\BaseModel.class.php 第 45 行.
SQL: SELECT * FROM `tb_company` WHERE ( `status` = 0 ) AND ( `appid` = 1 ) AND ( `uid` = 1 ) LIMIT 1   [ RunTime:0.000253s ]
SQL: SHOW COLUMNS FROM `tb_file` [ RunTime:0.059140s ]
SQL: SELECT * FROM `tb_file` WHERE ( `status` = 0 ) AND ( `appid` = 1 ) AND ( `id` = 54 ) LIMIT 1   [ RunTime:0.000227s ]
SQL: SHOW COLUMNS FROM `tb_reserve` [ RunTime:0.023833s ]
SQL: SELECT COUNT(*) AS tp_count FROM `tb_reserve` WHERE ( `status` = 0 ) AND ( `appid` = 1 ) AND ( `handle` = 0 ) AND ( `cid` = 1 ) LIMIT 1   [ RunTime:0.000381s ]
INFO: [ view_template ] --START--
INFO: Run LocationTemplate Behavior [ RunTime:0.009277s ]
INFO: [ view_template ] --END-- [ RunTime:0.009451s ]
INFO: [ view_parse ] --START--
NOTIC: [8] Undefined variable: Title C:\AppServ\www\yisheji\Home\Company\Runtime\Cache\8a351b46fd67a249b713201d2232c717.php 第 11 行.
INFO: Run ParseTemplate Behavior [ RunTime:0.029749s ]
INFO: [ view_parse ] --END-- [ RunTime:0.029883s ]
INFO: [ view_filter ] --START--
INFO: Run ContentReplace Behavior [ RunTime:0.000431s ]
INFO: Run TokenBuild Behavior [ RunTime:0.000480s ]
INFO: Run WriteHtmlCache Behavior [ RunTime:0.000311s ]
INFO: Run ShowRuntime Behavior [ RunTime:0.000493s ]
INFO: [ view_filter ] --END-- [ RunTime:0.001914s ]
INFO: [ view_end ] --START--
INFO: Run ShowPageTrace Behavior [ RunTime:0.000642s ]
INFO: [ view_end ] --END-- [ RunTime:0.000725s ]

[ 2013-12-21T09:50:41+08:00 ] 127.0.0.1 /yisheji/company.php?s=/Reserve/index
INFO: [ route_check ] --START--
INFO: Run CheckRoute Behavior [ RunTime:0.001379s ]
INFO: [ route_check ] --END-- [ RunTime:0.001536s ]
INFO: [ app_begin ] --START--
INFO: Run ReadHtmlCache Behavior [ RunTime:0.000894s ]
INFO: [ app_begin ] --END-- [ RunTime:0.001009s ]
SQL: SHOW COLUMNS FROM `tb_session` [ RunTime:0.001425s ]
SQL: SELECT * FROM `tb_session` WHERE ( `status` = 0 ) AND ( `appid` = 1 ) AND ( `key` = '5dde01699d66811dcfdb18578f06567f' ) LIMIT 1   [ RunTime:0.000203s ]
SQL: UPDATE `tb_session` SET `expire`=1387597841 WHERE ( `status` = 0 ) AND ( `appid` = 1 ) AND ( `id` = 1 ) [ RunTime:0.000175s ]
SQL: SHOW COLUMNS FROM `tb_user` [ RunTime:0.001590s ]
SQL: SELECT * FROM `tb_user` WHERE ( `status` = 0 ) AND ( `appid` = 1 ) AND ( `id` = 1 ) LIMIT 1   [ RunTime:0.000216s ]
SQL: SHOW COLUMNS FROM `tb_company` [ RunTime:0.001464s ]
SQL: SELECT * FROM `tb_company` WHERE ( `status` = 0 ) AND ( `appid` = 1 ) AND ( `uid` = 1 ) LIMIT 1   [ RunTime:0.000211s ]
SQL: SHOW COLUMNS FROM `tb_reserve` [ RunTime:0.001471s ]
SQL: SELECT COUNT(*) AS tp_count FROM `tb_reserve` WHERE ( `status` = 0 ) AND ( `appid` = 1 ) AND ( `cid` = 1 ) LIMIT 1   [ RunTime:0.000258s ]
SQL: SELECT * FROM `tb_reserve` WHERE ( `status` = 0 ) AND ( `appid` = 1 ) AND ( `cid` = 1 ) ORDER BY createtime DESC LIMIT 0,10   [ RunTime:0.000171s ]
NOTIC: [8] Undefined variable: checked C:\AppServ\www\yisheji\Home\Company\Lib\Model\BaseModel.class.php 第 521 行.
NOTIC: [8] Undefined variable: checked C:\AppServ\www\yisheji\Home\Company\Lib\Model\BaseModel.class.php 第 521 行.
NOTIC: [8] Use of undefined constant __GROUP__ - assumed '__GROUP__' C:\AppServ\www\yisheji\Home\Company\Lib\Model\BaseModel.class.php 第 644 行.
INFO: [ view_template ] --START--
INFO: Run LocationTemplate Behavior [ RunTime:0.014896s ]
INFO: [ view_template ] --END-- [ RunTime:0.014984s ]
INFO: [ view_parse ] --START--
NOTIC: [8] Undefined variable: Title C:\AppServ\www\yisheji\Home\Company\Runtime\Cache\6cb03c09e3328e9a1a6e3979057bc4d2.php 第 11 行.
INFO: Run ParseTemplate Behavior [ RunTime:0.019216s ]
INFO: [ view_parse ] --END-- [ RunTime:0.019287s ]
INFO: [ view_filter ] --START--
INFO: Run ContentReplace Behavior [ RunTime:0.000332s ]
INFO: Run TokenBuild Behavior [ RunTime:0.000298s ]
INFO: Run WriteHtmlCache Behavior [ RunTime:0.000203s ]
INFO: Run ShowRuntime Behavior [ RunTime:0.000357s ]
INFO: [ view_filter ] --END-- [ RunTime:0.001332s ]
INFO: [ view_end ] --START--
INFO: Run ShowPageTrace Behavior [ RunTime:0.000548s ]
INFO: [ view_end ] --END-- [ RunTime:0.000621s ]

[ 2013-12-21T09:50:43+08:00 ] 127.0.0.1 /yisheji/company.php?s=/Pay/index
INFO: [ route_check ] --START--
INFO: Run CheckRoute Behavior [ RunTime:0.001474s ]
INFO: [ route_check ] --END-- [ RunTime:0.001632s ]
INFO: [ app_begin ] --START--
INFO: Run ReadHtmlCache Behavior [ RunTime:0.000910s ]
INFO: [ app_begin ] --END-- [ RunTime:0.001022s ]
SQL: SHOW COLUMNS FROM `tb_session` [ RunTime:0.001450s ]
SQL: SELECT * FROM `tb_session` WHERE ( `status` = 0 ) AND ( `appid` = 1 ) AND ( `key` = '5dde01699d66811dcfdb18578f06567f' ) LIMIT 1   [ RunTime:0.000182s ]
SQL: UPDATE `tb_session` SET `expire`=1387597843 WHERE ( `status` = 0 ) AND ( `appid` = 1 ) AND ( `id` = 1 ) [ RunTime:0.000134s ]
SQL: SHOW COLUMNS FROM `tb_user` [ RunTime:0.001455s ]
SQL: SELECT * FROM `tb_user` WHERE ( `status` = 0 ) AND ( `appid` = 1 ) AND ( `id` = 1 ) LIMIT 1   [ RunTime:0.000207s ]
SQL: SHOW COLUMNS FROM `tb_company` [ RunTime:0.001415s ]
SQL: SELECT * FROM `tb_company` WHERE ( `status` = 0 ) AND ( `appid` = 1 ) AND ( `uid` = 1 ) LIMIT 1   [ RunTime:0.000197s ]
SQL: SHOW COLUMNS FROM `tb_pay` [ RunTime:0.033404s ]
SQL: SELECT COUNT(*) AS tp_count FROM `tb_pay` WHERE ( `status` = 0 ) AND ( `appid` = 1 ) AND ( `cid` = 1 ) LIMIT 1   [ RunTime:0.000429s ]
SQL: SELECT * FROM `tb_pay` WHERE ( `status` = 0 ) AND ( `appid` = 1 ) AND ( `cid` = 1 ) ORDER BY createtime DESC LIMIT 0,10   [ RunTime:0.000326s ]
INFO: [ view_template ] --START--
INFO: Run LocationTemplate Behavior [ RunTime:0.013152s ]
INFO: [ view_template ] --END-- [ RunTime:0.013310s ]
INFO: [ view_parse ] --START--
NOTIC: [8] Undefined variable: Title C:\AppServ\www\yisheji\Home\Company\Runtime\Cache\835fd3f956cf587b1532f4342fa4a497.php 第 11 行.
INFO: Run ParseTemplate Behavior [ RunTime:0.044354s ]
INFO: [ view_parse ] --END-- [ RunTime:0.044488s ]
INFO: [ view_filter ] --START--
INFO: Run ContentReplace Behavior [ RunTime:0.000724s ]
INFO: Run TokenBuild Behavior [ RunTime:0.000666s ]
INFO: Run WriteHtmlCache Behavior [ RunTime:0.000431s ]
INFO: Run ShowRuntime Behavior [ RunTime:0.000764s ]
INFO: [ view_filter ] --END-- [ RunTime:0.002886s ]
INFO: [ view_end ] --START--
INFO: Run ShowPageTrace Behavior [ RunTime:0.001031s ]
INFO: [ view_end ] --END-- [ RunTime:0.001138s ]

[ 2013-12-21T09:50:46+08:00 ] 127.0.0.1 /yisheji/company.php?s=/Company/edit
INFO: [ route_check ] --START--
INFO: Run CheckRoute Behavior [ RunTime:0.001353s ]
INFO: [ route_check ] --END-- [ RunTime:0.001507s ]
INFO: [ app_begin ] --START--
INFO: Run ReadHtmlCache Behavior [ RunTime:0.000891s ]
INFO: [ app_begin ] --END-- [ RunTime:0.001005s ]
SQL: SHOW COLUMNS FROM `tb_session` [ RunTime:0.001432s ]
SQL: SELECT * FROM `tb_session` WHERE ( `status` = 0 ) AND ( `appid` = 1 ) AND ( `key` = '5dde01699d66811dcfdb18578f06567f' ) LIMIT 1   [ RunTime:0.000178s ]
SQL: UPDATE `tb_session` SET `expire`=1387597846 WHERE ( `status` = 0 ) AND ( `appid` = 1 ) AND ( `id` = 1 ) [ RunTime:0.000137s ]
SQL: SHOW COLUMNS FROM `tb_user` [ RunTime:0.001521s ]
SQL: SELECT * FROM `tb_user` WHERE ( `status` = 0 ) AND ( `appid` = 1 ) AND ( `id` = 1 ) LIMIT 1   [ RunTime:0.000206s ]
SQL: SHOW COLUMNS FROM `tb_company` [ RunTime:0.001315s ]
SQL: SELECT * FROM `tb_company` WHERE ( `status` = 0 ) AND ( `appid` = 1 ) AND ( `uid` = 1 ) LIMIT 1   [ RunTime:0.000184s ]
SQL: SHOW COLUMNS FROM `tb_file` [ RunTime:0.001267s ]
SQL: SELECT * FROM `tb_file` WHERE ( `status` = 0 ) AND ( `appid` = 1 ) AND ( `id` = 54 ) LIMIT 1   [ RunTime:0.000192s ]
NOTIC: [8] Undefined offset:  2 C:\AppServ\www\yisheji\Home\Company\Lib\Model\BaseModel.class.php 第 351 行.
NOTIC: [8] Undefined offset:  2 C:\AppServ\www\yisheji\Home\Company\Lib\Model\BaseModel.class.php 第 375 行.
NOTIC: [8] Undefined offset:  2 C:\AppServ\www\yisheji\Home\Company\Lib\Model\BaseModel.class.php 第 351 行.
NOTIC: [8] Undefined offset:  2 C:\AppServ\www\yisheji\Home\Company\Lib\Model\BaseModel.class.php 第 375 行.
NOTIC: [8] Undefined offset:  2 C:\AppServ\www\yisheji\Home\Company\Lib\Model\BaseModel.class.php 第 351 行.
NOTIC: [8] Undefined offset:  2 C:\AppServ\www\yisheji\Home\Company\Lib\Model\BaseModel.class.php 第 375 行.
NOTIC: [8] Undefined offset:  2 C:\AppServ\www\yisheji\Home\Company\Lib\Model\BaseModel.class.php 第 351 行.
NOTIC: [8] Undefined offset:  2 C:\AppServ\www\yisheji\Home\Company\Lib\Model\BaseModel.class.php 第 375 行.
NOTIC: [8] Undefined offset:  2 C:\AppServ\www\yisheji\Home\Company\Lib\Model\BaseModel.class.php 第 351 行.
NOTIC: [8] Undefined offset:  2 C:\AppServ\www\yisheji\Home\Company\Lib\Model\BaseModel.class.php 第 375 行.
INFO: [ view_template ] --START--
INFO: Run LocationTemplate Behavior [ RunTime:0.001132s ]
INFO: [ view_template ] --END-- [ RunTime:0.001188s ]
INFO: [ view_parse ] --START--
NOTIC: [8] Undefined variable: Title C:\AppServ\www\yisheji\Home\Company\Runtime\Cache\d10db2564888e939ed0e05f79565c63e.php 第 11 行.
INFO: Run ParseTemplate Behavior [ RunTime:0.009707s ]
INFO: [ view_parse ] --END-- [ RunTime:0.009789s ]
INFO: [ view_filter ] --START--
INFO: Run ContentReplace Behavior [ RunTime:0.000344s ]
INFO: Run TokenBuild Behavior [ RunTime:0.000299s ]
INFO: Run WriteHtmlCache Behavior [ RunTime:0.000204s ]
INFO: Run ShowRuntime Behavior [ RunTime:0.000360s ]
INFO: [ view_filter ] --END-- [ RunTime:0.001355s ]
INFO: [ view_end ] --START--
INFO: Run ShowPageTrace Behavior [ RunTime:0.000461s ]
INFO: [ view_end ] --END-- [ RunTime:0.000513s ]

[ 2013-12-21T09:50:49+08:00 ] 127.0.0.1 /yisheji/company.php?s=/Designer/index
INFO: [ route_check ] --START--
INFO: Run CheckRoute Behavior [ RunTime:0.001390s ]
INFO: [ route_check ] --END-- [ RunTime:0.001550s ]
INFO: [ app_begin ] --START--
INFO: Run ReadHtmlCache Behavior [ RunTime:0.000887s ]
INFO: [ app_begin ] --END-- [ RunTime:0.001001s ]
SQL: SHOW COLUMNS FROM `tb_session` [ RunTime:0.001462s ]
SQL: SELECT * FROM `tb_session` WHERE ( `status` = 0 ) AND ( `appid` = 1 ) AND ( `key` = '5dde01699d66811dcfdb18578f06567f' ) LIMIT 1   [ RunTime:0.000210s ]
SQL: UPDATE `tb_session` SET `expire`=1387597849 WHERE ( `status` = 0 ) AND ( `appid` = 1 ) AND ( `id` = 1 ) [ RunTime:0.000158s ]
SQL: SHOW COLUMNS FROM `tb_user` [ RunTime:0.001692s ]
SQL: SELECT * FROM `tb_user` WHERE ( `status` = 0 ) AND ( `appid` = 1 ) AND ( `id` = 1 ) LIMIT 1   [ RunTime:0.000227s ]
SQL: SHOW COLUMNS FROM `tb_company` [ RunTime:0.001434s ]
SQL: SELECT * FROM `tb_company` WHERE ( `status` = 0 ) AND ( `appid` = 1 ) AND ( `uid` = 1 ) LIMIT 1   [ RunTime:0.000187s ]
SQL: SHOW COLUMNS FROM `tb_user_designer` [ RunTime:0.032244s ]
SQL: SELECT * FROM `tb_user_designer` WHERE ( `status` = 0 ) AND ( `appid` = 1 ) AND ( `cid` = 1 )  [ RunTime:0.008624s ]
SQL: SELECT * FROM `tb_user` WHERE ( `status` = 0 ) AND ( `appid` = 1 ) AND ( `id` = 34 ) LIMIT 1   [ RunTime:0.000264s ]
SQL: SELECT * FROM `tb_user` WHERE ( `status` = 0 ) AND ( `appid` = 1 ) AND ( `id` = 36 ) LIMIT 1   [ RunTime:0.000203s ]
SQL: SELECT * FROM `tb_user` WHERE ( `status` = 0 ) AND ( `appid` = 1 ) AND ( `id` = 43 ) LIMIT 1   [ RunTime:0.000204s ]
SQL: SELECT * FROM `tb_user` WHERE ( `status` = 0 ) AND ( `appid` = 1 ) AND ( `id` = 45 ) LIMIT 1   [ RunTime:0.000216s ]
SQL: SELECT * FROM `tb_user` WHERE ( `status` = 0 ) AND ( `appid` = 1 ) AND ( `id` = 47 ) LIMIT 1   [ RunTime:0.000202s ]
INFO: [ view_template ] --START--
INFO: Run LocationTemplate Behavior [ RunTime:0.010869s ]
INFO: [ view_template ] --END-- [ RunTime:0.010997s ]
INFO: [ view_parse ] --START--
NOTIC: [8] Undefined variable: Title C:\AppServ\www\yisheji\Home\Company\Runtime\Cache\a245e4dfeffd1190e59e6eaac1ce2556.php 第 11 行.
INFO: Run ParseTemplate Behavior [ RunTime:0.037450s ]
INFO: [ view_parse ] --END-- [ RunTime:0.037597s ]
INFO: [ view_filter ] --START--
INFO: Run ContentReplace Behavior [ RunTime:0.000664s ]
INFO: Run TokenBuild Behavior [ RunTime:0.000611s ]
INFO: Run WriteHtmlCache Behavior [ RunTime:0.000430s ]
INFO: Run ShowRuntime Behavior [ RunTime:0.000740s ]
INFO: [ view_filter ] --END-- [ RunTime:0.002742s ]
INFO: [ view_end ] --START--
INFO: Run ShowPageTrace Behavior [ RunTime:0.000965s ]
INFO: [ view_end ] --END-- [ RunTime:0.001070s ]

[ 2013-12-21T09:50:50+08:00 ] 127.0.0.1 /yisheji/company.php?s=/Case/index
INFO: [ route_check ] --START--
INFO: Run CheckRoute Behavior [ RunTime:0.001557s ]
INFO: [ route_check ] --END-- [ RunTime:0.001724s ]
INFO: [ app_begin ] --START--
INFO: Run ReadHtmlCache Behavior [ RunTime:0.001092s ]
INFO: [ app_begin ] --END-- [ RunTime:0.001223s ]
SQL: SHOW COLUMNS FROM `tb_session` [ RunTime:0.001850s ]
SQL: SELECT * FROM `tb_session` WHERE ( `status` = 0 ) AND ( `appid` = 1 ) AND ( `key` = '5dde01699d66811dcfdb18578f06567f' ) LIMIT 1   [ RunTime:0.000229s ]
SQL: UPDATE `tb_session` SET `expire`=1387597850 WHERE ( `status` = 0 ) AND ( `appid` = 1 ) AND ( `id` = 1 ) [ RunTime:0.000134s ]
SQL: SHOW COLUMNS FROM `tb_user` [ RunTime:0.001569s ]
SQL: SELECT * FROM `tb_user` WHERE ( `status` = 0 ) AND ( `appid` = 1 ) AND ( `id` = 1 ) LIMIT 1   [ RunTime:0.000211s ]
SQL: SHOW COLUMNS FROM `tb_company` [ RunTime:0.001371s ]
SQL: SELECT * FROM `tb_company` WHERE ( `status` = 0 ) AND ( `appid` = 1 ) AND ( `uid` = 1 ) LIMIT 1   [ RunTime:0.000162s ]
SQL: SHOW COLUMNS FROM `tb_case` [ RunTime:0.022670s ]
SQL: SELECT COUNT(*) AS tp_count FROM `tb_case` WHERE ( `status` = 0 ) AND ( `appid` = 1 ) AND ( `cid` = 1 ) LIMIT 1   [ RunTime:0.000246s ]
SQL: SELECT * FROM `tb_case` WHERE ( `status` = 0 ) AND ( `appid` = 1 ) AND ( `cid` = 1 ) ORDER BY createtime DESC LIMIT 0,10   [ RunTime:0.000224s ]
INFO: [ view_template ] --START--
INFO: Run LocationTemplate Behavior [ RunTime:0.001125s ]
INFO: [ view_template ] --END-- [ RunTime:0.001203s ]
INFO: [ view_parse ] --START--
NOTIC: [8] Undefined variable: Title C:\AppServ\www\yisheji\Home\Company\Runtime\Cache\9ab06c80a9be511314d9828fee1515b4.php 第 11 行.
INFO: Run ParseTemplate Behavior [ RunTime:0.009774s ]
INFO: [ view_parse ] --END-- [ RunTime:0.009841s ]
INFO: [ view_filter ] --START--
INFO: Run ContentReplace Behavior [ RunTime:0.000329s ]
INFO: Run TokenBuild Behavior [ RunTime:0.000309s ]
INFO: Run WriteHtmlCache Behavior [ RunTime:0.000203s ]
INFO: Run ShowRuntime Behavior [ RunTime:0.000358s ]
INFO: [ view_filter ] --END-- [ RunTime:0.001344s ]
INFO: [ view_end ] --START--
INFO: Run ShowPageTrace Behavior [ RunTime:0.000465s ]
INFO: [ view_end ] --END-- [ RunTime:0.000518s ]

[ 2013-12-21T09:50:52+08:00 ] 127.0.0.1 /yisheji/company.php?s=/Score/index
INFO: [ route_check ] --START--
INFO: Run CheckRoute Behavior [ RunTime:0.001362s ]
INFO: [ route_check ] --END-- [ RunTime:0.001517s ]
INFO: [ app_begin ] --START--
INFO: Run ReadHtmlCache Behavior [ RunTime:0.000877s ]
INFO: [ app_begin ] --END-- [ RunTime:0.000989s ]
SQL: SHOW COLUMNS FROM `tb_session` [ RunTime:0.001394s ]
SQL: SELECT * FROM `tb_session` WHERE ( `status` = 0 ) AND ( `appid` = 1 ) AND ( `key` = '5dde01699d66811dcfdb18578f06567f' ) LIMIT 1   [ RunTime:0.000208s ]
SQL: UPDATE `tb_session` SET `expire`=1387597852 WHERE ( `status` = 0 ) AND ( `appid` = 1 ) AND ( `id` = 1 ) [ RunTime:0.000177s ]
SQL: SHOW COLUMNS FROM `tb_user` [ RunTime:0.001663s ]
SQL: SELECT * FROM `tb_user` WHERE ( `status` = 0 ) AND ( `appid` = 1 ) AND ( `id` = 1 ) LIMIT 1   [ RunTime:0.000665s ]
SQL: SHOW COLUMNS FROM `tb_company` [ RunTime:0.001458s ]
SQL: SELECT * FROM `tb_company` WHERE ( `status` = 0 ) AND ( `appid` = 1 ) AND ( `uid` = 1 ) LIMIT 1   [ RunTime:0.000203s ]
SQL: SHOW COLUMNS FROM `tb_score` [ RunTime:0.052054s ]
SQL: SELECT COUNT(*) AS tp_count FROM `tb_score` WHERE ( `status` = 0 ) AND ( `appid` = 1 ) AND ( `cid` = 1 ) LIMIT 1   [ RunTime:0.000460s ]
SQL: SELECT * FROM `tb_score` WHERE ( `status` = 0 ) AND ( `appid` = 1 ) AND ( `cid` = 1 ) ORDER BY createtime DESC LIMIT 0,10   [ RunTime:0.000530s ]
NOTIC: [8] Undefined variable: checked C:\AppServ\www\yisheji\Home\Company\Lib\Model\BaseModel.class.php 第 521 行.
NOTIC: [8] Undefined variable: checked C:\AppServ\www\yisheji\Home\Company\Lib\Model\BaseModel.class.php 第 521 行.
NOTIC: [8] Use of undefined constant __GROUP__ - assumed '__GROUP__' C:\AppServ\www\yisheji\Home\Company\Lib\Model\BaseModel.class.php 第 644 行.
NOTIC: [8] Use of undefined constant __GROUP__ - assumed '__GROUP__' C:\AppServ\www\yisheji\Home\Company\Lib\Model\BaseModel.class.php 第 644 行.
INFO: [ view_template ] --START--
INFO: Run LocationTemplate Behavior [ RunTime:0.016685s ]
INFO: [ view_template ] --END-- [ RunTime:0.016831s ]
INFO: [ view_parse ] --START--
NOTIC: [8] Undefined variable: Title C:\AppServ\www\yisheji\Home\Company\Runtime\Cache\e953a0eb0082b4072be337b335afc013.php 第 11 行.
INFO: Run ParseTemplate Behavior [ RunTime:0.031779s ]
INFO: [ view_parse ] --END-- [ RunTime:0.031931s ]
INFO: [ view_filter ] --START--
INFO: Run ContentReplace Behavior [ RunTime:0.000754s ]
INFO: Run TokenBuild Behavior [ RunTime:0.000616s ]
INFO: Run WriteHtmlCache Behavior [ RunTime:0.000446s ]
INFO: Run ShowRuntime Behavior [ RunTime:0.000744s ]
INFO: [ view_filter ] --END-- [ RunTime:0.002865s ]
INFO: [ view_end ] --START--
INFO: Run ShowPageTrace Behavior [ RunTime:0.000954s ]
INFO: [ view_end ] --END-- [ RunTime:0.001060s ]

[ 2013-12-21T09:50:54+08:00 ] 127.0.0.1 /yisheji/company.php?s=/House/index
INFO: [ route_check ] --START--
INFO: Run CheckRoute Behavior [ RunTime:0.001427s ]
INFO: [ route_check ] --END-- [ RunTime:0.001588s ]
INFO: [ app_begin ] --START--
INFO: Run ReadHtmlCache Behavior [ RunTime:0.000886s ]
INFO: [ app_begin ] --END-- [ RunTime:0.001002s ]
SQL: SHOW COLUMNS FROM `tb_session` [ RunTime:0.001368s ]
SQL: SELECT * FROM `tb_session` WHERE ( `status` = 0 ) AND ( `appid` = 1 ) AND ( `key` = '5dde01699d66811dcfdb18578f06567f' ) LIMIT 1   [ RunTime:0.000180s ]
SQL: UPDATE `tb_session` SET `expire`=1387597854 WHERE ( `status` = 0 ) AND ( `appid` = 1 ) AND ( `id` = 1 ) [ RunTime:0.000135s ]
SQL: SHOW COLUMNS FROM `tb_user` [ RunTime:0.001504s ]
SQL: SELECT * FROM `tb_user` WHERE ( `status` = 0 ) AND ( `appid` = 1 ) AND ( `id` = 1 ) LIMIT 1   [ RunTime:0.000210s ]
SQL: SHOW COLUMNS FROM `tb_company` [ RunTime:0.001493s ]
SQL: SELECT * FROM `tb_company` WHERE ( `status` = 0 ) AND ( `appid` = 1 ) AND ( `uid` = 1 ) LIMIT 1   [ RunTime:0.000191s ]
SQL: SHOW COLUMNS FROM `tb_house` [ RunTime:0.036757s ]
SQL: SELECT COUNT(*) AS tp_count FROM `tb_house` WHERE ( `status` = 0 ) AND ( `appid` = 1 ) AND ( `cid` = 1 ) LIMIT 1   [ RunTime:0.000465s ]
SQL: SELECT * FROM `tb_house` WHERE ( `status` = 0 ) AND ( `appid` = 1 ) AND ( `cid` = 1 ) ORDER BY createtime DESC LIMIT 0,10   [ RunTime:0.000440s ]
NOTIC: [8] Use of undefined constant __GROUP__ - assumed '__GROUP__' C:\AppServ\www\yisheji\Home\Company\Lib\Model\BaseModel.class.php 第 644 行.
NOTIC: [8] Use of undefined constant __GROUP__ - assumed '__GROUP__' C:\AppServ\www\yisheji\Home\Company\Lib\Model\BaseModel.class.php 第 644 行.
INFO: [ view_template ] --START--
INFO: Run LocationTemplate Behavior [ RunTime:0.002407s ]
INFO: [ view_template ] --END-- [ RunTime:0.002545s ]
INFO: [ view_parse ] --START--
NOTIC: [8] Undefined variable: Title C:\AppServ\www\yisheji\Home\Company\Runtime\Cache\e6f1f9c41b04408685686b1138e94aee.php 第 11 行.
INFO: Run ParseTemplate Behavior [ RunTime:0.024877s ]
INFO: [ view_parse ] --END-- [ RunTime:0.024988s ]
INFO: [ view_filter ] --START--
INFO: Run ContentReplace Behavior [ RunTime:0.000369s ]
INFO: Run TokenBuild Behavior [ RunTime:0.000330s ]
INFO: Run WriteHtmlCache Behavior [ RunTime:0.000223s ]
INFO: Run ShowRuntime Behavior [ RunTime:0.000391s ]
INFO: [ view_filter ] --END-- [ RunTime:0.001472s ]
INFO: [ view_end ] --START--
INFO: Run ShowPageTrace Behavior [ RunTime:0.000509s ]
INFO: [ view_end ] --END-- [ RunTime:0.000566s ]

[ 2013-12-21T09:50:56+08:00 ] 127.0.0.1 /yisheji/company.php?s=/Active/index
INFO: [ route_check ] --START--
INFO: Run CheckRoute Behavior [ RunTime:0.001376s ]
INFO: [ route_check ] --END-- [ RunTime:0.001530s ]
INFO: [ app_begin ] --START--
INFO: Run ReadHtmlCache Behavior [ RunTime:0.000885s ]
INFO: [ app_begin ] --END-- [ RunTime:0.000999s ]
SQL: SHOW COLUMNS FROM `tb_session` [ RunTime:0.001505s ]
SQL: SELECT * FROM `tb_session` WHERE ( `status` = 0 ) AND ( `appid` = 1 ) AND ( `key` = '5dde01699d66811dcfdb18578f06567f' ) LIMIT 1   [ RunTime:0.000210s ]
SQL: UPDATE `tb_session` SET `expire`=1387597856 WHERE ( `status` = 0 ) AND ( `appid` = 1 ) AND ( `id` = 1 ) [ RunTime:0.000181s ]
SQL: SHOW COLUMNS FROM `tb_user` [ RunTime:0.001701s ]
SQL: SELECT * FROM `tb_user` WHERE ( `status` = 0 ) AND ( `appid` = 1 ) AND ( `id` = 1 ) LIMIT 1   [ RunTime:0.000246s ]
SQL: SHOW COLUMNS FROM `tb_company` [ RunTime:0.001522s ]
SQL: SELECT * FROM `tb_company` WHERE ( `status` = 0 ) AND ( `appid` = 1 ) AND ( `uid` = 1 ) LIMIT 1   [ RunTime:0.000272s ]
SQL: SHOW COLUMNS FROM `tb_active` [ RunTime:0.012990s ]
SQL: SELECT COUNT(*) AS tp_count FROM `tb_active` WHERE ( `status` = 0 ) AND ( `appid` = 1 ) AND ( `cid` = 1 ) LIMIT 1   [ RunTime:0.000421s ]
SQL: SELECT * FROM `tb_active` WHERE ( `status` = 0 ) AND ( `appid` = 1 ) AND ( `cid` = 1 ) ORDER BY createtime DESC LIMIT 0,10   [ RunTime:0.000241s ]
INFO: [ view_template ] --START--
INFO: Run LocationTemplate Behavior [ RunTime:0.001233s ]
INFO: [ view_template ] --END-- [ RunTime:0.001304s ]
INFO: [ view_parse ] --START--
NOTIC: [8] Undefined variable: Title C:\AppServ\www\yisheji\Home\Company\Runtime\Cache\2110aa947894bfb0934173ae78f6218b.php 第 11 行.
INFO: Run ParseTemplate Behavior [ RunTime:0.010978s ]
INFO: [ view_parse ] --END-- [ RunTime:0.011053s ]
INFO: [ view_filter ] --START--
INFO: Run ContentReplace Behavior [ RunTime:0.000354s ]
INFO: Run TokenBuild Behavior [ RunTime:0.000323s ]
INFO: Run WriteHtmlCache Behavior [ RunTime:0.000284s ]
INFO: Run ShowRuntime Behavior [ RunTime:0.000411s ]
INFO: [ view_filter ] --END-- [ RunTime:0.001541s ]
INFO: [ view_end ] --START--
INFO: Run ShowPageTrace Behavior [ RunTime:0.000707s ]
INFO: [ view_end ] --END-- [ RunTime:0.000772s ]

[ 2013-12-21T09:50:57+08:00 ] 127.0.0.1 /yisheji/company.php?s=/Active/add
INFO: [ route_check ] --START--
INFO: Run CheckRoute Behavior [ RunTime:0.000668s ]
INFO: [ route_check ] --END-- [ RunTime:0.000750s ]
INFO: [ app_begin ] --START--
INFO: Run ReadHtmlCache Behavior [ RunTime:0.000427s ]
INFO: [ app_begin ] --END-- [ RunTime:0.000481s ]
SQL: SHOW COLUMNS FROM `tb_session` [ RunTime:0.001400s ]
SQL: SELECT * FROM `tb_session` WHERE ( `status` = 0 ) AND ( `appid` = 1 ) AND ( `key` = '5dde01699d66811dcfdb18578f06567f' ) LIMIT 1   [ RunTime:0.000177s ]
SQL: UPDATE `tb_session` SET `expire`=1387597857 WHERE ( `status` = 0 ) AND ( `appid` = 1 ) AND ( `id` = 1 ) [ RunTime:0.000136s ]
SQL: SHOW COLUMNS FROM `tb_user` [ RunTime:0.001494s ]
SQL: SELECT * FROM `tb_user` WHERE ( `status` = 0 ) AND ( `appid` = 1 ) AND ( `id` = 1 ) LIMIT 1   [ RunTime:0.000231s ]
SQL: SHOW COLUMNS FROM `tb_company` [ RunTime:0.001315s ]
SQL: SELECT * FROM `tb_company` WHERE ( `status` = 0 ) AND ( `appid` = 1 ) AND ( `uid` = 1 ) LIMIT 1   [ RunTime:0.000197s ]
SQL: SHOW COLUMNS FROM `tb_active` [ RunTime:0.001620s ]
NOTIC: [8] Undefined offset:  2 C:\AppServ\www\yisheji\Home\Company\Lib\Model\BaseModel.class.php 第 351 行.
NOTIC: [8] Undefined offset:  2 C:\AppServ\www\yisheji\Home\Company\Lib\Model\BaseModel.class.php 第 375 行.
NOTIC: [8] Undefined offset:  2 C:\AppServ\www\yisheji\Home\Company\Lib\Model\BaseModel.class.php 第 351 行.
NOTIC: [8] Undefined offset:  2 C:\AppServ\www\yisheji\Home\Company\Lib\Model\BaseModel.class.php 第 375 行.
NOTIC: [8] Undefined offset:  2 C:\AppServ\www\yisheji\Home\Company\Lib\Model\BaseModel.class.php 第 351 行.
NOTIC: [8] Undefined offset:  2 C:\AppServ\www\yisheji\Home\Company\Lib\Model\BaseModel.class.php 第 375 行.
NOTIC: [8] Undefined offset:  2 C:\AppServ\www\yisheji\Home\Company\Lib\Model\BaseModel.class.php 第 351 行.
NOTIC: [8] Undefined offset:  2 C:\AppServ\www\yisheji\Home\Company\Lib\Model\BaseModel.class.php 第 375 行.
NOTIC: [8] Undefined offset:  2 C:\AppServ\www\yisheji\Home\Company\Lib\Model\BaseModel.class.php 第 351 行.
NOTIC: [8] Undefined offset:  2 C:\AppServ\www\yisheji\Home\Company\Lib\Model\BaseModel.class.php 第 375 行.
NOTIC: [8] Undefined offset:  2 C:\AppServ\www\yisheji\Home\Company\Lib\Model\BaseModel.class.php 第 351 行.
NOTIC: [8] Undefined offset:  2 C:\AppServ\www\yisheji\Home\Company\Lib\Model\BaseModel.class.php 第 375 行.
NOTIC: [8] Undefined offset:  2 C:\AppServ\www\yisheji\Home\Company\Lib\Model\BaseModel.class.php 第 351 行.
NOTIC: [8] Undefined offset:  2 C:\AppServ\www\yisheji\Home\Company\Lib\Model\BaseModel.class.php 第 375 行.
SQL: SHOW COLUMNS FROM `tb_district` [ RunTime:0.001777s ]
SQL: SELECT * FROM `tb_district` WHERE ( level = 1 ) ORDER BY ord DESC  [ RunTime:0.080748s ]
NOTIC: [8] Undefined variable: html C:\AppServ\www\yisheji\Home\Company\Lib\Model\DistrictModel.class.php 第 105 行.
NOTIC: [8] Undefined offset:  2 C:\AppServ\www\yisheji\Home\Company\Lib\Model\BaseModel.class.php 第 351 行.
NOTIC: [8] Undefined offset:  2 C:\AppServ\www\yisheji\Home\Company\Lib\Model\BaseModel.class.php 第 375 行.
SQL: SELECT * FROM `tb_district` WHERE ( id = 0 ) LIMIT 1   [ RunTime:0.007796s ]
NOTIC: [8] Undefined offset:  2 C:\AppServ\www\yisheji\Home\Company\Lib\Model\BaseModel.class.php 第 351 行.
NOTIC: [8] Undefined offset:  2 C:\AppServ\www\yisheji\Home\Company\Lib\Model\BaseModel.class.php 第 375 行.
SQL: SELECT * FROM `tb_district` WHERE ( id = 0 ) LIMIT 1   [ RunTime:0.000202s ]
NOTIC: [8] Undefined offset:  2 C:\AppServ\www\yisheji\Home\Company\Lib\Model\BaseModel.class.php 第 351 行.
NOTIC: [8] Undefined offset:  2 C:\AppServ\www\yisheji\Home\Company\Lib\Model\BaseModel.class.php 第 375 行.
SQL: SELECT * FROM `tb_district` WHERE ( id = 0 ) LIMIT 1   [ RunTime:0.000172s ]
NOTIC: [8] Undefined offset:  2 C:\AppServ\www\yisheji\Home\Company\Lib\Model\BaseModel.class.php 第 351 行.
NOTIC: [8] Undefined offset:  2 C:\AppServ\www\yisheji\Home\Company\Lib\Model\BaseModel.class.php 第 375 行.
NOTIC: [8] Undefined offset:  2 C:\AppServ\www\yisheji\Home\Company\Lib\Model\BaseModel.class.php 第 351 行.
NOTIC: [8] Undefined offset:  2 C:\AppServ\www\yisheji\Home\Company\Lib\Model\BaseModel.class.php 第 375 行.
NOTIC: [8] Undefined offset:  2 C:\AppServ\www\yisheji\Home\Company\Lib\Model\BaseModel.class.php 第 351 行.
NOTIC: [8] Undefined offset:  2 C:\AppServ\www\yisheji\Home\Company\Lib\Model\BaseModel.class.php 第 375 行.
SQL: SHOW COLUMNS FROM `tb_tag` [ RunTime:0.002515s ]
SQL: SELECT `content` FROM `tb_tag` WHERE ( `status` = 0 ) AND ( `appid` = 1 ) AND ( `type` = 1 ) ORDER BY usecount DESC LIMIT 10   [ RunTime:0.000337s ]
NOTIC: [8] Undefined offset:  2 C:\AppServ\www\yisheji\Home\Company\Lib\Model\BaseModel.class.php 第 351 行.
NOTIC: [8] Undefined offset:  2 C:\AppServ\www\yisheji\Home\Company\Lib\Model\BaseModel.class.php 第 375 行.
INFO: [ view_template ] --START--
INFO: Run LocationTemplate Behavior [ RunTime:0.001455s ]
INFO: [ view_template ] --END-- [ RunTime:0.001536s ]
INFO: [ view_parse ] --START--
NOTIC: [8] Undefined variable: Title C:\AppServ\www\yisheji\Home\Company\Runtime\Cache\d2af9a094fe837ac6f5c6ca358f3bee4.php 第 11 行.
INFO: Run ParseTemplate Behavior [ RunTime:0.012936s ]
INFO: [ view_parse ] --END-- [ RunTime:0.013033s ]
INFO: [ view_filter ] --START--
INFO: Run ContentReplace Behavior [ RunTime:0.000507s ]
INFO: Run TokenBuild Behavior [ RunTime:0.000410s ]
INFO: Run WriteHtmlCache Behavior [ RunTime:0.000277s ]
INFO: Run ShowRuntime Behavior [ RunTime:0.000490s ]
INFO: [ view_filter ] --END-- [ RunTime:0.001887s ]
INFO: [ view_end ] --START--
INFO: Run ShowPageTrace Behavior [ RunTime:0.000648s ]
INFO: [ view_end ] --END-- [ RunTime:0.000735s ]

[ 2013-12-21T09:50:59+08:00 ] 127.0.0.1 /yisheji/company.php?s=/Active/index
INFO: [ route_check ] --START--
INFO: Run CheckRoute Behavior [ RunTime:0.001450s ]
INFO: [ route_check ] --END-- [ RunTime:0.001612s ]
INFO: [ app_begin ] --START--
INFO: Run ReadHtmlCache Behavior [ RunTime:0.000893s ]
INFO: [ app_begin ] --END-- [ RunTime:0.001006s ]
SQL: SHOW COLUMNS FROM `tb_session` [ RunTime:0.001416s ]
SQL: SELECT * FROM `tb_session` WHERE ( `status` = 0 ) AND ( `appid` = 1 ) AND ( `key` = '5dde01699d66811dcfdb18578f06567f' ) LIMIT 1   [ RunTime:0.000183s ]
SQL: UPDATE `tb_session` SET `expire`=1387597859 WHERE ( `status` = 0 ) AND ( `appid` = 1 ) AND ( `id` = 1 ) [ RunTime:0.000157s ]
SQL: SHOW COLUMNS FROM `tb_user` [ RunTime:0.001539s ]
SQL: SELECT * FROM `tb_user` WHERE ( `status` = 0 ) AND ( `appid` = 1 ) AND ( `id` = 1 ) LIMIT 1   [ RunTime:0.000208s ]
SQL: SHOW COLUMNS FROM `tb_company` [ RunTime:0.001481s ]
SQL: SELECT * FROM `tb_company` WHERE ( `status` = 0 ) AND ( `appid` = 1 ) AND ( `uid` = 1 ) LIMIT 1   [ RunTime:0.000191s ]
SQL: SHOW COLUMNS FROM `tb_active` [ RunTime:0.001610s ]
SQL: SELECT COUNT(*) AS tp_count FROM `tb_active` WHERE ( `status` = 0 ) AND ( `appid` = 1 ) AND ( `cid` = 1 ) LIMIT 1   [ RunTime:0.000245s ]
SQL: SELECT * FROM `tb_active` WHERE ( `status` = 0 ) AND ( `appid` = 1 ) AND ( `cid` = 1 ) ORDER BY createtime DESC LIMIT 0,10   [ RunTime:0.000237s ]
INFO: [ view_template ] --START--
INFO: Run LocationTemplate Behavior [ RunTime:0.001042s ]
INFO: [ view_template ] --END-- [ RunTime:0.001107s ]
INFO: [ view_parse ] --START--
NOTIC: [8] Undefined variable: Title C:\AppServ\www\yisheji\Home\Company\Runtime\Cache\2110aa947894bfb0934173ae78f6218b.php 第 11 行.
INFO: Run ParseTemplate Behavior [ RunTime:0.009947s ]
INFO: [ view_parse ] --END-- [ RunTime:0.010019s ]
INFO: [ view_filter ] --START--
INFO: Run ContentReplace Behavior [ RunTime:0.000328s ]
INFO: Run TokenBuild Behavior [ RunTime:0.000315s ]
INFO: Run WriteHtmlCache Behavior [ RunTime:0.000207s ]
INFO: Run ShowRuntime Behavior [ RunTime:0.000375s ]
INFO: [ view_filter ] --END-- [ RunTime:0.001369s ]
INFO: [ view_end ] --START--
INFO: Run ShowPageTrace Behavior [ RunTime:0.000480s ]
INFO: [ view_end ] --END-- [ RunTime:0.000533s ]

[ 2013-12-21T09:51:01+08:00 ] 127.0.0.1 /yisheji/company.php?s=/Active/add
INFO: [ route_check ] --START--
INFO: Run CheckRoute Behavior [ RunTime:0.001452s ]
INFO: [ route_check ] --END-- [ RunTime:0.001635s ]
INFO: [ app_begin ] --START--
INFO: Run ReadHtmlCache Behavior [ RunTime:0.000906s ]
INFO: [ app_begin ] --END-- [ RunTime:0.001021s ]
SQL: SHOW COLUMNS FROM `tb_session` [ RunTime:0.001445s ]
SQL: SELECT * FROM `tb_session` WHERE ( `status` = 0 ) AND ( `appid` = 1 ) AND ( `key` = '5dde01699d66811dcfdb18578f06567f' ) LIMIT 1   [ RunTime:0.000185s ]
SQL: UPDATE `tb_session` SET `expire`=1387597861 WHERE ( `status` = 0 ) AND ( `appid` = 1 ) AND ( `id` = 1 ) [ RunTime:0.000135s ]
SQL: SHOW COLUMNS FROM `tb_user` [ RunTime:0.001572s ]
SQL: SELECT * FROM `tb_user` WHERE ( `status` = 0 ) AND ( `appid` = 1 ) AND ( `id` = 1 ) LIMIT 1   [ RunTime:0.000204s ]
SQL: SHOW COLUMNS FROM `tb_company` [ RunTime:0.001316s ]
SQL: SELECT * FROM `tb_company` WHERE ( `status` = 0 ) AND ( `appid` = 1 ) AND ( `uid` = 1 ) LIMIT 1   [ RunTime:0.000169s ]
SQL: SHOW COLUMNS FROM `tb_active` [ RunTime:0.001605s ]
NOTIC: [8] Undefined offset:  2 C:\AppServ\www\yisheji\Home\Company\Lib\Model\BaseModel.class.php 第 351 行.
NOTIC: [8] Undefined offset:  2 C:\AppServ\www\yisheji\Home\Company\Lib\Model\BaseModel.class.php 第 375 行.
NOTIC: [8] Undefined offset:  2 C:\AppServ\www\yisheji\Home\Company\Lib\Model\BaseModel.class.php 第 351 行.
NOTIC: [8] Undefined offset:  2 C:\AppServ\www\yisheji\Home\Company\Lib\Model\BaseModel.class.php 第 375 行.
NOTIC: [8] Undefined offset:  2 C:\AppServ\www\yisheji\Home\Company\Lib\Model\BaseModel.class.php 第 351 行.
NOTIC: [8] Undefined offset:  2 C:\AppServ\www\yisheji\Home\Company\Lib\Model\BaseModel.class.php 第 375 行.
NOTIC: [8] Undefined offset:  2 C:\AppServ\www\yisheji\Home\Company\Lib\Model\BaseModel.class.php 第 351 行.
NOTIC: [8] Undefined offset:  2 C:\AppServ\www\yisheji\Home\Company\Lib\Model\BaseModel.class.php 第 375 行.
NOTIC: [8] Undefined offset:  2 C:\AppServ\www\yisheji\Home\Company\Lib\Model\BaseModel.class.php 第 351 行.
NOTIC: [8] Undefined offset:  2 C:\AppServ\www\yisheji\Home\Company\Lib\Model\BaseModel.class.php 第 375 行.
NOTIC: [8] Undefined offset:  2 C:\AppServ\www\yisheji\Home\Company\Lib\Model\BaseModel.class.php 第 351 行.
NOTIC: [8] Undefined offset:  2 C:\AppServ\www\yisheji\Home\Company\Lib\Model\BaseModel.class.php 第 375 行.
NOTIC: [8] Undefined offset:  2 C:\AppServ\www\yisheji\Home\Company\Lib\Model\BaseModel.class.php 第 351 行.
NOTIC: [8] Undefined offset:  2 C:\AppServ\www\yisheji\Home\Company\Lib\Model\BaseModel.class.php 第 375 行.
SQL: SHOW COLUMNS FROM `tb_district` [ RunTime:0.001230s ]
SQL: SELECT * FROM `tb_district` WHERE ( level = 1 ) ORDER BY ord DESC  [ RunTime:0.009621s ]
NOTIC: [8] Undefined variable: html C:\AppServ\www\yisheji\Home\Company\Lib\Model\DistrictModel.class.php 第 105 行.
NOTIC: [8] Undefined offset:  2 C:\AppServ\www\yisheji\Home\Company\Lib\Model\BaseModel.class.php 第 351 行.
NOTIC: [8] Undefined offset:  2 C:\AppServ\www\yisheji\Home\Company\Lib\Model\BaseModel.class.php 第 375 行.
SQL: SELECT * FROM `tb_district` WHERE ( id = 0 ) LIMIT 1   [ RunTime:0.000179s ]
NOTIC: [8] Undefined offset:  2 C:\AppServ\www\yisheji\Home\Company\Lib\Model\BaseModel.class.php 第 351 行.
NOTIC: [8] Undefined offset:  2 C:\AppServ\www\yisheji\Home\Company\Lib\Model\BaseModel.class.php 第 375 行.
SQL: SELECT * FROM `tb_district` WHERE ( id = 0 ) LIMIT 1   [ RunTime:0.000114s ]
NOTIC: [8] Undefined offset:  2 C:\AppServ\www\yisheji\Home\Company\Lib\Model\BaseModel.class.php 第 351 行.
NOTIC: [8] Undefined offset:  2 C:\AppServ\www\yisheji\Home\Company\Lib\Model\BaseModel.class.php 第 375 行.
SQL: SELECT * FROM `tb_district` WHERE ( id = 0 ) LIMIT 1   [ RunTime:0.000137s ]
NOTIC: [8] Undefined offset:  2 C:\AppServ\www\yisheji\Home\Company\Lib\Model\BaseModel.class.php 第 351 行.
NOTIC: [8] Undefined offset:  2 C:\AppServ\www\yisheji\Home\Company\Lib\Model\BaseModel.class.php 第 375 行.
NOTIC: [8] Undefined offset:  2 C:\AppServ\www\yisheji\Home\Company\Lib\Model\BaseModel.class.php 第 351 行.
NOTIC: [8] Undefined offset:  2 C:\AppServ\www\yisheji\Home\Company\Lib\Model\BaseModel.class.php 第 375 行.
NOTIC: [8] Undefined offset:  2 C:\AppServ\www\yisheji\Home\Company\Lib\Model\BaseModel.class.php 第 351 行.
NOTIC: [8] Undefined offset:  2 C:\AppServ\www\yisheji\Home\Company\Lib\Model\BaseModel.class.php 第 375 行.
SQL: SHOW COLUMNS FROM `tb_tag` [ RunTime:0.001320s ]
SQL: SELECT `content` FROM `tb_tag` WHERE ( `status` = 0 ) AND ( `appid` = 1 ) AND ( `type` = 1 ) ORDER BY usecount DESC LIMIT 10   [ RunTime:0.000190s ]
NOTIC: [8] Undefined offset:  2 C:\AppServ\www\yisheji\Home\Company\Lib\Model\BaseModel.class.php 第 351 行.
NOTIC: [8] Undefined offset:  2 C:\AppServ\www\yisheji\Home\Company\Lib\Model\BaseModel.class.php 第 375 行.
INFO: [ view_template ] --START--
INFO: Run LocationTemplate Behavior [ RunTime:0.001012s ]
INFO: [ view_template ] --END-- [ RunTime:0.001071s ]
INFO: [ view_parse ] --START--
NOTIC: [8] Undefined variable: Title C:\AppServ\www\yisheji\Home\Company\Runtime\Cache\d2af9a094fe837ac6f5c6ca358f3bee4.php 第 11 行.
INFO: Run ParseTemplate Behavior [ RunTime:0.009804s ]
INFO: [ view_parse ] --END-- [ RunTime:0.009872s ]
INFO: [ view_filter ] --START--
INFO: Run ContentReplace Behavior [ RunTime:0.000342s ]
INFO: Run TokenBuild Behavior [ RunTime:0.000317s ]
INFO: Run WriteHtmlCache Behavior [ RunTime:0.000210s ]
INFO: Run ShowRuntime Behavior [ RunTime:0.000372s ]
INFO: [ view_filter ] --END-- [ RunTime:0.001384s ]
INFO: [ view_end ] --START--
INFO: Run ShowPageTrace Behavior [ RunTime:0.000494s ]
INFO: [ view_end ] --END-- [ RunTime:0.000574s ]

[ 2013-12-21T09:51:04+08:00 ] 127.0.0.1 /yisheji/company.php?s=/District/getChildren
INFO: [ route_check ] --START--
INFO: Run CheckRoute Behavior [ RunTime:0.001432s ]
INFO: [ route_check ] --END-- [ RunTime:0.001703s ]
INFO: [ app_begin ] --START--
INFO: Run ReadHtmlCache Behavior [ RunTime:0.000956s ]
INFO: [ app_begin ] --END-- [ RunTime:0.001070s ]
SQL: SHOW COLUMNS FROM `tb_session` [ RunTime:0.001600s ]
SQL: SELECT * FROM `tb_session` WHERE ( `status` = 0 ) AND ( `appid` = 1 ) AND ( `key` = '5dde01699d66811dcfdb18578f06567f' ) LIMIT 1   [ RunTime:0.000197s ]
SQL: UPDATE `tb_session` SET `expire`=1387597864 WHERE ( `status` = 0 ) AND ( `appid` = 1 ) AND ( `id` = 1 ) [ RunTime:0.000148s ]
SQL: SHOW COLUMNS FROM `tb_user` [ RunTime:0.001536s ]
SQL: SELECT * FROM `tb_user` WHERE ( `status` = 0 ) AND ( `appid` = 1 ) AND ( `id` = 1 ) LIMIT 1   [ RunTime:0.000243s ]
SQL: SHOW COLUMNS FROM `tb_company` [ RunTime:0.001413s ]
SQL: SELECT * FROM `tb_company` WHERE ( `status` = 0 ) AND ( `appid` = 1 ) AND ( `uid` = 1 ) LIMIT 1   [ RunTime:0.000185s ]
SQL: SHOW COLUMNS FROM `tb_district` [ RunTime:0.001307s ]
NOTIC: [2] Missing argument 4 for DistrictModel::_getOptionHtml(), called in C:\AppServ\www\yisheji\Home\Company\Lib\Model\DistrictModel.class.php on line 129 and defined C:\AppServ\www\yisheji\Home\Company\Lib\Model\DistrictModel.class.php 第 88 行.
SQL: SELECT * FROM `tb_district` WHERE ( upid = '45055' ) ORDER BY ord DESC  [ RunTime:0.000267s ]
NOTIC: [8] Undefined variable: html C:\AppServ\www\yisheji\Home\Company\Lib\Model\DistrictModel.class.php 第 105 行.

[ 2013-12-21T09:51:06+08:00 ] 127.0.0.1 /yisheji/company.php?s=/District/getChildren
INFO: [ route_check ] --START--
INFO: Run CheckRoute Behavior [ RunTime:0.001402s ]
INFO: [ route_check ] --END-- [ RunTime:0.001573s ]
INFO: [ app_begin ] --START--
INFO: Run ReadHtmlCache Behavior [ RunTime:0.000887s ]
INFO: [ app_begin ] --END-- [ RunTime:0.000992s ]
SQL: SHOW COLUMNS FROM `tb_session` [ RunTime:0.001549s ]
SQL: SELECT * FROM `tb_session` WHERE ( `status` = 0 ) AND ( `appid` = 1 ) AND ( `key` = '5dde01699d66811dcfdb18578f06567f' ) LIMIT 1   [ RunTime:0.000166s ]
SQL: UPDATE `tb_session` SET `expire`=1387597866 WHERE ( `status` = 0 ) AND ( `appid` = 1 ) AND ( `id` = 1 ) [ RunTime:0.000151s ]
SQL: SHOW COLUMNS FROM `tb_user` [ RunTime:0.001666s ]
SQL: SELECT * FROM `tb_user` WHERE ( `status` = 0 ) AND ( `appid` = 1 ) AND ( `id` = 1 ) LIMIT 1   [ RunTime:0.000252s ]
SQL: SHOW COLUMNS FROM `tb_company` [ RunTime:0.001510s ]
SQL: SELECT * FROM `tb_company` WHERE ( `status` = 0 ) AND ( `appid` = 1 ) AND ( `uid` = 1 ) LIMIT 1   [ RunTime:0.000209s ]
SQL: SHOW COLUMNS FROM `tb_district` [ RunTime:0.001433s ]
NOTIC: [2] Missing argument 4 for DistrictModel::_getOptionHtml(), called in C:\AppServ\www\yisheji\Home\Company\Lib\Model\DistrictModel.class.php on line 129 and defined C:\AppServ\www\yisheji\Home\Company\Lib\Model\DistrictModel.class.php 第 88 行.
SQL: SELECT * FROM `tb_district` WHERE ( upid = '2' ) ORDER BY ord DESC  [ RunTime:0.000332s ]
NOTIC: [8] Undefined variable: html C:\AppServ\www\yisheji\Home\Company\Lib\Model\DistrictModel.class.php 第 105 行.

[ 2013-12-21T10:00:40+08:00 ] 127.0.0.1 /yisheji/company.php?s=/Reserve/index
INFO: [ route_check ] --START--
INFO: Run CheckRoute Behavior [ RunTime:0.001103s ]
INFO: [ route_check ] --END-- [ RunTime:0.001198s ]
INFO: [ app_begin ] --START--
INFO: Run ReadHtmlCache Behavior [ RunTime:0.000889s ]
INFO: [ app_begin ] --END-- [ RunTime:0.000968s ]
SQL: SHOW COLUMNS FROM `tb_session` [ RunTime:0.001481s ]
SQL: SELECT * FROM `tb_session` WHERE ( `status` = 0 ) AND ( `appid` = 1 ) AND ( `key` = '5dde01699d66811dcfdb18578f06567f' ) LIMIT 1   [ RunTime:0.000224s ]
SQL: UPDATE `tb_session` SET `expire`=1387598440 WHERE ( `status` = 0 ) AND ( `appid` = 1 ) AND ( `id` = 1 ) [ RunTime:0.000138s ]
SQL: SHOW COLUMNS FROM `tb_user` [ RunTime:0.001537s ]
SQL: SELECT * FROM `tb_user` WHERE ( `status` = 0 ) AND ( `appid` = 1 ) AND ( `id` = 1 ) LIMIT 1   [ RunTime:0.000229s ]
SQL: SHOW COLUMNS FROM `tb_company` [ RunTime:0.001350s ]
SQL: SELECT * FROM `tb_company` WHERE ( `status` = 0 ) AND ( `appid` = 1 ) AND ( `uid` = 1 ) LIMIT 1   [ RunTime:0.000199s ]
SQL: SHOW COLUMNS FROM `tb_reserve` [ RunTime:0.001528s ]
SQL: SELECT COUNT(*) AS tp_count FROM `tb_reserve` WHERE ( `status` = 0 ) AND ( `appid` = 1 ) AND ( `cid` = 1 ) LIMIT 1   [ RunTime:0.000222s ]
SQL: SELECT * FROM `tb_reserve` WHERE ( `status` = 0 ) AND ( `appid` = 1 ) AND ( `cid` = 1 ) ORDER BY createtime DESC LIMIT 0,10   [ RunTime:0.000171s ]
NOTIC: [8] Undefined variable: checked C:\AppServ\www\yisheji\Home\Company\Lib\Model\BaseModel.class.php 第 521 行.
NOTIC: [8] Undefined variable: checked C:\AppServ\www\yisheji\Home\Company\Lib\Model\BaseModel.class.php 第 521 行.
NOTIC: [8] Use of undefined constant __GROUP__ - assumed '__GROUP__' C:\AppServ\www\yisheji\Home\Company\Lib\Model\BaseModel.class.php 第 644 行.
INFO: [ view_template ] --START--
INFO: Run LocationTemplate Behavior [ RunTime:0.001189s ]
INFO: [ view_template ] --END-- [ RunTime:0.001248s ]
INFO: [ view_parse ] --START--
NOTIC: [8] Undefined variable: Title C:\AppServ\www\yisheji\Home\Company\Runtime\Cache\6cb03c09e3328e9a1a6e3979057bc4d2.php 第 11 行.
INFO: Run ParseTemplate Behavior [ RunTime:0.011672s ]
INFO: [ view_parse ] --END-- [ RunTime:0.011740s ]
INFO: [ view_filter ] --START--
INFO: Run ContentReplace Behavior [ RunTime:0.000678s ]
INFO: Run TokenBuild Behavior [ RunTime:0.000641s ]
INFO: Run WriteHtmlCache Behavior [ RunTime:0.000559s ]
INFO: Run ShowRuntime Behavior [ RunTime:0.000699s ]
INFO: [ view_filter ] --END-- [ RunTime:0.002727s ]
INFO: [ view_end ] --START--
INFO: Run ShowPageTrace Behavior [ RunTime:0.000811s ]
INFO: [ view_end ] --END-- [ RunTime:0.000866s ]

[ 2013-12-21T10:00:41+08:00 ] 127.0.0.1 /yisheji/company.php?s=/Pay/index
INFO: [ route_check ] --START--
INFO: Run CheckRoute Behavior [ RunTime:0.001058s ]
INFO: [ route_check ] --END-- [ RunTime:0.001162s ]
INFO: [ app_begin ] --START--
INFO: Run ReadHtmlCache Behavior [ RunTime:0.000535s ]
INFO: [ app_begin ] --END-- [ RunTime:0.000603s ]
SQL: SHOW COLUMNS FROM `tb_session` [ RunTime:0.001656s ]
SQL: SELECT * FROM `tb_session` WHERE ( `status` = 0 ) AND ( `appid` = 1 ) AND ( `key` = '5dde01699d66811dcfdb18578f06567f' ) LIMIT 1   [ RunTime:0.000238s ]
SQL: UPDATE `tb_session` SET `expire`=1387598441 WHERE ( `status` = 0 ) AND ( `appid` = 1 ) AND ( `id` = 1 ) [ RunTime:0.000175s ]
SQL: SHOW COLUMNS FROM `tb_user` [ RunTime:0.001929s ]
SQL: SELECT * FROM `tb_user` WHERE ( `status` = 0 ) AND ( `appid` = 1 ) AND ( `id` = 1 ) LIMIT 1   [ RunTime:0.000273s ]
SQL: SHOW COLUMNS FROM `tb_company` [ RunTime:0.001606s ]
SQL: SELECT * FROM `tb_company` WHERE ( `status` = 0 ) AND ( `appid` = 1 ) AND ( `uid` = 1 ) LIMIT 1   [ RunTime:0.000226s ]
SQL: SHOW COLUMNS FROM `tb_pay` [ RunTime:0.001430s ]
SQL: SELECT COUNT(*) AS tp_count FROM `tb_pay` WHERE ( `status` = 0 ) AND ( `appid` = 1 ) AND ( `cid` = 1 ) LIMIT 1   [ RunTime:0.000242s ]
SQL: SELECT * FROM `tb_pay` WHERE ( `status` = 0 ) AND ( `appid` = 1 ) AND ( `cid` = 1 ) ORDER BY createtime DESC LIMIT 0,10   [ RunTime:0.000157s ]
INFO: [ view_template ] --START--
INFO: Run LocationTemplate Behavior [ RunTime:0.001042s ]
INFO: [ view_template ] --END-- [ RunTime:0.001111s ]
INFO: [ view_parse ] --START--
NOTIC: [8] Undefined variable: Title C:\AppServ\www\yisheji\Home\Company\Runtime\Cache\835fd3f956cf587b1532f4342fa4a497.php 第 11 行.
INFO: Run ParseTemplate Behavior [ RunTime:0.010388s ]
INFO: [ view_parse ] --END-- [ RunTime:0.010458s ]
INFO: [ view_filter ] --START--
INFO: Run ContentReplace Behavior [ RunTime:0.000334s ]
INFO: Run TokenBuild Behavior [ RunTime:0.000297s ]
INFO: Run WriteHtmlCache Behavior [ RunTime:0.000201s ]
INFO: Run ShowRuntime Behavior [ RunTime:0.000352s ]
INFO: [ view_filter ] --END-- [ RunTime:0.001329s ]
INFO: [ view_end ] --START--
INFO: Run ShowPageTrace Behavior [ RunTime:0.000471s ]
INFO: [ view_end ] --END-- [ RunTime:0.000522s ]

[ 2013-12-21T10:00:42+08:00 ] 127.0.0.1 /yisheji/company.php?s=/Company/edit
INFO: [ route_check ] --START--
INFO: Run CheckRoute Behavior [ RunTime:0.001293s ]
INFO: [ route_check ] --END-- [ RunTime:0.001443s ]
INFO: [ app_begin ] --START--
INFO: Run ReadHtmlCache Behavior [ RunTime:0.000892s ]
INFO: [ app_begin ] --END-- [ RunTime:0.001000s ]
SQL: SHOW COLUMNS FROM `tb_session` [ RunTime:0.001364s ]
SQL: SELECT * FROM `tb_session` WHERE ( `status` = 0 ) AND ( `appid` = 1 ) AND ( `key` = '5dde01699d66811dcfdb18578f06567f' ) LIMIT 1   [ RunTime:0.000164s ]
SQL: UPDATE `tb_session` SET `expire`=1387598442 WHERE ( `status` = 0 ) AND ( `appid` = 1 ) AND ( `id` = 1 ) [ RunTime:0.000159s ]
SQL: SHOW COLUMNS FROM `tb_user` [ RunTime:0.001556s ]
SQL: SELECT * FROM `tb_user` WHERE ( `status` = 0 ) AND ( `appid` = 1 ) AND ( `id` = 1 ) LIMIT 1   [ RunTime:0.000221s ]
SQL: SHOW COLUMNS FROM `tb_company` [ RunTime:0.001379s ]
SQL: SELECT * FROM `tb_company` WHERE ( `status` = 0 ) AND ( `appid` = 1 ) AND ( `uid` = 1 ) LIMIT 1   [ RunTime:0.000192s ]
SQL: SHOW COLUMNS FROM `tb_file` [ RunTime:0.001487s ]
SQL: SELECT * FROM `tb_file` WHERE ( `status` = 0 ) AND ( `appid` = 1 ) AND ( `id` = 54 ) LIMIT 1   [ RunTime:0.000222s ]
NOTIC: [8] Undefined offset:  2 C:\AppServ\www\yisheji\Home\Company\Lib\Model\BaseModel.class.php 第 351 行.
NOTIC: [8] Undefined offset:  2 C:\AppServ\www\yisheji\Home\Company\Lib\Model\BaseModel.class.php 第 375 行.
NOTIC: [8] Undefined offset:  2 C:\AppServ\www\yisheji\Home\Company\Lib\Model\BaseModel.class.php 第 351 行.
NOTIC: [8] Undefined offset:  2 C:\AppServ\www\yisheji\Home\Company\Lib\Model\BaseModel.class.php 第 375 行.
NOTIC: [8] Undefined offset:  2 C:\AppServ\www\yisheji\Home\Company\Lib\Model\BaseModel.class.php 第 351 行.
NOTIC: [8] Undefined offset:  2 C:\AppServ\www\yisheji\Home\Company\Lib\Model\BaseModel.class.php 第 375 行.
NOTIC: [8] Undefined offset:  2 C:\AppServ\www\yisheji\Home\Company\Lib\Model\BaseModel.class.php 第 351 行.
NOTIC: [8] Undefined offset:  2 C:\AppServ\www\yisheji\Home\Company\Lib\Model\BaseModel.class.php 第 375 行.
NOTIC: [8] Undefined offset:  2 C:\AppServ\www\yisheji\Home\Company\Lib\Model\BaseModel.class.php 第 351 行.
NOTIC: [8] Undefined offset:  2 C:\AppServ\www\yisheji\Home\Company\Lib\Model\BaseModel.class.php 第 375 行.
INFO: [ view_template ] --START--
INFO: Run LocationTemplate Behavior [ RunTime:0.001043s ]
INFO: [ view_template ] --END-- [ RunTime:0.001100s ]
INFO: [ view_parse ] --START--
NOTIC: [8] Undefined variable: Title C:\AppServ\www\yisheji\Home\Company\Runtime\Cache\d10db2564888e939ed0e05f79565c63e.php 第 11 行.
INFO: Run ParseTemplate Behavior [ RunTime:0.010465s ]
INFO: [ view_parse ] --END-- [ RunTime:0.010544s ]
INFO: [ view_filter ] --START--
INFO: Run ContentReplace Behavior [ RunTime:0.000327s ]
INFO: Run TokenBuild Behavior [ RunTime:0.000299s ]
INFO: Run WriteHtmlCache Behavior [ RunTime:0.000208s ]
INFO: Run ShowRuntime Behavior [ RunTime:0.000355s ]
INFO: [ view_filter ] --END-- [ RunTime:0.001374s ]
INFO: [ view_end ] --START--
INFO: Run ShowPageTrace Behavior [ RunTime:0.000476s ]
INFO: [ view_end ] --END-- [ RunTime:0.000527s ]

[ 2013-12-21T10:00:43+08:00 ] 127.0.0.1 /yisheji/company.php?s=/Designer/index
INFO: [ route_check ] --START--
INFO: Run CheckRoute Behavior [ RunTime:0.001361s ]
INFO: [ route_check ] --END-- [ RunTime:0.001517s ]
INFO: [ app_begin ] --START--
INFO: Run ReadHtmlCache Behavior [ RunTime:0.000897s ]
INFO: [ app_begin ] --END-- [ RunTime:0.001010s ]
SQL: SHOW COLUMNS FROM `tb_session` [ RunTime:0.001386s ]
SQL: SELECT * FROM `tb_session` WHERE ( `status` = 0 ) AND ( `appid` = 1 ) AND ( `key` = '5dde01699d66811dcfdb18578f06567f' ) LIMIT 1   [ RunTime:0.000207s ]
SQL: UPDATE `tb_session` SET `expire`=1387598443 WHERE ( `status` = 0 ) AND ( `appid` = 1 ) AND ( `id` = 1 ) [ RunTime:0.000153s ]
SQL: SHOW COLUMNS FROM `tb_user` [ RunTime:0.002159s ]
SQL: SELECT * FROM `tb_user` WHERE ( `status` = 0 ) AND ( `appid` = 1 ) AND ( `id` = 1 ) LIMIT 1   [ RunTime:0.000272s ]
SQL: SHOW COLUMNS FROM `tb_company` [ RunTime:0.001407s ]
SQL: SELECT * FROM `tb_company` WHERE ( `status` = 0 ) AND ( `appid` = 1 ) AND ( `uid` = 1 ) LIMIT 1   [ RunTime:0.000156s ]
SQL: SHOW COLUMNS FROM `tb_user_designer` [ RunTime:0.001392s ]
SQL: SELECT * FROM `tb_user_designer` WHERE ( `status` = 0 ) AND ( `appid` = 1 ) AND ( `cid` = 1 )  [ RunTime:0.000223s ]
SQL: SELECT * FROM `tb_user` WHERE ( `status` = 0 ) AND ( `appid` = 1 ) AND ( `id` = 34 ) LIMIT 1   [ RunTime:0.000178s ]
SQL: SELECT * FROM `tb_user` WHERE ( `status` = 0 ) AND ( `appid` = 1 ) AND ( `id` = 36 ) LIMIT 1   [ RunTime:0.000162s ]
SQL: SELECT * FROM `tb_user` WHERE ( `status` = 0 ) AND ( `appid` = 1 ) AND ( `id` = 43 ) LIMIT 1   [ RunTime:0.000160s ]
SQL: SELECT * FROM `tb_user` WHERE ( `status` = 0 ) AND ( `appid` = 1 ) AND ( `id` = 45 ) LIMIT 1   [ RunTime:0.000158s ]
SQL: SELECT * FROM `tb_user` WHERE ( `status` = 0 ) AND ( `appid` = 1 ) AND ( `id` = 47 ) LIMIT 1   [ RunTime:0.000157s ]
INFO: [ view_template ] --START--
INFO: Run LocationTemplate Behavior [ RunTime:0.001057s ]
INFO: [ view_template ] --END-- [ RunTime:0.001115s ]
INFO: [ view_parse ] --START--
NOTIC: [8] Undefined variable: Title C:\AppServ\www\yisheji\Home\Company\Runtime\Cache\a245e4dfeffd1190e59e6eaac1ce2556.php 第 11 行.
INFO: Run ParseTemplate Behavior [ RunTime:0.011620s ]
INFO: [ view_parse ] --END-- [ RunTime:0.011697s ]
INFO: [ view_filter ] --START--
INFO: Run ContentReplace Behavior [ RunTime:0.000324s ]
INFO: Run TokenBuild Behavior [ RunTime:0.000294s ]
INFO: Run WriteHtmlCache Behavior [ RunTime:0.000200s ]
INFO: Run ShowRuntime Behavior [ RunTime:0.000352s ]
INFO: [ view_filter ] --END-- [ RunTime:0.001313s ]
INFO: [ view_end ] --START--
INFO: Run ShowPageTrace Behavior [ RunTime:0.000463s ]
INFO: [ view_end ] --END-- [ RunTime:0.000514s ]

[ 2013-12-21T10:00:44+08:00 ] 127.0.0.1 /yisheji/company.php?s=/Case/index
INFO: [ route_check ] --START--
INFO: Run CheckRoute Behavior [ RunTime:0.001363s ]
INFO: [ route_check ] --END-- [ RunTime:0.001518s ]
INFO: [ app_begin ] --START--
INFO: Run ReadHtmlCache Behavior [ RunTime:0.000890s ]
INFO: [ app_begin ] --END-- [ RunTime:0.001003s ]
SQL: SHOW COLUMNS FROM `tb_session` [ RunTime:0.001496s ]
SQL: SELECT * FROM `tb_session` WHERE ( `status` = 0 ) AND ( `appid` = 1 ) AND ( `key` = '5dde01699d66811dcfdb18578f06567f' ) LIMIT 1   [ RunTime:0.000177s ]
SQL: UPDATE `tb_session` SET `expire`=1387598444 WHERE ( `status` = 0 ) AND ( `appid` = 1 ) AND ( `id` = 1 ) [ RunTime:0.000169s ]
SQL: SHOW COLUMNS FROM `tb_user` [ RunTime:0.001844s ]
SQL: SELECT * FROM `tb_user` WHERE ( `status` = 0 ) AND ( `appid` = 1 ) AND ( `id` = 1 ) LIMIT 1   [ RunTime:0.000239s ]
SQL: SHOW COLUMNS FROM `tb_company` [ RunTime:0.001709s ]
SQL: SELECT * FROM `tb_company` WHERE ( `status` = 0 ) AND ( `appid` = 1 ) AND ( `uid` = 1 ) LIMIT 1   [ RunTime:0.000239s ]
SQL: SHOW COLUMNS FROM `tb_case` [ RunTime:0.001613s ]
SQL: SELECT COUNT(*) AS tp_count FROM `tb_case` WHERE ( `status` = 0 ) AND ( `appid` = 1 ) AND ( `cid` = 1 ) LIMIT 1   [ RunTime:0.000344s ]
SQL: SELECT * FROM `tb_case` WHERE ( `status` = 0 ) AND ( `appid` = 1 ) AND ( `cid` = 1 ) ORDER BY createtime DESC LIMIT 0,10   [ RunTime:0.000286s ]
INFO: [ view_template ] --START--
INFO: Run LocationTemplate Behavior [ RunTime:0.001184s ]
INFO: [ view_template ] --END-- [ RunTime:0.001250s ]
INFO: [ view_parse ] --START--
NOTIC: [8] Undefined variable: Title C:\AppServ\www\yisheji\Home\Company\Runtime\Cache\9ab06c80a9be511314d9828fee1515b4.php 第 11 行.
INFO: Run ParseTemplate Behavior [ RunTime:0.010694s ]
INFO: [ view_parse ] --END-- [ RunTime:0.010765s ]
INFO: [ view_filter ] --START--
INFO: Run ContentReplace Behavior [ RunTime:0.000332s ]
INFO: Run TokenBuild Behavior [ RunTime:0.000300s ]
INFO: Run WriteHtmlCache Behavior [ RunTime:0.000201s ]
INFO: Run ShowRuntime Behavior [ RunTime:0.000353s ]
INFO: [ view_filter ] --END-- [ RunTime:0.001329s ]
INFO: [ view_end ] --START--
INFO: Run ShowPageTrace Behavior [ RunTime:0.000465s ]
INFO: [ view_end ] --END-- [ RunTime:0.000519s ]

[ 2013-12-21T10:00:44+08:00 ] 127.0.0.1 /yisheji/company.php?s=/Score/index
INFO: [ route_check ] --START--
INFO: Run CheckRoute Behavior [ RunTime:0.001402s ]
INFO: [ route_check ] --END-- [ RunTime:0.001562s ]
INFO: [ app_begin ] --START--
INFO: Run ReadHtmlCache Behavior [ RunTime:0.001010s ]
INFO: [ app_begin ] --END-- [ RunTime:0.001134s ]
SQL: SHOW COLUMNS FROM `tb_session` [ RunTime:0.001615s ]
SQL: SELECT * FROM `tb_session` WHERE ( `status` = 0 ) AND ( `appid` = 1 ) AND ( `key` = '5dde01699d66811dcfdb18578f06567f' ) LIMIT 1   [ RunTime:0.000208s ]
SQL: UPDATE `tb_session` SET `expire`=1387598444 WHERE ( `status` = 0 ) AND ( `appid` = 1 ) AND ( `id` = 1 ) [ RunTime:0.000162s ]
SQL: SHOW COLUMNS FROM `tb_user` [ RunTime:0.001655s ]
SQL: SELECT * FROM `tb_user` WHERE ( `status` = 0 ) AND ( `appid` = 1 ) AND ( `id` = 1 ) LIMIT 1   [ RunTime:0.000220s ]
SQL: SHOW COLUMNS FROM `tb_company` [ RunTime:0.001371s ]
SQL: SELECT * FROM `tb_company` WHERE ( `status` = 0 ) AND ( `appid` = 1 ) AND ( `uid` = 1 ) LIMIT 1   [ RunTime:0.000204s ]
SQL: SHOW COLUMNS FROM `tb_score` [ RunTime:0.001455s ]
SQL: SELECT COUNT(*) AS tp_count FROM `tb_score` WHERE ( `status` = 0 ) AND ( `appid` = 1 ) AND ( `cid` = 1 ) LIMIT 1   [ RunTime:0.000221s ]
SQL: SELECT * FROM `tb_score` WHERE ( `status` = 0 ) AND ( `appid` = 1 ) AND ( `cid` = 1 ) ORDER BY createtime DESC LIMIT 0,10   [ RunTime:0.000205s ]
NOTIC: [8] Undefined variable: checked C:\AppServ\www\yisheji\Home\Company\Lib\Model\BaseModel.class.php 第 521 行.
NOTIC: [8] Undefined variable: checked C:\AppServ\www\yisheji\Home\Company\Lib\Model\BaseModel.class.php 第 521 行.
NOTIC: [8] Use of undefined constant __GROUP__ - assumed '__GROUP__' C:\AppServ\www\yisheji\Home\Company\Lib\Model\BaseModel.class.php 第 644 行.
NOTIC: [8] Use of undefined constant __GROUP__ - assumed '__GROUP__' C:\AppServ\www\yisheji\Home\Company\Lib\Model\BaseModel.class.php 第 644 行.
INFO: [ view_template ] --START--
INFO: Run LocationTemplate Behavior [ RunTime:0.001041s ]
INFO: [ view_template ] --END-- [ RunTime:0.001101s ]
INFO: [ view_parse ] --START--
NOTIC: [8] Undefined variable: Title C:\AppServ\www\yisheji\Home\Company\Runtime\Cache\e953a0eb0082b4072be337b335afc013.php 第 11 行.
INFO: Run ParseTemplate Behavior [ RunTime:0.010326s ]
INFO: [ view_parse ] --END-- [ RunTime:0.010395s ]
INFO: [ view_filter ] --START--
INFO: Run ContentReplace Behavior [ RunTime:0.000334s ]
INFO: Run TokenBuild Behavior [ RunTime:0.000297s ]
INFO: Run WriteHtmlCache Behavior [ RunTime:0.000202s ]
INFO: Run ShowRuntime Behavior [ RunTime:0.000355s ]
INFO: [ view_filter ] --END-- [ RunTime:0.001332s ]
INFO: [ view_end ] --START--
INFO: Run ShowPageTrace Behavior [ RunTime:0.000462s ]
INFO: [ view_end ] --END-- [ RunTime:0.000514s ]

[ 2013-12-21T10:00:44+08:00 ] 127.0.0.1 /yisheji/company.php?s=/House/index
INFO: [ route_check ] --START--
INFO: Run CheckRoute Behavior [ RunTime:0.000764s ]
INFO: [ route_check ] --END-- [ RunTime:0.000859s ]
INFO: [ app_begin ] --START--
INFO: Run ReadHtmlCache Behavior [ RunTime:0.000472s ]
INFO: [ app_begin ] --END-- [ RunTime:0.000533s ]
SQL: SHOW COLUMNS FROM `tb_session` [ RunTime:0.001505s ]
SQL: SELECT * FROM `tb_session` WHERE ( `status` = 0 ) AND ( `appid` = 1 ) AND ( `key` = '5dde01699d66811dcfdb18578f06567f' ) LIMIT 1   [ RunTime:0.000174s ]
SQL: UPDATE `tb_session` SET `expire`=1387598444 WHERE ( `status` = 0 ) AND ( `appid` = 1 ) AND ( `id` = 1 ) [ RunTime:0.000165s ]
SQL: SHOW COLUMNS FROM `tb_user` [ RunTime:0.001820s ]
SQL: SELECT * FROM `tb_user` WHERE ( `status` = 0 ) AND ( `appid` = 1 ) AND ( `id` = 1 ) LIMIT 1   [ RunTime:0.000259s ]
SQL: SHOW COLUMNS FROM `tb_company` [ RunTime:0.001426s ]
SQL: SELECT * FROM `tb_company` WHERE ( `status` = 0 ) AND ( `appid` = 1 ) AND ( `uid` = 1 ) LIMIT 1   [ RunTime:0.000215s ]
SQL: SHOW COLUMNS FROM `tb_house` [ RunTime:0.001713s ]
SQL: SELECT COUNT(*) AS tp_count FROM `tb_house` WHERE ( `status` = 0 ) AND ( `appid` = 1 ) AND ( `cid` = 1 ) LIMIT 1   [ RunTime:0.000247s ]
SQL: SELECT * FROM `tb_house` WHERE ( `status` = 0 ) AND ( `appid` = 1 ) AND ( `cid` = 1 ) ORDER BY createtime DESC LIMIT 0,10   [ RunTime:0.000231s ]
NOTIC: [8] Use of undefined constant __GROUP__ - assumed '__GROUP__' C:\AppServ\www\yisheji\Home\Company\Lib\Model\BaseModel.class.php 第 644 行.
NOTIC: [8] Use of undefined constant __GROUP__ - assumed '__GROUP__' C:\AppServ\www\yisheji\Home\Company\Lib\Model\BaseModel.class.php 第 644 行.
INFO: [ view_template ] --START--
INFO: Run LocationTemplate Behavior [ RunTime:0.001138s ]
INFO: [ view_template ] --END-- [ RunTime:0.001199s ]
INFO: [ view_parse ] --START--
NOTIC: [8] Undefined variable: Title C:\AppServ\www\yisheji\Home\Company\Runtime\Cache\e6f1f9c41b04408685686b1138e94aee.php 第 11 行.
INFO: Run ParseTemplate Behavior [ RunTime:0.010478s ]
INFO: [ view_parse ] --END-- [ RunTime:0.010546s ]
INFO: [ view_filter ] --START--
INFO: Run ContentReplace Behavior [ RunTime:0.000335s ]
INFO: Run TokenBuild Behavior [ RunTime:0.000296s ]
INFO: Run WriteHtmlCache Behavior [ RunTime:0.000202s ]
INFO: Run ShowRuntime Behavior [ RunTime:0.000365s ]
INFO: [ view_filter ] --END-- [ RunTime:0.001341s ]
INFO: [ view_end ] --START--
INFO: Run ShowPageTrace Behavior [ RunTime:0.000457s ]
INFO: [ view_end ] --END-- [ RunTime:0.000509s ]

[ 2013-12-21T10:00:45+08:00 ] 127.0.0.1 /yisheji/company.php?s=/Active/index
INFO: [ route_check ] --START--
INFO: Run CheckRoute Behavior [ RunTime:0.001480s ]
INFO: [ route_check ] --END-- [ RunTime:0.001638s ]
INFO: [ app_begin ] --START--
INFO: Run ReadHtmlCache Behavior [ RunTime:0.000485s ]
INFO: [ app_begin ] --END-- [ RunTime:0.000546s ]
SQL: SHOW COLUMNS FROM `tb_session` [ RunTime:0.001671s ]
SQL: SELECT * FROM `tb_session` WHERE ( `status` = 0 ) AND ( `appid` = 1 ) AND ( `key` = '5dde01699d66811dcfdb18578f06567f' ) LIMIT 1   [ RunTime:0.000255s ]
SQL: UPDATE `tb_session` SET `expire`=1387598445 WHERE ( `status` = 0 ) AND ( `appid` = 1 ) AND ( `id` = 1 ) [ RunTime:0.000160s ]
SQL: SHOW COLUMNS FROM `tb_user` [ RunTime:0.001592s ]
SQL: SELECT * FROM `tb_user` WHERE ( `status` = 0 ) AND ( `appid` = 1 ) AND ( `id` = 1 ) LIMIT 1   [ RunTime:0.000224s ]
SQL: SHOW COLUMNS FROM `tb_company` [ RunTime:0.001492s ]
SQL: SELECT * FROM `tb_company` WHERE ( `status` = 0 ) AND ( `appid` = 1 ) AND ( `uid` = 1 ) LIMIT 1   [ RunTime:0.000215s ]
SQL: SHOW COLUMNS FROM `tb_active` [ RunTime:0.001678s ]
SQL: SELECT COUNT(*) AS tp_count FROM `tb_active` WHERE ( `status` = 0 ) AND ( `appid` = 1 ) AND ( `cid` = 1 ) LIMIT 1   [ RunTime:0.000237s ]
SQL: SELECT * FROM `tb_active` WHERE ( `status` = 0 ) AND ( `appid` = 1 ) AND ( `cid` = 1 ) ORDER BY createtime DESC LIMIT 0,10   [ RunTime:0.000224s ]
INFO: [ view_template ] --START--
INFO: Run LocationTemplate Behavior [ RunTime:0.001094s ]
INFO: [ view_template ] --END-- [ RunTime:0.001158s ]
INFO: [ view_parse ] --START--
NOTIC: [8] Undefined variable: Title C:\AppServ\www\yisheji\Home\Company\Runtime\Cache\2110aa947894bfb0934173ae78f6218b.php 第 11 行.
INFO: Run ParseTemplate Behavior [ RunTime:0.010699s ]
INFO: [ view_parse ] --END-- [ RunTime:0.010773s ]
INFO: [ view_filter ] --START--
INFO: Run ContentReplace Behavior [ RunTime:0.000396s ]
INFO: Run TokenBuild Behavior [ RunTime:0.000305s ]
INFO: Run WriteHtmlCache Behavior [ RunTime:0.000205s ]
INFO: Run ShowRuntime Behavior [ RunTime:0.000359s ]
INFO: [ view_filter ] --END-- [ RunTime:0.001412s ]
INFO: [ view_end ] --START--
INFO: Run ShowPageTrace Behavior [ RunTime:0.000466s ]
INFO: [ view_end ] --END-- [ RunTime:0.000517s ]

[ 2013-12-21T10:00:46+08:00 ] 127.0.0.1 /yisheji/company.php?s=/Active/add
INFO: [ route_check ] --START--
INFO: Run CheckRoute Behavior [ RunTime:0.001354s ]
INFO: [ route_check ] --END-- [ RunTime:0.001510s ]
INFO: [ app_begin ] --START--
INFO: Run ReadHtmlCache Behavior [ RunTime:0.000878s ]
INFO: [ app_begin ] --END-- [ RunTime:0.000991s ]
SQL: SHOW COLUMNS FROM `tb_session` [ RunTime:0.001383s ]
SQL: SELECT * FROM `tb_session` WHERE ( `status` = 0 ) AND ( `appid` = 1 ) AND ( `key` = '5dde01699d66811dcfdb18578f06567f' ) LIMIT 1   [ RunTime:0.000166s ]
SQL: UPDATE `tb_session` SET `expire`=1387598446 WHERE ( `status` = 0 ) AND ( `appid` = 1 ) AND ( `id` = 1 ) [ RunTime:0.000158s ]
SQL: SHOW COLUMNS FROM `tb_user` [ RunTime:0.001558s ]
SQL: SELECT * FROM `tb_user` WHERE ( `status` = 0 ) AND ( `appid` = 1 ) AND ( `id` = 1 ) LIMIT 1   [ RunTime:0.000240s ]
SQL: SHOW COLUMNS FROM `tb_company` [ RunTime:0.001478s ]
SQL: SELECT * FROM `tb_company` WHERE ( `status` = 0 ) AND ( `appid` = 1 ) AND ( `uid` = 1 ) LIMIT 1   [ RunTime:0.000211s ]
SQL: SHOW COLUMNS FROM `tb_active` [ RunTime:0.001555s ]
NOTIC: [8] Undefined offset:  2 C:\AppServ\www\yisheji\Home\Company\Lib\Model\BaseModel.class.php 第 351 行.
NOTIC: [8] Undefined offset:  2 C:\AppServ\www\yisheji\Home\Company\Lib\Model\BaseModel.class.php 第 375 行.
NOTIC: [8] Undefined offset:  2 C:\AppServ\www\yisheji\Home\Company\Lib\Model\BaseModel.class.php 第 351 行.
NOTIC: [8] Undefined offset:  2 C:\AppServ\www\yisheji\Home\Company\Lib\Model\BaseModel.class.php 第 375 行.
NOTIC: [8] Undefined offset:  2 C:\AppServ\www\yisheji\Home\Company\Lib\Model\BaseModel.class.php 第 351 行.
NOTIC: [8] Undefined offset:  2 C:\AppServ\www\yisheji\Home\Company\Lib\Model\BaseModel.class.php 第 375 行.
NOTIC: [8] Undefined offset:  2 C:\AppServ\www\yisheji\Home\Company\Lib\Model\BaseModel.class.php 第 351 行.
NOTIC: [8] Undefined offset:  2 C:\AppServ\www\yisheji\Home\Company\Lib\Model\BaseModel.class.php 第 375 行.
NOTIC: [8] Undefined offset:  2 C:\AppServ\www\yisheji\Home\Company\Lib\Model\BaseModel.class.php 第 351 行.
NOTIC: [8] Undefined offset:  2 C:\AppServ\www\yisheji\Home\Company\Lib\Model\BaseModel.class.php 第 375 行.
NOTIC: [8] Undefined offset:  2 C:\AppServ\www\yisheji\Home\Company\Lib\Model\BaseModel.class.php 第 351 行.
NOTIC: [8] Undefined offset:  2 C:\AppServ\www\yisheji\Home\Company\Lib\Model\BaseModel.class.php 第 375 行.
NOTIC: [8] Undefined offset:  2 C:\AppServ\www\yisheji\Home\Company\Lib\Model\BaseModel.class.php 第 351 行.
NOTIC: [8] Undefined offset:  2 C:\AppServ\www\yisheji\Home\Company\Lib\Model\BaseModel.class.php 第 375 行.
SQL: SHOW COLUMNS FROM `tb_district` [ RunTime:0.001340s ]
SQL: SELECT * FROM `tb_district` WHERE ( level = 1 ) ORDER BY ord DESC  [ RunTime:0.009636s ]
NOTIC: [8] Undefined variable: html C:\AppServ\www\yisheji\Home\Company\Lib\Model\DistrictModel.class.php 第 105 行.
NOTIC: [8] Undefined offset:  2 C:\AppServ\www\yisheji\Home\Company\Lib\Model\BaseModel.class.php 第 351 行.
NOTIC: [8] Undefined offset:  2 C:\AppServ\www\yisheji\Home\Company\Lib\Model\BaseModel.class.php 第 375 行.
SQL: SELECT * FROM `tb_district` WHERE ( id = 0 ) LIMIT 1   [ RunTime:0.000176s ]
NOTIC: [8] Undefined offset:  2 C:\AppServ\www\yisheji\Home\Company\Lib\Model\BaseModel.class.php 第 351 行.
NOTIC: [8] Undefined offset:  2 C:\AppServ\www\yisheji\Home\Company\Lib\Model\BaseModel.class.php 第 375 行.
SQL: SELECT * FROM `tb_district` WHERE ( id = 0 ) LIMIT 1   [ RunTime:0.000116s ]
NOTIC: [8] Undefined offset:  2 C:\AppServ\www\yisheji\Home\Company\Lib\Model\BaseModel.class.php 第 351 行.
NOTIC: [8] Undefined offset:  2 C:\AppServ\www\yisheji\Home\Company\Lib\Model\BaseModel.class.php 第 375 行.
SQL: SELECT * FROM `tb_district` WHERE ( id = 0 ) LIMIT 1   [ RunTime:0.000112s ]
NOTIC: [8] Undefined offset:  2 C:\AppServ\www\yisheji\Home\Company\Lib\Model\BaseModel.class.php 第 351 行.
NOTIC: [8] Undefined offset:  2 C:\AppServ\www\yisheji\Home\Company\Lib\Model\BaseModel.class.php 第 375 行.
NOTIC: [8] Undefined offset:  2 C:\AppServ\www\yisheji\Home\Company\Lib\Model\BaseModel.class.php 第 351 行.
NOTIC: [8] Undefined offset:  2 C:\AppServ\www\yisheji\Home\Company\Lib\Model\BaseModel.class.php 第 375 行.
NOTIC: [8] Undefined offset:  2 C:\AppServ\www\yisheji\Home\Company\Lib\Model\BaseModel.class.php 第 351 行.
NOTIC: [8] Undefined offset:  2 C:\AppServ\www\yisheji\Home\Company\Lib\Model\BaseModel.class.php 第 375 行.
SQL: SHOW COLUMNS FROM `tb_tag` [ RunTime:0.001461s ]
SQL: SELECT `content` FROM `tb_tag` WHERE ( `status` = 0 ) AND ( `appid` = 1 ) AND ( `type` = 1 ) ORDER BY usecount DESC LIMIT 10   [ RunTime:0.000209s ]
NOTIC: [8] Undefined offset:  2 C:\AppServ\www\yisheji\Home\Company\Lib\Model\BaseModel.class.php 第 351 行.
NOTIC: [8] Undefined offset:  2 C:\AppServ\www\yisheji\Home\Company\Lib\Model\BaseModel.class.php 第 375 行.
INFO: [ view_template ] --START--
INFO: Run LocationTemplate Behavior [ RunTime:0.001046s ]
INFO: [ view_template ] --END-- [ RunTime:0.001105s ]
INFO: [ view_parse ] --START--
NOTIC: [8] Undefined variable: Title C:\AppServ\www\yisheji\Home\Company\Runtime\Cache\d2af9a094fe837ac6f5c6ca358f3bee4.php 第 11 行.
INFO: Run ParseTemplate Behavior [ RunTime:0.009990s ]
INFO: [ view_parse ] --END-- [ RunTime:0.010057s ]
INFO: [ view_filter ] --START--
INFO: Run ContentReplace Behavior [ RunTime:0.000343s ]
INFO: Run TokenBuild Behavior [ RunTime:0.000296s ]
INFO: Run WriteHtmlCache Behavior [ RunTime:0.000201s ]
INFO: Run ShowRuntime Behavior [ RunTime:0.000355s ]
INFO: [ view_filter ] --END-- [ RunTime:0.001342s ]
INFO: [ view_end ] --START--
INFO: Run ShowPageTrace Behavior [ RunTime:0.000506s ]
INFO: [ view_end ] --END-- [ RunTime:0.000593s ]

[ 2013-12-21T10:00:56+08:00 ] 127.0.0.1 /yisheji/company.php?s=/Reserve/index
INFO: [ route_check ] --START--
INFO: Run CheckRoute Behavior [ RunTime:0.000681s ]
INFO: [ route_check ] --END-- [ RunTime:0.000768s ]
INFO: [ app_begin ] --START--
INFO: Run ReadHtmlCache Behavior [ RunTime:0.000438s ]
INFO: [ app_begin ] --END-- [ RunTime:0.000494s ]
SQL: SHOW COLUMNS FROM `tb_session` [ RunTime:0.001357s ]
SQL: SELECT * FROM `tb_session` WHERE ( `status` = 0 ) AND ( `appid` = 1 ) AND ( `key` = '5dde01699d66811dcfdb18578f06567f' ) LIMIT 1   [ RunTime:0.000158s ]
SQL: UPDATE `tb_session` SET `expire`=1387598456 WHERE ( `status` = 0 ) AND ( `appid` = 1 ) AND ( `id` = 1 ) [ RunTime:0.000156s ]
SQL: SHOW COLUMNS FROM `tb_user` [ RunTime:0.001589s ]
SQL: SELECT * FROM `tb_user` WHERE ( `status` = 0 ) AND ( `appid` = 1 ) AND ( `id` = 1 ) LIMIT 1   [ RunTime:0.000223s ]
SQL: SHOW COLUMNS FROM `tb_company` [ RunTime:0.001376s ]
SQL: SELECT * FROM `tb_company` WHERE ( `status` = 0 ) AND ( `appid` = 1 ) AND ( `uid` = 1 ) LIMIT 1   [ RunTime:0.000214s ]
SQL: SHOW COLUMNS FROM `tb_reserve` [ RunTime:0.001472s ]
SQL: SELECT COUNT(*) AS tp_count FROM `tb_reserve` WHERE ( `status` = 0 ) AND ( `appid` = 1 ) AND ( `cid` = 1 ) LIMIT 1   [ RunTime:0.000223s ]
SQL: SELECT * FROM `tb_reserve` WHERE ( `status` = 0 ) AND ( `appid` = 1 ) AND ( `cid` = 1 ) ORDER BY createtime DESC LIMIT 0,10   [ RunTime:0.000199s ]
NOTIC: [8] Undefined variable: checked C:\AppServ\www\yisheji\Home\Company\Lib\Model\BaseModel.class.php 第 521 行.
NOTIC: [8] Undefined variable: checked C:\AppServ\www\yisheji\Home\Company\Lib\Model\BaseModel.class.php 第 521 行.
NOTIC: [8] Use of undefined constant __GROUP__ - assumed '__GROUP__' C:\AppServ\www\yisheji\Home\Company\Lib\Model\BaseModel.class.php 第 644 行.
INFO: [ view_template ] --START--
INFO: Run LocationTemplate Behavior [ RunTime:0.000614s ]
INFO: [ view_template ] --END-- [ RunTime:0.000671s ]
INFO: [ view_parse ] --START--
NOTIC: [8] Undefined variable: Title C:\AppServ\www\yisheji\Home\Company\Runtime\Cache\6cb03c09e3328e9a1a6e3979057bc4d2.php 第 11 行.
INFO: Run ParseTemplate Behavior [ RunTime:0.009793s ]
INFO: [ view_parse ] --END-- [ RunTime:0.009862s ]
INFO: [ view_filter ] --START--
INFO: Run ContentReplace Behavior [ RunTime:0.000340s ]
INFO: Run TokenBuild Behavior [ RunTime:0.000299s ]
INFO: Run WriteHtmlCache Behavior [ RunTime:0.000204s ]
INFO: Run ShowRuntime Behavior [ RunTime:0.000355s ]
INFO: [ view_filter ] --END-- [ RunTime:0.001338s ]
INFO: [ view_end ] --START--
INFO: Run ShowPageTrace Behavior [ RunTime:0.000467s ]
INFO: [ view_end ] --END-- [ RunTime:0.000519s ]

[ 2013-12-21T10:00:57+08:00 ] 127.0.0.1 /yisheji/company.php?s=/Pay/index
INFO: [ route_check ] --START--
INFO: Run CheckRoute Behavior [ RunTime:0.001359s ]
INFO: [ route_check ] --END-- [ RunTime:0.001518s ]
INFO: [ app_begin ] --START--
INFO: Run ReadHtmlCache Behavior [ RunTime:0.000882s ]
INFO: [ app_begin ] --END-- [ RunTime:0.000996s ]
SQL: SHOW COLUMNS FROM `tb_session` [ RunTime:0.001351s ]
SQL: SELECT * FROM `tb_session` WHERE ( `status` = 0 ) AND ( `appid` = 1 ) AND ( `key` = '5dde01699d66811dcfdb18578f06567f' ) LIMIT 1   [ RunTime:0.000156s ]
SQL: UPDATE `tb_session` SET `expire`=1387598457 WHERE ( `status` = 0 ) AND ( `appid` = 1 ) AND ( `id` = 1 ) [ RunTime:0.000141s ]
SQL: SHOW COLUMNS FROM `tb_user` [ RunTime:0.001968s ]
SQL: SELECT * FROM `tb_user` WHERE ( `status` = 0 ) AND ( `appid` = 1 ) AND ( `id` = 1 ) LIMIT 1   [ RunTime:0.000270s ]
SQL: SHOW COLUMNS FROM `tb_company` [ RunTime:0.001397s ]
SQL: SELECT * FROM `tb_company` WHERE ( `status` = 0 ) AND ( `appid` = 1 ) AND ( `uid` = 1 ) LIMIT 1   [ RunTime:0.000406s ]
SQL: SHOW COLUMNS FROM `tb_pay` [ RunTime:0.001342s ]
SQL: SELECT COUNT(*) AS tp_count FROM `tb_pay` WHERE ( `status` = 0 ) AND ( `appid` = 1 ) AND ( `cid` = 1 ) LIMIT 1   [ RunTime:0.000204s ]
SQL: SELECT * FROM `tb_pay` WHERE ( `status` = 0 ) AND ( `appid` = 1 ) AND ( `cid` = 1 ) ORDER BY createtime DESC LIMIT 0,10   [ RunTime:0.000171s ]
INFO: [ view_template ] --START--
INFO: Run LocationTemplate Behavior [ RunTime:0.001034s ]
INFO: [ view_template ] --END-- [ RunTime:0.001111s ]
INFO: [ view_parse ] --START--
NOTIC: [8] Undefined variable: Title C:\AppServ\www\yisheji\Home\Company\Runtime\Cache\835fd3f956cf587b1532f4342fa4a497.php 第 11 行.
INFO: Run ParseTemplate Behavior [ RunTime:0.010438s ]
INFO: [ view_parse ] --END-- [ RunTime:0.010505s ]
INFO: [ view_filter ] --START--
INFO: Run ContentReplace Behavior [ RunTime:0.000330s ]
INFO: Run TokenBuild Behavior [ RunTime:0.000294s ]
INFO: Run WriteHtmlCache Behavior [ RunTime:0.000200s ]
INFO: Run ShowRuntime Behavior [ RunTime:0.000357s ]
INFO: [ view_filter ] --END-- [ RunTime:0.001325s ]
INFO: [ view_end ] --START--
INFO: Run ShowPageTrace Behavior [ RunTime:0.000456s ]
INFO: [ view_end ] --END-- [ RunTime:0.000508s ]

