[ 2013-12-07T10:17:57+08:00 ] 127.0.0.1 /yisheji/company.php?s=/User/login
INFO: [ route_check ] --START--
INFO: Run CheckRoute Behavior [ RunTime:0.001440s ]
INFO: [ route_check ] --END-- [ RunTime:0.001539s ]
INFO: [ app_begin ] --START--
INFO: Run ReadHtmlCache Behavior [ RunTime:0.001183s ]
INFO: [ app_begin ] --END-- [ RunTime:0.001254s ]
SQL: SHOW COLUMNS FROM `tb_session` [ RunTime:0.001528s ]
NOTIC: [8] Undefined index:  company C:\AppServ\www\yisheji\Home\Company\Lib\Model\BaseModel.class.php 第 34 行.
NOTIC: [8] Undefined index:  user C:\AppServ\www\yisheji\Home\Company\Lib\Model\BaseModel.class.php 第 35 行.
NOTIC: [8] Undefined index:  SN_KEY C:\AppServ\www\yisheji\Home\Company\Lib\Model\SessionModel.class.php 第 14 行.
NOTIC: [8] Trying to get property of non-object C:\AppServ\www\yisheji\Home\Company\Lib\Action\BaseAction.class.php 第 49 行.
SQL: SHOW COLUMNS FROM `tb_user` [ RunTime:0.002238s ]
NOTIC: [8] Undefined index:  company C:\AppServ\www\yisheji\Home\Company\Lib\Model\BaseModel.class.php 第 34 行.
NOTIC: [8] Undefined index:  user C:\AppServ\www\yisheji\Home\Company\Lib\Model\BaseModel.class.php 第 35 行.
NOTIC: [2] Missing argument 1 for UserModel::login(), called in C:\AppServ\www\yisheji\Home\Company\Lib\Action\UserAction.class.php on line 43 and defined C:\AppServ\www\yisheji\Home\Company\Lib\Model\UserModel.class.php 第 44 行.
NOTIC: [2] Missing argument 2 for UserModel::login(), called in C:\AppServ\www\yisheji\Home\Company\Lib\Action\UserAction.class.php on line 43 and defined C:\AppServ\www\yisheji\Home\Company\Lib\Model\UserModel.class.php 第 44 行.
SQL: SELECT * FROM `tb_user` WHERE ( `status` = 0 ) AND ( `appid` = 1 ) AND ( `account` = 'admin' ) LIMIT 1   [ RunTime:0.000326s ]
SQL: SELECT * FROM `tb_session` WHERE ( `status` = 0 ) AND ( `appid` = 1 ) AND ( `uid` = 1 ) LIMIT 1   [ RunTime:0.000148s ]
SQL: INSERT INTO `tb_session` (`key`,`expire`,`ip`,`appid`,`uid`,`createtime`) VALUES ('f149a6ed0cd70213d91f8f1243b9e830',1386389877,'127.0.0.1',1,1,1386382677) [ RunTime:0.000143s ]
INFO: [ view_template ] --START--
INFO: Run LocationTemplate Behavior [ RunTime:0.001885s ]
INFO: [ view_template ] --END-- [ RunTime:0.001947s ]
INFO: [ view_parse ] --START--
NOTIC: [8] Undefined variable: Title C:\AppServ\www\yisheji\Home\Company\Runtime\Cache\738a8a5b07f3e8dbfc27abcb3ec946e0.php 第 10 行.
INFO: Run ParseTemplate Behavior [ RunTime:0.016371s ]
INFO: [ view_parse ] --END-- [ RunTime:0.016439s ]
INFO: [ view_filter ] --START--
INFO: Run ContentReplace Behavior [ RunTime:0.001022s ]
INFO: Run TokenBuild Behavior [ RunTime:0.000976s ]
INFO: Run WriteHtmlCache Behavior [ RunTime:0.000861s ]
INFO: Run ShowRuntime Behavior [ RunTime:0.001000s ]
INFO: [ view_filter ] --END-- [ RunTime:0.004021s ]
INFO: [ view_end ] --START--
INFO: Run ShowPageTrace Behavior [ RunTime:0.001151s ]
INFO: [ view_end ] --END-- [ RunTime:0.001208s ]

[ 2013-12-07T10:17:58+08:00 ] 127.0.0.1 /yisheji/company.php?s=/Index/index
INFO: [ route_check ] --START--
INFO: Run CheckRoute Behavior [ RunTime:0.001334s ]
INFO: [ route_check ] --END-- [ RunTime:0.001428s ]
INFO: [ app_begin ] --START--
INFO: Run ReadHtmlCache Behavior [ RunTime:0.001464s ]
INFO: [ app_begin ] --END-- [ RunTime:0.001543s ]
SQL: SHOW COLUMNS FROM `tb_session` [ RunTime:0.001626s ]
NOTIC: [8] Undefined index:  company C:\AppServ\www\yisheji\Home\Company\Lib\Model\BaseModel.class.php 第 34 行.
NOTIC: [8] Undefined index:  user C:\AppServ\www\yisheji\Home\Company\Lib\Model\BaseModel.class.php 第 35 行.
SQL: SELECT * FROM `tb_session` WHERE ( `status` = 0 ) AND ( `appid` = 1 ) AND ( `key` = 'f149a6ed0cd70213d91f8f1243b9e830' ) LIMIT 1   [ RunTime:0.000223s ]
SQL: UPDATE `tb_session` SET `expire`=1386389878 WHERE ( `status` = 0 ) AND ( `appid` = 1 ) AND ( `id` = 1 ) [ RunTime:0.000198s ]
SQL: SHOW COLUMNS FROM `tb_user` [ RunTime:0.001467s ]
NOTIC: [8] Undefined index:  company C:\AppServ\www\yisheji\Home\Company\Lib\Model\BaseModel.class.php 第 34 行.
NOTIC: [8] Undefined index:  user C:\AppServ\www\yisheji\Home\Company\Lib\Model\BaseModel.class.php 第 35 行.
SQL: SELECT * FROM `tb_user` WHERE ( `status` = 0 ) AND ( `appid` = 1 ) AND ( `id` = 1 ) LIMIT 1   [ RunTime:0.000208s ]
SQL: SHOW COLUMNS FROM `tb_company` [ RunTime:0.001850s ]
NOTIC: [8] Undefined index:  company C:\AppServ\www\yisheji\Home\Company\Lib\Model\BaseModel.class.php 第 34 行.
SQL: SELECT * FROM `tb_company` WHERE ( `status` = 0 ) AND ( `appid` = 1 ) AND ( `uid` = 1 ) LIMIT 1   [ RunTime:0.000245s ]
SQL: SELECT * FROM `tb_company` WHERE ( `status` = 0 ) AND ( `appid` = 1 ) AND ( `id` = 1 ) LIMIT 1   [ RunTime:0.000186s ]
SQL: SHOW COLUMNS FROM `tb_file` [ RunTime:0.001972s ]
SQL: SELECT * FROM `tb_file` WHERE ( `status` = 0 ) AND ( `appid` = 1 ) AND ( `id` = 33 ) LIMIT 1   [ RunTime:0.000219s ]
SQL: SHOW COLUMNS FROM `tb_reserve` [ RunTime:0.002258s ]
NOTIC: [2] Missing argument 3 for ReserveModel::find_createtime(), called in C:\AppServ\www\yisheji\Home\Company\Lib\Action\IndexAction.class.php on line 19 and defined C:\AppServ\www\yisheji\Home\Company\Lib\Model\ReserveModel.class.php 第 8 行.
NOTIC: [8] Undefined variable: cid C:\AppServ\www\yisheji\Home\Company\Lib\Model\ReserveModel.class.php 第 12 行.
SQL: SELECT COUNT(id) AS tp_count FROM `tb_reserve` WHERE ( `status` = 0 ) AND ( `appid` = 1 ) AND ( `target` = null ) AND ( `type` = 1 ) AND ( `createtime` >= 1386345600 ) AND ( `handle` IN ('0','1','2') ) LIMIT 1   [ RunTime:0.000251s ]
INFO: [ view_template ] --START--
INFO: Run LocationTemplate Behavior [ RunTime:0.002110s ]
INFO: [ view_template ] --END-- [ RunTime:0.002190s ]
INFO: [ view_parse ] --START--
NOTIC: [8] Undefined variable: Title C:\AppServ\www\yisheji\Home\Company\Runtime\Cache\8a351b46fd67a249b713201d2232c717.php 第 10 行.
INFO: Run ParseTemplate Behavior [ RunTime:0.021078s ]
INFO: [ view_parse ] --END-- [ RunTime:0.021179s ]
INFO: [ view_filter ] --START--
INFO: Run ContentReplace Behavior [ RunTime:0.001020s ]
INFO: Run TokenBuild Behavior [ RunTime:0.000957s ]
INFO: Run WriteHtmlCache Behavior [ RunTime:0.000890s ]
INFO: Run ShowRuntime Behavior [ RunTime:0.001046s ]
INFO: [ view_filter ] --END-- [ RunTime:0.004078s ]
INFO: [ view_end ] --START--
INFO: Run ShowPageTrace Behavior [ RunTime:0.001184s ]
INFO: [ view_end ] --END-- [ RunTime:0.001242s ]

[ 2013-12-07T10:19:10+08:00 ] 127.0.0.1 /yisheji/company.php?s=/Designer/index
INFO: [ route_check ] --START--
INFO: Run CheckRoute Behavior [ RunTime:0.002215s ]
INFO: [ route_check ] --END-- [ RunTime:0.002386s ]
INFO: [ app_begin ] --START--
INFO: Run ReadHtmlCache Behavior [ RunTime:0.002252s ]
INFO: [ app_begin ] --END-- [ RunTime:0.002379s ]
SQL: SHOW COLUMNS FROM `tb_session` [ RunTime:0.001963s ]
SQL: SELECT * FROM `tb_session` WHERE ( `status` = 0 ) AND ( `appid` = 1 ) AND ( `key` = 'f149a6ed0cd70213d91f8f1243b9e830' ) LIMIT 1   [ RunTime:0.000225s ]
SQL: UPDATE `tb_session` SET `expire`=1386389950 WHERE ( `status` = 0 ) AND ( `appid` = 1 ) AND ( `id` = 1 ) [ RunTime:0.000169s ]
SQL: SHOW COLUMNS FROM `tb_user` [ RunTime:0.001644s ]
SQL: SELECT * FROM `tb_user` WHERE ( `status` = 0 ) AND ( `appid` = 1 ) AND ( `id` = 1 ) LIMIT 1   [ RunTime:0.000229s ]
SQL: SHOW COLUMNS FROM `tb_company` [ RunTime:0.001417s ]
SQL: SELECT * FROM `tb_company` WHERE ( `status` = 0 ) AND ( `appid` = 1 ) AND ( `uid` = 1 ) LIMIT 1   [ RunTime:0.000189s ]
SQL: SHOW COLUMNS FROM `tb_user_designer` [ RunTime:0.001889s ]
SQL: SELECT * FROM `tb_user_designer` WHERE ( `status` = 0 ) AND ( `appid` = 1 ) AND ( `cid` = 1 )  [ RunTime:0.000225s ]
SQL: SELECT * FROM `tb_user` WHERE ( `status` = 0 ) AND ( `appid` = 1 ) AND ( `id` = 34 ) LIMIT 1   [ RunTime:0.000172s ]
SQL: SELECT * FROM `tb_user` WHERE ( `status` = 0 ) AND ( `appid` = 1 ) AND ( `id` = 36 ) LIMIT 1   [ RunTime:0.000149s ]
INFO: [ view_template ] --START--
INFO: Run LocationTemplate Behavior [ RunTime:0.001597s ]
INFO: [ view_template ] --END-- [ RunTime:0.001660s ]
INFO: [ view_parse ] --START--
NOTIC: [8] Undefined variable: Title C:\AppServ\www\yisheji\Home\Company\Runtime\Cache\a245e4dfeffd1190e59e6eaac1ce2556.php 第 10 行.
INFO: Run ParseTemplate Behavior [ RunTime:0.014307s ]
INFO: [ view_parse ] --END-- [ RunTime:0.014378s ]
INFO: [ view_filter ] --START--
INFO: Run ContentReplace Behavior [ RunTime:0.001071s ]
INFO: Run TokenBuild Behavior [ RunTime:0.000971s ]
INFO: Run WriteHtmlCache Behavior [ RunTime:0.000855s ]
INFO: Run ShowRuntime Behavior [ RunTime:0.001002s ]
INFO: [ view_filter ] --END-- [ RunTime:0.004073s ]
INFO: [ view_end ] --START--
INFO: Run ShowPageTrace Behavior [ RunTime:0.001119s ]
INFO: [ view_end ] --END-- [ RunTime:0.001176s ]

[ 2013-12-07T10:19:14+08:00 ] 127.0.0.1 /yisheji/company.php?s=/Designer/index
INFO: [ route_check ] --START--
INFO: Run CheckRoute Behavior [ RunTime:0.001021s ]
INFO: [ route_check ] --END-- [ RunTime:0.001123s ]
INFO: [ app_begin ] --START--
INFO: Run ReadHtmlCache Behavior [ RunTime:0.001381s ]
INFO: [ app_begin ] --END-- [ RunTime:0.001485s ]
SQL: SHOW COLUMNS FROM `tb_session` [ RunTime:0.001669s ]
SQL: SELECT * FROM `tb_session` WHERE ( `status` = 0 ) AND ( `appid` = 1 ) AND ( `key` = 'f149a6ed0cd70213d91f8f1243b9e830' ) LIMIT 1   [ RunTime:0.000216s ]
SQL: UPDATE `tb_session` SET `expire`=1386389954 WHERE ( `status` = 0 ) AND ( `appid` = 1 ) AND ( `id` = 1 ) [ RunTime:0.000184s ]
SQL: SHOW COLUMNS FROM `tb_user` [ RunTime:0.001656s ]
SQL: SELECT * FROM `tb_user` WHERE ( `status` = 0 ) AND ( `appid` = 1 ) AND ( `id` = 1 ) LIMIT 1   [ RunTime:0.000207s ]
SQL: SHOW COLUMNS FROM `tb_company` [ RunTime:0.001667s ]
SQL: SELECT * FROM `tb_company` WHERE ( `status` = 0 ) AND ( `appid` = 1 ) AND ( `uid` = 1 ) LIMIT 1   [ RunTime:0.000224s ]
SQL: SHOW COLUMNS FROM `tb_user_designer` [ RunTime:0.001761s ]
SQL: SELECT * FROM `tb_user_designer` WHERE ( `status` = 0 ) AND ( `appid` = 1 ) AND ( `cid` = 1 )  [ RunTime:0.000278s ]
SQL: SELECT * FROM `tb_user` WHERE ( `status` = 0 ) AND ( `appid` = 1 ) AND ( `id` = 34 ) LIMIT 1   [ RunTime:0.000279s ]
SQL: SELECT * FROM `tb_user` WHERE ( `status` = 0 ) AND ( `appid` = 1 ) AND ( `id` = 36 ) LIMIT 1   [ RunTime:0.000235s ]
INFO: [ view_template ] --START--
INFO: Run LocationTemplate Behavior [ RunTime:0.001657s ]
INFO: [ view_template ] --END-- [ RunTime:0.001743s ]
INFO: [ view_parse ] --START--
NOTIC: [8] Undefined variable: Title C:\AppServ\www\yisheji\Home\Company\Runtime\Cache\a245e4dfeffd1190e59e6eaac1ce2556.php 第 10 行.
INFO: Run ParseTemplate Behavior [ RunTime:0.016514s ]
INFO: [ view_parse ] --END-- [ RunTime:0.016591s ]
INFO: [ view_filter ] --START--
INFO: Run ContentReplace Behavior [ RunTime:0.000996s ]
INFO: Run TokenBuild Behavior [ RunTime:0.001053s ]
INFO: Run WriteHtmlCache Behavior [ RunTime:0.000870s ]
INFO: Run ShowRuntime Behavior [ RunTime:0.001007s ]
INFO: [ view_filter ] --END-- [ RunTime:0.004086s ]
INFO: [ view_end ] --START--
INFO: Run ShowPageTrace Behavior [ RunTime:0.001127s ]
INFO: [ view_end ] --END-- [ RunTime:0.001183s ]

[ 2013-12-07T10:19:19+08:00 ] 127.0.0.1 /yisheji/company.php?s=/Case/list_case
INFO: [ route_check ] --START--
INFO: Run CheckRoute Behavior [ RunTime:0.001738s ]
INFO: [ route_check ] --END-- [ RunTime:0.001905s ]
INFO: [ app_begin ] --START--
INFO: Run ReadHtmlCache Behavior [ RunTime:0.002318s ]
INFO: [ app_begin ] --END-- [ RunTime:0.002462s ]
SQL: SHOW COLUMNS FROM `tb_session` [ RunTime:0.001432s ]
SQL: SELECT * FROM `tb_session` WHERE ( `status` = 0 ) AND ( `appid` = 1 ) AND ( `key` = 'f149a6ed0cd70213d91f8f1243b9e830' ) LIMIT 1   [ RunTime:0.000163s ]
SQL: UPDATE `tb_session` SET `expire`=1386389959 WHERE ( `status` = 0 ) AND ( `appid` = 1 ) AND ( `id` = 1 ) [ RunTime:0.000167s ]
SQL: SHOW COLUMNS FROM `tb_user` [ RunTime:0.001613s ]
SQL: SELECT * FROM `tb_user` WHERE ( `status` = 0 ) AND ( `appid` = 1 ) AND ( `id` = 1 ) LIMIT 1   [ RunTime:0.000204s ]
SQL: SHOW COLUMNS FROM `tb_company` [ RunTime:0.001403s ]
SQL: SELECT * FROM `tb_company` WHERE ( `status` = 0 ) AND ( `appid` = 1 ) AND ( `uid` = 1 ) LIMIT 1   [ RunTime:0.000192s ]
SQL: SHOW COLUMNS FROM `tb_case` [ RunTime:0.002445s ]
SQL: SELECT COUNT(*) AS tp_count FROM `tb_case` WHERE ( `status` = 0 ) AND ( `appid` = 1 ) AND ( `cid` = 1 ) LIMIT 1   [ RunTime:0.000190s ]
SQL: SELECT * FROM `tb_case` WHERE ( `status` = 0 ) AND ( `appid` = 1 ) AND ( `cid` = 1 ) ORDER BY ord desc LIMIT 0,5   [ RunTime:0.000168s ]
INFO: [ view_template ] --START--
INFO: Run LocationTemplate Behavior [ RunTime:0.002036s ]
INFO: [ view_template ] --END-- [ RunTime:0.002101s ]
INFO: [ view_parse ] --START--
NOTIC: [8] Undefined variable: Title C:\AppServ\www\yisheji\Home\Company\Runtime\Cache\b15ed7431ab5ae471c27ca0a771b2a18.php 第 10 行.
INFO: Run ParseTemplate Behavior [ RunTime:0.021411s ]
INFO: [ view_parse ] --END-- [ RunTime:0.021491s ]
INFO: [ view_filter ] --START--
INFO: Run ContentReplace Behavior [ RunTime:0.001037s ]
INFO: Run TokenBuild Behavior [ RunTime:0.000971s ]
INFO: Run WriteHtmlCache Behavior [ RunTime:0.000928s ]
INFO: Run ShowRuntime Behavior [ RunTime:0.001035s ]
INFO: [ view_filter ] --END-- [ RunTime:0.004146s ]
INFO: [ view_end ] --START--
INFO: Run ShowPageTrace Behavior [ RunTime:0.001142s ]
INFO: [ view_end ] --END-- [ RunTime:0.001196s ]

[ 2013-12-07T10:25:13+08:00 ] 127.0.0.1 /yisheji/company.php?s=/Company_material/list_ma
INFO: [ route_check ] --START--
INFO: Run CheckRoute Behavior [ RunTime:0.001049s ]
INFO: [ route_check ] --END-- [ RunTime:0.001139s ]
INFO: [ app_begin ] --START--
INFO: Run ReadHtmlCache Behavior [ RunTime:0.000769s ]
INFO: [ app_begin ] --END-- [ RunTime:0.000829s ]
SQL: SHOW COLUMNS FROM `tb_session` [ RunTime:0.001493s ]
SQL: SELECT * FROM `tb_session` WHERE ( `status` = 0 ) AND ( `appid` = 1 ) AND ( `key` = 'f149a6ed0cd70213d91f8f1243b9e830' ) LIMIT 1   [ RunTime:0.000204s ]
SQL: UPDATE `tb_session` SET `expire`=1386390313 WHERE ( `status` = 0 ) AND ( `appid` = 1 ) AND ( `id` = 1 ) [ RunTime:0.000159s ]
SQL: SHOW COLUMNS FROM `tb_user` [ RunTime:0.001480s ]
SQL: SELECT * FROM `tb_user` WHERE ( `status` = 0 ) AND ( `appid` = 1 ) AND ( `id` = 1 ) LIMIT 1   [ RunTime:0.000266s ]
SQL: SHOW COLUMNS FROM `tb_company` [ RunTime:0.001435s ]
SQL: SELECT * FROM `tb_company` WHERE ( `status` = 0 ) AND ( `appid` = 1 ) AND ( `uid` = 1 ) LIMIT 1   [ RunTime:0.000322s ]
SQL: SHOW COLUMNS FROM `tb_company_material` [ RunTime:0.001655s ]
ERR: Table 'yisheji.tb_company_material' doesn't exist
 [ SQL语句 ] : SHOW COLUMNS FROM `tb_company_material`
SQL: SELECT COUNT(*) AS tp_count FROM `tb_company_material` WHERE ( `status` = 0 ) AND ( `appid` = 1 ) AND ( `cid` = '1' ) LIMIT 1   [ RunTime:0.000260s ]
ERR: Table 'yisheji.tb_company_material' doesn't exist
 [ SQL语句 ] : SELECT COUNT(*) AS tp_count FROM `tb_company_material` WHERE ( `status` = 0 ) AND ( `appid` = 1 ) AND ( `cid` = '1' ) LIMIT 1  
SQL: SELECT * FROM `tb_company_material` WHERE ( `status` = 0 ) AND ( `appid` = 1 ) AND ( `cid` = '1' ) ORDER BY ord desc LIMIT 0,5   [ RunTime:0.000244s ]
ERR: Table 'yisheji.tb_company_material' doesn't exist
 [ SQL语句 ] : SELECT * FROM `tb_company_material` WHERE ( `status` = 0 ) AND ( `appid` = 1 ) AND ( `cid` = '1' ) ORDER BY ord desc LIMIT 0,5  
INFO: [ view_template ] --START--
INFO: Run LocationTemplate Behavior [ RunTime:0.001269s ]
INFO: [ view_template ] --END-- [ RunTime:0.001334s ]
INFO: [ view_parse ] --START--
NOTIC: [8] Undefined variable: Title C:\AppServ\www\yisheji\Home\Company\Runtime\Cache\3ac82640cc08648be2d807ee4b599b73.php 第 10 行.
INFO: Run ParseTemplate Behavior [ RunTime:0.023132s ]
INFO: [ view_parse ] --END-- [ RunTime:0.023208s ]
INFO: [ view_filter ] --START--
INFO: Run ContentReplace Behavior [ RunTime:0.000718s ]
INFO: Run TokenBuild Behavior [ RunTime:0.000765s ]
INFO: Run WriteHtmlCache Behavior [ RunTime:0.000562s ]
INFO: Run ShowRuntime Behavior [ RunTime:0.000699s ]
INFO: [ view_filter ] --END-- [ RunTime:0.002942s ]
INFO: [ view_end ] --START--
INFO: Run ShowPageTrace Behavior [ RunTime:0.000807s ]
INFO: [ view_end ] --END-- [ RunTime:0.000865s ]

[ 2013-12-07T10:25:24+08:00 ] 127.0.0.1 /yisheji/company.php?s=/Company_material/list_ma
INFO: [ route_check ] --START--
INFO: Run CheckRoute Behavior [ RunTime:0.000755s ]
INFO: [ route_check ] --END-- [ RunTime:0.000849s ]
INFO: [ app_begin ] --START--
INFO: Run ReadHtmlCache Behavior [ RunTime:0.000496s ]
INFO: [ app_begin ] --END-- [ RunTime:0.000563s ]
SQL: SHOW COLUMNS FROM `tb_session` [ RunTime:0.001531s ]
SQL: SELECT * FROM `tb_session` WHERE ( `status` = 0 ) AND ( `appid` = 1 ) AND ( `key` = 'f149a6ed0cd70213d91f8f1243b9e830' ) LIMIT 1   [ RunTime:0.000205s ]
SQL: UPDATE `tb_session` SET `expire`=1386390324 WHERE ( `status` = 0 ) AND ( `appid` = 1 ) AND ( `id` = 1 ) [ RunTime:0.000173s ]
SQL: SHOW COLUMNS FROM `tb_user` [ RunTime:0.001525s ]
SQL: SELECT * FROM `tb_user` WHERE ( `status` = 0 ) AND ( `appid` = 1 ) AND ( `id` = 1 ) LIMIT 1   [ RunTime:0.000223s ]
SQL: SHOW COLUMNS FROM `tb_company` [ RunTime:0.001608s ]
SQL: SELECT * FROM `tb_company` WHERE ( `status` = 0 ) AND ( `appid` = 1 ) AND ( `uid` = 1 ) LIMIT 1   [ RunTime:0.000276s ]
SQL: SHOW COLUMNS FROM `tb_company_material` [ RunTime:0.001680s ]
ERR: Table 'yisheji.tb_company_material' doesn't exist
 [ SQL语句 ] : SHOW COLUMNS FROM `tb_company_material`
SQL: SELECT COUNT(*) AS tp_count FROM `tb_company_material` WHERE ( `status` = 0 ) AND ( `appid` = 1 ) AND ( `cid` = '1' ) LIMIT 1   [ RunTime:0.000276s ]
ERR: Table 'yisheji.tb_company_material' doesn't exist
 [ SQL语句 ] : SELECT COUNT(*) AS tp_count FROM `tb_company_material` WHERE ( `status` = 0 ) AND ( `appid` = 1 ) AND ( `cid` = '1' ) LIMIT 1  
SQL: SELECT * FROM `tb_company_material` WHERE ( `status` = 0 ) AND ( `appid` = 1 ) AND ( `cid` = '1' ) ORDER BY ord desc LIMIT 0,5   [ RunTime:0.000230s ]
ERR: Table 'yisheji.tb_company_material' doesn't exist
 [ SQL语句 ] : SELECT * FROM `tb_company_material` WHERE ( `status` = 0 ) AND ( `appid` = 1 ) AND ( `cid` = '1' ) ORDER BY ord desc LIMIT 0,5  
INFO: [ view_template ] --START--
INFO: Run LocationTemplate Behavior [ RunTime:0.000513s ]
INFO: [ view_template ] --END-- [ RunTime:0.000579s ]
INFO: [ view_parse ] --START--
NOTIC: [8] Undefined variable: Title C:\AppServ\www\yisheji\Home\Company\Runtime\Cache\3ac82640cc08648be2d807ee4b599b73.php 第 10 行.
INFO: Run ParseTemplate Behavior [ RunTime:0.010455s ]
INFO: [ view_parse ] --END-- [ RunTime:0.010525s ]
INFO: [ view_filter ] --START--
INFO: Run ContentReplace Behavior [ RunTime:0.000333s ]
INFO: Run TokenBuild Behavior [ RunTime:0.000303s ]
INFO: Run WriteHtmlCache Behavior [ RunTime:0.000213s ]
INFO: Run ShowRuntime Behavior [ RunTime:0.000358s ]
INFO: [ view_filter ] --END-- [ RunTime:0.001356s ]
INFO: [ view_end ] --START--
INFO: Run ShowPageTrace Behavior [ RunTime:0.000462s ]
INFO: [ view_end ] --END-- [ RunTime:0.000517s ]

[ 2013-12-07T10:25:33+08:00 ] 127.0.0.1 /yisheji/company.php?s=/Case/list_case
INFO: [ route_check ] --START--
INFO: Run CheckRoute Behavior [ RunTime:0.000748s ]
INFO: [ route_check ] --END-- [ RunTime:0.000841s ]
INFO: [ app_begin ] --START--
INFO: Run ReadHtmlCache Behavior [ RunTime:0.000481s ]
INFO: [ app_begin ] --END-- [ RunTime:0.000545s ]
SQL: SHOW COLUMNS FROM `tb_session` [ RunTime:0.001617s ]
SQL: SELECT * FROM `tb_session` WHERE ( `status` = 0 ) AND ( `appid` = 1 ) AND ( `key` = 'f149a6ed0cd70213d91f8f1243b9e830' ) LIMIT 1   [ RunTime:0.000179s ]
SQL: UPDATE `tb_session` SET `expire`=1386390333 WHERE ( `status` = 0 ) AND ( `appid` = 1 ) AND ( `id` = 1 ) [ RunTime:0.000162s ]
SQL: SHOW COLUMNS FROM `tb_user` [ RunTime:0.001578s ]
SQL: SELECT * FROM `tb_user` WHERE ( `status` = 0 ) AND ( `appid` = 1 ) AND ( `id` = 1 ) LIMIT 1   [ RunTime:0.000230s ]
SQL: SHOW COLUMNS FROM `tb_company` [ RunTime:0.001441s ]
SQL: SELECT * FROM `tb_company` WHERE ( `status` = 0 ) AND ( `appid` = 1 ) AND ( `uid` = 1 ) LIMIT 1   [ RunTime:0.000208s ]
SQL: SHOW COLUMNS FROM `tb_case` [ RunTime:0.001700s ]
SQL: SELECT COUNT(*) AS tp_count FROM `tb_case` WHERE ( `status` = 0 ) AND ( `appid` = 1 ) AND ( `cid` = 1 ) LIMIT 1   [ RunTime:0.000205s ]
SQL: SELECT * FROM `tb_case` WHERE ( `status` = 0 ) AND ( `appid` = 1 ) AND ( `cid` = 1 ) ORDER BY ord desc LIMIT 0,5   [ RunTime:0.000193s ]
INFO: [ view_template ] --START--
INFO: Run LocationTemplate Behavior [ RunTime:0.000936s ]
INFO: [ view_template ] --END-- [ RunTime:0.001002s ]
INFO: [ view_parse ] --START--
NOTIC: [8] Undefined variable: Title C:\AppServ\www\yisheji\Home\Company\Runtime\Cache\b15ed7431ab5ae471c27ca0a771b2a18.php 第 10 行.
INFO: Run ParseTemplate Behavior [ RunTime:0.012209s ]
INFO: [ view_parse ] --END-- [ RunTime:0.012284s ]
INFO: [ view_filter ] --START--
INFO: Run ContentReplace Behavior [ RunTime:0.000343s ]
INFO: Run TokenBuild Behavior [ RunTime:0.000309s ]
INFO: Run WriteHtmlCache Behavior [ RunTime:0.000214s ]
INFO: Run ShowRuntime Behavior [ RunTime:0.000362s ]
INFO: [ view_filter ] --END-- [ RunTime:0.001378s ]
INFO: [ view_end ] --START--
INFO: Run ShowPageTrace Behavior [ RunTime:0.000480s ]
INFO: [ view_end ] --END-- [ RunTime:0.000532s ]

[ 2013-12-07T13:53:48+08:00 ] 127.0.0.1 /yisheji/company.php?s=/Case/list_case
INFO: [ route_check ] --START--
INFO: Run CheckRoute Behavior [ RunTime:0.001035s ]
INFO: [ route_check ] --END-- [ RunTime:0.001128s ]
INFO: [ app_begin ] --START--
INFO: Run ReadHtmlCache Behavior [ RunTime:0.000776s ]
INFO: [ app_begin ] --END-- [ RunTime:0.000838s ]
SQL: SHOW COLUMNS FROM `tb_session` [ RunTime:0.001471s ]
SQL: SELECT * FROM `tb_session` WHERE ( `status` = 0 ) AND ( `appid` = 1 ) AND ( `key` = 'f149a6ed0cd70213d91f8f1243b9e830' ) LIMIT 1   [ RunTime:0.000235s ]
SQL: UPDATE `tb_session` SET `expire`=1386402828 WHERE ( `status` = 0 ) AND ( `appid` = 1 ) AND ( `id` = 1 ) [ RunTime:0.000146s ]
SQL: SHOW COLUMNS FROM `tb_user` [ RunTime:0.001490s ]
SQL: SELECT * FROM `tb_user` WHERE ( `status` = 0 ) AND ( `appid` = 1 ) AND ( `id` = 1 ) LIMIT 1   [ RunTime:0.000237s ]
SQL: SHOW COLUMNS FROM `tb_company` [ RunTime:0.001383s ]
SQL: SELECT * FROM `tb_company` WHERE ( `status` = 0 ) AND ( `appid` = 1 ) AND ( `uid` = 1 ) LIMIT 1   [ RunTime:0.000264s ]
SQL: SHOW COLUMNS FROM `tb_case` [ RunTime:0.001703s ]
SQL: SELECT COUNT(*) AS tp_count FROM `tb_case` WHERE ( `status` = 0 ) AND ( `appid` = 1 ) AND ( `cid` = 1 ) LIMIT 1   [ RunTime:0.000227s ]
SQL: SELECT * FROM `tb_case` WHERE ( `status` = 0 ) AND ( `appid` = 1 ) AND ( `cid` = 1 ) ORDER BY ord desc LIMIT 0,5   [ RunTime:0.000184s ]
INFO: [ view_template ] --START--
INFO: Run LocationTemplate Behavior [ RunTime:0.001207s ]
INFO: [ view_template ] --END-- [ RunTime:0.001267s ]
INFO: [ view_parse ] --START--
NOTIC: [8] Undefined variable: Title C:\AppServ\www\yisheji\Home\Company\Runtime\Cache\b15ed7431ab5ae471c27ca0a771b2a18.php 第 10 行.
INFO: Run ParseTemplate Behavior [ RunTime:0.018317s ]
INFO: [ view_parse ] --END-- [ RunTime:0.018408s ]
INFO: [ view_filter ] --START--
INFO: Run ContentReplace Behavior [ RunTime:0.001002s ]
INFO: Run TokenBuild Behavior [ RunTime:0.000920s ]
INFO: Run WriteHtmlCache Behavior [ RunTime:0.000851s ]
INFO: Run ShowRuntime Behavior [ RunTime:0.000804s ]
INFO: [ view_filter ] --END-- [ RunTime:0.003803s ]
INFO: [ view_end ] --START--
INFO: Run ShowPageTrace Behavior [ RunTime:0.001196s ]
INFO: [ view_end ] --END-- [ RunTime:0.001256s ]

[ 2013-12-07T13:56:11+08:00 ] 127.0.0.1 /yisheji/company.php?s=/Case/list_case
INFO: [ route_check ] --START--
INFO: Run CheckRoute Behavior [ RunTime:0.001033s ]
INFO: [ route_check ] --END-- [ RunTime:0.001125s ]
INFO: [ app_begin ] --START--
INFO: Run ReadHtmlCache Behavior [ RunTime:0.001089s ]
INFO: [ app_begin ] --END-- [ RunTime:0.001149s ]
SQL: SHOW COLUMNS FROM `tb_session` [ RunTime:0.001488s ]
SQL: SELECT * FROM `tb_session` WHERE ( `status` = 0 ) AND ( `appid` = 1 ) AND ( `key` = 'f149a6ed0cd70213d91f8f1243b9e830' ) LIMIT 1   [ RunTime:0.000243s ]
SQL: UPDATE `tb_session` SET `expire`=1386402971 WHERE ( `status` = 0 ) AND ( `appid` = 1 ) AND ( `id` = 1 ) [ RunTime:0.000234s ]
SQL: SHOW COLUMNS FROM `tb_user` [ RunTime:0.001612s ]
SQL: SELECT * FROM `tb_user` WHERE ( `status` = 0 ) AND ( `appid` = 1 ) AND ( `id` = 1 ) LIMIT 1   [ RunTime:0.000227s ]
SQL: SHOW COLUMNS FROM `tb_company` [ RunTime:0.001857s ]
SQL: SELECT * FROM `tb_company` WHERE ( `status` = 0 ) AND ( `appid` = 1 ) AND ( `uid` = 1 ) LIMIT 1   [ RunTime:0.000261s ]
SQL: SHOW COLUMNS FROM `tb_case` [ RunTime:0.001566s ]
SQL: SELECT COUNT(*) AS tp_count FROM `tb_case` WHERE ( `status` = 0 ) AND ( `appid` = 1 ) AND ( `cid` = 1 ) LIMIT 1   [ RunTime:0.000194s ]
SQL: SELECT * FROM `tb_case` WHERE ( `status` = 0 ) AND ( `appid` = 1 ) AND ( `cid` = 1 ) ORDER BY ord desc LIMIT 0,5   [ RunTime:0.000165s ]
INFO: [ view_template ] --START--
INFO: Run LocationTemplate Behavior [ RunTime:0.002233s ]
INFO: [ view_template ] --END-- [ RunTime:0.002319s ]
INFO: [ view_parse ] --START--
NOTIC: [8] Undefined variable: Title C:\AppServ\www\yisheji\Home\Company\Runtime\Cache\b15ed7431ab5ae471c27ca0a771b2a18.php 第 10 行.
INFO: Run ParseTemplate Behavior [ RunTime:0.017452s ]
INFO: [ view_parse ] --END-- [ RunTime:0.017548s ]
INFO: [ view_filter ] --START--
INFO: Run ContentReplace Behavior [ RunTime:0.001042s ]
INFO: Run TokenBuild Behavior [ RunTime:0.000985s ]
INFO: Run WriteHtmlCache Behavior [ RunTime:0.001174s ]
INFO: Run ShowRuntime Behavior [ RunTime:0.001021s ]
INFO: [ view_filter ] --END-- [ RunTime:0.004392s ]
INFO: [ view_end ] --START--
INFO: Run ShowPageTrace Behavior [ RunTime:0.001146s ]
INFO: [ view_end ] --END-- [ RunTime:0.001206s ]

[ 2013-12-07T13:58:16+08:00 ] 127.0.0.1 /yisheji/company.php?s=/Case/list_case
INFO: [ route_check ] --START--
INFO: Run CheckRoute Behavior [ RunTime:0.001241s ]
INFO: [ route_check ] --END-- [ RunTime:0.001401s ]
INFO: [ app_begin ] --START--
INFO: Run ReadHtmlCache Behavior [ RunTime:0.001325s ]
INFO: [ app_begin ] --END-- [ RunTime:0.001402s ]
SQL: SHOW COLUMNS FROM `tb_session` [ RunTime:0.001455s ]
SQL: SELECT * FROM `tb_session` WHERE ( `status` = 0 ) AND ( `appid` = 1 ) AND ( `key` = 'f149a6ed0cd70213d91f8f1243b9e830' ) LIMIT 1   [ RunTime:0.000160s ]
SQL: UPDATE `tb_session` SET `expire`=1386403096 WHERE ( `status` = 0 ) AND ( `appid` = 1 ) AND ( `id` = 1 ) [ RunTime:0.000153s ]
SQL: SHOW COLUMNS FROM `tb_user` [ RunTime:0.001425s ]
SQL: SELECT * FROM `tb_user` WHERE ( `status` = 0 ) AND ( `appid` = 1 ) AND ( `id` = 1 ) LIMIT 1   [ RunTime:0.000291s ]
SQL: SHOW COLUMNS FROM `tb_company` [ RunTime:0.001432s ]
SQL: SELECT * FROM `tb_company` WHERE ( `status` = 0 ) AND ( `appid` = 1 ) AND ( `uid` = 1 ) LIMIT 1   [ RunTime:0.000172s ]
SQL: SHOW COLUMNS FROM `tb_case` [ RunTime:0.001616s ]
SQL: SELECT COUNT(*) AS tp_count FROM `tb_case` WHERE ( `status` = 0 ) AND ( `appid` = 1 ) AND ( `cid` = 1 ) LIMIT 1   [ RunTime:0.000556s ]
SQL: SELECT * FROM `tb_case` WHERE ( `status` = 0 ) AND ( `appid` = 1 ) AND ( `cid` = 1 ) ORDER BY ord desc LIMIT 0,5   [ RunTime:0.000182s ]
INFO: [ view_template ] --START--
INFO: Run LocationTemplate Behavior [ RunTime:0.001964s ]
INFO: [ view_template ] --END-- [ RunTime:0.002032s ]
INFO: [ view_parse ] --START--
NOTIC: [8] Undefined variable: Title C:\AppServ\www\yisheji\Home\Company\Runtime\Cache\b15ed7431ab5ae471c27ca0a771b2a18.php 第 10 行.
INFO: Run ParseTemplate Behavior [ RunTime:0.016680s ]
INFO: [ view_parse ] --END-- [ RunTime:0.016759s ]
INFO: [ view_filter ] --START--
INFO: Run ContentReplace Behavior [ RunTime:0.001015s ]
INFO: Run TokenBuild Behavior [ RunTime:0.000973s ]
INFO: Run WriteHtmlCache Behavior [ RunTime:0.000923s ]
INFO: Run ShowRuntime Behavior [ RunTime:0.001061s ]
INFO: [ view_filter ] --END-- [ RunTime:0.004144s ]
INFO: [ view_end ] --START--
INFO: Run ShowPageTrace Behavior [ RunTime:0.001162s ]
INFO: [ view_end ] --END-- [ RunTime:0.001222s ]

[ 2013-12-07T13:58:19+08:00 ] 127.0.0.1 /yisheji/company.php?s=/Case/list_case
INFO: [ route_check ] --START--
INFO: Run CheckRoute Behavior [ RunTime:0.001209s ]
INFO: [ route_check ] --END-- [ RunTime:0.001316s ]
INFO: [ app_begin ] --START--
INFO: Run ReadHtmlCache Behavior [ RunTime:0.000880s ]
INFO: [ app_begin ] --END-- [ RunTime:0.000952s ]
SQL: SHOW COLUMNS FROM `tb_session` [ RunTime:0.001601s ]
SQL: SELECT * FROM `tb_session` WHERE ( `status` = 0 ) AND ( `appid` = 1 ) AND ( `key` = 'f149a6ed0cd70213d91f8f1243b9e830' ) LIMIT 1   [ RunTime:0.000182s ]
SQL: UPDATE `tb_session` SET `expire`=1386403099 WHERE ( `status` = 0 ) AND ( `appid` = 1 ) AND ( `id` = 1 ) [ RunTime:0.000161s ]
SQL: SHOW COLUMNS FROM `tb_user` [ RunTime:0.001404s ]
SQL: SELECT * FROM `tb_user` WHERE ( `status` = 0 ) AND ( `appid` = 1 ) AND ( `id` = 1 ) LIMIT 1   [ RunTime:0.000179s ]
SQL: SHOW COLUMNS FROM `tb_company` [ RunTime:0.001998s ]
SQL: SELECT * FROM `tb_company` WHERE ( `status` = 0 ) AND ( `appid` = 1 ) AND ( `uid` = 1 ) LIMIT 1   [ RunTime:0.000212s ]
SQL: SHOW COLUMNS FROM `tb_case` [ RunTime:0.002423s ]
SQL: SELECT COUNT(*) AS tp_count FROM `tb_case` WHERE ( `status` = 0 ) AND ( `appid` = 1 ) AND ( `cid` = 1 ) LIMIT 1   [ RunTime:0.000190s ]
SQL: SELECT * FROM `tb_case` WHERE ( `status` = 0 ) AND ( `appid` = 1 ) AND ( `cid` = 1 ) ORDER BY ord desc LIMIT 0,5   [ RunTime:0.000170s ]
INFO: [ view_template ] --START--
INFO: Run LocationTemplate Behavior [ RunTime:0.001189s ]
INFO: [ view_template ] --END-- [ RunTime:0.001251s ]
INFO: [ view_parse ] --START--
NOTIC: [8] Undefined variable: Title C:\AppServ\www\yisheji\Home\Company\Runtime\Cache\b15ed7431ab5ae471c27ca0a771b2a18.php 第 10 行.
INFO: Run ParseTemplate Behavior [ RunTime:0.014101s ]
INFO: [ view_parse ] --END-- [ RunTime:0.014175s ]
INFO: [ view_filter ] --START--
INFO: Run ContentReplace Behavior [ RunTime:0.000726s ]
INFO: Run TokenBuild Behavior [ RunTime:0.000647s ]
INFO: Run WriteHtmlCache Behavior [ RunTime:0.000540s ]
INFO: Run ShowRuntime Behavior [ RunTime:0.000696s ]
INFO: [ view_filter ] --END-- [ RunTime:0.002764s ]
INFO: [ view_end ] --START--
INFO: Run ShowPageTrace Behavior [ RunTime:0.000815s ]
INFO: [ view_end ] --END-- [ RunTime:0.000867s ]

[ 2013-12-07T13:58:22+08:00 ] 127.0.0.1 /yisheji/company.php?s=/Case/list_case
INFO: [ route_check ] --START--
INFO: Run CheckRoute Behavior [ RunTime:0.001405s ]
INFO: [ route_check ] --END-- [ RunTime:0.001583s ]
INFO: [ app_begin ] --START--
INFO: Run ReadHtmlCache Behavior [ RunTime:0.000873s ]
INFO: [ app_begin ] --END-- [ RunTime:0.000974s ]
SQL: SHOW COLUMNS FROM `tb_session` [ RunTime:0.001982s ]
SQL: SELECT * FROM `tb_session` WHERE ( `status` = 0 ) AND ( `appid` = 1 ) AND ( `key` = 'f149a6ed0cd70213d91f8f1243b9e830' ) LIMIT 1   [ RunTime:0.000218s ]
SQL: UPDATE `tb_session` SET `expire`=1386403102 WHERE ( `status` = 0 ) AND ( `appid` = 1 ) AND ( `id` = 1 ) [ RunTime:0.000140s ]
SQL: SHOW COLUMNS FROM `tb_user` [ RunTime:0.001935s ]
SQL: SELECT * FROM `tb_user` WHERE ( `status` = 0 ) AND ( `appid` = 1 ) AND ( `id` = 1 ) LIMIT 1   [ RunTime:0.000369s ]
SQL: SHOW COLUMNS FROM `tb_company` [ RunTime:0.001418s ]
SQL: SELECT * FROM `tb_company` WHERE ( `status` = 0 ) AND ( `appid` = 1 ) AND ( `uid` = 1 ) LIMIT 1   [ RunTime:0.000234s ]
SQL: SHOW COLUMNS FROM `tb_case` [ RunTime:0.001957s ]
SQL: SELECT COUNT(*) AS tp_count FROM `tb_case` WHERE ( `status` = 0 ) AND ( `appid` = 1 ) AND ( `cid` = 1 ) LIMIT 1   [ RunTime:0.000207s ]
SQL: SELECT * FROM `tb_case` WHERE ( `status` = 0 ) AND ( `appid` = 1 ) AND ( `cid` = 1 ) ORDER BY ord desc LIMIT 0,5   [ RunTime:0.000158s ]
INFO: [ view_template ] --START--
INFO: Run LocationTemplate Behavior [ RunTime:0.000414s ]
INFO: [ view_template ] --END-- [ RunTime:0.000471s ]
INFO: [ view_parse ] --START--
NOTIC: [8] Undefined variable: Title C:\AppServ\www\yisheji\Home\Company\Runtime\Cache\b15ed7431ab5ae471c27ca0a771b2a18.php 第 10 行.
INFO: Run ParseTemplate Behavior [ RunTime:0.011690s ]
INFO: [ view_parse ] --END-- [ RunTime:0.011759s ]
INFO: [ view_filter ] --START--
INFO: Run ContentReplace Behavior [ RunTime:0.000329s ]
INFO: Run TokenBuild Behavior [ RunTime:0.000310s ]
INFO: Run WriteHtmlCache Behavior [ RunTime:0.000207s ]
INFO: Run ShowRuntime Behavior [ RunTime:0.000354s ]
INFO: [ view_filter ] --END-- [ RunTime:0.001342s ]
INFO: [ view_end ] --START--
INFO: Run ShowPageTrace Behavior [ RunTime:0.000477s ]
INFO: [ view_end ] --END-- [ RunTime:0.000528s ]

[ 2013-12-07T13:58:22+08:00 ] 127.0.0.1 /yisheji/company.php?s=/Case/list_case
INFO: [ route_check ] --START--
INFO: Run CheckRoute Behavior [ RunTime:0.002350s ]
INFO: [ route_check ] --END-- [ RunTime:0.002524s ]
INFO: [ app_begin ] --START--
INFO: Run ReadHtmlCache Behavior [ RunTime:0.000990s ]
INFO: [ app_begin ] --END-- [ RunTime:0.001116s ]
SQL: SHOW COLUMNS FROM `tb_session` [ RunTime:0.001778s ]
SQL: SELECT * FROM `tb_session` WHERE ( `status` = 0 ) AND ( `appid` = 1 ) AND ( `key` = 'f149a6ed0cd70213d91f8f1243b9e830' ) LIMIT 1   [ RunTime:0.000739s ]
SQL: UPDATE `tb_session` SET `expire`=1386403102 WHERE ( `status` = 0 ) AND ( `appid` = 1 ) AND ( `id` = 1 ) [ RunTime:0.000972s ]
SQL: SHOW COLUMNS FROM `tb_user` [ RunTime:0.001656s ]
SQL: SELECT * FROM `tb_user` WHERE ( `status` = 0 ) AND ( `appid` = 1 ) AND ( `id` = 1 ) LIMIT 1   [ RunTime:0.000246s ]
SQL: SHOW COLUMNS FROM `tb_company` [ RunTime:0.001496s ]
SQL: SELECT * FROM `tb_company` WHERE ( `status` = 0 ) AND ( `appid` = 1 ) AND ( `uid` = 1 ) LIMIT 1   [ RunTime:0.000237s ]
SQL: SHOW COLUMNS FROM `tb_case` [ RunTime:0.001820s ]
SQL: SELECT COUNT(*) AS tp_count FROM `tb_case` WHERE ( `status` = 0 ) AND ( `appid` = 1 ) AND ( `cid` = 1 ) LIMIT 1   [ RunTime:0.000218s ]
SQL: SELECT * FROM `tb_case` WHERE ( `status` = 0 ) AND ( `appid` = 1 ) AND ( `cid` = 1 ) ORDER BY ord desc LIMIT 0,5   [ RunTime:0.000215s ]
INFO: [ view_template ] --START--
INFO: Run LocationTemplate Behavior [ RunTime:0.000447s ]
INFO: [ view_template ] --END-- [ RunTime:0.000508s ]
INFO: [ view_parse ] --START--
NOTIC: [8] Undefined variable: Title C:\AppServ\www\yisheji\Home\Company\Runtime\Cache\b15ed7431ab5ae471c27ca0a771b2a18.php 第 10 行.
INFO: Run ParseTemplate Behavior [ RunTime:0.012310s ]
INFO: [ view_parse ] --END-- [ RunTime:0.012381s ]
INFO: [ view_filter ] --START--
INFO: Run ContentReplace Behavior [ RunTime:0.000329s ]
INFO: Run TokenBuild Behavior [ RunTime:0.000308s ]
INFO: Run WriteHtmlCache Behavior [ RunTime:0.000207s ]
INFO: Run ShowRuntime Behavior [ RunTime:0.000356s ]
INFO: [ view_filter ] --END-- [ RunTime:0.001342s ]
INFO: [ view_end ] --START--
INFO: Run ShowPageTrace Behavior [ RunTime:0.000482s ]
INFO: [ view_end ] --END-- [ RunTime:0.000555s ]

[ 2013-12-07T13:58:23+08:00 ] 127.0.0.1 /yisheji/company.php?s=/Case/list_case
INFO: [ route_check ] --START--
INFO: Run CheckRoute Behavior [ RunTime:0.000752s ]
INFO: [ route_check ] --END-- [ RunTime:0.000853s ]
INFO: [ app_begin ] --START--
INFO: Run ReadHtmlCache Behavior [ RunTime:0.000535s ]
INFO: [ app_begin ] --END-- [ RunTime:0.000617s ]
SQL: SHOW COLUMNS FROM `tb_session` [ RunTime:0.001559s ]
SQL: SELECT * FROM `tb_session` WHERE ( `status` = 0 ) AND ( `appid` = 1 ) AND ( `key` = 'f149a6ed0cd70213d91f8f1243b9e830' ) LIMIT 1   [ RunTime:0.000177s ]
SQL: UPDATE `tb_session` SET `expire`=1386403103 WHERE ( `status` = 0 ) AND ( `appid` = 1 ) AND ( `id` = 1 ) [ RunTime:0.000169s ]
SQL: SHOW COLUMNS FROM `tb_user` [ RunTime:0.001622s ]
SQL: SELECT * FROM `tb_user` WHERE ( `status` = 0 ) AND ( `appid` = 1 ) AND ( `id` = 1 ) LIMIT 1   [ RunTime:0.000212s ]
SQL: SHOW COLUMNS FROM `tb_company` [ RunTime:0.001740s ]
SQL: SELECT * FROM `tb_company` WHERE ( `status` = 0 ) AND ( `appid` = 1 ) AND ( `uid` = 1 ) LIMIT 1   [ RunTime:0.000217s ]
SQL: SHOW COLUMNS FROM `tb_case` [ RunTime:0.001654s ]
SQL: SELECT COUNT(*) AS tp_count FROM `tb_case` WHERE ( `status` = 0 ) AND ( `appid` = 1 ) AND ( `cid` = 1 ) LIMIT 1   [ RunTime:0.000166s ]
SQL: SELECT * FROM `tb_case` WHERE ( `status` = 0 ) AND ( `appid` = 1 ) AND ( `cid` = 1 ) ORDER BY ord desc LIMIT 0,5   [ RunTime:0.000161s ]
INFO: [ view_template ] --START--
INFO: Run LocationTemplate Behavior [ RunTime:0.000423s ]
INFO: [ view_template ] --END-- [ RunTime:0.000484s ]
INFO: [ view_parse ] --START--
NOTIC: [8] Undefined variable: Title C:\AppServ\www\yisheji\Home\Company\Runtime\Cache\b15ed7431ab5ae471c27ca0a771b2a18.php 第 10 行.
INFO: Run ParseTemplate Behavior [ RunTime:0.012126s ]
INFO: [ view_parse ] --END-- [ RunTime:0.012205s ]
INFO: [ view_filter ] --START--
INFO: Run ContentReplace Behavior [ RunTime:0.000349s ]
INFO: Run TokenBuild Behavior [ RunTime:0.000315s ]
INFO: Run WriteHtmlCache Behavior [ RunTime:0.000221s ]
INFO: Run ShowRuntime Behavior [ RunTime:0.000363s ]
INFO: [ view_filter ] --END-- [ RunTime:0.001404s ]
INFO: [ view_end ] --START--
INFO: Run ShowPageTrace Behavior [ RunTime:0.000482s ]
INFO: [ view_end ] --END-- [ RunTime:0.000533s ]

[ 2013-12-07T13:58:41+08:00 ] 127.0.0.1 /yisheji/company.php?s=/Case/list_case
INFO: [ route_check ] --START--
INFO: Run CheckRoute Behavior [ RunTime:0.002108s ]
INFO: [ route_check ] --END-- [ RunTime:0.002269s ]
INFO: [ app_begin ] --START--
INFO: Run ReadHtmlCache Behavior [ RunTime:0.000593s ]
INFO: [ app_begin ] --END-- [ RunTime:0.000673s ]
SQL: SHOW COLUMNS FROM `tb_session` [ RunTime:0.001545s ]
SQL: SELECT * FROM `tb_session` WHERE ( `status` = 0 ) AND ( `appid` = 1 ) AND ( `key` = 'f149a6ed0cd70213d91f8f1243b9e830' ) LIMIT 1   [ RunTime:0.000198s ]
SQL: UPDATE `tb_session` SET `expire`=1386403121 WHERE ( `status` = 0 ) AND ( `appid` = 1 ) AND ( `id` = 1 ) [ RunTime:0.000173s ]
SQL: SHOW COLUMNS FROM `tb_user` [ RunTime:0.001455s ]
SQL: SELECT * FROM `tb_user` WHERE ( `status` = 0 ) AND ( `appid` = 1 ) AND ( `id` = 1 ) LIMIT 1   [ RunTime:0.000247s ]
SQL: SHOW COLUMNS FROM `tb_company` [ RunTime:0.001561s ]
SQL: SELECT * FROM `tb_company` WHERE ( `status` = 0 ) AND ( `appid` = 1 ) AND ( `uid` = 1 ) LIMIT 1   [ RunTime:0.000193s ]
SQL: SHOW COLUMNS FROM `tb_case` [ RunTime:0.002843s ]
SQL: SELECT COUNT(*) AS tp_count FROM `tb_case` WHERE ( `status` = 0 ) AND ( `appid` = 1 ) AND ( `cid` = 1 ) LIMIT 1   [ RunTime:0.000347s ]
SQL: SELECT * FROM `tb_case` WHERE ( `status` = 0 ) AND ( `appid` = 1 ) AND ( `cid` = 1 ) ORDER BY ord desc LIMIT 0,5   [ RunTime:0.000151s ]
INFO: [ view_template ] --START--
INFO: Run LocationTemplate Behavior [ RunTime:0.000442s ]
INFO: [ view_template ] --END-- [ RunTime:0.000500s ]
INFO: [ view_parse ] --START--
NOTIC: [8] Undefined variable: Title C:\AppServ\www\yisheji\Home\Company\Runtime\Cache\b15ed7431ab5ae471c27ca0a771b2a18.php 第 10 行.
INFO: Run ParseTemplate Behavior [ RunTime:0.012102s ]
INFO: [ view_parse ] --END-- [ RunTime:0.012171s ]
INFO: [ view_filter ] --START--
INFO: Run ContentReplace Behavior [ RunTime:0.000334s ]
INFO: Run TokenBuild Behavior [ RunTime:0.000660s ]
INFO: Run WriteHtmlCache Behavior [ RunTime:0.000224s ]
INFO: Run ShowRuntime Behavior [ RunTime:0.000436s ]
INFO: [ view_filter ] --END-- [ RunTime:0.002082s ]
INFO: [ view_end ] --START--
INFO: Run ShowPageTrace Behavior [ RunTime:0.000531s ]
INFO: [ view_end ] --END-- [ RunTime:0.000584s ]

[ 2013-12-07T13:58:42+08:00 ] 127.0.0.1 /yisheji/company.php?s=/Case/index
INFO: [ route_check ] --START--
INFO: Run CheckRoute Behavior [ RunTime:0.001085s ]
INFO: [ route_check ] --END-- [ RunTime:0.001195s ]
INFO: [ app_begin ] --START--
INFO: Run ReadHtmlCache Behavior [ RunTime:0.001384s ]
INFO: [ app_begin ] --END-- [ RunTime:0.001460s ]
SQL: SHOW COLUMNS FROM `tb_session` [ RunTime:0.001474s ]
SQL: SELECT * FROM `tb_session` WHERE ( `status` = 0 ) AND ( `appid` = 1 ) AND ( `key` = 'f149a6ed0cd70213d91f8f1243b9e830' ) LIMIT 1   [ RunTime:0.000181s ]
SQL: UPDATE `tb_session` SET `expire`=1386403122 WHERE ( `status` = 0 ) AND ( `appid` = 1 ) AND ( `id` = 1 ) [ RunTime:0.000165s ]
SQL: SHOW COLUMNS FROM `tb_user` [ RunTime:0.001641s ]
SQL: SELECT * FROM `tb_user` WHERE ( `status` = 0 ) AND ( `appid` = 1 ) AND ( `id` = 1 ) LIMIT 1   [ RunTime:0.000218s ]
SQL: SHOW COLUMNS FROM `tb_company` [ RunTime:0.001412s ]
SQL: SELECT * FROM `tb_company` WHERE ( `status` = 0 ) AND ( `appid` = 1 ) AND ( `uid` = 1 ) LIMIT 1   [ RunTime:0.000216s ]
SQL: SHOW COLUMNS FROM `tb_case` [ RunTime:0.002068s ]
SQL: SELECT COUNT(*) AS tp_count FROM `tb_case` WHERE ( `status` = 0 ) AND ( `appid` = 1 ) AND ( `cid` = 1 ) LIMIT 1   [ RunTime:0.000225s ]
SQL: SELECT * FROM `tb_case` WHERE ( `status` = 0 ) AND ( `appid` = 1 ) AND ( `cid` = 1 ) ORDER BY ord desc LIMIT 0,5   [ RunTime:0.000164s ]
INFO: [ view_template ] --START--
INFO: Run LocationTemplate Behavior [ RunTime:0.001870s ]
INFO: [ view_template ] --END-- [ RunTime:0.001944s ]
INFO: [ view_parse ] --START--
NOTIC: [8] Undefined variable: Title C:\AppServ\www\yisheji\Home\Company\Runtime\Cache\9ab06c80a9be511314d9828fee1515b4.php 第 10 行.
INFO: Run ParseTemplate Behavior [ RunTime:0.016467s ]
INFO: [ view_parse ] --END-- [ RunTime:0.016538s ]
INFO: [ view_filter ] --START--
INFO: Run ContentReplace Behavior [ RunTime:0.001000s ]
INFO: Run TokenBuild Behavior [ RunTime:0.000948s ]
INFO: Run WriteHtmlCache Behavior [ RunTime:0.001020s ]
INFO: Run ShowRuntime Behavior [ RunTime:0.001119s ]
INFO: [ view_filter ] --END-- [ RunTime:0.004280s ]
INFO: [ view_end ] --START--
INFO: Run ShowPageTrace Behavior [ RunTime:0.001358s ]
INFO: [ view_end ] --END-- [ RunTime:0.001418s ]

[ 2013-12-07T13:58:44+08:00 ] 127.0.0.1 /yisheji/company.php?s=/Case/index
INFO: [ route_check ] --START--
INFO: Run CheckRoute Behavior [ RunTime:0.001011s ]
INFO: [ route_check ] --END-- [ RunTime:0.001114s ]
INFO: [ app_begin ] --START--
INFO: Run ReadHtmlCache Behavior [ RunTime:0.001166s ]
INFO: [ app_begin ] --END-- [ RunTime:0.001235s ]
SQL: SHOW COLUMNS FROM `tb_session` [ RunTime:0.001468s ]
SQL: SELECT * FROM `tb_session` WHERE ( `status` = 0 ) AND ( `appid` = 1 ) AND ( `key` = 'f149a6ed0cd70213d91f8f1243b9e830' ) LIMIT 1   [ RunTime:0.000287s ]
SQL: UPDATE `tb_session` SET `expire`=1386403124 WHERE ( `status` = 0 ) AND ( `appid` = 1 ) AND ( `id` = 1 ) [ RunTime:0.000146s ]
SQL: SHOW COLUMNS FROM `tb_user` [ RunTime:0.001405s ]
SQL: SELECT * FROM `tb_user` WHERE ( `status` = 0 ) AND ( `appid` = 1 ) AND ( `id` = 1 ) LIMIT 1   [ RunTime:0.000192s ]
SQL: SHOW COLUMNS FROM `tb_company` [ RunTime:0.001766s ]
SQL: SELECT * FROM `tb_company` WHERE ( `status` = 0 ) AND ( `appid` = 1 ) AND ( `uid` = 1 ) LIMIT 1   [ RunTime:0.000207s ]
SQL: SHOW COLUMNS FROM `tb_case` [ RunTime:0.001786s ]
SQL: SELECT COUNT(*) AS tp_count FROM `tb_case` WHERE ( `status` = 0 ) AND ( `appid` = 1 ) AND ( `cid` = 1 ) LIMIT 1   [ RunTime:0.000287s ]
SQL: SELECT * FROM `tb_case` WHERE ( `status` = 0 ) AND ( `appid` = 1 ) AND ( `cid` = 1 ) ORDER BY ord desc LIMIT 0,5   [ RunTime:0.000180s ]
INFO: [ view_template ] --START--
INFO: Run LocationTemplate Behavior [ RunTime:0.001780s ]
INFO: [ view_template ] --END-- [ RunTime:0.001846s ]
INFO: [ view_parse ] --START--
NOTIC: [8] Undefined variable: Title C:\AppServ\www\yisheji\Home\Company\Runtime\Cache\9ab06c80a9be511314d9828fee1515b4.php 第 10 行.
INFO: Run ParseTemplate Behavior [ RunTime:0.016876s ]
INFO: [ view_parse ] --END-- [ RunTime:0.016950s ]
INFO: [ view_filter ] --START--
INFO: Run ContentReplace Behavior [ RunTime:0.001009s ]
INFO: Run TokenBuild Behavior [ RunTime:0.000964s ]
INFO: Run WriteHtmlCache Behavior [ RunTime:0.000860s ]
INFO: Run ShowRuntime Behavior [ RunTime:0.001171s ]
INFO: [ view_filter ] --END-- [ RunTime:0.004164s ]
INFO: [ view_end ] --START--
INFO: Run ShowPageTrace Behavior [ RunTime:0.001155s ]
INFO: [ view_end ] --END-- [ RunTime:0.001209s ]

[ 2013-12-07T13:58:45+08:00 ] 127.0.0.1 /yisheji/company.php?s=/Case/index
INFO: [ route_check ] --START--
INFO: Run CheckRoute Behavior [ RunTime:0.001355s ]
INFO: [ route_check ] --END-- [ RunTime:0.001485s ]
INFO: [ app_begin ] --START--
INFO: Run ReadHtmlCache Behavior [ RunTime:0.001033s ]
INFO: [ app_begin ] --END-- [ RunTime:0.001121s ]
SQL: SHOW COLUMNS FROM `tb_session` [ RunTime:0.001427s ]
SQL: SELECT * FROM `tb_session` WHERE ( `status` = 0 ) AND ( `appid` = 1 ) AND ( `key` = 'f149a6ed0cd70213d91f8f1243b9e830' ) LIMIT 1   [ RunTime:0.000156s ]
SQL: UPDATE `tb_session` SET `expire`=1386403125 WHERE ( `status` = 0 ) AND ( `appid` = 1 ) AND ( `id` = 1 ) [ RunTime:0.000164s ]
SQL: SHOW COLUMNS FROM `tb_user` [ RunTime:0.001583s ]
SQL: SELECT * FROM `tb_user` WHERE ( `status` = 0 ) AND ( `appid` = 1 ) AND ( `id` = 1 ) LIMIT 1   [ RunTime:0.000242s ]
SQL: SHOW COLUMNS FROM `tb_company` [ RunTime:0.001416s ]
SQL: SELECT * FROM `tb_company` WHERE ( `status` = 0 ) AND ( `appid` = 1 ) AND ( `uid` = 1 ) LIMIT 1   [ RunTime:0.000186s ]
SQL: SHOW COLUMNS FROM `tb_case` [ RunTime:0.002232s ]
SQL: SELECT COUNT(*) AS tp_count FROM `tb_case` WHERE ( `status` = 0 ) AND ( `appid` = 1 ) AND ( `cid` = 1 ) LIMIT 1   [ RunTime:0.000251s ]
SQL: SELECT * FROM `tb_case` WHERE ( `status` = 0 ) AND ( `appid` = 1 ) AND ( `cid` = 1 ) ORDER BY ord desc LIMIT 0,5   [ RunTime:0.000190s ]
INFO: [ view_template ] --START--
INFO: Run LocationTemplate Behavior [ RunTime:0.001228s ]
INFO: [ view_template ] --END-- [ RunTime:0.001290s ]
INFO: [ view_parse ] --START--
NOTIC: [8] Undefined variable: Title C:\AppServ\www\yisheji\Home\Company\Runtime\Cache\9ab06c80a9be511314d9828fee1515b4.php 第 10 行.
INFO: Run ParseTemplate Behavior [ RunTime:0.014514s ]
INFO: [ view_parse ] --END-- [ RunTime:0.014591s ]
INFO: [ view_filter ] --START--
INFO: Run ContentReplace Behavior [ RunTime:0.000689s ]
INFO: Run TokenBuild Behavior [ RunTime:0.000688s ]
INFO: Run WriteHtmlCache Behavior [ RunTime:0.000696s ]
INFO: Run ShowRuntime Behavior [ RunTime:0.000749s ]
INFO: [ view_filter ] --END-- [ RunTime:0.003011s ]
INFO: [ view_end ] --START--
INFO: Run ShowPageTrace Behavior [ RunTime:0.000857s ]
INFO: [ view_end ] --END-- [ RunTime:0.000914s ]

[ 2013-12-07T14:06:45+08:00 ] 127.0.0.1 /yisheji/company.php?s=/Case/index
INFO: [ route_check ] --START--
INFO: Run CheckRoute Behavior [ RunTime:0.001097s ]
INFO: [ route_check ] --END-- [ RunTime:0.001266s ]
INFO: [ app_begin ] --START--
INFO: Run ReadHtmlCache Behavior [ RunTime:0.000849s ]
INFO: [ app_begin ] --END-- [ RunTime:0.000916s ]
SQL: SHOW COLUMNS FROM `tb_session` [ RunTime:0.002034s ]
SQL: SELECT * FROM `tb_session` WHERE ( `status` = 0 ) AND ( `appid` = 1 ) AND ( `key` = 'f149a6ed0cd70213d91f8f1243b9e830' ) LIMIT 1   [ RunTime:0.000250s ]
SQL: UPDATE `tb_session` SET `expire`=1386403605 WHERE ( `status` = 0 ) AND ( `appid` = 1 ) AND ( `id` = 1 ) [ RunTime:0.000162s ]
SQL: SHOW COLUMNS FROM `tb_user` [ RunTime:0.001968s ]
SQL: SELECT * FROM `tb_user` WHERE ( `status` = 0 ) AND ( `appid` = 1 ) AND ( `id` = 1 ) LIMIT 1   [ RunTime:0.000258s ]
SQL: SHOW COLUMNS FROM `tb_company` [ RunTime:0.001779s ]
SQL: SELECT * FROM `tb_company` WHERE ( `status` = 0 ) AND ( `appid` = 1 ) AND ( `uid` = 1 ) LIMIT 1   [ RunTime:0.000255s ]
SQL: SHOW COLUMNS FROM `tb_case` [ RunTime:0.002413s ]
SQL: SELECT COUNT(*) AS tp_count FROM `tb_case` WHERE ( `status` = 0 ) AND ( `appid` = 1 ) AND ( `cid` = 1 ) LIMIT 1   [ RunTime:0.000196s ]
SQL: SELECT * FROM `tb_case` WHERE ( `status` = 0 ) AND ( `appid` = 1 ) AND ( `cid` = 1 ) ORDER BY ord desc LIMIT 0,5   [ RunTime:0.000163s ]
INFO: [ view_template ] --START--
INFO: Run LocationTemplate Behavior [ RunTime:0.001351s ]
INFO: [ view_template ] --END-- [ RunTime:0.001423s ]
INFO: [ view_parse ] --START--
NOTIC: [8] Undefined variable: Title C:\AppServ\www\yisheji\Home\Company\Runtime\Cache\9ab06c80a9be511314d9828fee1515b4.php 第 10 行.
INFO: Run ParseTemplate Behavior [ RunTime:0.014300s ]
INFO: [ view_parse ] --END-- [ RunTime:0.014370s ]
INFO: [ view_filter ] --START--
INFO: Run ContentReplace Behavior [ RunTime:0.000696s ]
INFO: Run TokenBuild Behavior [ RunTime:0.000657s ]
INFO: Run WriteHtmlCache Behavior [ RunTime:0.000562s ]
INFO: Run ShowRuntime Behavior [ RunTime:0.000752s ]
INFO: [ view_filter ] --END-- [ RunTime:0.002819s ]
INFO: [ view_end ] --START--
INFO: Run ShowPageTrace Behavior [ RunTime:0.000842s ]
INFO: [ view_end ] --END-- [ RunTime:0.000896s ]

[ 2013-12-07T14:58:03+08:00 ] 127.0.0.1 /yisheji/company.php?s=/Case/index
INFO: [ route_check ] --START--
INFO: Run CheckRoute Behavior [ RunTime:0.001462s ]
INFO: [ route_check ] --END-- [ RunTime:0.001579s ]
INFO: [ app_begin ] --START--
INFO: Run ReadHtmlCache Behavior [ RunTime:0.000930s ]
INFO: [ app_begin ] --END-- [ RunTime:0.001029s ]
SQL: SHOW COLUMNS FROM `tb_session` [ RunTime:0.002128s ]
SQL: SELECT * FROM `tb_session` WHERE ( `status` = 0 ) AND ( `appid` = 1 ) AND ( `key` = 'f149a6ed0cd70213d91f8f1243b9e830' ) LIMIT 1   [ RunTime:0.000403s ]
SQL: UPDATE `tb_session` SET `expire`=1386406683 WHERE ( `status` = 0 ) AND ( `appid` = 1 ) AND ( `id` = 1 ) [ RunTime:0.000168s ]
SQL: SHOW COLUMNS FROM `tb_user` [ RunTime:0.001729s ]
SQL: SELECT * FROM `tb_user` WHERE ( `status` = 0 ) AND ( `appid` = 1 ) AND ( `id` = 1 ) LIMIT 1   [ RunTime:0.000466s ]
SQL: SHOW COLUMNS FROM `tb_company` [ RunTime:0.001726s ]
SQL: SELECT * FROM `tb_company` WHERE ( `status` = 0 ) AND ( `appid` = 1 ) AND ( `uid` = 1 ) LIMIT 1   [ RunTime:0.000245s ]
SQL: SHOW COLUMNS FROM `tb_case` [ RunTime:0.001611s ]
SQL: SELECT COUNT(*) AS tp_count FROM `tb_case` WHERE ( `status` = 0 ) AND ( `appid` = 1 ) AND ( `cid` = 1 ) LIMIT 1   [ RunTime:0.000204s ]
SQL: SELECT * FROM `tb_case` WHERE ( `status` = 0 ) AND ( `appid` = 1 ) AND ( `cid` = 1 ) ORDER BY ord desc LIMIT 0,5   [ RunTime:0.000178s ]
INFO: [ view_template ] --START--
INFO: Run LocationTemplate Behavior [ RunTime:0.001153s ]
INFO: [ view_template ] --END-- [ RunTime:0.001215s ]
INFO: [ view_parse ] --START--
NOTIC: [8] Undefined variable: Title C:\AppServ\www\yisheji\Home\Company\Runtime\Cache\9ab06c80a9be511314d9828fee1515b4.php 第 10 行.
INFO: Run ParseTemplate Behavior [ RunTime:0.014428s ]
INFO: [ view_parse ] --END-- [ RunTime:0.014498s ]
INFO: [ view_filter ] --START--
INFO: Run ContentReplace Behavior [ RunTime:0.000669s ]
INFO: Run TokenBuild Behavior [ RunTime:0.000670s ]
INFO: Run WriteHtmlCache Behavior [ RunTime:0.000544s ]
INFO: Run ShowRuntime Behavior [ RunTime:0.000739s ]
INFO: [ view_filter ] --END-- [ RunTime:0.002780s ]
INFO: [ view_end ] --START--
INFO: Run ShowPageTrace Behavior [ RunTime:0.000820s ]
INFO: [ view_end ] --END-- [ RunTime:0.000872s ]

[ 2013-12-07T15:39:41+08:00 ] ERR: (ThinkException) Action:succuss您所请求的方法不存在！
[ 2013-12-07T15:40:08+08:00 ] 127.0.0.1 /yisheji/company.php?s=/Case/add
INFO: [ route_check ] --START--
INFO: Run CheckRoute Behavior [ RunTime:0.001102s ]
INFO: [ route_check ] --END-- [ RunTime:0.001211s ]
INFO: [ app_begin ] --START--
INFO: Run ReadHtmlCache Behavior [ RunTime:0.001380s ]
INFO: [ app_begin ] --END-- [ RunTime:0.001454s ]
SQL: SHOW COLUMNS FROM `tb_session` [ RunTime:0.001812s ]
SQL: SELECT * FROM `tb_session` WHERE ( `status` = 0 ) AND ( `appid` = 1 ) AND ( `key` = 'f149a6ed0cd70213d91f8f1243b9e830' ) LIMIT 1   [ RunTime:0.000224s ]
SQL: UPDATE `tb_session` SET `expire`=1386409208 WHERE ( `status` = 0 ) AND ( `appid` = 1 ) AND ( `id` = 1 ) [ RunTime:0.000137s ]
SQL: SHOW COLUMNS FROM `tb_user` [ RunTime:0.001406s ]
SQL: SELECT * FROM `tb_user` WHERE ( `status` = 0 ) AND ( `appid` = 1 ) AND ( `id` = 1 ) LIMIT 1   [ RunTime:0.000222s ]
SQL: SHOW COLUMNS FROM `tb_company` [ RunTime:0.001898s ]
SQL: SELECT * FROM `tb_company` WHERE ( `status` = 0 ) AND ( `appid` = 1 ) AND ( `uid` = 1 ) LIMIT 1   [ RunTime:0.000258s ]
SQL: SHOW COLUMNS FROM `tb_case` [ RunTime:0.001959s ]
SQL: INSERT INTO `tb_case` (`name`,`is_original`,`decoration_type`,`info`,`createdate`,`authorize`,`housetype`,`style`,`cost`,`recommend`,`hot`,`cid`,`uid`,`appid`,`createtime`) VALUES ('设计稿',1,1,'好和坏','2013-12-7',1,'3室',1,11111,1,2,1,1,1,1386402008) [ RunTime:0.000264s ]
INFO: [ view_template ] --START--
INFO: Run LocationTemplate Behavior [ RunTime:0.001830s ]
INFO: [ view_template ] --END-- [ RunTime:0.001894s ]
INFO: [ view_parse ] --START--
NOTIC: [8] Undefined variable: Title C:\AppServ\www\yisheji\Home\Company\Runtime\Cache\738a8a5b07f3e8dbfc27abcb3ec946e0.php 第 10 行.
INFO: Run ParseTemplate Behavior [ RunTime:0.012347s ]
INFO: [ view_parse ] --END-- [ RunTime:0.012441s ]
INFO: [ view_filter ] --START--
INFO: Run ContentReplace Behavior [ RunTime:0.001025s ]
INFO: Run TokenBuild Behavior [ RunTime:0.000984s ]
INFO: Run WriteHtmlCache Behavior [ RunTime:0.000903s ]
INFO: Run ShowRuntime Behavior [ RunTime:0.001161s ]
INFO: [ view_filter ] --END-- [ RunTime:0.004241s ]
INFO: [ view_end ] --START--
INFO: Run ShowPageTrace Behavior [ RunTime:0.001317s ]
INFO: [ view_end ] --END-- [ RunTime:0.001378s ]

[ 2013-12-07T15:52:15+08:00 ] 127.0.0.1 /yisheji/company.php?s=/Case/add
INFO: [ route_check ] --START--
INFO: Run CheckRoute Behavior [ RunTime:0.001247s ]
INFO: [ route_check ] --END-- [ RunTime:0.001362s ]
INFO: [ app_begin ] --START--
INFO: Run ReadHtmlCache Behavior [ RunTime:0.000950s ]
INFO: [ app_begin ] --END-- [ RunTime:0.001024s ]
SQL: SHOW COLUMNS FROM `tb_session` [ RunTime:0.002033s ]
SQL: SELECT * FROM `tb_session` WHERE ( `status` = 0 ) AND ( `appid` = 1 ) AND ( `key` = 'f149a6ed0cd70213d91f8f1243b9e830' ) LIMIT 1   [ RunTime:0.000867s ]
SQL: UPDATE `tb_session` SET `expire`=1386409935 WHERE ( `status` = 0 ) AND ( `appid` = 1 ) AND ( `id` = 1 ) [ RunTime:0.000225s ]
SQL: SHOW COLUMNS FROM `tb_user` [ RunTime:0.001462s ]
SQL: SELECT * FROM `tb_user` WHERE ( `status` = 0 ) AND ( `appid` = 1 ) AND ( `id` = 1 ) LIMIT 1   [ RunTime:0.000193s ]
SQL: SHOW COLUMNS FROM `tb_company` [ RunTime:0.001417s ]
SQL: SELECT * FROM `tb_company` WHERE ( `status` = 0 ) AND ( `appid` = 1 ) AND ( `uid` = 1 ) LIMIT 1   [ RunTime:0.000775s ]
SQL: SHOW COLUMNS FROM `tb_case` [ RunTime:0.001679s ]
SQL: INSERT INTO `tb_case` (`name`,`is_original`,`source`,`decoration_type`,`info`,`createdate`,`authorize`,`housetype`,`style`,`cost`,`recommend`,`hot`,`cid`,`uid`,`appid`,`createtime`) VALUES ('我靠',0,'百度',2,'达到顶点','2013-12-1',2,'4室2厅',3,111111,2,3,1,1,1,1386402735) [ RunTime:0.000226s ]
INFO: [ view_template ] --START--
INFO: Run LocationTemplate Behavior [ RunTime:0.001243s ]
INFO: [ view_template ] --END-- [ RunTime:0.001310s ]
INFO: [ view_parse ] --START--
NOTIC: [8] Undefined variable: Title C:\AppServ\www\yisheji\Home\Company\Runtime\Cache\738a8a5b07f3e8dbfc27abcb3ec946e0.php 第 10 行.
INFO: Run ParseTemplate Behavior [ RunTime:0.014663s ]
INFO: [ view_parse ] --END-- [ RunTime:0.014733s ]
INFO: [ view_filter ] --START--
INFO: Run ContentReplace Behavior [ RunTime:0.000655s ]
INFO: Run TokenBuild Behavior [ RunTime:0.000651s ]
INFO: Run WriteHtmlCache Behavior [ RunTime:0.001133s ]
INFO: Run ShowRuntime Behavior [ RunTime:0.000760s ]
INFO: [ view_filter ] --END-- [ RunTime:0.003375s ]
INFO: [ view_end ] --START--
INFO: Run ShowPageTrace Behavior [ RunTime:0.000857s ]
INFO: [ view_end ] --END-- [ RunTime:0.000914s ]

[ 2013-12-07T15:53:40+08:00 ] 127.0.0.1 /yisheji/company.php?s=/Case/index
INFO: [ route_check ] --START--
INFO: Run CheckRoute Behavior [ RunTime:0.001070s ]
INFO: [ route_check ] --END-- [ RunTime:0.001167s ]
INFO: [ app_begin ] --START--
INFO: Run ReadHtmlCache Behavior [ RunTime:0.000783s ]
INFO: [ app_begin ] --END-- [ RunTime:0.000844s ]
SQL: SHOW COLUMNS FROM `tb_session` [ RunTime:0.001429s ]
SQL: SELECT * FROM `tb_session` WHERE ( `status` = 0 ) AND ( `appid` = 1 ) AND ( `key` = 'f149a6ed0cd70213d91f8f1243b9e830' ) LIMIT 1   [ RunTime:0.000195s ]
SQL: UPDATE `tb_session` SET `expire`=1386410020 WHERE ( `status` = 0 ) AND ( `appid` = 1 ) AND ( `id` = 1 ) [ RunTime:0.000134s ]
SQL: SHOW COLUMNS FROM `tb_user` [ RunTime:0.001375s ]
SQL: SELECT * FROM `tb_user` WHERE ( `status` = 0 ) AND ( `appid` = 1 ) AND ( `id` = 1 ) LIMIT 1   [ RunTime:0.000225s ]
SQL: SHOW COLUMNS FROM `tb_company` [ RunTime:0.001590s ]
SQL: SELECT * FROM `tb_company` WHERE ( `status` = 0 ) AND ( `appid` = 1 ) AND ( `uid` = 1 ) LIMIT 1   [ RunTime:0.000238s ]
SQL: SHOW COLUMNS FROM `tb_case` [ RunTime:0.001619s ]
SQL: SELECT COUNT(*) AS tp_count FROM `tb_case` WHERE ( `status` = 0 ) AND ( `appid` = 1 ) AND ( `cid` = 1 ) LIMIT 1   [ RunTime:0.000280s ]
SQL: SELECT * FROM `tb_case` WHERE ( `status` = 0 ) AND ( `appid` = 1 ) AND ( `cid` = 1 ) ORDER BY ord desc LIMIT 0,5   [ RunTime:0.000234s ]
INFO: [ view_template ] --START--
INFO: Run LocationTemplate Behavior [ RunTime:0.001296s ]
INFO: [ view_template ] --END-- [ RunTime:0.001370s ]
INFO: [ view_parse ] --START--
NOTIC: [8] Undefined variable: Title C:\AppServ\www\yisheji\Home\Company\Runtime\Cache\9ab06c80a9be511314d9828fee1515b4.php 第 10 行.
NOTIC: [8] Undefined index:  property C:\AppServ\www\yisheji\Home\Company\Runtime\Cache\9ab06c80a9be511314d9828fee1515b4.php 第 96 行.
NOTIC: [8] Undefined index:  region C:\AppServ\www\yisheji\Home\Company\Runtime\Cache\9ab06c80a9be511314d9828fee1515b4.php 第 99 行.
NOTIC: [8] Undefined index:  place C:\AppServ\www\yisheji\Home\Company\Runtime\Cache\9ab06c80a9be511314d9828fee1515b4.php 第 100 行.
NOTIC: [8] Undefined index:  schedule C:\AppServ\www\yisheji\Home\Company\Runtime\Cache\9ab06c80a9be511314d9828fee1515b4.php 第 101 行.
NOTIC: [8] Undefined index:  fee_info C:\AppServ\www\yisheji\Home\Company\Runtime\Cache\9ab06c80a9be511314d9828fee1515b4.php 第 102 行.
NOTIC: [8] Undefined index:  property C:\AppServ\www\yisheji\Home\Company\Runtime\Cache\9ab06c80a9be511314d9828fee1515b4.php 第 96 行.
NOTIC: [8] Undefined index:  region C:\AppServ\www\yisheji\Home\Company\Runtime\Cache\9ab06c80a9be511314d9828fee1515b4.php 第 99 行.
NOTIC: [8] Undefined index:  place C:\AppServ\www\yisheji\Home\Company\Runtime\Cache\9ab06c80a9be511314d9828fee1515b4.php 第 100 行.
NOTIC: [8] Undefined index:  schedule C:\AppServ\www\yisheji\Home\Company\Runtime\Cache\9ab06c80a9be511314d9828fee1515b4.php 第 101 行.
NOTIC: [8] Undefined index:  fee_info C:\AppServ\www\yisheji\Home\Company\Runtime\Cache\9ab06c80a9be511314d9828fee1515b4.php 第 102 行.
NOTIC: [8] Undefined index:  property C:\AppServ\www\yisheji\Home\Company\Runtime\Cache\9ab06c80a9be511314d9828fee1515b4.php 第 96 行.
NOTIC: [8] Undefined index:  region C:\AppServ\www\yisheji\Home\Company\Runtime\Cache\9ab06c80a9be511314d9828fee1515b4.php 第 99 行.
NOTIC: [8] Undefined index:  place C:\AppServ\www\yisheji\Home\Company\Runtime\Cache\9ab06c80a9be511314d9828fee1515b4.php 第 100 行.
NOTIC: [8] Undefined index:  schedule C:\AppServ\www\yisheji\Home\Company\Runtime\Cache\9ab06c80a9be511314d9828fee1515b4.php 第 101 行.
NOTIC: [8] Undefined index:  fee_info C:\AppServ\www\yisheji\Home\Company\Runtime\Cache\9ab06c80a9be511314d9828fee1515b4.php 第 102 行.
INFO: Run ParseTemplate Behavior [ RunTime:0.015554s ]
INFO: [ view_parse ] --END-- [ RunTime:0.015624s ]
INFO: [ view_filter ] --START--
INFO: Run ContentReplace Behavior [ RunTime:0.000729s ]
INFO: Run TokenBuild Behavior [ RunTime:0.000640s ]
INFO: Run WriteHtmlCache Behavior [ RunTime:0.000550s ]
INFO: Run ShowRuntime Behavior [ RunTime:0.001005s ]
INFO: [ view_filter ] --END-- [ RunTime:0.003074s ]
INFO: [ view_end ] --START--
INFO: Run ShowPageTrace Behavior [ RunTime:0.001153s ]
INFO: [ view_end ] --END-- [ RunTime:0.001206s ]

[ 2013-12-07T17:22:28+08:00 ] 127.0.0.1 /yisheji/company.php?s=/Case/index
INFO: [ route_check ] --START--
INFO: Run CheckRoute Behavior [ RunTime:0.002322s ]
INFO: [ route_check ] --END-- [ RunTime:0.002501s ]
INFO: [ app_begin ] --START--
INFO: Run ReadHtmlCache Behavior [ RunTime:0.001675s ]
INFO: [ app_begin ] --END-- [ RunTime:0.001801s ]
SQL: SHOW COLUMNS FROM `tb_session` [ RunTime:0.001647s ]
SQL: SELECT * FROM `tb_session` WHERE ( `status` = 0 ) AND ( `appid` = 1 ) AND ( `key` = 'f149a6ed0cd70213d91f8f1243b9e830' ) LIMIT 1   [ RunTime:0.000196s ]
SQL: UPDATE `tb_session` SET `expire`=1386415348 WHERE ( `status` = 0 ) AND ( `appid` = 1 ) AND ( `id` = 1 ) [ RunTime:0.000138s ]
SQL: SHOW COLUMNS FROM `tb_user` [ RunTime:0.002836s ]
SQL: SELECT * FROM `tb_user` WHERE ( `status` = 0 ) AND ( `appid` = 1 ) AND ( `id` = 1 ) LIMIT 1   [ RunTime:0.000258s ]
SQL: SHOW COLUMNS FROM `tb_company` [ RunTime:0.002852s ]
SQL: SELECT * FROM `tb_company` WHERE ( `status` = 0 ) AND ( `appid` = 1 ) AND ( `uid` = 1 ) LIMIT 1   [ RunTime:0.000308s ]
SQL: SHOW COLUMNS FROM `tb_case` [ RunTime:0.002215s ]
SQL: SELECT COUNT(*) AS tp_count FROM `tb_case` WHERE ( `status` = 0 ) AND ( `appid` = 1 ) AND ( `cid` = 1 ) LIMIT 1   [ RunTime:0.000249s ]
SQL: SELECT `id`,`name`,`decoration_type`,`housetype`,`style`,`cost`,`recommend`,`hot` FROM `tb_case` WHERE ( `status` = 0 ) AND ( `appid` = 1 ) AND ( `cid` = 1 ) ORDER BY createtime DESC LIMIT 0,10   [ RunTime:0.000209s ]
NOTIC: [8] Undefined index:  createtime C:\AppServ\www\yisheji\Home\Company\Lib\Model\CaseModel.class.php 第 41 行.
NOTIC: [8] Undefined index:  createtime C:\AppServ\www\yisheji\Home\Company\Lib\Model\CaseModel.class.php 第 41 行.
NOTIC: [8] Undefined index:  createtime C:\AppServ\www\yisheji\Home\Company\Lib\Model\CaseModel.class.php 第 41 行.
INFO: [ view_template ] --START--
INFO: Run LocationTemplate Behavior [ RunTime:0.001318s ]
INFO: [ view_template ] --END-- [ RunTime:0.001387s ]
INFO: [ view_parse ] --START--
NOTIC: [8] Undefined variable: Title C:\AppServ\www\yisheji\Home\Company\Runtime\Cache\9ab06c80a9be511314d9828fee1515b4.php 第 10 行.
NOTIC: [8] Undefined variable: list C:\AppServ\www\yisheji\Home\Company\Runtime\Cache\9ab06c80a9be511314d9828fee1515b4.php 第 95 行.
INFO: Run ParseTemplate Behavior [ RunTime:0.015148s ]
INFO: [ view_parse ] --END-- [ RunTime:0.015236s ]
INFO: [ view_filter ] --START--
INFO: Run ContentReplace Behavior [ RunTime:0.000831s ]
INFO: Run TokenBuild Behavior [ RunTime:0.000734s ]
INFO: Run WriteHtmlCache Behavior [ RunTime:0.000786s ]
INFO: Run ShowRuntime Behavior [ RunTime:0.001073s ]
INFO: [ view_filter ] --END-- [ RunTime:0.003626s ]
INFO: [ view_end ] --START--
INFO: Run ShowPageTrace Behavior [ RunTime:0.001172s ]
INFO: [ view_end ] --END-- [ RunTime:0.001228s ]

[ 2013-12-07T17:27:58+08:00 ] 127.0.0.1 /yisheji/company.php?s=/Case/index
INFO: [ route_check ] --START--
INFO: Run CheckRoute Behavior [ RunTime:0.001219s ]
INFO: [ route_check ] --END-- [ RunTime:0.001317s ]
INFO: [ app_begin ] --START--
INFO: Run ReadHtmlCache Behavior [ RunTime:0.000810s ]
INFO: [ app_begin ] --END-- [ RunTime:0.000890s ]
SQL: SHOW COLUMNS FROM `tb_session` [ RunTime:0.001432s ]
SQL: SELECT * FROM `tb_session` WHERE ( `status` = 0 ) AND ( `appid` = 1 ) AND ( `key` = 'f149a6ed0cd70213d91f8f1243b9e830' ) LIMIT 1   [ RunTime:0.000194s ]
SQL: UPDATE `tb_session` SET `expire`=1386415678 WHERE ( `status` = 0 ) AND ( `appid` = 1 ) AND ( `id` = 1 ) [ RunTime:0.000145s ]
SQL: SHOW COLUMNS FROM `tb_user` [ RunTime:0.001762s ]
SQL: SELECT * FROM `tb_user` WHERE ( `status` = 0 ) AND ( `appid` = 1 ) AND ( `id` = 1 ) LIMIT 1   [ RunTime:0.000280s ]
SQL: SHOW COLUMNS FROM `tb_company` [ RunTime:0.001942s ]
SQL: SELECT * FROM `tb_company` WHERE ( `status` = 0 ) AND ( `appid` = 1 ) AND ( `uid` = 1 ) LIMIT 1   [ RunTime:0.000277s ]
SQL: SHOW COLUMNS FROM `tb_case` [ RunTime:0.001880s ]
SQL: SELECT COUNT(*) AS tp_count FROM `tb_case` WHERE ( `status` = 0 ) AND ( `appid` = 1 ) AND ( `cid` = 1 ) LIMIT 1   [ RunTime:0.000246s ]
SQL: SELECT `id`,`name`,`decoration_type`,`housetype`,`style`,`cost`,`recommend`,`hot` FROM `tb_case` WHERE ( `status` = 0 ) AND ( `appid` = 1 ) AND ( `cid` = 1 ) ORDER BY createtime DESC LIMIT 0,10   [ RunTime:0.000201s ]
NOTIC: [8] Undefined index:  createtime C:\AppServ\www\yisheji\Home\Company\Lib\Model\CaseModel.class.php 第 41 行.
NOTIC: [8] Undefined index:  createtime C:\AppServ\www\yisheji\Home\Company\Lib\Model\CaseModel.class.php 第 41 行.
NOTIC: [8] Undefined index:  createtime C:\AppServ\www\yisheji\Home\Company\Lib\Model\CaseModel.class.php 第 41 行.
INFO: [ view_template ] --START--
INFO: Run LocationTemplate Behavior [ RunTime:0.001191s ]
INFO: [ view_template ] --END-- [ RunTime:0.001277s ]
INFO: [ view_parse ] --START--
NOTIC: [8] Undefined variable: Title C:\AppServ\www\yisheji\Home\Company\Runtime\Cache\9ab06c80a9be511314d9828fee1515b4.php 第 10 行.
NOTIC: [8] Undefined variable: list C:\AppServ\www\yisheji\Home\Company\Runtime\Cache\9ab06c80a9be511314d9828fee1515b4.php 第 93 行.
INFO: Run ParseTemplate Behavior [ RunTime:0.015001s ]
INFO: [ view_parse ] --END-- [ RunTime:0.015073s ]
INFO: [ view_filter ] --START--
INFO: Run ContentReplace Behavior [ RunTime:0.000700s ]
INFO: Run TokenBuild Behavior [ RunTime:0.000651s ]
INFO: Run WriteHtmlCache Behavior [ RunTime:0.000626s ]
INFO: Run ShowRuntime Behavior [ RunTime:0.001047s ]
INFO: [ view_filter ] --END-- [ RunTime:0.003199s ]
INFO: [ view_end ] --START--
INFO: Run ShowPageTrace Behavior [ RunTime:0.001302s ]
INFO: [ view_end ] --END-- [ RunTime:0.001361s ]

[ 2013-12-07T17:28:48+08:00 ] 127.0.0.1 /yisheji/company.php?s=/Case/index
INFO: [ route_check ] --START--
INFO: Run CheckRoute Behavior [ RunTime:0.001213s ]
INFO: [ route_check ] --END-- [ RunTime:0.001319s ]
INFO: [ app_begin ] --START--
INFO: Run ReadHtmlCache Behavior [ RunTime:0.001220s ]
INFO: [ app_begin ] --END-- [ RunTime:0.001292s ]
SQL: SHOW COLUMNS FROM `tb_session` [ RunTime:0.001550s ]
SQL: SELECT * FROM `tb_session` WHERE ( `status` = 0 ) AND ( `appid` = 1 ) AND ( `key` = 'f149a6ed0cd70213d91f8f1243b9e830' ) LIMIT 1   [ RunTime:0.000175s ]
SQL: UPDATE `tb_session` SET `expire`=1386415728 WHERE ( `status` = 0 ) AND ( `appid` = 1 ) AND ( `id` = 1 ) [ RunTime:0.000163s ]
SQL: SHOW COLUMNS FROM `tb_user` [ RunTime:0.001443s ]
SQL: SELECT * FROM `tb_user` WHERE ( `status` = 0 ) AND ( `appid` = 1 ) AND ( `id` = 1 ) LIMIT 1   [ RunTime:0.000424s ]
SQL: SHOW COLUMNS FROM `tb_company` [ RunTime:0.001466s ]
SQL: SELECT * FROM `tb_company` WHERE ( `status` = 0 ) AND ( `appid` = 1 ) AND ( `uid` = 1 ) LIMIT 1   [ RunTime:0.000167s ]
SQL: SHOW COLUMNS FROM `tb_case` [ RunTime:0.001660s ]
SQL: SELECT COUNT(*) AS tp_count FROM `tb_case` WHERE ( `status` = 0 ) AND ( `appid` = 1 ) AND ( `cid` = 1 ) LIMIT 1   [ RunTime:0.000234s ]
SQL: SELECT `id`,`name`,`decoration_type`,`housetype`,`style`,`cost`,`recommend`,`hot` FROM `tb_case` WHERE ( `status` = 0 ) AND ( `appid` = 1 ) AND ( `cid` = 1 ) ORDER BY createtime DESC LIMIT 0,10   [ RunTime:0.000211s ]
NOTIC: [8] Undefined index:  createtime C:\AppServ\www\yisheji\Home\Company\Lib\Model\CaseModel.class.php 第 41 行.
NOTIC: [8] Undefined index:  createtime C:\AppServ\www\yisheji\Home\Company\Lib\Model\CaseModel.class.php 第 41 行.
NOTIC: [8] Undefined index:  createtime C:\AppServ\www\yisheji\Home\Company\Lib\Model\CaseModel.class.php 第 41 行.
INFO: [ view_template ] --START--
INFO: Run LocationTemplate Behavior [ RunTime:0.001703s ]
INFO: [ view_template ] --END-- [ RunTime:0.001764s ]
INFO: [ view_parse ] --START--
NOTIC: [8] Undefined variable: Title C:\AppServ\www\yisheji\Home\Company\Runtime\Cache\9ab06c80a9be511314d9828fee1515b4.php 第 10 行.
NOTIC: [8] Undefined variable: list C:\AppServ\www\yisheji\Home\Company\Runtime\Cache\9ab06c80a9be511314d9828fee1515b4.php 第 93 行.
INFO: Run ParseTemplate Behavior [ RunTime:0.015849s ]
INFO: [ view_parse ] --END-- [ RunTime:0.015918s ]
INFO: [ view_filter ] --START--
INFO: Run ContentReplace Behavior [ RunTime:0.000988s ]
INFO: Run TokenBuild Behavior [ RunTime:0.000957s ]
INFO: Run WriteHtmlCache Behavior [ RunTime:0.000867s ]
INFO: Run ShowRuntime Behavior [ RunTime:0.001004s ]
INFO: [ view_filter ] --END-- [ RunTime:0.003969s ]
INFO: [ view_end ] --START--
INFO: Run ShowPageTrace Behavior [ RunTime:0.001174s ]
INFO: [ view_end ] --END-- [ RunTime:0.001227s ]

[ 2013-12-07T17:29:59+08:00 ] 127.0.0.1 /yisheji/company.php?s=/Case/index
INFO: [ route_check ] --START--
INFO: Run CheckRoute Behavior [ RunTime:0.001322s ]
INFO: [ route_check ] --END-- [ RunTime:0.001450s ]
INFO: [ app_begin ] --START--
INFO: Run ReadHtmlCache Behavior [ RunTime:0.000979s ]
INFO: [ app_begin ] --END-- [ RunTime:0.001060s ]
SQL: SHOW COLUMNS FROM `tb_session` [ RunTime:0.001464s ]
SQL: SELECT * FROM `tb_session` WHERE ( `status` = 0 ) AND ( `appid` = 1 ) AND ( `key` = 'f149a6ed0cd70213d91f8f1243b9e830' ) LIMIT 1   [ RunTime:0.000206s ]
SQL: UPDATE `tb_session` SET `expire`=1386415799 WHERE ( `status` = 0 ) AND ( `appid` = 1 ) AND ( `id` = 1 ) [ RunTime:0.000144s ]
SQL: SHOW COLUMNS FROM `tb_user` [ RunTime:0.001361s ]
SQL: SELECT * FROM `tb_user` WHERE ( `status` = 0 ) AND ( `appid` = 1 ) AND ( `id` = 1 ) LIMIT 1   [ RunTime:0.000228s ]
SQL: SHOW COLUMNS FROM `tb_company` [ RunTime:0.001475s ]
SQL: SELECT * FROM `tb_company` WHERE ( `status` = 0 ) AND ( `appid` = 1 ) AND ( `uid` = 1 ) LIMIT 1   [ RunTime:0.000207s ]
SQL: SHOW COLUMNS FROM `tb_case` [ RunTime:0.001524s ]
SQL: SELECT COUNT(*) AS tp_count FROM `tb_case` WHERE ( `status` = 0 ) AND ( `appid` = 1 ) AND ( `cid` = 1 ) LIMIT 1   [ RunTime:0.000242s ]
SQL: SELECT `id`,`name`,`decoration_type`,`housetype`,`style`,`cost`,`recommend`,`hot` FROM `tb_case` WHERE ( `status` = 0 ) AND ( `appid` = 1 ) AND ( `cid` = 1 ) ORDER BY createtime DESC LIMIT 0,10   [ RunTime:0.000179s ]
NOTIC: [8] Undefined index:  createtime C:\AppServ\www\yisheji\Home\Company\Lib\Model\CaseModel.class.php 第 41 行.
NOTIC: [8] Undefined index:  createtime C:\AppServ\www\yisheji\Home\Company\Lib\Model\CaseModel.class.php 第 41 行.
NOTIC: [8] Undefined index:  createtime C:\AppServ\www\yisheji\Home\Company\Lib\Model\CaseModel.class.php 第 41 行.
INFO: [ view_template ] --START--
INFO: Run LocationTemplate Behavior [ RunTime:0.001198s ]
INFO: [ view_template ] --END-- [ RunTime:0.001272s ]
INFO: [ view_parse ] --START--
NOTIC: [8] Undefined variable: Title C:\AppServ\www\yisheji\Home\Company\Runtime\Cache\9ab06c80a9be511314d9828fee1515b4.php 第 10 行.
NOTIC: [8] Undefined variable: list C:\AppServ\www\yisheji\Home\Company\Runtime\Cache\9ab06c80a9be511314d9828fee1515b4.php 第 93 行.
INFO: Run ParseTemplate Behavior [ RunTime:0.014232s ]
INFO: [ view_parse ] --END-- [ RunTime:0.014303s ]
INFO: [ view_filter ] --START--
INFO: Run ContentReplace Behavior [ RunTime:0.000691s ]
INFO: Run TokenBuild Behavior [ RunTime:0.000644s ]
INFO: Run WriteHtmlCache Behavior [ RunTime:0.000554s ]
INFO: Run ShowRuntime Behavior [ RunTime:0.001008s ]
INFO: [ view_filter ] --END-- [ RunTime:0.003052s ]
NOTIC: [2] Cannot modify header information - headers already sent by (output started at C:\AppServ\www\yisheji\Home\Company\Lib\Model\BaseModel.class.php:274) C:\AppServ\www\yisheji\ThinkPHP\Lib\Core\View.class.php 第 88 行.
NOTIC: [2] Cannot modify header information - headers already sent by (output started at C:\AppServ\www\yisheji\Home\Company\Lib\Model\BaseModel.class.php:274) C:\AppServ\www\yisheji\ThinkPHP\Lib\Core\View.class.php 第 89 行.
NOTIC: [2] Cannot modify header information - headers already sent by (output started at C:\AppServ\www\yisheji\Home\Company\Lib\Model\BaseModel.class.php:274) C:\AppServ\www\yisheji\ThinkPHP\Lib\Core\View.class.php 第 90 行.
INFO: [ view_end ] --START--
INFO: Run ShowPageTrace Behavior [ RunTime:0.001146s ]
INFO: [ view_end ] --END-- [ RunTime:0.001199s ]

