[ 2013-12-05T10:48:31+08:00 ] 127.0.0.1 /yisheji/company.php?s=/User/login
INFO: [ route_check ] --START--
INFO: Run CheckRoute Behavior [ RunTime:0.001276s ]
INFO: [ route_check ] --END-- [ RunTime:0.001361s ]
INFO: [ app_begin ] --START--
INFO: Run ReadHtmlCache Behavior [ RunTime:0.001069s ]
INFO: [ app_begin ] --END-- [ RunTime:0.001135s ]
SQL: SHOW COLUMNS FROM `tb_user` [ RunTime:0.002110s ]
NOTIC: [8] Undefined index:  company C:\AppServ\www\yisheji\Home\Company\Lib\Model\BaseModel.class.php 第 33 行.
SQL: SELECT * FROM `tb_user` WHERE ( `status` = 0 ) AND ( `appid` = 1 ) AND ( `account` = 'admin' ) LIMIT 1   [ RunTime:0.021373s ]
INFO: [ view_template ] --START--
INFO: Run LocationTemplate Behavior [ RunTime:0.002616s ]
INFO: [ view_template ] --END-- [ RunTime:0.002709s ]
INFO: [ view_parse ] --START--
NOTIC: [8] Undefined variable: Title C:\AppServ\www\yisheji\Home\Company\Runtime\Cache\738a8a5b07f3e8dbfc27abcb3ec946e0.php 第 10 行.
INFO: Run ParseTemplate Behavior [ RunTime:0.034158s ]
INFO: [ view_parse ] --END-- [ RunTime:0.034257s ]
INFO: [ view_filter ] --START--
INFO: Run ContentReplace Behavior [ RunTime:0.001339s ]
INFO: Run TokenBuild Behavior [ RunTime:0.001315s ]
INFO: Run WriteHtmlCache Behavior [ RunTime:0.001410s ]
INFO: Run ShowRuntime Behavior [ RunTime:0.001452s ]
INFO: [ view_filter ] --END-- [ RunTime:0.005750s ]
INFO: [ view_end ] --START--
INFO: Run ShowPageTrace Behavior [ RunTime:0.001765s ]
INFO: [ view_end ] --END-- [ RunTime:0.001857s ]

[ 2013-12-05T10:48:32+08:00 ] 127.0.0.1 /yisheji/company.php?s=/Index/index
INFO: [ route_check ] --START--
INFO: Run CheckRoute Behavior [ RunTime:0.001278s ]
INFO: [ route_check ] --END-- [ RunTime:0.001366s ]
INFO: [ app_begin ] --START--
INFO: Run ReadHtmlCache Behavior [ RunTime:0.001033s ]
INFO: [ app_begin ] --END-- [ RunTime:0.001092s ]
NOTIC: [8] Undefined variable: uDes C:\AppServ\www\yisheji\Home\Company\Lib\Action\BaseAction.class.php 第 38 行.
NOTIC: [8] Undefined variable: aCom C:\AppServ\www\yisheji\Home\Company\Lib\Action\BaseAction.class.php 第 39 行.
NOTIC: [8] Trying to get property of non-object C:\AppServ\www\yisheji\Home\Company\Lib\Action\IndexAction.class.php 第 15 行.
SQL: SHOW COLUMNS FROM `tb_company` [ RunTime:0.001911s ]
NOTIC: [8] Undefined index:  company C:\AppServ\www\yisheji\Home\Company\Lib\Model\BaseModel.class.php 第 33 行.
SQL: SHOW COLUMNS FROM `tb_file` [ RunTime:0.001978s ]
NOTIC: [8] Undefined index:  company C:\AppServ\www\yisheji\Home\Company\Lib\Model\BaseModel.class.php 第 33 行.
NOTIC: [8] Undefined index:  logo C:\AppServ\www\yisheji\Home\Company\Lib\Action\IndexAction.class.php 第 21 行.
SQL: SHOW COLUMNS FROM `tb_reserve` [ RunTime:0.002150s ]
NOTIC: [8] Undefined index:  company C:\AppServ\www\yisheji\Home\Company\Lib\Model\BaseModel.class.php 第 33 行.
NOTIC: [2] Missing argument 3 for ReserveModel::find_createtime(), called in C:\AppServ\www\yisheji\Home\Company\Lib\Action\IndexAction.class.php on line 25 and defined C:\AppServ\www\yisheji\Home\Company\Lib\Model\ReserveModel.class.php 第 8 行.
NOTIC: [8] Undefined variable: cid C:\AppServ\www\yisheji\Home\Company\Lib\Model\ReserveModel.class.php 第 12 行.
SQL: SELECT COUNT(id) AS tp_count FROM `tb_reserve` WHERE ( `status` = 0 ) AND ( `appid` = 1 ) AND ( `target` = null ) AND ( `type` = null ) AND ( `createtime` >= 1386172800 ) AND ( `handle` IN ('0','1','2') ) LIMIT 1   [ RunTime:0.006726s ]
INFO: [ view_template ] --START--
INFO: Run LocationTemplate Behavior [ RunTime:0.001809s ]
INFO: [ view_template ] --END-- [ RunTime:0.001884s ]
INFO: [ view_parse ] --START--
NOTIC: [8] Undefined variable: Title C:\AppServ\www\yisheji\Home\Company\Runtime\Cache\8a351b46fd67a249b713201d2232c717.php 第 10 行.
NOTIC: [8] Undefined index:  name C:\AppServ\www\yisheji\Home\Company\Runtime\Cache\8a351b46fd67a249b713201d2232c717.php 第 72 行.
NOTIC: [8] Undefined index:  type C:\AppServ\www\yisheji\Home\Company\Runtime\Cache\8a351b46fd67a249b713201d2232c717.php 第 73 行.
INFO: Run ParseTemplate Behavior [ RunTime:0.026547s ]
INFO: [ view_parse ] --END-- [ RunTime:0.026618s ]
INFO: [ view_filter ] --START--
INFO: Run ContentReplace Behavior [ RunTime:0.000955s ]
INFO: Run TokenBuild Behavior [ RunTime:0.000898s ]
INFO: Run WriteHtmlCache Behavior [ RunTime:0.000815s ]
INFO: Run ShowRuntime Behavior [ RunTime:0.000979s ]
INFO: [ view_filter ] --END-- [ RunTime:0.003805s ]
INFO: [ view_end ] --START--
INFO: Run ShowPageTrace Behavior [ RunTime:0.001217s ]
INFO: [ view_end ] --END-- [ RunTime:0.001282s ]

[ 2013-12-05T16:00:44+08:00 ] 127.0.0.1 /yisheji/company.php?s=/User/login
INFO: [ route_check ] --START--
INFO: Run CheckRoute Behavior [ RunTime:0.001372s ]
INFO: [ route_check ] --END-- [ RunTime:0.001533s ]
INFO: [ app_begin ] --START--
INFO: Run ReadHtmlCache Behavior [ RunTime:0.000656s ]
INFO: [ app_begin ] --END-- [ RunTime:0.000767s ]
SQL: SHOW COLUMNS FROM `tb_session` [ RunTime:0.001385s ]
NOTIC: [8] Undefined index:  company C:\AppServ\www\yisheji\Home\Company\Lib\Model\BaseModel.class.php 第 34 行.
NOTIC: [8] Undefined index:  SN_KEY C:\AppServ\www\yisheji\Home\Company\Lib\Model\SessionModel.class.php 第 14 行.
SQL: SHOW COLUMNS FROM `tb_user` [ RunTime:0.001368s ]
NOTIC: [8] Undefined index:  company C:\AppServ\www\yisheji\Home\Company\Lib\Model\BaseModel.class.php 第 34 行.
NOTIC: [2] Missing argument 1 for UserModel::login(), called in C:\AppServ\www\yisheji\Home\Company\Lib\Action\UserAction.class.php on line 43 and defined C:\AppServ\www\yisheji\Home\Company\Lib\Model\UserModel.class.php 第 44 行.
NOTIC: [2] Missing argument 2 for UserModel::login(), called in C:\AppServ\www\yisheji\Home\Company\Lib\Action\UserAction.class.php on line 43 and defined C:\AppServ\www\yisheji\Home\Company\Lib\Model\UserModel.class.php 第 44 行.
SQL: SELECT * FROM `tb_user` WHERE ( `status` = 0 ) AND ( `appid` = 1 ) AND ( `account` = 'admin' ) LIMIT 1   [ RunTime:0.000294s ]
SQL: SELECT * FROM `tb_session` WHERE ( `status` = 0 ) AND ( `appid` = 1 ) AND ( `uid` = 1 ) LIMIT 1   [ RunTime:0.000160s ]
SQL: INSERT INTO `tb_session` (`key`,`expire`,`ip`,`appid`,`uid`,`createtime`) VALUES ('fbf8fcb0bbce3bc06b941d41e09e07c6',1386237644,'127.0.0.1',1,1,1386230444) [ RunTime:0.000135s ]
INFO: [ view_template ] --START--
INFO: Run LocationTemplate Behavior [ RunTime:0.001144s ]
INFO: [ view_template ] --END-- [ RunTime:0.001206s ]
INFO: [ view_parse ] --START--
NOTIC: [8] Undefined variable: Title C:\AppServ\www\yisheji\Home\Company\Runtime\Cache\738a8a5b07f3e8dbfc27abcb3ec946e0.php 第 10 行.
INFO: Run ParseTemplate Behavior [ RunTime:0.008943s ]
INFO: [ view_parse ] --END-- [ RunTime:0.009022s ]
INFO: [ view_filter ] --START--
INFO: Run ContentReplace Behavior [ RunTime:0.000481s ]
INFO: Run TokenBuild Behavior [ RunTime:0.000302s ]
INFO: Run WriteHtmlCache Behavior [ RunTime:0.000206s ]
INFO: Run ShowRuntime Behavior [ RunTime:0.000831s ]
INFO: [ view_filter ] --END-- [ RunTime:0.001968s ]
INFO: [ view_end ] --START--
INFO: Run ShowPageTrace Behavior [ RunTime:0.000492s ]
INFO: [ view_end ] --END-- [ RunTime:0.000545s ]

[ 2013-12-05T16:24:15+08:00 ] 127.0.0.1 /yisheji/company.php?s=/Company/edit
INFO: [ route_check ] --START--
INFO: Run CheckRoute Behavior [ RunTime:0.001007s ]
INFO: [ route_check ] --END-- [ RunTime:0.001091s ]
INFO: [ app_begin ] --START--
INFO: Run ReadHtmlCache Behavior [ RunTime:0.001149s ]
INFO: [ app_begin ] --END-- [ RunTime:0.001217s ]
SQL: SHOW COLUMNS FROM `tb_session` [ RunTime:0.001336s ]
SQL: SELECT * FROM `tb_session` WHERE ( `status` = 0 ) AND ( `appid` = 1 ) AND ( `key` = 'fbf8fcb0bbce3bc06b941d41e09e07c6' ) LIMIT 1   [ RunTime:0.000203s ]
SQL: UPDATE `tb_session` SET `expire`=1386239055 WHERE ( `status` = 0 ) AND ( `appid` = 1 ) AND ( `id` = 1 ) [ RunTime:0.000134s ]
SQL: SHOW COLUMNS FROM `tb_user` [ RunTime:0.001353s ]
SQL: SELECT * FROM `tb_user` WHERE ( `status` = 0 ) AND ( `appid` = 1 ) AND ( `id` = 1 ) LIMIT 1   [ RunTime:0.000204s ]
SQL: SHOW COLUMNS FROM `tb_company` [ RunTime:0.001269s ]
SQL: SELECT * FROM `tb_company` WHERE ( `status` = 0 ) AND ( `appid` = 1 ) AND ( `uid` = 1 ) LIMIT 1   [ RunTime:0.000155s ]
SQL: SHOW COLUMNS FROM `tb_file` [ RunTime:0.001462s ]
SQL: UPDATE `tb_company` SET `info`='管理员开的公司',`region`='上海',`telephone`='13111111111',`contact`='管理员' WHERE ( `status` = 0 ) AND ( `appid` = 1 ) AND ( `id` = 1 ) [ RunTime:0.000235s ]
INFO: [ view_template ] --START--
INFO: Run LocationTemplate Behavior [ RunTime:0.001685s ]
INFO: [ view_template ] --END-- [ RunTime:0.001746s ]
INFO: [ view_parse ] --START--
NOTIC: [8] Undefined variable: Title C:\AppServ\www\yisheji\Home\Company\Runtime\Cache\738a8a5b07f3e8dbfc27abcb3ec946e0.php 第 10 行.
INFO: Run ParseTemplate Behavior [ RunTime:0.011376s ]
INFO: [ view_parse ] --END-- [ RunTime:0.011445s ]
INFO: [ view_filter ] --START--
INFO: Run ContentReplace Behavior [ RunTime:0.000925s ]
INFO: Run TokenBuild Behavior [ RunTime:0.000950s ]
INFO: Run WriteHtmlCache Behavior [ RunTime:0.000809s ]
INFO: Run ShowRuntime Behavior [ RunTime:0.000954s ]
INFO: [ view_filter ] --END-- [ RunTime:0.003794s ]
NOTIC: [2] Cannot modify header information - headers already sent by (output started at C:\AppServ\www\yisheji\Home\Company\Lib\Action\CompanyAction.class.php:16) C:\AppServ\www\yisheji\ThinkPHP\Lib\Core\View.class.php 第 88 行.
NOTIC: [2] Cannot modify header information - headers already sent by (output started at C:\AppServ\www\yisheji\Home\Company\Lib\Action\CompanyAction.class.php:16) C:\AppServ\www\yisheji\ThinkPHP\Lib\Core\View.class.php 第 89 行.
NOTIC: [2] Cannot modify header information - headers already sent by (output started at C:\AppServ\www\yisheji\Home\Company\Lib\Action\CompanyAction.class.php:16) C:\AppServ\www\yisheji\ThinkPHP\Lib\Core\View.class.php 第 90 行.
INFO: [ view_end ] --START--
INFO: Run ShowPageTrace Behavior [ RunTime:0.001075s ]
INFO: [ view_end ] --END-- [ RunTime:0.001132s ]

[ 2013-12-05T16:24:22+08:00 ] 127.0.0.1 /yisheji/company.php?s=/Company/edit
INFO: [ route_check ] --START--
INFO: Run CheckRoute Behavior [ RunTime:0.001377s ]
INFO: [ route_check ] --END-- [ RunTime:0.001537s ]
INFO: [ app_begin ] --START--
INFO: Run ReadHtmlCache Behavior [ RunTime:0.002169s ]
INFO: [ app_begin ] --END-- [ RunTime:0.002307s ]
SQL: SHOW COLUMNS FROM `tb_session` [ RunTime:0.001357s ]
SQL: SELECT * FROM `tb_session` WHERE ( `status` = 0 ) AND ( `appid` = 1 ) AND ( `key` = 'fbf8fcb0bbce3bc06b941d41e09e07c6' ) LIMIT 1   [ RunTime:0.000232s ]
SQL: UPDATE `tb_session` SET `expire`=1386239062 WHERE ( `status` = 0 ) AND ( `appid` = 1 ) AND ( `id` = 1 ) [ RunTime:0.000146s ]
SQL: SHOW COLUMNS FROM `tb_user` [ RunTime:0.001550s ]
SQL: SELECT * FROM `tb_user` WHERE ( `status` = 0 ) AND ( `appid` = 1 ) AND ( `id` = 1 ) LIMIT 1   [ RunTime:0.000208s ]
SQL: SHOW COLUMNS FROM `tb_company` [ RunTime:0.001291s ]
SQL: SELECT * FROM `tb_company` WHERE ( `status` = 0 ) AND ( `appid` = 1 ) AND ( `uid` = 1 ) LIMIT 1   [ RunTime:0.000266s ]
SQL: SHOW COLUMNS FROM `tb_file` [ RunTime:0.001345s ]
SQL: UPDATE `tb_company` SET `info`='管理员开的公司',`region`='上海',`telephone`='13111111112',`contact`='管理员' WHERE ( `status` = 0 ) AND ( `appid` = 1 ) AND ( `id` = 1 ) [ RunTime:0.000279s ]
INFO: [ view_template ] --START--
INFO: Run LocationTemplate Behavior [ RunTime:0.001578s ]
INFO: [ view_template ] --END-- [ RunTime:0.001652s ]
INFO: [ view_parse ] --START--
NOTIC: [8] Undefined variable: Title C:\AppServ\www\yisheji\Home\Company\Runtime\Cache\738a8a5b07f3e8dbfc27abcb3ec946e0.php 第 10 行.
INFO: Run ParseTemplate Behavior [ RunTime:0.009446s ]
INFO: [ view_parse ] --END-- [ RunTime:0.009515s ]
INFO: [ view_filter ] --START--
INFO: Run ContentReplace Behavior [ RunTime:0.000467s ]
INFO: Run TokenBuild Behavior [ RunTime:0.000305s ]
INFO: Run WriteHtmlCache Behavior [ RunTime:0.000206s ]
INFO: Run ShowRuntime Behavior [ RunTime:0.000856s ]
INFO: [ view_filter ] --END-- [ RunTime:0.001983s ]
NOTIC: [2] Cannot modify header information - headers already sent by (output started at C:\AppServ\www\yisheji\Home\Company\Lib\Action\CompanyAction.class.php:16) C:\AppServ\www\yisheji\ThinkPHP\Lib\Core\View.class.php 第 88 行.
NOTIC: [2] Cannot modify header information - headers already sent by (output started at C:\AppServ\www\yisheji\Home\Company\Lib\Action\CompanyAction.class.php:16) C:\AppServ\www\yisheji\ThinkPHP\Lib\Core\View.class.php 第 89 行.
NOTIC: [2] Cannot modify header information - headers already sent by (output started at C:\AppServ\www\yisheji\Home\Company\Lib\Action\CompanyAction.class.php:16) C:\AppServ\www\yisheji\ThinkPHP\Lib\Core\View.class.php 第 90 行.
INFO: [ view_end ] --START--
INFO: Run ShowPageTrace Behavior [ RunTime:0.000462s ]
INFO: [ view_end ] --END-- [ RunTime:0.000514s ]

[ 2013-12-05T16:24:35+08:00 ] 127.0.0.1 /yisheji/company.php?s=/Company/edit
INFO: [ route_check ] --START--
INFO: Run CheckRoute Behavior [ RunTime:0.001407s ]
INFO: [ route_check ] --END-- [ RunTime:0.001579s ]
INFO: [ app_begin ] --START--
INFO: Run ReadHtmlCache Behavior [ RunTime:0.001388s ]
INFO: [ app_begin ] --END-- [ RunTime:0.001527s ]
SQL: SHOW COLUMNS FROM `tb_session` [ RunTime:0.001353s ]
SQL: SELECT * FROM `tb_session` WHERE ( `status` = 0 ) AND ( `appid` = 1 ) AND ( `key` = 'fbf8fcb0bbce3bc06b941d41e09e07c6' ) LIMIT 1   [ RunTime:0.000206s ]
SQL: UPDATE `tb_session` SET `expire`=1386239075 WHERE ( `status` = 0 ) AND ( `appid` = 1 ) AND ( `id` = 1 ) [ RunTime:0.000144s ]
SQL: SHOW COLUMNS FROM `tb_user` [ RunTime:0.001954s ]
SQL: SELECT * FROM `tb_user` WHERE ( `status` = 0 ) AND ( `appid` = 1 ) AND ( `id` = 1 ) LIMIT 1   [ RunTime:0.000252s ]
SQL: SHOW COLUMNS FROM `tb_company` [ RunTime:0.001386s ]
SQL: SELECT * FROM `tb_company` WHERE ( `status` = 0 ) AND ( `appid` = 1 ) AND ( `uid` = 1 ) LIMIT 1   [ RunTime:0.000295s ]
SQL: SHOW COLUMNS FROM `tb_file` [ RunTime:0.001461s ]
NOTIC: [8] Undefined index:  thumbSuffix C:\AppServ\www\yisheji\Home\Company\Lib\Model\FileModel.class.php 第 74 行.
SQL: INSERT INTO `tb_file` (`appid`,`name`,`type`,`extension`,`thumbs`,`size`,`base_url`,`status`,`createtime`) VALUES (1,'Desert.jpg','image/jpeg','jpg','',845941,'/image/20131205/52a03843a92c9.jpg',0,1386231875) [ RunTime:0.012298s ]
SQL: UPDATE `tb_file` SET `status`=-2 WHERE ( `status` = 0 ) AND ( `appid` = 1 ) AND ( `id` = 0 ) [ RunTime:0.000191s ]
SQL: UPDATE `tb_company` SET `info`='管理员开的公司',`region`='上海',`telephone`='13111111112',`contact`='管理员',`logo`=24 WHERE ( `status` = 0 ) AND ( `appid` = 1 ) AND ( `id` = 1 ) [ RunTime:0.000197s ]
INFO: [ view_template ] --START--
INFO: Run LocationTemplate Behavior [ RunTime:0.001516s ]
INFO: [ view_template ] --END-- [ RunTime:0.001577s ]
INFO: [ view_parse ] --START--
NOTIC: [8] Undefined variable: Title C:\AppServ\www\yisheji\Home\Company\Runtime\Cache\738a8a5b07f3e8dbfc27abcb3ec946e0.php 第 10 行.
INFO: Run ParseTemplate Behavior [ RunTime:0.008871s ]
INFO: [ view_parse ] --END-- [ RunTime:0.008941s ]
INFO: [ view_filter ] --START--
INFO: Run ContentReplace Behavior [ RunTime:0.000526s ]
INFO: Run TokenBuild Behavior [ RunTime:0.000301s ]
INFO: Run WriteHtmlCache Behavior [ RunTime:0.000207s ]
INFO: Run ShowRuntime Behavior [ RunTime:0.000825s ]
INFO: [ view_filter ] --END-- [ RunTime:0.002014s ]
NOTIC: [2] Cannot modify header information - headers already sent by (output started at C:\AppServ\www\yisheji\Home\Company\Lib\Action\CompanyAction.class.php:16) C:\AppServ\www\yisheji\ThinkPHP\Lib\Core\View.class.php 第 88 行.
NOTIC: [2] Cannot modify header information - headers already sent by (output started at C:\AppServ\www\yisheji\Home\Company\Lib\Action\CompanyAction.class.php:16) C:\AppServ\www\yisheji\ThinkPHP\Lib\Core\View.class.php 第 89 行.
NOTIC: [2] Cannot modify header information - headers already sent by (output started at C:\AppServ\www\yisheji\Home\Company\Lib\Action\CompanyAction.class.php:16) C:\AppServ\www\yisheji\ThinkPHP\Lib\Core\View.class.php 第 90 行.
INFO: [ view_end ] --START--
INFO: Run ShowPageTrace Behavior [ RunTime:0.000482s ]
INFO: [ view_end ] --END-- [ RunTime:0.000535s ]

[ 2013-12-05T16:41:05+08:00 ] 127.0.0.1 /yisheji/company.php?s=/Company/edit
INFO: [ route_check ] --START--
INFO: Run CheckRoute Behavior [ RunTime:0.001420s ]
INFO: [ route_check ] --END-- [ RunTime:0.001549s ]
INFO: [ app_begin ] --START--
INFO: Run ReadHtmlCache Behavior [ RunTime:0.001066s ]
INFO: [ app_begin ] --END-- [ RunTime:0.001129s ]
SQL: SHOW COLUMNS FROM `tb_session` [ RunTime:0.001373s ]
SQL: SELECT * FROM `tb_session` WHERE ( `status` = 0 ) AND ( `appid` = 1 ) AND ( `key` = 'fbf8fcb0bbce3bc06b941d41e09e07c6' ) LIMIT 1   [ RunTime:0.000182s ]
SQL: UPDATE `tb_session` SET `expire`=1386240065 WHERE ( `status` = 0 ) AND ( `appid` = 1 ) AND ( `id` = 1 ) [ RunTime:0.000157s ]
SQL: SHOW COLUMNS FROM `tb_user` [ RunTime:0.001515s ]
SQL: SELECT * FROM `tb_user` WHERE ( `status` = 0 ) AND ( `appid` = 1 ) AND ( `id` = 1 ) LIMIT 1   [ RunTime:0.000265s ]
SQL: SHOW COLUMNS FROM `tb_company` [ RunTime:0.001406s ]
SQL: SELECT * FROM `tb_company` WHERE ( `status` = 0 ) AND ( `appid` = 1 ) AND ( `uid` = 1 ) LIMIT 1   [ RunTime:0.000160s ]
SQL: SHOW COLUMNS FROM `tb_file` [ RunTime:0.001345s ]
SQL: SELECT * FROM `tb_file` WHERE ( `status` = 0 ) AND ( `appid` = 1 ) AND ( `id` = 24 ) LIMIT 1   [ RunTime:0.000187s ]
SQL: INSERT INTO `tb_file` (`appid`,`name`,`type`,`extension`,`thumbs`,`size`,`base_url`,`status`,`createtime`) VALUES (1,'Hydrangeas.jpg','image/jpeg','jpg','120-120',595284,'/image/20131205/52a03c21135b1.jpg',0,1386232865) [ RunTime:0.000293s ]
SQL: UPDATE `tb_file` SET `status`=-2 WHERE ( `status` = 0 ) AND ( `appid` = 1 ) AND ( `id` = 0 ) [ RunTime:0.000151s ]
SQL: UPDATE `tb_company` SET `info`='管理员开的公司',`region`='上海',`telephone`='13111111112',`contact`='管理员',`logo`=25 WHERE ( `status` = 0 ) AND ( `appid` = 1 ) AND ( `id` = 1 ) [ RunTime:0.000242s ]
INFO: [ view_template ] --START--
INFO: Run LocationTemplate Behavior [ RunTime:0.001715s ]
INFO: [ view_template ] --END-- [ RunTime:0.001781s ]
INFO: [ view_parse ] --START--
NOTIC: [8] Undefined variable: Title C:\AppServ\www\yisheji\Home\Company\Runtime\Cache\738a8a5b07f3e8dbfc27abcb3ec946e0.php 第 10 行.
INFO: Run ParseTemplate Behavior [ RunTime:0.011272s ]
INFO: [ view_parse ] --END-- [ RunTime:0.011342s ]
INFO: [ view_filter ] --START--
INFO: Run ContentReplace Behavior [ RunTime:0.000937s ]
INFO: Run TokenBuild Behavior [ RunTime:0.000906s ]
INFO: Run WriteHtmlCache Behavior [ RunTime:0.000804s ]
INFO: Run ShowRuntime Behavior [ RunTime:0.000954s ]
INFO: [ view_filter ] --END-- [ RunTime:0.003758s ]
INFO: [ view_end ] --START--
INFO: Run ShowPageTrace Behavior [ RunTime:0.001097s ]
INFO: [ view_end ] --END-- [ RunTime:0.001183s ]

[ 2013-12-05T16:43:09+08:00 ] 127.0.0.1 /yisheji/company.php?s=/Company/edit
INFO: [ route_check ] --START--
INFO: Run CheckRoute Behavior [ RunTime:0.002841s ]
INFO: [ route_check ] --END-- [ RunTime:0.003010s ]
INFO: [ app_begin ] --START--
INFO: Run ReadHtmlCache Behavior [ RunTime:0.002231s ]
INFO: [ app_begin ] --END-- [ RunTime:0.002350s ]
SQL: SHOW COLUMNS FROM `tb_session` [ RunTime:0.001478s ]
SQL: SELECT * FROM `tb_session` WHERE ( `status` = 0 ) AND ( `appid` = 1 ) AND ( `key` = 'fbf8fcb0bbce3bc06b941d41e09e07c6' ) LIMIT 1   [ RunTime:0.000206s ]
SQL: UPDATE `tb_session` SET `expire`=1386240188 WHERE ( `status` = 0 ) AND ( `appid` = 1 ) AND ( `id` = 1 ) [ RunTime:0.000139s ]
SQL: SHOW COLUMNS FROM `tb_user` [ RunTime:0.001400s ]
SQL: SELECT * FROM `tb_user` WHERE ( `status` = 0 ) AND ( `appid` = 1 ) AND ( `id` = 1 ) LIMIT 1   [ RunTime:0.000204s ]
SQL: SHOW COLUMNS FROM `tb_company` [ RunTime:0.001296s ]
SQL: SELECT * FROM `tb_company` WHERE ( `status` = 0 ) AND ( `appid` = 1 ) AND ( `uid` = 1 ) LIMIT 1   [ RunTime:0.000385s ]
SQL: SHOW COLUMNS FROM `tb_file` [ RunTime:0.001312s ]
SQL: SELECT * FROM `tb_file` WHERE ( `status` = 0 ) AND ( `appid` = 1 ) AND ( `id` = 25 ) LIMIT 1   [ RunTime:0.000182s ]
SQL: INSERT INTO `tb_file` (`appid`,`name`,`type`,`extension`,`thumbs`,`size`,`base_url`,`status`,`createtime`) VALUES (1,'Jellyfish.jpg','image/jpeg','jpg','120-120',775702,'/image/20131205/52a03c9d00a01.jpg',0,1386232989) [ RunTime:0.000247s ]
SQL: UPDATE `tb_file` SET `status`=-2 WHERE ( `status` = 0 ) AND ( `appid` = 1 ) AND ( `id` = 0 ) [ RunTime:0.000129s ]
SQL: UPDATE `tb_company` SET `info`='管理员开的公司',`region`='上海',`telephone`='13111111112',`contact`='管理员',`logo`=26 WHERE ( `status` = 0 ) AND ( `appid` = 1 ) AND ( `id` = 1 ) [ RunTime:0.000220s ]
INFO: [ view_template ] --START--
INFO: Run LocationTemplate Behavior [ RunTime:0.001726s ]
INFO: [ view_template ] --END-- [ RunTime:0.001787s ]
INFO: [ view_parse ] --START--
NOTIC: [8] Undefined variable: Title C:\AppServ\www\yisheji\Home\Company\Runtime\Cache\738a8a5b07f3e8dbfc27abcb3ec946e0.php 第 10 行.
INFO: Run ParseTemplate Behavior [ RunTime:0.011407s ]
INFO: [ view_parse ] --END-- [ RunTime:0.011477s ]
INFO: [ view_filter ] --START--
INFO: Run ContentReplace Behavior [ RunTime:0.001019s ]
INFO: Run TokenBuild Behavior [ RunTime:0.000930s ]
INFO: Run WriteHtmlCache Behavior [ RunTime:0.000808s ]
INFO: Run ShowRuntime Behavior [ RunTime:0.000958s ]
INFO: [ view_filter ] --END-- [ RunTime:0.003912s ]
INFO: [ view_end ] --START--
INFO: Run ShowPageTrace Behavior [ RunTime:0.001064s ]
INFO: [ view_end ] --END-- [ RunTime:0.001119s ]

[ 2013-12-05T16:45:10+08:00 ] 127.0.0.1 /yisheji/company.php?s=/Company/edit
INFO: [ route_check ] --START--
INFO: Run CheckRoute Behavior [ RunTime:0.001416s ]
INFO: [ route_check ] --END-- [ RunTime:0.001507s ]
INFO: [ app_begin ] --START--
INFO: Run ReadHtmlCache Behavior [ RunTime:0.001149s ]
INFO: [ app_begin ] --END-- [ RunTime:0.001211s ]
SQL: SHOW COLUMNS FROM `tb_session` [ RunTime:0.001435s ]
SQL: SELECT * FROM `tb_session` WHERE ( `status` = 0 ) AND ( `appid` = 1 ) AND ( `key` = 'fbf8fcb0bbce3bc06b941d41e09e07c6' ) LIMIT 1   [ RunTime:0.000242s ]
SQL: UPDATE `tb_session` SET `expire`=1386240310 WHERE ( `status` = 0 ) AND ( `appid` = 1 ) AND ( `id` = 1 ) [ RunTime:0.000177s ]
SQL: SHOW COLUMNS FROM `tb_user` [ RunTime:0.001486s ]
SQL: SELECT * FROM `tb_user` WHERE ( `status` = 0 ) AND ( `appid` = 1 ) AND ( `id` = 1 ) LIMIT 1   [ RunTime:0.000228s ]
SQL: SHOW COLUMNS FROM `tb_company` [ RunTime:0.001495s ]
SQL: SELECT * FROM `tb_company` WHERE ( `status` = 0 ) AND ( `appid` = 1 ) AND ( `uid` = 1 ) LIMIT 1   [ RunTime:0.000203s ]
SQL: SHOW COLUMNS FROM `tb_file` [ RunTime:0.001435s ]
SQL: SELECT * FROM `tb_file` WHERE ( `status` = 0 ) AND ( `appid` = 1 ) AND ( `id` = 26 ) LIMIT 1   [ RunTime:0.000163s ]
SQL: INSERT INTO `tb_file` (`appid`,`name`,`type`,`extension`,`thumbs`,`size`,`base_url`,`status`,`createtime`) VALUES (1,'Koala.jpg','image/jpeg','jpg','120-120',780831,'/image/20131205/52a03d1652656.jpg',0,1386233110) [ RunTime:0.000261s ]
SQL: UPDATE `tb_file` SET `status`=-2 WHERE ( `status` = 0 ) AND ( `appid` = 1 ) AND ( `id` = 0 ) [ RunTime:0.000158s ]
SQL: UPDATE `tb_company` SET `info`='管理员开的公司',`region`='上海',`telephone`='13111111112',`contact`='管理员',`logo`=27 WHERE ( `status` = 0 ) AND ( `appid` = 1 ) AND ( `id` = 1 ) [ RunTime:0.000207s ]
INFO: [ view_template ] --START--
INFO: Run LocationTemplate Behavior [ RunTime:0.001706s ]
INFO: [ view_template ] --END-- [ RunTime:0.001769s ]
INFO: [ view_parse ] --START--
NOTIC: [8] Undefined variable: Title C:\AppServ\www\yisheji\Home\Company\Runtime\Cache\738a8a5b07f3e8dbfc27abcb3ec946e0.php 第 10 行.
INFO: Run ParseTemplate Behavior [ RunTime:0.011567s ]
INFO: [ view_parse ] --END-- [ RunTime:0.011636s ]
INFO: [ view_filter ] --START--
INFO: Run ContentReplace Behavior [ RunTime:0.000916s ]
INFO: Run TokenBuild Behavior [ RunTime:0.000901s ]
INFO: Run WriteHtmlCache Behavior [ RunTime:0.000811s ]
INFO: Run ShowRuntime Behavior [ RunTime:0.001017s ]
INFO: [ view_filter ] --END-- [ RunTime:0.003797s ]
INFO: [ view_end ] --START--
INFO: Run ShowPageTrace Behavior [ RunTime:0.001060s ]
INFO: [ view_end ] --END-- [ RunTime:0.001114s ]

[ 2013-12-05T16:50:26+08:00 ] ERR: (ThinkException) 无法加载模块:Designer
[ 2013-12-05T16:51:25+08:00 ] 127.0.0.1 /yisheji/company.php?s=/Index/index
INFO: [ route_check ] --START--
INFO: Run CheckRoute Behavior [ RunTime:0.000842s ]
INFO: [ route_check ] --END-- [ RunTime:0.000929s ]
INFO: [ app_begin ] --START--
INFO: Run ReadHtmlCache Behavior [ RunTime:0.001034s ]
INFO: [ app_begin ] --END-- [ RunTime:0.001093s ]
SQL: SHOW COLUMNS FROM `tb_session` [ RunTime:0.001333s ]
SQL: SELECT * FROM `tb_session` WHERE ( `status` = 0 ) AND ( `appid` = 1 ) AND ( `key` = 'fbf8fcb0bbce3bc06b941d41e09e07c6' ) LIMIT 1   [ RunTime:0.000200s ]
SQL: UPDATE `tb_session` SET `expire`=1386240685 WHERE ( `status` = 0 ) AND ( `appid` = 1 ) AND ( `id` = 1 ) [ RunTime:0.000152s ]
SQL: SHOW COLUMNS FROM `tb_user` [ RunTime:0.001509s ]
SQL: SELECT * FROM `tb_user` WHERE ( `status` = 0 ) AND ( `appid` = 1 ) AND ( `id` = 1 ) LIMIT 1   [ RunTime:0.000243s ]
SQL: SHOW COLUMNS FROM `tb_company` [ RunTime:0.001344s ]
SQL: SELECT * FROM `tb_company` WHERE ( `status` = 0 ) AND ( `appid` = 1 ) AND ( `uid` = 1 ) LIMIT 1   [ RunTime:0.000225s ]
SQL: SELECT * FROM `tb_company` WHERE ( `status` = 0 ) AND ( `appid` = 1 ) AND ( `id` = 1 ) LIMIT 1   [ RunTime:0.000140s ]
SQL: SHOW COLUMNS FROM `tb_file` [ RunTime:0.001680s ]
SQL: SELECT * FROM `tb_file` WHERE ( `status` = 0 ) AND ( `appid` = 1 ) AND ( `id` = 27 ) LIMIT 1   [ RunTime:0.000208s ]
SQL: SHOW COLUMNS FROM `tb_reserve` [ RunTime:0.001862s ]
NOTIC: [2] Missing argument 3 for ReserveModel::find_createtime(), called in C:\AppServ\www\yisheji\Home\Company\Lib\Action\IndexAction.class.php on line 19 and defined C:\AppServ\www\yisheji\Home\Company\Lib\Model\ReserveModel.class.php 第 8 行.
NOTIC: [8] Undefined variable: cid C:\AppServ\www\yisheji\Home\Company\Lib\Model\ReserveModel.class.php 第 12 行.
SQL: SELECT COUNT(id) AS tp_count FROM `tb_reserve` WHERE ( `status` = 0 ) AND ( `appid` = 1 ) AND ( `target` = null ) AND ( `type` = 1 ) AND ( `createtime` >= 1386172800 ) AND ( `handle` IN ('0','1','2') ) LIMIT 1   [ RunTime:0.000201s ]
INFO: [ view_template ] --START--
INFO: Run LocationTemplate Behavior [ RunTime:0.001665s ]
INFO: [ view_template ] --END-- [ RunTime:0.001725s ]
INFO: [ view_parse ] --START--
NOTIC: [8] Undefined variable: Title C:\AppServ\www\yisheji\Home\Company\Runtime\Cache\8a351b46fd67a249b713201d2232c717.php 第 10 行.
NOTIC: [8] Undefined index:  type C:\AppServ\www\yisheji\Home\Company\Runtime\Cache\8a351b46fd67a249b713201d2232c717.php 第 72 行.
INFO: Run ParseTemplate Behavior [ RunTime:0.014347s ]
INFO: [ view_parse ] --END-- [ RunTime:0.014415s ]
INFO: [ view_filter ] --START--
INFO: Run ContentReplace Behavior [ RunTime:0.000939s ]
INFO: Run TokenBuild Behavior [ RunTime:0.000903s ]
INFO: Run WriteHtmlCache Behavior [ RunTime:0.000824s ]
INFO: Run ShowRuntime Behavior [ RunTime:0.001103s ]
INFO: [ view_filter ] --END-- [ RunTime:0.003932s ]
INFO: [ view_end ] --START--
INFO: Run ShowPageTrace Behavior [ RunTime:0.001083s ]
INFO: [ view_end ] --END-- [ RunTime:0.001140s ]

[ 2013-12-05T16:51:58+08:00 ] ERR: (ThinkException) 非法操作:edit_company
[ 2013-12-05T16:52:14+08:00 ] 127.0.0.1 /yisheji/company.php?s=/Index/index
INFO: [ route_check ] --START--
INFO: Run CheckRoute Behavior [ RunTime:0.001704s ]
INFO: [ route_check ] --END-- [ RunTime:0.001861s ]
INFO: [ app_begin ] --START--
INFO: Run ReadHtmlCache Behavior [ RunTime:0.002133s ]
INFO: [ app_begin ] --END-- [ RunTime:0.002252s ]
SQL: SHOW COLUMNS FROM `tb_session` [ RunTime:0.001336s ]
SQL: SELECT * FROM `tb_session` WHERE ( `status` = 0 ) AND ( `appid` = 1 ) AND ( `key` = 'fbf8fcb0bbce3bc06b941d41e09e07c6' ) LIMIT 1   [ RunTime:0.000253s ]
SQL: UPDATE `tb_session` SET `expire`=1386240734 WHERE ( `status` = 0 ) AND ( `appid` = 1 ) AND ( `id` = 1 ) [ RunTime:0.000138s ]
SQL: SHOW COLUMNS FROM `tb_user` [ RunTime:0.001485s ]
SQL: SELECT * FROM `tb_user` WHERE ( `status` = 0 ) AND ( `appid` = 1 ) AND ( `id` = 1 ) LIMIT 1   [ RunTime:0.000752s ]
SQL: SHOW COLUMNS FROM `tb_company` [ RunTime:0.001321s ]
SQL: SELECT * FROM `tb_company` WHERE ( `status` = 0 ) AND ( `appid` = 1 ) AND ( `uid` = 1 ) LIMIT 1   [ RunTime:0.000151s ]
SQL: SELECT * FROM `tb_company` WHERE ( `status` = 0 ) AND ( `appid` = 1 ) AND ( `id` = 1 ) LIMIT 1   [ RunTime:0.000152s ]
SQL: SHOW COLUMNS FROM `tb_file` [ RunTime:0.001294s ]
SQL: SELECT * FROM `tb_file` WHERE ( `status` = 0 ) AND ( `appid` = 1 ) AND ( `id` = 27 ) LIMIT 1   [ RunTime:0.000187s ]
SQL: SHOW COLUMNS FROM `tb_reserve` [ RunTime:0.001434s ]
NOTIC: [2] Missing argument 3 for ReserveModel::find_createtime(), called in C:\AppServ\www\yisheji\Home\Company\Lib\Action\IndexAction.class.php on line 19 and defined C:\AppServ\www\yisheji\Home\Company\Lib\Model\ReserveModel.class.php 第 8 行.
NOTIC: [8] Undefined variable: cid C:\AppServ\www\yisheji\Home\Company\Lib\Model\ReserveModel.class.php 第 12 行.
SQL: SELECT COUNT(id) AS tp_count FROM `tb_reserve` WHERE ( `status` = 0 ) AND ( `appid` = 1 ) AND ( `target` = null ) AND ( `type` = 1 ) AND ( `createtime` >= 1386172800 ) AND ( `handle` IN ('0','1','2') ) LIMIT 1   [ RunTime:0.000203s ]
INFO: [ view_template ] --START--
INFO: Run LocationTemplate Behavior [ RunTime:0.001727s ]
INFO: [ view_template ] --END-- [ RunTime:0.001800s ]
INFO: [ view_parse ] --START--
NOTIC: [8] Undefined variable: Title C:\AppServ\www\yisheji\Home\Company\Runtime\Cache\8a351b46fd67a249b713201d2232c717.php 第 10 行.
NOTIC: [8] Undefined index:  type C:\AppServ\www\yisheji\Home\Company\Runtime\Cache\8a351b46fd67a249b713201d2232c717.php 第 72 行.
INFO: Run ParseTemplate Behavior [ RunTime:0.014093s ]
INFO: [ view_parse ] --END-- [ RunTime:0.014161s ]
INFO: [ view_filter ] --START--
INFO: Run ContentReplace Behavior [ RunTime:0.000931s ]
INFO: Run TokenBuild Behavior [ RunTime:0.000921s ]
INFO: Run WriteHtmlCache Behavior [ RunTime:0.000808s ]
INFO: Run ShowRuntime Behavior [ RunTime:0.000995s ]
INFO: [ view_filter ] --END-- [ RunTime:0.003814s ]
INFO: [ view_end ] --START--
INFO: Run ShowPageTrace Behavior [ RunTime:0.001080s ]
INFO: [ view_end ] --END-- [ RunTime:0.001136s ]

[ 2013-12-05T17:09:07+08:00 ] ERR: (ThinkException) 无法加载模块:Designer
[ 2013-12-05T17:16:39+08:00 ] 127.0.0.1 /yisheji/company.php?s=/Score/list_score
INFO: [ route_check ] --START--
INFO: Run CheckRoute Behavior [ RunTime:0.001808s ]
INFO: [ route_check ] --END-- [ RunTime:0.001957s ]
INFO: [ app_begin ] --START--
INFO: Run ReadHtmlCache Behavior [ RunTime:0.001996s ]
INFO: [ app_begin ] --END-- [ RunTime:0.002105s ]
SQL: SHOW COLUMNS FROM `tb_session` [ RunTime:0.001436s ]
SQL: SELECT * FROM `tb_session` WHERE ( `status` = 0 ) AND ( `appid` = 1 ) AND ( `key` = 'fbf8fcb0bbce3bc06b941d41e09e07c6' ) LIMIT 1   [ RunTime:0.000188s ]
SQL: UPDATE `tb_session` SET `expire`=1386242199 WHERE ( `status` = 0 ) AND ( `appid` = 1 ) AND ( `id` = 1 ) [ RunTime:0.000147s ]
SQL: SHOW COLUMNS FROM `tb_user` [ RunTime:0.001342s ]
SQL: SELECT * FROM `tb_user` WHERE ( `status` = 0 ) AND ( `appid` = 1 ) AND ( `id` = 1 ) LIMIT 1   [ RunTime:0.000165s ]
SQL: SHOW COLUMNS FROM `tb_company` [ RunTime:0.001269s ]
SQL: SELECT * FROM `tb_company` WHERE ( `status` = 0 ) AND ( `appid` = 1 ) AND ( `uid` = 1 ) LIMIT 1   [ RunTime:0.000162s ]
SQL: SHOW COLUMNS FROM `tb_score` [ RunTime:0.002079s ]
SQL: SELECT COUNT(*) AS tp_count FROM `tb_score` WHERE ( `status` = 0 ) AND ( `appid` = 1 ) AND ( `cid` = 1 ) LIMIT 1   [ RunTime:0.000219s ]
SQL: SELECT * FROM `tb_score` WHERE ( `status` = 0 ) AND ( `appid` = 1 ) AND ( `cid` = 1 ) ORDER BY id desc LIMIT 0,5   [ RunTime:0.000164s ]
INFO: [ view_template ] --START--
INFO: Run LocationTemplate Behavior [ RunTime:0.001681s ]
INFO: [ view_template ] --END-- [ RunTime:0.001742s ]
INFO: [ view_parse ] --START--
NOTIC: [8] Undefined variable: Title C:\AppServ\www\yisheji\Home\Company\Runtime\Cache\36693631883978a2a295e9117ce22b0a.php 第 10 行.
INFO: Run ParseTemplate Behavior [ RunTime:0.019304s ]
INFO: [ view_parse ] --END-- [ RunTime:0.019376s ]
INFO: [ view_filter ] --START--
INFO: Run ContentReplace Behavior [ RunTime:0.000994s ]
INFO: Run TokenBuild Behavior [ RunTime:0.000912s ]
INFO: Run WriteHtmlCache Behavior [ RunTime:0.000812s ]
INFO: Run ShowRuntime Behavior [ RunTime:0.000961s ]
INFO: [ view_filter ] --END-- [ RunTime:0.003829s ]
INFO: [ view_end ] --START--
INFO: Run ShowPageTrace Behavior [ RunTime:0.001069s ]
INFO: [ view_end ] --END-- [ RunTime:0.001123s ]

[ 2013-12-05T17:16:40+08:00 ] 127.0.0.1 /yisheji/company.php?s=/Case/list_case
INFO: [ route_check ] --START--
INFO: Run CheckRoute Behavior [ RunTime:0.001718s ]
INFO: [ route_check ] --END-- [ RunTime:0.001885s ]
INFO: [ app_begin ] --START--
INFO: Run ReadHtmlCache Behavior [ RunTime:0.002240s ]
INFO: [ app_begin ] --END-- [ RunTime:0.002364s ]
SQL: SHOW COLUMNS FROM `tb_session` [ RunTime:0.001345s ]
SQL: SELECT * FROM `tb_session` WHERE ( `status` = 0 ) AND ( `appid` = 1 ) AND ( `key` = 'fbf8fcb0bbce3bc06b941d41e09e07c6' ) LIMIT 1   [ RunTime:0.000205s ]
SQL: UPDATE `tb_session` SET `expire`=1386242200 WHERE ( `status` = 0 ) AND ( `appid` = 1 ) AND ( `id` = 1 ) [ RunTime:0.000157s ]
SQL: SHOW COLUMNS FROM `tb_user` [ RunTime:0.001418s ]
SQL: SELECT * FROM `tb_user` WHERE ( `status` = 0 ) AND ( `appid` = 1 ) AND ( `id` = 1 ) LIMIT 1   [ RunTime:0.000217s ]
SQL: SHOW COLUMNS FROM `tb_company` [ RunTime:0.001419s ]
SQL: SELECT * FROM `tb_company` WHERE ( `status` = 0 ) AND ( `appid` = 1 ) AND ( `uid` = 1 ) LIMIT 1   [ RunTime:0.000183s ]
SQL: SHOW COLUMNS FROM `tb_case` [ RunTime:0.002094s ]
SQL: SELECT COUNT(*) AS tp_count FROM `tb_case` WHERE ( `status` = 0 ) AND ( `appid` = 1 ) AND ( `cid` = 1 ) LIMIT 1   [ RunTime:0.000185s ]
SQL: SELECT * FROM `tb_case` WHERE ( `status` = 0 ) AND ( `appid` = 1 ) AND ( `cid` = 1 ) ORDER BY ord desc LIMIT 0,5   [ RunTime:0.000159s ]
INFO: [ view_template ] --START--
INFO: Run LocationTemplate Behavior [ RunTime:0.001679s ]
INFO: [ view_template ] --END-- [ RunTime:0.001741s ]
INFO: [ view_parse ] --START--
NOTIC: [8] Undefined variable: Title C:\AppServ\www\yisheji\Home\Company\Runtime\Cache\b15ed7431ab5ae471c27ca0a771b2a18.php 第 10 行.
INFO: Run ParseTemplate Behavior [ RunTime:0.015184s ]
INFO: [ view_parse ] --END-- [ RunTime:0.015254s ]
INFO: [ view_filter ] --START--
INFO: Run ContentReplace Behavior [ RunTime:0.000958s ]
INFO: Run TokenBuild Behavior [ RunTime:0.000906s ]
INFO: Run WriteHtmlCache Behavior [ RunTime:0.000820s ]
INFO: Run ShowRuntime Behavior [ RunTime:0.000960s ]
INFO: [ view_filter ] --END-- [ RunTime:0.003799s ]
INFO: [ view_end ] --START--
INFO: Run ShowPageTrace Behavior [ RunTime:0.001086s ]
INFO: [ view_end ] --END-- [ RunTime:0.001142s ]

[ 2013-12-05T17:16:43+08:00 ] 127.0.0.1 /yisheji/company.php?s=/Score/list_score
INFO: [ route_check ] --START--
INFO: Run CheckRoute Behavior [ RunTime:0.001712s ]
INFO: [ route_check ] --END-- [ RunTime:0.001876s ]
INFO: [ app_begin ] --START--
INFO: Run ReadHtmlCache Behavior [ RunTime:0.002179s ]
INFO: [ app_begin ] --END-- [ RunTime:0.002300s ]
SQL: SHOW COLUMNS FROM `tb_session` [ RunTime:0.001366s ]
SQL: SELECT * FROM `tb_session` WHERE ( `status` = 0 ) AND ( `appid` = 1 ) AND ( `key` = 'fbf8fcb0bbce3bc06b941d41e09e07c6' ) LIMIT 1   [ RunTime:0.000594s ]
SQL: UPDATE `tb_session` SET `expire`=1386242203 WHERE ( `status` = 0 ) AND ( `appid` = 1 ) AND ( `id` = 1 ) [ RunTime:0.000167s ]
SQL: SHOW COLUMNS FROM `tb_user` [ RunTime:0.001400s ]
SQL: SELECT * FROM `tb_user` WHERE ( `status` = 0 ) AND ( `appid` = 1 ) AND ( `id` = 1 ) LIMIT 1   [ RunTime:0.000175s ]
SQL: SHOW COLUMNS FROM `tb_company` [ RunTime:0.002388s ]
SQL: SELECT * FROM `tb_company` WHERE ( `status` = 0 ) AND ( `appid` = 1 ) AND ( `uid` = 1 ) LIMIT 1   [ RunTime:0.000230s ]
SQL: SHOW COLUMNS FROM `tb_score` [ RunTime:0.001517s ]
SQL: SELECT COUNT(*) AS tp_count FROM `tb_score` WHERE ( `status` = 0 ) AND ( `appid` = 1 ) AND ( `cid` = 1 ) LIMIT 1   [ RunTime:0.000200s ]
SQL: SELECT * FROM `tb_score` WHERE ( `status` = 0 ) AND ( `appid` = 1 ) AND ( `cid` = 1 ) ORDER BY id desc LIMIT 0,5   [ RunTime:0.000194s ]
INFO: [ view_template ] --START--
INFO: Run LocationTemplate Behavior [ RunTime:0.001613s ]
INFO: [ view_template ] --END-- [ RunTime:0.001672s ]
INFO: [ view_parse ] --START--
NOTIC: [8] Undefined variable: Title C:\AppServ\www\yisheji\Home\Company\Runtime\Cache\36693631883978a2a295e9117ce22b0a.php 第 10 行.
INFO: Run ParseTemplate Behavior [ RunTime:0.018469s ]
INFO: [ view_parse ] --END-- [ RunTime:0.018541s ]
INFO: [ view_filter ] --START--
INFO: Run ContentReplace Behavior [ RunTime:0.000980s ]
INFO: Run TokenBuild Behavior [ RunTime:0.000910s ]
INFO: Run WriteHtmlCache Behavior [ RunTime:0.000819s ]
INFO: Run ShowRuntime Behavior [ RunTime:0.000969s ]
INFO: [ view_filter ] --END-- [ RunTime:0.003832s ]
INFO: [ view_end ] --START--
INFO: Run ShowPageTrace Behavior [ RunTime:0.001090s ]
INFO: [ view_end ] --END-- [ RunTime:0.001148s ]

[ 2013-12-05T17:16:44+08:00 ] 127.0.0.1 /yisheji/company.php?s=/Case/list_case
INFO: [ route_check ] --START--
INFO: Run CheckRoute Behavior [ RunTime:0.001832s ]
INFO: [ route_check ] --END-- [ RunTime:0.002023s ]
INFO: [ app_begin ] --START--
INFO: Run ReadHtmlCache Behavior [ RunTime:0.002207s ]
INFO: [ app_begin ] --END-- [ RunTime:0.002329s ]
SQL: SHOW COLUMNS FROM `tb_session` [ RunTime:0.001383s ]
SQL: SELECT * FROM `tb_session` WHERE ( `status` = 0 ) AND ( `appid` = 1 ) AND ( `key` = 'fbf8fcb0bbce3bc06b941d41e09e07c6' ) LIMIT 1   [ RunTime:0.000202s ]
SQL: UPDATE `tb_session` SET `expire`=1386242204 WHERE ( `status` = 0 ) AND ( `appid` = 1 ) AND ( `id` = 1 ) [ RunTime:0.000155s ]
SQL: SHOW COLUMNS FROM `tb_user` [ RunTime:0.001387s ]
SQL: SELECT * FROM `tb_user` WHERE ( `status` = 0 ) AND ( `appid` = 1 ) AND ( `id` = 1 ) LIMIT 1   [ RunTime:0.000195s ]
SQL: SHOW COLUMNS FROM `tb_company` [ RunTime:0.001773s ]
SQL: SELECT * FROM `tb_company` WHERE ( `status` = 0 ) AND ( `appid` = 1 ) AND ( `uid` = 1 ) LIMIT 1   [ RunTime:0.000195s ]
SQL: SHOW COLUMNS FROM `tb_case` [ RunTime:0.001564s ]
SQL: SELECT COUNT(*) AS tp_count FROM `tb_case` WHERE ( `status` = 0 ) AND ( `appid` = 1 ) AND ( `cid` = 1 ) LIMIT 1   [ RunTime:0.000178s ]
SQL: SELECT * FROM `tb_case` WHERE ( `status` = 0 ) AND ( `appid` = 1 ) AND ( `cid` = 1 ) ORDER BY ord desc LIMIT 0,5   [ RunTime:0.000155s ]
INFO: [ view_template ] --START--
INFO: Run LocationTemplate Behavior [ RunTime:0.001608s ]
INFO: [ view_template ] --END-- [ RunTime:0.001667s ]
INFO: [ view_parse ] --START--
NOTIC: [8] Undefined variable: Title C:\AppServ\www\yisheji\Home\Company\Runtime\Cache\b15ed7431ab5ae471c27ca0a771b2a18.php 第 10 行.
INFO: Run ParseTemplate Behavior [ RunTime:0.015212s ]
INFO: [ view_parse ] --END-- [ RunTime:0.015285s ]
INFO: [ view_filter ] --START--
INFO: Run ContentReplace Behavior [ RunTime:0.001000s ]
INFO: Run TokenBuild Behavior [ RunTime:0.000968s ]
INFO: Run WriteHtmlCache Behavior [ RunTime:0.000831s ]
INFO: Run ShowRuntime Behavior [ RunTime:0.000958s ]
INFO: [ view_filter ] --END-- [ RunTime:0.003914s ]
INFO: [ view_end ] --START--
INFO: Run ShowPageTrace Behavior [ RunTime:0.001071s ]
INFO: [ view_end ] --END-- [ RunTime:0.001127s ]

[ 2013-12-05T17:16:47+08:00 ] 127.0.0.1 /yisheji/company.php?s=/Active/list_active
INFO: [ route_check ] --START--
INFO: Run CheckRoute Behavior [ RunTime:0.001060s ]
INFO: [ route_check ] --END-- [ RunTime:0.001167s ]
INFO: [ app_begin ] --START--
INFO: Run ReadHtmlCache Behavior [ RunTime:0.001328s ]
INFO: [ app_begin ] --END-- [ RunTime:0.001405s ]
SQL: SHOW COLUMNS FROM `tb_session` [ RunTime:0.001355s ]
SQL: SELECT * FROM `tb_session` WHERE ( `status` = 0 ) AND ( `appid` = 1 ) AND ( `key` = 'fbf8fcb0bbce3bc06b941d41e09e07c6' ) LIMIT 1   [ RunTime:0.000151s ]
SQL: UPDATE `tb_session` SET `expire`=1386242207 WHERE ( `status` = 0 ) AND ( `appid` = 1 ) AND ( `id` = 1 ) [ RunTime:0.000159s ]
SQL: SHOW COLUMNS FROM `tb_user` [ RunTime:0.001374s ]
SQL: SELECT * FROM `tb_user` WHERE ( `status` = 0 ) AND ( `appid` = 1 ) AND ( `id` = 1 ) LIMIT 1   [ RunTime:0.000165s ]
SQL: SHOW COLUMNS FROM `tb_company` [ RunTime:0.001547s ]
SQL: SELECT * FROM `tb_company` WHERE ( `status` = 0 ) AND ( `appid` = 1 ) AND ( `uid` = 1 ) LIMIT 1   [ RunTime:0.000750s ]
SQL: SHOW COLUMNS FROM `tb_active` [ RunTime:0.002162s ]
SQL: SELECT COUNT(*) AS tp_count FROM `tb_active` WHERE ( `status` = 0 ) AND ( `appid` = 1 ) AND ( `cid` = 1 ) LIMIT 1   [ RunTime:0.000208s ]
SQL: SELECT * FROM `tb_active` WHERE ( `status` = 0 ) AND ( `appid` = 1 ) AND ( `cid` = 1 ) ORDER BY id desc LIMIT 0,5   [ RunTime:0.000173s ]
SQL: SHOW COLUMNS FROM `tb_case` [ RunTime:0.001548s ]
SQL: SELECT `id`,`name` FROM `tb_case` WHERE ( `status` = 0 ) AND ( `appid` = 1 ) AND ( `cid` = 1 )  [ RunTime:0.000168s ]
NOTIC: [2] Invalid argument supplied for foreach() C:\AppServ\www\yisheji\Home\Company\Lib\Action\ActiveAction.class.php 第 112 行.
INFO: [ view_template ] --START--
INFO: Run LocationTemplate Behavior [ RunTime:0.001658s ]
INFO: [ view_template ] --END-- [ RunTime:0.001720s ]
INFO: [ view_parse ] --START--
NOTIC: [8] Undefined variable: Title C:\AppServ\www\yisheji\Home\Company\Runtime\Cache\b475d77171f379a51e81c797eb35e003.php 第 10 行.
INFO: Run ParseTemplate Behavior [ RunTime:0.014875s ]
INFO: [ view_parse ] --END-- [ RunTime:0.014946s ]
INFO: [ view_filter ] --START--
INFO: Run ContentReplace Behavior [ RunTime:0.000964s ]
INFO: Run TokenBuild Behavior [ RunTime:0.000904s ]
INFO: Run WriteHtmlCache Behavior [ RunTime:0.000809s ]
INFO: Run ShowRuntime Behavior [ RunTime:0.001015s ]
INFO: [ view_filter ] --END-- [ RunTime:0.003848s ]
INFO: [ view_end ] --START--
INFO: Run ShowPageTrace Behavior [ RunTime:0.001099s ]
INFO: [ view_end ] --END-- [ RunTime:0.001156s ]

[ 2013-12-05T17:17:01+08:00 ] 127.0.0.1 /yisheji/company.php?s=/Active/list_active
INFO: [ route_check ] --START--
INFO: Run CheckRoute Behavior [ RunTime:0.000848s ]
INFO: [ route_check ] --END-- [ RunTime:0.000937s ]
INFO: [ app_begin ] --START--
INFO: Run ReadHtmlCache Behavior [ RunTime:0.001041s ]
INFO: [ app_begin ] --END-- [ RunTime:0.001100s ]
SQL: SHOW COLUMNS FROM `tb_session` [ RunTime:0.001343s ]
SQL: SELECT * FROM `tb_session` WHERE ( `status` = 0 ) AND ( `appid` = 1 ) AND ( `key` = 'fbf8fcb0bbce3bc06b941d41e09e07c6' ) LIMIT 1   [ RunTime:0.000152s ]
SQL: UPDATE `tb_session` SET `expire`=1386242221 WHERE ( `status` = 0 ) AND ( `appid` = 1 ) AND ( `id` = 1 ) [ RunTime:0.000161s ]
SQL: SHOW COLUMNS FROM `tb_user` [ RunTime:0.001369s ]
SQL: SELECT * FROM `tb_user` WHERE ( `status` = 0 ) AND ( `appid` = 1 ) AND ( `id` = 1 ) LIMIT 1   [ RunTime:0.000169s ]
SQL: SHOW COLUMNS FROM `tb_company` [ RunTime:0.001446s ]
SQL: SELECT * FROM `tb_company` WHERE ( `status` = 0 ) AND ( `appid` = 1 ) AND ( `uid` = 1 ) LIMIT 1   [ RunTime:0.000204s ]
SQL: SHOW COLUMNS FROM `tb_active` [ RunTime:0.001966s ]
SQL: SELECT COUNT(*) AS tp_count FROM `tb_active` WHERE ( `status` = 0 ) AND ( `appid` = 1 ) AND ( `cid` = 1 ) LIMIT 1   [ RunTime:0.000189s ]
SQL: SELECT * FROM `tb_active` WHERE ( `status` = 0 ) AND ( `appid` = 1 ) AND ( `cid` = 1 ) ORDER BY id desc LIMIT 0,5   [ RunTime:0.000158s ]
SQL: SHOW COLUMNS FROM `tb_case` [ RunTime:0.001543s ]
SQL: SELECT `id`,`name` FROM `tb_case` WHERE ( `status` = 0 ) AND ( `appid` = 1 ) AND ( `cid` = 1 )  [ RunTime:0.000158s ]
NOTIC: [2] Invalid argument supplied for foreach() C:\AppServ\www\yisheji\Home\Company\Lib\Action\ActiveAction.class.php 第 112 行.
INFO: [ view_template ] --START--
INFO: Run LocationTemplate Behavior [ RunTime:0.001591s ]
INFO: [ view_template ] --END-- [ RunTime:0.001649s ]
INFO: [ view_parse ] --START--
NOTIC: [8] Undefined variable: Title C:\AppServ\www\yisheji\Home\Company\Runtime\Cache\b475d77171f379a51e81c797eb35e003.php 第 10 行.
INFO: Run ParseTemplate Behavior [ RunTime:0.014377s ]
INFO: [ view_parse ] --END-- [ RunTime:0.014444s ]
INFO: [ view_filter ] --START--
INFO: Run ContentReplace Behavior [ RunTime:0.000939s ]
INFO: Run TokenBuild Behavior [ RunTime:0.000904s ]
INFO: Run WriteHtmlCache Behavior [ RunTime:0.000803s ]
INFO: Run ShowRuntime Behavior [ RunTime:0.000955s ]
INFO: [ view_filter ] --END-- [ RunTime:0.003754s ]
INFO: [ view_end ] --START--
INFO: Run ShowPageTrace Behavior [ RunTime:0.001073s ]
INFO: [ view_end ] --END-- [ RunTime:0.001128s ]

[ 2013-12-05T17:17:19+08:00 ] 127.0.0.1 /yisheji/company.php?s=/Score/list_score
INFO: [ route_check ] --START--
INFO: Run CheckRoute Behavior [ RunTime:0.001475s ]
INFO: [ route_check ] --END-- [ RunTime:0.001651s ]
INFO: [ app_begin ] --START--
INFO: Run ReadHtmlCache Behavior [ RunTime:0.001070s ]
INFO: [ app_begin ] --END-- [ RunTime:0.001132s ]
SQL: SHOW COLUMNS FROM `tb_session` [ RunTime:0.001394s ]
SQL: SELECT * FROM `tb_session` WHERE ( `status` = 0 ) AND ( `appid` = 1 ) AND ( `key` = 'fbf8fcb0bbce3bc06b941d41e09e07c6' ) LIMIT 1   [ RunTime:0.000213s ]
SQL: UPDATE `tb_session` SET `expire`=1386242239 WHERE ( `status` = 0 ) AND ( `appid` = 1 ) AND ( `id` = 1 ) [ RunTime:0.000143s ]
SQL: SHOW COLUMNS FROM `tb_user` [ RunTime:0.001388s ]
SQL: SELECT * FROM `tb_user` WHERE ( `status` = 0 ) AND ( `appid` = 1 ) AND ( `id` = 1 ) LIMIT 1   [ RunTime:0.000229s ]
SQL: SHOW COLUMNS FROM `tb_company` [ RunTime:0.001763s ]
SQL: SELECT * FROM `tb_company` WHERE ( `status` = 0 ) AND ( `appid` = 1 ) AND ( `uid` = 1 ) LIMIT 1   [ RunTime:0.000384s ]
SQL: SHOW COLUMNS FROM `tb_score` [ RunTime:0.001403s ]
SQL: SELECT COUNT(*) AS tp_count FROM `tb_score` WHERE ( `status` = 0 ) AND ( `appid` = 1 ) AND ( `cid` = 1 ) LIMIT 1   [ RunTime:0.000189s ]
SQL: SELECT * FROM `tb_score` WHERE ( `status` = 0 ) AND ( `appid` = 1 ) AND ( `cid` = 1 ) ORDER BY id desc LIMIT 0,5   [ RunTime:0.000172s ]
INFO: [ view_template ] --START--
INFO: Run LocationTemplate Behavior [ RunTime:0.001635s ]
INFO: [ view_template ] --END-- [ RunTime:0.001697s ]
INFO: [ view_parse ] --START--
NOTIC: [8] Undefined variable: Title C:\AppServ\www\yisheji\Home\Company\Runtime\Cache\36693631883978a2a295e9117ce22b0a.php 第 10 行.
INFO: Run ParseTemplate Behavior [ RunTime:0.018447s ]
INFO: [ view_parse ] --END-- [ RunTime:0.018515s ]
INFO: [ view_filter ] --START--
INFO: Run ContentReplace Behavior [ RunTime:0.000951s ]
INFO: Run TokenBuild Behavior [ RunTime:0.001097s ]
INFO: Run WriteHtmlCache Behavior [ RunTime:0.001208s ]
INFO: Run ShowRuntime Behavior [ RunTime:0.001476s ]
INFO: [ view_filter ] --END-- [ RunTime:0.004933s ]
INFO: [ view_end ] --START--
INFO: Run ShowPageTrace Behavior [ RunTime:0.001093s ]
INFO: [ view_end ] --END-- [ RunTime:0.001148s ]

[ 2013-12-05T17:17:19+08:00 ] 127.0.0.1 /yisheji/company.php?s=/Case/list_case
INFO: [ route_check ] --START--
INFO: Run CheckRoute Behavior [ RunTime:0.001013s ]
INFO: [ route_check ] --END-- [ RunTime:0.001115s ]
INFO: [ app_begin ] --START--
INFO: Run ReadHtmlCache Behavior [ RunTime:0.001271s ]
INFO: [ app_begin ] --END-- [ RunTime:0.001341s ]
SQL: SHOW COLUMNS FROM `tb_session` [ RunTime:0.001558s ]
SQL: SELECT * FROM `tb_session` WHERE ( `status` = 0 ) AND ( `appid` = 1 ) AND ( `key` = 'fbf8fcb0bbce3bc06b941d41e09e07c6' ) LIMIT 1   [ RunTime:0.000224s ]
SQL: UPDATE `tb_session` SET `expire`=1386242239 WHERE ( `status` = 0 ) AND ( `appid` = 1 ) AND ( `id` = 1 ) [ RunTime:0.000155s ]
SQL: SHOW COLUMNS FROM `tb_user` [ RunTime:0.001390s ]
SQL: SELECT * FROM `tb_user` WHERE ( `status` = 0 ) AND ( `appid` = 1 ) AND ( `id` = 1 ) LIMIT 1   [ RunTime:0.000516s ]
SQL: SHOW COLUMNS FROM `tb_company` [ RunTime:0.001348s ]
SQL: SELECT * FROM `tb_company` WHERE ( `status` = 0 ) AND ( `appid` = 1 ) AND ( `uid` = 1 ) LIMIT 1   [ RunTime:0.000197s ]
SQL: SHOW COLUMNS FROM `tb_case` [ RunTime:0.001482s ]
SQL: SELECT COUNT(*) AS tp_count FROM `tb_case` WHERE ( `status` = 0 ) AND ( `appid` = 1 ) AND ( `cid` = 1 ) LIMIT 1   [ RunTime:0.000310s ]
SQL: SELECT * FROM `tb_case` WHERE ( `status` = 0 ) AND ( `appid` = 1 ) AND ( `cid` = 1 ) ORDER BY ord desc LIMIT 0,5   [ RunTime:0.000152s ]
INFO: [ view_template ] --START--
INFO: Run LocationTemplate Behavior [ RunTime:0.001639s ]
INFO: [ view_template ] --END-- [ RunTime:0.001704s ]
INFO: [ view_parse ] --START--
NOTIC: [8] Undefined variable: Title C:\AppServ\www\yisheji\Home\Company\Runtime\Cache\b15ed7431ab5ae471c27ca0a771b2a18.php 第 10 行.
INFO: Run ParseTemplate Behavior [ RunTime:0.015031s ]
INFO: [ view_parse ] --END-- [ RunTime:0.015098s ]
INFO: [ view_filter ] --START--
INFO: Run ContentReplace Behavior [ RunTime:0.000935s ]
INFO: Run TokenBuild Behavior [ RunTime:0.000904s ]
INFO: Run WriteHtmlCache Behavior [ RunTime:0.000807s ]
INFO: Run ShowRuntime Behavior [ RunTime:0.000952s ]
INFO: [ view_filter ] --END-- [ RunTime:0.003749s ]
INFO: [ view_end ] --START--
INFO: Run ShowPageTrace Behavior [ RunTime:0.001067s ]
INFO: [ view_end ] --END-- [ RunTime:0.001124s ]

[ 2013-12-05T17:17:23+08:00 ] 127.0.0.1 /yisheji/company.php?s=/Company_material/list_ma
INFO: [ route_check ] --START--
INFO: Run CheckRoute Behavior [ RunTime:0.001747s ]
INFO: [ route_check ] --END-- [ RunTime:0.001928s ]
INFO: [ app_begin ] --START--
INFO: Run ReadHtmlCache Behavior [ RunTime:0.001588s ]
INFO: [ app_begin ] --END-- [ RunTime:0.001679s ]
SQL: SHOW COLUMNS FROM `tb_session` [ RunTime:0.002136s ]
SQL: SELECT * FROM `tb_session` WHERE ( `status` = 0 ) AND ( `appid` = 1 ) AND ( `key` = 'fbf8fcb0bbce3bc06b941d41e09e07c6' ) LIMIT 1   [ RunTime:0.000239s ]
SQL: UPDATE `tb_session` SET `expire`=1386242243 WHERE ( `status` = 0 ) AND ( `appid` = 1 ) AND ( `id` = 1 ) [ RunTime:0.000154s ]
SQL: SHOW COLUMNS FROM `tb_user` [ RunTime:0.001470s ]
SQL: SELECT * FROM `tb_user` WHERE ( `status` = 0 ) AND ( `appid` = 1 ) AND ( `id` = 1 ) LIMIT 1   [ RunTime:0.000221s ]
SQL: SHOW COLUMNS FROM `tb_company` [ RunTime:0.001345s ]
SQL: SELECT * FROM `tb_company` WHERE ( `status` = 0 ) AND ( `appid` = 1 ) AND ( `uid` = 1 ) LIMIT 1   [ RunTime:0.000190s ]
SQL: SHOW COLUMNS FROM `tb_company_material` [ RunTime:0.001397s ]
ERR: Table 'yisheji.tb_company_material' doesn't exist
 [ SQL语句 ] : SHOW COLUMNS FROM `tb_company_material`
SQL: SELECT COUNT(*) AS tp_count FROM `tb_company_material` WHERE ( `status` = 0 ) AND ( `appid` = 1 ) AND ( `cid` = '1' ) LIMIT 1   [ RunTime:0.000213s ]
ERR: Table 'yisheji.tb_company_material' doesn't exist
 [ SQL语句 ] : SELECT COUNT(*) AS tp_count FROM `tb_company_material` WHERE ( `status` = 0 ) AND ( `appid` = 1 ) AND ( `cid` = '1' ) LIMIT 1  
SQL: SELECT * FROM `tb_company_material` WHERE ( `status` = 0 ) AND ( `appid` = 1 ) AND ( `cid` = '1' ) ORDER BY ord desc LIMIT 0,5   [ RunTime:0.000186s ]
ERR: Table 'yisheji.tb_company_material' doesn't exist
 [ SQL语句 ] : SELECT * FROM `tb_company_material` WHERE ( `status` = 0 ) AND ( `appid` = 1 ) AND ( `cid` = '1' ) ORDER BY ord desc LIMIT 0,5  
INFO: [ view_template ] --START--
INFO: Run LocationTemplate Behavior [ RunTime:0.001629s ]
INFO: [ view_template ] --END-- [ RunTime:0.001690s ]
INFO: [ view_parse ] --START--
NOTIC: [8] Undefined variable: Title C:\AppServ\www\yisheji\Home\Company\Runtime\Cache\3ac82640cc08648be2d807ee4b599b73.php 第 10 行.
INFO: Run ParseTemplate Behavior [ RunTime:0.014164s ]
INFO: [ view_parse ] --END-- [ RunTime:0.014233s ]
INFO: [ view_filter ] --START--
INFO: Run ContentReplace Behavior [ RunTime:0.001006s ]
INFO: Run TokenBuild Behavior [ RunTime:0.000922s ]
INFO: Run WriteHtmlCache Behavior [ RunTime:0.000814s ]
INFO: Run ShowRuntime Behavior [ RunTime:0.000956s ]
INFO: [ view_filter ] --END-- [ RunTime:0.003860s ]
INFO: [ view_end ] --START--
INFO: Run ShowPageTrace Behavior [ RunTime:0.001071s ]
INFO: [ view_end ] --END-- [ RunTime:0.001126s ]

[ 2013-12-05T17:17:29+08:00 ] 127.0.0.1 /yisheji/company.php?s=/Case/list_case
INFO: [ route_check ] --START--
INFO: Run CheckRoute Behavior [ RunTime:0.000846s ]
INFO: [ route_check ] --END-- [ RunTime:0.000935s ]
INFO: [ app_begin ] --START--
INFO: Run ReadHtmlCache Behavior [ RunTime:0.001039s ]
INFO: [ app_begin ] --END-- [ RunTime:0.001097s ]
SQL: SHOW COLUMNS FROM `tb_session` [ RunTime:0.001360s ]
SQL: SELECT * FROM `tb_session` WHERE ( `status` = 0 ) AND ( `appid` = 1 ) AND ( `key` = 'fbf8fcb0bbce3bc06b941d41e09e07c6' ) LIMIT 1   [ RunTime:0.000164s ]
SQL: UPDATE `tb_session` SET `expire`=1386242249 WHERE ( `status` = 0 ) AND ( `appid` = 1 ) AND ( `id` = 1 ) [ RunTime:0.000161s ]
SQL: SHOW COLUMNS FROM `tb_user` [ RunTime:0.001474s ]
SQL: SELECT * FROM `tb_user` WHERE ( `status` = 0 ) AND ( `appid` = 1 ) AND ( `id` = 1 ) LIMIT 1   [ RunTime:0.000198s ]
SQL: SHOW COLUMNS FROM `tb_company` [ RunTime:0.001396s ]
SQL: SELECT * FROM `tb_company` WHERE ( `status` = 0 ) AND ( `appid` = 1 ) AND ( `uid` = 1 ) LIMIT 1   [ RunTime:0.000196s ]
SQL: SHOW COLUMNS FROM `tb_case` [ RunTime:0.001544s ]
SQL: SELECT COUNT(*) AS tp_count FROM `tb_case` WHERE ( `status` = 0 ) AND ( `appid` = 1 ) AND ( `cid` = 1 ) LIMIT 1   [ RunTime:0.000182s ]
SQL: SELECT * FROM `tb_case` WHERE ( `status` = 0 ) AND ( `appid` = 1 ) AND ( `cid` = 1 ) ORDER BY ord desc LIMIT 0,5   [ RunTime:0.000156s ]
INFO: [ view_template ] --START--
INFO: Run LocationTemplate Behavior [ RunTime:0.001622s ]
INFO: [ view_template ] --END-- [ RunTime:0.001681s ]
INFO: [ view_parse ] --START--
NOTIC: [8] Undefined variable: Title C:\AppServ\www\yisheji\Home\Company\Runtime\Cache\b15ed7431ab5ae471c27ca0a771b2a18.php 第 10 行.
INFO: Run ParseTemplate Behavior [ RunTime:0.014982s ]
INFO: [ view_parse ] --END-- [ RunTime:0.015050s ]
INFO: [ view_filter ] --START--
INFO: Run ContentReplace Behavior [ RunTime:0.000951s ]
INFO: Run TokenBuild Behavior [ RunTime:0.000899s ]
INFO: Run WriteHtmlCache Behavior [ RunTime:0.000801s ]
INFO: Run ShowRuntime Behavior [ RunTime:0.000952s ]
INFO: [ view_filter ] --END-- [ RunTime:0.003755s ]
INFO: [ view_end ] --START--
INFO: Run ShowPageTrace Behavior [ RunTime:0.001061s ]
INFO: [ view_end ] --END-- [ RunTime:0.001117s ]

[ 2013-12-05T17:30:22+08:00 ] 127.0.0.1 /yisheji/company.php?s=/Company/edit
INFO: [ route_check ] --START--
INFO: Run CheckRoute Behavior [ RunTime:0.002841s ]
INFO: [ route_check ] --END-- [ RunTime:0.003030s ]
INFO: [ app_begin ] --START--
INFO: Run ReadHtmlCache Behavior [ RunTime:0.002234s ]
INFO: [ app_begin ] --END-- [ RunTime:0.002370s ]
SQL: SHOW COLUMNS FROM `tb_session` [ RunTime:0.001408s ]
SQL: SELECT * FROM `tb_session` WHERE ( `status` = 0 ) AND ( `appid` = 1 ) AND ( `key` = 'fbf8fcb0bbce3bc06b941d41e09e07c6' ) LIMIT 1   [ RunTime:0.000235s ]
SQL: UPDATE `tb_session` SET `expire`=1386243022 WHERE ( `status` = 0 ) AND ( `appid` = 1 ) AND ( `id` = 1 ) [ RunTime:0.000157s ]
SQL: SHOW COLUMNS FROM `tb_user` [ RunTime:0.001415s ]
SQL: SELECT * FROM `tb_user` WHERE ( `status` = 0 ) AND ( `appid` = 1 ) AND ( `id` = 1 ) LIMIT 1   [ RunTime:0.000220s ]
SQL: SHOW COLUMNS FROM `tb_company` [ RunTime:0.001532s ]
SQL: SELECT * FROM `tb_company` WHERE ( `status` = 0 ) AND ( `appid` = 1 ) AND ( `uid` = 1 ) LIMIT 1   [ RunTime:0.000381s ]
SQL: SHOW COLUMNS FROM `tb_file` [ RunTime:0.001376s ]
SQL: SELECT * FROM `tb_file` WHERE ( `status` = 0 ) AND ( `appid` = 1 ) AND ( `id` = 27 ) LIMIT 1   [ RunTime:0.000204s ]
SQL: INSERT INTO `tb_file` (`appid`,`name`,`type`,`extension`,`thumbs`,`size`,`base_url`,`status`,`createtime`) VALUES (1,'Tulips.jpg','image/jpeg','jpg','120-120',620888,'/image/20131205/52a047ae2b765.jpg',0,1386235822) [ RunTime:0.000302s ]
SQL: UPDATE `tb_file` SET `status`=-2 WHERE ( `status` = 0 ) AND ( `appid` = 1 ) AND ( `id` = 0 ) [ RunTime:0.000153s ]
SQL: UPDATE `tb_company` SET `info`='管理员开的公司',`region`='上海',`telephone`='13111111112',`contact`='管理员',`logo`=28 WHERE ( `status` = 0 ) AND ( `appid` = 1 ) AND ( `id` = 1 ) [ RunTime:0.000268s ]
INFO: [ view_template ] --START--
INFO: Run LocationTemplate Behavior [ RunTime:0.001778s ]
INFO: [ view_template ] --END-- [ RunTime:0.001838s ]
INFO: [ view_parse ] --START--
NOTIC: [8] Undefined variable: Title C:\AppServ\www\yisheji\Home\Company\Runtime\Cache\738a8a5b07f3e8dbfc27abcb3ec946e0.php 第 10 行.
INFO: Run ParseTemplate Behavior [ RunTime:0.011629s ]
INFO: [ view_parse ] --END-- [ RunTime:0.011697s ]
INFO: [ view_filter ] --START--
INFO: Run ContentReplace Behavior [ RunTime:0.000952s ]
INFO: Run TokenBuild Behavior [ RunTime:0.000952s ]
INFO: Run WriteHtmlCache Behavior [ RunTime:0.000860s ]
INFO: Run ShowRuntime Behavior [ RunTime:0.000989s ]
INFO: [ view_filter ] --END-- [ RunTime:0.003907s ]
NOTIC: [2] Cannot modify header information - headers already sent by (output started at C:\AppServ\www\yisheji\Home\Company\Lib\Action\CompanyAction.class.php:29) C:\AppServ\www\yisheji\ThinkPHP\Lib\Core\View.class.php 第 88 行.
NOTIC: [2] Cannot modify header information - headers already sent by (output started at C:\AppServ\www\yisheji\Home\Company\Lib\Action\CompanyAction.class.php:29) C:\AppServ\www\yisheji\ThinkPHP\Lib\Core\View.class.php 第 89 行.
NOTIC: [2] Cannot modify header information - headers already sent by (output started at C:\AppServ\www\yisheji\Home\Company\Lib\Action\CompanyAction.class.php:29) C:\AppServ\www\yisheji\ThinkPHP\Lib\Core\View.class.php 第 90 行.
INFO: [ view_end ] --START--
INFO: Run ShowPageTrace Behavior [ RunTime:0.001086s ]
INFO: [ view_end ] --END-- [ RunTime:0.001138s ]

[ 2013-12-05T17:33:51+08:00 ] 127.0.0.1 /yisheji/company.php?s=/Company/edit
INFO: [ route_check ] --START--
INFO: Run CheckRoute Behavior [ RunTime:0.000973s ]
INFO: [ route_check ] --END-- [ RunTime:0.001073s ]
INFO: [ app_begin ] --START--
INFO: Run ReadHtmlCache Behavior [ RunTime:0.001212s ]
INFO: [ app_begin ] --END-- [ RunTime:0.001281s ]
SQL: SHOW COLUMNS FROM `tb_session` [ RunTime:0.001357s ]
SQL: SELECT * FROM `tb_session` WHERE ( `status` = 0 ) AND ( `appid` = 1 ) AND ( `key` = 'fbf8fcb0bbce3bc06b941d41e09e07c6' ) LIMIT 1   [ RunTime:0.000149s ]
SQL: UPDATE `tb_session` SET `expire`=1386243231 WHERE ( `status` = 0 ) AND ( `appid` = 1 ) AND ( `id` = 1 ) [ RunTime:0.000167s ]
SQL: SHOW COLUMNS FROM `tb_user` [ RunTime:0.001554s ]
SQL: SELECT * FROM `tb_user` WHERE ( `status` = 0 ) AND ( `appid` = 1 ) AND ( `id` = 1 ) LIMIT 1   [ RunTime:0.000211s ]
SQL: SHOW COLUMNS FROM `tb_company` [ RunTime:0.001302s ]
SQL: SELECT * FROM `tb_company` WHERE ( `status` = 0 ) AND ( `appid` = 1 ) AND ( `uid` = 1 ) LIMIT 1   [ RunTime:0.000155s ]
SQL: SHOW COLUMNS FROM `tb_file` [ RunTime:0.001414s ]
SQL: SELECT * FROM `tb_file` WHERE ( `status` = 0 ) AND ( `appid` = 1 ) AND ( `id` = 28 ) LIMIT 1   [ RunTime:0.000302s ]
SQL: INSERT INTO `tb_file` (`appid`,`name`,`type`,`extension`,`thumbs`,`size`,`base_url`,`status`,`createtime`) VALUES (1,'Hydrangeas.jpg','image/jpeg','jpg','120-120',595284,'/image/20131205/52a0487f9109b.jpg',0,1386236031) [ RunTime:0.000294s ]
SQL: UPDATE `tb_file` SET `status`=-2 WHERE ( `status` = 0 ) AND ( `appid` = 1 ) AND ( `id` = 28 ) [ RunTime:0.000233s ]
SQL: UPDATE `tb_company` SET `info`='管理员开的公司',`region`='上海',`telephone`='13111111112',`contact`='管理员',`logo`=33 WHERE ( `status` = 0 ) AND ( `appid` = 1 ) AND ( `id` = 1 ) [ RunTime:0.000251s ]
INFO: [ view_template ] --START--
INFO: Run LocationTemplate Behavior [ RunTime:0.001643s ]
INFO: [ view_template ] --END-- [ RunTime:0.001702s ]
INFO: [ view_parse ] --START--
NOTIC: [8] Undefined variable: Title C:\AppServ\www\yisheji\Home\Company\Runtime\Cache\738a8a5b07f3e8dbfc27abcb3ec946e0.php 第 10 行.
INFO: Run ParseTemplate Behavior [ RunTime:0.011299s ]
INFO: [ view_parse ] --END-- [ RunTime:0.011366s ]
INFO: [ view_filter ] --START--
INFO: Run ContentReplace Behavior [ RunTime:0.000963s ]
INFO: Run TokenBuild Behavior [ RunTime:0.000905s ]
INFO: Run WriteHtmlCache Behavior [ RunTime:0.000798s ]
INFO: Run ShowRuntime Behavior [ RunTime:0.000950s ]
INFO: [ view_filter ] --END-- [ RunTime:0.003776s ]
INFO: [ view_end ] --START--
INFO: Run ShowPageTrace Behavior [ RunTime:0.001062s ]
INFO: [ view_end ] --END-- [ RunTime:0.001119s ]

